2025-12-30 21:48:28,748 [INFO] Activator:176 - 


2025-12-30 21:48:28,754 [INFO] Activator:177 - !SESSION log4j initialized
2025-12-30 21:48:35,856 [INFO] LogOutputStream:77 - [STDOUT_REDIRECT] 
2025-12-30 21:48:37,038 [INFO] ApplicationProperties:184 - Using Application install path: C:\ST\STM32CubeIDE_1.19.0\STM32CubeIDE\plugins\com.st.stm32cube.common.mx_6.15.0.202507011659
2025-12-30 21:48:37,053 [INFO] DbMcusXml:78 - Set database path to: C:\ST\STM32CubeIDE_1.19.0\STM32CubeIDE\plugins\com.st.stm32cube.common.mx_6.15.0.202507011659\\db\/mcu/
2025-12-30 21:48:37,053 [INFO] ApiDb:274 - Set plugin database path to: C:\ST\STM32CubeIDE_1.19.0\STM32CubeIDE\plugins\com.st.stm32cube.common.mx_6.15.0.202507011659\\db\/plugins/boardmanager/
2025-12-30 21:48:37,053 [WARN] ApiDb:259 - Overriding images path with different value:  => C:\ST\STM32CubeIDE_1.19.0\STM32CubeIDE\plugins\com.st.stm32cube.common.mx_6.15.0.202507011659\\db\/plugins/mcufinder/images/
2025-12-30 21:48:37,067 [INFO] ApiDb:250 - Set database path to: C:\Users\ASUS\.stmcufinder\plugins\mcufinder//mcu/
2025-12-30 21:48:37,073 [INFO] DbMcusAds:125 - Set database path to: C:\Users\ASUS\.stmcufinder\plugins\mcufinder//mcu/
2025-12-30 21:48:37,074 [INFO] CrossReferenceDbSqlite:203 - Set database path to: C:\Users\ASUS\.stmcufinder\plugins\mcufinder//mcu/cs/
2025-12-30 21:48:37,184 [INFO] RulesReader:64 - Compatibility file has been processed (317 Rules)
2025-12-30 21:48:37,256 [INFO] DbMcusXml:78 - Set database path to: C:\ST\STM32CubeIDE_1.19.0\STM32CubeIDE\plugins\com.st.stm32cube.common.mx_6.15.0.202507011659\\db\/mcu/
2025-12-30 21:48:37,256 [INFO] ApiDb:274 - Set plugin database path to: C:\ST\STM32CubeIDE_1.19.0\STM32CubeIDE\plugins\com.st.stm32cube.common.mx_6.15.0.202507011659\\db\/plugins/boardmanager/
2025-12-30 21:48:37,256 [INFO] ApiDb:261 - Set plugin images path to: C:\ST\STM32CubeIDE_1.19.0\STM32CubeIDE\plugins\com.st.stm32cube.common.mx_6.15.0.202507011659\\db\/plugins/mcufinder/images/
2025-12-30 21:48:37,256 [WARN] DbFile:41 - Overriding database path with different value: C:\Users\ASUS\.stmcufinder\plugins\mcufinder/ => C:\Users\ASUS\.stmcufinder\plugins\mcufinder
2025-12-30 21:48:37,256 [INFO] ApiDb:250 - Set database path to: C:\Users\ASUS\.stmcufinder\plugins\mcufinder//mcu/
2025-12-30 21:48:37,256 [WARN] DbFile:41 - Overriding database path with different value: C:\Users\ASUS\.stmcufinder\plugins\mcufinder/ => C:\Users\ASUS\.stmcufinder\plugins\mcufinder
2025-12-30 21:48:37,256 [INFO] DbMcusAds:125 - Set database path to: C:\Users\ASUS\.stmcufinder\plugins\mcufinder//mcu/
2025-12-30 21:48:37,256 [WARN] DbFile:41 - Overriding database path with different value: C:\Users\ASUS\.stmcufinder\plugins\mcufinder/ => C:\Users\ASUS\.stmcufinder\plugins\mcufinder
2025-12-30 21:48:37,256 [WARN] DbFile:41 - Overriding database path with different value: C:\Users\ASUS\.stmcufinder\plugins\mcufinder/ => C:\Users\ASUS\.stmcufinder\plugins\mcufinder
2025-12-30 21:48:37,256 [INFO] CrossReferenceDbSqlite:203 - Set database path to: C:\Users\ASUS\.stmcufinder\plugins\mcufinder//mcu/cs/
2025-12-30 21:48:37,319 [INFO] MainPanel:274 - HeapMemory: 268435456
2025-12-30 21:48:37,430 [INFO] DbMcusXml:78 - Set database path to: C:\ST\STM32CubeIDE_1.19.0\STM32CubeIDE\plugins\com.st.stm32cube.common.mx_6.15.0.202507011659\\db\/mcu/
2025-12-30 21:48:37,430 [INFO] ApiDb:274 - Set plugin database path to: C:\ST\STM32CubeIDE_1.19.0\STM32CubeIDE\plugins\com.st.stm32cube.common.mx_6.15.0.202507011659\\db\/plugins/boardmanager/
2025-12-30 21:48:37,430 [INFO] ApiDb:261 - Set plugin images path to: C:\ST\STM32CubeIDE_1.19.0\STM32CubeIDE\plugins\com.st.stm32cube.common.mx_6.15.0.202507011659\\db\/plugins/mcufinder/images/
2025-12-30 21:48:37,430 [WARN] DbFile:41 - Overriding database path with different value: C:\Users\ASUS\.stmcufinder\plugins\mcufinder/ => C:\Users\ASUS\.stmcufinder\plugins\mcufinder
2025-12-30 21:48:37,430 [INFO] ApiDb:250 - Set database path to: C:\Users\ASUS\.stmcufinder\plugins\mcufinder//mcu/
2025-12-30 21:48:37,430 [WARN] DbFile:41 - Overriding database path with different value: C:\Users\ASUS\.stmcufinder\plugins\mcufinder/ => C:\Users\ASUS\.stmcufinder\plugins\mcufinder
2025-12-30 21:48:37,435 [INFO] DbMcusAds:125 - Set database path to: C:\Users\ASUS\.stmcufinder\plugins\mcufinder//mcu/
2025-12-30 21:48:37,435 [WARN] DbFile:41 - Overriding database path with different value: C:\Users\ASUS\.stmcufinder\plugins\mcufinder/ => C:\Users\ASUS\.stmcufinder\plugins\mcufinder
2025-12-30 21:48:37,435 [WARN] DbFile:41 - Overriding database path with different value: C:\Users\ASUS\.stmcufinder\plugins\mcufinder/ => C:\Users\ASUS\.stmcufinder\plugins\mcufinder
2025-12-30 21:48:37,435 [INFO] CrossReferenceDbSqlite:203 - Set database path to: C:\Users\ASUS\.stmcufinder\plugins\mcufinder//mcu/cs/
2025-12-30 21:48:37,450 [INFO] ApplicationProperties:184 - Using Application install path: C:\ST\STM32CubeIDE_1.19.0\STM32CubeIDE\plugins\com.st.stm32cube.common.mx_6.15.0.202507011659
2025-12-30 21:48:37,450 [INFO] PluginManage:196 - Search for loadable plugins [exclusion list=, ]
2025-12-30 21:48:37,450 [INFO] PluginManage:310 - Check plugin analytics
2025-12-30 21:48:37,612 [INFO] AnalyticsPlugin:253 - Accepted Software Licenses: STM32CubeMX.6.12.1
2025-12-30 21:48:37,612 [INFO] AnalyticsPlugin:255 - Accepted CMSIS Pack Licenses: 
2025-12-30 21:48:37,612 [INFO] AnalyticsPlugin:257 - Accepted Firmware Licenses: 
2025-12-30 21:48:37,615 [INFO] PluginManage:359 - Loaded plugin analytics (category:tool,tabindex:-1)
2025-12-30 21:48:37,615 [INFO] PluginManage:310 - Check plugin cadmodel
2025-12-30 21:48:37,636 [INFO] CADModel:105 - Init CAD model plugin
2025-12-30 21:48:37,636 [INFO] PluginManage:359 - Loaded plugin cadmodel (category:power,tabindex:5)
2025-12-30 21:48:37,636 [INFO] PluginManage:310 - Check plugin clock
2025-12-30 21:48:37,651 [INFO] PluginManage:359 - Loaded plugin clock (category:base,tabindex:2)
2025-12-30 21:48:37,651 [INFO] PluginManage:310 - Check plugin ddr
2025-12-30 21:48:37,651 [INFO] PluginManage:359 - Loaded plugin ddr (category:tool,tabindex:6)
2025-12-30 21:48:37,651 [INFO] PluginManage:310 - Check plugin filemanager
2025-12-30 21:48:37,802 [INFO] PluginManage:359 - Loaded plugin filemanager (category:base,tabindex:10)
2025-12-30 21:48:37,802 [INFO] PluginManage:310 - Check plugin ipmanager
2025-12-30 21:48:37,811 [INFO] PluginManage:359 - Loaded plugin ipmanager (category:base,tabindex:5)
2025-12-30 21:48:37,811 [INFO] PluginManage:310 - Check plugin lpbam
2025-12-30 21:48:37,831 [INFO] PluginManage:359 - Loaded plugin lpbam (category:base,tabindex:0)
2025-12-30 21:48:37,831 [INFO] PluginManage:310 - Check plugin memorymap
2025-12-30 21:48:37,858 [INFO] PluginManage:359 - Loaded plugin memorymap (category:base,tabindex:4)
2025-12-30 21:48:37,858 [INFO] PluginManage:310 - Check plugin pinoutandconfiguration
2025-12-30 21:48:37,880 [INFO] PluginManage:359 - Loaded plugin pinoutandconfiguration (category:base,tabindex:1)
2025-12-30 21:48:37,880 [INFO] PluginManage:310 - Check plugin pinoutconfig
2025-12-30 21:48:38,011 [WARN] SupportedApi:132 - Cannot load RTOS API schema: s4s-elt-must-match.1: The content of 'definitions' must match (annotation?, (simpleType | complexType)?, (unique | key | keyref)*)). A problem was found starting at: attribute.
2025-12-30 21:48:38,152 [INFO] PluginManage:359 - Loaded plugin pinoutconfig (category:base,tabindex:0)
2025-12-30 21:48:38,152 [INFO] PluginManage:310 - Check plugin power
2025-12-30 21:48:38,179 [INFO] PluginManage:359 - Loaded plugin power (category:power,tabindex:4)
2025-12-30 21:48:38,180 [INFO] PluginManage:310 - Check plugin projectmanager
2025-12-30 21:48:38,196 [INFO] PluginManage:359 - Loaded plugin projectmanager (category:projectmanager,tabindex:4)
2025-12-30 21:48:38,196 [INFO] PluginManage:310 - Check plugin rif
2025-12-30 21:48:38,220 [INFO] PluginManage:359 - Loaded plugin rif (category:base,tabindex:3)
2025-12-30 21:48:38,220 [INFO] PluginManage:310 - Check plugin thirdparty
2025-12-30 21:48:38,604 [INFO] PluginManage:359 - Loaded plugin thirdparty (category:base,tabindex:-1)
2025-12-30 21:48:38,604 [WARN] IntegrityCheckThread:84 - waiting for thirdparty lock release [integrity check]
2025-12-30 21:48:38,604 [INFO] PluginManage:310 - Check plugin tools
2025-12-30 21:48:38,604 [INFO] IntegrityCheckThread:86 - entering critical section [integrity check]
2025-12-30 21:48:38,608 [INFO] ThirdPartyUpdaterWithRetryManager:70 - Updater plugin not ready yet. [1/15]
2025-12-30 21:48:38,657 [INFO] PluginManage:359 - Loaded plugin tools (category:base,tabindex:7)
2025-12-30 21:48:38,657 [INFO] PluginManage:310 - Check plugin tutovideos
2025-12-30 21:48:38,905 [INFO] PluginManage:359 - Loaded plugin tutovideos (category:base,tabindex:-1)
2025-12-30 21:48:38,905 [INFO] PluginManage:310 - Check plugin updater
2025-12-30 21:48:38,920 [INFO] PluginManage:359 - Loaded plugin updater (category:base,tabindex:12)
2025-12-30 21:48:38,920 [INFO] PluginManage:310 - Check plugin userauth
2025-12-30 21:48:38,928 [INFO] UserAuth:118 - Init User Auth plugin
2025-12-30 21:48:38,928 [INFO] PluginManage:359 - Loaded plugin userauth (category:base,tabindex:14)
2025-12-30 21:48:38,928 [INFO] PluginManage:283 - PluginManage : Loaded plugins [18]
2025-12-30 21:48:39,135 [INFO] PinOutPanel:1589 - setPackage(No Configuration,No Configuration)
2025-12-30 21:48:39,219 [INFO] CADModel:165 - CPN selected for project level
2025-12-30 21:48:39,219 [INFO] CADModel:114 - Register for checkConnection events
2025-12-30 21:48:39,247 [INFO] IPUIPlugin:80 - create IPUIPlugin
2025-12-30 21:48:39,247 [INFO] PluginManager:220 - loadIPPluginJar : add adc
2025-12-30 21:48:39,307 [INFO] IPUIPlugin:80 - create IPUIPlugin
2025-12-30 21:48:39,308 [INFO] PluginManager:220 - loadIPPluginJar : add aes
2025-12-30 21:48:39,381 [INFO] IPUIPlugin:80 - create IPUIPlugin
2025-12-30 21:48:39,381 [INFO] PluginManager:220 - loadIPPluginJar : add can
2025-12-30 21:48:39,429 [INFO] IPUIPlugin:80 - create IPUIPlugin
2025-12-30 21:48:39,429 [INFO] PluginManager:220 - loadIPPluginJar : add comp
2025-12-30 21:48:39,484 [INFO] IPUIPlugin:80 - create IPUIPlugin
2025-12-30 21:48:39,484 [INFO] PluginManager:220 - loadIPPluginJar : add cryp
2025-12-30 21:48:39,497 [INFO] IPUIPlugin:80 - create IPUIPlugin
2025-12-30 21:48:39,497 [INFO] PluginManager:220 - loadIPPluginJar : add ddr_ctrl_phy
2025-12-30 21:48:39,552 [INFO] IPUIPlugin:80 - create IPUIPlugin
2025-12-30 21:48:39,552 [INFO] PluginManager:220 - loadIPPluginJar : add dfsdm
2025-12-30 21:48:39,573 [INFO] IPUIPlugin:80 - create IPUIPlugin
2025-12-30 21:48:39,573 [INFO] PluginManager:220 - loadIPPluginJar : add dma
2025-12-30 21:48:39,634 [INFO] IPUIPlugin:80 - create IPUIPlugin
2025-12-30 21:48:39,634 [INFO] PluginManager:220 - loadIPPluginJar : add dma3
2025-12-30 21:48:39,692 [INFO] IPUIPlugin:80 - create IPUIPlugin
2025-12-30 21:48:39,692 [INFO] PluginManager:220 - loadIPPluginJar : add extmemmanager
2025-12-30 21:48:39,719 [INFO] IPUIPlugin:80 - create IPUIPlugin
2025-12-30 21:48:39,719 [INFO] PluginManager:220 - loadIPPluginJar : add fatfs
2025-12-30 21:48:39,784 [INFO] IPUIPlugin:80 - create IPUIPlugin
2025-12-30 21:48:39,784 [INFO] PluginManager:220 - loadIPPluginJar : add fmc
2025-12-30 21:48:39,803 [INFO] IPUIPlugin:80 - create IPUIPlugin
2025-12-30 21:48:39,803 [INFO] PluginManager:220 - loadIPPluginJar : add freertos
2025-12-30 21:48:39,837 [INFO] IPUIPlugin:80 - create IPUIPlugin
2025-12-30 21:48:39,837 [INFO] PluginManager:220 - loadIPPluginJar : add genericplugin
2025-12-30 21:48:39,969 [INFO] IPUIPlugin:80 - create IPUIPlugin
2025-12-30 21:48:39,969 [INFO] PluginManager:220 - loadIPPluginJar : add gfxmmu
2025-12-30 21:48:40,158 [INFO] IPUIPlugin:80 - create IPUIPlugin
2025-12-30 21:48:40,158 [INFO] PluginManager:220 - loadIPPluginJar : add gic
2025-12-30 21:48:40,173 [INFO] IPUIPlugin:80 - create IPUIPlugin
2025-12-30 21:48:40,173 [INFO] PluginManager:220 - loadIPPluginJar : add gpio
2025-12-30 21:48:40,294 [INFO] IPUIPlugin:80 - create IPUIPlugin
2025-12-30 21:48:40,294 [INFO] PluginManager:220 - loadIPPluginJar : add gtzc
2025-12-30 21:48:40,337 [INFO] IPUIPlugin:80 - create IPUIPlugin
2025-12-30 21:48:40,337 [INFO] PluginManager:220 - loadIPPluginJar : add hash
2025-12-30 21:48:40,410 [INFO] IPUIPlugin:80 - create IPUIPlugin
2025-12-30 21:48:40,410 [INFO] PluginManager:220 - loadIPPluginJar : add i2c
2025-12-30 21:48:40,462 [INFO] IPUIPlugin:80 - create IPUIPlugin
2025-12-30 21:48:40,462 [INFO] PluginManager:220 - loadIPPluginJar : add i2s
2025-12-30 21:48:40,522 [INFO] IPUIPlugin:80 - create IPUIPlugin
2025-12-30 21:48:40,522 [INFO] PluginManager:220 - loadIPPluginJar : add i3c
2025-12-30 21:48:40,657 [INFO] IPUIPlugin:80 - create IPUIPlugin
2025-12-30 21:48:40,657 [INFO] PluginManager:220 - loadIPPluginJar : add ipddr
2025-12-30 21:48:40,797 [INFO] IPUIPlugin:80 - create IPUIPlugin
2025-12-30 21:48:40,797 [INFO] PluginManager:220 - loadIPPluginJar : add linkedlist
2025-12-30 21:48:40,844 [INFO] IPUIPlugin:80 - create IPUIPlugin
2025-12-30 21:48:40,851 [INFO] PluginManager:220 - loadIPPluginJar : add lorawan
2025-12-30 21:48:40,907 [INFO] IPUIPlugin:80 - create IPUIPlugin
2025-12-30 21:48:40,907 [INFO] PluginManager:220 - loadIPPluginJar : add ltdc
2025-12-30 21:48:40,922 [INFO] IPUIPlugin:80 - create IPUIPlugin
2025-12-30 21:48:40,922 [INFO] PluginManager:220 - loadIPPluginJar : add mdma
2025-12-30 21:48:40,941 [INFO] IPUIPlugin:80 - create IPUIPlugin
2025-12-30 21:48:40,941 [INFO] PluginManager:220 - loadIPPluginJar : add nvic
2025-12-30 21:48:41,008 [INFO] IPUIPlugin:80 - create IPUIPlugin
2025-12-30 21:48:41,008 [INFO] PluginManager:220 - loadIPPluginJar : add opamp
2025-12-30 21:48:41,102 [INFO] IPUIPlugin:80 - create IPUIPlugin
2025-12-30 21:48:41,102 [INFO] PluginManager:220 - loadIPPluginJar : add openamp
2025-12-30 21:48:41,157 [INFO] IPUIPlugin:80 - create IPUIPlugin
2025-12-30 21:48:41,157 [INFO] PluginManager:220 - loadIPPluginJar : add pdm2pcm
2025-12-30 21:48:41,178 [INFO] IPUIPlugin:80 - create IPUIPlugin
2025-12-30 21:48:41,184 [INFO] PluginManager:220 - loadIPPluginJar : add plateformsettings
2025-12-30 21:48:41,219 [INFO] IPUIPlugin:80 - create IPUIPlugin
2025-12-30 21:48:41,219 [INFO] PluginManager:220 - loadIPPluginJar : add quadspi
2025-12-30 21:48:41,254 [INFO] IPUIPlugin:80 - create IPUIPlugin
2025-12-30 21:48:41,254 [INFO] PluginManager:220 - loadIPPluginJar : add radio
2025-12-30 21:48:41,275 [INFO] IPUIPlugin:80 - create IPUIPlugin
2025-12-30 21:48:41,275 [INFO] PluginManager:220 - loadIPPluginJar : add resmgrutility
2025-12-30 21:48:41,341 [INFO] IPUIPlugin:80 - create IPUIPlugin
2025-12-30 21:48:41,341 [INFO] PluginManager:220 - loadIPPluginJar : add sai
2025-12-30 21:48:41,408 [INFO] IPUIPlugin:80 - create IPUIPlugin
2025-12-30 21:48:41,408 [INFO] PluginManager:220 - loadIPPluginJar : add spi
2025-12-30 21:48:41,554 [INFO] IPUIPlugin:80 - create IPUIPlugin
2025-12-30 21:48:41,554 [INFO] PluginManager:220 - loadIPPluginJar : add stm32_wpan
2025-12-30 21:48:41,598 [INFO] IPUIPlugin:80 - create IPUIPlugin
2025-12-30 21:48:41,598 [INFO] PluginManager:220 - loadIPPluginJar : add tim
2025-12-30 21:48:41,624 [INFO] ThirdPartyUpdaterWithRetryManager:70 - Updater plugin not ready yet. [2/15]
2025-12-30 21:48:41,685 [INFO] IPUIPlugin:80 - create IPUIPlugin
2025-12-30 21:48:41,685 [INFO] PluginManager:220 - loadIPPluginJar : add touchsensing
2025-12-30 21:48:41,720 [INFO] IPUIPlugin:80 - create IPUIPlugin
2025-12-30 21:48:41,720 [INFO] PluginManager:220 - loadIPPluginJar : add tracer_emb
2025-12-30 21:48:41,754 [INFO] IPUIPlugin:80 - create IPUIPlugin
2025-12-30 21:48:41,754 [INFO] PluginManager:220 - loadIPPluginJar : add ts
2025-12-30 21:48:41,790 [INFO] IPUIPlugin:80 - create IPUIPlugin
2025-12-30 21:48:41,790 [INFO] PluginManager:220 - loadIPPluginJar : add tsc
2025-12-30 21:48:41,826 [INFO] IPUIPlugin:80 - create IPUIPlugin
2025-12-30 21:48:41,826 [INFO] PluginManager:220 - loadIPPluginJar : add ucpd
2025-12-30 21:48:41,892 [INFO] IPUIPlugin:80 - create IPUIPlugin
2025-12-30 21:48:41,892 [INFO] PluginManager:220 - loadIPPluginJar : add usart
2025-12-30 21:48:41,957 [INFO] IPUIPlugin:80 - create IPUIPlugin
2025-12-30 21:48:41,957 [INFO] PluginManager:220 - loadIPPluginJar : add usbx
2025-12-30 21:48:42,095 [FATAL] Updater:351 - Updater called before beeing initialized
2025-12-30 21:48:42,123 [INFO] RulesReader:64 - Compatibility file has been processed (317 Rules)
2025-12-30 21:48:42,153 [INFO] RulesReader:64 - Compatibility file has been processed (317 Rules)
2025-12-30 21:48:42,165 [INFO] CADModel:165 - CPN selected for project level
2025-12-30 21:48:42,165 [INFO] CADModel:114 - Register for checkConnection events
2025-12-30 21:48:42,165 [FATAL] Updater:351 - Updater called before beeing initialized
2025-12-30 21:48:42,165 [ERROR] CADModel:125 - Updater not yet initialized, retry later 
2025-12-30 21:48:42,333 [FATAL] Updater:351 - Updater called before beeing initialized
2025-12-30 21:48:42,335 [INFO] CADModel:165 - CPN selected for project level
2025-12-30 21:48:42,335 [INFO] CADModel:114 - Register for checkConnection events
2025-12-30 21:48:42,335 [FATAL] Updater:351 - Updater called before beeing initialized
2025-12-30 21:48:42,335 [ERROR] CADModel:125 - Updater not yet initialized, retry later 
2025-12-30 21:48:42,335 [FATAL] Updater:351 - Updater called before beeing initialized
2025-12-30 21:48:42,463 [FATAL] Updater:351 - Updater called before beeing initialized
2025-12-30 21:48:42,484 [INFO] DbMcusAds:53 - JSON generation date=Thu Oct 02 16:36:05 ICT 2025 (1759397765645)
2025-12-30 21:48:42,484 [FATAL] Updater:351 - Updater called before beeing initialized
2025-12-30 21:48:42,518 [WARN] DetailPanel:346 - Failed to get advertising image, set to default
2025-12-30 21:48:42,602 [FATAL] Updater:351 - Updater called before beeing initialized
2025-12-30 21:48:42,602 [FATAL] Updater:351 - Updater called before beeing initialized
2025-12-30 21:48:42,602 [FATAL] Updater:351 - Updater called before beeing initialized
2025-12-30 21:48:42,602 [WARN] DetailPanel:346 - Failed to get advertising image, set to default
2025-12-30 21:48:42,602 [FATAL] Updater:351 - Updater called before beeing initialized
2025-12-30 21:48:42,665 [ERROR] Updater:1198 - MainUpdater not yet initialized. External WinMGr cannot be set.
2025-12-30 21:48:42,671 [INFO] Updater:1134 - Updater Version found : 6.15.0
2025-12-30 21:48:42,681 [INFO] ApplicationProperties:184 - Using Application install path: C:\ST\STM32CubeIDE_1.19.0\STM32CubeIDE\plugins\com.st.stm32cube.common.mx_6.15.0.202507011659
2025-12-30 21:48:44,296 [ERROR] LogOutputStream:75 - [STDERR_REDIRECT] Dec 30, 2025 9:48:44 PM java.util.prefs.WindowsPreferences <init>
2025-12-30 21:48:44,296 [ERROR] LogOutputStream:75 - [STDERR_REDIRECT] WARNING: Could not open/create prefs root node Software\JavaSoft\Prefs at root 0xffffffff80000002. Windows RegCreateKeyEx(...) returned error code 5.
2025-12-30 21:48:44,296 [ERROR] LogOutputStream:75 - [STDERR_REDIRECT] 
2025-12-30 21:48:44,627 [INFO] ThirdPartyUpdaterWithRetryManager:70 - Updater plugin not ready yet. [3/15]
2025-12-30 21:48:44,803 [INFO] MainUpdater:2872 - connection check result : 10
2025-12-30 21:48:44,803 [INFO] MainUpdater:289 - Updater Check For Update Now.
2025-12-30 21:48:44,803 [INFO] MicroXplorer:498 - Change Database Version : DB.6.0.150
2025-12-30 21:48:44,831 [INFO] McuFinderGlobals:63 - Set McuFinder mode to 2 (CubeIDE integrated)
2025-12-30 21:48:44,832 [INFO] UserAuth:171 - activating auth plugin
2025-12-30 21:48:44,837 [INFO] UserAuth:487 - Internet connection configuration mode: 1
2025-12-30 21:48:44,895 [INFO] JxBrowserEngine:152 - Initiate JxBrowser Engine with user profile folder
2025-12-30 21:48:45,089 [INFO] CheckServerUpdateThread:120 - End of CheckServer Thread
2025-12-30 21:48:46,512 [INFO] WebApp:169 - Instantiating new browser for Auth
2025-12-30 21:48:47,310 [INFO] WebApp:463 - Apply proxy settings
2025-12-30 21:48:47,310 [INFO] WebApp:548 - Chromium requires no authentication
2025-12-30 21:48:47,321 [INFO] WebApp:491 - Direct internet connection detected
2025-12-30 21:48:47,353 [INFO] WebApp:900 - Register for checkConnection events
2025-12-30 21:48:47,353 [INFO] WebApp:463 - Apply proxy settings
2025-12-30 21:48:47,353 [INFO] WebApp:548 - Chromium requires no authentication
2025-12-30 21:48:47,353 [INFO] WebApp:491 - Direct internet connection detected
2025-12-30 21:48:47,616 [INFO] WebApp:191 - Connection restablished
2025-12-30 21:48:47,703 [INFO] WebApp:225 - Starting web application
2025-12-30 21:48:47,703 [INFO] WebApp:593 - Web application path used C:\ST\STM32CubeIDE_1.19.0\STM32CubeIDE\plugins\com.st.stm32cube.common.mx_6.15.0.202507011659\db\plugins\mcufinder\reactClient1\index.html
2025-12-30 21:48:48,221 [WARN] PackLoader:240 - Cannot read IP mode file for STMicroelectronics.FP-SNS-MOTENVWB1.1.4.0
2025-12-30 21:48:48,273 [WARN] PackLoader:240 - Cannot read IP mode file for STMicroelectronics.FP-ATR-ASTRA1.2.0.2
2025-12-30 21:48:48,323 [WARN] PackLoader:240 - Cannot read IP mode file for STMicroelectronics.X-CUBE-SMBUS.2.1.0
2025-12-30 21:48:48,345 [WARN] PackLoader:240 - Cannot read IP mode file for STMicroelectronics.X-CUBE-ST60.1.0.0
2025-12-30 21:48:48,422 [WARN] PackLoader:240 - Cannot read IP mode file for STMicroelectronics.X-CUBE-AZRTOS-F7.1.1.0
2025-12-30 21:48:48,472 [WARN] PackLoader:240 - Cannot read IP mode file for Cesanta.I-CUBE-Mongoose.7.19.0
2025-12-30 21:48:48,490 [WARN] PackLoader:240 - Cannot read IP mode file for STMicroelectronics.FP-SNS-MOTENV1.5.1.0
2025-12-30 21:48:48,526 [WARN] PackLoader:240 - Cannot read IP mode file for WES.I-CUBE-Cesium.1.4.0
2025-12-30 21:48:48,597 [WARN] PackLoader:240 - Cannot read IP mode file for Infineon.AIROC-Wi-Fi-Bluetooth-STM32.1.7.1
2025-12-30 21:48:48,656 [WARN] PackLoader:240 - Cannot read IP mode file for STMicroelectronics.X-CUBE-AZRTOS-H7.3.4.0
2025-12-30 21:48:48,687 [WARN] PackLoader:240 - Cannot read IP mode file for STMicroelectronics.X-CUBE-DISPLAY.3.0.0
2025-12-30 21:48:48,712 [WARN] PackLoader:240 - Cannot read IP mode file for STMicroelectronics.X-CUBE-NFC10.1.0.0
2025-12-30 21:48:48,726 [WARN] PackLoader:240 - Cannot read IP mode file for STMicroelectronics.X-CUBE-ST60.1.1.0
2025-12-30 21:48:48,747 [WARN] PackLoader:240 - Cannot read IP mode file for emotas.I-CUBE-CANOPEN.1.3.0
2025-12-30 21:48:48,769 [WARN] PackLoader:240 - Cannot read IP mode file for STMicroelectronics.X-CUBE-GNSS1.7.1.0
2025-12-30 21:48:48,789 [WARN] PackLoader:240 - Cannot read IP mode file for STMicroelectronics.FP-SNS-STBOX1.2.1.0
2025-12-30 21:48:48,813 [WARN] PackLoader:240 - Cannot read IP mode file for STMicroelectronics.FP-SNS-SMARTAG2.1.2.0
2025-12-30 21:48:48,831 [WARN] PackLoader:240 - Cannot read IP mode file for STMicroelectronics.FP-SNS-FLIGHT1.5.1.0
2025-12-30 21:48:48,861 [INFO] LogOutputStream:77 - [STDOUT_REDIRECT] 1 : Invalid condition id : UX_CORESTACK_Condition cause : null
2025-12-30 21:48:48,861 [INFO] LogOutputStream:77 - [STDOUT_REDIRECT] 1 : Invalid condition id : UX_CORESTACK_Condition cause : null
2025-12-30 21:48:48,861 [INFO] LogOutputStream:77 - [STDOUT_REDIRECT] 1 : Invalid condition id : UX_CORESTACK_Condition cause : null
2025-12-30 21:48:48,863 [INFO] LogOutputStream:77 - [STDOUT_REDIRECT] 1 : Invalid condition id : UX_CORESTACK_Condition cause : null
2025-12-30 21:48:48,863 [INFO] LogOutputStream:77 - [STDOUT_REDIRECT] 1 : Invalid condition id : UX_CORESTACK_Condition cause : null
2025-12-30 21:48:48,873 [WARN] PackLoader:240 - Cannot read IP mode file for STMicroelectronics.X-CUBE-AZRTOS-WL.2.0.0
2025-12-30 21:48:48,896 [WARN] PackLoader:240 - Cannot read IP mode file for STMicroelectronics.FP-SNS-MOTENV1.5.0.0
2025-12-30 21:48:48,942 [WARN] PackLoader:240 - Cannot read IP mode file for STMicroelectronics.X-CUBE-AZRTOS-H7RS.1.2.0
2025-12-30 21:48:49,008 [WARN] PackLoader:240 - Cannot read IP mode file for STMicroelectronics.X-CUBE-BLE2.3.3.0
2025-12-30 21:48:49,081 [WARN] PackLoader:240 - Cannot read IP mode file for STMicroelectronics.X-CUBE-NFC9.1.0.0
2025-12-30 21:48:49,095 [WARN] PackLoader:240 - Cannot read IP mode file for wolfSSL.I-CUBE-wolfSSL.5.8.2
2025-12-30 21:48:49,115 [WARN] PackLoader:240 - Cannot read IP mode file for STMicroelectronics.X-CUBE-BLE1.7.1.0
2025-12-30 21:48:49,129 [WARN] PackLoader:240 - Cannot read IP mode file for wolfSSL.I-CUBE-wolfMQTT.1.19.2
2025-12-30 21:48:49,143 [WARN] PackLoader:240 - Cannot read IP mode file for STMicroelectronics.X-CUBE-FREERTOS.1.4.0
2025-12-30 21:48:49,159 [WARN] PackLoader:240 - Cannot read IP mode file for STMicroelectronics.X-CUBE-EEPRMA1.5.2.0
2025-12-30 21:48:49,178 [WARN] PackLoader:240 - Cannot read IP mode file for STMicroelectronics.X-CUBE-ST67W61.1.1.0
2025-12-30 21:48:49,247 [WARN] PackLoader:240 - Cannot read IP mode file for STMicroelectronics.X-CUBE-MEMS1.12.0.0
2025-12-30 21:48:49,352 [WARN] PackLoader:240 - Cannot read IP mode file for STMicroelectronics.X-CUBE-AZRTOS-G0.1.1.0
2025-12-30 21:48:49,372 [WARN] PackLoader:240 - Cannot read IP mode file for STMicroelectronics.X-CUBE-SAFEA1.1.2.2
2025-12-30 21:48:49,391 [WARN] PackLoader:240 - Cannot read IP mode file for STMicroelectronics.X-CUBE-NFC4.3.0.0
2025-12-30 21:48:49,414 [WARN] PackLoader:240 - Cannot read IP mode file for EmbeddedOffice.I-CUBE-FS-RTOS.1.0.1
2025-12-30 21:48:49,428 [WARN] PackLoader:240 - Cannot read IP mode file for STMicroelectronics.X-CUBE-WB05N.2.0.0
2025-12-30 21:48:49,451 [WARN] PackLoader:240 - Cannot read IP mode file for wolfSSL.I-CUBE-wolfTPM.3.8.0
2025-12-30 21:48:49,469 [WARN] PackLoader:240 - Cannot read IP mode file for STMicroelectronics.X-CUBE-TCPP.4.2.0
2025-12-30 21:48:49,490 [WARN] PackLoader:240 - Cannot read IP mode file for RealThread.X-CUBE-RT-Thread_Nano.4.1.1
2025-12-30 21:48:49,510 [WARN] PackLoader:240 - Cannot read IP mode file for STMicroelectronics.FP-ATR-SIGFOX1.3.2.0
2025-12-30 21:48:49,525 [WARN] PackLoader:240 - Cannot read IP mode file for ITTIA_DB.I-CUBE-ITTIADB.8.9.0
2025-12-30 21:48:49,546 [WARN] PackLoader:240 - Cannot read IP mode file for STMicroelectronics.X-CUBE-ST67W61.1.0.0
2025-12-30 21:48:49,560 [WARN] PackLoader:240 - Cannot read IP mode file for STMicroelectronics.X-CUBE-AI.10.2.0
2025-12-30 21:48:49,597 [WARN] PackLoader:240 - Cannot read IP mode file for SEGGER.I-CUBE-embOS.1.3.1
2025-12-30 21:48:49,660 [WARN] PackLoader:240 - Cannot read IP mode file for STMicroelectronics.X-CUBE-ALGOBUILD.1.4.0
2025-12-30 21:48:49,764 [WARN] PackLoader:240 - Cannot read IP mode file for STMicroelectronics.X-CUBE-MEMS1.11.3.0
2025-12-30 21:48:49,858 [WARN] PackLoader:240 - Cannot read IP mode file for STMicroelectronics.X-CUBE-PM33A1.1.0.0
2025-12-30 21:48:49,897 [WARN] PackLoader:240 - Cannot read IP mode file for STMicroelectronics.X-CUBE-AZRTOS-F4.1.1.0
2025-12-30 21:48:49,914 [WARN] PackLoader:240 - Cannot read IP mode file for STMicroelectronics.X-CUBE-ISPU.2.1.0
2025-12-30 21:48:49,936 [WARN] PackLoader:240 - Cannot read IP mode file for STMicroelectronics.X-CUBE-IPS.3.2.0
2025-12-30 21:48:49,976 [WARN] PackLoader:240 - Cannot read IP mode file for STMicroelectronics.X-CUBE-NFC12.1.0.0
2025-12-30 21:48:50,020 [WARN] PackLoader:240 - Cannot read IP mode file for STMicroelectronics.X-CUBE-AZRTOS-L5.2.0.0
2025-12-30 21:48:50,050 [WARN] PackLoader:240 - Cannot read IP mode file for STMicroelectronics.X-CUBE-NFC6.3.1.0
2025-12-30 21:48:50,068 [WARN] PackLoader:240 - Cannot read IP mode file for STMicroelectronics.X-CUBE-FREERTOS.1.3.1
2025-12-30 21:48:50,089 [WARN] PackLoader:240 - Cannot read IP mode file for STMicroelectronics.X-CUBE-TOUCHGFX.4.26.0
2025-12-30 21:48:50,108 [WARN] PackLoader:240 - Cannot read IP mode file for STMicroelectronics.FP-SNS-STAIOTCFT.1.0.0
2025-12-30 21:48:50,133 [WARN] PackLoader:240 - Cannot read IP mode file for STMicroelectronics.X-CUBE-DPower.1.3.0
2025-12-30 21:48:50,179 [WARN] ConditionMgr:438 - getConditionDescription Invalid condition id : LAN8742 Phy interface Condition cause : null
2025-12-30 21:48:50,181 [WARN] PackLoader:240 - Cannot read IP mode file for STMicroelectronics.X-CUBE-AZRTOS-L4.2.0.0
2025-12-30 21:48:50,181 [WARN] ConditionMgr:1044 - genDependencies : Invalid condition id : LAN8742 Phy interface Condition cause : null
2025-12-30 21:48:50,181 [WARN] ConditionMgr:1044 - genDependencies : Invalid condition id : LAN8742 Phy interface Condition cause : null
2025-12-30 21:48:50,181 [WARN] ConditionMgr:1044 - genDependencies : Invalid condition id : LAN8742 Phy interface Condition cause : null
2025-12-30 21:48:50,205 [WARN] PackLoader:240 - Cannot read IP mode file for STMicroelectronics.X-CUBE-SFXS2LP1.4.0.0
2025-12-30 21:48:50,233 [WARN] PackLoader:240 - Cannot read IP mode file for STMicroelectronics.X-CUBE-BLEMGR.4.1.0
2025-12-30 21:48:50,269 [WARN] ConditionMgr:438 - getConditionDescription Invalid condition id : UX DEVICE CLASS RTOS Condition cause : null
2025-12-30 21:48:50,269 [WARN] ConditionMgr:438 - getConditionDescription Invalid condition id : UX DEVICE CLASS RTOS Condition cause : null
2025-12-30 21:48:50,270 [WARN] PackLoader:240 - Cannot read IP mode file for STMicroelectronics.X-CUBE-AZRTOS-WB.2.0.0
2025-12-30 21:48:50,271 [WARN] ConditionMgr:1044 - genDependencies : Invalid condition id : UX DEVICE CLASS RTOS Condition cause : null
2025-12-30 21:48:50,271 [WARN] ConditionMgr:1044 - genDependencies : Invalid condition id : UX DEVICE CLASS RTOS Condition cause : null
2025-12-30 21:48:50,272 [WARN] ConditionMgr:1044 - genDependencies : Invalid condition id : UX DEVICE CLASS RTOS Condition cause : null
2025-12-30 21:48:50,272 [WARN] ConditionMgr:1044 - genDependencies : Invalid condition id : UX DEVICE CLASS RTOS Condition cause : null
2025-12-30 21:48:50,272 [WARN] ConditionMgr:1044 - genDependencies : Invalid condition id : UX DEVICE CLASS RTOS Condition cause : null
2025-12-30 21:48:50,291 [WARN] PackLoader:240 - Cannot read IP mode file for STMicroelectronics.X-CUBE-GNSS1.7.0.1
2025-12-30 21:48:50,311 [WARN] ConditionMgr:438 - getConditionDescription Invalid condition id : Cortex-A Device cause : null
2025-12-30 21:48:50,337 [WARN] ConditionMgr:1044 - genDependencies : Invalid condition id : Cortex-A Device cause : null
2025-12-30 21:48:50,337 [WARN] ConditionMgr:1044 - genDependencies : Invalid condition id : Cortex-A Device cause : null
2025-12-30 21:48:50,337 [WARN] ConditionMgr:1044 - genDependencies : Invalid condition id : Cortex-A Device cause : null
2025-12-30 21:48:50,363 [WARN] PackLoader:240 - Cannot read IP mode file for STMicroelectronics.X-CUBE-SUBG2.5.0.0
2025-12-30 21:48:50,411 [WARN] PackLoader:240 - Cannot read IP mode file for STMicroelectronics.X-CUBE-AZRTOS-H7RS.1.1.0
2025-12-30 21:48:50,443 [WARN] PackLoader:240 - Cannot read IP mode file for STMicroelectronics.X-CUBE-AZRTOS-G4.2.0.0
2025-12-30 21:48:50,464 [WARN] PackLoader:240 - Cannot read IP mode file for wolfSSL.I-CUBE-wolfSSH.1.4.20
2025-12-30 21:48:50,476 [WARN] PackLoader:240 - Cannot read IP mode file for STMicroelectronics.X-CUBE-NFC7.2.0.0
2025-12-30 21:48:50,499 [WARN] PackLoader:240 - Cannot read IP mode file for STMicroelectronics.X-CUBE-IPS.3.1.0
2025-12-30 21:48:50,524 [WARN] PackLoader:240 - Cannot read IP mode file for STMicroelectronics.X-CUBE-ALS.1.0.2
2025-12-30 21:48:50,538 [WARN] PackLoader:240 - Cannot read IP mode file for STMicroelectronics.X-CUBE-STSE01.1.0.0
2025-12-30 21:48:50,566 [WARN] PackLoader:240 - Cannot read IP mode file for STMicroelectronics.X-CUBE-TOF1.3.4.3
2025-12-30 21:48:50,573 [INFO] ThirdParty:978 - Integrity check success = true
2025-12-30 21:48:50,573 [INFO] IntegrityCheckThread:100 - exiting critical section [integrity check]
2025-12-30 21:48:50,573 [INFO] IntegrityCheckThread:103 - End integrity checks thread
2025-12-30 21:51:50,485 [ERROR] LogOutputStream:75 - [STDERR_REDIRECT] 
2025-12-30 21:51:50,486 [ERROR] LogOutputStream:75 - [STDERR_REDIRECT] 
2025-12-30 21:52:49,903 [INFO] Activator:176 - 


2025-12-30 21:52:49,908 [INFO] Activator:177 - !SESSION log4j initialized
2025-12-30 21:52:55,605 [INFO] LogOutputStream:77 - [STDOUT_REDIRECT] 
2025-12-30 21:52:56,598 [INFO] ApplicationProperties:184 - Using Application install path: C:\ST\STM32CubeIDE_1.19.0\STM32CubeIDE\plugins\com.st.stm32cube.common.mx_6.15.0.202507011659
2025-12-30 21:52:56,618 [INFO] DbMcusXml:78 - Set database path to: C:\ST\STM32CubeIDE_1.19.0\STM32CubeIDE\plugins\com.st.stm32cube.common.mx_6.15.0.202507011659\\db\/mcu/
2025-12-30 21:52:56,618 [INFO] ApiDb:274 - Set plugin database path to: C:\ST\STM32CubeIDE_1.19.0\STM32CubeIDE\plugins\com.st.stm32cube.common.mx_6.15.0.202507011659\\db\/plugins/boardmanager/
2025-12-30 21:52:56,618 [WARN] ApiDb:259 - Overriding images path with different value:  => C:\ST\STM32CubeIDE_1.19.0\STM32CubeIDE\plugins\com.st.stm32cube.common.mx_6.15.0.202507011659\\db\/plugins/mcufinder/images/
2025-12-30 21:52:56,623 [INFO] ApiDb:250 - Set database path to: C:\Users\ASUS\.stmcufinder\plugins\mcufinder//mcu/
2025-12-30 21:52:56,624 [INFO] DbMcusAds:125 - Set database path to: C:\Users\ASUS\.stmcufinder\plugins\mcufinder//mcu/
2025-12-30 21:52:56,626 [INFO] CrossReferenceDbSqlite:203 - Set database path to: C:\Users\ASUS\.stmcufinder\plugins\mcufinder//mcu/cs/
2025-12-30 21:52:56,782 [INFO] RulesReader:64 - Compatibility file has been processed (317 Rules)
2025-12-30 21:52:56,905 [INFO] DbMcusXml:78 - Set database path to: C:\ST\STM32CubeIDE_1.19.0\STM32CubeIDE\plugins\com.st.stm32cube.common.mx_6.15.0.202507011659\\db\/mcu/
2025-12-30 21:52:56,905 [INFO] ApiDb:274 - Set plugin database path to: C:\ST\STM32CubeIDE_1.19.0\STM32CubeIDE\plugins\com.st.stm32cube.common.mx_6.15.0.202507011659\\db\/plugins/boardmanager/
2025-12-30 21:52:56,906 [INFO] ApiDb:261 - Set plugin images path to: C:\ST\STM32CubeIDE_1.19.0\STM32CubeIDE\plugins\com.st.stm32cube.common.mx_6.15.0.202507011659\\db\/plugins/mcufinder/images/
2025-12-30 21:52:56,906 [WARN] DbFile:41 - Overriding database path with different value: C:\Users\ASUS\.stmcufinder\plugins\mcufinder/ => C:\Users\ASUS\.stmcufinder\plugins\mcufinder
2025-12-30 21:52:56,906 [INFO] ApiDb:250 - Set database path to: C:\Users\ASUS\.stmcufinder\plugins\mcufinder//mcu/
2025-12-30 21:52:56,906 [WARN] DbFile:41 - Overriding database path with different value: C:\Users\ASUS\.stmcufinder\plugins\mcufinder/ => C:\Users\ASUS\.stmcufinder\plugins\mcufinder
2025-12-30 21:52:56,906 [INFO] DbMcusAds:125 - Set database path to: C:\Users\ASUS\.stmcufinder\plugins\mcufinder//mcu/
2025-12-30 21:52:56,906 [WARN] DbFile:41 - Overriding database path with different value: C:\Users\ASUS\.stmcufinder\plugins\mcufinder/ => C:\Users\ASUS\.stmcufinder\plugins\mcufinder
2025-12-30 21:52:56,906 [WARN] DbFile:41 - Overriding database path with different value: C:\Users\ASUS\.stmcufinder\plugins\mcufinder/ => C:\Users\ASUS\.stmcufinder\plugins\mcufinder
2025-12-30 21:52:56,906 [INFO] CrossReferenceDbSqlite:203 - Set database path to: C:\Users\ASUS\.stmcufinder\plugins\mcufinder//mcu/cs/
2025-12-30 21:52:56,998 [INFO] MainPanel:274 - HeapMemory: 268435456
2025-12-30 21:52:57,113 [INFO] DbMcusXml:78 - Set database path to: C:\ST\STM32CubeIDE_1.19.0\STM32CubeIDE\plugins\com.st.stm32cube.common.mx_6.15.0.202507011659\\db\/mcu/
2025-12-30 21:52:57,113 [INFO] ApiDb:274 - Set plugin database path to: C:\ST\STM32CubeIDE_1.19.0\STM32CubeIDE\plugins\com.st.stm32cube.common.mx_6.15.0.202507011659\\db\/plugins/boardmanager/
2025-12-30 21:52:57,113 [INFO] ApiDb:261 - Set plugin images path to: C:\ST\STM32CubeIDE_1.19.0\STM32CubeIDE\plugins\com.st.stm32cube.common.mx_6.15.0.202507011659\\db\/plugins/mcufinder/images/
2025-12-30 21:52:57,113 [WARN] DbFile:41 - Overriding database path with different value: C:\Users\ASUS\.stmcufinder\plugins\mcufinder/ => C:\Users\ASUS\.stmcufinder\plugins\mcufinder
2025-12-30 21:52:57,113 [INFO] ApiDb:250 - Set database path to: C:\Users\ASUS\.stmcufinder\plugins\mcufinder//mcu/
2025-12-30 21:52:57,113 [WARN] DbFile:41 - Overriding database path with different value: C:\Users\ASUS\.stmcufinder\plugins\mcufinder/ => C:\Users\ASUS\.stmcufinder\plugins\mcufinder
2025-12-30 21:52:57,113 [INFO] DbMcusAds:125 - Set database path to: C:\Users\ASUS\.stmcufinder\plugins\mcufinder//mcu/
2025-12-30 21:52:57,113 [WARN] DbFile:41 - Overriding database path with different value: C:\Users\ASUS\.stmcufinder\plugins\mcufinder/ => C:\Users\ASUS\.stmcufinder\plugins\mcufinder
2025-12-30 21:52:57,113 [WARN] DbFile:41 - Overriding database path with different value: C:\Users\ASUS\.stmcufinder\plugins\mcufinder/ => C:\Users\ASUS\.stmcufinder\plugins\mcufinder
2025-12-30 21:52:57,113 [INFO] CrossReferenceDbSqlite:203 - Set database path to: C:\Users\ASUS\.stmcufinder\plugins\mcufinder//mcu/cs/
2025-12-30 21:52:57,131 [INFO] ApplicationProperties:184 - Using Application install path: C:\ST\STM32CubeIDE_1.19.0\STM32CubeIDE\plugins\com.st.stm32cube.common.mx_6.15.0.202507011659
2025-12-30 21:52:57,133 [INFO] PluginManage:196 - Search for loadable plugins [exclusion list=, ]
2025-12-30 21:52:57,134 [INFO] PluginManage:310 - Check plugin analytics
2025-12-30 21:52:57,300 [INFO] AnalyticsPlugin:253 - Accepted Software Licenses: STM32CubeMX.6.12.1
2025-12-30 21:52:57,300 [INFO] AnalyticsPlugin:255 - Accepted CMSIS Pack Licenses: 
2025-12-30 21:52:57,300 [INFO] AnalyticsPlugin:257 - Accepted Firmware Licenses: 
2025-12-30 21:52:57,304 [INFO] PluginManage:359 - Loaded plugin analytics (category:tool,tabindex:-1)
2025-12-30 21:52:57,305 [INFO] PluginManage:310 - Check plugin cadmodel
2025-12-30 21:52:57,308 [INFO] CADModel:105 - Init CAD model plugin
2025-12-30 21:52:57,308 [INFO] PluginManage:359 - Loaded plugin cadmodel (category:power,tabindex:5)
2025-12-30 21:52:57,309 [INFO] PluginManage:310 - Check plugin clock
2025-12-30 21:52:57,316 [INFO] PluginManage:359 - Loaded plugin clock (category:base,tabindex:2)
2025-12-30 21:52:57,316 [INFO] PluginManage:310 - Check plugin ddr
2025-12-30 21:52:57,318 [INFO] PluginManage:359 - Loaded plugin ddr (category:tool,tabindex:6)
2025-12-30 21:52:57,318 [INFO] PluginManage:310 - Check plugin filemanager
2025-12-30 21:52:57,464 [INFO] PluginManage:359 - Loaded plugin filemanager (category:base,tabindex:10)
2025-12-30 21:52:57,465 [INFO] PluginManage:310 - Check plugin ipmanager
2025-12-30 21:52:57,476 [INFO] PluginManage:359 - Loaded plugin ipmanager (category:base,tabindex:5)
2025-12-30 21:52:57,476 [INFO] PluginManage:310 - Check plugin lpbam
2025-12-30 21:52:57,488 [INFO] PluginManage:359 - Loaded plugin lpbam (category:base,tabindex:0)
2025-12-30 21:52:57,488 [INFO] PluginManage:310 - Check plugin memorymap
2025-12-30 21:52:57,506 [INFO] PluginManage:359 - Loaded plugin memorymap (category:base,tabindex:4)
2025-12-30 21:52:57,509 [INFO] PluginManage:310 - Check plugin pinoutandconfiguration
2025-12-30 21:52:57,519 [INFO] PluginManage:359 - Loaded plugin pinoutandconfiguration (category:base,tabindex:1)
2025-12-30 21:52:57,519 [INFO] PluginManage:310 - Check plugin pinoutconfig
2025-12-30 21:52:57,603 [WARN] SupportedApi:132 - Cannot load RTOS API schema: s4s-elt-must-match.1: The content of 'definitions' must match (annotation?, (simpleType | complexType)?, (unique | key | keyref)*)). A problem was found starting at: attribute.
2025-12-30 21:52:57,721 [INFO] PluginManage:359 - Loaded plugin pinoutconfig (category:base,tabindex:0)
2025-12-30 21:52:57,721 [INFO] PluginManage:310 - Check plugin power
2025-12-30 21:52:57,729 [INFO] PluginManage:359 - Loaded plugin power (category:power,tabindex:4)
2025-12-30 21:52:57,729 [INFO] PluginManage:310 - Check plugin projectmanager
2025-12-30 21:52:57,744 [INFO] PluginManage:359 - Loaded plugin projectmanager (category:projectmanager,tabindex:4)
2025-12-30 21:52:57,744 [INFO] PluginManage:310 - Check plugin rif
2025-12-30 21:52:57,753 [INFO] PluginManage:359 - Loaded plugin rif (category:base,tabindex:3)
2025-12-30 21:52:57,753 [INFO] PluginManage:310 - Check plugin thirdparty
2025-12-30 21:52:57,870 [WARN] IntegrityCheckThread:84 - waiting for thirdparty lock release [integrity check]
2025-12-30 21:52:57,870 [INFO] PluginManage:359 - Loaded plugin thirdparty (category:base,tabindex:-1)
2025-12-30 21:52:57,870 [INFO] IntegrityCheckThread:86 - entering critical section [integrity check]
2025-12-30 21:52:57,871 [INFO] PluginManage:310 - Check plugin tools
2025-12-30 21:52:57,871 [INFO] ThirdPartyUpdaterWithRetryManager:70 - Updater plugin not ready yet. [1/15]
2025-12-30 21:52:57,873 [INFO] PluginManage:359 - Loaded plugin tools (category:base,tabindex:7)
2025-12-30 21:52:57,873 [INFO] PluginManage:310 - Check plugin tutovideos
2025-12-30 21:52:58,036 [INFO] PluginManage:359 - Loaded plugin tutovideos (category:base,tabindex:-1)
2025-12-30 21:52:58,036 [INFO] PluginManage:310 - Check plugin updater
2025-12-30 21:52:58,055 [INFO] PluginManage:359 - Loaded plugin updater (category:base,tabindex:12)
2025-12-30 21:52:58,056 [INFO] PluginManage:310 - Check plugin userauth
2025-12-30 21:52:58,059 [INFO] UserAuth:118 - Init User Auth plugin
2025-12-30 21:52:58,061 [INFO] PluginManage:359 - Loaded plugin userauth (category:base,tabindex:14)
2025-12-30 21:52:58,061 [INFO] PluginManage:283 - PluginManage : Loaded plugins [18]
2025-12-30 21:52:58,241 [INFO] PinOutPanel:1589 - setPackage(No Configuration,No Configuration)
2025-12-30 21:52:58,321 [INFO] CADModel:165 - CPN selected for project level
2025-12-30 21:52:58,322 [INFO] CADModel:114 - Register for checkConnection events
2025-12-30 21:52:58,336 [INFO] IPUIPlugin:80 - create IPUIPlugin
2025-12-30 21:52:58,336 [INFO] PluginManager:220 - loadIPPluginJar : add adc
2025-12-30 21:52:58,340 [INFO] IPUIPlugin:80 - create IPUIPlugin
2025-12-30 21:52:58,340 [INFO] PluginManager:220 - loadIPPluginJar : add aes
2025-12-30 21:52:58,344 [INFO] IPUIPlugin:80 - create IPUIPlugin
2025-12-30 21:52:58,344 [INFO] PluginManager:220 - loadIPPluginJar : add can
2025-12-30 21:52:58,346 [INFO] IPUIPlugin:80 - create IPUIPlugin
2025-12-30 21:52:58,346 [INFO] PluginManager:220 - loadIPPluginJar : add comp
2025-12-30 21:52:58,348 [INFO] IPUIPlugin:80 - create IPUIPlugin
2025-12-30 21:52:58,348 [INFO] PluginManager:220 - loadIPPluginJar : add cryp
2025-12-30 21:52:58,351 [INFO] IPUIPlugin:80 - create IPUIPlugin
2025-12-30 21:52:58,351 [INFO] PluginManager:220 - loadIPPluginJar : add ddr_ctrl_phy
2025-12-30 21:52:58,354 [INFO] IPUIPlugin:80 - create IPUIPlugin
2025-12-30 21:52:58,354 [INFO] PluginManager:220 - loadIPPluginJar : add dfsdm
2025-12-30 21:52:58,360 [INFO] IPUIPlugin:80 - create IPUIPlugin
2025-12-30 21:52:58,360 [INFO] PluginManager:220 - loadIPPluginJar : add dma
2025-12-30 21:52:58,363 [INFO] IPUIPlugin:80 - create IPUIPlugin
2025-12-30 21:52:58,363 [INFO] PluginManager:220 - loadIPPluginJar : add dma3
2025-12-30 21:52:58,367 [INFO] IPUIPlugin:80 - create IPUIPlugin
2025-12-30 21:52:58,367 [INFO] PluginManager:220 - loadIPPluginJar : add extmemmanager
2025-12-30 21:52:58,368 [INFO] IPUIPlugin:80 - create IPUIPlugin
2025-12-30 21:52:58,368 [INFO] PluginManager:220 - loadIPPluginJar : add fatfs
2025-12-30 21:52:58,373 [INFO] IPUIPlugin:80 - create IPUIPlugin
2025-12-30 21:52:58,373 [INFO] PluginManager:220 - loadIPPluginJar : add fmc
2025-12-30 21:52:58,378 [INFO] IPUIPlugin:80 - create IPUIPlugin
2025-12-30 21:52:58,378 [INFO] PluginManager:220 - loadIPPluginJar : add freertos
2025-12-30 21:52:58,380 [INFO] IPUIPlugin:80 - create IPUIPlugin
2025-12-30 21:52:58,380 [INFO] PluginManager:220 - loadIPPluginJar : add genericplugin
2025-12-30 21:52:58,381 [INFO] IPUIPlugin:80 - create IPUIPlugin
2025-12-30 21:52:58,382 [INFO] PluginManager:220 - loadIPPluginJar : add gfxmmu
2025-12-30 21:52:58,384 [INFO] IPUIPlugin:80 - create IPUIPlugin
2025-12-30 21:52:58,384 [INFO] PluginManager:220 - loadIPPluginJar : add gic
2025-12-30 21:52:58,390 [INFO] IPUIPlugin:80 - create IPUIPlugin
2025-12-30 21:52:58,390 [INFO] PluginManager:220 - loadIPPluginJar : add gpio
2025-12-30 21:52:58,393 [INFO] IPUIPlugin:80 - create IPUIPlugin
2025-12-30 21:52:58,393 [INFO] PluginManager:220 - loadIPPluginJar : add gtzc
2025-12-30 21:52:58,395 [INFO] IPUIPlugin:80 - create IPUIPlugin
2025-12-30 21:52:58,395 [INFO] PluginManager:220 - loadIPPluginJar : add hash
2025-12-30 21:52:58,397 [INFO] IPUIPlugin:80 - create IPUIPlugin
2025-12-30 21:52:58,398 [INFO] PluginManager:220 - loadIPPluginJar : add i2c
2025-12-30 21:52:58,400 [INFO] IPUIPlugin:80 - create IPUIPlugin
2025-12-30 21:52:58,401 [INFO] PluginManager:220 - loadIPPluginJar : add i2s
2025-12-30 21:52:58,403 [INFO] IPUIPlugin:80 - create IPUIPlugin
2025-12-30 21:52:58,403 [INFO] PluginManager:220 - loadIPPluginJar : add i3c
2025-12-30 21:52:58,406 [INFO] IPUIPlugin:80 - create IPUIPlugin
2025-12-30 21:52:58,406 [INFO] PluginManager:220 - loadIPPluginJar : add ipddr
2025-12-30 21:52:58,412 [INFO] IPUIPlugin:80 - create IPUIPlugin
2025-12-30 21:52:58,412 [INFO] PluginManager:220 - loadIPPluginJar : add linkedlist
2025-12-30 21:52:58,416 [INFO] IPUIPlugin:80 - create IPUIPlugin
2025-12-30 21:52:58,416 [INFO] PluginManager:220 - loadIPPluginJar : add lorawan
2025-12-30 21:52:58,417 [INFO] IPUIPlugin:80 - create IPUIPlugin
2025-12-30 21:52:58,417 [INFO] PluginManager:220 - loadIPPluginJar : add ltdc
2025-12-30 21:52:58,425 [INFO] IPUIPlugin:80 - create IPUIPlugin
2025-12-30 21:52:58,425 [INFO] PluginManager:220 - loadIPPluginJar : add mdma
2025-12-30 21:52:58,429 [INFO] IPUIPlugin:80 - create IPUIPlugin
2025-12-30 21:52:58,429 [INFO] PluginManager:220 - loadIPPluginJar : add nvic
2025-12-30 21:52:58,432 [INFO] IPUIPlugin:80 - create IPUIPlugin
2025-12-30 21:52:58,432 [INFO] PluginManager:220 - loadIPPluginJar : add opamp
2025-12-30 21:52:58,436 [INFO] IPUIPlugin:80 - create IPUIPlugin
2025-12-30 21:52:58,436 [INFO] PluginManager:220 - loadIPPluginJar : add openamp
2025-12-30 21:52:58,439 [INFO] IPUIPlugin:80 - create IPUIPlugin
2025-12-30 21:52:58,439 [INFO] PluginManager:220 - loadIPPluginJar : add pdm2pcm
2025-12-30 21:52:58,444 [INFO] IPUIPlugin:80 - create IPUIPlugin
2025-12-30 21:52:58,447 [INFO] PluginManager:220 - loadIPPluginJar : add plateformsettings
2025-12-30 21:52:58,448 [INFO] IPUIPlugin:80 - create IPUIPlugin
2025-12-30 21:52:58,448 [INFO] PluginManager:220 - loadIPPluginJar : add quadspi
2025-12-30 21:52:58,451 [INFO] IPUIPlugin:80 - create IPUIPlugin
2025-12-30 21:52:58,452 [INFO] PluginManager:220 - loadIPPluginJar : add radio
2025-12-30 21:52:58,455 [INFO] IPUIPlugin:80 - create IPUIPlugin
2025-12-30 21:52:58,455 [INFO] PluginManager:220 - loadIPPluginJar : add resmgrutility
2025-12-30 21:52:58,458 [INFO] IPUIPlugin:80 - create IPUIPlugin
2025-12-30 21:52:58,458 [INFO] PluginManager:220 - loadIPPluginJar : add sai
2025-12-30 21:52:58,461 [INFO] IPUIPlugin:80 - create IPUIPlugin
2025-12-30 21:52:58,461 [INFO] PluginManager:220 - loadIPPluginJar : add spi
2025-12-30 21:52:58,467 [INFO] IPUIPlugin:80 - create IPUIPlugin
2025-12-30 21:52:58,467 [INFO] PluginManager:220 - loadIPPluginJar : add stm32_wpan
2025-12-30 21:52:58,469 [INFO] IPUIPlugin:80 - create IPUIPlugin
2025-12-30 21:52:58,469 [INFO] PluginManager:220 - loadIPPluginJar : add tim
2025-12-30 21:52:58,472 [INFO] IPUIPlugin:80 - create IPUIPlugin
2025-12-30 21:52:58,473 [INFO] PluginManager:220 - loadIPPluginJar : add touchsensing
2025-12-30 21:52:58,475 [INFO] IPUIPlugin:80 - create IPUIPlugin
2025-12-30 21:52:58,475 [INFO] PluginManager:220 - loadIPPluginJar : add tracer_emb
2025-12-30 21:52:58,477 [INFO] IPUIPlugin:80 - create IPUIPlugin
2025-12-30 21:52:58,477 [INFO] PluginManager:220 - loadIPPluginJar : add ts
2025-12-30 21:52:58,479 [INFO] IPUIPlugin:80 - create IPUIPlugin
2025-12-30 21:52:58,479 [INFO] PluginManager:220 - loadIPPluginJar : add tsc
2025-12-30 21:52:58,480 [INFO] IPUIPlugin:80 - create IPUIPlugin
2025-12-30 21:52:58,480 [INFO] PluginManager:220 - loadIPPluginJar : add ucpd
2025-12-30 21:52:58,482 [INFO] IPUIPlugin:80 - create IPUIPlugin
2025-12-30 21:52:58,482 [INFO] PluginManager:220 - loadIPPluginJar : add usart
2025-12-30 21:52:58,482 [INFO] IPUIPlugin:80 - create IPUIPlugin
2025-12-30 21:52:58,482 [INFO] PluginManager:220 - loadIPPluginJar : add usbx
2025-12-30 21:52:58,613 [FATAL] Updater:351 - Updater called before beeing initialized
2025-12-30 21:52:58,637 [INFO] RulesReader:64 - Compatibility file has been processed (317 Rules)
2025-12-30 21:52:58,649 [INFO] RulesReader:64 - Compatibility file has been processed (317 Rules)
2025-12-30 21:52:58,656 [INFO] CADModel:165 - CPN selected for project level
2025-12-30 21:52:58,656 [INFO] CADModel:114 - Register for checkConnection events
2025-12-30 21:52:58,656 [FATAL] Updater:351 - Updater called before beeing initialized
2025-12-30 21:52:58,656 [ERROR] CADModel:125 - Updater not yet initialized, retry later 
2025-12-30 21:52:58,784 [FATAL] Updater:351 - Updater called before beeing initialized
2025-12-30 21:52:58,785 [INFO] CADModel:165 - CPN selected for project level
2025-12-30 21:52:58,785 [INFO] CADModel:114 - Register for checkConnection events
2025-12-30 21:52:58,785 [FATAL] Updater:351 - Updater called before beeing initialized
2025-12-30 21:52:58,785 [ERROR] CADModel:125 - Updater not yet initialized, retry later 
2025-12-30 21:52:58,788 [FATAL] Updater:351 - Updater called before beeing initialized
2025-12-30 21:52:58,894 [FATAL] Updater:351 - Updater called before beeing initialized
2025-12-30 21:52:58,898 [INFO] DbMcusAds:53 - JSON generation date=Thu Oct 02 16:36:05 ICT 2025 (1759397765645)
2025-12-30 21:52:58,898 [FATAL] Updater:351 - Updater called before beeing initialized
2025-12-30 21:52:58,928 [WARN] DetailPanel:346 - Failed to get advertising image, set to default
2025-12-30 21:52:59,014 [FATAL] Updater:351 - Updater called before beeing initialized
2025-12-30 21:52:59,015 [FATAL] Updater:351 - Updater called before beeing initialized
2025-12-30 21:52:59,015 [FATAL] Updater:351 - Updater called before beeing initialized
2025-12-30 21:52:59,015 [WARN] DetailPanel:346 - Failed to get advertising image, set to default
2025-12-30 21:52:59,016 [FATAL] Updater:351 - Updater called before beeing initialized
2025-12-30 21:52:59,060 [ERROR] Updater:1198 - MainUpdater not yet initialized. External WinMGr cannot be set.
2025-12-30 21:52:59,061 [INFO] Updater:1134 - Updater Version found : 6.15.0
2025-12-30 21:52:59,076 [INFO] ApplicationProperties:184 - Using Application install path: C:\ST\STM32CubeIDE_1.19.0\STM32CubeIDE\plugins\com.st.stm32cube.common.mx_6.15.0.202507011659
2025-12-30 21:53:00,684 [ERROR] LogOutputStream:75 - [STDERR_REDIRECT] Dec 30, 2025 9:53:00 PM java.util.prefs.WindowsPreferences <init>
2025-12-30 21:53:00,685 [ERROR] LogOutputStream:75 - [STDERR_REDIRECT] WARNING: Could not open/create prefs root node Software\JavaSoft\Prefs at root 0xffffffff80000002. Windows RegCreateKeyEx(...) returned error code 5.
2025-12-30 21:53:00,686 [ERROR] LogOutputStream:75 - [STDERR_REDIRECT] 
2025-12-30 21:53:00,879 [INFO] ThirdPartyUpdaterWithRetryManager:70 - Updater plugin not ready yet. [2/15]
2025-12-30 21:53:00,991 [INFO] MainUpdater:2872 - connection check result : 10
2025-12-30 21:53:00,992 [INFO] MainUpdater:289 - Updater Check For Update Now.
2025-12-30 21:53:00,992 [INFO] MicroXplorer:498 - Change Database Version : DB.6.0.150
2025-12-30 21:53:00,998 [INFO] McuFinderGlobals:63 - Set McuFinder mode to 2 (CubeIDE integrated)
2025-12-30 21:53:00,999 [INFO] UserAuth:171 - activating auth plugin
2025-12-30 21:53:01,002 [INFO] UserAuth:487 - Internet connection configuration mode: 1
2025-12-30 21:53:01,028 [INFO] JxBrowserEngine:152 - Initiate JxBrowser Engine with user profile folder
2025-12-30 21:53:01,199 [INFO] CheckServerUpdateThread:120 - End of CheckServer Thread
2025-12-30 21:53:01,805 [INFO] WebApp:169 - Instantiating new browser for Auth
2025-12-30 21:53:02,482 [INFO] WebApp:463 - Apply proxy settings
2025-12-30 21:53:02,482 [INFO] WebApp:548 - Chromium requires no authentication
2025-12-30 21:53:02,490 [INFO] WebApp:491 - Direct internet connection detected
2025-12-30 21:53:02,512 [INFO] WebApp:900 - Register for checkConnection events
2025-12-30 21:53:02,513 [INFO] WebApp:463 - Apply proxy settings
2025-12-30 21:53:02,513 [INFO] WebApp:548 - Chromium requires no authentication
2025-12-30 21:53:02,513 [INFO] WebApp:491 - Direct internet connection detected
2025-12-30 21:53:02,660 [INFO] WebApp:225 - Starting web application
2025-12-30 21:53:02,660 [INFO] WebApp:593 - Web application path used C:\ST\STM32CubeIDE_1.19.0\STM32CubeIDE\plugins\com.st.stm32cube.common.mx_6.15.0.202507011659\db\plugins\mcufinder\reactClient1\index.html
2025-12-30 21:53:02,880 [INFO] WebApp:191 - Connection restablished
2025-12-30 21:53:04,107 [WARN] PackLoader:240 - Cannot read IP mode file for STMicroelectronics.FP-SNS-MOTENVWB1.1.4.0
2025-12-30 21:53:04,119 [WARN] PackLoader:240 - Cannot read IP mode file for STMicroelectronics.FP-ATR-ASTRA1.2.0.2
2025-12-30 21:53:04,167 [WARN] PackLoader:240 - Cannot read IP mode file for STMicroelectronics.X-CUBE-SMBUS.2.1.0
2025-12-30 21:53:04,179 [WARN] PackLoader:240 - Cannot read IP mode file for STMicroelectronics.X-CUBE-ST60.1.0.0
2025-12-30 21:53:04,220 [WARN] PackLoader:240 - Cannot read IP mode file for STMicroelectronics.X-CUBE-AZRTOS-F7.1.1.0
2025-12-30 21:53:04,230 [WARN] PackLoader:240 - Cannot read IP mode file for Cesanta.I-CUBE-Mongoose.7.19.0
2025-12-30 21:53:04,235 [WARN] PackLoader:240 - Cannot read IP mode file for STMicroelectronics.FP-SNS-MOTENV1.5.1.0
2025-12-30 21:53:04,248 [WARN] PackLoader:240 - Cannot read IP mode file for WES.I-CUBE-Cesium.1.4.0
2025-12-30 21:53:04,282 [WARN] PackLoader:240 - Cannot read IP mode file for Infineon.AIROC-Wi-Fi-Bluetooth-STM32.1.7.1
2025-12-30 21:53:04,333 [WARN] PackLoader:240 - Cannot read IP mode file for STMicroelectronics.X-CUBE-AZRTOS-H7.3.4.0
2025-12-30 21:53:04,350 [WARN] PackLoader:240 - Cannot read IP mode file for STMicroelectronics.X-CUBE-DISPLAY.3.0.0
2025-12-30 21:53:04,371 [WARN] PackLoader:240 - Cannot read IP mode file for STMicroelectronics.X-CUBE-NFC10.1.0.0
2025-12-30 21:53:04,388 [WARN] PackLoader:240 - Cannot read IP mode file for STMicroelectronics.X-CUBE-ST60.1.1.0
2025-12-30 21:53:04,401 [WARN] PackLoader:240 - Cannot read IP mode file for emotas.I-CUBE-CANOPEN.1.3.0
2025-12-30 21:53:04,410 [WARN] PackLoader:240 - Cannot read IP mode file for STMicroelectronics.X-CUBE-GNSS1.7.1.0
2025-12-30 21:53:04,422 [WARN] PackLoader:240 - Cannot read IP mode file for STMicroelectronics.FP-SNS-STBOX1.2.1.0
2025-12-30 21:53:04,430 [WARN] PackLoader:240 - Cannot read IP mode file for STMicroelectronics.FP-SNS-SMARTAG2.1.2.0
2025-12-30 21:53:04,461 [WARN] PackLoader:240 - Cannot read IP mode file for STMicroelectronics.FP-SNS-FLIGHT1.5.1.0
2025-12-30 21:53:04,478 [INFO] LogOutputStream:77 - [STDOUT_REDIRECT] 1 : Invalid condition id : UX_CORESTACK_Condition cause : null
2025-12-30 21:53:04,478 [INFO] LogOutputStream:77 - [STDOUT_REDIRECT] 1 : Invalid condition id : UX_CORESTACK_Condition cause : null
2025-12-30 21:53:04,482 [INFO] LogOutputStream:77 - [STDOUT_REDIRECT] 1 : Invalid condition id : UX_CORESTACK_Condition cause : null
2025-12-30 21:53:04,485 [INFO] LogOutputStream:77 - [STDOUT_REDIRECT] 1 : Invalid condition id : UX_CORESTACK_Condition cause : null
2025-12-30 21:53:04,488 [INFO] LogOutputStream:77 - [STDOUT_REDIRECT] 1 : Invalid condition id : UX_CORESTACK_Condition cause : null
2025-12-30 21:53:04,494 [WARN] PackLoader:240 - Cannot read IP mode file for STMicroelectronics.X-CUBE-AZRTOS-WL.2.0.0
2025-12-30 21:53:04,507 [WARN] PackLoader:240 - Cannot read IP mode file for STMicroelectronics.FP-SNS-MOTENV1.5.0.0
2025-12-30 21:53:04,536 [WARN] PackLoader:240 - Cannot read IP mode file for STMicroelectronics.X-CUBE-AZRTOS-H7RS.1.2.0
2025-12-30 21:53:04,546 [WARN] PackLoader:240 - Cannot read IP mode file for STMicroelectronics.X-CUBE-BLE2.3.3.0
2025-12-30 21:53:04,576 [WARN] PackLoader:240 - Cannot read IP mode file for STMicroelectronics.X-CUBE-NFC9.1.0.0
2025-12-30 21:53:04,583 [WARN] PackLoader:240 - Cannot read IP mode file for wolfSSL.I-CUBE-wolfSSL.5.8.2
2025-12-30 21:53:04,590 [WARN] PackLoader:240 - Cannot read IP mode file for STMicroelectronics.X-CUBE-BLE1.7.1.0
2025-12-30 21:53:04,594 [WARN] PackLoader:240 - Cannot read IP mode file for wolfSSL.I-CUBE-wolfMQTT.1.19.2
2025-12-30 21:53:04,601 [WARN] PackLoader:240 - Cannot read IP mode file for STMicroelectronics.X-CUBE-FREERTOS.1.4.0
2025-12-30 21:53:04,607 [WARN] PackLoader:240 - Cannot read IP mode file for STMicroelectronics.X-CUBE-EEPRMA1.5.2.0
2025-12-30 21:53:04,617 [WARN] PackLoader:240 - Cannot read IP mode file for STMicroelectronics.X-CUBE-ST67W61.1.1.0
2025-12-30 21:53:04,657 [WARN] PackLoader:240 - Cannot read IP mode file for STMicroelectronics.X-CUBE-MEMS1.12.0.0
2025-12-30 21:53:04,775 [WARN] PackLoader:240 - Cannot read IP mode file for STMicroelectronics.X-CUBE-AZRTOS-G0.1.1.0
2025-12-30 21:53:04,786 [WARN] PackLoader:240 - Cannot read IP mode file for STMicroelectronics.X-CUBE-SAFEA1.1.2.2
2025-12-30 21:53:04,793 [WARN] PackLoader:240 - Cannot read IP mode file for STMicroelectronics.X-CUBE-NFC4.3.0.0
2025-12-30 21:53:04,803 [WARN] PackLoader:240 - Cannot read IP mode file for EmbeddedOffice.I-CUBE-FS-RTOS.1.0.1
2025-12-30 21:53:04,812 [WARN] PackLoader:240 - Cannot read IP mode file for STMicroelectronics.X-CUBE-WB05N.2.0.0
2025-12-30 21:53:04,817 [WARN] PackLoader:240 - Cannot read IP mode file for wolfSSL.I-CUBE-wolfTPM.3.8.0
2025-12-30 21:53:04,825 [WARN] PackLoader:240 - Cannot read IP mode file for STMicroelectronics.X-CUBE-TCPP.4.2.0
2025-12-30 21:53:04,833 [WARN] PackLoader:240 - Cannot read IP mode file for RealThread.X-CUBE-RT-Thread_Nano.4.1.1
2025-12-30 21:53:04,838 [WARN] PackLoader:240 - Cannot read IP mode file for STMicroelectronics.FP-ATR-SIGFOX1.3.2.0
2025-12-30 21:53:04,848 [WARN] PackLoader:240 - Cannot read IP mode file for ITTIA_DB.I-CUBE-ITTIADB.8.9.0
2025-12-30 21:53:04,855 [WARN] PackLoader:240 - Cannot read IP mode file for STMicroelectronics.X-CUBE-ST67W61.1.0.0
2025-12-30 21:53:04,862 [WARN] PackLoader:240 - Cannot read IP mode file for STMicroelectronics.X-CUBE-AI.10.2.0
2025-12-30 21:53:04,897 [WARN] PackLoader:240 - Cannot read IP mode file for SEGGER.I-CUBE-embOS.1.3.1
2025-12-30 21:53:04,943 [WARN] PackLoader:240 - Cannot read IP mode file for STMicroelectronics.X-CUBE-ALGOBUILD.1.4.0
2025-12-30 21:53:04,999 [WARN] PackLoader:240 - Cannot read IP mode file for STMicroelectronics.X-CUBE-MEMS1.11.3.0
2025-12-30 21:53:05,102 [WARN] PackLoader:240 - Cannot read IP mode file for STMicroelectronics.X-CUBE-PM33A1.1.0.0
2025-12-30 21:53:05,114 [WARN] PackLoader:240 - Cannot read IP mode file for STMicroelectronics.X-CUBE-AZRTOS-F4.1.1.0
2025-12-30 21:53:05,120 [WARN] PackLoader:240 - Cannot read IP mode file for STMicroelectronics.X-CUBE-ISPU.2.1.0
2025-12-30 21:53:05,135 [WARN] PackLoader:240 - Cannot read IP mode file for STMicroelectronics.X-CUBE-IPS.3.2.0
2025-12-30 21:53:05,157 [WARN] PackLoader:240 - Cannot read IP mode file for STMicroelectronics.X-CUBE-NFC12.1.0.0
2025-12-30 21:53:05,179 [WARN] PackLoader:240 - Cannot read IP mode file for STMicroelectronics.X-CUBE-AZRTOS-L5.2.0.0
2025-12-30 21:53:05,190 [WARN] PackLoader:240 - Cannot read IP mode file for STMicroelectronics.X-CUBE-NFC6.3.1.0
2025-12-30 21:53:05,197 [WARN] PackLoader:240 - Cannot read IP mode file for STMicroelectronics.X-CUBE-FREERTOS.1.3.1
2025-12-30 21:53:05,237 [WARN] PackLoader:240 - Cannot read IP mode file for STMicroelectronics.X-CUBE-TOUCHGFX.4.26.0
2025-12-30 21:53:05,247 [WARN] PackLoader:240 - Cannot read IP mode file for STMicroelectronics.FP-SNS-STAIOTCFT.1.0.0
2025-12-30 21:53:05,260 [WARN] PackLoader:240 - Cannot read IP mode file for STMicroelectronics.X-CUBE-DPower.1.3.0
2025-12-30 21:53:05,307 [WARN] ConditionMgr:438 - getConditionDescription Invalid condition id : LAN8742 Phy interface Condition cause : null
2025-12-30 21:53:05,308 [WARN] PackLoader:240 - Cannot read IP mode file for STMicroelectronics.X-CUBE-AZRTOS-L4.2.0.0
2025-12-30 21:53:05,310 [WARN] ConditionMgr:1044 - genDependencies : Invalid condition id : LAN8742 Phy interface Condition cause : null
2025-12-30 21:53:05,310 [WARN] ConditionMgr:1044 - genDependencies : Invalid condition id : LAN8742 Phy interface Condition cause : null
2025-12-30 21:53:05,311 [WARN] ConditionMgr:1044 - genDependencies : Invalid condition id : LAN8742 Phy interface Condition cause : null
2025-12-30 21:53:05,323 [WARN] PackLoader:240 - Cannot read IP mode file for STMicroelectronics.X-CUBE-SFXS2LP1.4.0.0
2025-12-30 21:53:05,338 [WARN] PackLoader:240 - Cannot read IP mode file for STMicroelectronics.X-CUBE-BLEMGR.4.1.0
2025-12-30 21:53:05,358 [WARN] ConditionMgr:438 - getConditionDescription Invalid condition id : UX DEVICE CLASS RTOS Condition cause : null
2025-12-30 21:53:05,358 [WARN] ConditionMgr:438 - getConditionDescription Invalid condition id : UX DEVICE CLASS RTOS Condition cause : null
2025-12-30 21:53:05,361 [WARN] PackLoader:240 - Cannot read IP mode file for STMicroelectronics.X-CUBE-AZRTOS-WB.2.0.0
2025-12-30 21:53:05,361 [WARN] ConditionMgr:1044 - genDependencies : Invalid condition id : UX DEVICE CLASS RTOS Condition cause : null
2025-12-30 21:53:05,362 [WARN] ConditionMgr:1044 - genDependencies : Invalid condition id : UX DEVICE CLASS RTOS Condition cause : null
2025-12-30 21:53:05,362 [WARN] ConditionMgr:1044 - genDependencies : Invalid condition id : UX DEVICE CLASS RTOS Condition cause : null
2025-12-30 21:53:05,363 [WARN] ConditionMgr:1044 - genDependencies : Invalid condition id : UX DEVICE CLASS RTOS Condition cause : null
2025-12-30 21:53:05,363 [WARN] ConditionMgr:1044 - genDependencies : Invalid condition id : UX DEVICE CLASS RTOS Condition cause : null
2025-12-30 21:53:05,369 [WARN] PackLoader:240 - Cannot read IP mode file for STMicroelectronics.X-CUBE-GNSS1.7.0.1
2025-12-30 21:53:05,375 [WARN] ConditionMgr:438 - getConditionDescription Invalid condition id : Cortex-A Device cause : null
2025-12-30 21:53:05,408 [WARN] ConditionMgr:1044 - genDependencies : Invalid condition id : Cortex-A Device cause : null
2025-12-30 21:53:05,408 [WARN] ConditionMgr:1044 - genDependencies : Invalid condition id : Cortex-A Device cause : null
2025-12-30 21:53:05,408 [WARN] ConditionMgr:1044 - genDependencies : Invalid condition id : Cortex-A Device cause : null
2025-12-30 21:53:05,419 [WARN] PackLoader:240 - Cannot read IP mode file for STMicroelectronics.X-CUBE-SUBG2.5.0.0
2025-12-30 21:53:05,443 [WARN] PackLoader:240 - Cannot read IP mode file for STMicroelectronics.X-CUBE-AZRTOS-H7RS.1.1.0
2025-12-30 21:53:05,459 [WARN] PackLoader:240 - Cannot read IP mode file for STMicroelectronics.X-CUBE-AZRTOS-G4.2.0.0
2025-12-30 21:53:05,467 [WARN] PackLoader:240 - Cannot read IP mode file for wolfSSL.I-CUBE-wolfSSH.1.4.20
2025-12-30 21:53:05,473 [WARN] PackLoader:240 - Cannot read IP mode file for STMicroelectronics.X-CUBE-NFC7.2.0.0
2025-12-30 21:53:05,485 [WARN] PackLoader:240 - Cannot read IP mode file for STMicroelectronics.X-CUBE-IPS.3.1.0
2025-12-30 21:53:05,494 [WARN] PackLoader:240 - Cannot read IP mode file for STMicroelectronics.X-CUBE-ALS.1.0.2
2025-12-30 21:53:05,502 [WARN] PackLoader:240 - Cannot read IP mode file for STMicroelectronics.X-CUBE-STSE01.1.0.0
2025-12-30 21:53:05,514 [WARN] PackLoader:240 - Cannot read IP mode file for STMicroelectronics.X-CUBE-TOF1.3.4.3
2025-12-30 21:53:05,524 [INFO] ThirdParty:978 - Integrity check success = true
2025-12-30 21:53:05,525 [INFO] IntegrityCheckThread:100 - exiting critical section [integrity check]
2025-12-30 21:53:05,525 [INFO] IntegrityCheckThread:103 - End integrity checks thread
2025-12-30 21:58:38,790 [ERROR] LogOutputStream:75 - [STDERR_REDIRECT] 
