2026-01-07 22:16:47,792 [INFO] Activator:176 - 


2026-01-07 22:16:47,807 [INFO] Activator:177 - !SESSION log4j initialized
2026-01-07 22:16:53,716 [INFO] LogOutputStream:77 - [STDOUT_REDIRECT] 
2026-01-07 22:16:54,751 [INFO] ApplicationProperties:184 - Using Application install path: C:\ST\STM32CubeIDE_1.19.0\STM32CubeIDE\plugins\com.st.stm32cube.common.mx_6.15.0.202507011659
2026-01-07 22:16:54,774 [INFO] DbMcusXml:78 - Set database path to: C:\ST\STM32CubeIDE_1.19.0\STM32CubeIDE\plugins\com.st.stm32cube.common.mx_6.15.0.202507011659\\db\/mcu/
2026-01-07 22:16:54,774 [INFO] ApiDb:274 - Set plugin database path to: C:\ST\STM32CubeIDE_1.19.0\STM32CubeIDE\plugins\com.st.stm32cube.common.mx_6.15.0.202507011659\\db\/plugins/boardmanager/
2026-01-07 22:16:54,775 [WARN] ApiDb:259 - Overriding images path with different value:  => C:\ST\STM32CubeIDE_1.19.0\STM32CubeIDE\plugins\com.st.stm32cube.common.mx_6.15.0.202507011659\\db\/plugins/mcufinder/images/
2026-01-07 22:16:54,797 [INFO] ApiDb:250 - Set database path to: C:\Users\ASUS\.stmcufinder\plugins\mcufinder//mcu/
2026-01-07 22:16:54,798 [INFO] DbMcusAds:125 - Set database path to: C:\Users\ASUS\.stmcufinder\plugins\mcufinder//mcu/
2026-01-07 22:16:54,802 [INFO] CrossReferenceDbSqlite:203 - Set database path to: C:\Users\ASUS\.stmcufinder\plugins\mcufinder//mcu/cs/
2026-01-07 22:16:54,961 [INFO] RulesReader:64 - Compatibility file has been processed (317 Rules)
2026-01-07 22:16:55,043 [INFO] DbMcusXml:78 - Set database path to: C:\ST\STM32CubeIDE_1.19.0\STM32CubeIDE\plugins\com.st.stm32cube.common.mx_6.15.0.202507011659\\db\/mcu/
2026-01-07 22:16:55,043 [INFO] ApiDb:274 - Set plugin database path to: C:\ST\STM32CubeIDE_1.19.0\STM32CubeIDE\plugins\com.st.stm32cube.common.mx_6.15.0.202507011659\\db\/plugins/boardmanager/
2026-01-07 22:16:55,043 [INFO] ApiDb:261 - Set plugin images path to: C:\ST\STM32CubeIDE_1.19.0\STM32CubeIDE\plugins\com.st.stm32cube.common.mx_6.15.0.202507011659\\db\/plugins/mcufinder/images/
2026-01-07 22:16:55,044 [WARN] DbFile:41 - Overriding database path with different value: C:\Users\ASUS\.stmcufinder\plugins\mcufinder/ => C:\Users\ASUS\.stmcufinder\plugins\mcufinder
2026-01-07 22:16:55,044 [INFO] ApiDb:250 - Set database path to: C:\Users\ASUS\.stmcufinder\plugins\mcufinder//mcu/
2026-01-07 22:16:55,044 [WARN] DbFile:41 - Overriding database path with different value: C:\Users\ASUS\.stmcufinder\plugins\mcufinder/ => C:\Users\ASUS\.stmcufinder\plugins\mcufinder
2026-01-07 22:16:55,044 [INFO] DbMcusAds:125 - Set database path to: C:\Users\ASUS\.stmcufinder\plugins\mcufinder//mcu/
2026-01-07 22:16:55,044 [WARN] DbFile:41 - Overriding database path with different value: C:\Users\ASUS\.stmcufinder\plugins\mcufinder/ => C:\Users\ASUS\.stmcufinder\plugins\mcufinder
2026-01-07 22:16:55,044 [WARN] DbFile:41 - Overriding database path with different value: C:\Users\ASUS\.stmcufinder\plugins\mcufinder/ => C:\Users\ASUS\.stmcufinder\plugins\mcufinder
2026-01-07 22:16:55,044 [INFO] CrossReferenceDbSqlite:203 - Set database path to: C:\Users\ASUS\.stmcufinder\plugins\mcufinder//mcu/cs/
2026-01-07 22:16:55,124 [INFO] MainPanel:274 - HeapMemory: 268435456
2026-01-07 22:16:55,254 [INFO] DbMcusXml:78 - Set database path to: C:\ST\STM32CubeIDE_1.19.0\STM32CubeIDE\plugins\com.st.stm32cube.common.mx_6.15.0.202507011659\\db\/mcu/
2026-01-07 22:16:55,254 [INFO] ApiDb:274 - Set plugin database path to: C:\ST\STM32CubeIDE_1.19.0\STM32CubeIDE\plugins\com.st.stm32cube.common.mx_6.15.0.202507011659\\db\/plugins/boardmanager/
2026-01-07 22:16:55,254 [INFO] ApiDb:261 - Set plugin images path to: C:\ST\STM32CubeIDE_1.19.0\STM32CubeIDE\plugins\com.st.stm32cube.common.mx_6.15.0.202507011659\\db\/plugins/mcufinder/images/
2026-01-07 22:16:55,255 [WARN] DbFile:41 - Overriding database path with different value: C:\Users\ASUS\.stmcufinder\plugins\mcufinder/ => C:\Users\ASUS\.stmcufinder\plugins\mcufinder
2026-01-07 22:16:55,255 [INFO] ApiDb:250 - Set database path to: C:\Users\ASUS\.stmcufinder\plugins\mcufinder//mcu/
2026-01-07 22:16:55,255 [WARN] DbFile:41 - Overriding database path with different value: C:\Users\ASUS\.stmcufinder\plugins\mcufinder/ => C:\Users\ASUS\.stmcufinder\plugins\mcufinder
2026-01-07 22:16:55,255 [INFO] DbMcusAds:125 - Set database path to: C:\Users\ASUS\.stmcufinder\plugins\mcufinder//mcu/
2026-01-07 22:16:55,255 [WARN] DbFile:41 - Overriding database path with different value: C:\Users\ASUS\.stmcufinder\plugins\mcufinder/ => C:\Users\ASUS\.stmcufinder\plugins\mcufinder
2026-01-07 22:16:55,255 [WARN] DbFile:41 - Overriding database path with different value: C:\Users\ASUS\.stmcufinder\plugins\mcufinder/ => C:\Users\ASUS\.stmcufinder\plugins\mcufinder
2026-01-07 22:16:55,255 [INFO] CrossReferenceDbSqlite:203 - Set database path to: C:\Users\ASUS\.stmcufinder\plugins\mcufinder//mcu/cs/
2026-01-07 22:16:55,293 [INFO] ApplicationProperties:184 - Using Application install path: C:\ST\STM32CubeIDE_1.19.0\STM32CubeIDE\plugins\com.st.stm32cube.common.mx_6.15.0.202507011659
2026-01-07 22:16:55,295 [INFO] PluginManage:196 - Search for loadable plugins [exclusion list=, ]
2026-01-07 22:16:55,297 [INFO] PluginManage:310 - Check plugin analytics
2026-01-07 22:16:55,531 [INFO] AnalyticsPlugin:253 - Accepted Software Licenses: STM32CubeMX.6.12.1
2026-01-07 22:16:55,531 [INFO] AnalyticsPlugin:255 - Accepted CMSIS Pack Licenses: 
2026-01-07 22:16:55,531 [INFO] AnalyticsPlugin:257 - Accepted Firmware Licenses: 
2026-01-07 22:16:55,534 [INFO] PluginManage:359 - Loaded plugin analytics (category:tool,tabindex:-1)
2026-01-07 22:16:55,534 [INFO] PluginManage:310 - Check plugin cadmodel
2026-01-07 22:16:55,555 [INFO] CADModel:105 - Init CAD model plugin
2026-01-07 22:16:55,555 [INFO] PluginManage:359 - Loaded plugin cadmodel (category:power,tabindex:5)
2026-01-07 22:16:55,555 [INFO] PluginManage:310 - Check plugin clock
2026-01-07 22:16:55,579 [INFO] PluginManage:359 - Loaded plugin clock (category:base,tabindex:2)
2026-01-07 22:16:55,579 [INFO] PluginManage:310 - Check plugin ddr
2026-01-07 22:16:55,582 [INFO] PluginManage:359 - Loaded plugin ddr (category:tool,tabindex:6)
2026-01-07 22:16:55,582 [INFO] PluginManage:310 - Check plugin filemanager
2026-01-07 22:16:55,721 [INFO] PluginManage:359 - Loaded plugin filemanager (category:base,tabindex:10)
2026-01-07 22:16:55,721 [INFO] PluginManage:310 - Check plugin ipmanager
2026-01-07 22:16:55,728 [INFO] PluginManage:359 - Loaded plugin ipmanager (category:base,tabindex:5)
2026-01-07 22:16:55,728 [INFO] PluginManage:310 - Check plugin lpbam
2026-01-07 22:16:55,748 [INFO] PluginManage:359 - Loaded plugin lpbam (category:base,tabindex:0)
2026-01-07 22:16:55,748 [INFO] PluginManage:310 - Check plugin memorymap
2026-01-07 22:16:55,773 [INFO] PluginManage:359 - Loaded plugin memorymap (category:base,tabindex:4)
2026-01-07 22:16:55,774 [INFO] PluginManage:310 - Check plugin pinoutandconfiguration
2026-01-07 22:16:55,794 [INFO] PluginManage:359 - Loaded plugin pinoutandconfiguration (category:base,tabindex:1)
2026-01-07 22:16:55,795 [INFO] PluginManage:310 - Check plugin pinoutconfig
2026-01-07 22:16:55,898 [WARN] SupportedApi:132 - Cannot load RTOS API schema: s4s-elt-must-match.1: The content of 'definitions' must match (annotation?, (simpleType | complexType)?, (unique | key | keyref)*)). A problem was found starting at: attribute.
2026-01-07 22:16:56,024 [INFO] PluginManage:359 - Loaded plugin pinoutconfig (category:base,tabindex:0)
2026-01-07 22:16:56,024 [INFO] PluginManage:310 - Check plugin power
2026-01-07 22:16:56,047 [INFO] PluginManage:359 - Loaded plugin power (category:power,tabindex:4)
2026-01-07 22:16:56,048 [INFO] PluginManage:310 - Check plugin projectmanager
2026-01-07 22:16:56,063 [INFO] PluginManage:359 - Loaded plugin projectmanager (category:projectmanager,tabindex:4)
2026-01-07 22:16:56,063 [INFO] PluginManage:310 - Check plugin rif
2026-01-07 22:16:56,086 [INFO] PluginManage:359 - Loaded plugin rif (category:base,tabindex:3)
2026-01-07 22:16:56,086 [INFO] PluginManage:310 - Check plugin thirdparty
2026-01-07 22:16:56,416 [INFO] PluginManage:359 - Loaded plugin thirdparty (category:base,tabindex:-1)
2026-01-07 22:16:56,416 [WARN] IntegrityCheckThread:84 - waiting for thirdparty lock release [integrity check]
2026-01-07 22:16:56,416 [INFO] PluginManage:310 - Check plugin tools
2026-01-07 22:16:56,416 [INFO] IntegrityCheckThread:86 - entering critical section [integrity check]
2026-01-07 22:16:56,417 [INFO] ThirdPartyUpdaterWithRetryManager:70 - Updater plugin not ready yet. [1/15]
2026-01-07 22:16:56,464 [INFO] PluginManage:359 - Loaded plugin tools (category:base,tabindex:7)
2026-01-07 22:16:56,464 [INFO] PluginManage:310 - Check plugin tutovideos
2026-01-07 22:16:56,678 [INFO] PluginManage:359 - Loaded plugin tutovideos (category:base,tabindex:-1)
2026-01-07 22:16:56,678 [INFO] PluginManage:310 - Check plugin updater
2026-01-07 22:16:56,697 [INFO] PluginManage:359 - Loaded plugin updater (category:base,tabindex:12)
2026-01-07 22:16:56,697 [INFO] PluginManage:310 - Check plugin userauth
2026-01-07 22:16:56,702 [INFO] UserAuth:118 - Init User Auth plugin
2026-01-07 22:16:56,702 [INFO] PluginManage:359 - Loaded plugin userauth (category:base,tabindex:14)
2026-01-07 22:16:56,702 [INFO] PluginManage:283 - PluginManage : Loaded plugins [18]
2026-01-07 22:16:56,887 [INFO] PinOutPanel:1589 - setPackage(No Configuration,No Configuration)
2026-01-07 22:16:56,964 [INFO] CADModel:165 - CPN selected for project level
2026-01-07 22:16:56,964 [INFO] CADModel:114 - Register for checkConnection events
2026-01-07 22:16:56,992 [INFO] IPUIPlugin:80 - create IPUIPlugin
2026-01-07 22:16:56,993 [INFO] PluginManager:220 - loadIPPluginJar : add adc
2026-01-07 22:16:57,039 [INFO] IPUIPlugin:80 - create IPUIPlugin
2026-01-07 22:16:57,039 [INFO] PluginManager:220 - loadIPPluginJar : add aes
2026-01-07 22:16:57,090 [INFO] IPUIPlugin:80 - create IPUIPlugin
2026-01-07 22:16:57,090 [INFO] PluginManager:220 - loadIPPluginJar : add can
2026-01-07 22:16:57,123 [INFO] IPUIPlugin:80 - create IPUIPlugin
2026-01-07 22:16:57,123 [INFO] PluginManager:220 - loadIPPluginJar : add comp
2026-01-07 22:16:57,163 [INFO] IPUIPlugin:80 - create IPUIPlugin
2026-01-07 22:16:57,163 [INFO] PluginManager:220 - loadIPPluginJar : add cryp
2026-01-07 22:16:57,178 [INFO] IPUIPlugin:80 - create IPUIPlugin
2026-01-07 22:16:57,178 [INFO] PluginManager:220 - loadIPPluginJar : add ddr_ctrl_phy
2026-01-07 22:16:57,213 [INFO] IPUIPlugin:80 - create IPUIPlugin
2026-01-07 22:16:57,214 [INFO] PluginManager:220 - loadIPPluginJar : add dfsdm
2026-01-07 22:16:57,228 [INFO] IPUIPlugin:80 - create IPUIPlugin
2026-01-07 22:16:57,229 [INFO] PluginManager:220 - loadIPPluginJar : add dma
2026-01-07 22:16:57,281 [INFO] IPUIPlugin:80 - create IPUIPlugin
2026-01-07 22:16:57,281 [INFO] PluginManager:220 - loadIPPluginJar : add dma3
2026-01-07 22:16:57,342 [INFO] IPUIPlugin:80 - create IPUIPlugin
2026-01-07 22:16:57,342 [INFO] PluginManager:220 - loadIPPluginJar : add extmemmanager
2026-01-07 22:16:57,369 [INFO] IPUIPlugin:80 - create IPUIPlugin
2026-01-07 22:16:57,369 [INFO] PluginManager:220 - loadIPPluginJar : add fatfs
2026-01-07 22:16:57,427 [INFO] IPUIPlugin:80 - create IPUIPlugin
2026-01-07 22:16:57,427 [INFO] PluginManager:220 - loadIPPluginJar : add fmc
2026-01-07 22:16:57,448 [INFO] IPUIPlugin:80 - create IPUIPlugin
2026-01-07 22:16:57,448 [INFO] PluginManager:220 - loadIPPluginJar : add freertos
2026-01-07 22:16:57,473 [INFO] IPUIPlugin:80 - create IPUIPlugin
2026-01-07 22:16:57,473 [INFO] PluginManager:220 - loadIPPluginJar : add genericplugin
2026-01-07 22:16:57,579 [INFO] IPUIPlugin:80 - create IPUIPlugin
2026-01-07 22:16:57,579 [INFO] PluginManager:220 - loadIPPluginJar : add gfxmmu
2026-01-07 22:16:57,720 [INFO] IPUIPlugin:80 - create IPUIPlugin
2026-01-07 22:16:57,720 [INFO] PluginManager:220 - loadIPPluginJar : add gic
2026-01-07 22:16:57,734 [INFO] IPUIPlugin:80 - create IPUIPlugin
2026-01-07 22:16:57,734 [INFO] PluginManager:220 - loadIPPluginJar : add gpio
2026-01-07 22:16:57,840 [INFO] IPUIPlugin:80 - create IPUIPlugin
2026-01-07 22:16:57,840 [INFO] PluginManager:220 - loadIPPluginJar : add gtzc
2026-01-07 22:16:57,878 [INFO] IPUIPlugin:80 - create IPUIPlugin
2026-01-07 22:16:57,878 [INFO] PluginManager:220 - loadIPPluginJar : add hash
2026-01-07 22:16:57,937 [INFO] IPUIPlugin:80 - create IPUIPlugin
2026-01-07 22:16:57,937 [INFO] PluginManager:220 - loadIPPluginJar : add i2c
2026-01-07 22:16:57,982 [INFO] IPUIPlugin:80 - create IPUIPlugin
2026-01-07 22:16:57,982 [INFO] PluginManager:220 - loadIPPluginJar : add i2s
2026-01-07 22:16:58,029 [INFO] IPUIPlugin:80 - create IPUIPlugin
2026-01-07 22:16:58,029 [INFO] PluginManager:220 - loadIPPluginJar : add i3c
2026-01-07 22:16:58,142 [INFO] IPUIPlugin:80 - create IPUIPlugin
2026-01-07 22:16:58,142 [INFO] PluginManager:220 - loadIPPluginJar : add ipddr
2026-01-07 22:16:58,243 [INFO] IPUIPlugin:80 - create IPUIPlugin
2026-01-07 22:16:58,244 [INFO] PluginManager:220 - loadIPPluginJar : add linkedlist
2026-01-07 22:16:58,286 [INFO] IPUIPlugin:80 - create IPUIPlugin
2026-01-07 22:16:58,286 [INFO] PluginManager:220 - loadIPPluginJar : add lorawan
2026-01-07 22:16:58,329 [INFO] IPUIPlugin:80 - create IPUIPlugin
2026-01-07 22:16:58,329 [INFO] PluginManager:220 - loadIPPluginJar : add ltdc
2026-01-07 22:16:58,345 [INFO] IPUIPlugin:80 - create IPUIPlugin
2026-01-07 22:16:58,345 [INFO] PluginManager:220 - loadIPPluginJar : add mdma
2026-01-07 22:16:58,359 [INFO] IPUIPlugin:80 - create IPUIPlugin
2026-01-07 22:16:58,359 [INFO] PluginManager:220 - loadIPPluginJar : add nvic
2026-01-07 22:16:58,404 [INFO] IPUIPlugin:80 - create IPUIPlugin
2026-01-07 22:16:58,404 [INFO] PluginManager:220 - loadIPPluginJar : add opamp
2026-01-07 22:16:58,473 [INFO] IPUIPlugin:80 - create IPUIPlugin
2026-01-07 22:16:58,473 [INFO] PluginManager:220 - loadIPPluginJar : add openamp
2026-01-07 22:16:58,522 [INFO] IPUIPlugin:80 - create IPUIPlugin
2026-01-07 22:16:58,523 [INFO] PluginManager:220 - loadIPPluginJar : add pdm2pcm
2026-01-07 22:16:58,538 [INFO] IPUIPlugin:80 - create IPUIPlugin
2026-01-07 22:16:58,540 [INFO] PluginManager:220 - loadIPPluginJar : add plateformsettings
2026-01-07 22:16:58,568 [INFO] IPUIPlugin:80 - create IPUIPlugin
2026-01-07 22:16:58,568 [INFO] PluginManager:220 - loadIPPluginJar : add quadspi
2026-01-07 22:16:58,599 [INFO] IPUIPlugin:80 - create IPUIPlugin
2026-01-07 22:16:58,599 [INFO] PluginManager:220 - loadIPPluginJar : add radio
2026-01-07 22:16:58,615 [INFO] IPUIPlugin:80 - create IPUIPlugin
2026-01-07 22:16:58,615 [INFO] PluginManager:220 - loadIPPluginJar : add resmgrutility
2026-01-07 22:16:58,682 [INFO] IPUIPlugin:80 - create IPUIPlugin
2026-01-07 22:16:58,682 [INFO] PluginManager:220 - loadIPPluginJar : add sai
2026-01-07 22:16:58,734 [INFO] IPUIPlugin:80 - create IPUIPlugin
2026-01-07 22:16:58,735 [INFO] PluginManager:220 - loadIPPluginJar : add spi
2026-01-07 22:16:58,819 [INFO] IPUIPlugin:80 - create IPUIPlugin
2026-01-07 22:16:58,819 [INFO] PluginManager:220 - loadIPPluginJar : add stm32_wpan
2026-01-07 22:16:58,848 [INFO] IPUIPlugin:80 - create IPUIPlugin
2026-01-07 22:16:58,848 [INFO] PluginManager:220 - loadIPPluginJar : add tim
2026-01-07 22:16:58,915 [INFO] IPUIPlugin:80 - create IPUIPlugin
2026-01-07 22:16:58,915 [INFO] PluginManager:220 - loadIPPluginJar : add touchsensing
2026-01-07 22:16:58,942 [INFO] IPUIPlugin:80 - create IPUIPlugin
2026-01-07 22:16:58,942 [INFO] PluginManager:220 - loadIPPluginJar : add tracer_emb
2026-01-07 22:16:58,970 [INFO] IPUIPlugin:80 - create IPUIPlugin
2026-01-07 22:16:58,970 [INFO] PluginManager:220 - loadIPPluginJar : add ts
2026-01-07 22:16:58,997 [INFO] IPUIPlugin:80 - create IPUIPlugin
2026-01-07 22:16:58,997 [INFO] PluginManager:220 - loadIPPluginJar : add tsc
2026-01-07 22:16:59,022 [INFO] IPUIPlugin:80 - create IPUIPlugin
2026-01-07 22:16:59,023 [INFO] PluginManager:220 - loadIPPluginJar : add ucpd
2026-01-07 22:16:59,071 [INFO] IPUIPlugin:80 - create IPUIPlugin
2026-01-07 22:16:59,071 [INFO] PluginManager:220 - loadIPPluginJar : add usart
2026-01-07 22:16:59,121 [INFO] IPUIPlugin:80 - create IPUIPlugin
2026-01-07 22:16:59,121 [INFO] PluginManager:220 - loadIPPluginJar : add usbx
2026-01-07 22:16:59,241 [FATAL] Updater:351 - Updater called before beeing initialized
2026-01-07 22:16:59,268 [INFO] RulesReader:64 - Compatibility file has been processed (317 Rules)
2026-01-07 22:16:59,278 [INFO] RulesReader:64 - Compatibility file has been processed (317 Rules)
2026-01-07 22:16:59,286 [INFO] CADModel:165 - CPN selected for project level
2026-01-07 22:16:59,286 [INFO] CADModel:114 - Register for checkConnection events
2026-01-07 22:16:59,286 [FATAL] Updater:351 - Updater called before beeing initialized
2026-01-07 22:16:59,286 [ERROR] CADModel:125 - Updater not yet initialized, retry later 
2026-01-07 22:16:59,417 [INFO] ThirdPartyUpdaterWithRetryManager:70 - Updater plugin not ready yet. [2/15]
2026-01-07 22:16:59,424 [FATAL] Updater:351 - Updater called before beeing initialized
2026-01-07 22:16:59,426 [INFO] CADModel:165 - CPN selected for project level
2026-01-07 22:16:59,426 [INFO] CADModel:114 - Register for checkConnection events
2026-01-07 22:16:59,426 [FATAL] Updater:351 - Updater called before beeing initialized
2026-01-07 22:16:59,426 [ERROR] CADModel:125 - Updater not yet initialized, retry later 
2026-01-07 22:16:59,429 [FATAL] Updater:351 - Updater called before beeing initialized
2026-01-07 22:16:59,544 [FATAL] Updater:351 - Updater called before beeing initialized
2026-01-07 22:16:59,556 [INFO] DbMcusAds:53 - JSON generation date=Thu Oct 02 16:36:05 ICT 2025 (1759397765645)
2026-01-07 22:16:59,556 [FATAL] Updater:351 - Updater called before beeing initialized
2026-01-07 22:16:59,598 [WARN] DetailPanel:346 - Failed to get advertising image, set to default
2026-01-07 22:16:59,695 [FATAL] Updater:351 - Updater called before beeing initialized
2026-01-07 22:16:59,697 [FATAL] Updater:351 - Updater called before beeing initialized
2026-01-07 22:16:59,697 [FATAL] Updater:351 - Updater called before beeing initialized
2026-01-07 22:16:59,697 [WARN] DetailPanel:346 - Failed to get advertising image, set to default
2026-01-07 22:16:59,698 [FATAL] Updater:351 - Updater called before beeing initialized
2026-01-07 22:16:59,751 [ERROR] Updater:1198 - MainUpdater not yet initialized. External WinMGr cannot be set.
2026-01-07 22:16:59,763 [INFO] Updater:1134 - Updater Version found : 6.15.0
2026-01-07 22:16:59,775 [INFO] ApplicationProperties:184 - Using Application install path: C:\ST\STM32CubeIDE_1.19.0\STM32CubeIDE\plugins\com.st.stm32cube.common.mx_6.15.0.202507011659
2026-01-07 22:17:01,354 [ERROR] LogOutputStream:75 - [STDERR_REDIRECT] Jan 07, 2026 10:17:01 PM java.util.prefs.WindowsPreferences <init>
2026-01-07 22:17:01,356 [ERROR] LogOutputStream:75 - [STDERR_REDIRECT] WARNING: Could not open/create prefs root node Software\JavaSoft\Prefs at root 0xffffffff80000002. Windows RegCreateKeyEx(...) returned error code 5.
2026-01-07 22:17:01,356 [ERROR] LogOutputStream:75 - [STDERR_REDIRECT] 
2026-01-07 22:17:01,726 [INFO] MainUpdater:2872 - connection check result : 10
2026-01-07 22:17:01,727 [INFO] MainUpdater:3604 - Updater definition file requires update
2026-01-07 22:17:01,728 [INFO] MainUpdater:289 - Updater Check For Update Now.
2026-01-07 22:17:01,728 [INFO] MicroXplorer:498 - Change Database Version : DB.6.0.150
2026-01-07 22:17:01,748 [INFO] McuFinderGlobals:63 - Set McuFinder mode to 2 (CubeIDE integrated)
2026-01-07 22:17:01,748 [INFO] UserAuth:171 - activating auth plugin
2026-01-07 22:17:01,751 [INFO] UserAuth:487 - Internet connection configuration mode: 1
2026-01-07 22:17:01,772 [INFO] ServerAccessManage:452 - Complete download http(s) 200
2026-01-07 22:17:01,774 [INFO] ServerAccessManage:509 - Download File updaters.zip
2026-01-07 22:17:01,791 [INFO] JxBrowserEngine:152 - Initiate JxBrowser Engine with user profile folder
2026-01-07 22:17:01,920 [INFO] FileExtend:248 - Unzip File : updaters.zip
2026-01-07 22:17:01,920 [INFO] FileExtend:263 - Standard Zip Deflate
2026-01-07 22:17:02,418 [WARN] MainUpdater:1193 - Updater busy. Cannot search thirdparties
2026-01-07 22:17:02,418 [INFO] ThirdPartyUpdaterWithRetryManager:96 - Updater plugin is busy. [1/15]
2026-01-07 22:17:02,738 [INFO] ServerAccessManage:452 - Complete download http(s) 200
2026-01-07 22:17:02,739 [INFO] ServerAccessManage:509 - Download File PacksControlFlags.xml
2026-01-07 22:17:02,878 [INFO] ServerAccessManage:452 - Complete download http(s) 200
2026-01-07 22:17:02,879 [INFO] ServerAccessManage:509 - Download File cubemx.pidx
2026-01-07 22:17:03,102 [INFO] LoadServerUpdatesThread:375 - End of LoadServerUpdate Thread
2026-01-07 22:17:03,385 [INFO] CheckServerUpdateThread:120 - End of CheckServer Thread
2026-01-07 22:17:04,248 [INFO] WebApp:169 - Instantiating new browser for Auth
2026-01-07 22:17:04,941 [INFO] WebApp:463 - Apply proxy settings
2026-01-07 22:17:04,941 [INFO] WebApp:548 - Chromium requires no authentication
2026-01-07 22:17:04,949 [INFO] WebApp:491 - Direct internet connection detected
2026-01-07 22:17:04,978 [INFO] WebApp:900 - Register for checkConnection events
2026-01-07 22:17:04,978 [INFO] WebApp:463 - Apply proxy settings
2026-01-07 22:17:04,978 [INFO] WebApp:548 - Chromium requires no authentication
2026-01-07 22:17:04,979 [INFO] WebApp:491 - Direct internet connection detected
2026-01-07 22:17:05,161 [INFO] WebApp:225 - Starting web application
2026-01-07 22:17:05,161 [INFO] WebApp:593 - Web application path used C:\ST\STM32CubeIDE_1.19.0\STM32CubeIDE\plugins\com.st.stm32cube.common.mx_6.15.0.202507011659\db\plugins\mcufinder\reactClient1\index.html
2026-01-07 22:17:05,287 [INFO] WebApp:191 - Connection restablished
2026-01-07 22:17:05,800 [WARN] PackLoader:240 - Cannot read IP mode file for STMicroelectronics.FP-SNS-MOTENVWB1.1.4.0
2026-01-07 22:17:05,827 [WARN] PackLoader:240 - Cannot read IP mode file for STMicroelectronics.FP-ATR-ASTRA1.2.0.2
2026-01-07 22:17:05,853 [WARN] PackLoader:240 - Cannot read IP mode file for STMicroelectronics.X-CUBE-SMBUS.2.1.0
2026-01-07 22:17:05,875 [WARN] PackLoader:240 - Cannot read IP mode file for STMicroelectronics.X-CUBE-ST60.1.0.0
2026-01-07 22:17:05,936 [WARN] PackLoader:240 - Cannot read IP mode file for STMicroelectronics.X-CUBE-AZRTOS-F7.1.1.0
2026-01-07 22:17:05,968 [WARN] PackLoader:240 - Cannot read IP mode file for Cesanta.I-CUBE-Mongoose.7.19.0
2026-01-07 22:17:05,992 [WARN] PackLoader:240 - Cannot read IP mode file for STMicroelectronics.FP-SNS-MOTENV1.5.1.0
2026-01-07 22:17:06,026 [WARN] PackLoader:240 - Cannot read IP mode file for WES.I-CUBE-Cesium.1.4.0
2026-01-07 22:17:06,084 [WARN] PackLoader:240 - Cannot read IP mode file for Infineon.AIROC-Wi-Fi-Bluetooth-STM32.1.7.1
2026-01-07 22:17:06,153 [WARN] PackLoader:240 - Cannot read IP mode file for STMicroelectronics.X-CUBE-AZRTOS-H7.3.4.0
2026-01-07 22:17:06,188 [WARN] PackLoader:240 - Cannot read IP mode file for STMicroelectronics.X-CUBE-DISPLAY.3.0.0
2026-01-07 22:17:06,223 [WARN] PackLoader:240 - Cannot read IP mode file for STMicroelectronics.X-CUBE-NFC10.1.0.0
2026-01-07 22:17:06,246 [WARN] PackLoader:240 - Cannot read IP mode file for STMicroelectronics.X-CUBE-ST60.1.1.0
2026-01-07 22:17:06,272 [WARN] PackLoader:240 - Cannot read IP mode file for emotas.I-CUBE-CANOPEN.1.3.0
2026-01-07 22:17:06,295 [WARN] PackLoader:240 - Cannot read IP mode file for STMicroelectronics.X-CUBE-GNSS1.7.1.0
2026-01-07 22:17:06,322 [WARN] PackLoader:240 - Cannot read IP mode file for STMicroelectronics.FP-SNS-STBOX1.2.1.0
2026-01-07 22:17:06,348 [WARN] PackLoader:240 - Cannot read IP mode file for STMicroelectronics.FP-SNS-SMARTAG2.1.2.0
2026-01-07 22:17:06,374 [WARN] PackLoader:240 - Cannot read IP mode file for STMicroelectronics.FP-SNS-FLIGHT1.5.1.0
2026-01-07 22:17:06,410 [INFO] LogOutputStream:77 - [STDOUT_REDIRECT] 1 : Invalid condition id : UX_CORESTACK_Condition cause : null
2026-01-07 22:17:06,411 [INFO] LogOutputStream:77 - [STDOUT_REDIRECT] 1 : Invalid condition id : UX_CORESTACK_Condition cause : null
2026-01-07 22:17:06,412 [INFO] LogOutputStream:77 - [STDOUT_REDIRECT] 1 : Invalid condition id : UX_CORESTACK_Condition cause : null
2026-01-07 22:17:06,413 [INFO] LogOutputStream:77 - [STDOUT_REDIRECT] 1 : Invalid condition id : UX_CORESTACK_Condition cause : null
2026-01-07 22:17:06,415 [INFO] LogOutputStream:77 - [STDOUT_REDIRECT] 1 : Invalid condition id : UX_CORESTACK_Condition cause : null
2026-01-07 22:17:06,419 [WARN] PackLoader:240 - Cannot read IP mode file for STMicroelectronics.X-CUBE-AZRTOS-WL.2.0.0
2026-01-07 22:17:06,441 [WARN] PackLoader:240 - Cannot read IP mode file for STMicroelectronics.FP-SNS-MOTENV1.5.0.0
2026-01-07 22:17:06,488 [WARN] PackLoader:240 - Cannot read IP mode file for STMicroelectronics.X-CUBE-AZRTOS-H7RS.1.2.0
2026-01-07 22:17:06,515 [WARN] PackLoader:240 - Cannot read IP mode file for STMicroelectronics.X-CUBE-BLE2.3.3.0
2026-01-07 22:17:06,581 [WARN] PackLoader:240 - Cannot read IP mode file for STMicroelectronics.X-CUBE-NFC9.1.0.0
2026-01-07 22:17:06,601 [WARN] PackLoader:240 - Cannot read IP mode file for wolfSSL.I-CUBE-wolfSSL.5.8.2
2026-01-07 22:17:06,619 [WARN] PackLoader:240 - Cannot read IP mode file for STMicroelectronics.X-CUBE-BLE1.7.1.0
2026-01-07 22:17:06,632 [WARN] PackLoader:240 - Cannot read IP mode file for wolfSSL.I-CUBE-wolfMQTT.1.19.2
2026-01-07 22:17:06,648 [WARN] PackLoader:240 - Cannot read IP mode file for STMicroelectronics.X-CUBE-FREERTOS.1.4.0
2026-01-07 22:17:06,664 [WARN] PackLoader:240 - Cannot read IP mode file for STMicroelectronics.X-CUBE-EEPRMA1.5.2.0
2026-01-07 22:17:06,682 [WARN] PackLoader:240 - Cannot read IP mode file for STMicroelectronics.X-CUBE-ST67W61.1.1.0
2026-01-07 22:17:06,746 [WARN] PackLoader:240 - Cannot read IP mode file for STMicroelectronics.X-CUBE-MEMS1.12.0.0
2026-01-07 22:17:06,904 [WARN] PackLoader:240 - Cannot read IP mode file for STMicroelectronics.X-CUBE-AZRTOS-G0.1.1.0
2026-01-07 22:17:06,927 [WARN] PackLoader:240 - Cannot read IP mode file for STMicroelectronics.X-CUBE-SAFEA1.1.2.2
2026-01-07 22:17:06,946 [WARN] PackLoader:240 - Cannot read IP mode file for STMicroelectronics.X-CUBE-NFC4.3.0.0
2026-01-07 22:17:06,967 [WARN] PackLoader:240 - Cannot read IP mode file for EmbeddedOffice.I-CUBE-FS-RTOS.1.0.1
2026-01-07 22:17:06,985 [WARN] PackLoader:240 - Cannot read IP mode file for STMicroelectronics.X-CUBE-WB05N.2.0.0
2026-01-07 22:17:07,001 [WARN] PackLoader:240 - Cannot read IP mode file for wolfSSL.I-CUBE-wolfTPM.3.8.0
2026-01-07 22:17:07,016 [WARN] PackLoader:240 - Cannot read IP mode file for STMicroelectronics.X-CUBE-TCPP.4.2.0
2026-01-07 22:17:07,032 [WARN] PackLoader:240 - Cannot read IP mode file for RealThread.X-CUBE-RT-Thread_Nano.4.1.1
2026-01-07 22:17:07,047 [WARN] PackLoader:240 - Cannot read IP mode file for STMicroelectronics.FP-ATR-SIGFOX1.3.2.0
2026-01-07 22:17:07,064 [WARN] PackLoader:240 - Cannot read IP mode file for ITTIA_DB.I-CUBE-ITTIADB.8.9.0
2026-01-07 22:17:07,082 [WARN] PackLoader:240 - Cannot read IP mode file for STMicroelectronics.X-CUBE-ST67W61.1.0.0
2026-01-07 22:17:07,099 [WARN] PackLoader:240 - Cannot read IP mode file for STMicroelectronics.X-CUBE-AI.10.2.0
2026-01-07 22:17:07,132 [WARN] PackLoader:240 - Cannot read IP mode file for SEGGER.I-CUBE-embOS.1.3.1
2026-01-07 22:17:07,177 [WARN] PackLoader:240 - Cannot read IP mode file for STMicroelectronics.X-CUBE-ALGOBUILD.1.4.0
2026-01-07 22:17:07,250 [WARN] PackLoader:240 - Cannot read IP mode file for STMicroelectronics.X-CUBE-MEMS1.11.3.0
2026-01-07 22:17:07,372 [WARN] PackLoader:240 - Cannot read IP mode file for STMicroelectronics.X-CUBE-PM33A1.1.0.0
2026-01-07 22:17:07,403 [WARN] PackLoader:240 - Cannot read IP mode file for STMicroelectronics.X-CUBE-AZRTOS-F4.1.1.0
2026-01-07 22:17:07,420 [WARN] PackLoader:240 - Cannot read IP mode file for STMicroelectronics.X-CUBE-ISPU.2.1.0
2026-01-07 22:17:07,445 [WARN] PackLoader:240 - Cannot read IP mode file for STMicroelectronics.X-CUBE-IPS.3.2.0
2026-01-07 22:17:07,465 [WARN] PackLoader:240 - Cannot read IP mode file for STMicroelectronics.X-CUBE-NFC12.1.0.0
2026-01-07 22:17:07,496 [WARN] PackLoader:240 - Cannot read IP mode file for STMicroelectronics.X-CUBE-AZRTOS-L5.2.0.0
2026-01-07 22:17:07,515 [WARN] PackLoader:240 - Cannot read IP mode file for STMicroelectronics.X-CUBE-NFC6.3.1.0
2026-01-07 22:17:07,532 [WARN] PackLoader:240 - Cannot read IP mode file for STMicroelectronics.X-CUBE-FREERTOS.1.3.1
2026-01-07 22:17:07,550 [WARN] PackLoader:240 - Cannot read IP mode file for STMicroelectronics.X-CUBE-TOUCHGFX.4.26.0
2026-01-07 22:17:07,566 [WARN] PackLoader:240 - Cannot read IP mode file for STMicroelectronics.FP-SNS-STAIOTCFT.1.0.0
2026-01-07 22:17:07,585 [WARN] PackLoader:240 - Cannot read IP mode file for STMicroelectronics.X-CUBE-DPower.1.3.0
2026-01-07 22:17:07,621 [WARN] ConditionMgr:438 - getConditionDescription Invalid condition id : LAN8742 Phy interface Condition cause : null
2026-01-07 22:17:07,622 [WARN] PackLoader:240 - Cannot read IP mode file for STMicroelectronics.X-CUBE-AZRTOS-L4.2.0.0
2026-01-07 22:17:07,623 [WARN] ConditionMgr:1044 - genDependencies : Invalid condition id : LAN8742 Phy interface Condition cause : null
2026-01-07 22:17:07,624 [WARN] ConditionMgr:1044 - genDependencies : Invalid condition id : LAN8742 Phy interface Condition cause : null
2026-01-07 22:17:07,624 [WARN] ConditionMgr:1044 - genDependencies : Invalid condition id : LAN8742 Phy interface Condition cause : null
2026-01-07 22:17:07,646 [WARN] PackLoader:240 - Cannot read IP mode file for STMicroelectronics.X-CUBE-SFXS2LP1.4.0.0
2026-01-07 22:17:07,675 [WARN] PackLoader:240 - Cannot read IP mode file for STMicroelectronics.X-CUBE-BLEMGR.4.1.0
2026-01-07 22:17:07,710 [WARN] ConditionMgr:438 - getConditionDescription Invalid condition id : UX DEVICE CLASS RTOS Condition cause : null
2026-01-07 22:17:07,710 [WARN] ConditionMgr:438 - getConditionDescription Invalid condition id : UX DEVICE CLASS RTOS Condition cause : null
2026-01-07 22:17:07,712 [WARN] PackLoader:240 - Cannot read IP mode file for STMicroelectronics.X-CUBE-AZRTOS-WB.2.0.0
2026-01-07 22:17:07,713 [WARN] ConditionMgr:1044 - genDependencies : Invalid condition id : UX DEVICE CLASS RTOS Condition cause : null
2026-01-07 22:17:07,713 [WARN] ConditionMgr:1044 - genDependencies : Invalid condition id : UX DEVICE CLASS RTOS Condition cause : null
2026-01-07 22:17:07,714 [WARN] ConditionMgr:1044 - genDependencies : Invalid condition id : UX DEVICE CLASS RTOS Condition cause : null
2026-01-07 22:17:07,714 [WARN] ConditionMgr:1044 - genDependencies : Invalid condition id : UX DEVICE CLASS RTOS Condition cause : null
2026-01-07 22:17:07,714 [WARN] ConditionMgr:1044 - genDependencies : Invalid condition id : UX DEVICE CLASS RTOS Condition cause : null
2026-01-07 22:17:07,733 [WARN] PackLoader:240 - Cannot read IP mode file for STMicroelectronics.X-CUBE-GNSS1.7.0.1
2026-01-07 22:17:07,755 [WARN] ConditionMgr:438 - getConditionDescription Invalid condition id : Cortex-A Device cause : null
2026-01-07 22:17:07,788 [WARN] ConditionMgr:1044 - genDependencies : Invalid condition id : Cortex-A Device cause : null
2026-01-07 22:17:07,789 [WARN] ConditionMgr:1044 - genDependencies : Invalid condition id : Cortex-A Device cause : null
2026-01-07 22:17:07,789 [WARN] ConditionMgr:1044 - genDependencies : Invalid condition id : Cortex-A Device cause : null
2026-01-07 22:17:07,816 [WARN] PackLoader:240 - Cannot read IP mode file for STMicroelectronics.X-CUBE-SUBG2.5.0.0
2026-01-07 22:17:07,854 [WARN] PackLoader:240 - Cannot read IP mode file for STMicroelectronics.X-CUBE-AZRTOS-H7RS.1.1.0
2026-01-07 22:17:07,891 [WARN] PackLoader:240 - Cannot read IP mode file for STMicroelectronics.X-CUBE-AZRTOS-G4.2.0.0
2026-01-07 22:17:07,907 [WARN] PackLoader:240 - Cannot read IP mode file for wolfSSL.I-CUBE-wolfSSH.1.4.20
2026-01-07 22:17:07,925 [WARN] PackLoader:240 - Cannot read IP mode file for STMicroelectronics.X-CUBE-NFC7.2.0.0
2026-01-07 22:17:07,945 [WARN] PackLoader:240 - Cannot read IP mode file for STMicroelectronics.X-CUBE-IPS.3.1.0
2026-01-07 22:17:07,963 [WARN] PackLoader:240 - Cannot read IP mode file for STMicroelectronics.X-CUBE-ALS.1.0.2
2026-01-07 22:17:07,980 [WARN] PackLoader:240 - Cannot read IP mode file for STMicroelectronics.X-CUBE-STSE01.1.0.0
2026-01-07 22:17:08,002 [WARN] PackLoader:240 - Cannot read IP mode file for STMicroelectronics.X-CUBE-TOF1.3.4.3
2026-01-07 22:17:08,008 [INFO] ThirdParty:978 - Integrity check success = true
2026-01-07 22:17:08,008 [INFO] IntegrityCheckThread:100 - exiting critical section [integrity check]
2026-01-07 22:17:08,008 [INFO] IntegrityCheckThread:103 - End integrity checks thread
