2025-12-21 13:23:45,019 [INFO] Activator:176 - 


2025-12-21 13:23:45,025 [INFO] Activator:177 - !SESSION log4j initialized
2025-12-21 13:23:52,881 [INFO] LogOutputStream:77 - [STDOUT_REDIRECT] 
2025-12-21 13:23:54,064 [INFO] ApplicationProperties:184 - Using Application install path: C:\ST\STM32CubeIDE_1.19.0\STM32CubeIDE\plugins\com.st.stm32cube.common.mx_6.15.0.202507011659
2025-12-21 13:23:54,081 [INFO] DbMcusXml:78 - Set database path to: C:\ST\STM32CubeIDE_1.19.0\STM32CubeIDE\plugins\com.st.stm32cube.common.mx_6.15.0.202507011659\\db\/mcu/
2025-12-21 13:23:54,081 [INFO] ApiDb:274 - Set plugin database path to: C:\ST\STM32CubeIDE_1.19.0\STM32CubeIDE\plugins\com.st.stm32cube.common.mx_6.15.0.202507011659\\db\/plugins/boardmanager/
2025-12-21 13:23:54,081 [WARN] ApiDb:259 - Overriding images path with different value:  => C:\ST\STM32CubeIDE_1.19.0\STM32CubeIDE\plugins\com.st.stm32cube.common.mx_6.15.0.202507011659\\db\/plugins/mcufinder/images/
2025-12-21 13:23:54,099 [INFO] ApiDb:250 - Set database path to: C:\Users\ASUS\.stmcufinder\plugins\mcufinder//mcu/
2025-12-21 13:23:54,099 [INFO] DbMcusAds:125 - Set database path to: C:\Users\ASUS\.stmcufinder\plugins\mcufinder//mcu/
2025-12-21 13:23:54,099 [INFO] CrossReferenceDbSqlite:203 - Set database path to: C:\Users\ASUS\.stmcufinder\plugins\mcufinder//mcu/cs/
2025-12-21 13:23:54,218 [INFO] RulesReader:64 - Compatibility file has been processed (317 Rules)
2025-12-21 13:23:54,299 [INFO] DbMcusXml:78 - Set database path to: C:\ST\STM32CubeIDE_1.19.0\STM32CubeIDE\plugins\com.st.stm32cube.common.mx_6.15.0.202507011659\\db\/mcu/
2025-12-21 13:23:54,299 [INFO] ApiDb:274 - Set plugin database path to: C:\ST\STM32CubeIDE_1.19.0\STM32CubeIDE\plugins\com.st.stm32cube.common.mx_6.15.0.202507011659\\db\/plugins/boardmanager/
2025-12-21 13:23:54,299 [INFO] ApiDb:261 - Set plugin images path to: C:\ST\STM32CubeIDE_1.19.0\STM32CubeIDE\plugins\com.st.stm32cube.common.mx_6.15.0.202507011659\\db\/plugins/mcufinder/images/
2025-12-21 13:23:54,299 [WARN] DbFile:41 - Overriding database path with different value: C:\Users\ASUS\.stmcufinder\plugins\mcufinder/ => C:\Users\ASUS\.stmcufinder\plugins\mcufinder
2025-12-21 13:23:54,299 [INFO] ApiDb:250 - Set database path to: C:\Users\ASUS\.stmcufinder\plugins\mcufinder//mcu/
2025-12-21 13:23:54,299 [WARN] DbFile:41 - Overriding database path with different value: C:\Users\ASUS\.stmcufinder\plugins\mcufinder/ => C:\Users\ASUS\.stmcufinder\plugins\mcufinder
2025-12-21 13:23:54,299 [INFO] DbMcusAds:125 - Set database path to: C:\Users\ASUS\.stmcufinder\plugins\mcufinder//mcu/
2025-12-21 13:23:54,299 [WARN] DbFile:41 - Overriding database path with different value: C:\Users\ASUS\.stmcufinder\plugins\mcufinder/ => C:\Users\ASUS\.stmcufinder\plugins\mcufinder
2025-12-21 13:23:54,299 [WARN] DbFile:41 - Overriding database path with different value: C:\Users\ASUS\.stmcufinder\plugins\mcufinder/ => C:\Users\ASUS\.stmcufinder\plugins\mcufinder
2025-12-21 13:23:54,299 [INFO] CrossReferenceDbSqlite:203 - Set database path to: C:\Users\ASUS\.stmcufinder\plugins\mcufinder//mcu/cs/
2025-12-21 13:23:54,378 [INFO] MainPanel:274 - HeapMemory: 268435456
2025-12-21 13:23:54,492 [INFO] DbMcusXml:78 - Set database path to: C:\ST\STM32CubeIDE_1.19.0\STM32CubeIDE\plugins\com.st.stm32cube.common.mx_6.15.0.202507011659\\db\/mcu/
2025-12-21 13:23:54,492 [INFO] ApiDb:274 - Set plugin database path to: C:\ST\STM32CubeIDE_1.19.0\STM32CubeIDE\plugins\com.st.stm32cube.common.mx_6.15.0.202507011659\\db\/plugins/boardmanager/
2025-12-21 13:23:54,492 [INFO] ApiDb:261 - Set plugin images path to: C:\ST\STM32CubeIDE_1.19.0\STM32CubeIDE\plugins\com.st.stm32cube.common.mx_6.15.0.202507011659\\db\/plugins/mcufinder/images/
2025-12-21 13:23:54,492 [WARN] DbFile:41 - Overriding database path with different value: C:\Users\ASUS\.stmcufinder\plugins\mcufinder/ => C:\Users\ASUS\.stmcufinder\plugins\mcufinder
2025-12-21 13:23:54,492 [INFO] ApiDb:250 - Set database path to: C:\Users\ASUS\.stmcufinder\plugins\mcufinder//mcu/
2025-12-21 13:23:54,492 [WARN] DbFile:41 - Overriding database path with different value: C:\Users\ASUS\.stmcufinder\plugins\mcufinder/ => C:\Users\ASUS\.stmcufinder\plugins\mcufinder
2025-12-21 13:23:54,492 [INFO] DbMcusAds:125 - Set database path to: C:\Users\ASUS\.stmcufinder\plugins\mcufinder//mcu/
2025-12-21 13:23:54,492 [WARN] DbFile:41 - Overriding database path with different value: C:\Users\ASUS\.stmcufinder\plugins\mcufinder/ => C:\Users\ASUS\.stmcufinder\plugins\mcufinder
2025-12-21 13:23:54,492 [WARN] DbFile:41 - Overriding database path with different value: C:\Users\ASUS\.stmcufinder\plugins\mcufinder/ => C:\Users\ASUS\.stmcufinder\plugins\mcufinder
2025-12-21 13:23:54,493 [INFO] CrossReferenceDbSqlite:203 - Set database path to: C:\Users\ASUS\.stmcufinder\plugins\mcufinder//mcu/cs/
2025-12-21 13:23:54,512 [INFO] ApplicationProperties:184 - Using Application install path: C:\ST\STM32CubeIDE_1.19.0\STM32CubeIDE\plugins\com.st.stm32cube.common.mx_6.15.0.202507011659
2025-12-21 13:23:54,513 [INFO] PluginManage:196 - Search for loadable plugins [exclusion list=, ]
2025-12-21 13:23:54,514 [INFO] PluginManage:310 - Check plugin analytics
2025-12-21 13:23:54,714 [INFO] AnalyticsPlugin:253 - Accepted Software Licenses: STM32CubeMX.6.12.1
2025-12-21 13:23:54,714 [INFO] AnalyticsPlugin:255 - Accepted CMSIS Pack Licenses: 
2025-12-21 13:23:54,714 [INFO] AnalyticsPlugin:257 - Accepted Firmware Licenses: 
2025-12-21 13:23:54,717 [INFO] PluginManage:359 - Loaded plugin analytics (category:tool,tabindex:-1)
2025-12-21 13:23:54,717 [INFO] PluginManage:310 - Check plugin cadmodel
2025-12-21 13:23:54,737 [INFO] CADModel:105 - Init CAD model plugin
2025-12-21 13:23:54,737 [INFO] PluginManage:359 - Loaded plugin cadmodel (category:power,tabindex:5)
2025-12-21 13:23:54,738 [INFO] PluginManage:310 - Check plugin clock
2025-12-21 13:23:54,760 [INFO] PluginManage:359 - Loaded plugin clock (category:base,tabindex:2)
2025-12-21 13:23:54,760 [INFO] PluginManage:310 - Check plugin ddr
2025-12-21 13:23:54,763 [INFO] PluginManage:359 - Loaded plugin ddr (category:tool,tabindex:6)
2025-12-21 13:23:54,763 [INFO] PluginManage:310 - Check plugin filemanager
2025-12-21 13:23:54,909 [INFO] PluginManage:359 - Loaded plugin filemanager (category:base,tabindex:10)
2025-12-21 13:23:54,910 [INFO] PluginManage:310 - Check plugin ipmanager
2025-12-21 13:23:54,919 [INFO] PluginManage:359 - Loaded plugin ipmanager (category:base,tabindex:5)
2025-12-21 13:23:54,919 [INFO] PluginManage:310 - Check plugin lpbam
2025-12-21 13:23:54,938 [INFO] PluginManage:359 - Loaded plugin lpbam (category:base,tabindex:0)
2025-12-21 13:23:54,938 [INFO] PluginManage:310 - Check plugin memorymap
2025-12-21 13:23:54,963 [INFO] PluginManage:359 - Loaded plugin memorymap (category:base,tabindex:4)
2025-12-21 13:23:54,963 [INFO] PluginManage:310 - Check plugin pinoutandconfiguration
2025-12-21 13:23:54,982 [INFO] PluginManage:359 - Loaded plugin pinoutandconfiguration (category:base,tabindex:1)
2025-12-21 13:23:54,982 [INFO] PluginManage:310 - Check plugin pinoutconfig
2025-12-21 13:23:55,081 [WARN] SupportedApi:132 - Cannot load RTOS API schema: s4s-elt-must-match.1: The content of 'definitions' must match (annotation?, (simpleType | complexType)?, (unique | key | keyref)*)). A problem was found starting at: attribute.
2025-12-21 13:23:55,212 [INFO] PluginManage:359 - Loaded plugin pinoutconfig (category:base,tabindex:0)
2025-12-21 13:23:55,212 [INFO] PluginManage:310 - Check plugin power
2025-12-21 13:23:55,236 [INFO] PluginManage:359 - Loaded plugin power (category:power,tabindex:4)
2025-12-21 13:23:55,236 [INFO] PluginManage:310 - Check plugin projectmanager
2025-12-21 13:23:55,251 [INFO] PluginManage:359 - Loaded plugin projectmanager (category:projectmanager,tabindex:4)
2025-12-21 13:23:55,251 [INFO] PluginManage:310 - Check plugin rif
2025-12-21 13:23:55,272 [INFO] PluginManage:359 - Loaded plugin rif (category:base,tabindex:3)
2025-12-21 13:23:55,273 [INFO] PluginManage:310 - Check plugin thirdparty
2025-12-21 13:23:55,589 [INFO] PluginManage:359 - Loaded plugin thirdparty (category:base,tabindex:-1)
2025-12-21 13:23:55,589 [WARN] IntegrityCheckThread:84 - waiting for thirdparty lock release [integrity check]
2025-12-21 13:23:55,589 [INFO] IntegrityCheckThread:86 - entering critical section [integrity check]
2025-12-21 13:23:55,589 [INFO] PluginManage:310 - Check plugin tools
2025-12-21 13:23:55,590 [INFO] ThirdPartyUpdaterWithRetryManager:70 - Updater plugin not ready yet. [1/15]
2025-12-21 13:23:55,632 [INFO] PluginManage:359 - Loaded plugin tools (category:base,tabindex:7)
2025-12-21 13:23:55,632 [INFO] PluginManage:310 - Check plugin tutovideos
2025-12-21 13:23:55,874 [INFO] PluginManage:359 - Loaded plugin tutovideos (category:base,tabindex:-1)
2025-12-21 13:23:55,875 [INFO] PluginManage:310 - Check plugin updater
2025-12-21 13:23:55,898 [INFO] PluginManage:359 - Loaded plugin updater (category:base,tabindex:12)
2025-12-21 13:23:55,898 [INFO] PluginManage:310 - Check plugin userauth
2025-12-21 13:23:55,902 [INFO] UserAuth:118 - Init User Auth plugin
2025-12-21 13:23:55,903 [INFO] PluginManage:359 - Loaded plugin userauth (category:base,tabindex:14)
2025-12-21 13:23:55,905 [INFO] PluginManage:283 - PluginManage : Loaded plugins [18]
2025-12-21 13:23:56,115 [INFO] PinOutPanel:1589 - setPackage(No Configuration,No Configuration)
2025-12-21 13:23:56,198 [INFO] CADModel:165 - CPN selected for project level
2025-12-21 13:23:56,200 [INFO] CADModel:114 - Register for checkConnection events
2025-12-21 13:23:56,229 [INFO] IPUIPlugin:80 - create IPUIPlugin
2025-12-21 13:23:56,230 [INFO] PluginManager:220 - loadIPPluginJar : add adc
2025-12-21 13:23:56,278 [INFO] IPUIPlugin:80 - create IPUIPlugin
2025-12-21 13:23:56,278 [INFO] PluginManager:220 - loadIPPluginJar : add aes
2025-12-21 13:23:56,334 [INFO] IPUIPlugin:80 - create IPUIPlugin
2025-12-21 13:23:56,335 [INFO] PluginManager:220 - loadIPPluginJar : add can
2025-12-21 13:23:56,367 [INFO] IPUIPlugin:80 - create IPUIPlugin
2025-12-21 13:23:56,367 [INFO] PluginManager:220 - loadIPPluginJar : add comp
2025-12-21 13:23:56,413 [INFO] IPUIPlugin:80 - create IPUIPlugin
2025-12-21 13:23:56,413 [INFO] PluginManager:220 - loadIPPluginJar : add cryp
2025-12-21 13:23:56,487 [INFO] IPUIPlugin:80 - create IPUIPlugin
2025-12-21 13:23:56,487 [INFO] PluginManager:220 - loadIPPluginJar : add ddr_ctrl_phy
2025-12-21 13:23:56,530 [INFO] IPUIPlugin:80 - create IPUIPlugin
2025-12-21 13:23:56,530 [INFO] PluginManager:220 - loadIPPluginJar : add dfsdm
2025-12-21 13:23:56,546 [INFO] IPUIPlugin:80 - create IPUIPlugin
2025-12-21 13:23:56,547 [INFO] PluginManager:220 - loadIPPluginJar : add dma
2025-12-21 13:23:56,594 [INFO] IPUIPlugin:80 - create IPUIPlugin
2025-12-21 13:23:56,594 [INFO] PluginManager:220 - loadIPPluginJar : add dma3
2025-12-21 13:23:56,645 [INFO] IPUIPlugin:80 - create IPUIPlugin
2025-12-21 13:23:56,645 [INFO] PluginManager:220 - loadIPPluginJar : add extmemmanager
2025-12-21 13:23:56,670 [INFO] IPUIPlugin:80 - create IPUIPlugin
2025-12-21 13:23:56,670 [INFO] PluginManager:220 - loadIPPluginJar : add fatfs
2025-12-21 13:23:56,726 [INFO] IPUIPlugin:80 - create IPUIPlugin
2025-12-21 13:23:56,726 [INFO] PluginManager:220 - loadIPPluginJar : add fmc
2025-12-21 13:23:56,744 [INFO] IPUIPlugin:80 - create IPUIPlugin
2025-12-21 13:23:56,744 [INFO] PluginManager:220 - loadIPPluginJar : add freertos
2025-12-21 13:23:56,770 [INFO] IPUIPlugin:80 - create IPUIPlugin
2025-12-21 13:23:56,770 [INFO] PluginManager:220 - loadIPPluginJar : add genericplugin
2025-12-21 13:23:56,878 [INFO] IPUIPlugin:80 - create IPUIPlugin
2025-12-21 13:23:56,879 [INFO] PluginManager:220 - loadIPPluginJar : add gfxmmu
2025-12-21 13:23:57,031 [INFO] IPUIPlugin:80 - create IPUIPlugin
2025-12-21 13:23:57,031 [INFO] PluginManager:220 - loadIPPluginJar : add gic
2025-12-21 13:23:57,045 [INFO] IPUIPlugin:80 - create IPUIPlugin
2025-12-21 13:23:57,045 [INFO] PluginManager:220 - loadIPPluginJar : add gpio
2025-12-21 13:23:57,149 [INFO] IPUIPlugin:80 - create IPUIPlugin
2025-12-21 13:23:57,149 [INFO] PluginManager:220 - loadIPPluginJar : add gtzc
2025-12-21 13:23:57,188 [INFO] IPUIPlugin:80 - create IPUIPlugin
2025-12-21 13:23:57,188 [INFO] PluginManager:220 - loadIPPluginJar : add hash
2025-12-21 13:23:57,247 [INFO] IPUIPlugin:80 - create IPUIPlugin
2025-12-21 13:23:57,247 [INFO] PluginManager:220 - loadIPPluginJar : add i2c
2025-12-21 13:23:57,292 [INFO] IPUIPlugin:80 - create IPUIPlugin
2025-12-21 13:23:57,294 [INFO] PluginManager:220 - loadIPPluginJar : add i2s
2025-12-21 13:23:57,340 [INFO] IPUIPlugin:80 - create IPUIPlugin
2025-12-21 13:23:57,340 [INFO] PluginManager:220 - loadIPPluginJar : add i3c
2025-12-21 13:23:57,454 [INFO] IPUIPlugin:80 - create IPUIPlugin
2025-12-21 13:23:57,454 [INFO] PluginManager:220 - loadIPPluginJar : add ipddr
2025-12-21 13:23:57,560 [INFO] IPUIPlugin:80 - create IPUIPlugin
2025-12-21 13:23:57,560 [INFO] PluginManager:220 - loadIPPluginJar : add linkedlist
2025-12-21 13:23:57,602 [INFO] IPUIPlugin:80 - create IPUIPlugin
2025-12-21 13:23:57,602 [INFO] PluginManager:220 - loadIPPluginJar : add lorawan
2025-12-21 13:23:57,643 [INFO] IPUIPlugin:80 - create IPUIPlugin
2025-12-21 13:23:57,643 [INFO] PluginManager:220 - loadIPPluginJar : add ltdc
2025-12-21 13:23:57,659 [INFO] IPUIPlugin:80 - create IPUIPlugin
2025-12-21 13:23:57,659 [INFO] PluginManager:220 - loadIPPluginJar : add mdma
2025-12-21 13:23:57,674 [INFO] IPUIPlugin:80 - create IPUIPlugin
2025-12-21 13:23:57,674 [INFO] PluginManager:220 - loadIPPluginJar : add nvic
2025-12-21 13:23:57,724 [INFO] IPUIPlugin:80 - create IPUIPlugin
2025-12-21 13:23:57,724 [INFO] PluginManager:220 - loadIPPluginJar : add opamp
2025-12-21 13:23:57,798 [INFO] IPUIPlugin:80 - create IPUIPlugin
2025-12-21 13:23:57,798 [INFO] PluginManager:220 - loadIPPluginJar : add openamp
2025-12-21 13:23:57,854 [INFO] IPUIPlugin:80 - create IPUIPlugin
2025-12-21 13:23:57,854 [INFO] PluginManager:220 - loadIPPluginJar : add pdm2pcm
2025-12-21 13:23:57,871 [INFO] IPUIPlugin:80 - create IPUIPlugin
2025-12-21 13:23:57,873 [INFO] PluginManager:220 - loadIPPluginJar : add plateformsettings
2025-12-21 13:23:57,901 [INFO] IPUIPlugin:80 - create IPUIPlugin
2025-12-21 13:23:57,901 [INFO] PluginManager:220 - loadIPPluginJar : add quadspi
2025-12-21 13:23:57,931 [INFO] IPUIPlugin:80 - create IPUIPlugin
2025-12-21 13:23:57,933 [INFO] PluginManager:220 - loadIPPluginJar : add radio
2025-12-21 13:23:57,947 [INFO] IPUIPlugin:80 - create IPUIPlugin
2025-12-21 13:23:57,948 [INFO] PluginManager:220 - loadIPPluginJar : add resmgrutility
2025-12-21 13:23:58,001 [INFO] IPUIPlugin:80 - create IPUIPlugin
2025-12-21 13:23:58,001 [INFO] PluginManager:220 - loadIPPluginJar : add sai
2025-12-21 13:23:58,048 [INFO] IPUIPlugin:80 - create IPUIPlugin
2025-12-21 13:23:58,049 [INFO] PluginManager:220 - loadIPPluginJar : add spi
2025-12-21 13:23:58,138 [INFO] IPUIPlugin:80 - create IPUIPlugin
2025-12-21 13:23:58,138 [INFO] PluginManager:220 - loadIPPluginJar : add stm32_wpan
2025-12-21 13:23:58,167 [INFO] IPUIPlugin:80 - create IPUIPlugin
2025-12-21 13:23:58,167 [INFO] PluginManager:220 - loadIPPluginJar : add tim
2025-12-21 13:23:58,235 [INFO] IPUIPlugin:80 - create IPUIPlugin
2025-12-21 13:23:58,235 [INFO] PluginManager:220 - loadIPPluginJar : add touchsensing
2025-12-21 13:23:58,263 [INFO] IPUIPlugin:80 - create IPUIPlugin
2025-12-21 13:23:58,263 [INFO] PluginManager:220 - loadIPPluginJar : add tracer_emb
2025-12-21 13:23:58,292 [INFO] IPUIPlugin:80 - create IPUIPlugin
2025-12-21 13:23:58,292 [INFO] PluginManager:220 - loadIPPluginJar : add ts
2025-12-21 13:23:58,320 [INFO] IPUIPlugin:80 - create IPUIPlugin
2025-12-21 13:23:58,320 [INFO] PluginManager:220 - loadIPPluginJar : add tsc
2025-12-21 13:23:58,347 [INFO] IPUIPlugin:80 - create IPUIPlugin
2025-12-21 13:23:58,347 [INFO] PluginManager:220 - loadIPPluginJar : add ucpd
2025-12-21 13:23:58,397 [INFO] IPUIPlugin:80 - create IPUIPlugin
2025-12-21 13:23:58,397 [INFO] PluginManager:220 - loadIPPluginJar : add usart
2025-12-21 13:23:58,447 [INFO] IPUIPlugin:80 - create IPUIPlugin
2025-12-21 13:23:58,447 [INFO] PluginManager:220 - loadIPPluginJar : add usbx
2025-12-21 13:23:58,569 [FATAL] Updater:351 - Updater called before beeing initialized
2025-12-21 13:23:58,593 [INFO] ThirdPartyUpdaterWithRetryManager:70 - Updater plugin not ready yet. [2/15]
2025-12-21 13:23:58,593 [INFO] RulesReader:64 - Compatibility file has been processed (317 Rules)
2025-12-21 13:23:58,606 [INFO] RulesReader:64 - Compatibility file has been processed (317 Rules)
2025-12-21 13:23:58,615 [INFO] CADModel:165 - CPN selected for project level
2025-12-21 13:23:58,615 [INFO] CADModel:114 - Register for checkConnection events
2025-12-21 13:23:58,615 [FATAL] Updater:351 - Updater called before beeing initialized
2025-12-21 13:23:58,615 [ERROR] CADModel:125 - Updater not yet initialized, retry later 
2025-12-21 13:23:58,761 [FATAL] Updater:351 - Updater called before beeing initialized
2025-12-21 13:23:58,763 [INFO] CADModel:165 - CPN selected for project level
2025-12-21 13:23:58,763 [INFO] CADModel:114 - Register for checkConnection events
2025-12-21 13:23:58,763 [FATAL] Updater:351 - Updater called before beeing initialized
2025-12-21 13:23:58,763 [ERROR] CADModel:125 - Updater not yet initialized, retry later 
2025-12-21 13:23:58,766 [FATAL] Updater:351 - Updater called before beeing initialized
2025-12-21 13:23:58,865 [FATAL] Updater:351 - Updater called before beeing initialized
2025-12-21 13:23:58,876 [INFO] DbMcusAds:53 - JSON generation date=Thu Oct 02 16:36:05 ICT 2025 (1759397765645)
2025-12-21 13:23:58,876 [FATAL] Updater:351 - Updater called before beeing initialized
2025-12-21 13:23:58,912 [WARN] DetailPanel:346 - Failed to get advertising image, set to default
2025-12-21 13:23:58,987 [FATAL] Updater:351 - Updater called before beeing initialized
2025-12-21 13:23:58,989 [FATAL] Updater:351 - Updater called before beeing initialized
2025-12-21 13:23:58,989 [FATAL] Updater:351 - Updater called before beeing initialized
2025-12-21 13:23:58,989 [WARN] DetailPanel:346 - Failed to get advertising image, set to default
2025-12-21 13:23:58,990 [FATAL] Updater:351 - Updater called before beeing initialized
2025-12-21 13:23:59,047 [ERROR] Updater:1198 - MainUpdater not yet initialized. External WinMGr cannot be set.
2025-12-21 13:23:59,058 [INFO] Updater:1134 - Updater Version found : 6.15.0
2025-12-21 13:23:59,075 [INFO] ApplicationProperties:184 - Using Application install path: C:\ST\STM32CubeIDE_1.19.0\STM32CubeIDE\plugins\com.st.stm32cube.common.mx_6.15.0.202507011659
2025-12-21 13:24:00,663 [ERROR] LogOutputStream:75 - [STDERR_REDIRECT] Dec 21, 2025 1:24:00 PM java.util.prefs.WindowsPreferences <init>
2025-12-21 13:24:00,665 [ERROR] LogOutputStream:75 - [STDERR_REDIRECT] WARNING: Could not open/create prefs root node Software\JavaSoft\Prefs at root 0xffffffff80000002. Windows RegCreateKeyEx(...) returned error code 5.
2025-12-21 13:24:00,666 [ERROR] LogOutputStream:75 - [STDERR_REDIRECT] 
2025-12-21 13:24:01,045 [INFO] MainUpdater:2872 - connection check result : 10
2025-12-21 13:24:01,047 [INFO] MainUpdater:289 - Updater Check For Update Now.
2025-12-21 13:24:01,047 [INFO] MicroXplorer:498 - Change Database Version : DB.6.0.150
2025-12-21 13:24:01,132 [INFO] McuFinderGlobals:63 - Set McuFinder mode to 2 (CubeIDE integrated)
2025-12-21 13:24:01,133 [INFO] UserAuth:171 - activating auth plugin
2025-12-21 13:24:01,149 [INFO] UserAuth:487 - Internet connection configuration mode: 1
2025-12-21 13:24:01,269 [INFO] JxBrowserEngine:152 - Initiate JxBrowser Engine with user profile folder
2025-12-21 13:24:01,435 [INFO] CheckServerUpdateThread:120 - End of CheckServer Thread
2025-12-21 13:24:01,923 [WARN] PackLoader:240 - Cannot read IP mode file for STMicroelectronics.FP-SNS-MOTENVWB1.1.4.0
2025-12-21 13:24:01,952 [WARN] PackLoader:240 - Cannot read IP mode file for STMicroelectronics.FP-ATR-ASTRA1.2.0.2
2025-12-21 13:24:01,977 [WARN] PackLoader:240 - Cannot read IP mode file for STMicroelectronics.X-CUBE-SMBUS.2.1.0
2025-12-21 13:24:01,996 [WARN] PackLoader:240 - Cannot read IP mode file for STMicroelectronics.X-CUBE-ST60.1.0.0
2025-12-21 13:24:02,101 [WARN] PackLoader:240 - Cannot read IP mode file for STMicroelectronics.X-CUBE-AZRTOS-F7.1.1.0
2025-12-21 13:24:02,149 [WARN] PackLoader:240 - Cannot read IP mode file for Cesanta.I-CUBE-Mongoose.7.19.0
2025-12-21 13:24:02,168 [WARN] PackLoader:240 - Cannot read IP mode file for STMicroelectronics.FP-SNS-MOTENV1.5.1.0
2025-12-21 13:24:02,189 [WARN] PackLoader:240 - Cannot read IP mode file for WES.I-CUBE-Cesium.1.4.0
2025-12-21 13:24:02,244 [WARN] PackLoader:240 - Cannot read IP mode file for Infineon.AIROC-Wi-Fi-Bluetooth-STM32.1.7.1
2025-12-21 13:24:02,296 [WARN] PackLoader:240 - Cannot read IP mode file for STMicroelectronics.X-CUBE-AZRTOS-H7.3.4.0
2025-12-21 13:24:02,335 [WARN] PackLoader:240 - Cannot read IP mode file for STMicroelectronics.X-CUBE-DISPLAY.3.0.0
2025-12-21 13:24:02,358 [WARN] PackLoader:240 - Cannot read IP mode file for STMicroelectronics.X-CUBE-NFC10.1.0.0
2025-12-21 13:24:02,380 [WARN] PackLoader:240 - Cannot read IP mode file for STMicroelectronics.X-CUBE-ST60.1.1.0
2025-12-21 13:24:02,399 [WARN] PackLoader:240 - Cannot read IP mode file for emotas.I-CUBE-CANOPEN.1.3.0
2025-12-21 13:24:02,420 [WARN] PackLoader:240 - Cannot read IP mode file for STMicroelectronics.X-CUBE-GNSS1.7.1.0
2025-12-21 13:24:02,444 [WARN] PackLoader:240 - Cannot read IP mode file for STMicroelectronics.FP-SNS-STBOX1.2.1.0
2025-12-21 13:24:02,467 [WARN] PackLoader:240 - Cannot read IP mode file for STMicroelectronics.FP-SNS-SMARTAG2.1.2.0
2025-12-21 13:24:02,490 [WARN] PackLoader:240 - Cannot read IP mode file for STMicroelectronics.FP-SNS-FLIGHT1.5.1.0
2025-12-21 13:24:02,517 [INFO] LogOutputStream:77 - [STDOUT_REDIRECT] 1 : Invalid condition id : UX_CORESTACK_Condition cause : null
2025-12-21 13:24:02,518 [INFO] LogOutputStream:77 - [STDOUT_REDIRECT] 1 : Invalid condition id : UX_CORESTACK_Condition cause : null
2025-12-21 13:24:02,519 [INFO] LogOutputStream:77 - [STDOUT_REDIRECT] 1 : Invalid condition id : UX_CORESTACK_Condition cause : null
2025-12-21 13:24:02,520 [INFO] LogOutputStream:77 - [STDOUT_REDIRECT] 1 : Invalid condition id : UX_CORESTACK_Condition cause : null
2025-12-21 13:24:02,521 [INFO] LogOutputStream:77 - [STDOUT_REDIRECT] 1 : Invalid condition id : UX_CORESTACK_Condition cause : null
2025-12-21 13:24:02,524 [WARN] PackLoader:240 - Cannot read IP mode file for STMicroelectronics.X-CUBE-AZRTOS-WL.2.0.0
2025-12-21 13:24:02,541 [WARN] PackLoader:240 - Cannot read IP mode file for STMicroelectronics.FP-SNS-MOTENV1.5.0.0
2025-12-21 13:24:02,715 [WARN] PackLoader:240 - Cannot read IP mode file for STMicroelectronics.X-CUBE-AZRTOS-H7RS.1.2.0
2025-12-21 13:24:02,762 [WARN] PackLoader:240 - Cannot read IP mode file for STMicroelectronics.X-CUBE-BLE2.3.3.0
2025-12-21 13:24:02,881 [WARN] PackLoader:240 - Cannot read IP mode file for STMicroelectronics.X-CUBE-NFC9.1.0.0
2025-12-21 13:24:02,911 [WARN] PackLoader:240 - Cannot read IP mode file for wolfSSL.I-CUBE-wolfSSL.5.8.2
2025-12-21 13:24:02,932 [WARN] PackLoader:240 - Cannot read IP mode file for STMicroelectronics.X-CUBE-BLE1.7.1.0
2025-12-21 13:24:02,951 [WARN] PackLoader:240 - Cannot read IP mode file for wolfSSL.I-CUBE-wolfMQTT.1.19.2
2025-12-21 13:24:02,968 [WARN] PackLoader:240 - Cannot read IP mode file for STMicroelectronics.X-CUBE-FREERTOS.1.4.0
2025-12-21 13:24:02,988 [WARN] PackLoader:240 - Cannot read IP mode file for STMicroelectronics.X-CUBE-EEPRMA1.5.2.0
2025-12-21 13:24:02,999 [WARN] PackLoader:240 - Cannot read IP mode file for STMicroelectronics.X-CUBE-ST67W61.1.1.0
2025-12-21 13:24:03,244 [WARN] PackLoader:240 - Cannot read IP mode file for STMicroelectronics.X-CUBE-MEMS1.12.0.0
2025-12-21 13:24:03,568 [WARN] PackLoader:240 - Cannot read IP mode file for STMicroelectronics.X-CUBE-AZRTOS-G0.1.1.0
2025-12-21 13:24:03,588 [WARN] PackLoader:240 - Cannot read IP mode file for STMicroelectronics.X-CUBE-SAFEA1.1.2.2
2025-12-21 13:24:03,609 [WARN] PackLoader:240 - Cannot read IP mode file for STMicroelectronics.X-CUBE-NFC4.3.0.0
2025-12-21 13:24:03,633 [WARN] PackLoader:240 - Cannot read IP mode file for EmbeddedOffice.I-CUBE-FS-RTOS.1.0.1
2025-12-21 13:24:03,648 [WARN] PackLoader:240 - Cannot read IP mode file for STMicroelectronics.X-CUBE-WB05N.2.0.0
2025-12-21 13:24:03,672 [WARN] PackLoader:240 - Cannot read IP mode file for wolfSSL.I-CUBE-wolfTPM.3.8.0
2025-12-21 13:24:03,676 [INFO] WebApp:169 - Instantiating new browser for Auth
2025-12-21 13:24:03,747 [WARN] PackLoader:240 - Cannot read IP mode file for STMicroelectronics.X-CUBE-TCPP.4.2.0
2025-12-21 13:24:03,785 [WARN] PackLoader:240 - Cannot read IP mode file for RealThread.X-CUBE-RT-Thread_Nano.4.1.1
2025-12-21 13:24:03,799 [WARN] PackLoader:240 - Cannot read IP mode file for STMicroelectronics.FP-ATR-SIGFOX1.3.2.0
2025-12-21 13:24:03,817 [WARN] PackLoader:240 - Cannot read IP mode file for ITTIA_DB.I-CUBE-ITTIADB.8.9.0
2025-12-21 13:24:03,839 [WARN] PackLoader:240 - Cannot read IP mode file for STMicroelectronics.X-CUBE-ST67W61.1.0.0
2025-12-21 13:24:03,854 [WARN] PackLoader:240 - Cannot read IP mode file for STMicroelectronics.X-CUBE-AI.10.2.0
2025-12-21 13:24:03,909 [WARN] PackLoader:240 - Cannot read IP mode file for SEGGER.I-CUBE-embOS.1.3.1
2025-12-21 13:24:03,951 [WARN] PackLoader:240 - Cannot read IP mode file for STMicroelectronics.X-CUBE-ALGOBUILD.1.4.0
2025-12-21 13:24:04,003 [WARN] PackLoader:240 - Cannot read IP mode file for STMicroelectronics.X-CUBE-MEMS1.11.3.0
2025-12-21 13:24:04,167 [WARN] PackLoader:240 - Cannot read IP mode file for STMicroelectronics.X-CUBE-PM33A1.1.0.0
2025-12-21 13:24:04,205 [WARN] PackLoader:240 - Cannot read IP mode file for STMicroelectronics.X-CUBE-AZRTOS-F4.1.1.0
2025-12-21 13:24:04,239 [WARN] PackLoader:240 - Cannot read IP mode file for STMicroelectronics.X-CUBE-ISPU.2.1.0
2025-12-21 13:24:04,297 [WARN] PackLoader:240 - Cannot read IP mode file for STMicroelectronics.X-CUBE-IPS.3.2.0
2025-12-21 13:24:04,442 [WARN] PackLoader:240 - Cannot read IP mode file for STMicroelectronics.X-CUBE-NFC12.1.0.0
2025-12-21 13:24:04,599 [WARN] PackLoader:240 - Cannot read IP mode file for STMicroelectronics.X-CUBE-AZRTOS-L5.2.0.0
2025-12-21 13:24:04,635 [WARN] PackLoader:240 - Cannot read IP mode file for STMicroelectronics.X-CUBE-NFC6.3.1.0
2025-12-21 13:24:04,666 [WARN] PackLoader:240 - Cannot read IP mode file for STMicroelectronics.X-CUBE-FREERTOS.1.3.1
2025-12-21 13:24:04,697 [WARN] PackLoader:240 - Cannot read IP mode file for STMicroelectronics.X-CUBE-TOUCHGFX.4.26.0
2025-12-21 13:24:04,751 [WARN] PackLoader:240 - Cannot read IP mode file for STMicroelectronics.FP-SNS-STAIOTCFT.1.0.0
2025-12-21 13:24:04,783 [WARN] PackLoader:240 - Cannot read IP mode file for STMicroelectronics.X-CUBE-DPower.1.3.0
2025-12-21 13:24:04,996 [WARN] ConditionMgr:438 - getConditionDescription Invalid condition id : LAN8742 Phy interface Condition cause : null
2025-12-21 13:24:04,997 [WARN] PackLoader:240 - Cannot read IP mode file for STMicroelectronics.X-CUBE-AZRTOS-L4.2.0.0
2025-12-21 13:24:05,000 [WARN] ConditionMgr:1044 - genDependencies : Invalid condition id : LAN8742 Phy interface Condition cause : null
2025-12-21 13:24:05,000 [WARN] ConditionMgr:1044 - genDependencies : Invalid condition id : LAN8742 Phy interface Condition cause : null
2025-12-21 13:24:05,001 [WARN] ConditionMgr:1044 - genDependencies : Invalid condition id : LAN8742 Phy interface Condition cause : null
2025-12-21 13:24:05,083 [WARN] PackLoader:240 - Cannot read IP mode file for STMicroelectronics.X-CUBE-SFXS2LP1.4.0.0
2025-12-21 13:24:05,131 [WARN] PackLoader:240 - Cannot read IP mode file for STMicroelectronics.X-CUBE-BLEMGR.4.1.0
2025-12-21 13:24:05,221 [INFO] WebApp:463 - Apply proxy settings
2025-12-21 13:24:05,222 [INFO] WebApp:548 - Chromium requires no authentication
2025-12-21 13:24:05,229 [WARN] ConditionMgr:438 - getConditionDescription Invalid condition id : UX DEVICE CLASS RTOS Condition cause : null
2025-12-21 13:24:05,229 [WARN] ConditionMgr:438 - getConditionDescription Invalid condition id : UX DEVICE CLASS RTOS Condition cause : null
2025-12-21 13:24:05,236 [WARN] PackLoader:240 - Cannot read IP mode file for STMicroelectronics.X-CUBE-AZRTOS-WB.2.0.0
2025-12-21 13:24:05,240 [WARN] ConditionMgr:1044 - genDependencies : Invalid condition id : UX DEVICE CLASS RTOS Condition cause : null
2025-12-21 13:24:05,242 [WARN] ConditionMgr:1044 - genDependencies : Invalid condition id : UX DEVICE CLASS RTOS Condition cause : null
2025-12-21 13:24:05,243 [WARN] ConditionMgr:1044 - genDependencies : Invalid condition id : UX DEVICE CLASS RTOS Condition cause : null
2025-12-21 13:24:05,243 [INFO] WebApp:491 - Direct internet connection detected
2025-12-21 13:24:05,243 [WARN] ConditionMgr:1044 - genDependencies : Invalid condition id : UX DEVICE CLASS RTOS Condition cause : null
2025-12-21 13:24:05,243 [WARN] ConditionMgr:1044 - genDependencies : Invalid condition id : UX DEVICE CLASS RTOS Condition cause : null
2025-12-21 13:24:05,267 [WARN] PackLoader:240 - Cannot read IP mode file for STMicroelectronics.X-CUBE-GNSS1.7.0.1
2025-12-21 13:24:05,310 [WARN] ConditionMgr:438 - getConditionDescription Invalid condition id : Cortex-A Device cause : null
2025-12-21 13:24:05,372 [WARN] ConditionMgr:1044 - genDependencies : Invalid condition id : Cortex-A Device cause : null
2025-12-21 13:24:05,372 [WARN] ConditionMgr:1044 - genDependencies : Invalid condition id : Cortex-A Device cause : null
2025-12-21 13:24:05,373 [WARN] ConditionMgr:1044 - genDependencies : Invalid condition id : Cortex-A Device cause : null
2025-12-21 13:24:05,399 [INFO] WebApp:900 - Register for checkConnection events
2025-12-21 13:24:05,399 [INFO] WebApp:463 - Apply proxy settings
2025-12-21 13:24:05,399 [INFO] WebApp:548 - Chromium requires no authentication
2025-12-21 13:24:05,411 [INFO] WebApp:491 - Direct internet connection detected
2025-12-21 13:24:05,443 [WARN] PackLoader:240 - Cannot read IP mode file for STMicroelectronics.X-CUBE-SUBG2.5.0.0
2025-12-21 13:24:05,579 [INFO] WebApp:191 - Connection restablished
2025-12-21 13:24:05,596 [WARN] PackLoader:240 - Cannot read IP mode file for STMicroelectronics.X-CUBE-AZRTOS-H7RS.1.1.0
2025-12-21 13:24:05,670 [WARN] PackLoader:240 - Cannot read IP mode file for STMicroelectronics.X-CUBE-AZRTOS-G4.2.0.0
2025-12-21 13:24:05,703 [WARN] PackLoader:240 - Cannot read IP mode file for wolfSSL.I-CUBE-wolfSSH.1.4.20
2025-12-21 13:24:05,860 [WARN] PackLoader:240 - Cannot read IP mode file for STMicroelectronics.X-CUBE-NFC7.2.0.0
2025-12-21 13:24:05,916 [WARN] PackLoader:240 - Cannot read IP mode file for STMicroelectronics.X-CUBE-IPS.3.1.0
2025-12-21 13:24:05,961 [WARN] PackLoader:240 - Cannot read IP mode file for STMicroelectronics.X-CUBE-ALS.1.0.2
2025-12-21 13:24:06,014 [INFO] WebApp:225 - Starting web application
2025-12-21 13:24:06,015 [INFO] WebApp:593 - Web application path used C:\ST\STM32CubeIDE_1.19.0\STM32CubeIDE\plugins\com.st.stm32cube.common.mx_6.15.0.202507011659\db\plugins\mcufinder\reactClient1\index.html
2025-12-21 13:24:06,082 [WARN] PackLoader:240 - Cannot read IP mode file for STMicroelectronics.X-CUBE-STSE01.1.0.0
2025-12-21 13:24:06,129 [WARN] PackLoader:240 - Cannot read IP mode file for STMicroelectronics.X-CUBE-TOF1.3.4.3
2025-12-21 13:24:06,145 [INFO] ThirdParty:978 - Integrity check success = true
2025-12-21 13:24:06,146 [INFO] IntegrityCheckThread:100 - exiting critical section [integrity check]
2025-12-21 13:24:06,146 [INFO] IntegrityCheckThread:103 - End integrity checks thread
2025-12-21 15:01:52,323 [INFO] WebApp:194 - Connection lost
2025-12-21 15:01:52,485 [INFO] WebApp:191 - Connection restablished
2025-12-21 17:10:52,290 [INFO] WebApp:194 - Connection lost
2025-12-21 23:54:22,075 [ERROR] LogOutputStream:75 - [STDERR_REDIRECT] 
