2025-11-18 22:44:06,923 [INFO] Activator:176 - 


2025-11-18 22:44:06,928 [INFO] Activator:177 - !SESSION log4j initialized
2025-11-18 22:44:14,668 [INFO] LogOutputStream:77 - [STDOUT_REDIRECT] 
2025-11-18 22:44:15,807 [INFO] ApplicationProperties:184 - Using Application install path: C:\ST\STM32CubeIDE_1.19.0\STM32CubeIDE\plugins\com.st.stm32cube.common.mx_6.15.0.202507011659
2025-11-18 22:44:15,823 [INFO] DbMcusXml:78 - Set database path to: C:\ST\STM32CubeIDE_1.19.0\STM32CubeIDE\plugins\com.st.stm32cube.common.mx_6.15.0.202507011659\\db\/mcu/
2025-11-18 22:44:15,824 [INFO] ApiDb:274 - Set plugin database path to: C:\ST\STM32CubeIDE_1.19.0\STM32CubeIDE\plugins\com.st.stm32cube.common.mx_6.15.0.202507011659\\db\/plugins/boardmanager/
2025-11-18 22:44:15,824 [WARN] ApiDb:259 - Overriding images path with different value:  => C:\ST\STM32CubeIDE_1.19.0\STM32CubeIDE\plugins\com.st.stm32cube.common.mx_6.15.0.202507011659\\db\/plugins/mcufinder/images/
2025-11-18 22:44:15,839 [INFO] ApiDb:250 - Set database path to: C:\Users\ASUS\.stmcufinder\plugins\mcufinder//mcu/
2025-11-18 22:44:15,841 [INFO] DbMcusAds:125 - Set database path to: C:\Users\ASUS\.stmcufinder\plugins\mcufinder//mcu/
2025-11-18 22:44:15,844 [INFO] CrossReferenceDbSqlite:203 - Set database path to: C:\Users\ASUS\.stmcufinder\plugins\mcufinder//mcu/cs/
2025-11-18 22:44:15,968 [INFO] RulesReader:64 - Compatibility file has been processed (317 Rules)
2025-11-18 22:44:16,048 [INFO] DbMcusXml:78 - Set database path to: C:\ST\STM32CubeIDE_1.19.0\STM32CubeIDE\plugins\com.st.stm32cube.common.mx_6.15.0.202507011659\\db\/mcu/
2025-11-18 22:44:16,048 [INFO] ApiDb:274 - Set plugin database path to: C:\ST\STM32CubeIDE_1.19.0\STM32CubeIDE\plugins\com.st.stm32cube.common.mx_6.15.0.202507011659\\db\/plugins/boardmanager/
2025-11-18 22:44:16,048 [INFO] ApiDb:261 - Set plugin images path to: C:\ST\STM32CubeIDE_1.19.0\STM32CubeIDE\plugins\com.st.stm32cube.common.mx_6.15.0.202507011659\\db\/plugins/mcufinder/images/
2025-11-18 22:44:16,048 [WARN] DbFile:41 - Overriding database path with different value: C:\Users\ASUS\.stmcufinder\plugins\mcufinder/ => C:\Users\ASUS\.stmcufinder\plugins\mcufinder
2025-11-18 22:44:16,048 [INFO] ApiDb:250 - Set database path to: C:\Users\ASUS\.stmcufinder\plugins\mcufinder//mcu/
2025-11-18 22:44:16,048 [WARN] DbFile:41 - Overriding database path with different value: C:\Users\ASUS\.stmcufinder\plugins\mcufinder/ => C:\Users\ASUS\.stmcufinder\plugins\mcufinder
2025-11-18 22:44:16,048 [INFO] DbMcusAds:125 - Set database path to: C:\Users\ASUS\.stmcufinder\plugins\mcufinder//mcu/
2025-11-18 22:44:16,048 [WARN] DbFile:41 - Overriding database path with different value: C:\Users\ASUS\.stmcufinder\plugins\mcufinder/ => C:\Users\ASUS\.stmcufinder\plugins\mcufinder
2025-11-18 22:44:16,048 [WARN] DbFile:41 - Overriding database path with different value: C:\Users\ASUS\.stmcufinder\plugins\mcufinder/ => C:\Users\ASUS\.stmcufinder\plugins\mcufinder
2025-11-18 22:44:16,048 [INFO] CrossReferenceDbSqlite:203 - Set database path to: C:\Users\ASUS\.stmcufinder\plugins\mcufinder//mcu/cs/
2025-11-18 22:44:16,124 [INFO] MainPanel:274 - HeapMemory: 268435456
2025-11-18 22:44:16,230 [INFO] DbMcusXml:78 - Set database path to: C:\ST\STM32CubeIDE_1.19.0\STM32CubeIDE\plugins\com.st.stm32cube.common.mx_6.15.0.202507011659\\db\/mcu/
2025-11-18 22:44:16,230 [INFO] ApiDb:274 - Set plugin database path to: C:\ST\STM32CubeIDE_1.19.0\STM32CubeIDE\plugins\com.st.stm32cube.common.mx_6.15.0.202507011659\\db\/plugins/boardmanager/
2025-11-18 22:44:16,230 [INFO] ApiDb:261 - Set plugin images path to: C:\ST\STM32CubeIDE_1.19.0\STM32CubeIDE\plugins\com.st.stm32cube.common.mx_6.15.0.202507011659\\db\/plugins/mcufinder/images/
2025-11-18 22:44:16,230 [WARN] DbFile:41 - Overriding database path with different value: C:\Users\ASUS\.stmcufinder\plugins\mcufinder/ => C:\Users\ASUS\.stmcufinder\plugins\mcufinder
2025-11-18 22:44:16,230 [INFO] ApiDb:250 - Set database path to: C:\Users\ASUS\.stmcufinder\plugins\mcufinder//mcu/
2025-11-18 22:44:16,231 [WARN] DbFile:41 - Overriding database path with different value: C:\Users\ASUS\.stmcufinder\plugins\mcufinder/ => C:\Users\ASUS\.stmcufinder\plugins\mcufinder
2025-11-18 22:44:16,231 [INFO] DbMcusAds:125 - Set database path to: C:\Users\ASUS\.stmcufinder\plugins\mcufinder//mcu/
2025-11-18 22:44:16,231 [WARN] DbFile:41 - Overriding database path with different value: C:\Users\ASUS\.stmcufinder\plugins\mcufinder/ => C:\Users\ASUS\.stmcufinder\plugins\mcufinder
2025-11-18 22:44:16,231 [WARN] DbFile:41 - Overriding database path with different value: C:\Users\ASUS\.stmcufinder\plugins\mcufinder/ => C:\Users\ASUS\.stmcufinder\plugins\mcufinder
2025-11-18 22:44:16,231 [INFO] CrossReferenceDbSqlite:203 - Set database path to: C:\Users\ASUS\.stmcufinder\plugins\mcufinder//mcu/cs/
2025-11-18 22:44:16,248 [INFO] ApplicationProperties:184 - Using Application install path: C:\ST\STM32CubeIDE_1.19.0\STM32CubeIDE\plugins\com.st.stm32cube.common.mx_6.15.0.202507011659
2025-11-18 22:44:16,249 [INFO] PluginManage:196 - Search for loadable plugins [exclusion list=, ]
2025-11-18 22:44:16,251 [INFO] PluginManage:310 - Check plugin analytics
2025-11-18 22:44:16,410 [INFO] AnalyticsPlugin:253 - Accepted Software Licenses: STM32CubeMX.6.12.1
2025-11-18 22:44:16,411 [INFO] AnalyticsPlugin:255 - Accepted CMSIS Pack Licenses: 
2025-11-18 22:44:16,411 [INFO] AnalyticsPlugin:257 - Accepted Firmware Licenses: 
2025-11-18 22:44:16,413 [INFO] PluginManage:359 - Loaded plugin analytics (category:tool,tabindex:-1)
2025-11-18 22:44:16,413 [INFO] PluginManage:310 - Check plugin cadmodel
2025-11-18 22:44:16,430 [INFO] CADModel:105 - Init CAD model plugin
2025-11-18 22:44:16,430 [INFO] PluginManage:359 - Loaded plugin cadmodel (category:power,tabindex:5)
2025-11-18 22:44:16,430 [INFO] PluginManage:310 - Check plugin clock
2025-11-18 22:44:16,451 [INFO] PluginManage:359 - Loaded plugin clock (category:base,tabindex:2)
2025-11-18 22:44:16,451 [INFO] PluginManage:310 - Check plugin ddr
2025-11-18 22:44:16,453 [INFO] PluginManage:359 - Loaded plugin ddr (category:tool,tabindex:6)
2025-11-18 22:44:16,453 [INFO] PluginManage:310 - Check plugin filemanager
2025-11-18 22:44:16,589 [INFO] PluginManage:359 - Loaded plugin filemanager (category:base,tabindex:10)
2025-11-18 22:44:16,589 [INFO] PluginManage:310 - Check plugin ipmanager
2025-11-18 22:44:16,596 [INFO] PluginManage:359 - Loaded plugin ipmanager (category:base,tabindex:5)
2025-11-18 22:44:16,596 [INFO] PluginManage:310 - Check plugin lpbam
2025-11-18 22:44:16,617 [INFO] PluginManage:359 - Loaded plugin lpbam (category:base,tabindex:0)
2025-11-18 22:44:16,617 [INFO] PluginManage:310 - Check plugin memorymap
2025-11-18 22:44:16,643 [INFO] PluginManage:359 - Loaded plugin memorymap (category:base,tabindex:4)
2025-11-18 22:44:16,644 [INFO] PluginManage:310 - Check plugin pinoutandconfiguration
2025-11-18 22:44:16,668 [INFO] PluginManage:359 - Loaded plugin pinoutandconfiguration (category:base,tabindex:1)
2025-11-18 22:44:16,668 [INFO] PluginManage:310 - Check plugin pinoutconfig
2025-11-18 22:44:16,780 [WARN] SupportedApi:132 - Cannot load RTOS API schema: s4s-elt-must-match.1: The content of 'definitions' must match (annotation?, (simpleType | complexType)?, (unique | key | keyref)*)). A problem was found starting at: attribute.
2025-11-18 22:44:16,937 [INFO] PluginManage:359 - Loaded plugin pinoutconfig (category:base,tabindex:0)
2025-11-18 22:44:16,938 [INFO] PluginManage:310 - Check plugin power
2025-11-18 22:44:16,961 [INFO] PluginManage:359 - Loaded plugin power (category:power,tabindex:4)
2025-11-18 22:44:16,962 [INFO] PluginManage:310 - Check plugin projectmanager
2025-11-18 22:44:16,979 [INFO] PluginManage:359 - Loaded plugin projectmanager (category:projectmanager,tabindex:4)
2025-11-18 22:44:16,980 [INFO] PluginManage:310 - Check plugin rif
2025-11-18 22:44:17,004 [INFO] PluginManage:359 - Loaded plugin rif (category:base,tabindex:3)
2025-11-18 22:44:17,004 [INFO] PluginManage:310 - Check plugin thirdparty
2025-11-18 22:44:17,336 [INFO] PluginManage:359 - Loaded plugin thirdparty (category:base,tabindex:-1)
2025-11-18 22:44:17,336 [WARN] IntegrityCheckThread:84 - waiting for thirdparty lock release [integrity check]
2025-11-18 22:44:17,337 [INFO] PluginManage:310 - Check plugin tools
2025-11-18 22:44:17,337 [INFO] IntegrityCheckThread:86 - entering critical section [integrity check]
2025-11-18 22:44:17,337 [INFO] ThirdPartyUpdaterWithRetryManager:70 - Updater plugin not ready yet. [1/15]
2025-11-18 22:44:17,382 [INFO] PluginManage:359 - Loaded plugin tools (category:base,tabindex:7)
2025-11-18 22:44:17,383 [INFO] PluginManage:310 - Check plugin tutovideos
2025-11-18 22:44:17,599 [INFO] PluginManage:359 - Loaded plugin tutovideos (category:base,tabindex:-1)
2025-11-18 22:44:17,599 [INFO] PluginManage:310 - Check plugin updater
2025-11-18 22:44:17,617 [INFO] PluginManage:359 - Loaded plugin updater (category:base,tabindex:12)
2025-11-18 22:44:17,617 [INFO] PluginManage:310 - Check plugin userauth
2025-11-18 22:44:17,622 [INFO] UserAuth:118 - Init User Auth plugin
2025-11-18 22:44:17,623 [INFO] PluginManage:359 - Loaded plugin userauth (category:base,tabindex:14)
2025-11-18 22:44:17,623 [INFO] PluginManage:283 - PluginManage : Loaded plugins [18]
2025-11-18 22:44:17,820 [INFO] PinOutPanel:1589 - setPackage(No Configuration,No Configuration)
2025-11-18 22:44:17,901 [INFO] CADModel:165 - CPN selected for project level
2025-11-18 22:44:17,901 [INFO] CADModel:114 - Register for checkConnection events
2025-11-18 22:44:17,930 [INFO] IPUIPlugin:80 - create IPUIPlugin
2025-11-18 22:44:17,930 [INFO] PluginManager:220 - loadIPPluginJar : add adc
2025-11-18 22:44:17,977 [INFO] IPUIPlugin:80 - create IPUIPlugin
2025-11-18 22:44:17,977 [INFO] PluginManager:220 - loadIPPluginJar : add aes
2025-11-18 22:44:18,029 [INFO] IPUIPlugin:80 - create IPUIPlugin
2025-11-18 22:44:18,030 [INFO] PluginManager:220 - loadIPPluginJar : add can
2025-11-18 22:44:18,062 [INFO] IPUIPlugin:80 - create IPUIPlugin
2025-11-18 22:44:18,062 [INFO] PluginManager:220 - loadIPPluginJar : add comp
2025-11-18 22:44:18,106 [INFO] IPUIPlugin:80 - create IPUIPlugin
2025-11-18 22:44:18,106 [INFO] PluginManager:220 - loadIPPluginJar : add cryp
2025-11-18 22:44:18,120 [INFO] IPUIPlugin:80 - create IPUIPlugin
2025-11-18 22:44:18,121 [INFO] PluginManager:220 - loadIPPluginJar : add ddr_ctrl_phy
2025-11-18 22:44:18,158 [INFO] IPUIPlugin:80 - create IPUIPlugin
2025-11-18 22:44:18,158 [INFO] PluginManager:220 - loadIPPluginJar : add dfsdm
2025-11-18 22:44:18,174 [INFO] IPUIPlugin:80 - create IPUIPlugin
2025-11-18 22:44:18,174 [INFO] PluginManager:220 - loadIPPluginJar : add dma
2025-11-18 22:44:18,223 [INFO] IPUIPlugin:80 - create IPUIPlugin
2025-11-18 22:44:18,224 [INFO] PluginManager:220 - loadIPPluginJar : add dma3
2025-11-18 22:44:18,284 [INFO] IPUIPlugin:80 - create IPUIPlugin
2025-11-18 22:44:18,284 [INFO] PluginManager:220 - loadIPPluginJar : add extmemmanager
2025-11-18 22:44:18,310 [INFO] IPUIPlugin:80 - create IPUIPlugin
2025-11-18 22:44:18,311 [INFO] PluginManager:220 - loadIPPluginJar : add fatfs
2025-11-18 22:44:18,368 [INFO] IPUIPlugin:80 - create IPUIPlugin
2025-11-18 22:44:18,369 [INFO] PluginManager:220 - loadIPPluginJar : add fmc
2025-11-18 22:44:18,386 [INFO] IPUIPlugin:80 - create IPUIPlugin
2025-11-18 22:44:18,386 [INFO] PluginManager:220 - loadIPPluginJar : add freertos
2025-11-18 22:44:18,414 [INFO] IPUIPlugin:80 - create IPUIPlugin
2025-11-18 22:44:18,414 [INFO] PluginManager:220 - loadIPPluginJar : add genericplugin
2025-11-18 22:44:18,534 [INFO] IPUIPlugin:80 - create IPUIPlugin
2025-11-18 22:44:18,534 [INFO] PluginManager:220 - loadIPPluginJar : add gfxmmu
2025-11-18 22:44:18,704 [INFO] IPUIPlugin:80 - create IPUIPlugin
2025-11-18 22:44:18,704 [INFO] PluginManager:220 - loadIPPluginJar : add gic
2025-11-18 22:44:18,720 [INFO] IPUIPlugin:80 - create IPUIPlugin
2025-11-18 22:44:18,720 [INFO] PluginManager:220 - loadIPPluginJar : add gpio
2025-11-18 22:44:18,832 [INFO] IPUIPlugin:80 - create IPUIPlugin
2025-11-18 22:44:18,833 [INFO] PluginManager:220 - loadIPPluginJar : add gtzc
2025-11-18 22:44:18,875 [INFO] IPUIPlugin:80 - create IPUIPlugin
2025-11-18 22:44:18,875 [INFO] PluginManager:220 - loadIPPluginJar : add hash
2025-11-18 22:44:18,942 [INFO] IPUIPlugin:80 - create IPUIPlugin
2025-11-18 22:44:18,942 [INFO] PluginManager:220 - loadIPPluginJar : add i2c
2025-11-18 22:44:18,990 [INFO] IPUIPlugin:80 - create IPUIPlugin
2025-11-18 22:44:18,990 [INFO] PluginManager:220 - loadIPPluginJar : add i2s
2025-11-18 22:44:19,039 [INFO] IPUIPlugin:80 - create IPUIPlugin
2025-11-18 22:44:19,040 [INFO] PluginManager:220 - loadIPPluginJar : add i3c
2025-11-18 22:44:19,160 [INFO] IPUIPlugin:80 - create IPUIPlugin
2025-11-18 22:44:19,160 [INFO] PluginManager:220 - loadIPPluginJar : add ipddr
2025-11-18 22:44:19,276 [INFO] IPUIPlugin:80 - create IPUIPlugin
2025-11-18 22:44:19,277 [INFO] PluginManager:220 - loadIPPluginJar : add linkedlist
2025-11-18 22:44:19,322 [INFO] IPUIPlugin:80 - create IPUIPlugin
2025-11-18 22:44:19,322 [INFO] PluginManager:220 - loadIPPluginJar : add lorawan
2025-11-18 22:44:19,368 [INFO] IPUIPlugin:80 - create IPUIPlugin
2025-11-18 22:44:19,368 [INFO] PluginManager:220 - loadIPPluginJar : add ltdc
2025-11-18 22:44:19,384 [INFO] IPUIPlugin:80 - create IPUIPlugin
2025-11-18 22:44:19,384 [INFO] PluginManager:220 - loadIPPluginJar : add mdma
2025-11-18 22:44:19,398 [INFO] IPUIPlugin:80 - create IPUIPlugin
2025-11-18 22:44:19,398 [INFO] PluginManager:220 - loadIPPluginJar : add nvic
2025-11-18 22:44:19,445 [INFO] IPUIPlugin:80 - create IPUIPlugin
2025-11-18 22:44:19,445 [INFO] PluginManager:220 - loadIPPluginJar : add opamp
2025-11-18 22:44:19,523 [INFO] IPUIPlugin:80 - create IPUIPlugin
2025-11-18 22:44:19,523 [INFO] PluginManager:220 - loadIPPluginJar : add openamp
2025-11-18 22:44:19,579 [INFO] IPUIPlugin:80 - create IPUIPlugin
2025-11-18 22:44:19,579 [INFO] PluginManager:220 - loadIPPluginJar : add pdm2pcm
2025-11-18 22:44:19,595 [INFO] IPUIPlugin:80 - create IPUIPlugin
2025-11-18 22:44:19,597 [INFO] PluginManager:220 - loadIPPluginJar : add plateformsettings
2025-11-18 22:44:19,629 [INFO] IPUIPlugin:80 - create IPUIPlugin
2025-11-18 22:44:19,629 [INFO] PluginManager:220 - loadIPPluginJar : add quadspi
2025-11-18 22:44:19,664 [INFO] IPUIPlugin:80 - create IPUIPlugin
2025-11-18 22:44:19,665 [INFO] PluginManager:220 - loadIPPluginJar : add radio
2025-11-18 22:44:19,681 [INFO] IPUIPlugin:80 - create IPUIPlugin
2025-11-18 22:44:19,681 [INFO] PluginManager:220 - loadIPPluginJar : add resmgrutility
2025-11-18 22:44:19,742 [INFO] IPUIPlugin:80 - create IPUIPlugin
2025-11-18 22:44:19,742 [INFO] PluginManager:220 - loadIPPluginJar : add sai
2025-11-18 22:44:19,795 [INFO] IPUIPlugin:80 - create IPUIPlugin
2025-11-18 22:44:19,796 [INFO] PluginManager:220 - loadIPPluginJar : add spi
2025-11-18 22:44:19,910 [INFO] IPUIPlugin:80 - create IPUIPlugin
2025-11-18 22:44:19,911 [INFO] PluginManager:220 - loadIPPluginJar : add stm32_wpan
2025-11-18 22:44:19,950 [INFO] IPUIPlugin:80 - create IPUIPlugin
2025-11-18 22:44:19,950 [INFO] PluginManager:220 - loadIPPluginJar : add tim
2025-11-18 22:44:20,051 [INFO] IPUIPlugin:80 - create IPUIPlugin
2025-11-18 22:44:20,052 [INFO] PluginManager:220 - loadIPPluginJar : add touchsensing
2025-11-18 22:44:20,091 [INFO] IPUIPlugin:80 - create IPUIPlugin
2025-11-18 22:44:20,091 [INFO] PluginManager:220 - loadIPPluginJar : add tracer_emb
2025-11-18 22:44:20,126 [INFO] IPUIPlugin:80 - create IPUIPlugin
2025-11-18 22:44:20,126 [INFO] PluginManager:220 - loadIPPluginJar : add ts
2025-11-18 22:44:20,158 [INFO] IPUIPlugin:80 - create IPUIPlugin
2025-11-18 22:44:20,158 [INFO] PluginManager:220 - loadIPPluginJar : add tsc
2025-11-18 22:44:20,189 [INFO] IPUIPlugin:80 - create IPUIPlugin
2025-11-18 22:44:20,189 [INFO] PluginManager:220 - loadIPPluginJar : add ucpd
2025-11-18 22:44:20,246 [INFO] IPUIPlugin:80 - create IPUIPlugin
2025-11-18 22:44:20,246 [INFO] PluginManager:220 - loadIPPluginJar : add usart
2025-11-18 22:44:20,304 [INFO] IPUIPlugin:80 - create IPUIPlugin
2025-11-18 22:44:20,304 [INFO] PluginManager:220 - loadIPPluginJar : add usbx
2025-11-18 22:44:20,339 [INFO] ThirdPartyUpdaterWithRetryManager:70 - Updater plugin not ready yet. [2/15]
2025-11-18 22:44:20,436 [FATAL] Updater:351 - Updater called before beeing initialized
2025-11-18 22:44:20,463 [INFO] RulesReader:64 - Compatibility file has been processed (317 Rules)
2025-11-18 22:44:20,475 [INFO] RulesReader:64 - Compatibility file has been processed (317 Rules)
2025-11-18 22:44:20,485 [INFO] CADModel:165 - CPN selected for project level
2025-11-18 22:44:20,485 [INFO] CADModel:114 - Register for checkConnection events
2025-11-18 22:44:20,485 [FATAL] Updater:351 - Updater called before beeing initialized
2025-11-18 22:44:20,485 [ERROR] CADModel:125 - Updater not yet initialized, retry later 
2025-11-18 22:44:20,635 [FATAL] Updater:351 - Updater called before beeing initialized
2025-11-18 22:44:20,639 [INFO] CADModel:165 - CPN selected for project level
2025-11-18 22:44:20,639 [INFO] CADModel:114 - Register for checkConnection events
2025-11-18 22:44:20,639 [FATAL] Updater:351 - Updater called before beeing initialized
2025-11-18 22:44:20,639 [ERROR] CADModel:125 - Updater not yet initialized, retry later 
2025-11-18 22:44:20,642 [FATAL] Updater:351 - Updater called before beeing initialized
2025-11-18 22:44:20,744 [FATAL] Updater:351 - Updater called before beeing initialized
2025-11-18 22:44:20,756 [INFO] DbMcusAds:53 - JSON generation date=Thu Oct 02 16:36:05 ICT 2025 (1759397765645)
2025-11-18 22:44:20,756 [FATAL] Updater:351 - Updater called before beeing initialized
2025-11-18 22:44:20,795 [WARN] DetailPanel:346 - Failed to get advertising image, set to default
2025-11-18 22:44:20,873 [FATAL] Updater:351 - Updater called before beeing initialized
2025-11-18 22:44:20,875 [FATAL] Updater:351 - Updater called before beeing initialized
2025-11-18 22:44:20,875 [FATAL] Updater:351 - Updater called before beeing initialized
2025-11-18 22:44:20,875 [WARN] DetailPanel:346 - Failed to get advertising image, set to default
2025-11-18 22:44:20,876 [FATAL] Updater:351 - Updater called before beeing initialized
2025-11-18 22:44:20,935 [ERROR] Updater:1198 - MainUpdater not yet initialized. External WinMGr cannot be set.
2025-11-18 22:44:20,946 [INFO] Updater:1134 - Updater Version found : 6.15.0
2025-11-18 22:44:20,965 [INFO] ApplicationProperties:184 - Using Application install path: C:\ST\STM32CubeIDE_1.19.0\STM32CubeIDE\plugins\com.st.stm32cube.common.mx_6.15.0.202507011659
2025-11-18 22:44:22,548 [ERROR] LogOutputStream:75 - [STDERR_REDIRECT] Nov 18, 2025 10:44:22 PM java.util.prefs.WindowsPreferences <init>
2025-11-18 22:44:22,549 [ERROR] LogOutputStream:75 - [STDERR_REDIRECT] WARNING: Could not open/create prefs root node Software\JavaSoft\Prefs at root 0xffffffff80000002. Windows RegCreateKeyEx(...) returned error code 5.
2025-11-18 22:44:22,549 [ERROR] LogOutputStream:75 - [STDERR_REDIRECT] 
2025-11-18 22:44:22,954 [INFO] MainUpdater:2872 - connection check result : 10
2025-11-18 22:44:22,955 [INFO] MainUpdater:289 - Updater Check For Update Now.
2025-11-18 22:44:22,955 [INFO] MicroXplorer:498 - Change Database Version : DB.6.0.150
2025-11-18 22:44:22,980 [INFO] McuFinderGlobals:63 - Set McuFinder mode to 2 (CubeIDE integrated)
2025-11-18 22:44:22,980 [INFO] UserAuth:171 - activating auth plugin
2025-11-18 22:44:22,985 [INFO] UserAuth:487 - Internet connection configuration mode: 1
2025-11-18 22:44:23,033 [INFO] JxBrowserEngine:152 - Initiate JxBrowser Engine with user profile folder
2025-11-18 22:44:23,194 [INFO] CheckServerUpdateThread:120 - End of CheckServer Thread
2025-11-18 22:44:23,767 [WARN] PackLoader:240 - Cannot read IP mode file for STMicroelectronics.FP-SNS-MOTENVWB1.1.4.0
2025-11-18 22:44:23,793 [WARN] PackLoader:240 - Cannot read IP mode file for STMicroelectronics.FP-ATR-ASTRA1.2.0.2
2025-11-18 22:44:23,814 [WARN] PackLoader:240 - Cannot read IP mode file for STMicroelectronics.X-CUBE-SMBUS.2.1.0
2025-11-18 22:44:23,828 [WARN] PackLoader:240 - Cannot read IP mode file for STMicroelectronics.X-CUBE-ST60.1.0.0
2025-11-18 22:44:23,876 [WARN] PackLoader:240 - Cannot read IP mode file for STMicroelectronics.X-CUBE-AZRTOS-F7.1.1.0
2025-11-18 22:44:23,901 [WARN] PackLoader:240 - Cannot read IP mode file for Cesanta.I-CUBE-Mongoose.7.19.0
2025-11-18 22:44:23,919 [WARN] PackLoader:240 - Cannot read IP mode file for STMicroelectronics.FP-SNS-MOTENV1.5.1.0
2025-11-18 22:44:23,943 [WARN] PackLoader:240 - Cannot read IP mode file for WES.I-CUBE-Cesium.1.4.0
2025-11-18 22:44:23,984 [WARN] PackLoader:240 - Cannot read IP mode file for Infineon.AIROC-Wi-Fi-Bluetooth-STM32.1.7.1
2025-11-18 22:44:24,037 [WARN] PackLoader:240 - Cannot read IP mode file for STMicroelectronics.X-CUBE-AZRTOS-H7.3.4.0
2025-11-18 22:44:24,070 [WARN] PackLoader:240 - Cannot read IP mode file for STMicroelectronics.X-CUBE-DISPLAY.3.0.0
2025-11-18 22:44:24,098 [WARN] PackLoader:240 - Cannot read IP mode file for STMicroelectronics.X-CUBE-NFC10.1.0.0
2025-11-18 22:44:24,120 [WARN] PackLoader:240 - Cannot read IP mode file for STMicroelectronics.X-CUBE-ST60.1.1.0
2025-11-18 22:44:24,144 [WARN] PackLoader:240 - Cannot read IP mode file for emotas.I-CUBE-CANOPEN.1.3.0
2025-11-18 22:44:24,165 [WARN] PackLoader:240 - Cannot read IP mode file for STMicroelectronics.X-CUBE-GNSS1.7.1.0
2025-11-18 22:44:24,205 [WARN] PackLoader:240 - Cannot read IP mode file for STMicroelectronics.FP-SNS-STBOX1.2.1.0
2025-11-18 22:44:24,393 [WARN] PackLoader:240 - Cannot read IP mode file for STMicroelectronics.FP-SNS-SMARTAG2.1.2.0
2025-11-18 22:44:24,410 [WARN] PackLoader:240 - Cannot read IP mode file for STMicroelectronics.FP-SNS-FLIGHT1.5.1.0
2025-11-18 22:44:24,433 [INFO] LogOutputStream:77 - [STDOUT_REDIRECT] 1 : Invalid condition id : UX_CORESTACK_Condition cause : null
2025-11-18 22:44:24,434 [INFO] LogOutputStream:77 - [STDOUT_REDIRECT] 1 : Invalid condition id : UX_CORESTACK_Condition cause : null
2025-11-18 22:44:24,435 [INFO] LogOutputStream:77 - [STDOUT_REDIRECT] 1 : Invalid condition id : UX_CORESTACK_Condition cause : null
2025-11-18 22:44:24,436 [INFO] LogOutputStream:77 - [STDOUT_REDIRECT] 1 : Invalid condition id : UX_CORESTACK_Condition cause : null
2025-11-18 22:44:24,439 [INFO] LogOutputStream:77 - [STDOUT_REDIRECT] 1 : Invalid condition id : UX_CORESTACK_Condition cause : null
2025-11-18 22:44:24,442 [WARN] PackLoader:240 - Cannot read IP mode file for STMicroelectronics.X-CUBE-AZRTOS-WL.2.0.0
2025-11-18 22:44:24,459 [WARN] PackLoader:240 - Cannot read IP mode file for STMicroelectronics.FP-SNS-MOTENV1.5.0.0
2025-11-18 22:44:24,478 [WARN] PackLoader:240 - Cannot read IP mode file for STMicroelectronics.X-CUBE-BLE2.3.3.0
2025-11-18 22:44:24,538 [WARN] PackLoader:240 - Cannot read IP mode file for STMicroelectronics.X-CUBE-NFC9.1.0.0
2025-11-18 22:44:24,553 [WARN] PackLoader:240 - Cannot read IP mode file for wolfSSL.I-CUBE-wolfSSL.5.8.2
2025-11-18 22:44:24,571 [WARN] PackLoader:240 - Cannot read IP mode file for STMicroelectronics.X-CUBE-BLE1.7.1.0
2025-11-18 22:44:24,591 [WARN] PackLoader:240 - Cannot read IP mode file for wolfSSL.I-CUBE-wolfMQTT.1.19.2
2025-11-18 22:44:24,614 [WARN] PackLoader:240 - Cannot read IP mode file for STMicroelectronics.X-CUBE-EEPRMA1.5.2.0
2025-11-18 22:44:24,669 [WARN] PackLoader:240 - Cannot read IP mode file for STMicroelectronics.X-CUBE-ST67W61.1.1.0
2025-11-18 22:44:24,709 [WARN] PackLoader:240 - Cannot read IP mode file for STMicroelectronics.X-CUBE-AZRTOS-G0.1.1.0
2025-11-18 22:44:24,737 [WARN] PackLoader:240 - Cannot read IP mode file for STMicroelectronics.X-CUBE-SAFEA1.1.2.2
2025-11-18 22:44:24,762 [WARN] PackLoader:240 - Cannot read IP mode file for STMicroelectronics.X-CUBE-NFC4.3.0.0
2025-11-18 22:44:24,791 [WARN] PackLoader:240 - Cannot read IP mode file for EmbeddedOffice.I-CUBE-FS-RTOS.1.0.1
2025-11-18 22:44:24,812 [WARN] PackLoader:240 - Cannot read IP mode file for STMicroelectronics.X-CUBE-WB05N.2.0.0
2025-11-18 22:44:24,830 [WARN] PackLoader:240 - Cannot read IP mode file for wolfSSL.I-CUBE-wolfTPM.3.8.0
2025-11-18 22:44:24,845 [WARN] PackLoader:240 - Cannot read IP mode file for STMicroelectronics.X-CUBE-TCPP.4.2.0
2025-11-18 22:44:24,862 [WARN] PackLoader:240 - Cannot read IP mode file for RealThread.X-CUBE-RT-Thread_Nano.4.1.1
2025-11-18 22:44:24,881 [WARN] PackLoader:240 - Cannot read IP mode file for STMicroelectronics.FP-ATR-SIGFOX1.3.2.0
2025-11-18 22:44:24,910 [WARN] PackLoader:240 - Cannot read IP mode file for ITTIA_DB.I-CUBE-ITTIADB.8.9.0
2025-11-18 22:44:24,914 [INFO] WebApp:169 - Instantiating new browser for Auth
2025-11-18 22:44:24,938 [WARN] PackLoader:240 - Cannot read IP mode file for STMicroelectronics.X-CUBE-ST67W61.1.0.0
2025-11-18 22:44:24,970 [WARN] PackLoader:240 - Cannot read IP mode file for STMicroelectronics.X-CUBE-AI.10.2.0
2025-11-18 22:44:25,042 [WARN] PackLoader:240 - Cannot read IP mode file for SEGGER.I-CUBE-embOS.1.3.1
2025-11-18 22:44:25,111 [WARN] PackLoader:240 - Cannot read IP mode file for STMicroelectronics.X-CUBE-ALGOBUILD.1.4.0
2025-11-18 22:44:25,162 [WARN] PackLoader:240 - Cannot read IP mode file for STMicroelectronics.X-CUBE-MEMS1.11.3.0
2025-11-18 22:44:25,319 [WARN] PackLoader:240 - Cannot read IP mode file for STMicroelectronics.X-CUBE-PM33A1.1.0.0
2025-11-18 22:44:25,352 [WARN] PackLoader:240 - Cannot read IP mode file for STMicroelectronics.X-CUBE-AZRTOS-F4.1.1.0
2025-11-18 22:44:25,376 [WARN] PackLoader:240 - Cannot read IP mode file for STMicroelectronics.X-CUBE-ISPU.2.1.0
2025-11-18 22:44:25,405 [WARN] PackLoader:240 - Cannot read IP mode file for STMicroelectronics.X-CUBE-IPS.3.2.0
2025-11-18 22:44:25,430 [WARN] PackLoader:240 - Cannot read IP mode file for STMicroelectronics.X-CUBE-NFC12.1.0.0
2025-11-18 22:44:25,467 [WARN] PackLoader:240 - Cannot read IP mode file for STMicroelectronics.X-CUBE-AZRTOS-L5.2.0.0
2025-11-18 22:44:25,490 [WARN] PackLoader:240 - Cannot read IP mode file for STMicroelectronics.X-CUBE-NFC6.3.1.0
2025-11-18 22:44:25,513 [WARN] PackLoader:240 - Cannot read IP mode file for STMicroelectronics.X-CUBE-FREERTOS.1.3.1
2025-11-18 22:44:25,532 [WARN] PackLoader:240 - Cannot read IP mode file for STMicroelectronics.X-CUBE-TOUCHGFX.4.26.0
2025-11-18 22:44:25,556 [WARN] PackLoader:240 - Cannot read IP mode file for STMicroelectronics.FP-SNS-STAIOTCFT.1.0.0
2025-11-18 22:44:25,580 [WARN] PackLoader:240 - Cannot read IP mode file for STMicroelectronics.X-CUBE-DPower.1.3.0
2025-11-18 22:44:25,622 [WARN] ConditionMgr:438 - getConditionDescription Invalid condition id : LAN8742 Phy interface Condition cause : null
2025-11-18 22:44:25,622 [WARN] PackLoader:240 - Cannot read IP mode file for STMicroelectronics.X-CUBE-AZRTOS-L4.2.0.0
2025-11-18 22:44:25,624 [WARN] ConditionMgr:1044 - genDependencies : Invalid condition id : LAN8742 Phy interface Condition cause : null
2025-11-18 22:44:25,624 [WARN] ConditionMgr:1044 - genDependencies : Invalid condition id : LAN8742 Phy interface Condition cause : null
2025-11-18 22:44:25,624 [WARN] ConditionMgr:1044 - genDependencies : Invalid condition id : LAN8742 Phy interface Condition cause : null
2025-11-18 22:44:25,661 [WARN] PackLoader:240 - Cannot read IP mode file for STMicroelectronics.X-CUBE-SFXS2LP1.4.0.0
2025-11-18 22:44:25,698 [WARN] PackLoader:240 - Cannot read IP mode file for STMicroelectronics.X-CUBE-BLEMGR.4.1.0
2025-11-18 22:44:25,757 [WARN] ConditionMgr:438 - getConditionDescription Invalid condition id : UX DEVICE CLASS RTOS Condition cause : null
2025-11-18 22:44:25,758 [WARN] ConditionMgr:438 - getConditionDescription Invalid condition id : UX DEVICE CLASS RTOS Condition cause : null
2025-11-18 22:44:25,759 [WARN] PackLoader:240 - Cannot read IP mode file for STMicroelectronics.X-CUBE-AZRTOS-WB.2.0.0
2025-11-18 22:44:25,759 [WARN] ConditionMgr:1044 - genDependencies : Invalid condition id : UX DEVICE CLASS RTOS Condition cause : null
2025-11-18 22:44:25,759 [WARN] ConditionMgr:1044 - genDependencies : Invalid condition id : UX DEVICE CLASS RTOS Condition cause : null
2025-11-18 22:44:25,760 [WARN] ConditionMgr:1044 - genDependencies : Invalid condition id : UX DEVICE CLASS RTOS Condition cause : null
2025-11-18 22:44:25,760 [WARN] ConditionMgr:1044 - genDependencies : Invalid condition id : UX DEVICE CLASS RTOS Condition cause : null
2025-11-18 22:44:25,761 [WARN] ConditionMgr:1044 - genDependencies : Invalid condition id : UX DEVICE CLASS RTOS Condition cause : null
2025-11-18 22:44:25,795 [WARN] PackLoader:240 - Cannot read IP mode file for STMicroelectronics.X-CUBE-GNSS1.7.0.1
2025-11-18 22:44:25,816 [WARN] ConditionMgr:438 - getConditionDescription Invalid condition id : Cortex-A Device cause : null
2025-11-18 22:44:25,870 [WARN] ConditionMgr:1044 - genDependencies : Invalid condition id : Cortex-A Device cause : null
2025-11-18 22:44:25,871 [WARN] ConditionMgr:1044 - genDependencies : Invalid condition id : Cortex-A Device cause : null
2025-11-18 22:44:25,871 [WARN] ConditionMgr:1044 - genDependencies : Invalid condition id : Cortex-A Device cause : null
2025-11-18 22:44:25,898 [WARN] PackLoader:240 - Cannot read IP mode file for STMicroelectronics.X-CUBE-SUBG2.5.0.0
2025-11-18 22:44:25,944 [WARN] PackLoader:240 - Cannot read IP mode file for STMicroelectronics.X-CUBE-AZRTOS-H7RS.1.1.0
2025-11-18 22:44:26,037 [WARN] PackLoader:240 - Cannot read IP mode file for STMicroelectronics.X-CUBE-AZRTOS-G4.2.0.0
2025-11-18 22:44:26,069 [WARN] PackLoader:240 - Cannot read IP mode file for wolfSSL.I-CUBE-wolfSSH.1.4.20
2025-11-18 22:44:26,088 [WARN] PackLoader:240 - Cannot read IP mode file for STMicroelectronics.X-CUBE-NFC7.2.0.0
2025-11-18 22:44:26,120 [WARN] PackLoader:240 - Cannot read IP mode file for STMicroelectronics.X-CUBE-IPS.3.1.0
2025-11-18 22:44:26,149 [WARN] PackLoader:240 - Cannot read IP mode file for STMicroelectronics.X-CUBE-ALS.1.0.2
2025-11-18 22:44:26,169 [INFO] WebApp:463 - Apply proxy settings
2025-11-18 22:44:26,169 [INFO] WebApp:548 - Chromium requires no authentication
2025-11-18 22:44:26,174 [WARN] PackLoader:240 - Cannot read IP mode file for STMicroelectronics.X-CUBE-STSE01.1.0.0
2025-11-18 22:44:26,181 [INFO] WebApp:491 - Direct internet connection detected
2025-11-18 22:44:26,204 [WARN] PackLoader:240 - Cannot read IP mode file for STMicroelectronics.X-CUBE-TOF1.3.4.3
2025-11-18 22:44:26,215 [INFO] ThirdParty:978 - Integrity check success = true
2025-11-18 22:44:26,216 [INFO] IntegrityCheckThread:100 - exiting critical section [integrity check]
2025-11-18 22:44:26,216 [INFO] IntegrityCheckThread:103 - End integrity checks thread
2025-11-18 22:44:26,231 [INFO] WebApp:900 - Register for checkConnection events
2025-11-18 22:44:26,231 [INFO] WebApp:463 - Apply proxy settings
2025-11-18 22:44:26,232 [INFO] WebApp:548 - Chromium requires no authentication
2025-11-18 22:44:26,235 [INFO] WebApp:491 - Direct internet connection detected
2025-11-18 22:44:26,422 [INFO] WebApp:191 - Connection restablished
2025-11-18 22:44:26,573 [INFO] WebApp:225 - Starting web application
2025-11-18 22:44:26,573 [INFO] WebApp:593 - Web application path used C:\ST\STM32CubeIDE_1.19.0\STM32CubeIDE\plugins\com.st.stm32cube.common.mx_6.15.0.202507011659\db\plugins\mcufinder\reactClient1\index.html
