2025-12-11 22:40:30,064 [INFO] Activator:176 - 


2025-12-11 22:40:30,072 [INFO] Activator:177 - !SESSION log4j initialized
2025-12-11 22:40:38,211 [INFO] LogOutputStream:77 - [STDOUT_REDIRECT] 
2025-12-11 22:40:39,624 [INFO] ApplicationProperties:184 - Using Application install path: C:\ST\STM32CubeIDE_1.19.0\STM32CubeIDE\plugins\com.st.stm32cube.common.mx_6.15.0.202507011659
2025-12-11 22:40:39,644 [INFO] DbMcusXml:78 - Set database path to: C:\ST\STM32CubeIDE_1.19.0\STM32CubeIDE\plugins\com.st.stm32cube.common.mx_6.15.0.202507011659\\db\/mcu/
2025-12-11 22:40:39,644 [INFO] ApiDb:274 - Set plugin database path to: C:\ST\STM32CubeIDE_1.19.0\STM32CubeIDE\plugins\com.st.stm32cube.common.mx_6.15.0.202507011659\\db\/plugins/boardmanager/
2025-12-11 22:40:39,645 [WARN] ApiDb:259 - Overriding images path with different value:  => C:\ST\STM32CubeIDE_1.19.0\STM32CubeIDE\plugins\com.st.stm32cube.common.mx_6.15.0.202507011659\\db\/plugins/mcufinder/images/
2025-12-11 22:40:39,662 [INFO] ApiDb:250 - Set database path to: C:\Users\ASUS\.stmcufinder\plugins\mcufinder//mcu/
2025-12-11 22:40:39,664 [INFO] DbMcusAds:125 - Set database path to: C:\Users\ASUS\.stmcufinder\plugins\mcufinder//mcu/
2025-12-11 22:40:39,666 [INFO] CrossReferenceDbSqlite:203 - Set database path to: C:\Users\ASUS\.stmcufinder\plugins\mcufinder//mcu/cs/
2025-12-11 22:40:39,804 [INFO] RulesReader:64 - Compatibility file has been processed (317 Rules)
2025-12-11 22:40:39,908 [INFO] DbMcusXml:78 - Set database path to: C:\ST\STM32CubeIDE_1.19.0\STM32CubeIDE\plugins\com.st.stm32cube.common.mx_6.15.0.202507011659\\db\/mcu/
2025-12-11 22:40:39,908 [INFO] ApiDb:274 - Set plugin database path to: C:\ST\STM32CubeIDE_1.19.0\STM32CubeIDE\plugins\com.st.stm32cube.common.mx_6.15.0.202507011659\\db\/plugins/boardmanager/
2025-12-11 22:40:39,908 [INFO] ApiDb:261 - Set plugin images path to: C:\ST\STM32CubeIDE_1.19.0\STM32CubeIDE\plugins\com.st.stm32cube.common.mx_6.15.0.202507011659\\db\/plugins/mcufinder/images/
2025-12-11 22:40:39,909 [WARN] DbFile:41 - Overriding database path with different value: C:\Users\ASUS\.stmcufinder\plugins\mcufinder/ => C:\Users\ASUS\.stmcufinder\plugins\mcufinder
2025-12-11 22:40:39,909 [INFO] ApiDb:250 - Set database path to: C:\Users\ASUS\.stmcufinder\plugins\mcufinder//mcu/
2025-12-11 22:40:39,909 [WARN] DbFile:41 - Overriding database path with different value: C:\Users\ASUS\.stmcufinder\plugins\mcufinder/ => C:\Users\ASUS\.stmcufinder\plugins\mcufinder
2025-12-11 22:40:39,909 [INFO] DbMcusAds:125 - Set database path to: C:\Users\ASUS\.stmcufinder\plugins\mcufinder//mcu/
2025-12-11 22:40:39,909 [WARN] DbFile:41 - Overriding database path with different value: C:\Users\ASUS\.stmcufinder\plugins\mcufinder/ => C:\Users\ASUS\.stmcufinder\plugins\mcufinder
2025-12-11 22:40:39,910 [WARN] DbFile:41 - Overriding database path with different value: C:\Users\ASUS\.stmcufinder\plugins\mcufinder/ => C:\Users\ASUS\.stmcufinder\plugins\mcufinder
2025-12-11 22:40:39,910 [INFO] CrossReferenceDbSqlite:203 - Set database path to: C:\Users\ASUS\.stmcufinder\plugins\mcufinder//mcu/cs/
2025-12-11 22:40:40,007 [INFO] MainPanel:274 - HeapMemory: 268435456
2025-12-11 22:40:40,144 [INFO] DbMcusXml:78 - Set database path to: C:\ST\STM32CubeIDE_1.19.0\STM32CubeIDE\plugins\com.st.stm32cube.common.mx_6.15.0.202507011659\\db\/mcu/
2025-12-11 22:40:40,144 [INFO] ApiDb:274 - Set plugin database path to: C:\ST\STM32CubeIDE_1.19.0\STM32CubeIDE\plugins\com.st.stm32cube.common.mx_6.15.0.202507011659\\db\/plugins/boardmanager/
2025-12-11 22:40:40,144 [INFO] ApiDb:261 - Set plugin images path to: C:\ST\STM32CubeIDE_1.19.0\STM32CubeIDE\plugins\com.st.stm32cube.common.mx_6.15.0.202507011659\\db\/plugins/mcufinder/images/
2025-12-11 22:40:40,145 [WARN] DbFile:41 - Overriding database path with different value: C:\Users\ASUS\.stmcufinder\plugins\mcufinder/ => C:\Users\ASUS\.stmcufinder\plugins\mcufinder
2025-12-11 22:40:40,145 [INFO] ApiDb:250 - Set database path to: C:\Users\ASUS\.stmcufinder\plugins\mcufinder//mcu/
2025-12-11 22:40:40,145 [WARN] DbFile:41 - Overriding database path with different value: C:\Users\ASUS\.stmcufinder\plugins\mcufinder/ => C:\Users\ASUS\.stmcufinder\plugins\mcufinder
2025-12-11 22:40:40,145 [INFO] DbMcusAds:125 - Set database path to: C:\Users\ASUS\.stmcufinder\plugins\mcufinder//mcu/
2025-12-11 22:40:40,145 [WARN] DbFile:41 - Overriding database path with different value: C:\Users\ASUS\.stmcufinder\plugins\mcufinder/ => C:\Users\ASUS\.stmcufinder\plugins\mcufinder
2025-12-11 22:40:40,145 [WARN] DbFile:41 - Overriding database path with different value: C:\Users\ASUS\.stmcufinder\plugins\mcufinder/ => C:\Users\ASUS\.stmcufinder\plugins\mcufinder
2025-12-11 22:40:40,145 [INFO] CrossReferenceDbSqlite:203 - Set database path to: C:\Users\ASUS\.stmcufinder\plugins\mcufinder//mcu/cs/
2025-12-11 22:40:40,171 [INFO] ApplicationProperties:184 - Using Application install path: C:\ST\STM32CubeIDE_1.19.0\STM32CubeIDE\plugins\com.st.stm32cube.common.mx_6.15.0.202507011659
2025-12-11 22:40:40,172 [INFO] PluginManage:196 - Search for loadable plugins [exclusion list=, ]
2025-12-11 22:40:40,174 [INFO] PluginManage:310 - Check plugin analytics
2025-12-11 22:40:40,396 [INFO] AnalyticsPlugin:253 - Accepted Software Licenses: STM32CubeMX.6.12.1
2025-12-11 22:40:40,396 [INFO] AnalyticsPlugin:255 - Accepted CMSIS Pack Licenses: 
2025-12-11 22:40:40,396 [INFO] AnalyticsPlugin:257 - Accepted Firmware Licenses: 
2025-12-11 22:40:40,400 [INFO] PluginManage:359 - Loaded plugin analytics (category:tool,tabindex:-1)
2025-12-11 22:40:40,401 [INFO] PluginManage:310 - Check plugin cadmodel
2025-12-11 22:40:40,426 [INFO] CADModel:105 - Init CAD model plugin
2025-12-11 22:40:40,426 [INFO] PluginManage:359 - Loaded plugin cadmodel (category:power,tabindex:5)
2025-12-11 22:40:40,426 [INFO] PluginManage:310 - Check plugin clock
2025-12-11 22:40:40,451 [INFO] PluginManage:359 - Loaded plugin clock (category:base,tabindex:2)
2025-12-11 22:40:40,451 [INFO] PluginManage:310 - Check plugin ddr
2025-12-11 22:40:40,452 [INFO] PluginManage:359 - Loaded plugin ddr (category:tool,tabindex:6)
2025-12-11 22:40:40,452 [INFO] PluginManage:310 - Check plugin filemanager
2025-12-11 22:40:40,625 [INFO] PluginManage:359 - Loaded plugin filemanager (category:base,tabindex:10)
2025-12-11 22:40:40,625 [INFO] PluginManage:310 - Check plugin ipmanager
2025-12-11 22:40:40,635 [INFO] PluginManage:359 - Loaded plugin ipmanager (category:base,tabindex:5)
2025-12-11 22:40:40,635 [INFO] PluginManage:310 - Check plugin lpbam
2025-12-11 22:40:40,661 [INFO] PluginManage:359 - Loaded plugin lpbam (category:base,tabindex:0)
2025-12-11 22:40:40,661 [INFO] PluginManage:310 - Check plugin memorymap
2025-12-11 22:40:40,695 [INFO] PluginManage:359 - Loaded plugin memorymap (category:base,tabindex:4)
2025-12-11 22:40:40,695 [INFO] PluginManage:310 - Check plugin pinoutandconfiguration
2025-12-11 22:40:40,723 [INFO] PluginManage:359 - Loaded plugin pinoutandconfiguration (category:base,tabindex:1)
2025-12-11 22:40:40,725 [INFO] PluginManage:310 - Check plugin pinoutconfig
2025-12-11 22:40:40,837 [WARN] SupportedApi:132 - Cannot load RTOS API schema: s4s-elt-must-match.1: The content of 'definitions' must match (annotation?, (simpleType | complexType)?, (unique | key | keyref)*)). A problem was found starting at: attribute.
2025-12-11 22:40:40,992 [INFO] PluginManage:359 - Loaded plugin pinoutconfig (category:base,tabindex:0)
2025-12-11 22:40:40,992 [INFO] PluginManage:310 - Check plugin power
2025-12-11 22:40:41,020 [INFO] PluginManage:359 - Loaded plugin power (category:power,tabindex:4)
2025-12-11 22:40:41,021 [INFO] PluginManage:310 - Check plugin projectmanager
2025-12-11 22:40:41,041 [INFO] PluginManage:359 - Loaded plugin projectmanager (category:projectmanager,tabindex:4)
2025-12-11 22:40:41,041 [INFO] PluginManage:310 - Check plugin rif
2025-12-11 22:40:41,064 [INFO] PluginManage:359 - Loaded plugin rif (category:base,tabindex:3)
2025-12-11 22:40:41,064 [INFO] PluginManage:310 - Check plugin thirdparty
2025-12-11 22:40:41,449 [INFO] PluginManage:359 - Loaded plugin thirdparty (category:base,tabindex:-1)
2025-12-11 22:40:41,449 [WARN] IntegrityCheckThread:84 - waiting for thirdparty lock release [integrity check]
2025-12-11 22:40:41,449 [INFO] IntegrityCheckThread:86 - entering critical section [integrity check]
2025-12-11 22:40:41,449 [INFO] PluginManage:310 - Check plugin tools
2025-12-11 22:40:41,449 [INFO] ThirdPartyUpdaterWithRetryManager:70 - Updater plugin not ready yet. [1/15]
2025-12-11 22:40:41,504 [INFO] PluginManage:359 - Loaded plugin tools (category:base,tabindex:7)
2025-12-11 22:40:41,505 [INFO] PluginManage:310 - Check plugin tutovideos
2025-12-11 22:40:41,797 [INFO] PluginManage:359 - Loaded plugin tutovideos (category:base,tabindex:-1)
2025-12-11 22:40:41,797 [INFO] PluginManage:310 - Check plugin updater
2025-12-11 22:40:41,819 [INFO] PluginManage:359 - Loaded plugin updater (category:base,tabindex:12)
2025-12-11 22:40:41,819 [INFO] PluginManage:310 - Check plugin userauth
2025-12-11 22:40:41,827 [INFO] UserAuth:118 - Init User Auth plugin
2025-12-11 22:40:41,827 [INFO] PluginManage:359 - Loaded plugin userauth (category:base,tabindex:14)
2025-12-11 22:40:41,827 [INFO] PluginManage:283 - PluginManage : Loaded plugins [18]
2025-12-11 22:40:42,098 [INFO] PinOutPanel:1589 - setPackage(No Configuration,No Configuration)
2025-12-11 22:40:42,205 [INFO] CADModel:165 - CPN selected for project level
2025-12-11 22:40:42,205 [INFO] CADModel:114 - Register for checkConnection events
2025-12-11 22:40:42,243 [INFO] IPUIPlugin:80 - create IPUIPlugin
2025-12-11 22:40:42,243 [INFO] PluginManager:220 - loadIPPluginJar : add adc
2025-12-11 22:40:42,306 [INFO] IPUIPlugin:80 - create IPUIPlugin
2025-12-11 22:40:42,306 [INFO] PluginManager:220 - loadIPPluginJar : add aes
2025-12-11 22:40:42,389 [INFO] IPUIPlugin:80 - create IPUIPlugin
2025-12-11 22:40:42,389 [INFO] PluginManager:220 - loadIPPluginJar : add can
2025-12-11 22:40:42,433 [INFO] IPUIPlugin:80 - create IPUIPlugin
2025-12-11 22:40:42,434 [INFO] PluginManager:220 - loadIPPluginJar : add comp
2025-12-11 22:40:42,482 [INFO] IPUIPlugin:80 - create IPUIPlugin
2025-12-11 22:40:42,483 [INFO] PluginManager:220 - loadIPPluginJar : add cryp
2025-12-11 22:40:42,501 [INFO] IPUIPlugin:80 - create IPUIPlugin
2025-12-11 22:40:42,501 [INFO] PluginManager:220 - loadIPPluginJar : add ddr_ctrl_phy
2025-12-11 22:40:42,544 [INFO] IPUIPlugin:80 - create IPUIPlugin
2025-12-11 22:40:42,544 [INFO] PluginManager:220 - loadIPPluginJar : add dfsdm
2025-12-11 22:40:42,564 [INFO] IPUIPlugin:80 - create IPUIPlugin
2025-12-11 22:40:42,565 [INFO] PluginManager:220 - loadIPPluginJar : add dma
2025-12-11 22:40:42,629 [INFO] IPUIPlugin:80 - create IPUIPlugin
2025-12-11 22:40:42,629 [INFO] PluginManager:220 - loadIPPluginJar : add dma3
2025-12-11 22:40:42,694 [INFO] IPUIPlugin:80 - create IPUIPlugin
2025-12-11 22:40:42,694 [INFO] PluginManager:220 - loadIPPluginJar : add extmemmanager
2025-12-11 22:40:42,722 [INFO] IPUIPlugin:80 - create IPUIPlugin
2025-12-11 22:40:42,722 [INFO] PluginManager:220 - loadIPPluginJar : add fatfs
2025-12-11 22:40:42,788 [INFO] IPUIPlugin:80 - create IPUIPlugin
2025-12-11 22:40:42,788 [INFO] PluginManager:220 - loadIPPluginJar : add fmc
2025-12-11 22:40:42,809 [INFO] IPUIPlugin:80 - create IPUIPlugin
2025-12-11 22:40:42,809 [INFO] PluginManager:220 - loadIPPluginJar : add freertos
2025-12-11 22:40:42,839 [INFO] IPUIPlugin:80 - create IPUIPlugin
2025-12-11 22:40:42,841 [INFO] PluginManager:220 - loadIPPluginJar : add genericplugin
2025-12-11 22:40:42,986 [INFO] IPUIPlugin:80 - create IPUIPlugin
2025-12-11 22:40:42,986 [INFO] PluginManager:220 - loadIPPluginJar : add gfxmmu
2025-12-11 22:40:43,192 [INFO] IPUIPlugin:80 - create IPUIPlugin
2025-12-11 22:40:43,192 [INFO] PluginManager:220 - loadIPPluginJar : add gic
2025-12-11 22:40:43,213 [INFO] IPUIPlugin:80 - create IPUIPlugin
2025-12-11 22:40:43,214 [INFO] PluginManager:220 - loadIPPluginJar : add gpio
2025-12-11 22:40:43,410 [INFO] IPUIPlugin:80 - create IPUIPlugin
2025-12-11 22:40:43,410 [INFO] PluginManager:220 - loadIPPluginJar : add gtzc
2025-12-11 22:40:43,524 [INFO] IPUIPlugin:80 - create IPUIPlugin
2025-12-11 22:40:43,525 [INFO] PluginManager:220 - loadIPPluginJar : add hash
2025-12-11 22:40:43,859 [INFO] IPUIPlugin:80 - create IPUIPlugin
2025-12-11 22:40:43,859 [INFO] PluginManager:220 - loadIPPluginJar : add i2c
2025-12-11 22:40:43,968 [INFO] IPUIPlugin:80 - create IPUIPlugin
2025-12-11 22:40:43,968 [INFO] PluginManager:220 - loadIPPluginJar : add i2s
2025-12-11 22:40:44,092 [INFO] IPUIPlugin:80 - create IPUIPlugin
2025-12-11 22:40:44,092 [INFO] PluginManager:220 - loadIPPluginJar : add i3c
2025-12-11 22:40:44,316 [INFO] IPUIPlugin:80 - create IPUIPlugin
2025-12-11 22:40:44,317 [INFO] PluginManager:220 - loadIPPluginJar : add ipddr
2025-12-11 22:40:44,452 [INFO] ThirdPartyUpdaterWithRetryManager:70 - Updater plugin not ready yet. [2/15]
2025-12-11 22:40:44,519 [INFO] IPUIPlugin:80 - create IPUIPlugin
2025-12-11 22:40:44,523 [INFO] PluginManager:220 - loadIPPluginJar : add linkedlist
2025-12-11 22:40:44,599 [INFO] IPUIPlugin:80 - create IPUIPlugin
2025-12-11 22:40:44,599 [INFO] PluginManager:220 - loadIPPluginJar : add lorawan
2025-12-11 22:40:44,711 [INFO] IPUIPlugin:80 - create IPUIPlugin
2025-12-11 22:40:44,712 [INFO] PluginManager:220 - loadIPPluginJar : add ltdc
2025-12-11 22:40:44,747 [INFO] IPUIPlugin:80 - create IPUIPlugin
2025-12-11 22:40:44,748 [INFO] PluginManager:220 - loadIPPluginJar : add mdma
2025-12-11 22:40:44,769 [INFO] IPUIPlugin:80 - create IPUIPlugin
2025-12-11 22:40:44,769 [INFO] PluginManager:220 - loadIPPluginJar : add nvic
2025-12-11 22:40:44,853 [INFO] IPUIPlugin:80 - create IPUIPlugin
2025-12-11 22:40:44,853 [INFO] PluginManager:220 - loadIPPluginJar : add opamp
2025-12-11 22:40:44,959 [INFO] IPUIPlugin:80 - create IPUIPlugin
2025-12-11 22:40:44,959 [INFO] PluginManager:220 - loadIPPluginJar : add openamp
2025-12-11 22:40:45,055 [INFO] IPUIPlugin:80 - create IPUIPlugin
2025-12-11 22:40:45,056 [INFO] PluginManager:220 - loadIPPluginJar : add pdm2pcm
2025-12-11 22:40:45,076 [INFO] IPUIPlugin:80 - create IPUIPlugin
2025-12-11 22:40:45,080 [INFO] PluginManager:220 - loadIPPluginJar : add plateformsettings
2025-12-11 22:40:45,132 [INFO] IPUIPlugin:80 - create IPUIPlugin
2025-12-11 22:40:45,132 [INFO] PluginManager:220 - loadIPPluginJar : add quadspi
2025-12-11 22:40:45,217 [INFO] IPUIPlugin:80 - create IPUIPlugin
2025-12-11 22:40:45,219 [INFO] PluginManager:220 - loadIPPluginJar : add radio
2025-12-11 22:40:45,253 [INFO] IPUIPlugin:80 - create IPUIPlugin
2025-12-11 22:40:45,253 [INFO] PluginManager:220 - loadIPPluginJar : add resmgrutility
2025-12-11 22:40:45,346 [INFO] IPUIPlugin:80 - create IPUIPlugin
2025-12-11 22:40:45,346 [INFO] PluginManager:220 - loadIPPluginJar : add sai
2025-12-11 22:40:45,419 [INFO] IPUIPlugin:80 - create IPUIPlugin
2025-12-11 22:40:45,421 [INFO] PluginManager:220 - loadIPPluginJar : add spi
2025-12-11 22:40:45,539 [INFO] IPUIPlugin:80 - create IPUIPlugin
2025-12-11 22:40:45,540 [INFO] PluginManager:220 - loadIPPluginJar : add stm32_wpan
2025-12-11 22:40:45,585 [INFO] IPUIPlugin:80 - create IPUIPlugin
2025-12-11 22:40:45,586 [INFO] PluginManager:220 - loadIPPluginJar : add tim
2025-12-11 22:40:45,714 [INFO] IPUIPlugin:80 - create IPUIPlugin
2025-12-11 22:40:45,714 [INFO] PluginManager:220 - loadIPPluginJar : add touchsensing
2025-12-11 22:40:45,755 [INFO] IPUIPlugin:80 - create IPUIPlugin
2025-12-11 22:40:45,755 [INFO] PluginManager:220 - loadIPPluginJar : add tracer_emb
2025-12-11 22:40:45,806 [INFO] IPUIPlugin:80 - create IPUIPlugin
2025-12-11 22:40:45,807 [INFO] PluginManager:220 - loadIPPluginJar : add ts
2025-12-11 22:40:45,857 [INFO] IPUIPlugin:80 - create IPUIPlugin
2025-12-11 22:40:45,857 [INFO] PluginManager:220 - loadIPPluginJar : add tsc
2025-12-11 22:40:45,896 [INFO] IPUIPlugin:80 - create IPUIPlugin
2025-12-11 22:40:45,896 [INFO] PluginManager:220 - loadIPPluginJar : add ucpd
2025-12-11 22:40:45,980 [INFO] IPUIPlugin:80 - create IPUIPlugin
2025-12-11 22:40:45,980 [INFO] PluginManager:220 - loadIPPluginJar : add usart
2025-12-11 22:40:46,072 [INFO] IPUIPlugin:80 - create IPUIPlugin
2025-12-11 22:40:46,073 [INFO] PluginManager:220 - loadIPPluginJar : add usbx
2025-12-11 22:40:46,246 [FATAL] Updater:351 - Updater called before beeing initialized
2025-12-11 22:40:46,286 [INFO] RulesReader:64 - Compatibility file has been processed (317 Rules)
2025-12-11 22:40:46,311 [INFO] RulesReader:64 - Compatibility file has been processed (317 Rules)
2025-12-11 22:40:46,326 [INFO] CADModel:165 - CPN selected for project level
2025-12-11 22:40:46,326 [INFO] CADModel:114 - Register for checkConnection events
2025-12-11 22:40:46,326 [FATAL] Updater:351 - Updater called before beeing initialized
2025-12-11 22:40:46,326 [ERROR] CADModel:125 - Updater not yet initialized, retry later 
2025-12-11 22:40:46,568 [FATAL] Updater:351 - Updater called before beeing initialized
2025-12-11 22:40:46,570 [INFO] CADModel:165 - CPN selected for project level
2025-12-11 22:40:46,571 [INFO] CADModel:114 - Register for checkConnection events
2025-12-11 22:40:46,571 [FATAL] Updater:351 - Updater called before beeing initialized
2025-12-11 22:40:46,571 [ERROR] CADModel:125 - Updater not yet initialized, retry later 
2025-12-11 22:40:46,575 [FATAL] Updater:351 - Updater called before beeing initialized
2025-12-11 22:40:46,739 [FATAL] Updater:351 - Updater called before beeing initialized
2025-12-11 22:40:46,757 [INFO] DbMcusAds:53 - JSON generation date=Thu Oct 02 16:36:05 ICT 2025 (1759397765645)
2025-12-11 22:40:46,757 [FATAL] Updater:351 - Updater called before beeing initialized
2025-12-11 22:40:46,814 [WARN] DetailPanel:346 - Failed to get advertising image, set to default
2025-12-11 22:40:46,915 [FATAL] Updater:351 - Updater called before beeing initialized
2025-12-11 22:40:46,917 [FATAL] Updater:351 - Updater called before beeing initialized
2025-12-11 22:40:46,917 [FATAL] Updater:351 - Updater called before beeing initialized
2025-12-11 22:40:46,918 [WARN] DetailPanel:346 - Failed to get advertising image, set to default
2025-12-11 22:40:46,918 [FATAL] Updater:351 - Updater called before beeing initialized
2025-12-11 22:40:47,006 [ERROR] Updater:1198 - MainUpdater not yet initialized. External WinMGr cannot be set.
2025-12-11 22:40:47,031 [INFO] Updater:1134 - Updater Version found : 6.15.0
2025-12-11 22:40:47,058 [INFO] ApplicationProperties:184 - Using Application install path: C:\ST\STM32CubeIDE_1.19.0\STM32CubeIDE\plugins\com.st.stm32cube.common.mx_6.15.0.202507011659
2025-12-11 22:40:47,459 [INFO] ThirdPartyUpdaterWithRetryManager:70 - Updater plugin not ready yet. [3/15]
2025-12-11 22:40:48,679 [ERROR] LogOutputStream:75 - [STDERR_REDIRECT] Dec 11, 2025 10:40:48 PM java.util.prefs.WindowsPreferences <init>
2025-12-11 22:40:48,686 [ERROR] LogOutputStream:75 - [STDERR_REDIRECT] WARNING: Could not open/create prefs root node Software\JavaSoft\Prefs at root 0xffffffff80000002. Windows RegCreateKeyEx(...) returned error code 5.
2025-12-11 22:40:48,687 [ERROR] LogOutputStream:75 - [STDERR_REDIRECT] 
2025-12-11 22:40:49,530 [INFO] MainUpdater:2872 - connection check result : 10
2025-12-11 22:40:49,533 [INFO] MainUpdater:289 - Updater Check For Update Now.
2025-12-11 22:40:49,533 [INFO] MicroXplorer:498 - Change Database Version : DB.6.0.150
2025-12-11 22:40:49,734 [INFO] McuFinderGlobals:63 - Set McuFinder mode to 2 (CubeIDE integrated)
2025-12-11 22:40:49,738 [INFO] UserAuth:171 - activating auth plugin
2025-12-11 22:40:49,745 [INFO] UserAuth:487 - Internet connection configuration mode: 1
2025-12-11 22:40:49,913 [INFO] JxBrowserEngine:152 - Initiate JxBrowser Engine with user profile folder
2025-12-11 22:40:49,941 [INFO] CheckServerUpdateThread:120 - End of CheckServer Thread
2025-12-11 22:40:50,985 [WARN] PackLoader:240 - Cannot read IP mode file for STMicroelectronics.FP-SNS-MOTENVWB1.1.4.0
2025-12-11 22:40:51,019 [WARN] PackLoader:240 - Cannot read IP mode file for STMicroelectronics.FP-ATR-ASTRA1.2.0.2
2025-12-11 22:40:51,061 [WARN] PackLoader:240 - Cannot read IP mode file for STMicroelectronics.X-CUBE-SMBUS.2.1.0
2025-12-11 22:40:51,091 [WARN] PackLoader:240 - Cannot read IP mode file for STMicroelectronics.X-CUBE-ST60.1.0.0
2025-12-11 22:40:51,159 [WARN] PackLoader:240 - Cannot read IP mode file for STMicroelectronics.X-CUBE-AZRTOS-F7.1.1.0
2025-12-11 22:40:51,196 [WARN] PackLoader:240 - Cannot read IP mode file for Cesanta.I-CUBE-Mongoose.7.19.0
2025-12-11 22:40:51,223 [WARN] PackLoader:240 - Cannot read IP mode file for STMicroelectronics.FP-SNS-MOTENV1.5.1.0
2025-12-11 22:40:51,255 [WARN] PackLoader:240 - Cannot read IP mode file for WES.I-CUBE-Cesium.1.4.0
2025-12-11 22:40:51,321 [WARN] PackLoader:240 - Cannot read IP mode file for Infineon.AIROC-Wi-Fi-Bluetooth-STM32.1.7.1
2025-12-11 22:40:51,381 [WARN] PackLoader:240 - Cannot read IP mode file for STMicroelectronics.X-CUBE-AZRTOS-H7.3.4.0
2025-12-11 22:40:51,414 [WARN] PackLoader:240 - Cannot read IP mode file for STMicroelectronics.X-CUBE-DISPLAY.3.0.0
2025-12-11 22:40:51,458 [WARN] PackLoader:240 - Cannot read IP mode file for STMicroelectronics.X-CUBE-NFC10.1.0.0
2025-12-11 22:40:51,490 [WARN] PackLoader:240 - Cannot read IP mode file for STMicroelectronics.X-CUBE-ST60.1.1.0
2025-12-11 22:40:51,517 [WARN] PackLoader:240 - Cannot read IP mode file for emotas.I-CUBE-CANOPEN.1.3.0
2025-12-11 22:40:51,541 [WARN] PackLoader:240 - Cannot read IP mode file for STMicroelectronics.X-CUBE-GNSS1.7.1.0
2025-12-11 22:40:51,573 [WARN] PackLoader:240 - Cannot read IP mode file for STMicroelectronics.FP-SNS-STBOX1.2.1.0
2025-12-11 22:40:51,604 [WARN] PackLoader:240 - Cannot read IP mode file for STMicroelectronics.FP-SNS-SMARTAG2.1.2.0
2025-12-11 22:40:51,710 [WARN] PackLoader:240 - Cannot read IP mode file for STMicroelectronics.FP-SNS-FLIGHT1.5.1.0
2025-12-11 22:40:51,769 [INFO] LogOutputStream:77 - [STDOUT_REDIRECT] 1 : Invalid condition id : UX_CORESTACK_Condition cause : null
2025-12-11 22:40:51,771 [INFO] LogOutputStream:77 - [STDOUT_REDIRECT] 1 : Invalid condition id : UX_CORESTACK_Condition cause : null
2025-12-11 22:40:51,773 [INFO] LogOutputStream:77 - [STDOUT_REDIRECT] 1 : Invalid condition id : UX_CORESTACK_Condition cause : null
2025-12-11 22:40:51,774 [INFO] LogOutputStream:77 - [STDOUT_REDIRECT] 1 : Invalid condition id : UX_CORESTACK_Condition cause : null
2025-12-11 22:40:51,776 [INFO] LogOutputStream:77 - [STDOUT_REDIRECT] 1 : Invalid condition id : UX_CORESTACK_Condition cause : null
2025-12-11 22:40:51,781 [WARN] PackLoader:240 - Cannot read IP mode file for STMicroelectronics.X-CUBE-AZRTOS-WL.2.0.0
2025-12-11 22:40:51,811 [WARN] PackLoader:240 - Cannot read IP mode file for STMicroelectronics.FP-SNS-MOTENV1.5.0.0
2025-12-11 22:40:51,898 [WARN] PackLoader:240 - Cannot read IP mode file for STMicroelectronics.X-CUBE-AZRTOS-H7RS.1.2.0
2025-12-11 22:40:51,932 [WARN] PackLoader:240 - Cannot read IP mode file for STMicroelectronics.X-CUBE-BLE2.3.3.0
2025-12-11 22:40:52,072 [WARN] PackLoader:240 - Cannot read IP mode file for STMicroelectronics.X-CUBE-NFC9.1.0.0
2025-12-11 22:40:52,098 [WARN] PackLoader:240 - Cannot read IP mode file for wolfSSL.I-CUBE-wolfSSL.5.8.2
2025-12-11 22:40:52,123 [WARN] PackLoader:240 - Cannot read IP mode file for STMicroelectronics.X-CUBE-BLE1.7.1.0
2025-12-11 22:40:52,145 [WARN] PackLoader:240 - Cannot read IP mode file for wolfSSL.I-CUBE-wolfMQTT.1.19.2
2025-12-11 22:40:52,188 [WARN] PackLoader:240 - Cannot read IP mode file for STMicroelectronics.X-CUBE-FREERTOS.1.4.0
2025-12-11 22:40:52,216 [WARN] PackLoader:240 - Cannot read IP mode file for STMicroelectronics.X-CUBE-EEPRMA1.5.2.0
2025-12-11 22:40:52,249 [WARN] PackLoader:240 - Cannot read IP mode file for STMicroelectronics.X-CUBE-ST67W61.1.1.0
2025-12-11 22:40:52,352 [WARN] PackLoader:240 - Cannot read IP mode file for STMicroelectronics.X-CUBE-MEMS1.12.0.0
2025-12-11 22:40:52,919 [WARN] PackLoader:240 - Cannot read IP mode file for STMicroelectronics.X-CUBE-AZRTOS-G0.1.1.0
2025-12-11 22:40:52,972 [WARN] PackLoader:240 - Cannot read IP mode file for STMicroelectronics.X-CUBE-SAFEA1.1.2.2
2025-12-11 22:40:53,009 [WARN] PackLoader:240 - Cannot read IP mode file for STMicroelectronics.X-CUBE-NFC4.3.0.0
2025-12-11 22:40:53,187 [WARN] PackLoader:240 - Cannot read IP mode file for EmbeddedOffice.I-CUBE-FS-RTOS.1.0.1
2025-12-11 22:40:53,290 [WARN] PackLoader:240 - Cannot read IP mode file for STMicroelectronics.X-CUBE-WB05N.2.0.0
2025-12-11 22:40:53,326 [WARN] PackLoader:240 - Cannot read IP mode file for wolfSSL.I-CUBE-wolfTPM.3.8.0
2025-12-11 22:40:53,358 [WARN] PackLoader:240 - Cannot read IP mode file for STMicroelectronics.X-CUBE-TCPP.4.2.0
2025-12-11 22:40:53,387 [WARN] PackLoader:240 - Cannot read IP mode file for RealThread.X-CUBE-RT-Thread_Nano.4.1.1
2025-12-11 22:40:53,411 [WARN] PackLoader:240 - Cannot read IP mode file for STMicroelectronics.FP-ATR-SIGFOX1.3.2.0
2025-12-11 22:40:53,436 [WARN] PackLoader:240 - Cannot read IP mode file for ITTIA_DB.I-CUBE-ITTIADB.8.9.0
2025-12-11 22:40:53,467 [WARN] PackLoader:240 - Cannot read IP mode file for STMicroelectronics.X-CUBE-ST67W61.1.0.0
2025-12-11 22:40:53,492 [WARN] PackLoader:240 - Cannot read IP mode file for STMicroelectronics.X-CUBE-AI.10.2.0
2025-12-11 22:40:53,540 [WARN] PackLoader:240 - Cannot read IP mode file for SEGGER.I-CUBE-embOS.1.3.1
2025-12-11 22:40:53,627 [WARN] PackLoader:240 - Cannot read IP mode file for STMicroelectronics.X-CUBE-ALGOBUILD.1.4.0
2025-12-11 22:40:53,720 [WARN] PackLoader:240 - Cannot read IP mode file for STMicroelectronics.X-CUBE-MEMS1.11.3.0
2025-12-11 22:40:53,737 [INFO] WebApp:169 - Instantiating new browser for Auth
2025-12-11 22:40:53,959 [WARN] PackLoader:240 - Cannot read IP mode file for STMicroelectronics.X-CUBE-PM33A1.1.0.0
2025-12-11 22:40:54,001 [WARN] PackLoader:240 - Cannot read IP mode file for STMicroelectronics.X-CUBE-AZRTOS-F4.1.1.0
2025-12-11 22:40:54,028 [WARN] PackLoader:240 - Cannot read IP mode file for STMicroelectronics.X-CUBE-ISPU.2.1.0
2025-12-11 22:40:54,070 [WARN] PackLoader:240 - Cannot read IP mode file for STMicroelectronics.X-CUBE-IPS.3.2.0
2025-12-11 22:40:54,130 [WARN] PackLoader:240 - Cannot read IP mode file for STMicroelectronics.X-CUBE-NFC12.1.0.0
2025-12-11 22:40:54,187 [WARN] PackLoader:240 - Cannot read IP mode file for STMicroelectronics.X-CUBE-AZRTOS-L5.2.0.0
2025-12-11 22:40:54,223 [WARN] PackLoader:240 - Cannot read IP mode file for STMicroelectronics.X-CUBE-NFC6.3.1.0
2025-12-11 22:40:54,256 [WARN] PackLoader:240 - Cannot read IP mode file for STMicroelectronics.X-CUBE-FREERTOS.1.3.1
2025-12-11 22:40:54,283 [WARN] PackLoader:240 - Cannot read IP mode file for STMicroelectronics.X-CUBE-TOUCHGFX.4.26.0
2025-12-11 22:40:54,308 [WARN] PackLoader:240 - Cannot read IP mode file for STMicroelectronics.FP-SNS-STAIOTCFT.1.0.0
2025-12-11 22:40:54,333 [WARN] PackLoader:240 - Cannot read IP mode file for STMicroelectronics.X-CUBE-DPower.1.3.0
2025-12-11 22:40:54,398 [WARN] ConditionMgr:438 - getConditionDescription Invalid condition id : LAN8742 Phy interface Condition cause : null
2025-12-11 22:40:54,398 [WARN] PackLoader:240 - Cannot read IP mode file for STMicroelectronics.X-CUBE-AZRTOS-L4.2.0.0
2025-12-11 22:40:54,399 [WARN] ConditionMgr:1044 - genDependencies : Invalid condition id : LAN8742 Phy interface Condition cause : null
2025-12-11 22:40:54,400 [WARN] ConditionMgr:1044 - genDependencies : Invalid condition id : LAN8742 Phy interface Condition cause : null
2025-12-11 22:40:54,400 [WARN] ConditionMgr:1044 - genDependencies : Invalid condition id : LAN8742 Phy interface Condition cause : null
2025-12-11 22:40:54,436 [WARN] PackLoader:240 - Cannot read IP mode file for STMicroelectronics.X-CUBE-SFXS2LP1.4.0.0
2025-12-11 22:40:54,468 [WARN] PackLoader:240 - Cannot read IP mode file for STMicroelectronics.X-CUBE-BLEMGR.4.1.0
2025-12-11 22:40:54,508 [WARN] ConditionMgr:438 - getConditionDescription Invalid condition id : UX DEVICE CLASS RTOS Condition cause : null
2025-12-11 22:40:54,508 [WARN] ConditionMgr:438 - getConditionDescription Invalid condition id : UX DEVICE CLASS RTOS Condition cause : null
2025-12-11 22:40:54,512 [WARN] PackLoader:240 - Cannot read IP mode file for STMicroelectronics.X-CUBE-AZRTOS-WB.2.0.0
2025-12-11 22:40:54,512 [WARN] ConditionMgr:1044 - genDependencies : Invalid condition id : UX DEVICE CLASS RTOS Condition cause : null
2025-12-11 22:40:54,512 [WARN] ConditionMgr:1044 - genDependencies : Invalid condition id : UX DEVICE CLASS RTOS Condition cause : null
2025-12-11 22:40:54,513 [WARN] ConditionMgr:1044 - genDependencies : Invalid condition id : UX DEVICE CLASS RTOS Condition cause : null
2025-12-11 22:40:54,513 [WARN] ConditionMgr:1044 - genDependencies : Invalid condition id : UX DEVICE CLASS RTOS Condition cause : null
2025-12-11 22:40:54,513 [WARN] ConditionMgr:1044 - genDependencies : Invalid condition id : UX DEVICE CLASS RTOS Condition cause : null
2025-12-11 22:40:54,538 [WARN] PackLoader:240 - Cannot read IP mode file for STMicroelectronics.X-CUBE-GNSS1.7.0.1
2025-12-11 22:40:54,612 [WARN] ConditionMgr:438 - getConditionDescription Invalid condition id : Cortex-A Device cause : null
2025-12-11 22:40:54,647 [WARN] ConditionMgr:1044 - genDependencies : Invalid condition id : Cortex-A Device cause : null
2025-12-11 22:40:54,647 [WARN] ConditionMgr:1044 - genDependencies : Invalid condition id : Cortex-A Device cause : null
2025-12-11 22:40:54,647 [WARN] ConditionMgr:1044 - genDependencies : Invalid condition id : Cortex-A Device cause : null
2025-12-11 22:40:54,682 [WARN] PackLoader:240 - Cannot read IP mode file for STMicroelectronics.X-CUBE-SUBG2.5.0.0
2025-12-11 22:40:54,729 [WARN] PackLoader:240 - Cannot read IP mode file for STMicroelectronics.X-CUBE-AZRTOS-H7RS.1.1.0
2025-12-11 22:40:54,778 [WARN] PackLoader:240 - Cannot read IP mode file for STMicroelectronics.X-CUBE-AZRTOS-G4.2.0.0
2025-12-11 22:40:54,811 [WARN] PackLoader:240 - Cannot read IP mode file for wolfSSL.I-CUBE-wolfSSH.1.4.20
2025-12-11 22:40:54,838 [WARN] PackLoader:240 - Cannot read IP mode file for STMicroelectronics.X-CUBE-NFC7.2.0.0
2025-12-11 22:40:54,880 [WARN] PackLoader:240 - Cannot read IP mode file for STMicroelectronics.X-CUBE-IPS.3.1.0
2025-12-11 22:40:54,918 [WARN] PackLoader:240 - Cannot read IP mode file for STMicroelectronics.X-CUBE-ALS.1.0.2
2025-12-11 22:40:54,956 [WARN] PackLoader:240 - Cannot read IP mode file for STMicroelectronics.X-CUBE-STSE01.1.0.0
2025-12-11 22:40:55,023 [WARN] PackLoader:240 - Cannot read IP mode file for STMicroelectronics.X-CUBE-TOF1.3.4.3
2025-12-11 22:40:55,046 [INFO] ThirdParty:978 - Integrity check success = true
2025-12-11 22:40:55,047 [INFO] IntegrityCheckThread:100 - exiting critical section [integrity check]
2025-12-11 22:40:55,048 [INFO] IntegrityCheckThread:103 - End integrity checks thread
2025-12-11 22:40:55,342 [INFO] WebApp:463 - Apply proxy settings
2025-12-11 22:40:55,342 [INFO] WebApp:548 - Chromium requires no authentication
2025-12-11 22:40:55,357 [INFO] WebApp:491 - Direct internet connection detected
2025-12-11 22:40:55,412 [INFO] WebApp:900 - Register for checkConnection events
2025-12-11 22:40:55,413 [INFO] WebApp:463 - Apply proxy settings
2025-12-11 22:40:55,413 [INFO] WebApp:548 - Chromium requires no authentication
2025-12-11 22:40:55,413 [INFO] WebApp:491 - Direct internet connection detected
2025-12-11 22:40:55,690 [INFO] WebApp:191 - Connection restablished
2025-12-11 22:40:55,940 [INFO] WebApp:225 - Starting web application
2025-12-11 22:40:55,942 [INFO] WebApp:593 - Web application path used C:\ST\STM32CubeIDE_1.19.0\STM32CubeIDE\plugins\com.st.stm32cube.common.mx_6.15.0.202507011659\db\plugins\mcufinder\reactClient1\index.html
2025-12-11 23:22:35,416 [ERROR] LogOutputStream:75 - [STDERR_REDIRECT] 
2025-12-11 23:22:35,418 [ERROR] LogOutputStream:75 - [STDERR_REDIRECT] 
