2025-12-27 23:50:08,487 [INFO] Activator:176 - 


2025-12-27 23:50:08,493 [INFO] Activator:177 - !SESSION log4j initialized
2025-12-27 23:50:14,870 [INFO] LogOutputStream:77 - [STDOUT_REDIRECT] 
2025-12-27 23:50:15,920 [INFO] ApplicationProperties:184 - Using Application install path: C:\ST\STM32CubeIDE_1.19.0\STM32CubeIDE\plugins\com.st.stm32cube.common.mx_6.15.0.202507011659
2025-12-27 23:50:15,937 [INFO] DbMcusXml:78 - Set database path to: C:\ST\STM32CubeIDE_1.19.0\STM32CubeIDE\plugins\com.st.stm32cube.common.mx_6.15.0.202507011659\\db\/mcu/
2025-12-27 23:50:15,937 [INFO] ApiDb:274 - Set plugin database path to: C:\ST\STM32CubeIDE_1.19.0\STM32CubeIDE\plugins\com.st.stm32cube.common.mx_6.15.0.202507011659\\db\/plugins/boardmanager/
2025-12-27 23:50:15,938 [WARN] ApiDb:259 - Overriding images path with different value:  => C:\ST\STM32CubeIDE_1.19.0\STM32CubeIDE\plugins\com.st.stm32cube.common.mx_6.15.0.202507011659\\db\/plugins/mcufinder/images/
2025-12-27 23:50:15,954 [INFO] ApiDb:250 - Set database path to: C:\Users\ASUS\.stmcufinder\plugins\mcufinder//mcu/
2025-12-27 23:50:15,955 [INFO] DbMcusAds:125 - Set database path to: C:\Users\ASUS\.stmcufinder\plugins\mcufinder//mcu/
2025-12-27 23:50:15,958 [INFO] CrossReferenceDbSqlite:203 - Set database path to: C:\Users\ASUS\.stmcufinder\plugins\mcufinder//mcu/cs/
2025-12-27 23:50:16,076 [INFO] RulesReader:64 - Compatibility file has been processed (317 Rules)
2025-12-27 23:50:16,159 [INFO] DbMcusXml:78 - Set database path to: C:\ST\STM32CubeIDE_1.19.0\STM32CubeIDE\plugins\com.st.stm32cube.common.mx_6.15.0.202507011659\\db\/mcu/
2025-12-27 23:50:16,159 [INFO] ApiDb:274 - Set plugin database path to: C:\ST\STM32CubeIDE_1.19.0\STM32CubeIDE\plugins\com.st.stm32cube.common.mx_6.15.0.202507011659\\db\/plugins/boardmanager/
2025-12-27 23:50:16,159 [INFO] ApiDb:261 - Set plugin images path to: C:\ST\STM32CubeIDE_1.19.0\STM32CubeIDE\plugins\com.st.stm32cube.common.mx_6.15.0.202507011659\\db\/plugins/mcufinder/images/
2025-12-27 23:50:16,159 [WARN] DbFile:41 - Overriding database path with different value: C:\Users\ASUS\.stmcufinder\plugins\mcufinder/ => C:\Users\ASUS\.stmcufinder\plugins\mcufinder
2025-12-27 23:50:16,159 [INFO] ApiDb:250 - Set database path to: C:\Users\ASUS\.stmcufinder\plugins\mcufinder//mcu/
2025-12-27 23:50:16,159 [WARN] DbFile:41 - Overriding database path with different value: C:\Users\ASUS\.stmcufinder\plugins\mcufinder/ => C:\Users\ASUS\.stmcufinder\plugins\mcufinder
2025-12-27 23:50:16,159 [INFO] DbMcusAds:125 - Set database path to: C:\Users\ASUS\.stmcufinder\plugins\mcufinder//mcu/
2025-12-27 23:50:16,160 [WARN] DbFile:41 - Overriding database path with different value: C:\Users\ASUS\.stmcufinder\plugins\mcufinder/ => C:\Users\ASUS\.stmcufinder\plugins\mcufinder
2025-12-27 23:50:16,160 [WARN] DbFile:41 - Overriding database path with different value: C:\Users\ASUS\.stmcufinder\plugins\mcufinder/ => C:\Users\ASUS\.stmcufinder\plugins\mcufinder
2025-12-27 23:50:16,160 [INFO] CrossReferenceDbSqlite:203 - Set database path to: C:\Users\ASUS\.stmcufinder\plugins\mcufinder//mcu/cs/
2025-12-27 23:50:16,241 [INFO] MainPanel:274 - HeapMemory: 268435456
2025-12-27 23:50:16,344 [INFO] DbMcusXml:78 - Set database path to: C:\ST\STM32CubeIDE_1.19.0\STM32CubeIDE\plugins\com.st.stm32cube.common.mx_6.15.0.202507011659\\db\/mcu/
2025-12-27 23:50:16,344 [INFO] ApiDb:274 - Set plugin database path to: C:\ST\STM32CubeIDE_1.19.0\STM32CubeIDE\plugins\com.st.stm32cube.common.mx_6.15.0.202507011659\\db\/plugins/boardmanager/
2025-12-27 23:50:16,344 [INFO] ApiDb:261 - Set plugin images path to: C:\ST\STM32CubeIDE_1.19.0\STM32CubeIDE\plugins\com.st.stm32cube.common.mx_6.15.0.202507011659\\db\/plugins/mcufinder/images/
2025-12-27 23:50:16,344 [WARN] DbFile:41 - Overriding database path with different value: C:\Users\ASUS\.stmcufinder\plugins\mcufinder/ => C:\Users\ASUS\.stmcufinder\plugins\mcufinder
2025-12-27 23:50:16,344 [INFO] ApiDb:250 - Set database path to: C:\Users\ASUS\.stmcufinder\plugins\mcufinder//mcu/
2025-12-27 23:50:16,344 [WARN] DbFile:41 - Overriding database path with different value: C:\Users\ASUS\.stmcufinder\plugins\mcufinder/ => C:\Users\ASUS\.stmcufinder\plugins\mcufinder
2025-12-27 23:50:16,344 [INFO] DbMcusAds:125 - Set database path to: C:\Users\ASUS\.stmcufinder\plugins\mcufinder//mcu/
2025-12-27 23:50:16,344 [WARN] DbFile:41 - Overriding database path with different value: C:\Users\ASUS\.stmcufinder\plugins\mcufinder/ => C:\Users\ASUS\.stmcufinder\plugins\mcufinder
2025-12-27 23:50:16,345 [WARN] DbFile:41 - Overriding database path with different value: C:\Users\ASUS\.stmcufinder\plugins\mcufinder/ => C:\Users\ASUS\.stmcufinder\plugins\mcufinder
2025-12-27 23:50:16,345 [INFO] CrossReferenceDbSqlite:203 - Set database path to: C:\Users\ASUS\.stmcufinder\plugins\mcufinder//mcu/cs/
2025-12-27 23:50:16,362 [INFO] ApplicationProperties:184 - Using Application install path: C:\ST\STM32CubeIDE_1.19.0\STM32CubeIDE\plugins\com.st.stm32cube.common.mx_6.15.0.202507011659
2025-12-27 23:50:16,363 [INFO] PluginManage:196 - Search for loadable plugins [exclusion list=, ]
2025-12-27 23:50:16,364 [INFO] PluginManage:310 - Check plugin analytics
2025-12-27 23:50:16,531 [INFO] AnalyticsPlugin:253 - Accepted Software Licenses: STM32CubeMX.6.12.1
2025-12-27 23:50:16,532 [INFO] AnalyticsPlugin:255 - Accepted CMSIS Pack Licenses: 
2025-12-27 23:50:16,532 [INFO] AnalyticsPlugin:257 - Accepted Firmware Licenses: 
2025-12-27 23:50:16,535 [INFO] PluginManage:359 - Loaded plugin analytics (category:tool,tabindex:-1)
2025-12-27 23:50:16,536 [INFO] PluginManage:310 - Check plugin cadmodel
2025-12-27 23:50:16,561 [INFO] CADModel:105 - Init CAD model plugin
2025-12-27 23:50:16,561 [INFO] PluginManage:359 - Loaded plugin cadmodel (category:power,tabindex:5)
2025-12-27 23:50:16,562 [INFO] PluginManage:310 - Check plugin clock
2025-12-27 23:50:16,591 [INFO] PluginManage:359 - Loaded plugin clock (category:base,tabindex:2)
2025-12-27 23:50:16,591 [INFO] PluginManage:310 - Check plugin ddr
2025-12-27 23:50:16,594 [INFO] PluginManage:359 - Loaded plugin ddr (category:tool,tabindex:6)
2025-12-27 23:50:16,594 [INFO] PluginManage:310 - Check plugin filemanager
2025-12-27 23:50:16,799 [INFO] PluginManage:359 - Loaded plugin filemanager (category:base,tabindex:10)
2025-12-27 23:50:16,799 [INFO] PluginManage:310 - Check plugin ipmanager
2025-12-27 23:50:16,808 [INFO] PluginManage:359 - Loaded plugin ipmanager (category:base,tabindex:5)
2025-12-27 23:50:16,808 [INFO] PluginManage:310 - Check plugin lpbam
2025-12-27 23:50:16,837 [INFO] PluginManage:359 - Loaded plugin lpbam (category:base,tabindex:0)
2025-12-27 23:50:16,838 [INFO] PluginManage:310 - Check plugin memorymap
2025-12-27 23:50:16,877 [INFO] PluginManage:359 - Loaded plugin memorymap (category:base,tabindex:4)
2025-12-27 23:50:16,877 [INFO] PluginManage:310 - Check plugin pinoutandconfiguration
2025-12-27 23:50:16,911 [INFO] PluginManage:359 - Loaded plugin pinoutandconfiguration (category:base,tabindex:1)
2025-12-27 23:50:16,911 [INFO] PluginManage:310 - Check plugin pinoutconfig
2025-12-27 23:50:17,012 [WARN] SupportedApi:132 - Cannot load RTOS API schema: s4s-elt-must-match.1: The content of 'definitions' must match (annotation?, (simpleType | complexType)?, (unique | key | keyref)*)). A problem was found starting at: attribute.
2025-12-27 23:50:17,138 [INFO] PluginManage:359 - Loaded plugin pinoutconfig (category:base,tabindex:0)
2025-12-27 23:50:17,138 [INFO] PluginManage:310 - Check plugin power
2025-12-27 23:50:17,160 [INFO] PluginManage:359 - Loaded plugin power (category:power,tabindex:4)
2025-12-27 23:50:17,160 [INFO] PluginManage:310 - Check plugin projectmanager
2025-12-27 23:50:17,186 [INFO] PluginManage:359 - Loaded plugin projectmanager (category:projectmanager,tabindex:4)
2025-12-27 23:50:17,187 [INFO] PluginManage:310 - Check plugin rif
2025-12-27 23:50:17,208 [INFO] PluginManage:359 - Loaded plugin rif (category:base,tabindex:3)
2025-12-27 23:50:17,208 [INFO] PluginManage:310 - Check plugin thirdparty
2025-12-27 23:50:17,510 [INFO] PluginManage:359 - Loaded plugin thirdparty (category:base,tabindex:-1)
2025-12-27 23:50:17,510 [WARN] IntegrityCheckThread:84 - waiting for thirdparty lock release [integrity check]
2025-12-27 23:50:17,511 [INFO] PluginManage:310 - Check plugin tools
2025-12-27 23:50:17,511 [INFO] IntegrityCheckThread:86 - entering critical section [integrity check]
2025-12-27 23:50:17,511 [INFO] ThirdPartyUpdaterWithRetryManager:70 - Updater plugin not ready yet. [1/15]
2025-12-27 23:50:17,551 [INFO] PluginManage:359 - Loaded plugin tools (category:base,tabindex:7)
2025-12-27 23:50:17,551 [INFO] PluginManage:310 - Check plugin tutovideos
2025-12-27 23:50:17,760 [INFO] PluginManage:359 - Loaded plugin tutovideos (category:base,tabindex:-1)
2025-12-27 23:50:17,760 [INFO] PluginManage:310 - Check plugin updater
2025-12-27 23:50:17,779 [INFO] PluginManage:359 - Loaded plugin updater (category:base,tabindex:12)
2025-12-27 23:50:17,779 [INFO] PluginManage:310 - Check plugin userauth
2025-12-27 23:50:17,784 [INFO] UserAuth:118 - Init User Auth plugin
2025-12-27 23:50:17,785 [INFO] PluginManage:359 - Loaded plugin userauth (category:base,tabindex:14)
2025-12-27 23:50:17,785 [INFO] PluginManage:283 - PluginManage : Loaded plugins [18]
2025-12-27 23:50:17,979 [INFO] PinOutPanel:1589 - setPackage(No Configuration,No Configuration)
2025-12-27 23:50:18,055 [INFO] CADModel:165 - CPN selected for project level
2025-12-27 23:50:18,055 [INFO] CADModel:114 - Register for checkConnection events
2025-12-27 23:50:18,083 [INFO] IPUIPlugin:80 - create IPUIPlugin
2025-12-27 23:50:18,083 [INFO] PluginManager:220 - loadIPPluginJar : add adc
2025-12-27 23:50:18,129 [INFO] IPUIPlugin:80 - create IPUIPlugin
2025-12-27 23:50:18,129 [INFO] PluginManager:220 - loadIPPluginJar : add aes
2025-12-27 23:50:18,185 [INFO] IPUIPlugin:80 - create IPUIPlugin
2025-12-27 23:50:18,185 [INFO] PluginManager:220 - loadIPPluginJar : add can
2025-12-27 23:50:18,217 [INFO] IPUIPlugin:80 - create IPUIPlugin
2025-12-27 23:50:18,217 [INFO] PluginManager:220 - loadIPPluginJar : add comp
2025-12-27 23:50:18,259 [INFO] IPUIPlugin:80 - create IPUIPlugin
2025-12-27 23:50:18,259 [INFO] PluginManager:220 - loadIPPluginJar : add cryp
2025-12-27 23:50:18,274 [INFO] IPUIPlugin:80 - create IPUIPlugin
2025-12-27 23:50:18,274 [INFO] PluginManager:220 - loadIPPluginJar : add ddr_ctrl_phy
2025-12-27 23:50:18,312 [INFO] IPUIPlugin:80 - create IPUIPlugin
2025-12-27 23:50:18,312 [INFO] PluginManager:220 - loadIPPluginJar : add dfsdm
2025-12-27 23:50:18,327 [INFO] IPUIPlugin:80 - create IPUIPlugin
2025-12-27 23:50:18,327 [INFO] PluginManager:220 - loadIPPluginJar : add dma
2025-12-27 23:50:18,373 [INFO] IPUIPlugin:80 - create IPUIPlugin
2025-12-27 23:50:18,373 [INFO] PluginManager:220 - loadIPPluginJar : add dma3
2025-12-27 23:50:18,425 [INFO] IPUIPlugin:80 - create IPUIPlugin
2025-12-27 23:50:18,425 [INFO] PluginManager:220 - loadIPPluginJar : add extmemmanager
2025-12-27 23:50:18,450 [INFO] IPUIPlugin:80 - create IPUIPlugin
2025-12-27 23:50:18,450 [INFO] PluginManager:220 - loadIPPluginJar : add fatfs
2025-12-27 23:50:18,504 [INFO] IPUIPlugin:80 - create IPUIPlugin
2025-12-27 23:50:18,504 [INFO] PluginManager:220 - loadIPPluginJar : add fmc
2025-12-27 23:50:18,522 [INFO] IPUIPlugin:80 - create IPUIPlugin
2025-12-27 23:50:18,522 [INFO] PluginManager:220 - loadIPPluginJar : add freertos
2025-12-27 23:50:18,548 [INFO] IPUIPlugin:80 - create IPUIPlugin
2025-12-27 23:50:18,548 [INFO] PluginManager:220 - loadIPPluginJar : add genericplugin
2025-12-27 23:50:18,663 [INFO] IPUIPlugin:80 - create IPUIPlugin
2025-12-27 23:50:18,663 [INFO] PluginManager:220 - loadIPPluginJar : add gfxmmu
2025-12-27 23:50:18,817 [INFO] IPUIPlugin:80 - create IPUIPlugin
2025-12-27 23:50:18,818 [INFO] PluginManager:220 - loadIPPluginJar : add gic
2025-12-27 23:50:18,831 [INFO] IPUIPlugin:80 - create IPUIPlugin
2025-12-27 23:50:18,831 [INFO] PluginManager:220 - loadIPPluginJar : add gpio
2025-12-27 23:50:18,936 [INFO] IPUIPlugin:80 - create IPUIPlugin
2025-12-27 23:50:18,937 [INFO] PluginManager:220 - loadIPPluginJar : add gtzc
2025-12-27 23:50:18,976 [INFO] IPUIPlugin:80 - create IPUIPlugin
2025-12-27 23:50:18,976 [INFO] PluginManager:220 - loadIPPluginJar : add hash
2025-12-27 23:50:19,037 [INFO] IPUIPlugin:80 - create IPUIPlugin
2025-12-27 23:50:19,037 [INFO] PluginManager:220 - loadIPPluginJar : add i2c
2025-12-27 23:50:19,082 [INFO] IPUIPlugin:80 - create IPUIPlugin
2025-12-27 23:50:19,083 [INFO] PluginManager:220 - loadIPPluginJar : add i2s
2025-12-27 23:50:19,127 [INFO] IPUIPlugin:80 - create IPUIPlugin
2025-12-27 23:50:19,128 [INFO] PluginManager:220 - loadIPPluginJar : add i3c
2025-12-27 23:50:19,237 [INFO] IPUIPlugin:80 - create IPUIPlugin
2025-12-27 23:50:19,237 [INFO] PluginManager:220 - loadIPPluginJar : add ipddr
2025-12-27 23:50:19,344 [INFO] IPUIPlugin:80 - create IPUIPlugin
2025-12-27 23:50:19,345 [INFO] PluginManager:220 - loadIPPluginJar : add linkedlist
2025-12-27 23:50:19,386 [INFO] IPUIPlugin:80 - create IPUIPlugin
2025-12-27 23:50:19,386 [INFO] PluginManager:220 - loadIPPluginJar : add lorawan
2025-12-27 23:50:19,429 [INFO] IPUIPlugin:80 - create IPUIPlugin
2025-12-27 23:50:19,429 [INFO] PluginManager:220 - loadIPPluginJar : add ltdc
2025-12-27 23:50:19,443 [INFO] IPUIPlugin:80 - create IPUIPlugin
2025-12-27 23:50:19,444 [INFO] PluginManager:220 - loadIPPluginJar : add mdma
2025-12-27 23:50:19,458 [INFO] IPUIPlugin:80 - create IPUIPlugin
2025-12-27 23:50:19,458 [INFO] PluginManager:220 - loadIPPluginJar : add nvic
2025-12-27 23:50:19,504 [INFO] IPUIPlugin:80 - create IPUIPlugin
2025-12-27 23:50:19,504 [INFO] PluginManager:220 - loadIPPluginJar : add opamp
2025-12-27 23:50:19,577 [INFO] IPUIPlugin:80 - create IPUIPlugin
2025-12-27 23:50:19,578 [INFO] PluginManager:220 - loadIPPluginJar : add openamp
2025-12-27 23:50:19,627 [INFO] IPUIPlugin:80 - create IPUIPlugin
2025-12-27 23:50:19,627 [INFO] PluginManager:220 - loadIPPluginJar : add pdm2pcm
2025-12-27 23:50:19,643 [INFO] IPUIPlugin:80 - create IPUIPlugin
2025-12-27 23:50:19,646 [INFO] PluginManager:220 - loadIPPluginJar : add plateformsettings
2025-12-27 23:50:19,688 [INFO] IPUIPlugin:80 - create IPUIPlugin
2025-12-27 23:50:19,688 [INFO] PluginManager:220 - loadIPPluginJar : add quadspi
2025-12-27 23:50:19,743 [INFO] IPUIPlugin:80 - create IPUIPlugin
2025-12-27 23:50:19,744 [INFO] PluginManager:220 - loadIPPluginJar : add radio
2025-12-27 23:50:19,765 [INFO] IPUIPlugin:80 - create IPUIPlugin
2025-12-27 23:50:19,765 [INFO] PluginManager:220 - loadIPPluginJar : add resmgrutility
2025-12-27 23:50:19,859 [INFO] IPUIPlugin:80 - create IPUIPlugin
2025-12-27 23:50:19,859 [INFO] PluginManager:220 - loadIPPluginJar : add sai
2025-12-27 23:50:19,939 [INFO] IPUIPlugin:80 - create IPUIPlugin
2025-12-27 23:50:19,939 [INFO] PluginManager:220 - loadIPPluginJar : add spi
2025-12-27 23:50:20,080 [INFO] IPUIPlugin:80 - create IPUIPlugin
2025-12-27 23:50:20,080 [INFO] PluginManager:220 - loadIPPluginJar : add stm32_wpan
2025-12-27 23:50:20,123 [INFO] IPUIPlugin:80 - create IPUIPlugin
2025-12-27 23:50:20,123 [INFO] PluginManager:220 - loadIPPluginJar : add tim
2025-12-27 23:50:20,218 [INFO] IPUIPlugin:80 - create IPUIPlugin
2025-12-27 23:50:20,218 [INFO] PluginManager:220 - loadIPPluginJar : add touchsensing
2025-12-27 23:50:20,254 [INFO] IPUIPlugin:80 - create IPUIPlugin
2025-12-27 23:50:20,254 [INFO] PluginManager:220 - loadIPPluginJar : add tracer_emb
2025-12-27 23:50:20,289 [INFO] IPUIPlugin:80 - create IPUIPlugin
2025-12-27 23:50:20,289 [INFO] PluginManager:220 - loadIPPluginJar : add ts
2025-12-27 23:50:20,319 [INFO] IPUIPlugin:80 - create IPUIPlugin
2025-12-27 23:50:20,320 [INFO] PluginManager:220 - loadIPPluginJar : add tsc
2025-12-27 23:50:20,352 [INFO] IPUIPlugin:80 - create IPUIPlugin
2025-12-27 23:50:20,352 [INFO] PluginManager:220 - loadIPPluginJar : add ucpd
2025-12-27 23:50:20,415 [INFO] IPUIPlugin:80 - create IPUIPlugin
2025-12-27 23:50:20,415 [INFO] PluginManager:220 - loadIPPluginJar : add usart
2025-12-27 23:50:20,477 [INFO] IPUIPlugin:80 - create IPUIPlugin
2025-12-27 23:50:20,477 [INFO] PluginManager:220 - loadIPPluginJar : add usbx
2025-12-27 23:50:20,512 [INFO] ThirdPartyUpdaterWithRetryManager:70 - Updater plugin not ready yet. [2/15]
2025-12-27 23:50:20,604 [FATAL] Updater:351 - Updater called before beeing initialized
2025-12-27 23:50:20,631 [INFO] RulesReader:64 - Compatibility file has been processed (317 Rules)
2025-12-27 23:50:20,642 [INFO] RulesReader:64 - Compatibility file has been processed (317 Rules)
2025-12-27 23:50:20,653 [INFO] CADModel:165 - CPN selected for project level
2025-12-27 23:50:20,653 [INFO] CADModel:114 - Register for checkConnection events
2025-12-27 23:50:20,653 [FATAL] Updater:351 - Updater called before beeing initialized
2025-12-27 23:50:20,654 [ERROR] CADModel:125 - Updater not yet initialized, retry later 
2025-12-27 23:50:20,812 [FATAL] Updater:351 - Updater called before beeing initialized
2025-12-27 23:50:20,815 [INFO] CADModel:165 - CPN selected for project level
2025-12-27 23:50:20,815 [INFO] CADModel:114 - Register for checkConnection events
2025-12-27 23:50:20,815 [FATAL] Updater:351 - Updater called before beeing initialized
2025-12-27 23:50:20,815 [ERROR] CADModel:125 - Updater not yet initialized, retry later 
2025-12-27 23:50:20,818 [FATAL] Updater:351 - Updater called before beeing initialized
2025-12-27 23:50:20,920 [FATAL] Updater:351 - Updater called before beeing initialized
2025-12-27 23:50:20,931 [INFO] DbMcusAds:53 - JSON generation date=Thu Oct 02 16:36:05 ICT 2025 (1759397765645)
2025-12-27 23:50:20,932 [FATAL] Updater:351 - Updater called before beeing initialized
2025-12-27 23:50:20,970 [WARN] DetailPanel:346 - Failed to get advertising image, set to default
2025-12-27 23:50:21,046 [FATAL] Updater:351 - Updater called before beeing initialized
2025-12-27 23:50:21,048 [FATAL] Updater:351 - Updater called before beeing initialized
2025-12-27 23:50:21,048 [FATAL] Updater:351 - Updater called before beeing initialized
2025-12-27 23:50:21,049 [WARN] DetailPanel:346 - Failed to get advertising image, set to default
2025-12-27 23:50:21,049 [FATAL] Updater:351 - Updater called before beeing initialized
2025-12-27 23:50:21,117 [ERROR] Updater:1198 - MainUpdater not yet initialized. External WinMGr cannot be set.
2025-12-27 23:50:21,130 [INFO] Updater:1134 - Updater Version found : 6.15.0
2025-12-27 23:50:21,149 [INFO] ApplicationProperties:184 - Using Application install path: C:\ST\STM32CubeIDE_1.19.0\STM32CubeIDE\plugins\com.st.stm32cube.common.mx_6.15.0.202507011659
2025-12-27 23:50:22,730 [ERROR] LogOutputStream:75 - [STDERR_REDIRECT] Dec 27, 2025 11:50:22 PM java.util.prefs.WindowsPreferences <init>
2025-12-27 23:50:22,731 [ERROR] LogOutputStream:75 - [STDERR_REDIRECT] WARNING: Could not open/create prefs root node Software\JavaSoft\Prefs at root 0xffffffff80000002. Windows RegCreateKeyEx(...) returned error code 5.
2025-12-27 23:50:22,731 [ERROR] LogOutputStream:75 - [STDERR_REDIRECT] 
2025-12-27 23:50:23,102 [INFO] MainUpdater:2872 - connection check result : 10
2025-12-27 23:50:23,102 [INFO] MainUpdater:3604 - Updater definition file requires update
2025-12-27 23:50:23,103 [INFO] MainUpdater:289 - Updater Check For Update Now.
2025-12-27 23:50:23,103 [INFO] MicroXplorer:498 - Change Database Version : DB.6.0.150
2025-12-27 23:50:23,129 [INFO] McuFinderGlobals:63 - Set McuFinder mode to 2 (CubeIDE integrated)
2025-12-27 23:50:23,130 [INFO] UserAuth:171 - activating auth plugin
2025-12-27 23:50:23,133 [INFO] UserAuth:487 - Internet connection configuration mode: 1
2025-12-27 23:50:23,176 [INFO] JxBrowserEngine:152 - Initiate JxBrowser Engine with user profile folder
2025-12-27 23:50:23,203 [INFO] ServerAccessManage:452 - Complete download http(s) 200
2025-12-27 23:50:23,204 [INFO] ServerAccessManage:509 - Download File updaters.zip
2025-12-27 23:50:23,369 [INFO] FileExtend:248 - Unzip File : updaters.zip
2025-12-27 23:50:23,370 [INFO] FileExtend:263 - Standard Zip Deflate
2025-12-27 23:50:23,519 [WARN] MainUpdater:1193 - Updater busy. Cannot search thirdparties
2025-12-27 23:50:23,519 [INFO] ThirdPartyUpdaterWithRetryManager:96 - Updater plugin is busy. [1/15]
2025-12-27 23:50:24,190 [INFO] ServerAccessManage:452 - Complete download http(s) 200
2025-12-27 23:50:24,190 [INFO] ServerAccessManage:509 - Download File PacksControlFlags.xml
2025-12-27 23:50:24,403 [INFO] ServerAccessManage:452 - Complete download http(s) 200
2025-12-27 23:50:24,403 [INFO] ServerAccessManage:509 - Download File cubemx.pidx
2025-12-27 23:50:24,613 [INFO] LoadServerUpdatesThread:375 - End of LoadServerUpdate Thread
2025-12-27 23:50:24,920 [INFO] CheckServerUpdateThread:120 - End of CheckServer Thread
2025-12-27 23:50:25,853 [INFO] WebApp:169 - Instantiating new browser for Auth
2025-12-27 23:50:26,499 [INFO] WebApp:463 - Apply proxy settings
2025-12-27 23:50:26,499 [INFO] WebApp:548 - Chromium requires no authentication
2025-12-27 23:50:26,508 [INFO] WebApp:491 - Direct internet connection detected
2025-12-27 23:50:26,539 [INFO] WebApp:900 - Register for checkConnection events
2025-12-27 23:50:26,539 [INFO] WebApp:463 - Apply proxy settings
2025-12-27 23:50:26,539 [INFO] WebApp:548 - Chromium requires no authentication
2025-12-27 23:50:26,540 [INFO] WebApp:491 - Direct internet connection detected
2025-12-27 23:50:26,805 [INFO] WebApp:225 - Starting web application
2025-12-27 23:50:26,806 [INFO] WebApp:593 - Web application path used C:\ST\STM32CubeIDE_1.19.0\STM32CubeIDE\plugins\com.st.stm32cube.common.mx_6.15.0.202507011659\db\plugins\mcufinder\reactClient1\index.html
2025-12-27 23:50:26,846 [WARN] PackLoader:240 - Cannot read IP mode file for STMicroelectronics.FP-SNS-MOTENVWB1.1.4.0
2025-12-27 23:50:26,870 [WARN] PackLoader:240 - Cannot read IP mode file for STMicroelectronics.FP-ATR-ASTRA1.2.0.2
2025-12-27 23:50:26,893 [WARN] PackLoader:240 - Cannot read IP mode file for STMicroelectronics.X-CUBE-SMBUS.2.1.0
2025-12-27 23:50:26,915 [WARN] PackLoader:240 - Cannot read IP mode file for STMicroelectronics.X-CUBE-ST60.1.0.0
2025-12-27 23:50:26,970 [WARN] PackLoader:240 - Cannot read IP mode file for STMicroelectronics.X-CUBE-AZRTOS-F7.1.1.0
2025-12-27 23:50:26,997 [WARN] PackLoader:240 - Cannot read IP mode file for Cesanta.I-CUBE-Mongoose.7.19.0
2025-12-27 23:50:27,017 [INFO] WebApp:191 - Connection restablished
2025-12-27 23:50:27,018 [WARN] PackLoader:240 - Cannot read IP mode file for STMicroelectronics.FP-SNS-MOTENV1.5.1.0
2025-12-27 23:50:27,042 [WARN] PackLoader:240 - Cannot read IP mode file for WES.I-CUBE-Cesium.1.4.0
2025-12-27 23:50:27,087 [WARN] PackLoader:240 - Cannot read IP mode file for Infineon.AIROC-Wi-Fi-Bluetooth-STM32.1.7.1
2025-12-27 23:50:27,152 [WARN] PackLoader:240 - Cannot read IP mode file for STMicroelectronics.X-CUBE-AZRTOS-H7.3.4.0
2025-12-27 23:50:27,185 [WARN] PackLoader:240 - Cannot read IP mode file for STMicroelectronics.X-CUBE-DISPLAY.3.0.0
2025-12-27 23:50:27,224 [WARN] PackLoader:240 - Cannot read IP mode file for STMicroelectronics.X-CUBE-NFC10.1.0.0
2025-12-27 23:50:27,253 [WARN] PackLoader:240 - Cannot read IP mode file for STMicroelectronics.X-CUBE-ST60.1.1.0
2025-12-27 23:50:27,290 [WARN] PackLoader:240 - Cannot read IP mode file for emotas.I-CUBE-CANOPEN.1.3.0
2025-12-27 23:50:27,316 [WARN] PackLoader:240 - Cannot read IP mode file for STMicroelectronics.X-CUBE-GNSS1.7.1.0
2025-12-27 23:50:27,344 [WARN] PackLoader:240 - Cannot read IP mode file for STMicroelectronics.FP-SNS-STBOX1.2.1.0
2025-12-27 23:50:27,371 [WARN] PackLoader:240 - Cannot read IP mode file for STMicroelectronics.FP-SNS-SMARTAG2.1.2.0
2025-12-27 23:50:27,394 [WARN] PackLoader:240 - Cannot read IP mode file for STMicroelectronics.FP-SNS-FLIGHT1.5.1.0
2025-12-27 23:50:27,426 [INFO] LogOutputStream:77 - [STDOUT_REDIRECT] 1 : Invalid condition id : UX_CORESTACK_Condition cause : null
2025-12-27 23:50:27,427 [INFO] LogOutputStream:77 - [STDOUT_REDIRECT] 1 : Invalid condition id : UX_CORESTACK_Condition cause : null
2025-12-27 23:50:27,429 [INFO] LogOutputStream:77 - [STDOUT_REDIRECT] 1 : Invalid condition id : UX_CORESTACK_Condition cause : null
2025-12-27 23:50:27,430 [INFO] LogOutputStream:77 - [STDOUT_REDIRECT] 1 : Invalid condition id : UX_CORESTACK_Condition cause : null
2025-12-27 23:50:27,431 [INFO] LogOutputStream:77 - [STDOUT_REDIRECT] 1 : Invalid condition id : UX_CORESTACK_Condition cause : null
2025-12-27 23:50:27,435 [WARN] PackLoader:240 - Cannot read IP mode file for STMicroelectronics.X-CUBE-AZRTOS-WL.2.0.0
2025-12-27 23:50:27,459 [WARN] PackLoader:240 - Cannot read IP mode file for STMicroelectronics.FP-SNS-MOTENV1.5.0.0
2025-12-27 23:50:27,512 [WARN] PackLoader:240 - Cannot read IP mode file for STMicroelectronics.X-CUBE-AZRTOS-H7RS.1.2.0
2025-12-27 23:50:27,542 [WARN] PackLoader:240 - Cannot read IP mode file for STMicroelectronics.X-CUBE-BLE2.3.3.0
2025-12-27 23:50:27,638 [WARN] PackLoader:240 - Cannot read IP mode file for STMicroelectronics.X-CUBE-NFC9.1.0.0
2025-12-27 23:50:27,662 [WARN] PackLoader:240 - Cannot read IP mode file for wolfSSL.I-CUBE-wolfSSL.5.8.2
2025-12-27 23:50:27,684 [WARN] PackLoader:240 - Cannot read IP mode file for STMicroelectronics.X-CUBE-BLE1.7.1.0
2025-12-27 23:50:27,703 [WARN] PackLoader:240 - Cannot read IP mode file for wolfSSL.I-CUBE-wolfMQTT.1.19.2
2025-12-27 23:50:27,720 [WARN] PackLoader:240 - Cannot read IP mode file for STMicroelectronics.X-CUBE-FREERTOS.1.4.0
2025-12-27 23:50:27,741 [WARN] PackLoader:240 - Cannot read IP mode file for STMicroelectronics.X-CUBE-EEPRMA1.5.2.0
2025-12-27 23:50:27,766 [WARN] PackLoader:240 - Cannot read IP mode file for STMicroelectronics.X-CUBE-ST67W61.1.1.0
2025-12-27 23:50:27,858 [WARN] PackLoader:240 - Cannot read IP mode file for STMicroelectronics.X-CUBE-MEMS1.12.0.0
2025-12-27 23:50:28,019 [WARN] PackLoader:240 - Cannot read IP mode file for STMicroelectronics.X-CUBE-AZRTOS-G0.1.1.0
2025-12-27 23:50:28,045 [WARN] PackLoader:240 - Cannot read IP mode file for STMicroelectronics.X-CUBE-SAFEA1.1.2.2
2025-12-27 23:50:28,069 [WARN] PackLoader:240 - Cannot read IP mode file for STMicroelectronics.X-CUBE-NFC4.3.0.0
2025-12-27 23:50:28,095 [WARN] PackLoader:240 - Cannot read IP mode file for EmbeddedOffice.I-CUBE-FS-RTOS.1.0.1
2025-12-27 23:50:28,115 [WARN] PackLoader:240 - Cannot read IP mode file for STMicroelectronics.X-CUBE-WB05N.2.0.0
2025-12-27 23:50:28,130 [WARN] PackLoader:240 - Cannot read IP mode file for wolfSSL.I-CUBE-wolfTPM.3.8.0
2025-12-27 23:50:28,149 [WARN] PackLoader:240 - Cannot read IP mode file for STMicroelectronics.X-CUBE-TCPP.4.2.0
2025-12-27 23:50:28,168 [WARN] PackLoader:240 - Cannot read IP mode file for RealThread.X-CUBE-RT-Thread_Nano.4.1.1
2025-12-27 23:50:28,185 [WARN] PackLoader:240 - Cannot read IP mode file for STMicroelectronics.FP-ATR-SIGFOX1.3.2.0
2025-12-27 23:50:28,205 [WARN] PackLoader:240 - Cannot read IP mode file for ITTIA_DB.I-CUBE-ITTIADB.8.9.0
2025-12-27 23:50:28,223 [WARN] PackLoader:240 - Cannot read IP mode file for STMicroelectronics.X-CUBE-ST67W61.1.0.0
2025-12-27 23:50:28,239 [WARN] PackLoader:240 - Cannot read IP mode file for STMicroelectronics.X-CUBE-AI.10.2.0
2025-12-27 23:50:28,271 [WARN] PackLoader:240 - Cannot read IP mode file for SEGGER.I-CUBE-embOS.1.3.1
2025-12-27 23:50:28,332 [WARN] PackLoader:240 - Cannot read IP mode file for STMicroelectronics.X-CUBE-ALGOBUILD.1.4.0
2025-12-27 23:50:28,396 [WARN] PackLoader:240 - Cannot read IP mode file for STMicroelectronics.X-CUBE-MEMS1.11.3.0
2025-12-27 23:50:28,493 [WARN] PackLoader:240 - Cannot read IP mode file for STMicroelectronics.X-CUBE-PM33A1.1.0.0
2025-12-27 23:50:28,525 [WARN] PackLoader:240 - Cannot read IP mode file for STMicroelectronics.X-CUBE-AZRTOS-F4.1.1.0
2025-12-27 23:50:28,545 [WARN] PackLoader:240 - Cannot read IP mode file for STMicroelectronics.X-CUBE-ISPU.2.1.0
2025-12-27 23:50:28,569 [WARN] PackLoader:240 - Cannot read IP mode file for STMicroelectronics.X-CUBE-IPS.3.2.0
2025-12-27 23:50:28,598 [WARN] PackLoader:240 - Cannot read IP mode file for STMicroelectronics.X-CUBE-NFC12.1.0.0
2025-12-27 23:50:28,639 [WARN] PackLoader:240 - Cannot read IP mode file for STMicroelectronics.X-CUBE-AZRTOS-L5.2.0.0
2025-12-27 23:50:28,659 [WARN] PackLoader:240 - Cannot read IP mode file for STMicroelectronics.X-CUBE-NFC6.3.1.0
2025-12-27 23:50:28,682 [WARN] PackLoader:240 - Cannot read IP mode file for STMicroelectronics.X-CUBE-FREERTOS.1.3.1
2025-12-27 23:50:28,702 [WARN] PackLoader:240 - Cannot read IP mode file for STMicroelectronics.X-CUBE-TOUCHGFX.4.26.0
2025-12-27 23:50:28,720 [WARN] PackLoader:240 - Cannot read IP mode file for STMicroelectronics.FP-SNS-STAIOTCFT.1.0.0
2025-12-27 23:50:28,737 [WARN] PackLoader:240 - Cannot read IP mode file for STMicroelectronics.X-CUBE-DPower.1.3.0
2025-12-27 23:50:28,774 [WARN] ConditionMgr:438 - getConditionDescription Invalid condition id : LAN8742 Phy interface Condition cause : null
2025-12-27 23:50:28,774 [WARN] PackLoader:240 - Cannot read IP mode file for STMicroelectronics.X-CUBE-AZRTOS-L4.2.0.0
2025-12-27 23:50:28,776 [WARN] ConditionMgr:1044 - genDependencies : Invalid condition id : LAN8742 Phy interface Condition cause : null
2025-12-27 23:50:28,776 [WARN] ConditionMgr:1044 - genDependencies : Invalid condition id : LAN8742 Phy interface Condition cause : null
2025-12-27 23:50:28,776 [WARN] ConditionMgr:1044 - genDependencies : Invalid condition id : LAN8742 Phy interface Condition cause : null
2025-12-27 23:50:28,796 [WARN] PackLoader:240 - Cannot read IP mode file for STMicroelectronics.X-CUBE-SFXS2LP1.4.0.0
2025-12-27 23:50:28,818 [WARN] PackLoader:240 - Cannot read IP mode file for STMicroelectronics.X-CUBE-BLEMGR.4.1.0
2025-12-27 23:50:28,847 [WARN] ConditionMgr:438 - getConditionDescription Invalid condition id : UX DEVICE CLASS RTOS Condition cause : null
2025-12-27 23:50:28,847 [WARN] ConditionMgr:438 - getConditionDescription Invalid condition id : UX DEVICE CLASS RTOS Condition cause : null
2025-12-27 23:50:28,850 [WARN] PackLoader:240 - Cannot read IP mode file for STMicroelectronics.X-CUBE-AZRTOS-WB.2.0.0
2025-12-27 23:50:28,851 [WARN] ConditionMgr:1044 - genDependencies : Invalid condition id : UX DEVICE CLASS RTOS Condition cause : null
2025-12-27 23:50:28,851 [WARN] ConditionMgr:1044 - genDependencies : Invalid condition id : UX DEVICE CLASS RTOS Condition cause : null
2025-12-27 23:50:28,852 [WARN] ConditionMgr:1044 - genDependencies : Invalid condition id : UX DEVICE CLASS RTOS Condition cause : null
2025-12-27 23:50:28,852 [WARN] ConditionMgr:1044 - genDependencies : Invalid condition id : UX DEVICE CLASS RTOS Condition cause : null
2025-12-27 23:50:28,852 [WARN] ConditionMgr:1044 - genDependencies : Invalid condition id : UX DEVICE CLASS RTOS Condition cause : null
2025-12-27 23:50:28,869 [WARN] PackLoader:240 - Cannot read IP mode file for STMicroelectronics.X-CUBE-GNSS1.7.0.1
2025-12-27 23:50:28,886 [WARN] ConditionMgr:438 - getConditionDescription Invalid condition id : Cortex-A Device cause : null
2025-12-27 23:50:28,908 [WARN] ConditionMgr:1044 - genDependencies : Invalid condition id : Cortex-A Device cause : null
2025-12-27 23:50:28,908 [WARN] ConditionMgr:1044 - genDependencies : Invalid condition id : Cortex-A Device cause : null
2025-12-27 23:50:28,909 [WARN] ConditionMgr:1044 - genDependencies : Invalid condition id : Cortex-A Device cause : null
2025-12-27 23:50:28,929 [WARN] PackLoader:240 - Cannot read IP mode file for STMicroelectronics.X-CUBE-SUBG2.5.0.0
2025-12-27 23:50:28,962 [WARN] PackLoader:240 - Cannot read IP mode file for STMicroelectronics.X-CUBE-AZRTOS-H7RS.1.1.0
2025-12-27 23:50:28,991 [WARN] PackLoader:240 - Cannot read IP mode file for STMicroelectronics.X-CUBE-AZRTOS-G4.2.0.0
2025-12-27 23:50:29,008 [WARN] PackLoader:240 - Cannot read IP mode file for wolfSSL.I-CUBE-wolfSSH.1.4.20
2025-12-27 23:50:29,026 [WARN] PackLoader:240 - Cannot read IP mode file for STMicroelectronics.X-CUBE-NFC7.2.0.0
2025-12-27 23:50:29,047 [WARN] PackLoader:240 - Cannot read IP mode file for STMicroelectronics.X-CUBE-IPS.3.1.0
2025-12-27 23:50:29,067 [WARN] PackLoader:240 - Cannot read IP mode file for STMicroelectronics.X-CUBE-ALS.1.0.2
2025-12-27 23:50:29,085 [WARN] PackLoader:240 - Cannot read IP mode file for STMicroelectronics.X-CUBE-STSE01.1.0.0
2025-12-27 23:50:29,109 [WARN] PackLoader:240 - Cannot read IP mode file for STMicroelectronics.X-CUBE-TOF1.3.4.3
2025-12-27 23:50:29,116 [INFO] ThirdParty:978 - Integrity check success = true
2025-12-27 23:50:29,116 [INFO] IntegrityCheckThread:100 - exiting critical section [integrity check]
2025-12-27 23:50:29,116 [INFO] IntegrityCheckThread:103 - End integrity checks thread
2025-12-27 23:50:35,401 [ERROR] LogOutputStream:75 - [STDERR_REDIRECT] 
