2026-01-01 20:16:05,463 [INFO] Activator:176 - 


2026-01-01 20:16:05,470 [INFO] Activator:177 - !SESSION log4j initialized
2026-01-01 20:16:11,560 [INFO] LogOutputStream:77 - [STDOUT_REDIRECT] 
2026-01-01 20:16:12,603 [INFO] ApplicationProperties:184 - Using Application install path: C:\ST\STM32CubeIDE_1.19.0\STM32CubeIDE\plugins\com.st.stm32cube.common.mx_6.15.0.202507011659
2026-01-01 20:16:12,620 [INFO] DbMcusXml:78 - Set database path to: C:\ST\STM32CubeIDE_1.19.0\STM32CubeIDE\plugins\com.st.stm32cube.common.mx_6.15.0.202507011659\\db\/mcu/
2026-01-01 20:16:12,620 [INFO] ApiDb:274 - Set plugin database path to: C:\ST\STM32CubeIDE_1.19.0\STM32CubeIDE\plugins\com.st.stm32cube.common.mx_6.15.0.202507011659\\db\/plugins/boardmanager/
2026-01-01 20:16:12,620 [WARN] ApiDb:259 - Overriding images path with different value:  => C:\ST\STM32CubeIDE_1.19.0\STM32CubeIDE\plugins\com.st.stm32cube.common.mx_6.15.0.202507011659\\db\/plugins/mcufinder/images/
2026-01-01 20:16:12,642 [INFO] ApiDb:250 - Set database path to: C:\Users\ASUS\.stmcufinder\plugins\mcufinder//mcu/
2026-01-01 20:16:12,643 [INFO] DbMcusAds:125 - Set database path to: C:\Users\ASUS\.stmcufinder\plugins\mcufinder//mcu/
2026-01-01 20:16:12,647 [INFO] CrossReferenceDbSqlite:203 - Set database path to: C:\Users\ASUS\.stmcufinder\plugins\mcufinder//mcu/cs/
2026-01-01 20:16:12,757 [INFO] RulesReader:64 - Compatibility file has been processed (317 Rules)
2026-01-01 20:16:12,835 [INFO] DbMcusXml:78 - Set database path to: C:\ST\STM32CubeIDE_1.19.0\STM32CubeIDE\plugins\com.st.stm32cube.common.mx_6.15.0.202507011659\\db\/mcu/
2026-01-01 20:16:12,835 [INFO] ApiDb:274 - Set plugin database path to: C:\ST\STM32CubeIDE_1.19.0\STM32CubeIDE\plugins\com.st.stm32cube.common.mx_6.15.0.202507011659\\db\/plugins/boardmanager/
2026-01-01 20:16:12,836 [INFO] ApiDb:261 - Set plugin images path to: C:\ST\STM32CubeIDE_1.19.0\STM32CubeIDE\plugins\com.st.stm32cube.common.mx_6.15.0.202507011659\\db\/plugins/mcufinder/images/
2026-01-01 20:16:12,836 [WARN] DbFile:41 - Overriding database path with different value: C:\Users\ASUS\.stmcufinder\plugins\mcufinder/ => C:\Users\ASUS\.stmcufinder\plugins\mcufinder
2026-01-01 20:16:12,836 [INFO] ApiDb:250 - Set database path to: C:\Users\ASUS\.stmcufinder\plugins\mcufinder//mcu/
2026-01-01 20:16:12,836 [WARN] DbFile:41 - Overriding database path with different value: C:\Users\ASUS\.stmcufinder\plugins\mcufinder/ => C:\Users\ASUS\.stmcufinder\plugins\mcufinder
2026-01-01 20:16:12,836 [INFO] DbMcusAds:125 - Set database path to: C:\Users\ASUS\.stmcufinder\plugins\mcufinder//mcu/
2026-01-01 20:16:12,836 [WARN] DbFile:41 - Overriding database path with different value: C:\Users\ASUS\.stmcufinder\plugins\mcufinder/ => C:\Users\ASUS\.stmcufinder\plugins\mcufinder
2026-01-01 20:16:12,836 [WARN] DbFile:41 - Overriding database path with different value: C:\Users\ASUS\.stmcufinder\plugins\mcufinder/ => C:\Users\ASUS\.stmcufinder\plugins\mcufinder
2026-01-01 20:16:12,836 [INFO] CrossReferenceDbSqlite:203 - Set database path to: C:\Users\ASUS\.stmcufinder\plugins\mcufinder//mcu/cs/
2026-01-01 20:16:12,919 [INFO] MainPanel:274 - HeapMemory: 268435456
2026-01-01 20:16:13,025 [INFO] DbMcusXml:78 - Set database path to: C:\ST\STM32CubeIDE_1.19.0\STM32CubeIDE\plugins\com.st.stm32cube.common.mx_6.15.0.202507011659\\db\/mcu/
2026-01-01 20:16:13,025 [INFO] ApiDb:274 - Set plugin database path to: C:\ST\STM32CubeIDE_1.19.0\STM32CubeIDE\plugins\com.st.stm32cube.common.mx_6.15.0.202507011659\\db\/plugins/boardmanager/
2026-01-01 20:16:13,025 [INFO] ApiDb:261 - Set plugin images path to: C:\ST\STM32CubeIDE_1.19.0\STM32CubeIDE\plugins\com.st.stm32cube.common.mx_6.15.0.202507011659\\db\/plugins/mcufinder/images/
2026-01-01 20:16:13,026 [WARN] DbFile:41 - Overriding database path with different value: C:\Users\ASUS\.stmcufinder\plugins\mcufinder/ => C:\Users\ASUS\.stmcufinder\plugins\mcufinder
2026-01-01 20:16:13,026 [INFO] ApiDb:250 - Set database path to: C:\Users\ASUS\.stmcufinder\plugins\mcufinder//mcu/
2026-01-01 20:16:13,026 [WARN] DbFile:41 - Overriding database path with different value: C:\Users\ASUS\.stmcufinder\plugins\mcufinder/ => C:\Users\ASUS\.stmcufinder\plugins\mcufinder
2026-01-01 20:16:13,026 [INFO] DbMcusAds:125 - Set database path to: C:\Users\ASUS\.stmcufinder\plugins\mcufinder//mcu/
2026-01-01 20:16:13,026 [WARN] DbFile:41 - Overriding database path with different value: C:\Users\ASUS\.stmcufinder\plugins\mcufinder/ => C:\Users\ASUS\.stmcufinder\plugins\mcufinder
2026-01-01 20:16:13,026 [WARN] DbFile:41 - Overriding database path with different value: C:\Users\ASUS\.stmcufinder\plugins\mcufinder/ => C:\Users\ASUS\.stmcufinder\plugins\mcufinder
2026-01-01 20:16:13,026 [INFO] CrossReferenceDbSqlite:203 - Set database path to: C:\Users\ASUS\.stmcufinder\plugins\mcufinder//mcu/cs/
2026-01-01 20:16:13,044 [INFO] ApplicationProperties:184 - Using Application install path: C:\ST\STM32CubeIDE_1.19.0\STM32CubeIDE\plugins\com.st.stm32cube.common.mx_6.15.0.202507011659
2026-01-01 20:16:13,045 [INFO] PluginManage:196 - Search for loadable plugins [exclusion list=, ]
2026-01-01 20:16:13,046 [INFO] PluginManage:310 - Check plugin analytics
2026-01-01 20:16:13,204 [INFO] AnalyticsPlugin:253 - Accepted Software Licenses: STM32CubeMX.6.12.1
2026-01-01 20:16:13,205 [INFO] AnalyticsPlugin:255 - Accepted CMSIS Pack Licenses: 
2026-01-01 20:16:13,205 [INFO] AnalyticsPlugin:257 - Accepted Firmware Licenses: 
2026-01-01 20:16:13,207 [INFO] PluginManage:359 - Loaded plugin analytics (category:tool,tabindex:-1)
2026-01-01 20:16:13,207 [INFO] PluginManage:310 - Check plugin cadmodel
2026-01-01 20:16:13,227 [INFO] CADModel:105 - Init CAD model plugin
2026-01-01 20:16:13,228 [INFO] PluginManage:359 - Loaded plugin cadmodel (category:power,tabindex:5)
2026-01-01 20:16:13,228 [INFO] PluginManage:310 - Check plugin clock
2026-01-01 20:16:13,248 [INFO] PluginManage:359 - Loaded plugin clock (category:base,tabindex:2)
2026-01-01 20:16:13,248 [INFO] PluginManage:310 - Check plugin ddr
2026-01-01 20:16:13,250 [INFO] PluginManage:359 - Loaded plugin ddr (category:tool,tabindex:6)
2026-01-01 20:16:13,250 [INFO] PluginManage:310 - Check plugin filemanager
2026-01-01 20:16:13,383 [INFO] PluginManage:359 - Loaded plugin filemanager (category:base,tabindex:10)
2026-01-01 20:16:13,383 [INFO] PluginManage:310 - Check plugin ipmanager
2026-01-01 20:16:13,389 [INFO] PluginManage:359 - Loaded plugin ipmanager (category:base,tabindex:5)
2026-01-01 20:16:13,390 [INFO] PluginManage:310 - Check plugin lpbam
2026-01-01 20:16:13,422 [INFO] PluginManage:359 - Loaded plugin lpbam (category:base,tabindex:0)
2026-01-01 20:16:13,422 [INFO] PluginManage:310 - Check plugin memorymap
2026-01-01 20:16:13,446 [INFO] PluginManage:359 - Loaded plugin memorymap (category:base,tabindex:4)
2026-01-01 20:16:13,447 [INFO] PluginManage:310 - Check plugin pinoutandconfiguration
2026-01-01 20:16:13,469 [INFO] PluginManage:359 - Loaded plugin pinoutandconfiguration (category:base,tabindex:1)
2026-01-01 20:16:13,469 [INFO] PluginManage:310 - Check plugin pinoutconfig
2026-01-01 20:16:13,568 [WARN] SupportedApi:132 - Cannot load RTOS API schema: s4s-elt-must-match.1: The content of 'definitions' must match (annotation?, (simpleType | complexType)?, (unique | key | keyref)*)). A problem was found starting at: attribute.
2026-01-01 20:16:13,688 [INFO] PluginManage:359 - Loaded plugin pinoutconfig (category:base,tabindex:0)
2026-01-01 20:16:13,688 [INFO] PluginManage:310 - Check plugin power
2026-01-01 20:16:13,710 [INFO] PluginManage:359 - Loaded plugin power (category:power,tabindex:4)
2026-01-01 20:16:13,710 [INFO] PluginManage:310 - Check plugin projectmanager
2026-01-01 20:16:13,718 [INFO] PluginManage:359 - Loaded plugin projectmanager (category:projectmanager,tabindex:4)
2026-01-01 20:16:13,718 [INFO] PluginManage:310 - Check plugin rif
2026-01-01 20:16:13,747 [INFO] PluginManage:359 - Loaded plugin rif (category:base,tabindex:3)
2026-01-01 20:16:13,747 [INFO] PluginManage:310 - Check plugin thirdparty
2026-01-01 20:16:14,067 [INFO] PluginManage:359 - Loaded plugin thirdparty (category:base,tabindex:-1)
2026-01-01 20:16:14,067 [WARN] IntegrityCheckThread:84 - waiting for thirdparty lock release [integrity check]
2026-01-01 20:16:14,067 [INFO] PluginManage:310 - Check plugin tools
2026-01-01 20:16:14,067 [INFO] IntegrityCheckThread:86 - entering critical section [integrity check]
2026-01-01 20:16:14,067 [INFO] ThirdPartyUpdaterWithRetryManager:70 - Updater plugin not ready yet. [1/15]
2026-01-01 20:16:14,109 [INFO] PluginManage:359 - Loaded plugin tools (category:base,tabindex:7)
2026-01-01 20:16:14,110 [INFO] PluginManage:310 - Check plugin tutovideos
2026-01-01 20:16:14,346 [INFO] PluginManage:359 - Loaded plugin tutovideos (category:base,tabindex:-1)
2026-01-01 20:16:14,346 [INFO] PluginManage:310 - Check plugin updater
2026-01-01 20:16:14,366 [INFO] PluginManage:359 - Loaded plugin updater (category:base,tabindex:12)
2026-01-01 20:16:14,366 [INFO] PluginManage:310 - Check plugin userauth
2026-01-01 20:16:14,371 [INFO] UserAuth:118 - Init User Auth plugin
2026-01-01 20:16:14,372 [INFO] PluginManage:359 - Loaded plugin userauth (category:base,tabindex:14)
2026-01-01 20:16:14,372 [INFO] PluginManage:283 - PluginManage : Loaded plugins [18]
2026-01-01 20:16:14,561 [INFO] PinOutPanel:1589 - setPackage(No Configuration,No Configuration)
2026-01-01 20:16:14,669 [INFO] CADModel:165 - CPN selected for project level
2026-01-01 20:16:14,670 [INFO] CADModel:114 - Register for checkConnection events
2026-01-01 20:16:14,704 [INFO] IPUIPlugin:80 - create IPUIPlugin
2026-01-01 20:16:14,704 [INFO] PluginManager:220 - loadIPPluginJar : add adc
2026-01-01 20:16:14,751 [INFO] IPUIPlugin:80 - create IPUIPlugin
2026-01-01 20:16:14,751 [INFO] PluginManager:220 - loadIPPluginJar : add aes
2026-01-01 20:16:14,805 [INFO] IPUIPlugin:80 - create IPUIPlugin
2026-01-01 20:16:14,805 [INFO] PluginManager:220 - loadIPPluginJar : add can
2026-01-01 20:16:14,838 [INFO] IPUIPlugin:80 - create IPUIPlugin
2026-01-01 20:16:14,838 [INFO] PluginManager:220 - loadIPPluginJar : add comp
2026-01-01 20:16:14,878 [INFO] IPUIPlugin:80 - create IPUIPlugin
2026-01-01 20:16:14,879 [INFO] PluginManager:220 - loadIPPluginJar : add cryp
2026-01-01 20:16:14,895 [INFO] IPUIPlugin:80 - create IPUIPlugin
2026-01-01 20:16:14,896 [INFO] PluginManager:220 - loadIPPluginJar : add ddr_ctrl_phy
2026-01-01 20:16:14,932 [INFO] IPUIPlugin:80 - create IPUIPlugin
2026-01-01 20:16:14,933 [INFO] PluginManager:220 - loadIPPluginJar : add dfsdm
2026-01-01 20:16:14,948 [INFO] IPUIPlugin:80 - create IPUIPlugin
2026-01-01 20:16:14,948 [INFO] PluginManager:220 - loadIPPluginJar : add dma
2026-01-01 20:16:14,995 [INFO] IPUIPlugin:80 - create IPUIPlugin
2026-01-01 20:16:14,996 [INFO] PluginManager:220 - loadIPPluginJar : add dma3
2026-01-01 20:16:15,055 [INFO] IPUIPlugin:80 - create IPUIPlugin
2026-01-01 20:16:15,055 [INFO] PluginManager:220 - loadIPPluginJar : add extmemmanager
2026-01-01 20:16:15,080 [INFO] IPUIPlugin:80 - create IPUIPlugin
2026-01-01 20:16:15,081 [INFO] PluginManager:220 - loadIPPluginJar : add fatfs
2026-01-01 20:16:15,135 [INFO] IPUIPlugin:80 - create IPUIPlugin
2026-01-01 20:16:15,135 [INFO] PluginManager:220 - loadIPPluginJar : add fmc
2026-01-01 20:16:15,156 [INFO] IPUIPlugin:80 - create IPUIPlugin
2026-01-01 20:16:15,156 [INFO] PluginManager:220 - loadIPPluginJar : add freertos
2026-01-01 20:16:15,187 [INFO] IPUIPlugin:80 - create IPUIPlugin
2026-01-01 20:16:15,187 [INFO] PluginManager:220 - loadIPPluginJar : add genericplugin
2026-01-01 20:16:15,306 [INFO] IPUIPlugin:80 - create IPUIPlugin
2026-01-01 20:16:15,306 [INFO] PluginManager:220 - loadIPPluginJar : add gfxmmu
2026-01-01 20:16:15,456 [INFO] IPUIPlugin:80 - create IPUIPlugin
2026-01-01 20:16:15,456 [INFO] PluginManager:220 - loadIPPluginJar : add gic
2026-01-01 20:16:15,472 [INFO] IPUIPlugin:80 - create IPUIPlugin
2026-01-01 20:16:15,472 [INFO] PluginManager:220 - loadIPPluginJar : add gpio
2026-01-01 20:16:15,579 [INFO] IPUIPlugin:80 - create IPUIPlugin
2026-01-01 20:16:15,579 [INFO] PluginManager:220 - loadIPPluginJar : add gtzc
2026-01-01 20:16:15,619 [INFO] IPUIPlugin:80 - create IPUIPlugin
2026-01-01 20:16:15,619 [INFO] PluginManager:220 - loadIPPluginJar : add hash
2026-01-01 20:16:15,686 [INFO] IPUIPlugin:80 - create IPUIPlugin
2026-01-01 20:16:15,686 [INFO] PluginManager:220 - loadIPPluginJar : add i2c
2026-01-01 20:16:15,733 [INFO] IPUIPlugin:80 - create IPUIPlugin
2026-01-01 20:16:15,733 [INFO] PluginManager:220 - loadIPPluginJar : add i2s
2026-01-01 20:16:15,784 [INFO] IPUIPlugin:80 - create IPUIPlugin
2026-01-01 20:16:15,784 [INFO] PluginManager:220 - loadIPPluginJar : add i3c
2026-01-01 20:16:15,899 [INFO] IPUIPlugin:80 - create IPUIPlugin
2026-01-01 20:16:15,899 [INFO] PluginManager:220 - loadIPPluginJar : add ipddr
2026-01-01 20:16:16,010 [INFO] IPUIPlugin:80 - create IPUIPlugin
2026-01-01 20:16:16,010 [INFO] PluginManager:220 - loadIPPluginJar : add linkedlist
2026-01-01 20:16:16,053 [INFO] IPUIPlugin:80 - create IPUIPlugin
2026-01-01 20:16:16,054 [INFO] PluginManager:220 - loadIPPluginJar : add lorawan
2026-01-01 20:16:16,097 [INFO] IPUIPlugin:80 - create IPUIPlugin
2026-01-01 20:16:16,097 [INFO] PluginManager:220 - loadIPPluginJar : add ltdc
2026-01-01 20:16:16,114 [INFO] IPUIPlugin:80 - create IPUIPlugin
2026-01-01 20:16:16,114 [INFO] PluginManager:220 - loadIPPluginJar : add mdma
2026-01-01 20:16:16,129 [INFO] IPUIPlugin:80 - create IPUIPlugin
2026-01-01 20:16:16,129 [INFO] PluginManager:220 - loadIPPluginJar : add nvic
2026-01-01 20:16:16,175 [INFO] IPUIPlugin:80 - create IPUIPlugin
2026-01-01 20:16:16,175 [INFO] PluginManager:220 - loadIPPluginJar : add opamp
2026-01-01 20:16:16,253 [INFO] IPUIPlugin:80 - create IPUIPlugin
2026-01-01 20:16:16,253 [INFO] PluginManager:220 - loadIPPluginJar : add openamp
2026-01-01 20:16:16,307 [INFO] IPUIPlugin:80 - create IPUIPlugin
2026-01-01 20:16:16,307 [INFO] PluginManager:220 - loadIPPluginJar : add pdm2pcm
2026-01-01 20:16:16,325 [INFO] IPUIPlugin:80 - create IPUIPlugin
2026-01-01 20:16:16,327 [INFO] PluginManager:220 - loadIPPluginJar : add plateformsettings
2026-01-01 20:16:16,355 [INFO] IPUIPlugin:80 - create IPUIPlugin
2026-01-01 20:16:16,355 [INFO] PluginManager:220 - loadIPPluginJar : add quadspi
2026-01-01 20:16:16,388 [INFO] IPUIPlugin:80 - create IPUIPlugin
2026-01-01 20:16:16,389 [INFO] PluginManager:220 - loadIPPluginJar : add radio
2026-01-01 20:16:16,404 [INFO] IPUIPlugin:80 - create IPUIPlugin
2026-01-01 20:16:16,404 [INFO] PluginManager:220 - loadIPPluginJar : add resmgrutility
2026-01-01 20:16:16,459 [INFO] IPUIPlugin:80 - create IPUIPlugin
2026-01-01 20:16:16,459 [INFO] PluginManager:220 - loadIPPluginJar : add sai
2026-01-01 20:16:16,504 [INFO] IPUIPlugin:80 - create IPUIPlugin
2026-01-01 20:16:16,504 [INFO] PluginManager:220 - loadIPPluginJar : add spi
2026-01-01 20:16:16,594 [INFO] IPUIPlugin:80 - create IPUIPlugin
2026-01-01 20:16:16,594 [INFO] PluginManager:220 - loadIPPluginJar : add stm32_wpan
2026-01-01 20:16:16,624 [INFO] IPUIPlugin:80 - create IPUIPlugin
2026-01-01 20:16:16,625 [INFO] PluginManager:220 - loadIPPluginJar : add tim
2026-01-01 20:16:16,698 [INFO] IPUIPlugin:80 - create IPUIPlugin
2026-01-01 20:16:16,698 [INFO] PluginManager:220 - loadIPPluginJar : add touchsensing
2026-01-01 20:16:16,727 [INFO] IPUIPlugin:80 - create IPUIPlugin
2026-01-01 20:16:16,727 [INFO] PluginManager:220 - loadIPPluginJar : add tracer_emb
2026-01-01 20:16:16,758 [INFO] IPUIPlugin:80 - create IPUIPlugin
2026-01-01 20:16:16,758 [INFO] PluginManager:220 - loadIPPluginJar : add ts
2026-01-01 20:16:16,787 [INFO] IPUIPlugin:80 - create IPUIPlugin
2026-01-01 20:16:16,787 [INFO] PluginManager:220 - loadIPPluginJar : add tsc
2026-01-01 20:16:16,814 [INFO] IPUIPlugin:80 - create IPUIPlugin
2026-01-01 20:16:16,814 [INFO] PluginManager:220 - loadIPPluginJar : add ucpd
2026-01-01 20:16:16,865 [INFO] IPUIPlugin:80 - create IPUIPlugin
2026-01-01 20:16:16,865 [INFO] PluginManager:220 - loadIPPluginJar : add usart
2026-01-01 20:16:16,915 [INFO] IPUIPlugin:80 - create IPUIPlugin
2026-01-01 20:16:16,915 [INFO] PluginManager:220 - loadIPPluginJar : add usbx
2026-01-01 20:16:17,053 [FATAL] Updater:351 - Updater called before beeing initialized
2026-01-01 20:16:17,077 [INFO] RulesReader:64 - Compatibility file has been processed (317 Rules)
2026-01-01 20:16:17,082 [INFO] ThirdPartyUpdaterWithRetryManager:70 - Updater plugin not ready yet. [2/15]
2026-01-01 20:16:17,088 [INFO] RulesReader:64 - Compatibility file has been processed (317 Rules)
2026-01-01 20:16:17,096 [INFO] CADModel:165 - CPN selected for project level
2026-01-01 20:16:17,096 [INFO] CADModel:114 - Register for checkConnection events
2026-01-01 20:16:17,096 [FATAL] Updater:351 - Updater called before beeing initialized
2026-01-01 20:16:17,096 [ERROR] CADModel:125 - Updater not yet initialized, retry later 
2026-01-01 20:16:17,231 [FATAL] Updater:351 - Updater called before beeing initialized
2026-01-01 20:16:17,232 [INFO] CADModel:165 - CPN selected for project level
2026-01-01 20:16:17,233 [INFO] CADModel:114 - Register for checkConnection events
2026-01-01 20:16:17,233 [FATAL] Updater:351 - Updater called before beeing initialized
2026-01-01 20:16:17,233 [ERROR] CADModel:125 - Updater not yet initialized, retry later 
2026-01-01 20:16:17,235 [FATAL] Updater:351 - Updater called before beeing initialized
2026-01-01 20:16:17,330 [FATAL] Updater:351 - Updater called before beeing initialized
2026-01-01 20:16:17,343 [INFO] DbMcusAds:53 - JSON generation date=Thu Oct 02 16:36:05 ICT 2025 (1759397765645)
2026-01-01 20:16:17,343 [FATAL] Updater:351 - Updater called before beeing initialized
2026-01-01 20:16:17,381 [WARN] DetailPanel:346 - Failed to get advertising image, set to default
2026-01-01 20:16:17,454 [FATAL] Updater:351 - Updater called before beeing initialized
2026-01-01 20:16:17,455 [FATAL] Updater:351 - Updater called before beeing initialized
2026-01-01 20:16:17,455 [FATAL] Updater:351 - Updater called before beeing initialized
2026-01-01 20:16:17,455 [WARN] DetailPanel:346 - Failed to get advertising image, set to default
2026-01-01 20:16:17,456 [FATAL] Updater:351 - Updater called before beeing initialized
2026-01-01 20:16:17,515 [ERROR] Updater:1198 - MainUpdater not yet initialized. External WinMGr cannot be set.
2026-01-01 20:16:17,527 [INFO] Updater:1134 - Updater Version found : 6.15.0
2026-01-01 20:16:17,542 [INFO] ApplicationProperties:184 - Using Application install path: C:\ST\STM32CubeIDE_1.19.0\STM32CubeIDE\plugins\com.st.stm32cube.common.mx_6.15.0.202507011659
2026-01-01 20:16:19,163 [ERROR] LogOutputStream:75 - [STDERR_REDIRECT] Jan 01, 2026 8:16:19 PM java.util.prefs.WindowsPreferences <init>
2026-01-01 20:16:19,165 [ERROR] LogOutputStream:75 - [STDERR_REDIRECT] WARNING: Could not open/create prefs root node Software\JavaSoft\Prefs at root 0xffffffff80000002. Windows RegCreateKeyEx(...) returned error code 5.
2026-01-01 20:16:19,165 [ERROR] LogOutputStream:75 - [STDERR_REDIRECT] 
2026-01-01 20:16:19,448 [INFO] MainUpdater:2872 - connection check result : 10
2026-01-01 20:16:19,448 [INFO] MainUpdater:289 - Updater Check For Update Now.
2026-01-01 20:16:19,448 [INFO] MicroXplorer:498 - Change Database Version : DB.6.0.150
2026-01-01 20:16:19,469 [INFO] McuFinderGlobals:63 - Set McuFinder mode to 2 (CubeIDE integrated)
2026-01-01 20:16:19,469 [INFO] UserAuth:171 - activating auth plugin
2026-01-01 20:16:19,472 [INFO] UserAuth:487 - Internet connection configuration mode: 1
2026-01-01 20:16:19,516 [INFO] JxBrowserEngine:152 - Initiate JxBrowser Engine with user profile folder
2026-01-01 20:16:19,686 [INFO] CheckServerUpdateThread:120 - End of CheckServer Thread
2026-01-01 20:16:20,366 [WARN] PackLoader:240 - Cannot read IP mode file for STMicroelectronics.FP-SNS-MOTENVWB1.1.4.0
2026-01-01 20:16:20,383 [WARN] PackLoader:240 - Cannot read IP mode file for STMicroelectronics.FP-ATR-ASTRA1.2.0.2
2026-01-01 20:16:20,399 [WARN] PackLoader:240 - Cannot read IP mode file for STMicroelectronics.X-CUBE-SMBUS.2.1.0
2026-01-01 20:16:20,435 [WARN] PackLoader:240 - Cannot read IP mode file for STMicroelectronics.X-CUBE-ST60.1.0.0
2026-01-01 20:16:20,644 [WARN] PackLoader:240 - Cannot read IP mode file for STMicroelectronics.X-CUBE-AZRTOS-F7.1.1.0
2026-01-01 20:16:20,668 [WARN] PackLoader:240 - Cannot read IP mode file for Cesanta.I-CUBE-Mongoose.7.19.0
2026-01-01 20:16:20,692 [WARN] PackLoader:240 - Cannot read IP mode file for STMicroelectronics.FP-SNS-MOTENV1.5.1.0
2026-01-01 20:16:20,715 [WARN] PackLoader:240 - Cannot read IP mode file for WES.I-CUBE-Cesium.1.4.0
2026-01-01 20:16:20,752 [WARN] PackLoader:240 - Cannot read IP mode file for Infineon.AIROC-Wi-Fi-Bluetooth-STM32.1.7.1
2026-01-01 20:16:20,795 [WARN] PackLoader:240 - Cannot read IP mode file for STMicroelectronics.X-CUBE-AZRTOS-H7.3.4.0
2026-01-01 20:16:20,820 [WARN] PackLoader:240 - Cannot read IP mode file for STMicroelectronics.X-CUBE-DISPLAY.3.0.0
2026-01-01 20:16:20,843 [WARN] PackLoader:240 - Cannot read IP mode file for STMicroelectronics.X-CUBE-NFC10.1.0.0
2026-01-01 20:16:20,861 [WARN] PackLoader:240 - Cannot read IP mode file for STMicroelectronics.X-CUBE-ST60.1.1.0
2026-01-01 20:16:20,891 [WARN] PackLoader:240 - Cannot read IP mode file for emotas.I-CUBE-CANOPEN.1.3.0
2026-01-01 20:16:20,993 [WARN] PackLoader:240 - Cannot read IP mode file for STMicroelectronics.X-CUBE-GNSS1.7.1.0
2026-01-01 20:16:21,025 [WARN] PackLoader:240 - Cannot read IP mode file for STMicroelectronics.FP-SNS-STBOX1.2.1.0
2026-01-01 20:16:21,045 [WARN] PackLoader:240 - Cannot read IP mode file for STMicroelectronics.FP-SNS-SMARTAG2.1.2.0
2026-01-01 20:16:21,062 [WARN] PackLoader:240 - Cannot read IP mode file for STMicroelectronics.FP-SNS-FLIGHT1.5.1.0
2026-01-01 20:16:21,086 [INFO] LogOutputStream:77 - [STDOUT_REDIRECT] 1 : Invalid condition id : UX_CORESTACK_Condition cause : null
2026-01-01 20:16:21,087 [INFO] LogOutputStream:77 - [STDOUT_REDIRECT] 1 : Invalid condition id : UX_CORESTACK_Condition cause : null
2026-01-01 20:16:21,089 [INFO] LogOutputStream:77 - [STDOUT_REDIRECT] 1 : Invalid condition id : UX_CORESTACK_Condition cause : null
2026-01-01 20:16:21,090 [INFO] LogOutputStream:77 - [STDOUT_REDIRECT] 1 : Invalid condition id : UX_CORESTACK_Condition cause : null
2026-01-01 20:16:21,091 [INFO] LogOutputStream:77 - [STDOUT_REDIRECT] 1 : Invalid condition id : UX_CORESTACK_Condition cause : null
2026-01-01 20:16:21,093 [WARN] PackLoader:240 - Cannot read IP mode file for STMicroelectronics.X-CUBE-AZRTOS-WL.2.0.0
2026-01-01 20:16:21,111 [WARN] PackLoader:240 - Cannot read IP mode file for STMicroelectronics.FP-SNS-MOTENV1.5.0.0
2026-01-01 20:16:21,145 [WARN] PackLoader:240 - Cannot read IP mode file for STMicroelectronics.X-CUBE-AZRTOS-H7RS.1.2.0
2026-01-01 20:16:21,165 [WARN] PackLoader:240 - Cannot read IP mode file for STMicroelectronics.X-CUBE-BLE2.3.3.0
2026-01-01 20:16:21,239 [WARN] PackLoader:240 - Cannot read IP mode file for STMicroelectronics.X-CUBE-NFC9.1.0.0
2026-01-01 20:16:21,252 [INFO] WebApp:169 - Instantiating new browser for Auth
2026-01-01 20:16:21,256 [WARN] PackLoader:240 - Cannot read IP mode file for wolfSSL.I-CUBE-wolfSSL.5.8.2
2026-01-01 20:16:21,306 [WARN] PackLoader:240 - Cannot read IP mode file for STMicroelectronics.X-CUBE-BLE1.7.1.0
2026-01-01 20:16:21,341 [WARN] PackLoader:240 - Cannot read IP mode file for wolfSSL.I-CUBE-wolfMQTT.1.19.2
2026-01-01 20:16:21,365 [WARN] PackLoader:240 - Cannot read IP mode file for STMicroelectronics.X-CUBE-FREERTOS.1.4.0
2026-01-01 20:16:21,396 [WARN] PackLoader:240 - Cannot read IP mode file for STMicroelectronics.X-CUBE-EEPRMA1.5.2.0
2026-01-01 20:16:21,432 [WARN] PackLoader:240 - Cannot read IP mode file for STMicroelectronics.X-CUBE-ST67W61.1.1.0
2026-01-01 20:16:21,561 [WARN] PackLoader:240 - Cannot read IP mode file for STMicroelectronics.X-CUBE-MEMS1.12.0.0
2026-01-01 20:16:21,673 [WARN] PackLoader:240 - Cannot read IP mode file for STMicroelectronics.X-CUBE-AZRTOS-G0.1.1.0
2026-01-01 20:16:21,692 [WARN] PackLoader:240 - Cannot read IP mode file for STMicroelectronics.X-CUBE-SAFEA1.1.2.2
2026-01-01 20:16:21,711 [WARN] PackLoader:240 - Cannot read IP mode file for STMicroelectronics.X-CUBE-NFC4.3.0.0
2026-01-01 20:16:21,732 [WARN] PackLoader:240 - Cannot read IP mode file for EmbeddedOffice.I-CUBE-FS-RTOS.1.0.1
2026-01-01 20:16:21,750 [WARN] PackLoader:240 - Cannot read IP mode file for STMicroelectronics.X-CUBE-WB05N.2.0.0
2026-01-01 20:16:21,763 [WARN] PackLoader:240 - Cannot read IP mode file for wolfSSL.I-CUBE-wolfTPM.3.8.0
2026-01-01 20:16:21,787 [WARN] PackLoader:240 - Cannot read IP mode file for STMicroelectronics.X-CUBE-TCPP.4.2.0
2026-01-01 20:16:21,834 [WARN] PackLoader:240 - Cannot read IP mode file for RealThread.X-CUBE-RT-Thread_Nano.4.1.1
2026-01-01 20:16:21,864 [WARN] PackLoader:240 - Cannot read IP mode file for STMicroelectronics.FP-ATR-SIGFOX1.3.2.0
2026-01-01 20:16:21,905 [WARN] PackLoader:240 - Cannot read IP mode file for ITTIA_DB.I-CUBE-ITTIADB.8.9.0
2026-01-01 20:16:21,929 [WARN] PackLoader:240 - Cannot read IP mode file for STMicroelectronics.X-CUBE-ST67W61.1.0.0
2026-01-01 20:16:21,947 [WARN] PackLoader:240 - Cannot read IP mode file for STMicroelectronics.X-CUBE-AI.10.2.0
2026-01-01 20:16:21,983 [WARN] PackLoader:240 - Cannot read IP mode file for SEGGER.I-CUBE-embOS.1.3.1
2026-01-01 20:16:22,024 [WARN] PackLoader:240 - Cannot read IP mode file for STMicroelectronics.X-CUBE-ALGOBUILD.1.4.0
2026-01-01 20:16:22,082 [WARN] PackLoader:240 - Cannot read IP mode file for STMicroelectronics.X-CUBE-MEMS1.11.3.0
2026-01-01 20:16:22,357 [INFO] WebApp:463 - Apply proxy settings
2026-01-01 20:16:22,357 [WARN] PackLoader:240 - Cannot read IP mode file for STMicroelectronics.X-CUBE-PM33A1.1.0.0
2026-01-01 20:16:22,357 [INFO] WebApp:548 - Chromium requires no authentication
2026-01-01 20:16:22,382 [INFO] WebApp:491 - Direct internet connection detected
2026-01-01 20:16:22,425 [WARN] PackLoader:240 - Cannot read IP mode file for STMicroelectronics.X-CUBE-AZRTOS-F4.1.1.0
2026-01-01 20:16:22,446 [INFO] WebApp:900 - Register for checkConnection events
2026-01-01 20:16:22,447 [INFO] WebApp:463 - Apply proxy settings
2026-01-01 20:16:22,447 [INFO] WebApp:548 - Chromium requires no authentication
2026-01-01 20:16:22,448 [INFO] WebApp:491 - Direct internet connection detected
2026-01-01 20:16:22,456 [WARN] PackLoader:240 - Cannot read IP mode file for STMicroelectronics.X-CUBE-ISPU.2.1.0
2026-01-01 20:16:22,506 [WARN] PackLoader:240 - Cannot read IP mode file for STMicroelectronics.X-CUBE-IPS.3.2.0
2026-01-01 20:16:22,558 [WARN] PackLoader:240 - Cannot read IP mode file for STMicroelectronics.X-CUBE-NFC12.1.0.0
2026-01-01 20:16:22,620 [WARN] PackLoader:240 - Cannot read IP mode file for STMicroelectronics.X-CUBE-AZRTOS-L5.2.0.0
2026-01-01 20:16:22,646 [WARN] PackLoader:240 - Cannot read IP mode file for STMicroelectronics.X-CUBE-NFC6.3.1.0
2026-01-01 20:16:22,670 [WARN] PackLoader:240 - Cannot read IP mode file for STMicroelectronics.X-CUBE-FREERTOS.1.3.1
2026-01-01 20:16:22,693 [WARN] PackLoader:240 - Cannot read IP mode file for STMicroelectronics.X-CUBE-TOUCHGFX.4.26.0
2026-01-01 20:16:22,715 [WARN] PackLoader:240 - Cannot read IP mode file for STMicroelectronics.FP-SNS-STAIOTCFT.1.0.0
2026-01-01 20:16:22,736 [WARN] PackLoader:240 - Cannot read IP mode file for STMicroelectronics.X-CUBE-DPower.1.3.0
2026-01-01 20:16:22,807 [WARN] ConditionMgr:438 - getConditionDescription Invalid condition id : LAN8742 Phy interface Condition cause : null
2026-01-01 20:16:22,808 [WARN] PackLoader:240 - Cannot read IP mode file for STMicroelectronics.X-CUBE-AZRTOS-L4.2.0.0
2026-01-01 20:16:22,810 [WARN] ConditionMgr:1044 - genDependencies : Invalid condition id : LAN8742 Phy interface Condition cause : null
2026-01-01 20:16:22,817 [WARN] ConditionMgr:1044 - genDependencies : Invalid condition id : LAN8742 Phy interface Condition cause : null
2026-01-01 20:16:22,818 [WARN] ConditionMgr:1044 - genDependencies : Invalid condition id : LAN8742 Phy interface Condition cause : null
2026-01-01 20:16:22,843 [INFO] WebApp:225 - Starting web application
2026-01-01 20:16:22,843 [INFO] WebApp:593 - Web application path used C:\ST\STM32CubeIDE_1.19.0\STM32CubeIDE\plugins\com.st.stm32cube.common.mx_6.15.0.202507011659\db\plugins\mcufinder\reactClient1\index.html
2026-01-01 20:16:22,847 [INFO] WebApp:191 - Connection restablished
2026-01-01 20:16:22,875 [WARN] PackLoader:240 - Cannot read IP mode file for STMicroelectronics.X-CUBE-SFXS2LP1.4.0.0
2026-01-01 20:16:22,956 [WARN] PackLoader:240 - Cannot read IP mode file for STMicroelectronics.X-CUBE-BLEMGR.4.1.0
2026-01-01 20:16:23,004 [WARN] ConditionMgr:438 - getConditionDescription Invalid condition id : UX DEVICE CLASS RTOS Condition cause : null
2026-01-01 20:16:23,004 [WARN] ConditionMgr:438 - getConditionDescription Invalid condition id : UX DEVICE CLASS RTOS Condition cause : null
2026-01-01 20:16:23,007 [WARN] PackLoader:240 - Cannot read IP mode file for STMicroelectronics.X-CUBE-AZRTOS-WB.2.0.0
2026-01-01 20:16:23,008 [WARN] ConditionMgr:1044 - genDependencies : Invalid condition id : UX DEVICE CLASS RTOS Condition cause : null
2026-01-01 20:16:23,008 [WARN] ConditionMgr:1044 - genDependencies : Invalid condition id : UX DEVICE CLASS RTOS Condition cause : null
2026-01-01 20:16:23,008 [WARN] ConditionMgr:1044 - genDependencies : Invalid condition id : UX DEVICE CLASS RTOS Condition cause : null
2026-01-01 20:16:23,009 [WARN] ConditionMgr:1044 - genDependencies : Invalid condition id : UX DEVICE CLASS RTOS Condition cause : null
2026-01-01 20:16:23,009 [WARN] ConditionMgr:1044 - genDependencies : Invalid condition id : UX DEVICE CLASS RTOS Condition cause : null
2026-01-01 20:16:23,041 [WARN] PackLoader:240 - Cannot read IP mode file for STMicroelectronics.X-CUBE-GNSS1.7.0.1
2026-01-01 20:16:23,070 [WARN] ConditionMgr:438 - getConditionDescription Invalid condition id : Cortex-A Device cause : null
2026-01-01 20:16:23,128 [WARN] ConditionMgr:1044 - genDependencies : Invalid condition id : Cortex-A Device cause : null
2026-01-01 20:16:23,128 [WARN] ConditionMgr:1044 - genDependencies : Invalid condition id : Cortex-A Device cause : null
2026-01-01 20:16:23,128 [WARN] ConditionMgr:1044 - genDependencies : Invalid condition id : Cortex-A Device cause : null
2026-01-01 20:16:23,159 [WARN] PackLoader:240 - Cannot read IP mode file for STMicroelectronics.X-CUBE-SUBG2.5.0.0
2026-01-01 20:16:23,222 [WARN] PackLoader:240 - Cannot read IP mode file for STMicroelectronics.X-CUBE-AZRTOS-H7RS.1.1.0
2026-01-01 20:16:23,291 [WARN] PackLoader:240 - Cannot read IP mode file for STMicroelectronics.X-CUBE-AZRTOS-G4.2.0.0
2026-01-01 20:16:23,315 [WARN] PackLoader:240 - Cannot read IP mode file for wolfSSL.I-CUBE-wolfSSH.1.4.20
2026-01-01 20:16:23,368 [WARN] PackLoader:240 - Cannot read IP mode file for STMicroelectronics.X-CUBE-NFC7.2.0.0
2026-01-01 20:16:23,436 [WARN] PackLoader:240 - Cannot read IP mode file for STMicroelectronics.X-CUBE-IPS.3.1.0
2026-01-01 20:16:23,462 [WARN] PackLoader:240 - Cannot read IP mode file for STMicroelectronics.X-CUBE-ALS.1.0.2
2026-01-01 20:16:23,506 [WARN] PackLoader:240 - Cannot read IP mode file for STMicroelectronics.X-CUBE-STSE01.1.0.0
2026-01-01 20:16:23,555 [WARN] PackLoader:240 - Cannot read IP mode file for STMicroelectronics.X-CUBE-TOF1.3.4.3
2026-01-01 20:16:23,566 [INFO] ThirdParty:978 - Integrity check success = true
2026-01-01 20:16:23,566 [INFO] IntegrityCheckThread:100 - exiting critical section [integrity check]
2026-01-01 20:16:23,566 [INFO] IntegrityCheckThread:103 - End integrity checks thread
2026-01-01 20:48:29,376 [ERROR] LogOutputStream:75 - [STDERR_REDIRECT] 
2026-01-01 20:48:29,378 [ERROR] LogOutputStream:75 - [STDERR_REDIRECT] 
2026-01-01 20:49:12,385 [INFO] Activator:176 - 


2026-01-01 20:49:12,386 [INFO] Activator:177 - !SESSION log4j initialized
2026-01-01 20:49:17,885 [INFO] LogOutputStream:77 - [STDOUT_REDIRECT] 
2026-01-01 20:49:18,808 [INFO] ApplicationProperties:184 - Using Application install path: C:\ST\STM32CubeIDE_1.19.0\STM32CubeIDE\plugins\com.st.stm32cube.common.mx_6.15.0.202507011659
2026-01-01 20:49:18,821 [INFO] DbMcusXml:78 - Set database path to: C:\ST\STM32CubeIDE_1.19.0\STM32CubeIDE\plugins\com.st.stm32cube.common.mx_6.15.0.202507011659\\db\/mcu/
2026-01-01 20:49:18,822 [INFO] ApiDb:274 - Set plugin database path to: C:\ST\STM32CubeIDE_1.19.0\STM32CubeIDE\plugins\com.st.stm32cube.common.mx_6.15.0.202507011659\\db\/plugins/boardmanager/
2026-01-01 20:49:18,822 [WARN] ApiDb:259 - Overriding images path with different value:  => C:\ST\STM32CubeIDE_1.19.0\STM32CubeIDE\plugins\com.st.stm32cube.common.mx_6.15.0.202507011659\\db\/plugins/mcufinder/images/
2026-01-01 20:49:18,833 [INFO] ApiDb:250 - Set database path to: C:\Users\ASUS\.stmcufinder\plugins\mcufinder//mcu/
2026-01-01 20:49:18,834 [INFO] DbMcusAds:125 - Set database path to: C:\Users\ASUS\.stmcufinder\plugins\mcufinder//mcu/
2026-01-01 20:49:18,836 [INFO] CrossReferenceDbSqlite:203 - Set database path to: C:\Users\ASUS\.stmcufinder\plugins\mcufinder//mcu/cs/
2026-01-01 20:49:18,937 [INFO] RulesReader:64 - Compatibility file has been processed (317 Rules)
2026-01-01 20:49:18,999 [INFO] DbMcusXml:78 - Set database path to: C:\ST\STM32CubeIDE_1.19.0\STM32CubeIDE\plugins\com.st.stm32cube.common.mx_6.15.0.202507011659\\db\/mcu/
2026-01-01 20:49:18,999 [INFO] ApiDb:274 - Set plugin database path to: C:\ST\STM32CubeIDE_1.19.0\STM32CubeIDE\plugins\com.st.stm32cube.common.mx_6.15.0.202507011659\\db\/plugins/boardmanager/
2026-01-01 20:49:19,000 [INFO] ApiDb:261 - Set plugin images path to: C:\ST\STM32CubeIDE_1.19.0\STM32CubeIDE\plugins\com.st.stm32cube.common.mx_6.15.0.202507011659\\db\/plugins/mcufinder/images/
2026-01-01 20:49:19,000 [WARN] DbFile:41 - Overriding database path with different value: C:\Users\ASUS\.stmcufinder\plugins\mcufinder/ => C:\Users\ASUS\.stmcufinder\plugins\mcufinder
2026-01-01 20:49:19,000 [INFO] ApiDb:250 - Set database path to: C:\Users\ASUS\.stmcufinder\plugins\mcufinder//mcu/
2026-01-01 20:49:19,000 [WARN] DbFile:41 - Overriding database path with different value: C:\Users\ASUS\.stmcufinder\plugins\mcufinder/ => C:\Users\ASUS\.stmcufinder\plugins\mcufinder
2026-01-01 20:49:19,000 [INFO] DbMcusAds:125 - Set database path to: C:\Users\ASUS\.stmcufinder\plugins\mcufinder//mcu/
2026-01-01 20:49:19,000 [WARN] DbFile:41 - Overriding database path with different value: C:\Users\ASUS\.stmcufinder\plugins\mcufinder/ => C:\Users\ASUS\.stmcufinder\plugins\mcufinder
2026-01-01 20:49:19,000 [WARN] DbFile:41 - Overriding database path with different value: C:\Users\ASUS\.stmcufinder\plugins\mcufinder/ => C:\Users\ASUS\.stmcufinder\plugins\mcufinder
2026-01-01 20:49:19,000 [INFO] CrossReferenceDbSqlite:203 - Set database path to: C:\Users\ASUS\.stmcufinder\plugins\mcufinder//mcu/cs/
2026-01-01 20:49:19,066 [INFO] MainPanel:274 - HeapMemory: 268435456
2026-01-01 20:49:19,132 [INFO] DbMcusXml:78 - Set database path to: C:\ST\STM32CubeIDE_1.19.0\STM32CubeIDE\plugins\com.st.stm32cube.common.mx_6.15.0.202507011659\\db\/mcu/
2026-01-01 20:49:19,132 [INFO] ApiDb:274 - Set plugin database path to: C:\ST\STM32CubeIDE_1.19.0\STM32CubeIDE\plugins\com.st.stm32cube.common.mx_6.15.0.202507011659\\db\/plugins/boardmanager/
2026-01-01 20:49:19,132 [INFO] ApiDb:261 - Set plugin images path to: C:\ST\STM32CubeIDE_1.19.0\STM32CubeIDE\plugins\com.st.stm32cube.common.mx_6.15.0.202507011659\\db\/plugins/mcufinder/images/
2026-01-01 20:49:19,132 [WARN] DbFile:41 - Overriding database path with different value: C:\Users\ASUS\.stmcufinder\plugins\mcufinder/ => C:\Users\ASUS\.stmcufinder\plugins\mcufinder
2026-01-01 20:49:19,133 [INFO] ApiDb:250 - Set database path to: C:\Users\ASUS\.stmcufinder\plugins\mcufinder//mcu/
2026-01-01 20:49:19,133 [WARN] DbFile:41 - Overriding database path with different value: C:\Users\ASUS\.stmcufinder\plugins\mcufinder/ => C:\Users\ASUS\.stmcufinder\plugins\mcufinder
2026-01-01 20:49:19,133 [INFO] DbMcusAds:125 - Set database path to: C:\Users\ASUS\.stmcufinder\plugins\mcufinder//mcu/
2026-01-01 20:49:19,133 [WARN] DbFile:41 - Overriding database path with different value: C:\Users\ASUS\.stmcufinder\plugins\mcufinder/ => C:\Users\ASUS\.stmcufinder\plugins\mcufinder
2026-01-01 20:49:19,133 [WARN] DbFile:41 - Overriding database path with different value: C:\Users\ASUS\.stmcufinder\plugins\mcufinder/ => C:\Users\ASUS\.stmcufinder\plugins\mcufinder
2026-01-01 20:49:19,133 [INFO] CrossReferenceDbSqlite:203 - Set database path to: C:\Users\ASUS\.stmcufinder\plugins\mcufinder//mcu/cs/
2026-01-01 20:49:19,147 [INFO] ApplicationProperties:184 - Using Application install path: C:\ST\STM32CubeIDE_1.19.0\STM32CubeIDE\plugins\com.st.stm32cube.common.mx_6.15.0.202507011659
2026-01-01 20:49:19,149 [INFO] PluginManage:196 - Search for loadable plugins [exclusion list=, ]
2026-01-01 20:49:19,150 [INFO] PluginManage:310 - Check plugin analytics
2026-01-01 20:49:19,286 [INFO] AnalyticsPlugin:253 - Accepted Software Licenses: STM32CubeMX.6.12.1
2026-01-01 20:49:19,286 [INFO] AnalyticsPlugin:255 - Accepted CMSIS Pack Licenses: 
2026-01-01 20:49:19,287 [INFO] AnalyticsPlugin:257 - Accepted Firmware Licenses: 
2026-01-01 20:49:19,289 [INFO] PluginManage:359 - Loaded plugin analytics (category:tool,tabindex:-1)
2026-01-01 20:49:19,289 [INFO] PluginManage:310 - Check plugin cadmodel
2026-01-01 20:49:19,305 [INFO] CADModel:105 - Init CAD model plugin
2026-01-01 20:49:19,306 [INFO] PluginManage:359 - Loaded plugin cadmodel (category:power,tabindex:5)
2026-01-01 20:49:19,306 [INFO] PluginManage:310 - Check plugin clock
2026-01-01 20:49:19,326 [INFO] PluginManage:359 - Loaded plugin clock (category:base,tabindex:2)
2026-01-01 20:49:19,326 [INFO] PluginManage:310 - Check plugin ddr
2026-01-01 20:49:19,327 [INFO] PluginManage:359 - Loaded plugin ddr (category:tool,tabindex:6)
2026-01-01 20:49:19,328 [INFO] PluginManage:310 - Check plugin filemanager
2026-01-01 20:49:19,440 [INFO] PluginManage:359 - Loaded plugin filemanager (category:base,tabindex:10)
2026-01-01 20:49:19,440 [INFO] PluginManage:310 - Check plugin ipmanager
2026-01-01 20:49:19,446 [INFO] PluginManage:359 - Loaded plugin ipmanager (category:base,tabindex:5)
2026-01-01 20:49:19,446 [INFO] PluginManage:310 - Check plugin lpbam
2026-01-01 20:49:19,462 [INFO] PluginManage:359 - Loaded plugin lpbam (category:base,tabindex:0)
2026-01-01 20:49:19,463 [INFO] PluginManage:310 - Check plugin memorymap
2026-01-01 20:49:19,483 [INFO] PluginManage:359 - Loaded plugin memorymap (category:base,tabindex:4)
2026-01-01 20:49:19,484 [INFO] PluginManage:310 - Check plugin pinoutandconfiguration
2026-01-01 20:49:19,501 [INFO] PluginManage:359 - Loaded plugin pinoutandconfiguration (category:base,tabindex:1)
2026-01-01 20:49:19,501 [INFO] PluginManage:310 - Check plugin pinoutconfig
2026-01-01 20:49:19,583 [WARN] SupportedApi:132 - Cannot load RTOS API schema: s4s-elt-must-match.1: The content of 'definitions' must match (annotation?, (simpleType | complexType)?, (unique | key | keyref)*)). A problem was found starting at: attribute.
2026-01-01 20:49:19,682 [INFO] PluginManage:359 - Loaded plugin pinoutconfig (category:base,tabindex:0)
2026-01-01 20:49:19,683 [INFO] PluginManage:310 - Check plugin power
2026-01-01 20:49:19,701 [INFO] PluginManage:359 - Loaded plugin power (category:power,tabindex:4)
2026-01-01 20:49:19,701 [INFO] PluginManage:310 - Check plugin projectmanager
2026-01-01 20:49:19,715 [INFO] PluginManage:359 - Loaded plugin projectmanager (category:projectmanager,tabindex:4)
2026-01-01 20:49:19,715 [INFO] PluginManage:310 - Check plugin rif
2026-01-01 20:49:19,733 [INFO] PluginManage:359 - Loaded plugin rif (category:base,tabindex:3)
2026-01-01 20:49:19,733 [INFO] PluginManage:310 - Check plugin thirdparty
2026-01-01 20:49:20,037 [INFO] PluginManage:359 - Loaded plugin thirdparty (category:base,tabindex:-1)
2026-01-01 20:49:20,037 [WARN] IntegrityCheckThread:84 - waiting for thirdparty lock release [integrity check]
2026-01-01 20:49:20,037 [INFO] PluginManage:310 - Check plugin tools
2026-01-01 20:49:20,037 [INFO] IntegrityCheckThread:86 - entering critical section [integrity check]
2026-01-01 20:49:20,037 [INFO] ThirdPartyUpdaterWithRetryManager:70 - Updater plugin not ready yet. [1/15]
2026-01-01 20:49:20,085 [INFO] PluginManage:359 - Loaded plugin tools (category:base,tabindex:7)
2026-01-01 20:49:20,086 [INFO] PluginManage:310 - Check plugin tutovideos
2026-01-01 20:49:20,254 [INFO] PluginManage:359 - Loaded plugin tutovideos (category:base,tabindex:-1)
2026-01-01 20:49:20,254 [INFO] PluginManage:310 - Check plugin updater
2026-01-01 20:49:20,271 [INFO] PluginManage:359 - Loaded plugin updater (category:base,tabindex:12)
2026-01-01 20:49:20,271 [INFO] PluginManage:310 - Check plugin userauth
2026-01-01 20:49:20,276 [INFO] UserAuth:118 - Init User Auth plugin
2026-01-01 20:49:20,277 [INFO] PluginManage:359 - Loaded plugin userauth (category:base,tabindex:14)
2026-01-01 20:49:20,277 [INFO] PluginManage:283 - PluginManage : Loaded plugins [18]
2026-01-01 20:49:20,457 [INFO] PinOutPanel:1589 - setPackage(No Configuration,No Configuration)
2026-01-01 20:49:20,530 [INFO] CADModel:165 - CPN selected for project level
2026-01-01 20:49:20,530 [INFO] CADModel:114 - Register for checkConnection events
2026-01-01 20:49:20,557 [INFO] IPUIPlugin:80 - create IPUIPlugin
2026-01-01 20:49:20,557 [INFO] PluginManager:220 - loadIPPluginJar : add adc
2026-01-01 20:49:20,603 [INFO] IPUIPlugin:80 - create IPUIPlugin
2026-01-01 20:49:20,603 [INFO] PluginManager:220 - loadIPPluginJar : add aes
2026-01-01 20:49:20,651 [INFO] IPUIPlugin:80 - create IPUIPlugin
2026-01-01 20:49:20,651 [INFO] PluginManager:220 - loadIPPluginJar : add can
2026-01-01 20:49:20,682 [INFO] IPUIPlugin:80 - create IPUIPlugin
2026-01-01 20:49:20,682 [INFO] PluginManager:220 - loadIPPluginJar : add comp
2026-01-01 20:49:20,724 [INFO] IPUIPlugin:80 - create IPUIPlugin
2026-01-01 20:49:20,724 [INFO] PluginManager:220 - loadIPPluginJar : add cryp
2026-01-01 20:49:20,738 [INFO] IPUIPlugin:80 - create IPUIPlugin
2026-01-01 20:49:20,738 [INFO] PluginManager:220 - loadIPPluginJar : add ddr_ctrl_phy
2026-01-01 20:49:20,777 [INFO] IPUIPlugin:80 - create IPUIPlugin
2026-01-01 20:49:20,778 [INFO] PluginManager:220 - loadIPPluginJar : add dfsdm
2026-01-01 20:49:20,793 [INFO] IPUIPlugin:80 - create IPUIPlugin
2026-01-01 20:49:20,793 [INFO] PluginManager:220 - loadIPPluginJar : add dma
2026-01-01 20:49:20,841 [INFO] IPUIPlugin:80 - create IPUIPlugin
2026-01-01 20:49:20,842 [INFO] PluginManager:220 - loadIPPluginJar : add dma3
2026-01-01 20:49:20,897 [INFO] IPUIPlugin:80 - create IPUIPlugin
2026-01-01 20:49:20,897 [INFO] PluginManager:220 - loadIPPluginJar : add extmemmanager
2026-01-01 20:49:20,922 [INFO] IPUIPlugin:80 - create IPUIPlugin
2026-01-01 20:49:20,922 [INFO] PluginManager:220 - loadIPPluginJar : add fatfs
2026-01-01 20:49:20,977 [INFO] IPUIPlugin:80 - create IPUIPlugin
2026-01-01 20:49:20,977 [INFO] PluginManager:220 - loadIPPluginJar : add fmc
2026-01-01 20:49:20,995 [INFO] IPUIPlugin:80 - create IPUIPlugin
2026-01-01 20:49:20,995 [INFO] PluginManager:220 - loadIPPluginJar : add freertos
2026-01-01 20:49:21,020 [INFO] IPUIPlugin:80 - create IPUIPlugin
2026-01-01 20:49:21,020 [INFO] PluginManager:220 - loadIPPluginJar : add genericplugin
2026-01-01 20:49:21,139 [INFO] IPUIPlugin:80 - create IPUIPlugin
2026-01-01 20:49:21,139 [INFO] PluginManager:220 - loadIPPluginJar : add gfxmmu
2026-01-01 20:49:21,299 [INFO] IPUIPlugin:80 - create IPUIPlugin
2026-01-01 20:49:21,299 [INFO] PluginManager:220 - loadIPPluginJar : add gic
2026-01-01 20:49:21,315 [INFO] IPUIPlugin:80 - create IPUIPlugin
2026-01-01 20:49:21,315 [INFO] PluginManager:220 - loadIPPluginJar : add gpio
2026-01-01 20:49:21,419 [INFO] IPUIPlugin:80 - create IPUIPlugin
2026-01-01 20:49:21,419 [INFO] PluginManager:220 - loadIPPluginJar : add gtzc
2026-01-01 20:49:21,459 [INFO] IPUIPlugin:80 - create IPUIPlugin
2026-01-01 20:49:21,459 [INFO] PluginManager:220 - loadIPPluginJar : add hash
2026-01-01 20:49:21,523 [INFO] IPUIPlugin:80 - create IPUIPlugin
2026-01-01 20:49:21,523 [INFO] PluginManager:220 - loadIPPluginJar : add i2c
2026-01-01 20:49:21,569 [INFO] IPUIPlugin:80 - create IPUIPlugin
2026-01-01 20:49:21,569 [INFO] PluginManager:220 - loadIPPluginJar : add i2s
2026-01-01 20:49:21,618 [INFO] IPUIPlugin:80 - create IPUIPlugin
2026-01-01 20:49:21,618 [INFO] PluginManager:220 - loadIPPluginJar : add i3c
2026-01-01 20:49:21,735 [INFO] IPUIPlugin:80 - create IPUIPlugin
2026-01-01 20:49:21,736 [INFO] PluginManager:220 - loadIPPluginJar : add ipddr
2026-01-01 20:49:21,844 [INFO] IPUIPlugin:80 - create IPUIPlugin
2026-01-01 20:49:21,844 [INFO] PluginManager:220 - loadIPPluginJar : add linkedlist
2026-01-01 20:49:21,886 [INFO] IPUIPlugin:80 - create IPUIPlugin
2026-01-01 20:49:21,886 [INFO] PluginManager:220 - loadIPPluginJar : add lorawan
2026-01-01 20:49:21,930 [INFO] IPUIPlugin:80 - create IPUIPlugin
2026-01-01 20:49:21,930 [INFO] PluginManager:220 - loadIPPluginJar : add ltdc
2026-01-01 20:49:21,947 [INFO] IPUIPlugin:80 - create IPUIPlugin
2026-01-01 20:49:21,947 [INFO] PluginManager:220 - loadIPPluginJar : add mdma
2026-01-01 20:49:21,963 [INFO] IPUIPlugin:80 - create IPUIPlugin
2026-01-01 20:49:21,963 [INFO] PluginManager:220 - loadIPPluginJar : add nvic
2026-01-01 20:49:22,010 [INFO] IPUIPlugin:80 - create IPUIPlugin
2026-01-01 20:49:22,010 [INFO] PluginManager:220 - loadIPPluginJar : add opamp
2026-01-01 20:49:22,081 [INFO] IPUIPlugin:80 - create IPUIPlugin
2026-01-01 20:49:22,081 [INFO] PluginManager:220 - loadIPPluginJar : add openamp
2026-01-01 20:49:22,131 [INFO] IPUIPlugin:80 - create IPUIPlugin
2026-01-01 20:49:22,132 [INFO] PluginManager:220 - loadIPPluginJar : add pdm2pcm
2026-01-01 20:49:22,147 [INFO] IPUIPlugin:80 - create IPUIPlugin
2026-01-01 20:49:22,149 [INFO] PluginManager:220 - loadIPPluginJar : add plateformsettings
2026-01-01 20:49:22,178 [INFO] IPUIPlugin:80 - create IPUIPlugin
2026-01-01 20:49:22,178 [INFO] PluginManager:220 - loadIPPluginJar : add quadspi
2026-01-01 20:49:22,211 [INFO] IPUIPlugin:80 - create IPUIPlugin
2026-01-01 20:49:22,211 [INFO] PluginManager:220 - loadIPPluginJar : add radio
2026-01-01 20:49:22,228 [INFO] IPUIPlugin:80 - create IPUIPlugin
2026-01-01 20:49:22,228 [INFO] PluginManager:220 - loadIPPluginJar : add resmgrutility
2026-01-01 20:49:22,282 [INFO] IPUIPlugin:80 - create IPUIPlugin
2026-01-01 20:49:22,282 [INFO] PluginManager:220 - loadIPPluginJar : add sai
2026-01-01 20:49:22,326 [INFO] IPUIPlugin:80 - create IPUIPlugin
2026-01-01 20:49:22,326 [INFO] PluginManager:220 - loadIPPluginJar : add spi
2026-01-01 20:49:22,409 [INFO] IPUIPlugin:80 - create IPUIPlugin
2026-01-01 20:49:22,409 [INFO] PluginManager:220 - loadIPPluginJar : add stm32_wpan
2026-01-01 20:49:22,441 [INFO] IPUIPlugin:80 - create IPUIPlugin
2026-01-01 20:49:22,441 [INFO] PluginManager:220 - loadIPPluginJar : add tim
2026-01-01 20:49:22,510 [INFO] IPUIPlugin:80 - create IPUIPlugin
2026-01-01 20:49:22,510 [INFO] PluginManager:220 - loadIPPluginJar : add touchsensing
2026-01-01 20:49:22,540 [INFO] IPUIPlugin:80 - create IPUIPlugin
2026-01-01 20:49:22,540 [INFO] PluginManager:220 - loadIPPluginJar : add tracer_emb
2026-01-01 20:49:22,568 [INFO] IPUIPlugin:80 - create IPUIPlugin
2026-01-01 20:49:22,569 [INFO] PluginManager:220 - loadIPPluginJar : add ts
2026-01-01 20:49:22,595 [INFO] IPUIPlugin:80 - create IPUIPlugin
2026-01-01 20:49:22,595 [INFO] PluginManager:220 - loadIPPluginJar : add tsc
2026-01-01 20:49:22,621 [INFO] IPUIPlugin:80 - create IPUIPlugin
2026-01-01 20:49:22,621 [INFO] PluginManager:220 - loadIPPluginJar : add ucpd
2026-01-01 20:49:22,673 [INFO] IPUIPlugin:80 - create IPUIPlugin
2026-01-01 20:49:22,673 [INFO] PluginManager:220 - loadIPPluginJar : add usart
2026-01-01 20:49:22,724 [INFO] IPUIPlugin:80 - create IPUIPlugin
2026-01-01 20:49:22,724 [INFO] PluginManager:220 - loadIPPluginJar : add usbx
2026-01-01 20:49:22,839 [FATAL] Updater:351 - Updater called before beeing initialized
2026-01-01 20:49:22,859 [INFO] RulesReader:64 - Compatibility file has been processed (317 Rules)
2026-01-01 20:49:22,869 [INFO] RulesReader:64 - Compatibility file has been processed (317 Rules)
2026-01-01 20:49:22,877 [INFO] CADModel:165 - CPN selected for project level
2026-01-01 20:49:22,877 [INFO] CADModel:114 - Register for checkConnection events
2026-01-01 20:49:22,877 [FATAL] Updater:351 - Updater called before beeing initialized
2026-01-01 20:49:22,877 [ERROR] CADModel:125 - Updater not yet initialized, retry later 
2026-01-01 20:49:22,992 [FATAL] Updater:351 - Updater called before beeing initialized
2026-01-01 20:49:22,994 [INFO] CADModel:165 - CPN selected for project level
2026-01-01 20:49:22,994 [INFO] CADModel:114 - Register for checkConnection events
2026-01-01 20:49:22,994 [FATAL] Updater:351 - Updater called before beeing initialized
2026-01-01 20:49:22,994 [ERROR] CADModel:125 - Updater not yet initialized, retry later 
2026-01-01 20:49:22,997 [FATAL] Updater:351 - Updater called before beeing initialized
2026-01-01 20:49:23,039 [INFO] ThirdPartyUpdaterWithRetryManager:70 - Updater plugin not ready yet. [2/15]
2026-01-01 20:49:23,085 [FATAL] Updater:351 - Updater called before beeing initialized
2026-01-01 20:49:23,097 [INFO] DbMcusAds:53 - JSON generation date=Thu Oct 02 16:36:05 ICT 2025 (1759397765645)
2026-01-01 20:49:23,097 [FATAL] Updater:351 - Updater called before beeing initialized
2026-01-01 20:49:23,125 [WARN] DetailPanel:346 - Failed to get advertising image, set to default
2026-01-01 20:49:23,196 [FATAL] Updater:351 - Updater called before beeing initialized
2026-01-01 20:49:23,198 [FATAL] Updater:351 - Updater called before beeing initialized
2026-01-01 20:49:23,198 [FATAL] Updater:351 - Updater called before beeing initialized
2026-01-01 20:49:23,198 [WARN] DetailPanel:346 - Failed to get advertising image, set to default
2026-01-01 20:49:23,198 [FATAL] Updater:351 - Updater called before beeing initialized
2026-01-01 20:49:23,247 [ERROR] Updater:1198 - MainUpdater not yet initialized. External WinMGr cannot be set.
2026-01-01 20:49:23,258 [INFO] Updater:1134 - Updater Version found : 6.15.0
2026-01-01 20:49:23,271 [INFO] ApplicationProperties:184 - Using Application install path: C:\ST\STM32CubeIDE_1.19.0\STM32CubeIDE\plugins\com.st.stm32cube.common.mx_6.15.0.202507011659
2026-01-01 20:49:24,845 [ERROR] LogOutputStream:75 - [STDERR_REDIRECT] Jan 01, 2026 8:49:24 PM java.util.prefs.WindowsPreferences <init>
2026-01-01 20:49:24,847 [ERROR] LogOutputStream:75 - [STDERR_REDIRECT] WARNING: Could not open/create prefs root node Software\JavaSoft\Prefs at root 0xffffffff80000002. Windows RegCreateKeyEx(...) returned error code 5.
2026-01-01 20:49:24,847 [ERROR] LogOutputStream:75 - [STDERR_REDIRECT] 
2026-01-01 20:49:25,173 [INFO] MainUpdater:2872 - connection check result : 10
2026-01-01 20:49:25,174 [INFO] MainUpdater:289 - Updater Check For Update Now.
2026-01-01 20:49:25,175 [INFO] MicroXplorer:498 - Change Database Version : DB.6.0.150
2026-01-01 20:49:25,196 [INFO] McuFinderGlobals:63 - Set McuFinder mode to 2 (CubeIDE integrated)
2026-01-01 20:49:25,196 [INFO] UserAuth:171 - activating auth plugin
2026-01-01 20:49:25,199 [INFO] UserAuth:487 - Internet connection configuration mode: 1
2026-01-01 20:49:25,237 [INFO] JxBrowserEngine:152 - Initiate JxBrowser Engine with user profile folder
2026-01-01 20:49:25,360 [ERROR] ConfigurationRetriever:142 - IOException on connection: Read timed out
2026-01-01 20:49:25,422 [INFO] CheckServerUpdateThread:120 - End of CheckServer Thread
2026-01-01 20:49:26,394 [WARN] PackLoader:240 - Cannot read IP mode file for STMicroelectronics.FP-SNS-MOTENVWB1.1.4.0
2026-01-01 20:49:26,405 [INFO] WebApp:169 - Instantiating new browser for Auth
2026-01-01 20:49:26,421 [WARN] PackLoader:240 - Cannot read IP mode file for STMicroelectronics.FP-ATR-ASTRA1.2.0.2
2026-01-01 20:49:26,459 [WARN] PackLoader:240 - Cannot read IP mode file for STMicroelectronics.X-CUBE-SMBUS.2.1.0
2026-01-01 20:49:26,498 [WARN] PackLoader:240 - Cannot read IP mode file for STMicroelectronics.X-CUBE-ST60.1.0.0
2026-01-01 20:49:26,567 [WARN] PackLoader:240 - Cannot read IP mode file for STMicroelectronics.X-CUBE-AZRTOS-F7.1.1.0
2026-01-01 20:49:26,633 [WARN] PackLoader:240 - Cannot read IP mode file for Cesanta.I-CUBE-Mongoose.7.19.0
2026-01-01 20:49:26,662 [WARN] PackLoader:240 - Cannot read IP mode file for STMicroelectronics.FP-SNS-MOTENV1.5.1.0
2026-01-01 20:49:26,688 [WARN] PackLoader:240 - Cannot read IP mode file for WES.I-CUBE-Cesium.1.4.0
2026-01-01 20:49:26,748 [WARN] PackLoader:240 - Cannot read IP mode file for Infineon.AIROC-Wi-Fi-Bluetooth-STM32.1.7.1
2026-01-01 20:49:26,798 [WARN] PackLoader:240 - Cannot read IP mode file for STMicroelectronics.X-CUBE-AZRTOS-H7.3.4.0
2026-01-01 20:49:26,824 [WARN] PackLoader:240 - Cannot read IP mode file for STMicroelectronics.X-CUBE-DISPLAY.3.0.0
2026-01-01 20:49:26,881 [WARN] PackLoader:240 - Cannot read IP mode file for STMicroelectronics.X-CUBE-NFC10.1.0.0
2026-01-01 20:49:26,907 [WARN] PackLoader:240 - Cannot read IP mode file for STMicroelectronics.X-CUBE-ST60.1.1.0
2026-01-01 20:49:26,933 [WARN] PackLoader:240 - Cannot read IP mode file for emotas.I-CUBE-CANOPEN.1.3.0
2026-01-01 20:49:26,956 [WARN] PackLoader:240 - Cannot read IP mode file for STMicroelectronics.X-CUBE-GNSS1.7.1.0
2026-01-01 20:49:26,983 [WARN] PackLoader:240 - Cannot read IP mode file for STMicroelectronics.FP-SNS-STBOX1.2.1.0
2026-01-01 20:49:27,004 [WARN] PackLoader:240 - Cannot read IP mode file for STMicroelectronics.FP-SNS-SMARTAG2.1.2.0
2026-01-01 20:49:27,026 [WARN] PackLoader:240 - Cannot read IP mode file for STMicroelectronics.FP-SNS-FLIGHT1.5.1.0
2026-01-01 20:49:27,059 [INFO] LogOutputStream:77 - [STDOUT_REDIRECT] 1 : Invalid condition id : UX_CORESTACK_Condition cause : null
2026-01-01 20:49:27,060 [INFO] LogOutputStream:77 - [STDOUT_REDIRECT] 1 : Invalid condition id : UX_CORESTACK_Condition cause : null
2026-01-01 20:49:27,062 [INFO] LogOutputStream:77 - [STDOUT_REDIRECT] 1 : Invalid condition id : UX_CORESTACK_Condition cause : null
2026-01-01 20:49:27,063 [INFO] LogOutputStream:77 - [STDOUT_REDIRECT] 1 : Invalid condition id : UX_CORESTACK_Condition cause : null
2026-01-01 20:49:27,064 [INFO] LogOutputStream:77 - [STDOUT_REDIRECT] 1 : Invalid condition id : UX_CORESTACK_Condition cause : null
2026-01-01 20:49:27,068 [WARN] PackLoader:240 - Cannot read IP mode file for STMicroelectronics.X-CUBE-AZRTOS-WL.2.0.0
2026-01-01 20:49:27,106 [WARN] PackLoader:240 - Cannot read IP mode file for STMicroelectronics.FP-SNS-MOTENV1.5.0.0
2026-01-01 20:49:27,164 [WARN] PackLoader:240 - Cannot read IP mode file for STMicroelectronics.X-CUBE-AZRTOS-H7RS.1.2.0
2026-01-01 20:49:27,189 [WARN] PackLoader:240 - Cannot read IP mode file for STMicroelectronics.X-CUBE-BLE2.3.3.0
2026-01-01 20:49:27,277 [WARN] PackLoader:240 - Cannot read IP mode file for STMicroelectronics.X-CUBE-NFC9.1.0.0
2026-01-01 20:49:27,314 [WARN] PackLoader:240 - Cannot read IP mode file for wolfSSL.I-CUBE-wolfSSL.5.8.2
2026-01-01 20:49:27,352 [WARN] PackLoader:240 - Cannot read IP mode file for STMicroelectronics.X-CUBE-BLE1.7.1.0
2026-01-01 20:49:27,399 [WARN] PackLoader:240 - Cannot read IP mode file for wolfSSL.I-CUBE-wolfMQTT.1.19.2
2026-01-01 20:49:27,425 [WARN] PackLoader:240 - Cannot read IP mode file for STMicroelectronics.X-CUBE-FREERTOS.1.4.0
2026-01-01 20:49:27,455 [WARN] PackLoader:240 - Cannot read IP mode file for STMicroelectronics.X-CUBE-EEPRMA1.5.2.0
2026-01-01 20:49:27,509 [WARN] PackLoader:240 - Cannot read IP mode file for STMicroelectronics.X-CUBE-ST67W61.1.1.0
2026-01-01 20:49:27,612 [WARN] PackLoader:240 - Cannot read IP mode file for STMicroelectronics.X-CUBE-MEMS1.12.0.0
2026-01-01 20:49:27,690 [INFO] WebApp:463 - Apply proxy settings
2026-01-01 20:49:27,691 [INFO] WebApp:548 - Chromium requires no authentication
2026-01-01 20:49:27,700 [INFO] WebApp:491 - Direct internet connection detected
2026-01-01 20:49:27,730 [INFO] WebApp:900 - Register for checkConnection events
2026-01-01 20:49:27,730 [INFO] WebApp:463 - Apply proxy settings
2026-01-01 20:49:27,731 [INFO] WebApp:548 - Chromium requires no authentication
2026-01-01 20:49:27,732 [INFO] WebApp:491 - Direct internet connection detected
2026-01-01 20:49:27,739 [WARN] PackLoader:240 - Cannot read IP mode file for STMicroelectronics.X-CUBE-AZRTOS-G0.1.1.0
2026-01-01 20:49:27,783 [WARN] PackLoader:240 - Cannot read IP mode file for STMicroelectronics.X-CUBE-SAFEA1.1.2.2
2026-01-01 20:49:27,806 [WARN] PackLoader:240 - Cannot read IP mode file for STMicroelectronics.X-CUBE-NFC4.3.0.0
2026-01-01 20:49:27,843 [WARN] PackLoader:240 - Cannot read IP mode file for EmbeddedOffice.I-CUBE-FS-RTOS.1.0.1
2026-01-01 20:49:27,884 [WARN] PackLoader:240 - Cannot read IP mode file for STMicroelectronics.X-CUBE-WB05N.2.0.0
2026-01-01 20:49:27,947 [WARN] PackLoader:240 - Cannot read IP mode file for wolfSSL.I-CUBE-wolfTPM.3.8.0
2026-01-01 20:49:28,000 [WARN] PackLoader:240 - Cannot read IP mode file for STMicroelectronics.X-CUBE-TCPP.4.2.0
2026-01-01 20:49:28,037 [WARN] PackLoader:240 - Cannot read IP mode file for RealThread.X-CUBE-RT-Thread_Nano.4.1.1
2026-01-01 20:49:28,057 [INFO] WebApp:225 - Starting web application
2026-01-01 20:49:28,058 [INFO] WebApp:593 - Web application path used C:\ST\STM32CubeIDE_1.19.0\STM32CubeIDE\plugins\com.st.stm32cube.common.mx_6.15.0.202507011659\db\plugins\mcufinder\reactClient1\index.html
2026-01-01 20:49:28,080 [WARN] PackLoader:240 - Cannot read IP mode file for STMicroelectronics.FP-ATR-SIGFOX1.3.2.0
2026-01-01 20:49:28,129 [WARN] PackLoader:240 - Cannot read IP mode file for ITTIA_DB.I-CUBE-ITTIADB.8.9.0
2026-01-01 20:49:28,168 [WARN] PackLoader:240 - Cannot read IP mode file for STMicroelectronics.X-CUBE-ST67W61.1.0.0
2026-01-01 20:49:28,206 [WARN] PackLoader:240 - Cannot read IP mode file for STMicroelectronics.X-CUBE-AI.10.2.0
2026-01-01 20:49:28,251 [WARN] PackLoader:240 - Cannot read IP mode file for SEGGER.I-CUBE-embOS.1.3.1
2026-01-01 20:49:28,268 [INFO] WebApp:191 - Connection restablished
2026-01-01 20:49:28,309 [WARN] PackLoader:240 - Cannot read IP mode file for STMicroelectronics.X-CUBE-ALGOBUILD.1.4.0
2026-01-01 20:49:28,385 [WARN] PackLoader:240 - Cannot read IP mode file for STMicroelectronics.X-CUBE-MEMS1.11.3.0
2026-01-01 20:49:28,532 [WARN] PackLoader:240 - Cannot read IP mode file for STMicroelectronics.X-CUBE-PM33A1.1.0.0
2026-01-01 20:49:28,593 [WARN] PackLoader:240 - Cannot read IP mode file for STMicroelectronics.X-CUBE-AZRTOS-F4.1.1.0
2026-01-01 20:49:28,620 [WARN] PackLoader:240 - Cannot read IP mode file for STMicroelectronics.X-CUBE-ISPU.2.1.0
2026-01-01 20:49:28,653 [WARN] PackLoader:240 - Cannot read IP mode file for STMicroelectronics.X-CUBE-IPS.3.2.0
2026-01-01 20:49:28,688 [WARN] PackLoader:240 - Cannot read IP mode file for STMicroelectronics.X-CUBE-NFC12.1.0.0
2026-01-01 20:49:28,741 [WARN] PackLoader:240 - Cannot read IP mode file for STMicroelectronics.X-CUBE-AZRTOS-L5.2.0.0
2026-01-01 20:49:28,772 [WARN] PackLoader:240 - Cannot read IP mode file for STMicroelectronics.X-CUBE-NFC6.3.1.0
2026-01-01 20:49:28,795 [WARN] PackLoader:240 - Cannot read IP mode file for STMicroelectronics.X-CUBE-FREERTOS.1.3.1
2026-01-01 20:49:28,823 [WARN] PackLoader:240 - Cannot read IP mode file for STMicroelectronics.X-CUBE-TOUCHGFX.4.26.0
2026-01-01 20:49:28,846 [WARN] PackLoader:240 - Cannot read IP mode file for STMicroelectronics.FP-SNS-STAIOTCFT.1.0.0
2026-01-01 20:49:28,871 [WARN] PackLoader:240 - Cannot read IP mode file for STMicroelectronics.X-CUBE-DPower.1.3.0
2026-01-01 20:49:28,920 [WARN] ConditionMgr:438 - getConditionDescription Invalid condition id : LAN8742 Phy interface Condition cause : null
2026-01-01 20:49:28,920 [WARN] PackLoader:240 - Cannot read IP mode file for STMicroelectronics.X-CUBE-AZRTOS-L4.2.0.0
2026-01-01 20:49:28,922 [WARN] ConditionMgr:1044 - genDependencies : Invalid condition id : LAN8742 Phy interface Condition cause : null
2026-01-01 20:49:28,923 [WARN] ConditionMgr:1044 - genDependencies : Invalid condition id : LAN8742 Phy interface Condition cause : null
2026-01-01 20:49:28,923 [WARN] ConditionMgr:1044 - genDependencies : Invalid condition id : LAN8742 Phy interface Condition cause : null
2026-01-01 20:49:28,955 [WARN] PackLoader:240 - Cannot read IP mode file for STMicroelectronics.X-CUBE-SFXS2LP1.4.0.0
2026-01-01 20:49:28,989 [WARN] PackLoader:240 - Cannot read IP mode file for STMicroelectronics.X-CUBE-BLEMGR.4.1.0
2026-01-01 20:49:29,041 [WARN] ConditionMgr:438 - getConditionDescription Invalid condition id : UX DEVICE CLASS RTOS Condition cause : null
2026-01-01 20:49:29,042 [WARN] ConditionMgr:438 - getConditionDescription Invalid condition id : UX DEVICE CLASS RTOS Condition cause : null
2026-01-01 20:49:29,044 [WARN] PackLoader:240 - Cannot read IP mode file for STMicroelectronics.X-CUBE-AZRTOS-WB.2.0.0
2026-01-01 20:49:29,044 [WARN] ConditionMgr:1044 - genDependencies : Invalid condition id : UX DEVICE CLASS RTOS Condition cause : null
2026-01-01 20:49:29,044 [WARN] ConditionMgr:1044 - genDependencies : Invalid condition id : UX DEVICE CLASS RTOS Condition cause : null
2026-01-01 20:49:29,045 [WARN] ConditionMgr:1044 - genDependencies : Invalid condition id : UX DEVICE CLASS RTOS Condition cause : null
2026-01-01 20:49:29,045 [WARN] ConditionMgr:1044 - genDependencies : Invalid condition id : UX DEVICE CLASS RTOS Condition cause : null
2026-01-01 20:49:29,045 [WARN] ConditionMgr:1044 - genDependencies : Invalid condition id : UX DEVICE CLASS RTOS Condition cause : null
2026-01-01 20:49:29,068 [WARN] PackLoader:240 - Cannot read IP mode file for STMicroelectronics.X-CUBE-GNSS1.7.0.1
2026-01-01 20:49:29,094 [WARN] ConditionMgr:438 - getConditionDescription Invalid condition id : Cortex-A Device cause : null
2026-01-01 20:49:29,122 [WARN] ConditionMgr:1044 - genDependencies : Invalid condition id : Cortex-A Device cause : null
2026-01-01 20:49:29,122 [WARN] ConditionMgr:1044 - genDependencies : Invalid condition id : Cortex-A Device cause : null
2026-01-01 20:49:29,122 [WARN] ConditionMgr:1044 - genDependencies : Invalid condition id : Cortex-A Device cause : null
2026-01-01 20:49:29,154 [WARN] PackLoader:240 - Cannot read IP mode file for STMicroelectronics.X-CUBE-SUBG2.5.0.0
2026-01-01 20:49:29,200 [WARN] PackLoader:240 - Cannot read IP mode file for STMicroelectronics.X-CUBE-AZRTOS-H7RS.1.1.0
2026-01-01 20:49:29,237 [WARN] PackLoader:240 - Cannot read IP mode file for STMicroelectronics.X-CUBE-AZRTOS-G4.2.0.0
2026-01-01 20:49:29,262 [WARN] PackLoader:240 - Cannot read IP mode file for wolfSSL.I-CUBE-wolfSSH.1.4.20
2026-01-01 20:49:29,281 [WARN] PackLoader:240 - Cannot read IP mode file for STMicroelectronics.X-CUBE-NFC7.2.0.0
2026-01-01 20:49:29,301 [WARN] PackLoader:240 - Cannot read IP mode file for STMicroelectronics.X-CUBE-IPS.3.1.0
2026-01-01 20:49:29,330 [WARN] PackLoader:240 - Cannot read IP mode file for STMicroelectronics.X-CUBE-ALS.1.0.2
2026-01-01 20:49:29,356 [WARN] PackLoader:240 - Cannot read IP mode file for STMicroelectronics.X-CUBE-STSE01.1.0.0
2026-01-01 20:49:29,377 [WARN] PackLoader:240 - Cannot read IP mode file for STMicroelectronics.X-CUBE-TOF1.3.4.3
2026-01-01 20:49:29,382 [INFO] ThirdParty:978 - Integrity check success = true
2026-01-01 20:49:29,383 [INFO] IntegrityCheckThread:100 - exiting critical section [integrity check]
2026-01-01 20:49:29,383 [INFO] IntegrityCheckThread:103 - End integrity checks thread
2026-01-01 21:55:49,470 [ERROR] ConfigurationRetriever:142 - IOException on connection: Read timed out
2026-01-01 21:55:51,485 [ERROR] ConfigurationRetriever:142 - IOException on connection: Read timed out
