2025-11-17 00:22:42,268 [INFO] Activator:176 - 


2025-11-17 00:22:42,273 [INFO] Activator:177 - !SESSION log4j initialized
2025-11-17 00:22:48,854 [INFO] LogOutputStream:77 - [STDOUT_REDIRECT] 
2025-11-17 00:22:49,987 [INFO] ApplicationProperties:184 - Using Application install path: C:\ST\STM32CubeIDE_1.19.0\STM32CubeIDE\plugins\com.st.stm32cube.common.mx_6.15.0.202507011659
2025-11-17 00:22:50,005 [INFO] DbMcusXml:78 - Set database path to: C:\ST\STM32CubeIDE_1.19.0\STM32CubeIDE\plugins\com.st.stm32cube.common.mx_6.15.0.202507011659\\db\/mcu/
2025-11-17 00:22:50,005 [INFO] ApiDb:274 - Set plugin database path to: C:\ST\STM32CubeIDE_1.19.0\STM32CubeIDE\plugins\com.st.stm32cube.common.mx_6.15.0.202507011659\\db\/plugins/boardmanager/
2025-11-17 00:22:50,007 [WARN] ApiDb:259 - Overriding images path with different value:  => C:\ST\STM32CubeIDE_1.19.0\STM32CubeIDE\plugins\com.st.stm32cube.common.mx_6.15.0.202507011659\\db\/plugins/mcufinder/images/
2025-11-17 00:22:50,023 [INFO] ApiDb:250 - Set database path to: C:\Users\ASUS\.stmcufinder\plugins\mcufinder//mcu/
2025-11-17 00:22:50,024 [INFO] DbMcusAds:125 - Set database path to: C:\Users\ASUS\.stmcufinder\plugins\mcufinder//mcu/
2025-11-17 00:22:50,027 [INFO] CrossReferenceDbSqlite:203 - Set database path to: C:\Users\ASUS\.stmcufinder\plugins\mcufinder//mcu/cs/
2025-11-17 00:22:50,146 [INFO] RulesReader:64 - Compatibility file has been processed (317 Rules)
2025-11-17 00:22:50,235 [INFO] DbMcusXml:78 - Set database path to: C:\ST\STM32CubeIDE_1.19.0\STM32CubeIDE\plugins\com.st.stm32cube.common.mx_6.15.0.202507011659\\db\/mcu/
2025-11-17 00:22:50,235 [INFO] ApiDb:274 - Set plugin database path to: C:\ST\STM32CubeIDE_1.19.0\STM32CubeIDE\plugins\com.st.stm32cube.common.mx_6.15.0.202507011659\\db\/plugins/boardmanager/
2025-11-17 00:22:50,235 [INFO] ApiDb:261 - Set plugin images path to: C:\ST\STM32CubeIDE_1.19.0\STM32CubeIDE\plugins\com.st.stm32cube.common.mx_6.15.0.202507011659\\db\/plugins/mcufinder/images/
2025-11-17 00:22:50,236 [WARN] DbFile:41 - Overriding database path with different value: C:\Users\ASUS\.stmcufinder\plugins\mcufinder/ => C:\Users\ASUS\.stmcufinder\plugins\mcufinder
2025-11-17 00:22:50,236 [INFO] ApiDb:250 - Set database path to: C:\Users\ASUS\.stmcufinder\plugins\mcufinder//mcu/
2025-11-17 00:22:50,236 [WARN] DbFile:41 - Overriding database path with different value: C:\Users\ASUS\.stmcufinder\plugins\mcufinder/ => C:\Users\ASUS\.stmcufinder\plugins\mcufinder
2025-11-17 00:22:50,236 [INFO] DbMcusAds:125 - Set database path to: C:\Users\ASUS\.stmcufinder\plugins\mcufinder//mcu/
2025-11-17 00:22:50,236 [WARN] DbFile:41 - Overriding database path with different value: C:\Users\ASUS\.stmcufinder\plugins\mcufinder/ => C:\Users\ASUS\.stmcufinder\plugins\mcufinder
2025-11-17 00:22:50,236 [WARN] DbFile:41 - Overriding database path with different value: C:\Users\ASUS\.stmcufinder\plugins\mcufinder/ => C:\Users\ASUS\.stmcufinder\plugins\mcufinder
2025-11-17 00:22:50,236 [INFO] CrossReferenceDbSqlite:203 - Set database path to: C:\Users\ASUS\.stmcufinder\plugins\mcufinder//mcu/cs/
2025-11-17 00:22:50,319 [INFO] MainPanel:274 - HeapMemory: 268435456
2025-11-17 00:22:50,434 [INFO] DbMcusXml:78 - Set database path to: C:\ST\STM32CubeIDE_1.19.0\STM32CubeIDE\plugins\com.st.stm32cube.common.mx_6.15.0.202507011659\\db\/mcu/
2025-11-17 00:22:50,434 [INFO] ApiDb:274 - Set plugin database path to: C:\ST\STM32CubeIDE_1.19.0\STM32CubeIDE\plugins\com.st.stm32cube.common.mx_6.15.0.202507011659\\db\/plugins/boardmanager/
2025-11-17 00:22:50,434 [INFO] ApiDb:261 - Set plugin images path to: C:\ST\STM32CubeIDE_1.19.0\STM32CubeIDE\plugins\com.st.stm32cube.common.mx_6.15.0.202507011659\\db\/plugins/mcufinder/images/
2025-11-17 00:22:50,435 [WARN] DbFile:41 - Overriding database path with different value: C:\Users\ASUS\.stmcufinder\plugins\mcufinder/ => C:\Users\ASUS\.stmcufinder\plugins\mcufinder
2025-11-17 00:22:50,435 [INFO] ApiDb:250 - Set database path to: C:\Users\ASUS\.stmcufinder\plugins\mcufinder//mcu/
2025-11-17 00:22:50,435 [WARN] DbFile:41 - Overriding database path with different value: C:\Users\ASUS\.stmcufinder\plugins\mcufinder/ => C:\Users\ASUS\.stmcufinder\plugins\mcufinder
2025-11-17 00:22:50,435 [INFO] DbMcusAds:125 - Set database path to: C:\Users\ASUS\.stmcufinder\plugins\mcufinder//mcu/
2025-11-17 00:22:50,435 [WARN] DbFile:41 - Overriding database path with different value: C:\Users\ASUS\.stmcufinder\plugins\mcufinder/ => C:\Users\ASUS\.stmcufinder\plugins\mcufinder
2025-11-17 00:22:50,435 [WARN] DbFile:41 - Overriding database path with different value: C:\Users\ASUS\.stmcufinder\plugins\mcufinder/ => C:\Users\ASUS\.stmcufinder\plugins\mcufinder
2025-11-17 00:22:50,435 [INFO] CrossReferenceDbSqlite:203 - Set database path to: C:\Users\ASUS\.stmcufinder\plugins\mcufinder//mcu/cs/
2025-11-17 00:22:50,452 [INFO] ApplicationProperties:184 - Using Application install path: C:\ST\STM32CubeIDE_1.19.0\STM32CubeIDE\plugins\com.st.stm32cube.common.mx_6.15.0.202507011659
2025-11-17 00:22:50,453 [INFO] PluginManage:196 - Search for loadable plugins [exclusion list=, ]
2025-11-17 00:22:50,454 [INFO] PluginManage:310 - Check plugin analytics
2025-11-17 00:22:50,622 [INFO] AnalyticsPlugin:253 - Accepted Software Licenses: STM32CubeMX.6.12.1
2025-11-17 00:22:50,623 [INFO] AnalyticsPlugin:255 - Accepted CMSIS Pack Licenses: 
2025-11-17 00:22:50,623 [INFO] AnalyticsPlugin:257 - Accepted Firmware Licenses: 
2025-11-17 00:22:50,626 [INFO] PluginManage:359 - Loaded plugin analytics (category:tool,tabindex:-1)
2025-11-17 00:22:50,626 [INFO] PluginManage:310 - Check plugin cadmodel
2025-11-17 00:22:50,645 [INFO] CADModel:105 - Init CAD model plugin
2025-11-17 00:22:50,645 [INFO] PluginManage:359 - Loaded plugin cadmodel (category:power,tabindex:5)
2025-11-17 00:22:50,646 [INFO] PluginManage:310 - Check plugin clock
2025-11-17 00:22:50,666 [INFO] PluginManage:359 - Loaded plugin clock (category:base,tabindex:2)
2025-11-17 00:22:50,668 [INFO] PluginManage:310 - Check plugin ddr
2025-11-17 00:22:50,670 [INFO] PluginManage:359 - Loaded plugin ddr (category:tool,tabindex:6)
2025-11-17 00:22:50,670 [INFO] PluginManage:310 - Check plugin filemanager
2025-11-17 00:22:50,808 [INFO] PluginManage:359 - Loaded plugin filemanager (category:base,tabindex:10)
2025-11-17 00:22:50,808 [INFO] PluginManage:310 - Check plugin ipmanager
2025-11-17 00:22:50,815 [INFO] PluginManage:359 - Loaded plugin ipmanager (category:base,tabindex:5)
2025-11-17 00:22:50,815 [INFO] PluginManage:310 - Check plugin lpbam
2025-11-17 00:22:50,838 [INFO] PluginManage:359 - Loaded plugin lpbam (category:base,tabindex:0)
2025-11-17 00:22:50,838 [INFO] PluginManage:310 - Check plugin memorymap
2025-11-17 00:22:50,865 [INFO] PluginManage:359 - Loaded plugin memorymap (category:base,tabindex:4)
2025-11-17 00:22:50,865 [INFO] PluginManage:310 - Check plugin pinoutandconfiguration
2025-11-17 00:22:50,885 [INFO] PluginManage:359 - Loaded plugin pinoutandconfiguration (category:base,tabindex:1)
2025-11-17 00:22:50,885 [INFO] PluginManage:310 - Check plugin pinoutconfig
2025-11-17 00:22:50,979 [WARN] SupportedApi:132 - Cannot load RTOS API schema: s4s-elt-must-match.1: The content of 'definitions' must match (annotation?, (simpleType | complexType)?, (unique | key | keyref)*)). A problem was found starting at: attribute.
2025-11-17 00:22:51,115 [INFO] PluginManage:359 - Loaded plugin pinoutconfig (category:base,tabindex:0)
2025-11-17 00:22:51,115 [INFO] PluginManage:310 - Check plugin power
2025-11-17 00:22:51,141 [INFO] PluginManage:359 - Loaded plugin power (category:power,tabindex:4)
2025-11-17 00:22:51,141 [INFO] PluginManage:310 - Check plugin projectmanager
2025-11-17 00:22:51,157 [INFO] PluginManage:359 - Loaded plugin projectmanager (category:projectmanager,tabindex:4)
2025-11-17 00:22:51,157 [INFO] PluginManage:310 - Check plugin rif
2025-11-17 00:22:51,181 [INFO] PluginManage:359 - Loaded plugin rif (category:base,tabindex:3)
2025-11-17 00:22:51,182 [INFO] PluginManage:310 - Check plugin thirdparty
2025-11-17 00:22:51,535 [INFO] PluginManage:359 - Loaded plugin thirdparty (category:base,tabindex:-1)
2025-11-17 00:22:51,535 [WARN] IntegrityCheckThread:84 - waiting for thirdparty lock release [integrity check]
2025-11-17 00:22:51,535 [INFO] IntegrityCheckThread:86 - entering critical section [integrity check]
2025-11-17 00:22:51,535 [INFO] PluginManage:310 - Check plugin tools
2025-11-17 00:22:51,535 [INFO] ThirdPartyUpdaterWithRetryManager:70 - Updater plugin not ready yet. [1/15]
2025-11-17 00:22:51,582 [INFO] PluginManage:359 - Loaded plugin tools (category:base,tabindex:7)
2025-11-17 00:22:51,582 [INFO] PluginManage:310 - Check plugin tutovideos
2025-11-17 00:22:51,811 [INFO] PluginManage:359 - Loaded plugin tutovideos (category:base,tabindex:-1)
2025-11-17 00:22:51,811 [INFO] PluginManage:310 - Check plugin updater
2025-11-17 00:22:51,830 [INFO] PluginManage:359 - Loaded plugin updater (category:base,tabindex:12)
2025-11-17 00:22:51,830 [INFO] PluginManage:310 - Check plugin userauth
2025-11-17 00:22:51,835 [INFO] UserAuth:118 - Init User Auth plugin
2025-11-17 00:22:51,835 [INFO] PluginManage:359 - Loaded plugin userauth (category:base,tabindex:14)
2025-11-17 00:22:51,836 [INFO] PluginManage:283 - PluginManage : Loaded plugins [18]
2025-11-17 00:22:52,047 [INFO] PinOutPanel:1589 - setPackage(No Configuration,No Configuration)
2025-11-17 00:22:52,155 [INFO] CADModel:165 - CPN selected for project level
2025-11-17 00:22:52,155 [INFO] CADModel:114 - Register for checkConnection events
2025-11-17 00:22:52,191 [INFO] IPUIPlugin:80 - create IPUIPlugin
2025-11-17 00:22:52,191 [INFO] PluginManager:220 - loadIPPluginJar : add adc
2025-11-17 00:22:52,242 [INFO] IPUIPlugin:80 - create IPUIPlugin
2025-11-17 00:22:52,242 [INFO] PluginManager:220 - loadIPPluginJar : add aes
2025-11-17 00:22:52,295 [INFO] IPUIPlugin:80 - create IPUIPlugin
2025-11-17 00:22:52,295 [INFO] PluginManager:220 - loadIPPluginJar : add can
2025-11-17 00:22:52,327 [INFO] IPUIPlugin:80 - create IPUIPlugin
2025-11-17 00:22:52,327 [INFO] PluginManager:220 - loadIPPluginJar : add comp
2025-11-17 00:22:52,370 [INFO] IPUIPlugin:80 - create IPUIPlugin
2025-11-17 00:22:52,370 [INFO] PluginManager:220 - loadIPPluginJar : add cryp
2025-11-17 00:22:52,385 [INFO] IPUIPlugin:80 - create IPUIPlugin
2025-11-17 00:22:52,386 [INFO] PluginManager:220 - loadIPPluginJar : add ddr_ctrl_phy
2025-11-17 00:22:52,424 [INFO] IPUIPlugin:80 - create IPUIPlugin
2025-11-17 00:22:52,424 [INFO] PluginManager:220 - loadIPPluginJar : add dfsdm
2025-11-17 00:22:52,451 [INFO] IPUIPlugin:80 - create IPUIPlugin
2025-11-17 00:22:52,451 [INFO] PluginManager:220 - loadIPPluginJar : add dma
2025-11-17 00:22:52,514 [INFO] IPUIPlugin:80 - create IPUIPlugin
2025-11-17 00:22:52,514 [INFO] PluginManager:220 - loadIPPluginJar : add dma3
2025-11-17 00:22:52,633 [INFO] IPUIPlugin:80 - create IPUIPlugin
2025-11-17 00:22:52,633 [INFO] PluginManager:220 - loadIPPluginJar : add extmemmanager
2025-11-17 00:22:52,672 [INFO] IPUIPlugin:80 - create IPUIPlugin
2025-11-17 00:22:52,672 [INFO] PluginManager:220 - loadIPPluginJar : add fatfs
2025-11-17 00:22:52,761 [INFO] IPUIPlugin:80 - create IPUIPlugin
2025-11-17 00:22:52,761 [INFO] PluginManager:220 - loadIPPluginJar : add fmc
2025-11-17 00:22:52,788 [INFO] IPUIPlugin:80 - create IPUIPlugin
2025-11-17 00:22:52,790 [INFO] PluginManager:220 - loadIPPluginJar : add freertos
2025-11-17 00:22:52,908 [INFO] IPUIPlugin:80 - create IPUIPlugin
2025-11-17 00:22:52,909 [INFO] PluginManager:220 - loadIPPluginJar : add genericplugin
2025-11-17 00:22:53,101 [INFO] IPUIPlugin:80 - create IPUIPlugin
2025-11-17 00:22:53,101 [INFO] PluginManager:220 - loadIPPluginJar : add gfxmmu
2025-11-17 00:22:53,312 [INFO] IPUIPlugin:80 - create IPUIPlugin
2025-11-17 00:22:53,312 [INFO] PluginManager:220 - loadIPPluginJar : add gic
2025-11-17 00:22:53,331 [INFO] IPUIPlugin:80 - create IPUIPlugin
2025-11-17 00:22:53,331 [INFO] PluginManager:220 - loadIPPluginJar : add gpio
2025-11-17 00:22:53,444 [INFO] IPUIPlugin:80 - create IPUIPlugin
2025-11-17 00:22:53,444 [INFO] PluginManager:220 - loadIPPluginJar : add gtzc
2025-11-17 00:22:53,492 [INFO] IPUIPlugin:80 - create IPUIPlugin
2025-11-17 00:22:53,492 [INFO] PluginManager:220 - loadIPPluginJar : add hash
2025-11-17 00:22:53,563 [INFO] IPUIPlugin:80 - create IPUIPlugin
2025-11-17 00:22:53,563 [INFO] PluginManager:220 - loadIPPluginJar : add i2c
2025-11-17 00:22:53,618 [INFO] IPUIPlugin:80 - create IPUIPlugin
2025-11-17 00:22:53,618 [INFO] PluginManager:220 - loadIPPluginJar : add i2s
2025-11-17 00:22:53,686 [INFO] IPUIPlugin:80 - create IPUIPlugin
2025-11-17 00:22:53,686 [INFO] PluginManager:220 - loadIPPluginJar : add i3c
2025-11-17 00:22:53,831 [INFO] IPUIPlugin:80 - create IPUIPlugin
2025-11-17 00:22:53,832 [INFO] PluginManager:220 - loadIPPluginJar : add ipddr
2025-11-17 00:22:53,959 [INFO] IPUIPlugin:80 - create IPUIPlugin
2025-11-17 00:22:53,959 [INFO] PluginManager:220 - loadIPPluginJar : add linkedlist
2025-11-17 00:22:54,026 [INFO] IPUIPlugin:80 - create IPUIPlugin
2025-11-17 00:22:54,026 [INFO] PluginManager:220 - loadIPPluginJar : add lorawan
2025-11-17 00:22:54,085 [INFO] IPUIPlugin:80 - create IPUIPlugin
2025-11-17 00:22:54,085 [INFO] PluginManager:220 - loadIPPluginJar : add ltdc
2025-11-17 00:22:54,108 [INFO] IPUIPlugin:80 - create IPUIPlugin
2025-11-17 00:22:54,108 [INFO] PluginManager:220 - loadIPPluginJar : add mdma
2025-11-17 00:22:54,128 [INFO] IPUIPlugin:80 - create IPUIPlugin
2025-11-17 00:22:54,128 [INFO] PluginManager:220 - loadIPPluginJar : add nvic
2025-11-17 00:22:54,188 [INFO] IPUIPlugin:80 - create IPUIPlugin
2025-11-17 00:22:54,188 [INFO] PluginManager:220 - loadIPPluginJar : add opamp
2025-11-17 00:22:54,298 [INFO] IPUIPlugin:80 - create IPUIPlugin
2025-11-17 00:22:54,298 [INFO] PluginManager:220 - loadIPPluginJar : add openamp
2025-11-17 00:22:54,359 [INFO] IPUIPlugin:80 - create IPUIPlugin
2025-11-17 00:22:54,359 [INFO] PluginManager:220 - loadIPPluginJar : add pdm2pcm
2025-11-17 00:22:54,412 [INFO] IPUIPlugin:80 - create IPUIPlugin
2025-11-17 00:22:54,432 [INFO] PluginManager:220 - loadIPPluginJar : add plateformsettings
2025-11-17 00:22:54,509 [INFO] IPUIPlugin:80 - create IPUIPlugin
2025-11-17 00:22:54,509 [INFO] PluginManager:220 - loadIPPluginJar : add quadspi
2025-11-17 00:22:54,540 [INFO] ThirdPartyUpdaterWithRetryManager:70 - Updater plugin not ready yet. [2/15]
2025-11-17 00:22:54,548 [INFO] IPUIPlugin:80 - create IPUIPlugin
2025-11-17 00:22:54,549 [INFO] PluginManager:220 - loadIPPluginJar : add radio
2025-11-17 00:22:54,568 [INFO] IPUIPlugin:80 - create IPUIPlugin
2025-11-17 00:22:54,568 [INFO] PluginManager:220 - loadIPPluginJar : add resmgrutility
2025-11-17 00:22:54,647 [INFO] IPUIPlugin:80 - create IPUIPlugin
2025-11-17 00:22:54,647 [INFO] PluginManager:220 - loadIPPluginJar : add sai
2025-11-17 00:22:54,702 [INFO] IPUIPlugin:80 - create IPUIPlugin
2025-11-17 00:22:54,702 [INFO] PluginManager:220 - loadIPPluginJar : add spi
2025-11-17 00:22:54,803 [INFO] IPUIPlugin:80 - create IPUIPlugin
2025-11-17 00:22:54,803 [INFO] PluginManager:220 - loadIPPluginJar : add stm32_wpan
2025-11-17 00:22:54,842 [INFO] IPUIPlugin:80 - create IPUIPlugin
2025-11-17 00:22:54,842 [INFO] PluginManager:220 - loadIPPluginJar : add tim
2025-11-17 00:22:54,939 [INFO] IPUIPlugin:80 - create IPUIPlugin
2025-11-17 00:22:54,940 [INFO] PluginManager:220 - loadIPPluginJar : add touchsensing
2025-11-17 00:22:54,974 [INFO] IPUIPlugin:80 - create IPUIPlugin
2025-11-17 00:22:54,975 [INFO] PluginManager:220 - loadIPPluginJar : add tracer_emb
2025-11-17 00:22:55,011 [INFO] IPUIPlugin:80 - create IPUIPlugin
2025-11-17 00:22:55,011 [INFO] PluginManager:220 - loadIPPluginJar : add ts
2025-11-17 00:22:55,048 [INFO] IPUIPlugin:80 - create IPUIPlugin
2025-11-17 00:22:55,048 [INFO] PluginManager:220 - loadIPPluginJar : add tsc
2025-11-17 00:22:55,080 [INFO] IPUIPlugin:80 - create IPUIPlugin
2025-11-17 00:22:55,080 [INFO] PluginManager:220 - loadIPPluginJar : add ucpd
2025-11-17 00:22:55,145 [INFO] IPUIPlugin:80 - create IPUIPlugin
2025-11-17 00:22:55,145 [INFO] PluginManager:220 - loadIPPluginJar : add usart
2025-11-17 00:22:55,213 [INFO] IPUIPlugin:80 - create IPUIPlugin
2025-11-17 00:22:55,213 [INFO] PluginManager:220 - loadIPPluginJar : add usbx
2025-11-17 00:22:55,361 [FATAL] Updater:351 - Updater called before beeing initialized
2025-11-17 00:22:55,387 [INFO] RulesReader:64 - Compatibility file has been processed (317 Rules)
2025-11-17 00:22:55,400 [INFO] RulesReader:64 - Compatibility file has been processed (317 Rules)
2025-11-17 00:22:55,410 [INFO] CADModel:165 - CPN selected for project level
2025-11-17 00:22:55,410 [INFO] CADModel:114 - Register for checkConnection events
2025-11-17 00:22:55,410 [FATAL] Updater:351 - Updater called before beeing initialized
2025-11-17 00:22:55,410 [ERROR] CADModel:125 - Updater not yet initialized, retry later 
2025-11-17 00:22:55,562 [FATAL] Updater:351 - Updater called before beeing initialized
2025-11-17 00:22:55,565 [INFO] CADModel:165 - CPN selected for project level
2025-11-17 00:22:55,565 [INFO] CADModel:114 - Register for checkConnection events
2025-11-17 00:22:55,565 [FATAL] Updater:351 - Updater called before beeing initialized
2025-11-17 00:22:55,565 [ERROR] CADModel:125 - Updater not yet initialized, retry later 
2025-11-17 00:22:55,568 [FATAL] Updater:351 - Updater called before beeing initialized
2025-11-17 00:22:55,677 [FATAL] Updater:351 - Updater called before beeing initialized
2025-11-17 00:22:55,689 [INFO] DbMcusAds:53 - JSON generation date=Thu Oct 02 16:36:05 ICT 2025 (1759397765645)
2025-11-17 00:22:55,689 [FATAL] Updater:351 - Updater called before beeing initialized
2025-11-17 00:22:55,728 [WARN] DetailPanel:346 - Failed to get advertising image, set to default
2025-11-17 00:22:55,810 [FATAL] Updater:351 - Updater called before beeing initialized
2025-11-17 00:22:55,811 [FATAL] Updater:351 - Updater called before beeing initialized
2025-11-17 00:22:55,812 [FATAL] Updater:351 - Updater called before beeing initialized
2025-11-17 00:22:55,812 [WARN] DetailPanel:346 - Failed to get advertising image, set to default
2025-11-17 00:22:55,812 [FATAL] Updater:351 - Updater called before beeing initialized
2025-11-17 00:22:55,879 [ERROR] Updater:1198 - MainUpdater not yet initialized. External WinMGr cannot be set.
2025-11-17 00:22:55,893 [INFO] Updater:1134 - Updater Version found : 6.15.0
2025-11-17 00:22:55,912 [INFO] ApplicationProperties:184 - Using Application install path: C:\ST\STM32CubeIDE_1.19.0\STM32CubeIDE\plugins\com.st.stm32cube.common.mx_6.15.0.202507011659
2025-11-17 00:22:57,520 [ERROR] LogOutputStream:75 - [STDERR_REDIRECT] Nov 17, 2025 12:22:57 AM java.util.prefs.WindowsPreferences <init>
2025-11-17 00:22:57,521 [ERROR] LogOutputStream:75 - [STDERR_REDIRECT] WARNING: Could not open/create prefs root node Software\JavaSoft\Prefs at root 0xffffffff80000002. Windows RegCreateKeyEx(...) returned error code 5.
2025-11-17 00:22:57,521 [ERROR] LogOutputStream:75 - [STDERR_REDIRECT] 
2025-11-17 00:22:57,544 [INFO] ThirdPartyUpdaterWithRetryManager:70 - Updater plugin not ready yet. [3/15]
2025-11-17 00:22:57,913 [INFO] MainUpdater:2872 - connection check result : 10
2025-11-17 00:22:57,914 [INFO] MainUpdater:289 - Updater Check For Update Now.
2025-11-17 00:22:57,914 [INFO] MicroXplorer:498 - Change Database Version : DB.6.0.150
2025-11-17 00:22:57,935 [INFO] McuFinderGlobals:63 - Set McuFinder mode to 2 (CubeIDE integrated)
2025-11-17 00:22:57,936 [INFO] UserAuth:171 - activating auth plugin
2025-11-17 00:22:57,940 [INFO] UserAuth:487 - Internet connection configuration mode: 1
2025-11-17 00:22:57,986 [INFO] JxBrowserEngine:152 - Initiate JxBrowser Engine with user profile folder
2025-11-17 00:22:58,159 [INFO] CheckServerUpdateThread:120 - End of CheckServer Thread
2025-11-17 00:22:59,489 [INFO] WebApp:169 - Instantiating new browser for Auth
2025-11-17 00:23:00,266 [INFO] WebApp:463 - Apply proxy settings
2025-11-17 00:23:00,266 [INFO] WebApp:548 - Chromium requires no authentication
2025-11-17 00:23:00,277 [INFO] WebApp:491 - Direct internet connection detected
2025-11-17 00:23:00,314 [INFO] WebApp:900 - Register for checkConnection events
2025-11-17 00:23:00,314 [INFO] WebApp:463 - Apply proxy settings
2025-11-17 00:23:00,314 [INFO] WebApp:548 - Chromium requires no authentication
2025-11-17 00:23:00,315 [INFO] WebApp:491 - Direct internet connection detected
2025-11-17 00:23:00,502 [INFO] WebApp:191 - Connection restablished
2025-11-17 00:23:00,526 [INFO] WebApp:225 - Starting web application
2025-11-17 00:23:00,526 [INFO] WebApp:593 - Web application path used C:\ST\STM32CubeIDE_1.19.0\STM32CubeIDE\plugins\com.st.stm32cube.common.mx_6.15.0.202507011659\db\plugins\mcufinder\reactClient1\index.html
2025-11-17 00:23:01,008 [WARN] PackLoader:240 - Cannot read IP mode file for STMicroelectronics.FP-SNS-MOTENVWB1.1.4.0
2025-11-17 00:23:01,035 [WARN] PackLoader:240 - Cannot read IP mode file for STMicroelectronics.FP-ATR-ASTRA1.2.0.2
2025-11-17 00:23:01,069 [WARN] PackLoader:240 - Cannot read IP mode file for STMicroelectronics.X-CUBE-SMBUS.2.1.0
2025-11-17 00:23:01,096 [WARN] PackLoader:240 - Cannot read IP mode file for STMicroelectronics.X-CUBE-ST60.1.0.0
2025-11-17 00:23:01,177 [WARN] PackLoader:240 - Cannot read IP mode file for STMicroelectronics.X-CUBE-AZRTOS-F7.1.1.0
2025-11-17 00:23:01,209 [WARN] PackLoader:240 - Cannot read IP mode file for Cesanta.I-CUBE-Mongoose.7.19.0
2025-11-17 00:23:01,230 [WARN] PackLoader:240 - Cannot read IP mode file for STMicroelectronics.FP-SNS-MOTENV1.5.1.0
2025-11-17 00:23:01,264 [WARN] PackLoader:240 - Cannot read IP mode file for WES.I-CUBE-Cesium.1.4.0
2025-11-17 00:23:01,323 [WARN] PackLoader:240 - Cannot read IP mode file for Infineon.AIROC-Wi-Fi-Bluetooth-STM32.1.7.1
2025-11-17 00:23:01,399 [WARN] PackLoader:240 - Cannot read IP mode file for STMicroelectronics.X-CUBE-AZRTOS-H7.3.4.0
2025-11-17 00:23:01,440 [WARN] PackLoader:240 - Cannot read IP mode file for STMicroelectronics.X-CUBE-DISPLAY.3.0.0
2025-11-17 00:23:01,489 [WARN] PackLoader:240 - Cannot read IP mode file for STMicroelectronics.X-CUBE-NFC10.1.0.0
2025-11-17 00:23:01,519 [WARN] PackLoader:240 - Cannot read IP mode file for STMicroelectronics.X-CUBE-ST60.1.1.0
2025-11-17 00:23:01,543 [WARN] PackLoader:240 - Cannot read IP mode file for emotas.I-CUBE-CANOPEN.1.3.0
2025-11-17 00:23:01,569 [WARN] PackLoader:240 - Cannot read IP mode file for STMicroelectronics.X-CUBE-GNSS1.7.1.0
2025-11-17 00:23:01,598 [WARN] PackLoader:240 - Cannot read IP mode file for STMicroelectronics.FP-SNS-STBOX1.2.1.0
2025-11-17 00:23:01,620 [WARN] PackLoader:240 - Cannot read IP mode file for STMicroelectronics.FP-SNS-SMARTAG2.1.2.0
2025-11-17 00:23:01,643 [WARN] PackLoader:240 - Cannot read IP mode file for STMicroelectronics.FP-SNS-FLIGHT1.5.1.0
2025-11-17 00:23:01,676 [INFO] LogOutputStream:77 - [STDOUT_REDIRECT] 1 : Invalid condition id : UX_CORESTACK_Condition cause : null
2025-11-17 00:23:01,676 [INFO] LogOutputStream:77 - [STDOUT_REDIRECT] 1 : Invalid condition id : UX_CORESTACK_Condition cause : null
2025-11-17 00:23:01,680 [INFO] LogOutputStream:77 - [STDOUT_REDIRECT] 1 : Invalid condition id : UX_CORESTACK_Condition cause : null
2025-11-17 00:23:01,681 [INFO] LogOutputStream:77 - [STDOUT_REDIRECT] 1 : Invalid condition id : UX_CORESTACK_Condition cause : null
2025-11-17 00:23:01,682 [INFO] LogOutputStream:77 - [STDOUT_REDIRECT] 1 : Invalid condition id : UX_CORESTACK_Condition cause : null
2025-11-17 00:23:01,687 [WARN] PackLoader:240 - Cannot read IP mode file for STMicroelectronics.X-CUBE-AZRTOS-WL.2.0.0
2025-11-17 00:23:01,746 [WARN] PackLoader:240 - Cannot read IP mode file for STMicroelectronics.FP-SNS-MOTENV1.5.0.0
2025-11-17 00:23:01,856 [WARN] PackLoader:240 - Cannot read IP mode file for STMicroelectronics.X-CUBE-BLE2.3.3.0
2025-11-17 00:23:01,932 [WARN] PackLoader:240 - Cannot read IP mode file for STMicroelectronics.X-CUBE-NFC9.1.0.0
2025-11-17 00:23:01,953 [WARN] PackLoader:240 - Cannot read IP mode file for wolfSSL.I-CUBE-wolfSSL.5.8.2
2025-11-17 00:23:01,971 [WARN] PackLoader:240 - Cannot read IP mode file for STMicroelectronics.X-CUBE-BLE1.7.1.0
2025-11-17 00:23:01,988 [WARN] PackLoader:240 - Cannot read IP mode file for wolfSSL.I-CUBE-wolfMQTT.1.19.2
2025-11-17 00:23:02,006 [WARN] PackLoader:240 - Cannot read IP mode file for STMicroelectronics.X-CUBE-EEPRMA1.5.2.0
2025-11-17 00:23:02,024 [WARN] PackLoader:240 - Cannot read IP mode file for STMicroelectronics.X-CUBE-ST67W61.1.1.0
2025-11-17 00:23:02,056 [WARN] PackLoader:240 - Cannot read IP mode file for STMicroelectronics.X-CUBE-AZRTOS-G0.1.1.0
2025-11-17 00:23:02,072 [WARN] PackLoader:240 - Cannot read IP mode file for STMicroelectronics.X-CUBE-SAFEA1.1.2.2
2025-11-17 00:23:02,090 [WARN] PackLoader:240 - Cannot read IP mode file for STMicroelectronics.X-CUBE-NFC4.3.0.0
2025-11-17 00:23:02,106 [WARN] PackLoader:240 - Cannot read IP mode file for EmbeddedOffice.I-CUBE-FS-RTOS.1.0.1
2025-11-17 00:23:02,125 [WARN] PackLoader:240 - Cannot read IP mode file for STMicroelectronics.X-CUBE-WB05N.2.0.0
2025-11-17 00:23:02,141 [WARN] PackLoader:240 - Cannot read IP mode file for wolfSSL.I-CUBE-wolfTPM.3.8.0
2025-11-17 00:23:02,158 [WARN] PackLoader:240 - Cannot read IP mode file for STMicroelectronics.X-CUBE-TCPP.4.2.0
2025-11-17 00:23:02,175 [WARN] PackLoader:240 - Cannot read IP mode file for RealThread.X-CUBE-RT-Thread_Nano.4.1.1
2025-11-17 00:23:02,197 [WARN] PackLoader:240 - Cannot read IP mode file for STMicroelectronics.FP-ATR-SIGFOX1.3.2.0
2025-11-17 00:23:02,216 [WARN] PackLoader:240 - Cannot read IP mode file for ITTIA_DB.I-CUBE-ITTIADB.8.9.0
2025-11-17 00:23:02,233 [WARN] PackLoader:240 - Cannot read IP mode file for STMicroelectronics.X-CUBE-ST67W61.1.0.0
2025-11-17 00:23:02,250 [WARN] PackLoader:240 - Cannot read IP mode file for STMicroelectronics.X-CUBE-AI.10.2.0
2025-11-17 00:23:02,278 [WARN] PackLoader:240 - Cannot read IP mode file for SEGGER.I-CUBE-embOS.1.3.1
2025-11-17 00:23:02,320 [WARN] PackLoader:240 - Cannot read IP mode file for STMicroelectronics.X-CUBE-ALGOBUILD.1.4.0
2025-11-17 00:23:02,388 [WARN] PackLoader:240 - Cannot read IP mode file for STMicroelectronics.X-CUBE-MEMS1.11.3.0
2025-11-17 00:23:02,498 [WARN] PackLoader:240 - Cannot read IP mode file for STMicroelectronics.X-CUBE-PM33A1.1.0.0
2025-11-17 00:23:02,533 [WARN] PackLoader:240 - Cannot read IP mode file for STMicroelectronics.X-CUBE-AZRTOS-F4.1.1.0
2025-11-17 00:23:02,554 [WARN] PackLoader:240 - Cannot read IP mode file for STMicroelectronics.X-CUBE-ISPU.2.1.0
2025-11-17 00:23:02,580 [WARN] PackLoader:240 - Cannot read IP mode file for STMicroelectronics.X-CUBE-IPS.3.2.0
2025-11-17 00:23:02,725 [WARN] PackLoader:240 - Cannot read IP mode file for STMicroelectronics.X-CUBE-NFC12.1.0.0
2025-11-17 00:23:02,800 [WARN] PackLoader:240 - Cannot read IP mode file for STMicroelectronics.X-CUBE-AZRTOS-L5.2.0.0
2025-11-17 00:23:02,832 [WARN] PackLoader:240 - Cannot read IP mode file for STMicroelectronics.X-CUBE-NFC6.3.1.0
2025-11-17 00:23:02,860 [WARN] PackLoader:240 - Cannot read IP mode file for STMicroelectronics.X-CUBE-FREERTOS.1.3.1
2025-11-17 00:23:02,882 [WARN] PackLoader:240 - Cannot read IP mode file for STMicroelectronics.X-CUBE-TOUCHGFX.4.26.0
2025-11-17 00:23:02,901 [WARN] PackLoader:240 - Cannot read IP mode file for STMicroelectronics.FP-SNS-STAIOTCFT.1.0.0
2025-11-17 00:23:02,930 [WARN] PackLoader:240 - Cannot read IP mode file for STMicroelectronics.X-CUBE-DPower.1.3.0
2025-11-17 00:23:02,975 [WARN] ConditionMgr:438 - getConditionDescription Invalid condition id : LAN8742 Phy interface Condition cause : null
2025-11-17 00:23:02,978 [WARN] PackLoader:240 - Cannot read IP mode file for STMicroelectronics.X-CUBE-AZRTOS-L4.2.0.0
2025-11-17 00:23:02,978 [WARN] ConditionMgr:1044 - genDependencies : Invalid condition id : LAN8742 Phy interface Condition cause : null
2025-11-17 00:23:02,980 [WARN] ConditionMgr:1044 - genDependencies : Invalid condition id : LAN8742 Phy interface Condition cause : null
2025-11-17 00:23:02,980 [WARN] ConditionMgr:1044 - genDependencies : Invalid condition id : LAN8742 Phy interface Condition cause : null
2025-11-17 00:23:03,022 [WARN] PackLoader:240 - Cannot read IP mode file for STMicroelectronics.X-CUBE-SFXS2LP1.4.0.0
2025-11-17 00:23:03,060 [WARN] PackLoader:240 - Cannot read IP mode file for STMicroelectronics.X-CUBE-BLEMGR.4.1.0
2025-11-17 00:23:03,103 [WARN] ConditionMgr:438 - getConditionDescription Invalid condition id : UX DEVICE CLASS RTOS Condition cause : null
2025-11-17 00:23:03,103 [WARN] ConditionMgr:438 - getConditionDescription Invalid condition id : UX DEVICE CLASS RTOS Condition cause : null
2025-11-17 00:23:03,105 [WARN] PackLoader:240 - Cannot read IP mode file for STMicroelectronics.X-CUBE-AZRTOS-WB.2.0.0
2025-11-17 00:23:03,105 [WARN] ConditionMgr:1044 - genDependencies : Invalid condition id : UX DEVICE CLASS RTOS Condition cause : null
2025-11-17 00:23:03,105 [WARN] ConditionMgr:1044 - genDependencies : Invalid condition id : UX DEVICE CLASS RTOS Condition cause : null
2025-11-17 00:23:03,106 [WARN] ConditionMgr:1044 - genDependencies : Invalid condition id : UX DEVICE CLASS RTOS Condition cause : null
2025-11-17 00:23:03,106 [WARN] ConditionMgr:1044 - genDependencies : Invalid condition id : UX DEVICE CLASS RTOS Condition cause : null
2025-11-17 00:23:03,106 [WARN] ConditionMgr:1044 - genDependencies : Invalid condition id : UX DEVICE CLASS RTOS Condition cause : null
2025-11-17 00:23:03,125 [WARN] PackLoader:240 - Cannot read IP mode file for STMicroelectronics.X-CUBE-GNSS1.7.0.1
2025-11-17 00:23:03,144 [WARN] ConditionMgr:438 - getConditionDescription Invalid condition id : Cortex-A Device cause : null
2025-11-17 00:23:03,167 [WARN] ConditionMgr:1044 - genDependencies : Invalid condition id : Cortex-A Device cause : null
2025-11-17 00:23:03,167 [WARN] ConditionMgr:1044 - genDependencies : Invalid condition id : Cortex-A Device cause : null
2025-11-17 00:23:03,167 [WARN] ConditionMgr:1044 - genDependencies : Invalid condition id : Cortex-A Device cause : null
2025-11-17 00:23:03,188 [WARN] PackLoader:240 - Cannot read IP mode file for STMicroelectronics.X-CUBE-SUBG2.5.0.0
2025-11-17 00:23:03,228 [WARN] PackLoader:240 - Cannot read IP mode file for STMicroelectronics.X-CUBE-AZRTOS-H7RS.1.1.0
2025-11-17 00:23:03,265 [WARN] PackLoader:240 - Cannot read IP mode file for STMicroelectronics.X-CUBE-AZRTOS-G4.2.0.0
2025-11-17 00:23:03,290 [WARN] PackLoader:240 - Cannot read IP mode file for wolfSSL.I-CUBE-wolfSSH.1.4.20
2025-11-17 00:23:03,313 [WARN] PackLoader:240 - Cannot read IP mode file for STMicroelectronics.X-CUBE-NFC7.2.0.0
2025-11-17 00:23:03,336 [WARN] PackLoader:240 - Cannot read IP mode file for STMicroelectronics.X-CUBE-IPS.3.1.0
2025-11-17 00:23:03,358 [WARN] PackLoader:240 - Cannot read IP mode file for STMicroelectronics.X-CUBE-ALS.1.0.2
2025-11-17 00:23:03,381 [WARN] PackLoader:240 - Cannot read IP mode file for STMicroelectronics.X-CUBE-STSE01.1.0.0
2025-11-17 00:23:03,410 [WARN] PackLoader:240 - Cannot read IP mode file for STMicroelectronics.X-CUBE-TOF1.3.4.3
2025-11-17 00:23:03,419 [INFO] ThirdParty:978 - Integrity check success = true
2025-11-17 00:23:03,419 [INFO] IntegrityCheckThread:100 - exiting critical section [integrity check]
2025-11-17 00:23:03,419 [INFO] IntegrityCheckThread:103 - End integrity checks thread
2025-11-17 00:29:04,987 [ERROR] LogOutputStream:75 - [STDERR_REDIRECT] 
2025-11-17 00:29:04,990 [ERROR] LogOutputStream:75 - [STDERR_REDIRECT] 
2025-11-17 22:41:24,705 [INFO] Activator:176 - 


2025-11-17 22:41:24,709 [INFO] Activator:177 - !SESSION log4j initialized
2025-11-17 22:41:32,802 [INFO] LogOutputStream:77 - [STDOUT_REDIRECT] 
2025-11-17 22:41:34,464 [INFO] ApplicationProperties:184 - Using Application install path: C:\ST\STM32CubeIDE_1.19.0\STM32CubeIDE\plugins\com.st.stm32cube.common.mx_6.15.0.202507011659
2025-11-17 22:41:34,486 [INFO] DbMcusXml:78 - Set database path to: C:\ST\STM32CubeIDE_1.19.0\STM32CubeIDE\plugins\com.st.stm32cube.common.mx_6.15.0.202507011659\\db\/mcu/
2025-11-17 22:41:34,487 [INFO] ApiDb:274 - Set plugin database path to: C:\ST\STM32CubeIDE_1.19.0\STM32CubeIDE\plugins\com.st.stm32cube.common.mx_6.15.0.202507011659\\db\/plugins/boardmanager/
2025-11-17 22:41:34,487 [WARN] ApiDb:259 - Overriding images path with different value:  => C:\ST\STM32CubeIDE_1.19.0\STM32CubeIDE\plugins\com.st.stm32cube.common.mx_6.15.0.202507011659\\db\/plugins/mcufinder/images/
2025-11-17 22:41:34,502 [INFO] ApiDb:250 - Set database path to: C:\Users\ASUS\.stmcufinder\plugins\mcufinder//mcu/
2025-11-17 22:41:34,503 [INFO] DbMcusAds:125 - Set database path to: C:\Users\ASUS\.stmcufinder\plugins\mcufinder//mcu/
2025-11-17 22:41:34,506 [INFO] CrossReferenceDbSqlite:203 - Set database path to: C:\Users\ASUS\.stmcufinder\plugins\mcufinder//mcu/cs/
2025-11-17 22:41:34,632 [INFO] RulesReader:64 - Compatibility file has been processed (317 Rules)
2025-11-17 22:41:34,729 [INFO] DbMcusXml:78 - Set database path to: C:\ST\STM32CubeIDE_1.19.0\STM32CubeIDE\plugins\com.st.stm32cube.common.mx_6.15.0.202507011659\\db\/mcu/
2025-11-17 22:41:34,730 [INFO] ApiDb:274 - Set plugin database path to: C:\ST\STM32CubeIDE_1.19.0\STM32CubeIDE\plugins\com.st.stm32cube.common.mx_6.15.0.202507011659\\db\/plugins/boardmanager/
2025-11-17 22:41:34,730 [INFO] ApiDb:261 - Set plugin images path to: C:\ST\STM32CubeIDE_1.19.0\STM32CubeIDE\plugins\com.st.stm32cube.common.mx_6.15.0.202507011659\\db\/plugins/mcufinder/images/
2025-11-17 22:41:34,730 [WARN] DbFile:41 - Overriding database path with different value: C:\Users\ASUS\.stmcufinder\plugins\mcufinder/ => C:\Users\ASUS\.stmcufinder\plugins\mcufinder
2025-11-17 22:41:34,730 [INFO] ApiDb:250 - Set database path to: C:\Users\ASUS\.stmcufinder\plugins\mcufinder//mcu/
2025-11-17 22:41:34,730 [WARN] DbFile:41 - Overriding database path with different value: C:\Users\ASUS\.stmcufinder\plugins\mcufinder/ => C:\Users\ASUS\.stmcufinder\plugins\mcufinder
2025-11-17 22:41:34,730 [INFO] DbMcusAds:125 - Set database path to: C:\Users\ASUS\.stmcufinder\plugins\mcufinder//mcu/
2025-11-17 22:41:34,730 [WARN] DbFile:41 - Overriding database path with different value: C:\Users\ASUS\.stmcufinder\plugins\mcufinder/ => C:\Users\ASUS\.stmcufinder\plugins\mcufinder
2025-11-17 22:41:34,730 [WARN] DbFile:41 - Overriding database path with different value: C:\Users\ASUS\.stmcufinder\plugins\mcufinder/ => C:\Users\ASUS\.stmcufinder\plugins\mcufinder
2025-11-17 22:41:34,730 [INFO] CrossReferenceDbSqlite:203 - Set database path to: C:\Users\ASUS\.stmcufinder\plugins\mcufinder//mcu/cs/
2025-11-17 22:41:34,823 [INFO] MainPanel:274 - HeapMemory: 268435456
2025-11-17 22:41:34,957 [INFO] DbMcusXml:78 - Set database path to: C:\ST\STM32CubeIDE_1.19.0\STM32CubeIDE\plugins\com.st.stm32cube.common.mx_6.15.0.202507011659\\db\/mcu/
2025-11-17 22:41:34,957 [INFO] ApiDb:274 - Set plugin database path to: C:\ST\STM32CubeIDE_1.19.0\STM32CubeIDE\plugins\com.st.stm32cube.common.mx_6.15.0.202507011659\\db\/plugins/boardmanager/
2025-11-17 22:41:34,957 [INFO] ApiDb:261 - Set plugin images path to: C:\ST\STM32CubeIDE_1.19.0\STM32CubeIDE\plugins\com.st.stm32cube.common.mx_6.15.0.202507011659\\db\/plugins/mcufinder/images/
2025-11-17 22:41:34,958 [WARN] DbFile:41 - Overriding database path with different value: C:\Users\ASUS\.stmcufinder\plugins\mcufinder/ => C:\Users\ASUS\.stmcufinder\plugins\mcufinder
2025-11-17 22:41:34,958 [INFO] ApiDb:250 - Set database path to: C:\Users\ASUS\.stmcufinder\plugins\mcufinder//mcu/
2025-11-17 22:41:34,958 [WARN] DbFile:41 - Overriding database path with different value: C:\Users\ASUS\.stmcufinder\plugins\mcufinder/ => C:\Users\ASUS\.stmcufinder\plugins\mcufinder
2025-11-17 22:41:34,958 [INFO] DbMcusAds:125 - Set database path to: C:\Users\ASUS\.stmcufinder\plugins\mcufinder//mcu/
2025-11-17 22:41:34,958 [WARN] DbFile:41 - Overriding database path with different value: C:\Users\ASUS\.stmcufinder\plugins\mcufinder/ => C:\Users\ASUS\.stmcufinder\plugins\mcufinder
2025-11-17 22:41:34,958 [WARN] DbFile:41 - Overriding database path with different value: C:\Users\ASUS\.stmcufinder\plugins\mcufinder/ => C:\Users\ASUS\.stmcufinder\plugins\mcufinder
2025-11-17 22:41:34,958 [INFO] CrossReferenceDbSqlite:203 - Set database path to: C:\Users\ASUS\.stmcufinder\plugins\mcufinder//mcu/cs/
2025-11-17 22:41:34,982 [INFO] ApplicationProperties:184 - Using Application install path: C:\ST\STM32CubeIDE_1.19.0\STM32CubeIDE\plugins\com.st.stm32cube.common.mx_6.15.0.202507011659
2025-11-17 22:41:34,985 [INFO] PluginManage:196 - Search for loadable plugins [exclusion list=, ]
2025-11-17 22:41:34,987 [INFO] PluginManage:310 - Check plugin analytics
2025-11-17 22:41:35,184 [INFO] AnalyticsPlugin:253 - Accepted Software Licenses: STM32CubeMX.6.12.1
2025-11-17 22:41:35,184 [INFO] AnalyticsPlugin:255 - Accepted CMSIS Pack Licenses: 
2025-11-17 22:41:35,184 [INFO] AnalyticsPlugin:257 - Accepted Firmware Licenses: 
2025-11-17 22:41:35,187 [INFO] PluginManage:359 - Loaded plugin analytics (category:tool,tabindex:-1)
2025-11-17 22:41:35,187 [INFO] PluginManage:310 - Check plugin cadmodel
2025-11-17 22:41:35,212 [INFO] CADModel:105 - Init CAD model plugin
2025-11-17 22:41:35,212 [INFO] PluginManage:359 - Loaded plugin cadmodel (category:power,tabindex:5)
2025-11-17 22:41:35,212 [INFO] PluginManage:310 - Check plugin clock
2025-11-17 22:41:35,238 [INFO] PluginManage:359 - Loaded plugin clock (category:base,tabindex:2)
2025-11-17 22:41:35,239 [INFO] PluginManage:310 - Check plugin ddr
2025-11-17 22:41:35,239 [INFO] PluginManage:359 - Loaded plugin ddr (category:tool,tabindex:6)
2025-11-17 22:41:35,239 [INFO] PluginManage:310 - Check plugin filemanager
2025-11-17 22:41:35,401 [INFO] PluginManage:359 - Loaded plugin filemanager (category:base,tabindex:10)
2025-11-17 22:41:35,401 [INFO] PluginManage:310 - Check plugin ipmanager
2025-11-17 22:41:35,412 [INFO] PluginManage:359 - Loaded plugin ipmanager (category:base,tabindex:5)
2025-11-17 22:41:35,413 [INFO] PluginManage:310 - Check plugin lpbam
2025-11-17 22:41:35,436 [INFO] PluginManage:359 - Loaded plugin lpbam (category:base,tabindex:0)
2025-11-17 22:41:35,437 [INFO] PluginManage:310 - Check plugin memorymap
2025-11-17 22:41:35,468 [INFO] PluginManage:359 - Loaded plugin memorymap (category:base,tabindex:4)
2025-11-17 22:41:35,468 [INFO] PluginManage:310 - Check plugin pinoutandconfiguration
2025-11-17 22:41:35,493 [INFO] PluginManage:359 - Loaded plugin pinoutandconfiguration (category:base,tabindex:1)
2025-11-17 22:41:35,493 [INFO] PluginManage:310 - Check plugin pinoutconfig
2025-11-17 22:41:35,603 [WARN] SupportedApi:132 - Cannot load RTOS API schema: s4s-elt-must-match.1: The content of 'definitions' must match (annotation?, (simpleType | complexType)?, (unique | key | keyref)*)). A problem was found starting at: attribute.
2025-11-17 22:41:35,786 [INFO] PluginManage:359 - Loaded plugin pinoutconfig (category:base,tabindex:0)
2025-11-17 22:41:35,787 [INFO] PluginManage:310 - Check plugin power
2025-11-17 22:41:35,821 [INFO] PluginManage:359 - Loaded plugin power (category:power,tabindex:4)
2025-11-17 22:41:35,822 [INFO] PluginManage:310 - Check plugin projectmanager
2025-11-17 22:41:35,839 [INFO] PluginManage:359 - Loaded plugin projectmanager (category:projectmanager,tabindex:4)
2025-11-17 22:41:35,839 [INFO] PluginManage:310 - Check plugin rif
2025-11-17 22:41:35,866 [INFO] PluginManage:359 - Loaded plugin rif (category:base,tabindex:3)
2025-11-17 22:41:35,866 [INFO] PluginManage:310 - Check plugin thirdparty
2025-11-17 22:41:36,228 [INFO] PluginManage:359 - Loaded plugin thirdparty (category:base,tabindex:-1)
2025-11-17 22:41:36,228 [WARN] IntegrityCheckThread:84 - waiting for thirdparty lock release [integrity check]
2025-11-17 22:41:36,228 [INFO] PluginManage:310 - Check plugin tools
2025-11-17 22:41:36,229 [INFO] IntegrityCheckThread:86 - entering critical section [integrity check]
2025-11-17 22:41:36,229 [INFO] ThirdPartyUpdaterWithRetryManager:70 - Updater plugin not ready yet. [1/15]
2025-11-17 22:41:36,280 [INFO] PluginManage:359 - Loaded plugin tools (category:base,tabindex:7)
2025-11-17 22:41:36,281 [INFO] PluginManage:310 - Check plugin tutovideos
2025-11-17 22:41:36,538 [INFO] PluginManage:359 - Loaded plugin tutovideos (category:base,tabindex:-1)
2025-11-17 22:41:36,538 [INFO] PluginManage:310 - Check plugin updater
2025-11-17 22:41:36,560 [INFO] PluginManage:359 - Loaded plugin updater (category:base,tabindex:12)
2025-11-17 22:41:36,560 [INFO] PluginManage:310 - Check plugin userauth
2025-11-17 22:41:36,564 [INFO] UserAuth:118 - Init User Auth plugin
2025-11-17 22:41:36,565 [INFO] PluginManage:359 - Loaded plugin userauth (category:base,tabindex:14)
2025-11-17 22:41:36,565 [INFO] PluginManage:283 - PluginManage : Loaded plugins [18]
2025-11-17 22:41:36,810 [INFO] PinOutPanel:1589 - setPackage(No Configuration,No Configuration)
2025-11-17 22:41:36,918 [INFO] CADModel:165 - CPN selected for project level
2025-11-17 22:41:36,919 [INFO] CADModel:114 - Register for checkConnection events
2025-11-17 22:41:36,957 [INFO] IPUIPlugin:80 - create IPUIPlugin
2025-11-17 22:41:36,957 [INFO] PluginManager:220 - loadIPPluginJar : add adc
2025-11-17 22:41:37,012 [INFO] IPUIPlugin:80 - create IPUIPlugin
2025-11-17 22:41:37,012 [INFO] PluginManager:220 - loadIPPluginJar : add aes
2025-11-17 22:41:37,075 [INFO] IPUIPlugin:80 - create IPUIPlugin
2025-11-17 22:41:37,076 [INFO] PluginManager:220 - loadIPPluginJar : add can
2025-11-17 22:41:37,110 [INFO] IPUIPlugin:80 - create IPUIPlugin
2025-11-17 22:41:37,110 [INFO] PluginManager:220 - loadIPPluginJar : add comp
2025-11-17 22:41:37,161 [INFO] IPUIPlugin:80 - create IPUIPlugin
2025-11-17 22:41:37,161 [INFO] PluginManager:220 - loadIPPluginJar : add cryp
2025-11-17 22:41:37,178 [INFO] IPUIPlugin:80 - create IPUIPlugin
2025-11-17 22:41:37,178 [INFO] PluginManager:220 - loadIPPluginJar : add ddr_ctrl_phy
2025-11-17 22:41:37,221 [INFO] IPUIPlugin:80 - create IPUIPlugin
2025-11-17 22:41:37,221 [INFO] PluginManager:220 - loadIPPluginJar : add dfsdm
2025-11-17 22:41:37,237 [INFO] IPUIPlugin:80 - create IPUIPlugin
2025-11-17 22:41:37,238 [INFO] PluginManager:220 - loadIPPluginJar : add dma
2025-11-17 22:41:37,295 [INFO] IPUIPlugin:80 - create IPUIPlugin
2025-11-17 22:41:37,295 [INFO] PluginManager:220 - loadIPPluginJar : add dma3
2025-11-17 22:41:37,355 [INFO] IPUIPlugin:80 - create IPUIPlugin
2025-11-17 22:41:37,355 [INFO] PluginManager:220 - loadIPPluginJar : add extmemmanager
2025-11-17 22:41:37,384 [INFO] IPUIPlugin:80 - create IPUIPlugin
2025-11-17 22:41:37,384 [INFO] PluginManager:220 - loadIPPluginJar : add fatfs
2025-11-17 22:41:37,447 [INFO] IPUIPlugin:80 - create IPUIPlugin
2025-11-17 22:41:37,447 [INFO] PluginManager:220 - loadIPPluginJar : add fmc
2025-11-17 22:41:37,464 [INFO] IPUIPlugin:80 - create IPUIPlugin
2025-11-17 22:41:37,464 [INFO] PluginManager:220 - loadIPPluginJar : add freertos
2025-11-17 22:41:37,500 [INFO] IPUIPlugin:80 - create IPUIPlugin
2025-11-17 22:41:37,500 [INFO] PluginManager:220 - loadIPPluginJar : add genericplugin
2025-11-17 22:41:37,639 [INFO] IPUIPlugin:80 - create IPUIPlugin
2025-11-17 22:41:37,639 [INFO] PluginManager:220 - loadIPPluginJar : add gfxmmu
2025-11-17 22:41:37,825 [INFO] IPUIPlugin:80 - create IPUIPlugin
2025-11-17 22:41:37,825 [INFO] PluginManager:220 - loadIPPluginJar : add gic
2025-11-17 22:41:37,840 [INFO] IPUIPlugin:80 - create IPUIPlugin
2025-11-17 22:41:37,840 [INFO] PluginManager:220 - loadIPPluginJar : add gpio
2025-11-17 22:41:37,965 [INFO] IPUIPlugin:80 - create IPUIPlugin
2025-11-17 22:41:37,965 [INFO] PluginManager:220 - loadIPPluginJar : add gtzc
2025-11-17 22:41:38,022 [INFO] IPUIPlugin:80 - create IPUIPlugin
2025-11-17 22:41:38,022 [INFO] PluginManager:220 - loadIPPluginJar : add hash
2025-11-17 22:41:38,098 [INFO] IPUIPlugin:80 - create IPUIPlugin
2025-11-17 22:41:38,099 [INFO] PluginManager:220 - loadIPPluginJar : add i2c
2025-11-17 22:41:38,151 [INFO] IPUIPlugin:80 - create IPUIPlugin
2025-11-17 22:41:38,151 [INFO] PluginManager:220 - loadIPPluginJar : add i2s
2025-11-17 22:41:38,208 [INFO] IPUIPlugin:80 - create IPUIPlugin
2025-11-17 22:41:38,209 [INFO] PluginManager:220 - loadIPPluginJar : add i3c
2025-11-17 22:41:38,342 [INFO] IPUIPlugin:80 - create IPUIPlugin
2025-11-17 22:41:38,342 [INFO] PluginManager:220 - loadIPPluginJar : add ipddr
2025-11-17 22:41:38,464 [INFO] IPUIPlugin:80 - create IPUIPlugin
2025-11-17 22:41:38,468 [INFO] PluginManager:220 - loadIPPluginJar : add linkedlist
2025-11-17 22:41:38,520 [INFO] IPUIPlugin:80 - create IPUIPlugin
2025-11-17 22:41:38,520 [INFO] PluginManager:220 - loadIPPluginJar : add lorawan
2025-11-17 22:41:38,572 [INFO] IPUIPlugin:80 - create IPUIPlugin
2025-11-17 22:41:38,572 [INFO] PluginManager:220 - loadIPPluginJar : add ltdc
2025-11-17 22:41:38,592 [INFO] IPUIPlugin:80 - create IPUIPlugin
2025-11-17 22:41:38,592 [INFO] PluginManager:220 - loadIPPluginJar : add mdma
2025-11-17 22:41:38,611 [INFO] IPUIPlugin:80 - create IPUIPlugin
2025-11-17 22:41:38,611 [INFO] PluginManager:220 - loadIPPluginJar : add nvic
2025-11-17 22:41:38,665 [INFO] IPUIPlugin:80 - create IPUIPlugin
2025-11-17 22:41:38,665 [INFO] PluginManager:220 - loadIPPluginJar : add opamp
2025-11-17 22:41:38,756 [INFO] IPUIPlugin:80 - create IPUIPlugin
2025-11-17 22:41:38,756 [INFO] PluginManager:220 - loadIPPluginJar : add openamp
2025-11-17 22:41:38,820 [INFO] IPUIPlugin:80 - create IPUIPlugin
2025-11-17 22:41:38,820 [INFO] PluginManager:220 - loadIPPluginJar : add pdm2pcm
2025-11-17 22:41:38,838 [INFO] IPUIPlugin:80 - create IPUIPlugin
2025-11-17 22:41:38,841 [INFO] PluginManager:220 - loadIPPluginJar : add plateformsettings
2025-11-17 22:41:38,876 [INFO] IPUIPlugin:80 - create IPUIPlugin
2025-11-17 22:41:38,876 [INFO] PluginManager:220 - loadIPPluginJar : add quadspi
2025-11-17 22:41:38,927 [INFO] IPUIPlugin:80 - create IPUIPlugin
2025-11-17 22:41:38,928 [INFO] PluginManager:220 - loadIPPluginJar : add radio
2025-11-17 22:41:38,951 [INFO] IPUIPlugin:80 - create IPUIPlugin
2025-11-17 22:41:38,951 [INFO] PluginManager:220 - loadIPPluginJar : add resmgrutility
2025-11-17 22:41:39,022 [INFO] IPUIPlugin:80 - create IPUIPlugin
2025-11-17 22:41:39,022 [INFO] PluginManager:220 - loadIPPluginJar : add sai
2025-11-17 22:41:39,081 [INFO] IPUIPlugin:80 - create IPUIPlugin
2025-11-17 22:41:39,082 [INFO] PluginManager:220 - loadIPPluginJar : add spi
2025-11-17 22:41:39,212 [INFO] IPUIPlugin:80 - create IPUIPlugin
2025-11-17 22:41:39,212 [INFO] PluginManager:220 - loadIPPluginJar : add stm32_wpan
2025-11-17 22:41:39,234 [INFO] ThirdPartyUpdaterWithRetryManager:70 - Updater plugin not ready yet. [2/15]
2025-11-17 22:41:39,250 [INFO] IPUIPlugin:80 - create IPUIPlugin
2025-11-17 22:41:39,251 [INFO] PluginManager:220 - loadIPPluginJar : add tim
2025-11-17 22:41:39,341 [INFO] IPUIPlugin:80 - create IPUIPlugin
2025-11-17 22:41:39,342 [INFO] PluginManager:220 - loadIPPluginJar : add touchsensing
2025-11-17 22:41:39,379 [INFO] IPUIPlugin:80 - create IPUIPlugin
2025-11-17 22:41:39,379 [INFO] PluginManager:220 - loadIPPluginJar : add tracer_emb
2025-11-17 22:41:39,420 [INFO] IPUIPlugin:80 - create IPUIPlugin
2025-11-17 22:41:39,420 [INFO] PluginManager:220 - loadIPPluginJar : add ts
2025-11-17 22:41:39,456 [INFO] IPUIPlugin:80 - create IPUIPlugin
2025-11-17 22:41:39,456 [INFO] PluginManager:220 - loadIPPluginJar : add tsc
2025-11-17 22:41:39,488 [INFO] IPUIPlugin:80 - create IPUIPlugin
2025-11-17 22:41:39,488 [INFO] PluginManager:220 - loadIPPluginJar : add ucpd
2025-11-17 22:41:39,551 [INFO] IPUIPlugin:80 - create IPUIPlugin
2025-11-17 22:41:39,551 [INFO] PluginManager:220 - loadIPPluginJar : add usart
2025-11-17 22:41:39,611 [INFO] IPUIPlugin:80 - create IPUIPlugin
2025-11-17 22:41:39,611 [INFO] PluginManager:220 - loadIPPluginJar : add usbx
2025-11-17 22:41:39,752 [FATAL] Updater:351 - Updater called before beeing initialized
2025-11-17 22:41:39,786 [INFO] RulesReader:64 - Compatibility file has been processed (317 Rules)
2025-11-17 22:41:39,797 [INFO] RulesReader:64 - Compatibility file has been processed (317 Rules)
2025-11-17 22:41:39,808 [INFO] CADModel:165 - CPN selected for project level
2025-11-17 22:41:39,808 [INFO] CADModel:114 - Register for checkConnection events
2025-11-17 22:41:39,808 [FATAL] Updater:351 - Updater called before beeing initialized
2025-11-17 22:41:39,808 [ERROR] CADModel:125 - Updater not yet initialized, retry later 
2025-11-17 22:41:39,972 [FATAL] Updater:351 - Updater called before beeing initialized
2025-11-17 22:41:39,975 [INFO] CADModel:165 - CPN selected for project level
2025-11-17 22:41:39,975 [INFO] CADModel:114 - Register for checkConnection events
2025-11-17 22:41:39,975 [FATAL] Updater:351 - Updater called before beeing initialized
2025-11-17 22:41:39,975 [ERROR] CADModel:125 - Updater not yet initialized, retry later 
2025-11-17 22:41:39,978 [FATAL] Updater:351 - Updater called before beeing initialized
2025-11-17 22:41:40,102 [FATAL] Updater:351 - Updater called before beeing initialized
2025-11-17 22:41:40,115 [INFO] DbMcusAds:53 - JSON generation date=Thu Oct 02 16:36:05 ICT 2025 (1759397765645)
2025-11-17 22:41:40,115 [FATAL] Updater:351 - Updater called before beeing initialized
2025-11-17 22:41:40,156 [WARN] DetailPanel:346 - Failed to get advertising image, set to default
2025-11-17 22:41:40,256 [FATAL] Updater:351 - Updater called before beeing initialized
2025-11-17 22:41:40,259 [FATAL] Updater:351 - Updater called before beeing initialized
2025-11-17 22:41:40,259 [FATAL] Updater:351 - Updater called before beeing initialized
2025-11-17 22:41:40,259 [WARN] DetailPanel:346 - Failed to get advertising image, set to default
2025-11-17 22:41:40,260 [FATAL] Updater:351 - Updater called before beeing initialized
2025-11-17 22:41:40,332 [ERROR] Updater:1198 - MainUpdater not yet initialized. External WinMGr cannot be set.
2025-11-17 22:41:40,345 [INFO] Updater:1134 - Updater Version found : 6.15.0
2025-11-17 22:41:40,381 [INFO] ApplicationProperties:184 - Using Application install path: C:\ST\STM32CubeIDE_1.19.0\STM32CubeIDE\plugins\com.st.stm32cube.common.mx_6.15.0.202507011659
2025-11-17 22:41:41,995 [ERROR] LogOutputStream:75 - [STDERR_REDIRECT] Nov 17, 2025 10:41:41 PM java.util.prefs.WindowsPreferences <init>
2025-11-17 22:41:41,997 [ERROR] LogOutputStream:75 - [STDERR_REDIRECT] WARNING: Could not open/create prefs root node Software\JavaSoft\Prefs at root 0xffffffff80000002. Windows RegCreateKeyEx(...) returned error code 5.
2025-11-17 22:41:41,997 [ERROR] LogOutputStream:75 - [STDERR_REDIRECT] 
2025-11-17 22:41:42,245 [INFO] ThirdPartyUpdaterWithRetryManager:70 - Updater plugin not ready yet. [3/15]
2025-11-17 22:41:42,369 [INFO] MainUpdater:2872 - connection check result : 10
2025-11-17 22:41:42,370 [INFO] MainUpdater:289 - Updater Check For Update Now.
2025-11-17 22:41:42,370 [INFO] MicroXplorer:498 - Change Database Version : DB.6.0.150
2025-11-17 22:41:42,391 [INFO] McuFinderGlobals:63 - Set McuFinder mode to 2 (CubeIDE integrated)
2025-11-17 22:41:42,391 [INFO] UserAuth:171 - activating auth plugin
2025-11-17 22:41:42,394 [INFO] UserAuth:487 - Internet connection configuration mode: 1
2025-11-17 22:41:42,440 [INFO] JxBrowserEngine:152 - Initiate JxBrowser Engine with user profile folder
2025-11-17 22:41:42,626 [INFO] CheckServerUpdateThread:120 - End of CheckServer Thread
2025-11-17 22:41:44,076 [INFO] WebApp:169 - Instantiating new browser for Auth
2025-11-17 22:41:45,579 [INFO] WebApp:463 - Apply proxy settings
2025-11-17 22:41:45,580 [INFO] WebApp:548 - Chromium requires no authentication
2025-11-17 22:41:45,613 [INFO] WebApp:491 - Direct internet connection detected
2025-11-17 22:41:45,690 [INFO] WebApp:900 - Register for checkConnection events
2025-11-17 22:41:45,690 [INFO] WebApp:463 - Apply proxy settings
2025-11-17 22:41:45,690 [INFO] WebApp:548 - Chromium requires no authentication
2025-11-17 22:41:45,694 [INFO] WebApp:491 - Direct internet connection detected
2025-11-17 22:41:45,895 [INFO] WebApp:191 - Connection restablished
2025-11-17 22:41:46,193 [WARN] PackLoader:240 - Cannot read IP mode file for STMicroelectronics.FP-SNS-MOTENVWB1.1.4.0
2025-11-17 22:41:46,226 [INFO] WebApp:225 - Starting web application
2025-11-17 22:41:46,227 [INFO] WebApp:593 - Web application path used C:\ST\STM32CubeIDE_1.19.0\STM32CubeIDE\plugins\com.st.stm32cube.common.mx_6.15.0.202507011659\db\plugins\mcufinder\reactClient1\index.html
2025-11-17 22:41:46,253 [WARN] PackLoader:240 - Cannot read IP mode file for STMicroelectronics.FP-ATR-ASTRA1.2.0.2
2025-11-17 22:41:46,296 [WARN] PackLoader:240 - Cannot read IP mode file for STMicroelectronics.X-CUBE-SMBUS.2.1.0
2025-11-17 22:41:46,333 [WARN] PackLoader:240 - Cannot read IP mode file for STMicroelectronics.X-CUBE-ST60.1.0.0
2025-11-17 22:41:46,514 [WARN] PackLoader:240 - Cannot read IP mode file for STMicroelectronics.X-CUBE-AZRTOS-F7.1.1.0
2025-11-17 22:41:46,550 [WARN] PackLoader:240 - Cannot read IP mode file for Cesanta.I-CUBE-Mongoose.7.19.0
2025-11-17 22:41:46,585 [WARN] PackLoader:240 - Cannot read IP mode file for STMicroelectronics.FP-SNS-MOTENV1.5.1.0
2025-11-17 22:41:46,649 [WARN] PackLoader:240 - Cannot read IP mode file for WES.I-CUBE-Cesium.1.4.0
2025-11-17 22:41:46,717 [WARN] PackLoader:240 - Cannot read IP mode file for Infineon.AIROC-Wi-Fi-Bluetooth-STM32.1.7.1
2025-11-17 22:41:46,788 [WARN] PackLoader:240 - Cannot read IP mode file for STMicroelectronics.X-CUBE-AZRTOS-H7.3.4.0
2025-11-17 22:41:46,821 [WARN] PackLoader:240 - Cannot read IP mode file for STMicroelectronics.X-CUBE-DISPLAY.3.0.0
2025-11-17 22:41:46,848 [WARN] PackLoader:240 - Cannot read IP mode file for STMicroelectronics.X-CUBE-NFC10.1.0.0
2025-11-17 22:41:46,869 [WARN] PackLoader:240 - Cannot read IP mode file for STMicroelectronics.X-CUBE-ST60.1.1.0
2025-11-17 22:41:46,889 [WARN] PackLoader:240 - Cannot read IP mode file for emotas.I-CUBE-CANOPEN.1.3.0
2025-11-17 22:41:46,912 [WARN] PackLoader:240 - Cannot read IP mode file for STMicroelectronics.X-CUBE-GNSS1.7.1.0
2025-11-17 22:41:46,948 [WARN] PackLoader:240 - Cannot read IP mode file for STMicroelectronics.FP-SNS-STBOX1.2.1.0
2025-11-17 22:41:46,980 [WARN] PackLoader:240 - Cannot read IP mode file for STMicroelectronics.FP-SNS-SMARTAG2.1.2.0
2025-11-17 22:41:47,004 [WARN] PackLoader:240 - Cannot read IP mode file for STMicroelectronics.FP-SNS-FLIGHT1.5.1.0
2025-11-17 22:41:47,047 [INFO] LogOutputStream:77 - [STDOUT_REDIRECT] 1 : Invalid condition id : UX_CORESTACK_Condition cause : null
2025-11-17 22:41:47,048 [INFO] LogOutputStream:77 - [STDOUT_REDIRECT] 1 : Invalid condition id : UX_CORESTACK_Condition cause : null
2025-11-17 22:41:47,051 [INFO] LogOutputStream:77 - [STDOUT_REDIRECT] 1 : Invalid condition id : UX_CORESTACK_Condition cause : null
2025-11-17 22:41:47,052 [INFO] LogOutputStream:77 - [STDOUT_REDIRECT] 1 : Invalid condition id : UX_CORESTACK_Condition cause : null
2025-11-17 22:41:47,055 [INFO] LogOutputStream:77 - [STDOUT_REDIRECT] 1 : Invalid condition id : UX_CORESTACK_Condition cause : null
2025-11-17 22:41:47,058 [WARN] PackLoader:240 - Cannot read IP mode file for STMicroelectronics.X-CUBE-AZRTOS-WL.2.0.0
2025-11-17 22:41:47,134 [WARN] PackLoader:240 - Cannot read IP mode file for STMicroelectronics.FP-SNS-MOTENV1.5.0.0
2025-11-17 22:41:47,177 [WARN] PackLoader:240 - Cannot read IP mode file for STMicroelectronics.X-CUBE-BLE2.3.3.0
2025-11-17 22:41:47,348 [WARN] PackLoader:240 - Cannot read IP mode file for STMicroelectronics.X-CUBE-NFC9.1.0.0
2025-11-17 22:41:47,383 [WARN] PackLoader:240 - Cannot read IP mode file for wolfSSL.I-CUBE-wolfSSL.5.8.2
2025-11-17 22:41:47,405 [WARN] PackLoader:240 - Cannot read IP mode file for STMicroelectronics.X-CUBE-BLE1.7.1.0
2025-11-17 22:41:47,419 [WARN] PackLoader:240 - Cannot read IP mode file for wolfSSL.I-CUBE-wolfMQTT.1.19.2
2025-11-17 22:41:47,436 [WARN] PackLoader:240 - Cannot read IP mode file for STMicroelectronics.X-CUBE-EEPRMA1.5.2.0
2025-11-17 22:41:47,454 [WARN] PackLoader:240 - Cannot read IP mode file for STMicroelectronics.X-CUBE-ST67W61.1.1.0
2025-11-17 22:41:47,491 [WARN] PackLoader:240 - Cannot read IP mode file for STMicroelectronics.X-CUBE-AZRTOS-G0.1.1.0
2025-11-17 22:41:47,518 [WARN] PackLoader:240 - Cannot read IP mode file for STMicroelectronics.X-CUBE-SAFEA1.1.2.2
2025-11-17 22:41:47,544 [WARN] PackLoader:240 - Cannot read IP mode file for STMicroelectronics.X-CUBE-NFC4.3.0.0
2025-11-17 22:41:47,571 [WARN] PackLoader:240 - Cannot read IP mode file for EmbeddedOffice.I-CUBE-FS-RTOS.1.0.1
2025-11-17 22:41:47,594 [WARN] PackLoader:240 - Cannot read IP mode file for STMicroelectronics.X-CUBE-WB05N.2.0.0
2025-11-17 22:41:47,613 [WARN] PackLoader:240 - Cannot read IP mode file for wolfSSL.I-CUBE-wolfTPM.3.8.0
2025-11-17 22:41:47,635 [WARN] PackLoader:240 - Cannot read IP mode file for STMicroelectronics.X-CUBE-TCPP.4.2.0
2025-11-17 22:41:47,660 [WARN] PackLoader:240 - Cannot read IP mode file for RealThread.X-CUBE-RT-Thread_Nano.4.1.1
2025-11-17 22:41:47,680 [WARN] PackLoader:240 - Cannot read IP mode file for STMicroelectronics.FP-ATR-SIGFOX1.3.2.0
2025-11-17 22:41:47,703 [WARN] PackLoader:240 - Cannot read IP mode file for ITTIA_DB.I-CUBE-ITTIADB.8.9.0
2025-11-17 22:41:47,724 [WARN] PackLoader:240 - Cannot read IP mode file for STMicroelectronics.X-CUBE-ST67W61.1.0.0
2025-11-17 22:41:47,739 [WARN] PackLoader:240 - Cannot read IP mode file for STMicroelectronics.X-CUBE-AI.10.2.0
2025-11-17 22:41:47,775 [WARN] PackLoader:240 - Cannot read IP mode file for SEGGER.I-CUBE-embOS.1.3.1
2025-11-17 22:41:47,842 [WARN] PackLoader:240 - Cannot read IP mode file for STMicroelectronics.X-CUBE-ALGOBUILD.1.4.0
2025-11-17 22:41:47,924 [WARN] PackLoader:240 - Cannot read IP mode file for STMicroelectronics.X-CUBE-MEMS1.11.3.0
2025-11-17 22:41:48,073 [WARN] PackLoader:240 - Cannot read IP mode file for STMicroelectronics.X-CUBE-PM33A1.1.0.0
2025-11-17 22:41:48,112 [WARN] PackLoader:240 - Cannot read IP mode file for STMicroelectronics.X-CUBE-AZRTOS-F4.1.1.0
2025-11-17 22:41:48,133 [WARN] PackLoader:240 - Cannot read IP mode file for STMicroelectronics.X-CUBE-ISPU.2.1.0
2025-11-17 22:41:48,161 [WARN] PackLoader:240 - Cannot read IP mode file for STMicroelectronics.X-CUBE-IPS.3.2.0
2025-11-17 22:41:48,188 [WARN] PackLoader:240 - Cannot read IP mode file for STMicroelectronics.X-CUBE-NFC12.1.0.0
2025-11-17 22:41:48,227 [WARN] PackLoader:240 - Cannot read IP mode file for STMicroelectronics.X-CUBE-AZRTOS-L5.2.0.0
2025-11-17 22:41:48,251 [WARN] PackLoader:240 - Cannot read IP mode file for STMicroelectronics.X-CUBE-NFC6.3.1.0
2025-11-17 22:41:48,274 [WARN] PackLoader:240 - Cannot read IP mode file for STMicroelectronics.X-CUBE-FREERTOS.1.3.1
2025-11-17 22:41:48,294 [WARN] PackLoader:240 - Cannot read IP mode file for STMicroelectronics.X-CUBE-TOUCHGFX.4.26.0
2025-11-17 22:41:48,314 [WARN] PackLoader:240 - Cannot read IP mode file for STMicroelectronics.FP-SNS-STAIOTCFT.1.0.0
2025-11-17 22:41:48,336 [WARN] PackLoader:240 - Cannot read IP mode file for STMicroelectronics.X-CUBE-DPower.1.3.0
2025-11-17 22:41:48,376 [WARN] ConditionMgr:438 - getConditionDescription Invalid condition id : LAN8742 Phy interface Condition cause : null
2025-11-17 22:41:48,376 [WARN] PackLoader:240 - Cannot read IP mode file for STMicroelectronics.X-CUBE-AZRTOS-L4.2.0.0
2025-11-17 22:41:48,377 [WARN] ConditionMgr:1044 - genDependencies : Invalid condition id : LAN8742 Phy interface Condition cause : null
2025-11-17 22:41:48,377 [WARN] ConditionMgr:1044 - genDependencies : Invalid condition id : LAN8742 Phy interface Condition cause : null
2025-11-17 22:41:48,377 [WARN] ConditionMgr:1044 - genDependencies : Invalid condition id : LAN8742 Phy interface Condition cause : null
2025-11-17 22:41:48,405 [WARN] PackLoader:240 - Cannot read IP mode file for STMicroelectronics.X-CUBE-SFXS2LP1.4.0.0
2025-11-17 22:41:48,432 [WARN] PackLoader:240 - Cannot read IP mode file for STMicroelectronics.X-CUBE-BLEMGR.4.1.0
2025-11-17 22:41:48,467 [WARN] ConditionMgr:438 - getConditionDescription Invalid condition id : UX DEVICE CLASS RTOS Condition cause : null
2025-11-17 22:41:48,467 [WARN] ConditionMgr:438 - getConditionDescription Invalid condition id : UX DEVICE CLASS RTOS Condition cause : null
2025-11-17 22:41:48,469 [WARN] PackLoader:240 - Cannot read IP mode file for STMicroelectronics.X-CUBE-AZRTOS-WB.2.0.0
2025-11-17 22:41:48,470 [WARN] ConditionMgr:1044 - genDependencies : Invalid condition id : UX DEVICE CLASS RTOS Condition cause : null
2025-11-17 22:41:48,470 [WARN] ConditionMgr:1044 - genDependencies : Invalid condition id : UX DEVICE CLASS RTOS Condition cause : null
2025-11-17 22:41:48,470 [WARN] ConditionMgr:1044 - genDependencies : Invalid condition id : UX DEVICE CLASS RTOS Condition cause : null
2025-11-17 22:41:48,471 [WARN] ConditionMgr:1044 - genDependencies : Invalid condition id : UX DEVICE CLASS RTOS Condition cause : null
2025-11-17 22:41:48,471 [WARN] ConditionMgr:1044 - genDependencies : Invalid condition id : UX DEVICE CLASS RTOS Condition cause : null
2025-11-17 22:41:48,488 [WARN] PackLoader:240 - Cannot read IP mode file for STMicroelectronics.X-CUBE-GNSS1.7.0.1
2025-11-17 22:41:48,506 [WARN] ConditionMgr:438 - getConditionDescription Invalid condition id : Cortex-A Device cause : null
2025-11-17 22:41:48,532 [WARN] ConditionMgr:1044 - genDependencies : Invalid condition id : Cortex-A Device cause : null
2025-11-17 22:41:48,533 [WARN] ConditionMgr:1044 - genDependencies : Invalid condition id : Cortex-A Device cause : null
2025-11-17 22:41:48,533 [WARN] ConditionMgr:1044 - genDependencies : Invalid condition id : Cortex-A Device cause : null
2025-11-17 22:41:48,559 [WARN] PackLoader:240 - Cannot read IP mode file for STMicroelectronics.X-CUBE-SUBG2.5.0.0
2025-11-17 22:41:48,622 [WARN] PackLoader:240 - Cannot read IP mode file for STMicroelectronics.X-CUBE-AZRTOS-H7RS.1.1.0
2025-11-17 22:41:48,690 [WARN] PackLoader:240 - Cannot read IP mode file for STMicroelectronics.X-CUBE-AZRTOS-G4.2.0.0
2025-11-17 22:41:48,717 [WARN] PackLoader:240 - Cannot read IP mode file for wolfSSL.I-CUBE-wolfSSH.1.4.20
2025-11-17 22:41:48,737 [WARN] PackLoader:240 - Cannot read IP mode file for STMicroelectronics.X-CUBE-NFC7.2.0.0
2025-11-17 22:41:48,781 [WARN] PackLoader:240 - Cannot read IP mode file for STMicroelectronics.X-CUBE-IPS.3.1.0
2025-11-17 22:41:48,835 [WARN] PackLoader:240 - Cannot read IP mode file for STMicroelectronics.X-CUBE-ALS.1.0.2
2025-11-17 22:41:48,912 [WARN] PackLoader:240 - Cannot read IP mode file for STMicroelectronics.X-CUBE-STSE01.1.0.0
2025-11-17 22:41:48,956 [WARN] PackLoader:240 - Cannot read IP mode file for STMicroelectronics.X-CUBE-TOF1.3.4.3
2025-11-17 22:41:48,968 [INFO] ThirdParty:978 - Integrity check success = true
2025-11-17 22:41:48,968 [INFO] IntegrityCheckThread:100 - exiting critical section [integrity check]
2025-11-17 22:41:48,968 [INFO] IntegrityCheckThread:103 - End integrity checks thread
2025-11-17 23:27:03,774 [ERROR] LogOutputStream:75 - [STDERR_REDIRECT] 
