2025-12-01 22:34:55,557 [INFO] Activator:176 - 


2025-12-01 22:34:55,563 [INFO] Activator:177 - !SESSION log4j initialized
2025-12-01 22:35:02,732 [INFO] LogOutputStream:77 - [STDOUT_REDIRECT] 
2025-12-01 22:35:04,129 [INFO] ApplicationProperties:184 - Using Application install path: C:\ST\STM32CubeIDE_1.19.0\STM32CubeIDE\plugins\com.st.stm32cube.common.mx_6.15.0.202507011659
2025-12-01 22:35:04,154 [INFO] DbMcusXml:78 - Set database path to: C:\ST\STM32CubeIDE_1.19.0\STM32CubeIDE\plugins\com.st.stm32cube.common.mx_6.15.0.202507011659\\db\/mcu/
2025-12-01 22:35:04,155 [INFO] ApiDb:274 - Set plugin database path to: C:\ST\STM32CubeIDE_1.19.0\STM32CubeIDE\plugins\com.st.stm32cube.common.mx_6.15.0.202507011659\\db\/plugins/boardmanager/
2025-12-01 22:35:04,156 [WARN] ApiDb:259 - Overriding images path with different value:  => C:\ST\STM32CubeIDE_1.19.0\STM32CubeIDE\plugins\com.st.stm32cube.common.mx_6.15.0.202507011659\\db\/plugins/mcufinder/images/
2025-12-01 22:35:04,174 [INFO] ApiDb:250 - Set database path to: C:\Users\ASUS\.stmcufinder\plugins\mcufinder//mcu/
2025-12-01 22:35:04,176 [INFO] DbMcusAds:125 - Set database path to: C:\Users\ASUS\.stmcufinder\plugins\mcufinder//mcu/
2025-12-01 22:35:04,179 [INFO] CrossReferenceDbSqlite:203 - Set database path to: C:\Users\ASUS\.stmcufinder\plugins\mcufinder//mcu/cs/
2025-12-01 22:35:04,375 [INFO] RulesReader:64 - Compatibility file has been processed (317 Rules)
2025-12-01 22:35:04,482 [INFO] DbMcusXml:78 - Set database path to: C:\ST\STM32CubeIDE_1.19.0\STM32CubeIDE\plugins\com.st.stm32cube.common.mx_6.15.0.202507011659\\db\/mcu/
2025-12-01 22:35:04,483 [INFO] ApiDb:274 - Set plugin database path to: C:\ST\STM32CubeIDE_1.19.0\STM32CubeIDE\plugins\com.st.stm32cube.common.mx_6.15.0.202507011659\\db\/plugins/boardmanager/
2025-12-01 22:35:04,483 [INFO] ApiDb:261 - Set plugin images path to: C:\ST\STM32CubeIDE_1.19.0\STM32CubeIDE\plugins\com.st.stm32cube.common.mx_6.15.0.202507011659\\db\/plugins/mcufinder/images/
2025-12-01 22:35:04,483 [WARN] DbFile:41 - Overriding database path with different value: C:\Users\ASUS\.stmcufinder\plugins\mcufinder/ => C:\Users\ASUS\.stmcufinder\plugins\mcufinder
2025-12-01 22:35:04,483 [INFO] ApiDb:250 - Set database path to: C:\Users\ASUS\.stmcufinder\plugins\mcufinder//mcu/
2025-12-01 22:35:04,483 [WARN] DbFile:41 - Overriding database path with different value: C:\Users\ASUS\.stmcufinder\plugins\mcufinder/ => C:\Users\ASUS\.stmcufinder\plugins\mcufinder
2025-12-01 22:35:04,483 [INFO] DbMcusAds:125 - Set database path to: C:\Users\ASUS\.stmcufinder\plugins\mcufinder//mcu/
2025-12-01 22:35:04,483 [WARN] DbFile:41 - Overriding database path with different value: C:\Users\ASUS\.stmcufinder\plugins\mcufinder/ => C:\Users\ASUS\.stmcufinder\plugins\mcufinder
2025-12-01 22:35:04,483 [WARN] DbFile:41 - Overriding database path with different value: C:\Users\ASUS\.stmcufinder\plugins\mcufinder/ => C:\Users\ASUS\.stmcufinder\plugins\mcufinder
2025-12-01 22:35:04,484 [INFO] CrossReferenceDbSqlite:203 - Set database path to: C:\Users\ASUS\.stmcufinder\plugins\mcufinder//mcu/cs/
2025-12-01 22:35:04,588 [INFO] MainPanel:274 - HeapMemory: 268435456
2025-12-01 22:35:04,720 [INFO] DbMcusXml:78 - Set database path to: C:\ST\STM32CubeIDE_1.19.0\STM32CubeIDE\plugins\com.st.stm32cube.common.mx_6.15.0.202507011659\\db\/mcu/
2025-12-01 22:35:04,720 [INFO] ApiDb:274 - Set plugin database path to: C:\ST\STM32CubeIDE_1.19.0\STM32CubeIDE\plugins\com.st.stm32cube.common.mx_6.15.0.202507011659\\db\/plugins/boardmanager/
2025-12-01 22:35:04,720 [INFO] ApiDb:261 - Set plugin images path to: C:\ST\STM32CubeIDE_1.19.0\STM32CubeIDE\plugins\com.st.stm32cube.common.mx_6.15.0.202507011659\\db\/plugins/mcufinder/images/
2025-12-01 22:35:04,721 [WARN] DbFile:41 - Overriding database path with different value: C:\Users\ASUS\.stmcufinder\plugins\mcufinder/ => C:\Users\ASUS\.stmcufinder\plugins\mcufinder
2025-12-01 22:35:04,721 [INFO] ApiDb:250 - Set database path to: C:\Users\ASUS\.stmcufinder\plugins\mcufinder//mcu/
2025-12-01 22:35:04,721 [WARN] DbFile:41 - Overriding database path with different value: C:\Users\ASUS\.stmcufinder\plugins\mcufinder/ => C:\Users\ASUS\.stmcufinder\plugins\mcufinder
2025-12-01 22:35:04,721 [INFO] DbMcusAds:125 - Set database path to: C:\Users\ASUS\.stmcufinder\plugins\mcufinder//mcu/
2025-12-01 22:35:04,721 [WARN] DbFile:41 - Overriding database path with different value: C:\Users\ASUS\.stmcufinder\plugins\mcufinder/ => C:\Users\ASUS\.stmcufinder\plugins\mcufinder
2025-12-01 22:35:04,721 [WARN] DbFile:41 - Overriding database path with different value: C:\Users\ASUS\.stmcufinder\plugins\mcufinder/ => C:\Users\ASUS\.stmcufinder\plugins\mcufinder
2025-12-01 22:35:04,721 [INFO] CrossReferenceDbSqlite:203 - Set database path to: C:\Users\ASUS\.stmcufinder\plugins\mcufinder//mcu/cs/
2025-12-01 22:35:04,743 [INFO] ApplicationProperties:184 - Using Application install path: C:\ST\STM32CubeIDE_1.19.0\STM32CubeIDE\plugins\com.st.stm32cube.common.mx_6.15.0.202507011659
2025-12-01 22:35:04,745 [INFO] PluginManage:196 - Search for loadable plugins [exclusion list=, ]
2025-12-01 22:35:04,746 [INFO] PluginManage:310 - Check plugin analytics
2025-12-01 22:35:04,950 [INFO] AnalyticsPlugin:253 - Accepted Software Licenses: STM32CubeMX.6.12.1
2025-12-01 22:35:04,951 [INFO] AnalyticsPlugin:255 - Accepted CMSIS Pack Licenses: 
2025-12-01 22:35:04,951 [INFO] AnalyticsPlugin:257 - Accepted Firmware Licenses: 
2025-12-01 22:35:04,955 [INFO] PluginManage:359 - Loaded plugin analytics (category:tool,tabindex:-1)
2025-12-01 22:35:04,955 [INFO] PluginManage:310 - Check plugin cadmodel
2025-12-01 22:35:04,975 [INFO] CADModel:105 - Init CAD model plugin
2025-12-01 22:35:04,975 [INFO] PluginManage:359 - Loaded plugin cadmodel (category:power,tabindex:5)
2025-12-01 22:35:04,975 [INFO] PluginManage:310 - Check plugin clock
2025-12-01 22:35:04,997 [INFO] PluginManage:359 - Loaded plugin clock (category:base,tabindex:2)
2025-12-01 22:35:04,998 [INFO] PluginManage:310 - Check plugin ddr
2025-12-01 22:35:05,001 [INFO] PluginManage:359 - Loaded plugin ddr (category:tool,tabindex:6)
2025-12-01 22:35:05,001 [INFO] PluginManage:310 - Check plugin filemanager
2025-12-01 22:35:05,227 [INFO] PluginManage:359 - Loaded plugin filemanager (category:base,tabindex:10)
2025-12-01 22:35:05,227 [INFO] PluginManage:310 - Check plugin ipmanager
2025-12-01 22:35:05,244 [INFO] PluginManage:359 - Loaded plugin ipmanager (category:base,tabindex:5)
2025-12-01 22:35:05,245 [INFO] PluginManage:310 - Check plugin lpbam
2025-12-01 22:35:05,285 [INFO] PluginManage:359 - Loaded plugin lpbam (category:base,tabindex:0)
2025-12-01 22:35:05,286 [INFO] PluginManage:310 - Check plugin memorymap
2025-12-01 22:35:05,329 [INFO] PluginManage:359 - Loaded plugin memorymap (category:base,tabindex:4)
2025-12-01 22:35:05,329 [INFO] PluginManage:310 - Check plugin pinoutandconfiguration
2025-12-01 22:35:05,356 [INFO] PluginManage:359 - Loaded plugin pinoutandconfiguration (category:base,tabindex:1)
2025-12-01 22:35:05,357 [INFO] PluginManage:310 - Check plugin pinoutconfig
2025-12-01 22:35:05,473 [WARN] SupportedApi:132 - Cannot load RTOS API schema: s4s-elt-must-match.1: The content of 'definitions' must match (annotation?, (simpleType | complexType)?, (unique | key | keyref)*)). A problem was found starting at: attribute.
2025-12-01 22:35:05,619 [INFO] PluginManage:359 - Loaded plugin pinoutconfig (category:base,tabindex:0)
2025-12-01 22:35:05,619 [INFO] PluginManage:310 - Check plugin power
2025-12-01 22:35:05,644 [INFO] PluginManage:359 - Loaded plugin power (category:power,tabindex:4)
2025-12-01 22:35:05,644 [INFO] PluginManage:310 - Check plugin projectmanager
2025-12-01 22:35:05,665 [INFO] PluginManage:359 - Loaded plugin projectmanager (category:projectmanager,tabindex:4)
2025-12-01 22:35:05,665 [INFO] PluginManage:310 - Check plugin rif
2025-12-01 22:35:05,687 [INFO] PluginManage:359 - Loaded plugin rif (category:base,tabindex:3)
2025-12-01 22:35:05,687 [INFO] PluginManage:310 - Check plugin thirdparty
2025-12-01 22:35:06,052 [INFO] PluginManage:359 - Loaded plugin thirdparty (category:base,tabindex:-1)
2025-12-01 22:35:06,052 [WARN] IntegrityCheckThread:84 - waiting for thirdparty lock release [integrity check]
2025-12-01 22:35:06,053 [INFO] IntegrityCheckThread:86 - entering critical section [integrity check]
2025-12-01 22:35:06,053 [INFO] PluginManage:310 - Check plugin tools
2025-12-01 22:35:06,053 [INFO] ThirdPartyUpdaterWithRetryManager:70 - Updater plugin not ready yet. [1/15]
2025-12-01 22:35:06,105 [INFO] PluginManage:359 - Loaded plugin tools (category:base,tabindex:7)
2025-12-01 22:35:06,106 [INFO] PluginManage:310 - Check plugin tutovideos
2025-12-01 22:35:06,436 [INFO] PluginManage:359 - Loaded plugin tutovideos (category:base,tabindex:-1)
2025-12-01 22:35:06,436 [INFO] PluginManage:310 - Check plugin updater
2025-12-01 22:35:06,462 [INFO] PluginManage:359 - Loaded plugin updater (category:base,tabindex:12)
2025-12-01 22:35:06,462 [INFO] PluginManage:310 - Check plugin userauth
2025-12-01 22:35:06,468 [INFO] UserAuth:118 - Init User Auth plugin
2025-12-01 22:35:06,469 [INFO] PluginManage:359 - Loaded plugin userauth (category:base,tabindex:14)
2025-12-01 22:35:06,469 [INFO] PluginManage:283 - PluginManage : Loaded plugins [18]
2025-12-01 22:35:06,753 [INFO] PinOutPanel:1589 - setPackage(No Configuration,No Configuration)
2025-12-01 22:35:06,882 [INFO] CADModel:165 - CPN selected for project level
2025-12-01 22:35:06,882 [INFO] CADModel:114 - Register for checkConnection events
2025-12-01 22:35:06,926 [INFO] IPUIPlugin:80 - create IPUIPlugin
2025-12-01 22:35:06,927 [INFO] PluginManager:220 - loadIPPluginJar : add adc
2025-12-01 22:35:06,999 [INFO] IPUIPlugin:80 - create IPUIPlugin
2025-12-01 22:35:07,000 [INFO] PluginManager:220 - loadIPPluginJar : add aes
2025-12-01 22:35:07,095 [INFO] IPUIPlugin:80 - create IPUIPlugin
2025-12-01 22:35:07,096 [INFO] PluginManager:220 - loadIPPluginJar : add can
2025-12-01 22:35:07,145 [INFO] IPUIPlugin:80 - create IPUIPlugin
2025-12-01 22:35:07,146 [INFO] PluginManager:220 - loadIPPluginJar : add comp
2025-12-01 22:35:07,200 [INFO] IPUIPlugin:80 - create IPUIPlugin
2025-12-01 22:35:07,200 [INFO] PluginManager:220 - loadIPPluginJar : add cryp
2025-12-01 22:35:07,215 [INFO] IPUIPlugin:80 - create IPUIPlugin
2025-12-01 22:35:07,215 [INFO] PluginManager:220 - loadIPPluginJar : add ddr_ctrl_phy
2025-12-01 22:35:07,257 [INFO] IPUIPlugin:80 - create IPUIPlugin
2025-12-01 22:35:07,257 [INFO] PluginManager:220 - loadIPPluginJar : add dfsdm
2025-12-01 22:35:07,274 [INFO] IPUIPlugin:80 - create IPUIPlugin
2025-12-01 22:35:07,274 [INFO] PluginManager:220 - loadIPPluginJar : add dma
2025-12-01 22:35:07,329 [INFO] IPUIPlugin:80 - create IPUIPlugin
2025-12-01 22:35:07,329 [INFO] PluginManager:220 - loadIPPluginJar : add dma3
2025-12-01 22:35:07,387 [INFO] IPUIPlugin:80 - create IPUIPlugin
2025-12-01 22:35:07,387 [INFO] PluginManager:220 - loadIPPluginJar : add extmemmanager
2025-12-01 22:35:07,426 [INFO] IPUIPlugin:80 - create IPUIPlugin
2025-12-01 22:35:07,426 [INFO] PluginManager:220 - loadIPPluginJar : add fatfs
2025-12-01 22:35:07,527 [INFO] IPUIPlugin:80 - create IPUIPlugin
2025-12-01 22:35:07,528 [INFO] PluginManager:220 - loadIPPluginJar : add fmc
2025-12-01 22:35:07,586 [INFO] IPUIPlugin:80 - create IPUIPlugin
2025-12-01 22:35:07,586 [INFO] PluginManager:220 - loadIPPluginJar : add freertos
2025-12-01 22:35:07,643 [INFO] IPUIPlugin:80 - create IPUIPlugin
2025-12-01 22:35:07,644 [INFO] PluginManager:220 - loadIPPluginJar : add genericplugin
2025-12-01 22:35:07,867 [INFO] IPUIPlugin:80 - create IPUIPlugin
2025-12-01 22:35:07,867 [INFO] PluginManager:220 - loadIPPluginJar : add gfxmmu
2025-12-01 22:35:08,171 [INFO] IPUIPlugin:80 - create IPUIPlugin
2025-12-01 22:35:08,171 [INFO] PluginManager:220 - loadIPPluginJar : add gic
2025-12-01 22:35:08,191 [INFO] IPUIPlugin:80 - create IPUIPlugin
2025-12-01 22:35:08,191 [INFO] PluginManager:220 - loadIPPluginJar : add gpio
2025-12-01 22:35:08,358 [INFO] IPUIPlugin:80 - create IPUIPlugin
2025-12-01 22:35:08,358 [INFO] PluginManager:220 - loadIPPluginJar : add gtzc
2025-12-01 22:35:08,416 [INFO] IPUIPlugin:80 - create IPUIPlugin
2025-12-01 22:35:08,416 [INFO] PluginManager:220 - loadIPPluginJar : add hash
2025-12-01 22:35:08,521 [INFO] IPUIPlugin:80 - create IPUIPlugin
2025-12-01 22:35:08,521 [INFO] PluginManager:220 - loadIPPluginJar : add i2c
2025-12-01 22:35:08,643 [INFO] IPUIPlugin:80 - create IPUIPlugin
2025-12-01 22:35:08,643 [INFO] PluginManager:220 - loadIPPluginJar : add i2s
2025-12-01 22:35:08,754 [INFO] IPUIPlugin:80 - create IPUIPlugin
2025-12-01 22:35:08,754 [INFO] PluginManager:220 - loadIPPluginJar : add i3c
2025-12-01 22:35:09,030 [INFO] IPUIPlugin:80 - create IPUIPlugin
2025-12-01 22:35:09,031 [INFO] PluginManager:220 - loadIPPluginJar : add ipddr
2025-12-01 22:35:09,053 [INFO] ThirdPartyUpdaterWithRetryManager:70 - Updater plugin not ready yet. [2/15]
2025-12-01 22:35:09,223 [INFO] IPUIPlugin:80 - create IPUIPlugin
2025-12-01 22:35:09,224 [INFO] PluginManager:220 - loadIPPluginJar : add linkedlist
2025-12-01 22:35:09,296 [INFO] IPUIPlugin:80 - create IPUIPlugin
2025-12-01 22:35:09,296 [INFO] PluginManager:220 - loadIPPluginJar : add lorawan
2025-12-01 22:35:09,381 [INFO] IPUIPlugin:80 - create IPUIPlugin
2025-12-01 22:35:09,381 [INFO] PluginManager:220 - loadIPPluginJar : add ltdc
2025-12-01 22:35:09,412 [INFO] IPUIPlugin:80 - create IPUIPlugin
2025-12-01 22:35:09,412 [INFO] PluginManager:220 - loadIPPluginJar : add mdma
2025-12-01 22:35:09,436 [INFO] IPUIPlugin:80 - create IPUIPlugin
2025-12-01 22:35:09,437 [INFO] PluginManager:220 - loadIPPluginJar : add nvic
2025-12-01 22:35:09,528 [INFO] IPUIPlugin:80 - create IPUIPlugin
2025-12-01 22:35:09,528 [INFO] PluginManager:220 - loadIPPluginJar : add opamp
2025-12-01 22:35:09,670 [INFO] IPUIPlugin:80 - create IPUIPlugin
2025-12-01 22:35:09,671 [INFO] PluginManager:220 - loadIPPluginJar : add openamp
2025-12-01 22:35:09,784 [INFO] IPUIPlugin:80 - create IPUIPlugin
2025-12-01 22:35:09,784 [INFO] PluginManager:220 - loadIPPluginJar : add pdm2pcm
2025-12-01 22:35:09,815 [INFO] IPUIPlugin:80 - create IPUIPlugin
2025-12-01 22:35:09,818 [INFO] PluginManager:220 - loadIPPluginJar : add plateformsettings
2025-12-01 22:35:09,874 [INFO] IPUIPlugin:80 - create IPUIPlugin
2025-12-01 22:35:09,875 [INFO] PluginManager:220 - loadIPPluginJar : add quadspi
2025-12-01 22:35:09,936 [INFO] IPUIPlugin:80 - create IPUIPlugin
2025-12-01 22:35:09,936 [INFO] PluginManager:220 - loadIPPluginJar : add radio
2025-12-01 22:35:09,954 [INFO] IPUIPlugin:80 - create IPUIPlugin
2025-12-01 22:35:09,954 [INFO] PluginManager:220 - loadIPPluginJar : add resmgrutility
2025-12-01 22:35:10,026 [INFO] IPUIPlugin:80 - create IPUIPlugin
2025-12-01 22:35:10,026 [INFO] PluginManager:220 - loadIPPluginJar : add sai
2025-12-01 22:35:10,087 [INFO] IPUIPlugin:80 - create IPUIPlugin
2025-12-01 22:35:10,087 [INFO] PluginManager:220 - loadIPPluginJar : add spi
2025-12-01 22:35:10,218 [INFO] IPUIPlugin:80 - create IPUIPlugin
2025-12-01 22:35:10,218 [INFO] PluginManager:220 - loadIPPluginJar : add stm32_wpan
2025-12-01 22:35:10,277 [INFO] IPUIPlugin:80 - create IPUIPlugin
2025-12-01 22:35:10,277 [INFO] PluginManager:220 - loadIPPluginJar : add tim
2025-12-01 22:35:10,483 [INFO] IPUIPlugin:80 - create IPUIPlugin
2025-12-01 22:35:10,484 [INFO] PluginManager:220 - loadIPPluginJar : add touchsensing
2025-12-01 22:35:10,541 [INFO] IPUIPlugin:80 - create IPUIPlugin
2025-12-01 22:35:10,541 [INFO] PluginManager:220 - loadIPPluginJar : add tracer_emb
2025-12-01 22:35:10,599 [INFO] IPUIPlugin:80 - create IPUIPlugin
2025-12-01 22:35:10,599 [INFO] PluginManager:220 - loadIPPluginJar : add ts
2025-12-01 22:35:10,644 [INFO] IPUIPlugin:80 - create IPUIPlugin
2025-12-01 22:35:10,644 [INFO] PluginManager:220 - loadIPPluginJar : add tsc
2025-12-01 22:35:10,686 [INFO] IPUIPlugin:80 - create IPUIPlugin
2025-12-01 22:35:10,686 [INFO] PluginManager:220 - loadIPPluginJar : add ucpd
2025-12-01 22:35:10,766 [INFO] IPUIPlugin:80 - create IPUIPlugin
2025-12-01 22:35:10,766 [INFO] PluginManager:220 - loadIPPluginJar : add usart
2025-12-01 22:35:10,847 [INFO] IPUIPlugin:80 - create IPUIPlugin
2025-12-01 22:35:10,847 [INFO] PluginManager:220 - loadIPPluginJar : add usbx
2025-12-01 22:35:11,016 [FATAL] Updater:351 - Updater called before beeing initialized
2025-12-01 22:35:11,075 [INFO] RulesReader:64 - Compatibility file has been processed (317 Rules)
2025-12-01 22:35:11,094 [INFO] RulesReader:64 - Compatibility file has been processed (317 Rules)
2025-12-01 22:35:11,119 [INFO] CADModel:165 - CPN selected for project level
2025-12-01 22:35:11,120 [INFO] CADModel:114 - Register for checkConnection events
2025-12-01 22:35:11,121 [FATAL] Updater:351 - Updater called before beeing initialized
2025-12-01 22:35:11,121 [ERROR] CADModel:125 - Updater not yet initialized, retry later 
2025-12-01 22:35:11,884 [FATAL] Updater:351 - Updater called before beeing initialized
2025-12-01 22:35:11,887 [INFO] CADModel:165 - CPN selected for project level
2025-12-01 22:35:11,887 [INFO] CADModel:114 - Register for checkConnection events
2025-12-01 22:35:11,887 [FATAL] Updater:351 - Updater called before beeing initialized
2025-12-01 22:35:11,888 [ERROR] CADModel:125 - Updater not yet initialized, retry later 
2025-12-01 22:35:11,905 [FATAL] Updater:351 - Updater called before beeing initialized
2025-12-01 22:35:12,093 [INFO] ThirdPartyUpdaterWithRetryManager:70 - Updater plugin not ready yet. [3/15]
2025-12-01 22:35:12,368 [FATAL] Updater:351 - Updater called before beeing initialized
2025-12-01 22:35:12,399 [INFO] DbMcusAds:53 - JSON generation date=Thu Oct 02 16:36:05 ICT 2025 (1759397765645)
2025-12-01 22:35:12,399 [FATAL] Updater:351 - Updater called before beeing initialized
2025-12-01 22:35:12,472 [WARN] DetailPanel:346 - Failed to get advertising image, set to default
2025-12-01 22:35:12,602 [FATAL] Updater:351 - Updater called before beeing initialized
2025-12-01 22:35:12,605 [FATAL] Updater:351 - Updater called before beeing initialized
2025-12-01 22:35:12,605 [FATAL] Updater:351 - Updater called before beeing initialized
2025-12-01 22:35:12,605 [WARN] DetailPanel:346 - Failed to get advertising image, set to default
2025-12-01 22:35:12,606 [FATAL] Updater:351 - Updater called before beeing initialized
2025-12-01 22:35:12,682 [ERROR] Updater:1198 - MainUpdater not yet initialized. External WinMGr cannot be set.
2025-12-01 22:35:12,695 [INFO] Updater:1134 - Updater Version found : 6.15.0
2025-12-01 22:35:12,720 [INFO] ApplicationProperties:184 - Using Application install path: C:\ST\STM32CubeIDE_1.19.0\STM32CubeIDE\plugins\com.st.stm32cube.common.mx_6.15.0.202507011659
2025-12-01 22:35:14,313 [ERROR] LogOutputStream:75 - [STDERR_REDIRECT] Dec 01, 2025 10:35:14 PM java.util.prefs.WindowsPreferences <init>
2025-12-01 22:35:14,315 [ERROR] LogOutputStream:75 - [STDERR_REDIRECT] WARNING: Could not open/create prefs root node Software\JavaSoft\Prefs at root 0xffffffff80000002. Windows RegCreateKeyEx(...) returned error code 5.
2025-12-01 22:35:14,315 [ERROR] LogOutputStream:75 - [STDERR_REDIRECT] 
2025-12-01 22:35:14,892 [INFO] MainUpdater:2872 - connection check result : 10
2025-12-01 22:35:14,894 [INFO] MainUpdater:289 - Updater Check For Update Now.
2025-12-01 22:35:14,894 [INFO] MicroXplorer:498 - Change Database Version : DB.6.0.150
2025-12-01 22:35:14,999 [INFO] McuFinderGlobals:63 - Set McuFinder mode to 2 (CubeIDE integrated)
2025-12-01 22:35:15,012 [INFO] UserAuth:171 - activating auth plugin
2025-12-01 22:35:15,054 [INFO] UserAuth:487 - Internet connection configuration mode: 1
2025-12-01 22:35:15,108 [WARN] MainUpdater:1193 - Updater busy. Cannot search thirdparties
2025-12-01 22:35:15,109 [INFO] ThirdPartyUpdaterWithRetryManager:96 - Updater plugin is busy. [1/15]
2025-12-01 22:35:15,173 [INFO] JxBrowserEngine:152 - Initiate JxBrowser Engine with user profile folder
2025-12-01 22:35:15,413 [INFO] CheckServerUpdateThread:120 - End of CheckServer Thread
2025-12-01 22:35:18,112 [INFO] WebApp:169 - Instantiating new browser for Auth
2025-12-01 22:35:18,983 [WARN] PackLoader:240 - Cannot read IP mode file for STMicroelectronics.FP-SNS-MOTENVWB1.1.4.0
2025-12-01 22:35:19,040 [WARN] PackLoader:240 - Cannot read IP mode file for STMicroelectronics.FP-ATR-ASTRA1.2.0.2
2025-12-01 22:35:19,080 [WARN] PackLoader:240 - Cannot read IP mode file for STMicroelectronics.X-CUBE-SMBUS.2.1.0
2025-12-01 22:35:19,128 [WARN] PackLoader:240 - Cannot read IP mode file for STMicroelectronics.X-CUBE-ST60.1.0.0
2025-12-01 22:35:19,335 [WARN] PackLoader:240 - Cannot read IP mode file for STMicroelectronics.X-CUBE-AZRTOS-F7.1.1.0
2025-12-01 22:35:19,385 [WARN] PackLoader:240 - Cannot read IP mode file for Cesanta.I-CUBE-Mongoose.7.19.0
2025-12-01 22:35:19,435 [WARN] PackLoader:240 - Cannot read IP mode file for STMicroelectronics.FP-SNS-MOTENV1.5.1.0
2025-12-01 22:35:19,486 [WARN] PackLoader:240 - Cannot read IP mode file for WES.I-CUBE-Cesium.1.4.0
2025-12-01 22:35:19,558 [WARN] PackLoader:240 - Cannot read IP mode file for Infineon.AIROC-Wi-Fi-Bluetooth-STM32.1.7.1
2025-12-01 22:35:19,638 [WARN] PackLoader:240 - Cannot read IP mode file for STMicroelectronics.X-CUBE-AZRTOS-H7.3.4.0
2025-12-01 22:35:19,702 [WARN] PackLoader:240 - Cannot read IP mode file for STMicroelectronics.X-CUBE-DISPLAY.3.0.0
2025-12-01 22:35:19,888 [WARN] PackLoader:240 - Cannot read IP mode file for STMicroelectronics.X-CUBE-NFC10.1.0.0
2025-12-01 22:35:19,935 [WARN] PackLoader:240 - Cannot read IP mode file for STMicroelectronics.X-CUBE-ST60.1.1.0
2025-12-01 22:35:19,987 [INFO] WebApp:463 - Apply proxy settings
2025-12-01 22:35:19,987 [INFO] WebApp:548 - Chromium requires no authentication
2025-12-01 22:35:19,988 [WARN] PackLoader:240 - Cannot read IP mode file for emotas.I-CUBE-CANOPEN.1.3.0
2025-12-01 22:35:20,016 [INFO] WebApp:491 - Direct internet connection detected
2025-12-01 22:35:20,026 [WARN] PackLoader:240 - Cannot read IP mode file for STMicroelectronics.X-CUBE-GNSS1.7.1.0
2025-12-01 22:35:20,074 [WARN] PackLoader:240 - Cannot read IP mode file for STMicroelectronics.FP-SNS-STBOX1.2.1.0
2025-12-01 22:35:20,086 [INFO] WebApp:900 - Register for checkConnection events
2025-12-01 22:35:20,087 [INFO] WebApp:463 - Apply proxy settings
2025-12-01 22:35:20,087 [INFO] WebApp:548 - Chromium requires no authentication
2025-12-01 22:35:20,087 [INFO] WebApp:491 - Direct internet connection detected
2025-12-01 22:35:20,115 [WARN] PackLoader:240 - Cannot read IP mode file for STMicroelectronics.FP-SNS-SMARTAG2.1.2.0
2025-12-01 22:35:20,144 [WARN] PackLoader:240 - Cannot read IP mode file for STMicroelectronics.FP-SNS-FLIGHT1.5.1.0
2025-12-01 22:35:20,187 [INFO] LogOutputStream:77 - [STDOUT_REDIRECT] 1 : Invalid condition id : UX_CORESTACK_Condition cause : null
2025-12-01 22:35:20,188 [INFO] LogOutputStream:77 - [STDOUT_REDIRECT] 1 : Invalid condition id : UX_CORESTACK_Condition cause : null
2025-12-01 22:35:20,190 [INFO] LogOutputStream:77 - [STDOUT_REDIRECT] 1 : Invalid condition id : UX_CORESTACK_Condition cause : null
2025-12-01 22:35:20,190 [INFO] LogOutputStream:77 - [STDOUT_REDIRECT] 1 : Invalid condition id : UX_CORESTACK_Condition cause : null
2025-12-01 22:35:20,194 [INFO] LogOutputStream:77 - [STDOUT_REDIRECT] 1 : Invalid condition id : UX_CORESTACK_Condition cause : null
2025-12-01 22:35:20,201 [WARN] PackLoader:240 - Cannot read IP mode file for STMicroelectronics.X-CUBE-AZRTOS-WL.2.0.0
2025-12-01 22:35:20,287 [WARN] PackLoader:240 - Cannot read IP mode file for STMicroelectronics.FP-SNS-MOTENV1.5.0.0
2025-12-01 22:35:20,461 [WARN] PackLoader:240 - Cannot read IP mode file for STMicroelectronics.X-CUBE-AZRTOS-H7RS.1.2.0
2025-12-01 22:35:20,552 [INFO] WebApp:191 - Connection restablished
2025-12-01 22:35:20,721 [WARN] PackLoader:240 - Cannot read IP mode file for STMicroelectronics.X-CUBE-BLE2.3.3.0
2025-12-01 22:35:21,080 [WARN] PackLoader:240 - Cannot read IP mode file for STMicroelectronics.X-CUBE-NFC9.1.0.0
2025-12-01 22:35:21,164 [WARN] PackLoader:240 - Cannot read IP mode file for wolfSSL.I-CUBE-wolfSSL.5.8.2
2025-12-01 22:35:21,223 [INFO] WebApp:225 - Starting web application
2025-12-01 22:35:21,224 [INFO] WebApp:593 - Web application path used C:\ST\STM32CubeIDE_1.19.0\STM32CubeIDE\plugins\com.st.stm32cube.common.mx_6.15.0.202507011659\db\plugins\mcufinder\reactClient1\index.html
2025-12-01 22:35:21,224 [WARN] PackLoader:240 - Cannot read IP mode file for STMicroelectronics.X-CUBE-BLE1.7.1.0
2025-12-01 22:35:21,295 [WARN] PackLoader:240 - Cannot read IP mode file for wolfSSL.I-CUBE-wolfMQTT.1.19.2
2025-12-01 22:35:21,344 [WARN] PackLoader:240 - Cannot read IP mode file for STMicroelectronics.X-CUBE-FREERTOS.1.4.0
2025-12-01 22:35:21,385 [WARN] PackLoader:240 - Cannot read IP mode file for STMicroelectronics.X-CUBE-EEPRMA1.5.2.0
2025-12-01 22:35:21,415 [WARN] PackLoader:240 - Cannot read IP mode file for STMicroelectronics.X-CUBE-ST67W61.1.1.0
2025-12-01 22:35:21,561 [WARN] PackLoader:240 - Cannot read IP mode file for STMicroelectronics.X-CUBE-MEMS1.12.0.0
2025-12-01 22:35:21,960 [WARN] PackLoader:240 - Cannot read IP mode file for STMicroelectronics.X-CUBE-AZRTOS-G0.1.1.0
2025-12-01 22:35:22,010 [WARN] PackLoader:240 - Cannot read IP mode file for STMicroelectronics.X-CUBE-SAFEA1.1.2.2
2025-12-01 22:35:22,050 [WARN] PackLoader:240 - Cannot read IP mode file for STMicroelectronics.X-CUBE-NFC4.3.0.0
2025-12-01 22:35:22,093 [WARN] PackLoader:240 - Cannot read IP mode file for EmbeddedOffice.I-CUBE-FS-RTOS.1.0.1
2025-12-01 22:35:22,142 [WARN] PackLoader:240 - Cannot read IP mode file for STMicroelectronics.X-CUBE-WB05N.2.0.0
2025-12-01 22:35:22,175 [WARN] PackLoader:240 - Cannot read IP mode file for wolfSSL.I-CUBE-wolfTPM.3.8.0
2025-12-01 22:35:22,216 [WARN] PackLoader:240 - Cannot read IP mode file for STMicroelectronics.X-CUBE-TCPP.4.2.0
2025-12-01 22:35:22,258 [WARN] PackLoader:240 - Cannot read IP mode file for RealThread.X-CUBE-RT-Thread_Nano.4.1.1
2025-12-01 22:35:22,297 [WARN] PackLoader:240 - Cannot read IP mode file for STMicroelectronics.FP-ATR-SIGFOX1.3.2.0
2025-12-01 22:35:22,378 [WARN] PackLoader:240 - Cannot read IP mode file for ITTIA_DB.I-CUBE-ITTIADB.8.9.0
2025-12-01 22:35:22,426 [WARN] PackLoader:240 - Cannot read IP mode file for STMicroelectronics.X-CUBE-ST67W61.1.0.0
2025-12-01 22:35:22,475 [WARN] PackLoader:240 - Cannot read IP mode file for STMicroelectronics.X-CUBE-AI.10.2.0
2025-12-01 22:35:22,583 [WARN] PackLoader:240 - Cannot read IP mode file for SEGGER.I-CUBE-embOS.1.3.1
2025-12-01 22:35:22,754 [WARN] PackLoader:240 - Cannot read IP mode file for STMicroelectronics.X-CUBE-ALGOBUILD.1.4.0
2025-12-01 22:35:23,036 [WARN] PackLoader:240 - Cannot read IP mode file for STMicroelectronics.X-CUBE-MEMS1.11.3.0
2025-12-01 22:35:23,461 [WARN] PackLoader:240 - Cannot read IP mode file for STMicroelectronics.X-CUBE-PM33A1.1.0.0
2025-12-01 22:35:23,568 [WARN] PackLoader:240 - Cannot read IP mode file for STMicroelectronics.X-CUBE-AZRTOS-F4.1.1.0
2025-12-01 22:35:23,642 [WARN] PackLoader:240 - Cannot read IP mode file for STMicroelectronics.X-CUBE-ISPU.2.1.0
2025-12-01 22:35:23,767 [WARN] PackLoader:240 - Cannot read IP mode file for STMicroelectronics.X-CUBE-IPS.3.2.0
2025-12-01 22:35:23,899 [WARN] PackLoader:240 - Cannot read IP mode file for STMicroelectronics.X-CUBE-NFC12.1.0.0
2025-12-01 22:35:24,003 [WARN] PackLoader:240 - Cannot read IP mode file for STMicroelectronics.X-CUBE-AZRTOS-L5.2.0.0
2025-12-01 22:35:24,063 [WARN] PackLoader:240 - Cannot read IP mode file for STMicroelectronics.X-CUBE-NFC6.3.1.0
2025-12-01 22:35:24,102 [WARN] PackLoader:240 - Cannot read IP mode file for STMicroelectronics.X-CUBE-FREERTOS.1.3.1
2025-12-01 22:35:24,140 [WARN] PackLoader:240 - Cannot read IP mode file for STMicroelectronics.X-CUBE-TOUCHGFX.4.26.0
2025-12-01 22:35:24,159 [WARN] PackLoader:240 - Cannot read IP mode file for STMicroelectronics.FP-SNS-STAIOTCFT.1.0.0
2025-12-01 22:35:24,206 [WARN] PackLoader:240 - Cannot read IP mode file for STMicroelectronics.X-CUBE-DPower.1.3.0
2025-12-01 22:35:24,351 [WARN] ConditionMgr:438 - getConditionDescription Invalid condition id : LAN8742 Phy interface Condition cause : null
2025-12-01 22:35:24,352 [WARN] PackLoader:240 - Cannot read IP mode file for STMicroelectronics.X-CUBE-AZRTOS-L4.2.0.0
2025-12-01 22:35:24,361 [WARN] ConditionMgr:1044 - genDependencies : Invalid condition id : LAN8742 Phy interface Condition cause : null
2025-12-01 22:35:24,367 [WARN] ConditionMgr:1044 - genDependencies : Invalid condition id : LAN8742 Phy interface Condition cause : null
2025-12-01 22:35:24,379 [WARN] ConditionMgr:1044 - genDependencies : Invalid condition id : LAN8742 Phy interface Condition cause : null
2025-12-01 22:35:24,463 [WARN] PackLoader:240 - Cannot read IP mode file for STMicroelectronics.X-CUBE-SFXS2LP1.4.0.0
2025-12-01 22:35:24,532 [WARN] PackLoader:240 - Cannot read IP mode file for STMicroelectronics.X-CUBE-BLEMGR.4.1.0
2025-12-01 22:35:24,650 [WARN] ConditionMgr:438 - getConditionDescription Invalid condition id : UX DEVICE CLASS RTOS Condition cause : null
2025-12-01 22:35:24,650 [WARN] ConditionMgr:438 - getConditionDescription Invalid condition id : UX DEVICE CLASS RTOS Condition cause : null
2025-12-01 22:35:24,676 [WARN] PackLoader:240 - Cannot read IP mode file for STMicroelectronics.X-CUBE-AZRTOS-WB.2.0.0
2025-12-01 22:35:24,683 [WARN] ConditionMgr:1044 - genDependencies : Invalid condition id : UX DEVICE CLASS RTOS Condition cause : null
2025-12-01 22:35:24,684 [WARN] ConditionMgr:1044 - genDependencies : Invalid condition id : UX DEVICE CLASS RTOS Condition cause : null
2025-12-01 22:35:24,717 [WARN] ConditionMgr:1044 - genDependencies : Invalid condition id : UX DEVICE CLASS RTOS Condition cause : null
2025-12-01 22:35:24,718 [WARN] ConditionMgr:1044 - genDependencies : Invalid condition id : UX DEVICE CLASS RTOS Condition cause : null
2025-12-01 22:35:24,718 [WARN] ConditionMgr:1044 - genDependencies : Invalid condition id : UX DEVICE CLASS RTOS Condition cause : null
2025-12-01 22:35:24,808 [WARN] PackLoader:240 - Cannot read IP mode file for STMicroelectronics.X-CUBE-GNSS1.7.0.1
2025-12-01 22:35:24,864 [WARN] ConditionMgr:438 - getConditionDescription Invalid condition id : Cortex-A Device cause : null
2025-12-01 22:35:24,918 [WARN] ConditionMgr:1044 - genDependencies : Invalid condition id : Cortex-A Device cause : null
2025-12-01 22:35:24,918 [WARN] ConditionMgr:1044 - genDependencies : Invalid condition id : Cortex-A Device cause : null
2025-12-01 22:35:24,918 [WARN] ConditionMgr:1044 - genDependencies : Invalid condition id : Cortex-A Device cause : null
2025-12-01 22:35:24,990 [WARN] PackLoader:240 - Cannot read IP mode file for STMicroelectronics.X-CUBE-SUBG2.5.0.0
2025-12-01 22:35:25,095 [WARN] PackLoader:240 - Cannot read IP mode file for STMicroelectronics.X-CUBE-AZRTOS-H7RS.1.1.0
2025-12-01 22:35:25,150 [WARN] PackLoader:240 - Cannot read IP mode file for STMicroelectronics.X-CUBE-AZRTOS-G4.2.0.0
2025-12-01 22:35:25,193 [WARN] PackLoader:240 - Cannot read IP mode file for wolfSSL.I-CUBE-wolfSSH.1.4.20
2025-12-01 22:35:25,224 [WARN] PackLoader:240 - Cannot read IP mode file for STMicroelectronics.X-CUBE-NFC7.2.0.0
2025-12-01 22:35:25,267 [WARN] PackLoader:240 - Cannot read IP mode file for STMicroelectronics.X-CUBE-IPS.3.1.0
2025-12-01 22:35:25,311 [WARN] PackLoader:240 - Cannot read IP mode file for STMicroelectronics.X-CUBE-ALS.1.0.2
2025-12-01 22:35:25,348 [WARN] PackLoader:240 - Cannot read IP mode file for STMicroelectronics.X-CUBE-STSE01.1.0.0
2025-12-01 22:35:25,390 [WARN] PackLoader:240 - Cannot read IP mode file for STMicroelectronics.X-CUBE-TOF1.3.4.3
2025-12-01 22:35:25,406 [INFO] ThirdParty:978 - Integrity check success = true
2025-12-01 22:35:25,406 [INFO] IntegrityCheckThread:100 - exiting critical section [integrity check]
2025-12-01 22:35:25,407 [INFO] IntegrityCheckThread:103 - End integrity checks thread
2025-12-01 23:19:14,676 [ERROR] LogOutputStream:75 - [STDERR_REDIRECT] 
