2025-12-16 22:39:41,019 [INFO] Activator:176 - 


2025-12-16 22:39:41,028 [INFO] Activator:177 - !SESSION log4j initialized
2025-12-16 22:39:48,193 [INFO] LogOutputStream:77 - [STDOUT_REDIRECT] 
2025-12-16 22:39:49,577 [INFO] ApplicationProperties:184 - Using Application install path: C:\ST\STM32CubeIDE_1.19.0\STM32CubeIDE\plugins\com.st.stm32cube.common.mx_6.15.0.202507011659
2025-12-16 22:39:49,595 [INFO] DbMcusXml:78 - Set database path to: C:\ST\STM32CubeIDE_1.19.0\STM32CubeIDE\plugins\com.st.stm32cube.common.mx_6.15.0.202507011659\\db\/mcu/
2025-12-16 22:39:49,596 [INFO] ApiDb:274 - Set plugin database path to: C:\ST\STM32CubeIDE_1.19.0\STM32CubeIDE\plugins\com.st.stm32cube.common.mx_6.15.0.202507011659\\db\/plugins/boardmanager/
2025-12-16 22:39:49,596 [WARN] ApiDb:259 - Overriding images path with different value:  => C:\ST\STM32CubeIDE_1.19.0\STM32CubeIDE\plugins\com.st.stm32cube.common.mx_6.15.0.202507011659\\db\/plugins/mcufinder/images/
2025-12-16 22:39:49,613 [INFO] ApiDb:250 - Set database path to: C:\Users\ASUS\.stmcufinder\plugins\mcufinder//mcu/
2025-12-16 22:39:49,615 [INFO] DbMcusAds:125 - Set database path to: C:\Users\ASUS\.stmcufinder\plugins\mcufinder//mcu/
2025-12-16 22:39:49,618 [INFO] CrossReferenceDbSqlite:203 - Set database path to: C:\Users\ASUS\.stmcufinder\plugins\mcufinder//mcu/cs/
2025-12-16 22:39:49,767 [INFO] RulesReader:64 - Compatibility file has been processed (317 Rules)
2025-12-16 22:39:49,868 [INFO] DbMcusXml:78 - Set database path to: C:\ST\STM32CubeIDE_1.19.0\STM32CubeIDE\plugins\com.st.stm32cube.common.mx_6.15.0.202507011659\\db\/mcu/
2025-12-16 22:39:49,868 [INFO] ApiDb:274 - Set plugin database path to: C:\ST\STM32CubeIDE_1.19.0\STM32CubeIDE\plugins\com.st.stm32cube.common.mx_6.15.0.202507011659\\db\/plugins/boardmanager/
2025-12-16 22:39:49,869 [INFO] ApiDb:261 - Set plugin images path to: C:\ST\STM32CubeIDE_1.19.0\STM32CubeIDE\plugins\com.st.stm32cube.common.mx_6.15.0.202507011659\\db\/plugins/mcufinder/images/
2025-12-16 22:39:49,869 [WARN] DbFile:41 - Overriding database path with different value: C:\Users\ASUS\.stmcufinder\plugins\mcufinder/ => C:\Users\ASUS\.stmcufinder\plugins\mcufinder
2025-12-16 22:39:49,869 [INFO] ApiDb:250 - Set database path to: C:\Users\ASUS\.stmcufinder\plugins\mcufinder//mcu/
2025-12-16 22:39:49,869 [WARN] DbFile:41 - Overriding database path with different value: C:\Users\ASUS\.stmcufinder\plugins\mcufinder/ => C:\Users\ASUS\.stmcufinder\plugins\mcufinder
2025-12-16 22:39:49,869 [INFO] DbMcusAds:125 - Set database path to: C:\Users\ASUS\.stmcufinder\plugins\mcufinder//mcu/
2025-12-16 22:39:49,869 [WARN] DbFile:41 - Overriding database path with different value: C:\Users\ASUS\.stmcufinder\plugins\mcufinder/ => C:\Users\ASUS\.stmcufinder\plugins\mcufinder
2025-12-16 22:39:49,869 [WARN] DbFile:41 - Overriding database path with different value: C:\Users\ASUS\.stmcufinder\plugins\mcufinder/ => C:\Users\ASUS\.stmcufinder\plugins\mcufinder
2025-12-16 22:39:49,870 [INFO] CrossReferenceDbSqlite:203 - Set database path to: C:\Users\ASUS\.stmcufinder\plugins\mcufinder//mcu/cs/
2025-12-16 22:39:49,980 [INFO] MainPanel:274 - HeapMemory: 268435456
2025-12-16 22:39:50,118 [INFO] DbMcusXml:78 - Set database path to: C:\ST\STM32CubeIDE_1.19.0\STM32CubeIDE\plugins\com.st.stm32cube.common.mx_6.15.0.202507011659\\db\/mcu/
2025-12-16 22:39:50,118 [INFO] ApiDb:274 - Set plugin database path to: C:\ST\STM32CubeIDE_1.19.0\STM32CubeIDE\plugins\com.st.stm32cube.common.mx_6.15.0.202507011659\\db\/plugins/boardmanager/
2025-12-16 22:39:50,118 [INFO] ApiDb:261 - Set plugin images path to: C:\ST\STM32CubeIDE_1.19.0\STM32CubeIDE\plugins\com.st.stm32cube.common.mx_6.15.0.202507011659\\db\/plugins/mcufinder/images/
2025-12-16 22:39:50,119 [WARN] DbFile:41 - Overriding database path with different value: C:\Users\ASUS\.stmcufinder\plugins\mcufinder/ => C:\Users\ASUS\.stmcufinder\plugins\mcufinder
2025-12-16 22:39:50,119 [INFO] ApiDb:250 - Set database path to: C:\Users\ASUS\.stmcufinder\plugins\mcufinder//mcu/
2025-12-16 22:39:50,119 [WARN] DbFile:41 - Overriding database path with different value: C:\Users\ASUS\.stmcufinder\plugins\mcufinder/ => C:\Users\ASUS\.stmcufinder\plugins\mcufinder
2025-12-16 22:39:50,119 [INFO] DbMcusAds:125 - Set database path to: C:\Users\ASUS\.stmcufinder\plugins\mcufinder//mcu/
2025-12-16 22:39:50,120 [WARN] DbFile:41 - Overriding database path with different value: C:\Users\ASUS\.stmcufinder\plugins\mcufinder/ => C:\Users\ASUS\.stmcufinder\plugins\mcufinder
2025-12-16 22:39:50,120 [WARN] DbFile:41 - Overriding database path with different value: C:\Users\ASUS\.stmcufinder\plugins\mcufinder/ => C:\Users\ASUS\.stmcufinder\plugins\mcufinder
2025-12-16 22:39:50,120 [INFO] CrossReferenceDbSqlite:203 - Set database path to: C:\Users\ASUS\.stmcufinder\plugins\mcufinder//mcu/cs/
2025-12-16 22:39:50,143 [INFO] ApplicationProperties:184 - Using Application install path: C:\ST\STM32CubeIDE_1.19.0\STM32CubeIDE\plugins\com.st.stm32cube.common.mx_6.15.0.202507011659
2025-12-16 22:39:50,145 [INFO] PluginManage:196 - Search for loadable plugins [exclusion list=, ]
2025-12-16 22:39:50,146 [INFO] PluginManage:310 - Check plugin analytics
2025-12-16 22:39:50,421 [INFO] AnalyticsPlugin:253 - Accepted Software Licenses: STM32CubeMX.6.12.1
2025-12-16 22:39:50,421 [INFO] AnalyticsPlugin:255 - Accepted CMSIS Pack Licenses: 
2025-12-16 22:39:50,422 [INFO] AnalyticsPlugin:257 - Accepted Firmware Licenses: 
2025-12-16 22:39:50,424 [INFO] PluginManage:359 - Loaded plugin analytics (category:tool,tabindex:-1)
2025-12-16 22:39:50,425 [INFO] PluginManage:310 - Check plugin cadmodel
2025-12-16 22:39:50,446 [INFO] CADModel:105 - Init CAD model plugin
2025-12-16 22:39:50,446 [INFO] PluginManage:359 - Loaded plugin cadmodel (category:power,tabindex:5)
2025-12-16 22:39:50,447 [INFO] PluginManage:310 - Check plugin clock
2025-12-16 22:39:50,471 [INFO] PluginManage:359 - Loaded plugin clock (category:base,tabindex:2)
2025-12-16 22:39:50,471 [INFO] PluginManage:310 - Check plugin ddr
2025-12-16 22:39:50,473 [INFO] PluginManage:359 - Loaded plugin ddr (category:tool,tabindex:6)
2025-12-16 22:39:50,474 [INFO] PluginManage:310 - Check plugin filemanager
2025-12-16 22:39:50,633 [INFO] PluginManage:359 - Loaded plugin filemanager (category:base,tabindex:10)
2025-12-16 22:39:50,633 [INFO] PluginManage:310 - Check plugin ipmanager
2025-12-16 22:39:50,642 [INFO] PluginManage:359 - Loaded plugin ipmanager (category:base,tabindex:5)
2025-12-16 22:39:50,642 [INFO] PluginManage:310 - Check plugin lpbam
2025-12-16 22:39:50,667 [INFO] PluginManage:359 - Loaded plugin lpbam (category:base,tabindex:0)
2025-12-16 22:39:50,667 [INFO] PluginManage:310 - Check plugin memorymap
2025-12-16 22:39:50,694 [INFO] PluginManage:359 - Loaded plugin memorymap (category:base,tabindex:4)
2025-12-16 22:39:50,694 [INFO] PluginManage:310 - Check plugin pinoutandconfiguration
2025-12-16 22:39:50,719 [INFO] PluginManage:359 - Loaded plugin pinoutandconfiguration (category:base,tabindex:1)
2025-12-16 22:39:50,719 [INFO] PluginManage:310 - Check plugin pinoutconfig
2025-12-16 22:39:50,821 [WARN] SupportedApi:132 - Cannot load RTOS API schema: s4s-elt-must-match.1: The content of 'definitions' must match (annotation?, (simpleType | complexType)?, (unique | key | keyref)*)). A problem was found starting at: attribute.
2025-12-16 22:39:50,952 [INFO] PluginManage:359 - Loaded plugin pinoutconfig (category:base,tabindex:0)
2025-12-16 22:39:50,953 [INFO] PluginManage:310 - Check plugin power
2025-12-16 22:39:50,978 [INFO] PluginManage:359 - Loaded plugin power (category:power,tabindex:4)
2025-12-16 22:39:50,978 [INFO] PluginManage:310 - Check plugin projectmanager
2025-12-16 22:39:50,992 [INFO] PluginManage:359 - Loaded plugin projectmanager (category:projectmanager,tabindex:4)
2025-12-16 22:39:50,992 [INFO] PluginManage:310 - Check plugin rif
2025-12-16 22:39:51,013 [INFO] PluginManage:359 - Loaded plugin rif (category:base,tabindex:3)
2025-12-16 22:39:51,014 [INFO] PluginManage:310 - Check plugin thirdparty
2025-12-16 22:39:51,373 [INFO] PluginManage:359 - Loaded plugin thirdparty (category:base,tabindex:-1)
2025-12-16 22:39:51,373 [WARN] IntegrityCheckThread:84 - waiting for thirdparty lock release [integrity check]
2025-12-16 22:39:51,374 [INFO] IntegrityCheckThread:86 - entering critical section [integrity check]
2025-12-16 22:39:51,374 [INFO] PluginManage:310 - Check plugin tools
2025-12-16 22:39:51,374 [INFO] ThirdPartyUpdaterWithRetryManager:70 - Updater plugin not ready yet. [1/15]
2025-12-16 22:39:51,422 [INFO] PluginManage:359 - Loaded plugin tools (category:base,tabindex:7)
2025-12-16 22:39:51,423 [INFO] PluginManage:310 - Check plugin tutovideos
2025-12-16 22:39:51,686 [INFO] PluginManage:359 - Loaded plugin tutovideos (category:base,tabindex:-1)
2025-12-16 22:39:51,686 [INFO] PluginManage:310 - Check plugin updater
2025-12-16 22:39:51,711 [INFO] PluginManage:359 - Loaded plugin updater (category:base,tabindex:12)
2025-12-16 22:39:51,712 [INFO] PluginManage:310 - Check plugin userauth
2025-12-16 22:39:51,717 [INFO] UserAuth:118 - Init User Auth plugin
2025-12-16 22:39:51,718 [INFO] PluginManage:359 - Loaded plugin userauth (category:base,tabindex:14)
2025-12-16 22:39:51,719 [INFO] PluginManage:283 - PluginManage : Loaded plugins [18]
2025-12-16 22:39:51,952 [INFO] PinOutPanel:1589 - setPackage(No Configuration,No Configuration)
2025-12-16 22:39:52,045 [INFO] CADModel:165 - CPN selected for project level
2025-12-16 22:39:52,045 [INFO] CADModel:114 - Register for checkConnection events
2025-12-16 22:39:52,079 [INFO] IPUIPlugin:80 - create IPUIPlugin
2025-12-16 22:39:52,079 [INFO] PluginManager:220 - loadIPPluginJar : add adc
2025-12-16 22:39:52,130 [INFO] IPUIPlugin:80 - create IPUIPlugin
2025-12-16 22:39:52,130 [INFO] PluginManager:220 - loadIPPluginJar : add aes
2025-12-16 22:39:52,191 [INFO] IPUIPlugin:80 - create IPUIPlugin
2025-12-16 22:39:52,191 [INFO] PluginManager:220 - loadIPPluginJar : add can
2025-12-16 22:39:52,229 [INFO] IPUIPlugin:80 - create IPUIPlugin
2025-12-16 22:39:52,229 [INFO] PluginManager:220 - loadIPPluginJar : add comp
2025-12-16 22:39:52,275 [INFO] IPUIPlugin:80 - create IPUIPlugin
2025-12-16 22:39:52,275 [INFO] PluginManager:220 - loadIPPluginJar : add cryp
2025-12-16 22:39:52,290 [INFO] IPUIPlugin:80 - create IPUIPlugin
2025-12-16 22:39:52,290 [INFO] PluginManager:220 - loadIPPluginJar : add ddr_ctrl_phy
2025-12-16 22:39:52,330 [INFO] IPUIPlugin:80 - create IPUIPlugin
2025-12-16 22:39:52,330 [INFO] PluginManager:220 - loadIPPluginJar : add dfsdm
2025-12-16 22:39:52,345 [INFO] IPUIPlugin:80 - create IPUIPlugin
2025-12-16 22:39:52,346 [INFO] PluginManager:220 - loadIPPluginJar : add dma
2025-12-16 22:39:52,396 [INFO] IPUIPlugin:80 - create IPUIPlugin
2025-12-16 22:39:52,396 [INFO] PluginManager:220 - loadIPPluginJar : add dma3
2025-12-16 22:39:52,457 [INFO] IPUIPlugin:80 - create IPUIPlugin
2025-12-16 22:39:52,457 [INFO] PluginManager:220 - loadIPPluginJar : add extmemmanager
2025-12-16 22:39:52,484 [INFO] IPUIPlugin:80 - create IPUIPlugin
2025-12-16 22:39:52,484 [INFO] PluginManager:220 - loadIPPluginJar : add fatfs
2025-12-16 22:39:52,547 [INFO] IPUIPlugin:80 - create IPUIPlugin
2025-12-16 22:39:52,547 [INFO] PluginManager:220 - loadIPPluginJar : add fmc
2025-12-16 22:39:52,566 [INFO] IPUIPlugin:80 - create IPUIPlugin
2025-12-16 22:39:52,566 [INFO] PluginManager:220 - loadIPPluginJar : add freertos
2025-12-16 22:39:52,597 [INFO] IPUIPlugin:80 - create IPUIPlugin
2025-12-16 22:39:52,597 [INFO] PluginManager:220 - loadIPPluginJar : add genericplugin
2025-12-16 22:39:52,746 [INFO] IPUIPlugin:80 - create IPUIPlugin
2025-12-16 22:39:52,747 [INFO] PluginManager:220 - loadIPPluginJar : add gfxmmu
2025-12-16 22:39:52,937 [INFO] IPUIPlugin:80 - create IPUIPlugin
2025-12-16 22:39:52,937 [INFO] PluginManager:220 - loadIPPluginJar : add gic
2025-12-16 22:39:52,953 [INFO] IPUIPlugin:80 - create IPUIPlugin
2025-12-16 22:39:52,953 [INFO] PluginManager:220 - loadIPPluginJar : add gpio
2025-12-16 22:39:53,073 [INFO] IPUIPlugin:80 - create IPUIPlugin
2025-12-16 22:39:53,074 [INFO] PluginManager:220 - loadIPPluginJar : add gtzc
2025-12-16 22:39:53,123 [INFO] IPUIPlugin:80 - create IPUIPlugin
2025-12-16 22:39:53,123 [INFO] PluginManager:220 - loadIPPluginJar : add hash
2025-12-16 22:39:53,195 [INFO] IPUIPlugin:80 - create IPUIPlugin
2025-12-16 22:39:53,195 [INFO] PluginManager:220 - loadIPPluginJar : add i2c
2025-12-16 22:39:53,247 [INFO] IPUIPlugin:80 - create IPUIPlugin
2025-12-16 22:39:53,247 [INFO] PluginManager:220 - loadIPPluginJar : add i2s
2025-12-16 22:39:53,301 [INFO] IPUIPlugin:80 - create IPUIPlugin
2025-12-16 22:39:53,301 [INFO] PluginManager:220 - loadIPPluginJar : add i3c
2025-12-16 22:39:53,431 [INFO] IPUIPlugin:80 - create IPUIPlugin
2025-12-16 22:39:53,431 [INFO] PluginManager:220 - loadIPPluginJar : add ipddr
2025-12-16 22:39:53,553 [INFO] IPUIPlugin:80 - create IPUIPlugin
2025-12-16 22:39:53,554 [INFO] PluginManager:220 - loadIPPluginJar : add linkedlist
2025-12-16 22:39:53,602 [INFO] IPUIPlugin:80 - create IPUIPlugin
2025-12-16 22:39:53,603 [INFO] PluginManager:220 - loadIPPluginJar : add lorawan
2025-12-16 22:39:53,651 [INFO] IPUIPlugin:80 - create IPUIPlugin
2025-12-16 22:39:53,651 [INFO] PluginManager:220 - loadIPPluginJar : add ltdc
2025-12-16 22:39:53,667 [INFO] IPUIPlugin:80 - create IPUIPlugin
2025-12-16 22:39:53,667 [INFO] PluginManager:220 - loadIPPluginJar : add mdma
2025-12-16 22:39:53,685 [INFO] IPUIPlugin:80 - create IPUIPlugin
2025-12-16 22:39:53,685 [INFO] PluginManager:220 - loadIPPluginJar : add nvic
2025-12-16 22:39:53,734 [INFO] IPUIPlugin:80 - create IPUIPlugin
2025-12-16 22:39:53,735 [INFO] PluginManager:220 - loadIPPluginJar : add opamp
2025-12-16 22:39:53,821 [INFO] IPUIPlugin:80 - create IPUIPlugin
2025-12-16 22:39:53,821 [INFO] PluginManager:220 - loadIPPluginJar : add openamp
2025-12-16 22:39:53,880 [INFO] IPUIPlugin:80 - create IPUIPlugin
2025-12-16 22:39:53,880 [INFO] PluginManager:220 - loadIPPluginJar : add pdm2pcm
2025-12-16 22:39:53,897 [INFO] IPUIPlugin:80 - create IPUIPlugin
2025-12-16 22:39:53,899 [INFO] PluginManager:220 - loadIPPluginJar : add plateformsettings
2025-12-16 22:39:53,930 [INFO] IPUIPlugin:80 - create IPUIPlugin
2025-12-16 22:39:53,930 [INFO] PluginManager:220 - loadIPPluginJar : add quadspi
2025-12-16 22:39:53,966 [INFO] IPUIPlugin:80 - create IPUIPlugin
2025-12-16 22:39:53,967 [INFO] PluginManager:220 - loadIPPluginJar : add radio
2025-12-16 22:39:53,984 [INFO] IPUIPlugin:80 - create IPUIPlugin
2025-12-16 22:39:53,984 [INFO] PluginManager:220 - loadIPPluginJar : add resmgrutility
2025-12-16 22:39:54,044 [INFO] IPUIPlugin:80 - create IPUIPlugin
2025-12-16 22:39:54,044 [INFO] PluginManager:220 - loadIPPluginJar : add sai
2025-12-16 22:39:54,095 [INFO] IPUIPlugin:80 - create IPUIPlugin
2025-12-16 22:39:54,095 [INFO] PluginManager:220 - loadIPPluginJar : add spi
2025-12-16 22:39:54,195 [INFO] IPUIPlugin:80 - create IPUIPlugin
2025-12-16 22:39:54,195 [INFO] PluginManager:220 - loadIPPluginJar : add stm32_wpan
2025-12-16 22:39:54,227 [INFO] IPUIPlugin:80 - create IPUIPlugin
2025-12-16 22:39:54,227 [INFO] PluginManager:220 - loadIPPluginJar : add tim
2025-12-16 22:39:54,305 [INFO] IPUIPlugin:80 - create IPUIPlugin
2025-12-16 22:39:54,305 [INFO] PluginManager:220 - loadIPPluginJar : add touchsensing
2025-12-16 22:39:54,337 [INFO] IPUIPlugin:80 - create IPUIPlugin
2025-12-16 22:39:54,337 [INFO] PluginManager:220 - loadIPPluginJar : add tracer_emb
2025-12-16 22:39:54,371 [INFO] IPUIPlugin:80 - create IPUIPlugin
2025-12-16 22:39:54,371 [INFO] PluginManager:220 - loadIPPluginJar : add ts
2025-12-16 22:39:54,375 [INFO] ThirdPartyUpdaterWithRetryManager:70 - Updater plugin not ready yet. [2/15]
2025-12-16 22:39:54,403 [INFO] IPUIPlugin:80 - create IPUIPlugin
2025-12-16 22:39:54,403 [INFO] PluginManager:220 - loadIPPluginJar : add tsc
2025-12-16 22:39:54,433 [INFO] IPUIPlugin:80 - create IPUIPlugin
2025-12-16 22:39:54,433 [INFO] PluginManager:220 - loadIPPluginJar : add ucpd
2025-12-16 22:39:54,489 [INFO] IPUIPlugin:80 - create IPUIPlugin
2025-12-16 22:39:54,489 [INFO] PluginManager:220 - loadIPPluginJar : add usart
2025-12-16 22:39:54,545 [INFO] IPUIPlugin:80 - create IPUIPlugin
2025-12-16 22:39:54,545 [INFO] PluginManager:220 - loadIPPluginJar : add usbx
2025-12-16 22:39:54,674 [FATAL] Updater:351 - Updater called before beeing initialized
2025-12-16 22:39:54,700 [INFO] RulesReader:64 - Compatibility file has been processed (317 Rules)
2025-12-16 22:39:54,717 [INFO] RulesReader:64 - Compatibility file has been processed (317 Rules)
2025-12-16 22:39:54,726 [INFO] CADModel:165 - CPN selected for project level
2025-12-16 22:39:54,726 [INFO] CADModel:114 - Register for checkConnection events
2025-12-16 22:39:54,726 [FATAL] Updater:351 - Updater called before beeing initialized
2025-12-16 22:39:54,727 [ERROR] CADModel:125 - Updater not yet initialized, retry later 
2025-12-16 22:39:54,883 [FATAL] Updater:351 - Updater called before beeing initialized
2025-12-16 22:39:54,886 [INFO] CADModel:165 - CPN selected for project level
2025-12-16 22:39:54,886 [INFO] CADModel:114 - Register for checkConnection events
2025-12-16 22:39:54,886 [FATAL] Updater:351 - Updater called before beeing initialized
2025-12-16 22:39:54,886 [ERROR] CADModel:125 - Updater not yet initialized, retry later 
2025-12-16 22:39:54,890 [FATAL] Updater:351 - Updater called before beeing initialized
2025-12-16 22:39:55,010 [FATAL] Updater:351 - Updater called before beeing initialized
2025-12-16 22:39:55,025 [INFO] DbMcusAds:53 - JSON generation date=Thu Oct 02 16:36:05 ICT 2025 (1759397765645)
2025-12-16 22:39:55,025 [FATAL] Updater:351 - Updater called before beeing initialized
2025-12-16 22:39:55,061 [WARN] DetailPanel:346 - Failed to get advertising image, set to default
2025-12-16 22:39:55,146 [FATAL] Updater:351 - Updater called before beeing initialized
2025-12-16 22:39:55,148 [FATAL] Updater:351 - Updater called before beeing initialized
2025-12-16 22:39:55,148 [FATAL] Updater:351 - Updater called before beeing initialized
2025-12-16 22:39:55,148 [WARN] DetailPanel:346 - Failed to get advertising image, set to default
2025-12-16 22:39:55,149 [FATAL] Updater:351 - Updater called before beeing initialized
2025-12-16 22:39:55,208 [ERROR] Updater:1198 - MainUpdater not yet initialized. External WinMGr cannot be set.
2025-12-16 22:39:55,223 [INFO] Updater:1134 - Updater Version found : 6.15.0
2025-12-16 22:39:55,241 [INFO] ApplicationProperties:184 - Using Application install path: C:\ST\STM32CubeIDE_1.19.0\STM32CubeIDE\plugins\com.st.stm32cube.common.mx_6.15.0.202507011659
2025-12-16 22:39:56,819 [ERROR] LogOutputStream:75 - [STDERR_REDIRECT] Dec 16, 2025 10:39:56 PM java.util.prefs.WindowsPreferences <init>
2025-12-16 22:39:56,820 [ERROR] LogOutputStream:75 - [STDERR_REDIRECT] WARNING: Could not open/create prefs root node Software\JavaSoft\Prefs at root 0xffffffff80000002. Windows RegCreateKeyEx(...) returned error code 5.
2025-12-16 22:39:56,821 [ERROR] LogOutputStream:75 - [STDERR_REDIRECT] 
2025-12-16 22:39:57,142 [INFO] MainUpdater:2872 - connection check result : 10
2025-12-16 22:39:57,143 [INFO] MainUpdater:3604 - Updater definition file requires update
2025-12-16 22:39:57,144 [INFO] MainUpdater:289 - Updater Check For Update Now.
2025-12-16 22:39:57,144 [INFO] MicroXplorer:498 - Change Database Version : DB.6.0.150
2025-12-16 22:39:57,163 [INFO] ServerAccessManage:452 - Complete download http(s) 200
2025-12-16 22:39:57,164 [INFO] ServerAccessManage:509 - Download File updaters.zip
2025-12-16 22:39:57,172 [INFO] McuFinderGlobals:63 - Set McuFinder mode to 2 (CubeIDE integrated)
2025-12-16 22:39:57,172 [INFO] UserAuth:171 - activating auth plugin
2025-12-16 22:39:57,177 [INFO] UserAuth:487 - Internet connection configuration mode: 1
2025-12-16 22:39:57,227 [INFO] JxBrowserEngine:152 - Initiate JxBrowser Engine with user profile folder
2025-12-16 22:39:57,272 [INFO] FileExtend:248 - Unzip File : updaters.zip
2025-12-16 22:39:57,273 [INFO] FileExtend:263 - Standard Zip Deflate
2025-12-16 22:39:57,407 [WARN] MainUpdater:1193 - Updater busy. Cannot search thirdparties
2025-12-16 22:39:57,407 [INFO] ThirdPartyUpdaterWithRetryManager:96 - Updater plugin is busy. [1/15]
2025-12-16 22:39:58,047 [INFO] ServerAccessManage:452 - Complete download http(s) 200
2025-12-16 22:39:58,048 [INFO] ServerAccessManage:509 - Download File PacksControlFlags.xml
2025-12-16 22:39:58,180 [INFO] ServerAccessManage:452 - Complete download http(s) 200
2025-12-16 22:39:58,181 [INFO] ServerAccessManage:509 - Download File cubemx.pidx
2025-12-16 22:39:58,527 [INFO] LoadServerUpdatesThread:375 - End of LoadServerUpdate Thread
2025-12-16 22:39:58,783 [INFO] CheckServerUpdateThread:120 - End of CheckServer Thread
2025-12-16 22:40:00,046 [INFO] WebApp:169 - Instantiating new browser for Auth
2025-12-16 22:40:00,742 [WARN] PackLoader:240 - Cannot read IP mode file for STMicroelectronics.FP-SNS-MOTENVWB1.1.4.0
2025-12-16 22:40:00,766 [WARN] PackLoader:240 - Cannot read IP mode file for STMicroelectronics.FP-ATR-ASTRA1.2.0.2
2025-12-16 22:40:00,804 [WARN] PackLoader:240 - Cannot read IP mode file for STMicroelectronics.X-CUBE-SMBUS.2.1.0
2025-12-16 22:40:00,825 [WARN] PackLoader:240 - Cannot read IP mode file for STMicroelectronics.X-CUBE-ST60.1.0.0
2025-12-16 22:40:00,891 [WARN] PackLoader:240 - Cannot read IP mode file for STMicroelectronics.X-CUBE-AZRTOS-F7.1.1.0
2025-12-16 22:40:00,971 [WARN] PackLoader:240 - Cannot read IP mode file for Cesanta.I-CUBE-Mongoose.7.19.0
2025-12-16 22:40:01,004 [WARN] PackLoader:240 - Cannot read IP mode file for STMicroelectronics.FP-SNS-MOTENV1.5.1.0
2025-12-16 22:40:01,070 [WARN] PackLoader:240 - Cannot read IP mode file for WES.I-CUBE-Cesium.1.4.0
2025-12-16 22:40:01,142 [WARN] PackLoader:240 - Cannot read IP mode file for Infineon.AIROC-Wi-Fi-Bluetooth-STM32.1.7.1
2025-12-16 22:40:01,209 [WARN] PackLoader:240 - Cannot read IP mode file for STMicroelectronics.X-CUBE-AZRTOS-H7.3.4.0
2025-12-16 22:40:01,245 [WARN] PackLoader:240 - Cannot read IP mode file for STMicroelectronics.X-CUBE-DISPLAY.3.0.0
2025-12-16 22:40:01,277 [WARN] PackLoader:240 - Cannot read IP mode file for STMicroelectronics.X-CUBE-NFC10.1.0.0
2025-12-16 22:40:01,301 [WARN] PackLoader:240 - Cannot read IP mode file for STMicroelectronics.X-CUBE-ST60.1.1.0
2025-12-16 22:40:01,339 [WARN] PackLoader:240 - Cannot read IP mode file for emotas.I-CUBE-CANOPEN.1.3.0
2025-12-16 22:40:01,371 [WARN] PackLoader:240 - Cannot read IP mode file for STMicroelectronics.X-CUBE-GNSS1.7.1.0
2025-12-16 22:40:01,402 [WARN] PackLoader:240 - Cannot read IP mode file for STMicroelectronics.FP-SNS-STBOX1.2.1.0
2025-12-16 22:40:01,430 [WARN] PackLoader:240 - Cannot read IP mode file for STMicroelectronics.FP-SNS-SMARTAG2.1.2.0
2025-12-16 22:40:01,453 [WARN] PackLoader:240 - Cannot read IP mode file for STMicroelectronics.FP-SNS-FLIGHT1.5.1.0
2025-12-16 22:40:01,484 [INFO] LogOutputStream:77 - [STDOUT_REDIRECT] 1 : Invalid condition id : UX_CORESTACK_Condition cause : null
2025-12-16 22:40:01,485 [INFO] LogOutputStream:77 - [STDOUT_REDIRECT] 1 : Invalid condition id : UX_CORESTACK_Condition cause : null
2025-12-16 22:40:01,487 [INFO] LogOutputStream:77 - [STDOUT_REDIRECT] 1 : Invalid condition id : UX_CORESTACK_Condition cause : null
2025-12-16 22:40:01,488 [INFO] LogOutputStream:77 - [STDOUT_REDIRECT] 1 : Invalid condition id : UX_CORESTACK_Condition cause : null
2025-12-16 22:40:01,490 [INFO] LogOutputStream:77 - [STDOUT_REDIRECT] 1 : Invalid condition id : UX_CORESTACK_Condition cause : null
2025-12-16 22:40:01,494 [WARN] PackLoader:240 - Cannot read IP mode file for STMicroelectronics.X-CUBE-AZRTOS-WL.2.0.0
2025-12-16 22:40:01,519 [WARN] PackLoader:240 - Cannot read IP mode file for STMicroelectronics.FP-SNS-MOTENV1.5.0.0
2025-12-16 22:40:01,552 [INFO] WebApp:463 - Apply proxy settings
2025-12-16 22:40:01,553 [INFO] WebApp:548 - Chromium requires no authentication
2025-12-16 22:40:01,576 [WARN] PackLoader:240 - Cannot read IP mode file for STMicroelectronics.X-CUBE-AZRTOS-H7RS.1.2.0
2025-12-16 22:40:01,594 [INFO] WebApp:491 - Direct internet connection detected
2025-12-16 22:40:01,605 [WARN] PackLoader:240 - Cannot read IP mode file for STMicroelectronics.X-CUBE-BLE2.3.3.0
2025-12-16 22:40:01,634 [INFO] WebApp:900 - Register for checkConnection events
2025-12-16 22:40:01,634 [INFO] WebApp:463 - Apply proxy settings
2025-12-16 22:40:01,634 [INFO] WebApp:548 - Chromium requires no authentication
2025-12-16 22:40:01,654 [INFO] WebApp:491 - Direct internet connection detected
2025-12-16 22:40:01,692 [WARN] PackLoader:240 - Cannot read IP mode file for STMicroelectronics.X-CUBE-NFC9.1.0.0
2025-12-16 22:40:01,718 [WARN] PackLoader:240 - Cannot read IP mode file for wolfSSL.I-CUBE-wolfSSL.5.8.2
2025-12-16 22:40:01,759 [WARN] PackLoader:240 - Cannot read IP mode file for STMicroelectronics.X-CUBE-BLE1.7.1.0
2025-12-16 22:40:01,784 [WARN] PackLoader:240 - Cannot read IP mode file for wolfSSL.I-CUBE-wolfMQTT.1.19.2
2025-12-16 22:40:01,808 [WARN] PackLoader:240 - Cannot read IP mode file for STMicroelectronics.X-CUBE-FREERTOS.1.4.0
2025-12-16 22:40:01,832 [WARN] PackLoader:240 - Cannot read IP mode file for STMicroelectronics.X-CUBE-EEPRMA1.5.2.0
2025-12-16 22:40:01,857 [WARN] PackLoader:240 - Cannot read IP mode file for STMicroelectronics.X-CUBE-ST67W61.1.1.0
2025-12-16 22:40:01,937 [WARN] PackLoader:240 - Cannot read IP mode file for STMicroelectronics.X-CUBE-MEMS1.12.0.0
2025-12-16 22:40:02,085 [WARN] PackLoader:240 - Cannot read IP mode file for STMicroelectronics.X-CUBE-AZRTOS-G0.1.1.0
2025-12-16 22:40:02,112 [WARN] PackLoader:240 - Cannot read IP mode file for STMicroelectronics.X-CUBE-SAFEA1.1.2.2
2025-12-16 22:40:02,138 [INFO] WebApp:191 - Connection restablished
2025-12-16 22:40:02,145 [WARN] PackLoader:240 - Cannot read IP mode file for STMicroelectronics.X-CUBE-NFC4.3.0.0
2025-12-16 22:40:02,148 [INFO] WebApp:225 - Starting web application
2025-12-16 22:40:02,149 [INFO] WebApp:593 - Web application path used C:\ST\STM32CubeIDE_1.19.0\STM32CubeIDE\plugins\com.st.stm32cube.common.mx_6.15.0.202507011659\db\plugins\mcufinder\reactClient1\index.html
2025-12-16 22:40:02,169 [WARN] PackLoader:240 - Cannot read IP mode file for EmbeddedOffice.I-CUBE-FS-RTOS.1.0.1
2025-12-16 22:40:02,198 [WARN] PackLoader:240 - Cannot read IP mode file for STMicroelectronics.X-CUBE-WB05N.2.0.0
2025-12-16 22:40:02,227 [WARN] PackLoader:240 - Cannot read IP mode file for wolfSSL.I-CUBE-wolfTPM.3.8.0
2025-12-16 22:40:02,252 [WARN] PackLoader:240 - Cannot read IP mode file for STMicroelectronics.X-CUBE-TCPP.4.2.0
2025-12-16 22:40:02,279 [WARN] PackLoader:240 - Cannot read IP mode file for RealThread.X-CUBE-RT-Thread_Nano.4.1.1
2025-12-16 22:40:02,301 [WARN] PackLoader:240 - Cannot read IP mode file for STMicroelectronics.FP-ATR-SIGFOX1.3.2.0
2025-12-16 22:40:02,325 [WARN] PackLoader:240 - Cannot read IP mode file for ITTIA_DB.I-CUBE-ITTIADB.8.9.0
2025-12-16 22:40:02,348 [WARN] PackLoader:240 - Cannot read IP mode file for STMicroelectronics.X-CUBE-ST67W61.1.0.0
2025-12-16 22:40:02,371 [WARN] PackLoader:240 - Cannot read IP mode file for STMicroelectronics.X-CUBE-AI.10.2.0
2025-12-16 22:40:02,424 [WARN] PackLoader:240 - Cannot read IP mode file for SEGGER.I-CUBE-embOS.1.3.1
2025-12-16 22:40:02,509 [WARN] PackLoader:240 - Cannot read IP mode file for STMicroelectronics.X-CUBE-ALGOBUILD.1.4.0
2025-12-16 22:40:02,586 [WARN] PackLoader:240 - Cannot read IP mode file for STMicroelectronics.X-CUBE-MEMS1.11.3.0
2025-12-16 22:40:02,775 [WARN] PackLoader:240 - Cannot read IP mode file for STMicroelectronics.X-CUBE-PM33A1.1.0.0
2025-12-16 22:40:02,816 [WARN] PackLoader:240 - Cannot read IP mode file for STMicroelectronics.X-CUBE-AZRTOS-F4.1.1.0
2025-12-16 22:40:02,840 [WARN] PackLoader:240 - Cannot read IP mode file for STMicroelectronics.X-CUBE-ISPU.2.1.0
2025-12-16 22:40:02,872 [WARN] PackLoader:240 - Cannot read IP mode file for STMicroelectronics.X-CUBE-IPS.3.2.0
2025-12-16 22:40:02,904 [WARN] PackLoader:240 - Cannot read IP mode file for STMicroelectronics.X-CUBE-NFC12.1.0.0
2025-12-16 22:40:02,944 [WARN] PackLoader:240 - Cannot read IP mode file for STMicroelectronics.X-CUBE-AZRTOS-L5.2.0.0
2025-12-16 22:40:02,971 [WARN] PackLoader:240 - Cannot read IP mode file for STMicroelectronics.X-CUBE-NFC6.3.1.0
2025-12-16 22:40:02,995 [WARN] PackLoader:240 - Cannot read IP mode file for STMicroelectronics.X-CUBE-FREERTOS.1.3.1
2025-12-16 22:40:03,020 [WARN] PackLoader:240 - Cannot read IP mode file for STMicroelectronics.X-CUBE-TOUCHGFX.4.26.0
2025-12-16 22:40:03,044 [WARN] PackLoader:240 - Cannot read IP mode file for STMicroelectronics.FP-SNS-STAIOTCFT.1.0.0
2025-12-16 22:40:03,073 [WARN] PackLoader:240 - Cannot read IP mode file for STMicroelectronics.X-CUBE-DPower.1.3.0
2025-12-16 22:40:03,117 [WARN] ConditionMgr:438 - getConditionDescription Invalid condition id : LAN8742 Phy interface Condition cause : null
2025-12-16 22:40:03,118 [WARN] PackLoader:240 - Cannot read IP mode file for STMicroelectronics.X-CUBE-AZRTOS-L4.2.0.0
2025-12-16 22:40:03,120 [WARN] ConditionMgr:1044 - genDependencies : Invalid condition id : LAN8742 Phy interface Condition cause : null
2025-12-16 22:40:03,120 [WARN] ConditionMgr:1044 - genDependencies : Invalid condition id : LAN8742 Phy interface Condition cause : null
2025-12-16 22:40:03,121 [WARN] ConditionMgr:1044 - genDependencies : Invalid condition id : LAN8742 Phy interface Condition cause : null
2025-12-16 22:40:03,153 [WARN] PackLoader:240 - Cannot read IP mode file for STMicroelectronics.X-CUBE-SFXS2LP1.4.0.0
2025-12-16 22:40:03,183 [WARN] PackLoader:240 - Cannot read IP mode file for STMicroelectronics.X-CUBE-BLEMGR.4.1.0
2025-12-16 22:40:03,224 [WARN] ConditionMgr:438 - getConditionDescription Invalid condition id : UX DEVICE CLASS RTOS Condition cause : null
2025-12-16 22:40:03,224 [WARN] ConditionMgr:438 - getConditionDescription Invalid condition id : UX DEVICE CLASS RTOS Condition cause : null
2025-12-16 22:40:03,226 [WARN] PackLoader:240 - Cannot read IP mode file for STMicroelectronics.X-CUBE-AZRTOS-WB.2.0.0
2025-12-16 22:40:03,227 [WARN] ConditionMgr:1044 - genDependencies : Invalid condition id : UX DEVICE CLASS RTOS Condition cause : null
2025-12-16 22:40:03,227 [WARN] ConditionMgr:1044 - genDependencies : Invalid condition id : UX DEVICE CLASS RTOS Condition cause : null
2025-12-16 22:40:03,228 [WARN] ConditionMgr:1044 - genDependencies : Invalid condition id : UX DEVICE CLASS RTOS Condition cause : null
2025-12-16 22:40:03,228 [WARN] ConditionMgr:1044 - genDependencies : Invalid condition id : UX DEVICE CLASS RTOS Condition cause : null
2025-12-16 22:40:03,228 [WARN] ConditionMgr:1044 - genDependencies : Invalid condition id : UX DEVICE CLASS RTOS Condition cause : null
2025-12-16 22:40:03,254 [WARN] PackLoader:240 - Cannot read IP mode file for STMicroelectronics.X-CUBE-GNSS1.7.0.1
2025-12-16 22:40:03,281 [WARN] ConditionMgr:438 - getConditionDescription Invalid condition id : Cortex-A Device cause : null
2025-12-16 22:40:03,311 [WARN] ConditionMgr:1044 - genDependencies : Invalid condition id : Cortex-A Device cause : null
2025-12-16 22:40:03,311 [WARN] ConditionMgr:1044 - genDependencies : Invalid condition id : Cortex-A Device cause : null
2025-12-16 22:40:03,311 [WARN] ConditionMgr:1044 - genDependencies : Invalid condition id : Cortex-A Device cause : null
2025-12-16 22:40:03,341 [WARN] PackLoader:240 - Cannot read IP mode file for STMicroelectronics.X-CUBE-SUBG2.5.0.0
2025-12-16 22:40:03,388 [WARN] PackLoader:240 - Cannot read IP mode file for STMicroelectronics.X-CUBE-AZRTOS-H7RS.1.1.0
2025-12-16 22:40:03,427 [WARN] PackLoader:240 - Cannot read IP mode file for STMicroelectronics.X-CUBE-AZRTOS-G4.2.0.0
2025-12-16 22:40:03,448 [WARN] PackLoader:240 - Cannot read IP mode file for wolfSSL.I-CUBE-wolfSSH.1.4.20
2025-12-16 22:40:03,468 [WARN] PackLoader:240 - Cannot read IP mode file for STMicroelectronics.X-CUBE-NFC7.2.0.0
2025-12-16 22:40:03,498 [WARN] PackLoader:240 - Cannot read IP mode file for STMicroelectronics.X-CUBE-IPS.3.1.0
2025-12-16 22:40:03,528 [WARN] PackLoader:240 - Cannot read IP mode file for STMicroelectronics.X-CUBE-ALS.1.0.2
2025-12-16 22:40:03,553 [WARN] PackLoader:240 - Cannot read IP mode file for STMicroelectronics.X-CUBE-STSE01.1.0.0
2025-12-16 22:40:03,583 [WARN] PackLoader:240 - Cannot read IP mode file for STMicroelectronics.X-CUBE-TOF1.3.4.3
2025-12-16 22:40:03,596 [INFO] ThirdParty:978 - Integrity check success = true
2025-12-16 22:40:03,596 [INFO] IntegrityCheckThread:100 - exiting critical section [integrity check]
2025-12-16 22:40:03,596 [INFO] IntegrityCheckThread:103 - End integrity checks thread
2025-12-16 23:40:43,278 [ERROR] LogOutputStream:75 - [STDERR_REDIRECT] 
