2025-12-28 09:23:11,213 [INFO] Activator:176 - 


2025-12-28 09:23:11,220 [INFO] Activator:177 - !SESSION log4j initialized
2025-12-28 09:23:24,033 [INFO] LogOutputStream:77 - [STDOUT_REDIRECT] 
2025-12-28 09:23:26,458 [INFO] ApplicationProperties:184 - Using Application install path: C:\ST\STM32CubeIDE_1.19.0\STM32CubeIDE\plugins\com.st.stm32cube.common.mx_6.15.0.202507011659
2025-12-28 09:23:26,609 [INFO] DbMcusXml:78 - Set database path to: C:\ST\STM32CubeIDE_1.19.0\STM32CubeIDE\plugins\com.st.stm32cube.common.mx_6.15.0.202507011659\\db\/mcu/
2025-12-28 09:23:26,610 [INFO] ApiDb:274 - Set plugin database path to: C:\ST\STM32CubeIDE_1.19.0\STM32CubeIDE\plugins\com.st.stm32cube.common.mx_6.15.0.202507011659\\db\/plugins/boardmanager/
2025-12-28 09:23:26,638 [WARN] ApiDb:259 - Overriding images path with different value:  => C:\ST\STM32CubeIDE_1.19.0\STM32CubeIDE\plugins\com.st.stm32cube.common.mx_6.15.0.202507011659\\db\/plugins/mcufinder/images/
2025-12-28 09:23:26,859 [INFO] ApiDb:250 - Set database path to: C:\Users\ASUS\.stmcufinder\plugins\mcufinder//mcu/
2025-12-28 09:23:26,888 [INFO] DbMcusAds:125 - Set database path to: C:\Users\ASUS\.stmcufinder\plugins\mcufinder//mcu/
2025-12-28 09:23:26,920 [INFO] CrossReferenceDbSqlite:203 - Set database path to: C:\Users\ASUS\.stmcufinder\plugins\mcufinder//mcu/cs/
2025-12-28 09:23:27,309 [INFO] RulesReader:64 - Compatibility file has been processed (317 Rules)
2025-12-28 09:23:27,488 [INFO] DbMcusXml:78 - Set database path to: C:\ST\STM32CubeIDE_1.19.0\STM32CubeIDE\plugins\com.st.stm32cube.common.mx_6.15.0.202507011659\\db\/mcu/
2025-12-28 09:23:27,488 [INFO] ApiDb:274 - Set plugin database path to: C:\ST\STM32CubeIDE_1.19.0\STM32CubeIDE\plugins\com.st.stm32cube.common.mx_6.15.0.202507011659\\db\/plugins/boardmanager/
2025-12-28 09:23:27,488 [INFO] ApiDb:261 - Set plugin images path to: C:\ST\STM32CubeIDE_1.19.0\STM32CubeIDE\plugins\com.st.stm32cube.common.mx_6.15.0.202507011659\\db\/plugins/mcufinder/images/
2025-12-28 09:23:27,489 [WARN] DbFile:41 - Overriding database path with different value: C:\Users\ASUS\.stmcufinder\plugins\mcufinder/ => C:\Users\ASUS\.stmcufinder\plugins\mcufinder
2025-12-28 09:23:27,489 [INFO] ApiDb:250 - Set database path to: C:\Users\ASUS\.stmcufinder\plugins\mcufinder//mcu/
2025-12-28 09:23:27,489 [WARN] DbFile:41 - Overriding database path with different value: C:\Users\ASUS\.stmcufinder\plugins\mcufinder/ => C:\Users\ASUS\.stmcufinder\plugins\mcufinder
2025-12-28 09:23:27,489 [INFO] DbMcusAds:125 - Set database path to: C:\Users\ASUS\.stmcufinder\plugins\mcufinder//mcu/
2025-12-28 09:23:27,489 [WARN] DbFile:41 - Overriding database path with different value: C:\Users\ASUS\.stmcufinder\plugins\mcufinder/ => C:\Users\ASUS\.stmcufinder\plugins\mcufinder
2025-12-28 09:23:27,489 [WARN] DbFile:41 - Overriding database path with different value: C:\Users\ASUS\.stmcufinder\plugins\mcufinder/ => C:\Users\ASUS\.stmcufinder\plugins\mcufinder
2025-12-28 09:23:27,489 [INFO] CrossReferenceDbSqlite:203 - Set database path to: C:\Users\ASUS\.stmcufinder\plugins\mcufinder//mcu/cs/
2025-12-28 09:23:27,629 [INFO] MainPanel:274 - HeapMemory: 268435456
2025-12-28 09:23:27,825 [INFO] DbMcusXml:78 - Set database path to: C:\ST\STM32CubeIDE_1.19.0\STM32CubeIDE\plugins\com.st.stm32cube.common.mx_6.15.0.202507011659\\db\/mcu/
2025-12-28 09:23:27,825 [INFO] ApiDb:274 - Set plugin database path to: C:\ST\STM32CubeIDE_1.19.0\STM32CubeIDE\plugins\com.st.stm32cube.common.mx_6.15.0.202507011659\\db\/plugins/boardmanager/
2025-12-28 09:23:27,825 [INFO] ApiDb:261 - Set plugin images path to: C:\ST\STM32CubeIDE_1.19.0\STM32CubeIDE\plugins\com.st.stm32cube.common.mx_6.15.0.202507011659\\db\/plugins/mcufinder/images/
2025-12-28 09:23:27,826 [WARN] DbFile:41 - Overriding database path with different value: C:\Users\ASUS\.stmcufinder\plugins\mcufinder/ => C:\Users\ASUS\.stmcufinder\plugins\mcufinder
2025-12-28 09:23:27,826 [INFO] ApiDb:250 - Set database path to: C:\Users\ASUS\.stmcufinder\plugins\mcufinder//mcu/
2025-12-28 09:23:27,826 [WARN] DbFile:41 - Overriding database path with different value: C:\Users\ASUS\.stmcufinder\plugins\mcufinder/ => C:\Users\ASUS\.stmcufinder\plugins\mcufinder
2025-12-28 09:23:27,826 [INFO] DbMcusAds:125 - Set database path to: C:\Users\ASUS\.stmcufinder\plugins\mcufinder//mcu/
2025-12-28 09:23:27,826 [WARN] DbFile:41 - Overriding database path with different value: C:\Users\ASUS\.stmcufinder\plugins\mcufinder/ => C:\Users\ASUS\.stmcufinder\plugins\mcufinder
2025-12-28 09:23:27,826 [WARN] DbFile:41 - Overriding database path with different value: C:\Users\ASUS\.stmcufinder\plugins\mcufinder/ => C:\Users\ASUS\.stmcufinder\plugins\mcufinder
2025-12-28 09:23:27,826 [INFO] CrossReferenceDbSqlite:203 - Set database path to: C:\Users\ASUS\.stmcufinder\plugins\mcufinder//mcu/cs/
2025-12-28 09:23:27,853 [INFO] ApplicationProperties:184 - Using Application install path: C:\ST\STM32CubeIDE_1.19.0\STM32CubeIDE\plugins\com.st.stm32cube.common.mx_6.15.0.202507011659
2025-12-28 09:23:27,856 [INFO] PluginManage:196 - Search for loadable plugins [exclusion list=, ]
2025-12-28 09:23:27,887 [INFO] PluginManage:310 - Check plugin analytics
2025-12-28 09:23:28,329 [INFO] AnalyticsPlugin:253 - Accepted Software Licenses: STM32CubeMX.6.12.1
2025-12-28 09:23:28,330 [INFO] AnalyticsPlugin:255 - Accepted CMSIS Pack Licenses: 
2025-12-28 09:23:28,330 [INFO] AnalyticsPlugin:257 - Accepted Firmware Licenses: 
2025-12-28 09:23:28,332 [INFO] PluginManage:359 - Loaded plugin analytics (category:tool,tabindex:-1)
2025-12-28 09:23:28,333 [INFO] PluginManage:310 - Check plugin cadmodel
2025-12-28 09:23:28,351 [INFO] CADModel:105 - Init CAD model plugin
2025-12-28 09:23:28,352 [INFO] PluginManage:359 - Loaded plugin cadmodel (category:power,tabindex:5)
2025-12-28 09:23:28,352 [INFO] PluginManage:310 - Check plugin clock
2025-12-28 09:23:28,416 [INFO] PluginManage:359 - Loaded plugin clock (category:base,tabindex:2)
2025-12-28 09:23:28,416 [INFO] PluginManage:310 - Check plugin ddr
2025-12-28 09:23:28,416 [INFO] PluginManage:359 - Loaded plugin ddr (category:tool,tabindex:6)
2025-12-28 09:23:28,416 [INFO] PluginManage:310 - Check plugin filemanager
2025-12-28 09:23:28,795 [INFO] PluginManage:359 - Loaded plugin filemanager (category:base,tabindex:10)
2025-12-28 09:23:28,795 [INFO] PluginManage:310 - Check plugin ipmanager
2025-12-28 09:23:28,834 [INFO] PluginManage:359 - Loaded plugin ipmanager (category:base,tabindex:5)
2025-12-28 09:23:28,834 [INFO] PluginManage:310 - Check plugin lpbam
2025-12-28 09:23:28,911 [INFO] PluginManage:359 - Loaded plugin lpbam (category:base,tabindex:0)
2025-12-28 09:23:28,911 [INFO] PluginManage:310 - Check plugin memorymap
2025-12-28 09:23:28,967 [INFO] PluginManage:359 - Loaded plugin memorymap (category:base,tabindex:4)
2025-12-28 09:23:28,968 [INFO] PluginManage:310 - Check plugin pinoutandconfiguration
2025-12-28 09:23:28,988 [INFO] PluginManage:359 - Loaded plugin pinoutandconfiguration (category:base,tabindex:1)
2025-12-28 09:23:28,988 [INFO] PluginManage:310 - Check plugin pinoutconfig
2025-12-28 09:23:29,209 [WARN] SupportedApi:132 - Cannot load RTOS API schema: s4s-elt-must-match.1: The content of 'definitions' must match (annotation?, (simpleType | complexType)?, (unique | key | keyref)*)). A problem was found starting at: attribute.
2025-12-28 09:23:29,778 [INFO] PluginManage:359 - Loaded plugin pinoutconfig (category:base,tabindex:0)
2025-12-28 09:23:29,778 [INFO] PluginManage:310 - Check plugin power
2025-12-28 09:23:29,850 [INFO] PluginManage:359 - Loaded plugin power (category:power,tabindex:4)
2025-12-28 09:23:29,850 [INFO] PluginManage:310 - Check plugin projectmanager
2025-12-28 09:23:29,915 [INFO] PluginManage:359 - Loaded plugin projectmanager (category:projectmanager,tabindex:4)
2025-12-28 09:23:29,915 [INFO] PluginManage:310 - Check plugin rif
2025-12-28 09:23:29,984 [INFO] PluginManage:359 - Loaded plugin rif (category:base,tabindex:3)
2025-12-28 09:23:29,984 [INFO] PluginManage:310 - Check plugin thirdparty
2025-12-28 09:23:31,077 [INFO] PluginManage:359 - Loaded plugin thirdparty (category:base,tabindex:-1)
2025-12-28 09:23:31,077 [WARN] IntegrityCheckThread:84 - waiting for thirdparty lock release [integrity check]
2025-12-28 09:23:31,079 [INFO] PluginManage:310 - Check plugin tools
2025-12-28 09:23:31,079 [INFO] IntegrityCheckThread:86 - entering critical section [integrity check]
2025-12-28 09:23:31,079 [INFO] ThirdPartyUpdaterWithRetryManager:70 - Updater plugin not ready yet. [1/15]
2025-12-28 09:23:31,142 [INFO] PluginManage:359 - Loaded plugin tools (category:base,tabindex:7)
2025-12-28 09:23:31,142 [INFO] PluginManage:310 - Check plugin tutovideos
2025-12-28 09:23:31,826 [INFO] PluginManage:359 - Loaded plugin tutovideos (category:base,tabindex:-1)
2025-12-28 09:23:31,826 [INFO] PluginManage:310 - Check plugin updater
2025-12-28 09:23:31,906 [INFO] PluginManage:359 - Loaded plugin updater (category:base,tabindex:12)
2025-12-28 09:23:31,906 [INFO] PluginManage:310 - Check plugin userauth
2025-12-28 09:23:31,906 [INFO] UserAuth:118 - Init User Auth plugin
2025-12-28 09:23:31,906 [INFO] PluginManage:359 - Loaded plugin userauth (category:base,tabindex:14)
2025-12-28 09:23:31,906 [INFO] PluginManage:283 - PluginManage : Loaded plugins [18]
2025-12-28 09:23:33,120 [INFO] PinOutPanel:1589 - setPackage(No Configuration,No Configuration)
2025-12-28 09:23:34,091 [INFO] ThirdPartyUpdaterWithRetryManager:70 - Updater plugin not ready yet. [2/15]
2025-12-28 09:23:34,901 [INFO] CADModel:165 - CPN selected for project level
2025-12-28 09:23:34,901 [INFO] CADModel:114 - Register for checkConnection events
2025-12-28 09:23:34,949 [INFO] IPUIPlugin:80 - create IPUIPlugin
2025-12-28 09:23:34,949 [INFO] PluginManager:220 - loadIPPluginJar : add adc
2025-12-28 09:23:35,013 [INFO] IPUIPlugin:80 - create IPUIPlugin
2025-12-28 09:23:35,013 [INFO] PluginManager:220 - loadIPPluginJar : add aes
2025-12-28 09:23:35,111 [INFO] IPUIPlugin:80 - create IPUIPlugin
2025-12-28 09:23:35,111 [INFO] PluginManager:220 - loadIPPluginJar : add can
2025-12-28 09:23:35,173 [INFO] IPUIPlugin:80 - create IPUIPlugin
2025-12-28 09:23:35,173 [INFO] PluginManager:220 - loadIPPluginJar : add comp
2025-12-28 09:23:35,221 [INFO] IPUIPlugin:80 - create IPUIPlugin
2025-12-28 09:23:35,221 [INFO] PluginManager:220 - loadIPPluginJar : add cryp
2025-12-28 09:23:35,252 [INFO] IPUIPlugin:80 - create IPUIPlugin
2025-12-28 09:23:35,252 [INFO] PluginManager:220 - loadIPPluginJar : add ddr_ctrl_phy
2025-12-28 09:23:35,284 [INFO] IPUIPlugin:80 - create IPUIPlugin
2025-12-28 09:23:35,284 [INFO] PluginManager:220 - loadIPPluginJar : add dfsdm
2025-12-28 09:23:35,300 [INFO] IPUIPlugin:80 - create IPUIPlugin
2025-12-28 09:23:35,300 [INFO] PluginManager:220 - loadIPPluginJar : add dma
2025-12-28 09:23:35,348 [INFO] IPUIPlugin:80 - create IPUIPlugin
2025-12-28 09:23:35,348 [INFO] PluginManager:220 - loadIPPluginJar : add dma3
2025-12-28 09:23:35,435 [INFO] IPUIPlugin:80 - create IPUIPlugin
2025-12-28 09:23:35,435 [INFO] PluginManager:220 - loadIPPluginJar : add extmemmanager
2025-12-28 09:23:35,475 [INFO] IPUIPlugin:80 - create IPUIPlugin
2025-12-28 09:23:35,491 [INFO] PluginManager:220 - loadIPPluginJar : add fatfs
2025-12-28 09:23:35,590 [INFO] IPUIPlugin:80 - create IPUIPlugin
2025-12-28 09:23:35,590 [INFO] PluginManager:220 - loadIPPluginJar : add fmc
2025-12-28 09:23:35,602 [INFO] IPUIPlugin:80 - create IPUIPlugin
2025-12-28 09:23:35,602 [INFO] PluginManager:220 - loadIPPluginJar : add freertos
2025-12-28 09:23:35,635 [INFO] IPUIPlugin:80 - create IPUIPlugin
2025-12-28 09:23:35,635 [INFO] PluginManager:220 - loadIPPluginJar : add genericplugin
2025-12-28 09:23:35,841 [INFO] IPUIPlugin:80 - create IPUIPlugin
2025-12-28 09:23:35,841 [INFO] PluginManager:220 - loadIPPluginJar : add gfxmmu
2025-12-28 09:23:36,035 [INFO] IPUIPlugin:80 - create IPUIPlugin
2025-12-28 09:23:36,035 [INFO] PluginManager:220 - loadIPPluginJar : add gic
2025-12-28 09:23:36,112 [INFO] IPUIPlugin:80 - create IPUIPlugin
2025-12-28 09:23:36,112 [INFO] PluginManager:220 - loadIPPluginJar : add gpio
2025-12-28 09:23:36,336 [INFO] IPUIPlugin:80 - create IPUIPlugin
2025-12-28 09:23:36,336 [INFO] PluginManager:220 - loadIPPluginJar : add gtzc
2025-12-28 09:23:36,368 [INFO] IPUIPlugin:80 - create IPUIPlugin
2025-12-28 09:23:36,368 [INFO] PluginManager:220 - loadIPPluginJar : add hash
2025-12-28 09:23:36,448 [INFO] IPUIPlugin:80 - create IPUIPlugin
2025-12-28 09:23:36,448 [INFO] PluginManager:220 - loadIPPluginJar : add i2c
2025-12-28 09:23:36,496 [INFO] IPUIPlugin:80 - create IPUIPlugin
2025-12-28 09:23:36,496 [INFO] PluginManager:220 - loadIPPluginJar : add i2s
2025-12-28 09:23:36,576 [INFO] IPUIPlugin:80 - create IPUIPlugin
2025-12-28 09:23:36,576 [INFO] PluginManager:220 - loadIPPluginJar : add i3c
2025-12-28 09:23:36,720 [INFO] IPUIPlugin:80 - create IPUIPlugin
2025-12-28 09:23:36,720 [INFO] PluginManager:220 - loadIPPluginJar : add ipddr
2025-12-28 09:23:36,863 [INFO] IPUIPlugin:80 - create IPUIPlugin
2025-12-28 09:23:36,863 [INFO] PluginManager:220 - loadIPPluginJar : add linkedlist
2025-12-28 09:23:36,942 [INFO] IPUIPlugin:80 - create IPUIPlugin
2025-12-28 09:23:36,942 [INFO] PluginManager:220 - loadIPPluginJar : add lorawan
2025-12-28 09:23:36,995 [INFO] IPUIPlugin:80 - create IPUIPlugin
2025-12-28 09:23:36,995 [INFO] PluginManager:220 - loadIPPluginJar : add ltdc
2025-12-28 09:23:37,022 [INFO] IPUIPlugin:80 - create IPUIPlugin
2025-12-28 09:23:37,022 [INFO] PluginManager:220 - loadIPPluginJar : add mdma
2025-12-28 09:23:37,053 [INFO] IPUIPlugin:80 - create IPUIPlugin
2025-12-28 09:23:37,053 [INFO] PluginManager:220 - loadIPPluginJar : add nvic
2025-12-28 09:23:37,102 [INFO] ThirdPartyUpdaterWithRetryManager:70 - Updater plugin not ready yet. [3/15]
2025-12-28 09:23:37,182 [INFO] IPUIPlugin:80 - create IPUIPlugin
2025-12-28 09:23:37,182 [INFO] PluginManager:220 - loadIPPluginJar : add opamp
2025-12-28 09:23:37,294 [INFO] IPUIPlugin:80 - create IPUIPlugin
2025-12-28 09:23:37,294 [INFO] PluginManager:220 - loadIPPluginJar : add openamp
2025-12-28 09:23:37,390 [INFO] IPUIPlugin:80 - create IPUIPlugin
2025-12-28 09:23:37,390 [INFO] PluginManager:220 - loadIPPluginJar : add pdm2pcm
2025-12-28 09:23:37,405 [INFO] IPUIPlugin:80 - create IPUIPlugin
2025-12-28 09:23:37,405 [INFO] PluginManager:220 - loadIPPluginJar : add plateformsettings
2025-12-28 09:23:37,469 [INFO] IPUIPlugin:80 - create IPUIPlugin
2025-12-28 09:23:37,469 [INFO] PluginManager:220 - loadIPPluginJar : add quadspi
2025-12-28 09:23:37,501 [INFO] IPUIPlugin:80 - create IPUIPlugin
2025-12-28 09:23:37,517 [INFO] PluginManager:220 - loadIPPluginJar : add radio
2025-12-28 09:23:37,538 [INFO] IPUIPlugin:80 - create IPUIPlugin
2025-12-28 09:23:37,538 [INFO] PluginManager:220 - loadIPPluginJar : add resmgrutility
2025-12-28 09:23:37,612 [INFO] IPUIPlugin:80 - create IPUIPlugin
2025-12-28 09:23:37,612 [INFO] PluginManager:220 - loadIPPluginJar : add sai
2025-12-28 09:23:37,691 [INFO] IPUIPlugin:80 - create IPUIPlugin
2025-12-28 09:23:37,691 [INFO] PluginManager:220 - loadIPPluginJar : add spi
2025-12-28 09:23:37,787 [INFO] IPUIPlugin:80 - create IPUIPlugin
2025-12-28 09:23:37,787 [INFO] PluginManager:220 - loadIPPluginJar : add stm32_wpan
2025-12-28 09:23:37,835 [INFO] IPUIPlugin:80 - create IPUIPlugin
2025-12-28 09:23:37,835 [INFO] PluginManager:220 - loadIPPluginJar : add tim
2025-12-28 09:23:37,908 [INFO] IPUIPlugin:80 - create IPUIPlugin
2025-12-28 09:23:37,908 [INFO] PluginManager:220 - loadIPPluginJar : add touchsensing
2025-12-28 09:23:37,977 [INFO] IPUIPlugin:80 - create IPUIPlugin
2025-12-28 09:23:37,977 [INFO] PluginManager:220 - loadIPPluginJar : add tracer_emb
2025-12-28 09:23:38,041 [INFO] IPUIPlugin:80 - create IPUIPlugin
2025-12-28 09:23:38,041 [INFO] PluginManager:220 - loadIPPluginJar : add ts
2025-12-28 09:23:38,110 [INFO] IPUIPlugin:80 - create IPUIPlugin
2025-12-28 09:23:38,110 [INFO] PluginManager:220 - loadIPPluginJar : add tsc
2025-12-28 09:23:38,153 [INFO] IPUIPlugin:80 - create IPUIPlugin
2025-12-28 09:23:38,153 [INFO] PluginManager:220 - loadIPPluginJar : add ucpd
2025-12-28 09:23:38,251 [INFO] IPUIPlugin:80 - create IPUIPlugin
2025-12-28 09:23:38,251 [INFO] PluginManager:220 - loadIPPluginJar : add usart
2025-12-28 09:23:38,296 [INFO] IPUIPlugin:80 - create IPUIPlugin
2025-12-28 09:23:38,296 [INFO] PluginManager:220 - loadIPPluginJar : add usbx
2025-12-28 09:23:38,471 [FATAL] Updater:351 - Updater called before beeing initialized
2025-12-28 09:23:38,512 [INFO] RulesReader:64 - Compatibility file has been processed (317 Rules)
2025-12-28 09:23:38,519 [INFO] RulesReader:64 - Compatibility file has been processed (317 Rules)
2025-12-28 09:23:38,534 [INFO] CADModel:165 - CPN selected for project level
2025-12-28 09:23:38,534 [INFO] CADModel:114 - Register for checkConnection events
2025-12-28 09:23:38,534 [FATAL] Updater:351 - Updater called before beeing initialized
2025-12-28 09:23:38,534 [ERROR] CADModel:125 - Updater not yet initialized, retry later 
2025-12-28 09:23:39,034 [FATAL] Updater:351 - Updater called before beeing initialized
2025-12-28 09:23:39,040 [INFO] CADModel:165 - CPN selected for project level
2025-12-28 09:23:39,040 [INFO] CADModel:114 - Register for checkConnection events
2025-12-28 09:23:39,040 [FATAL] Updater:351 - Updater called before beeing initialized
2025-12-28 09:23:39,040 [ERROR] CADModel:125 - Updater not yet initialized, retry later 
2025-12-28 09:23:39,042 [FATAL] Updater:351 - Updater called before beeing initialized
2025-12-28 09:23:39,294 [FATAL] Updater:351 - Updater called before beeing initialized
2025-12-28 09:23:39,326 [INFO] DbMcusAds:53 - JSON generation date=Thu Oct 02 16:36:05 ICT 2025 (1759397765645)
2025-12-28 09:23:39,326 [FATAL] Updater:351 - Updater called before beeing initialized
2025-12-28 09:23:39,395 [WARN] DetailPanel:346 - Failed to get advertising image, set to default
2025-12-28 09:23:39,564 [FATAL] Updater:351 - Updater called before beeing initialized
2025-12-28 09:23:39,564 [FATAL] Updater:351 - Updater called before beeing initialized
2025-12-28 09:23:39,564 [FATAL] Updater:351 - Updater called before beeing initialized
2025-12-28 09:23:39,564 [WARN] DetailPanel:346 - Failed to get advertising image, set to default
2025-12-28 09:23:39,564 [FATAL] Updater:351 - Updater called before beeing initialized
2025-12-28 09:23:39,715 [ERROR] Updater:1198 - MainUpdater not yet initialized. External WinMGr cannot be set.
2025-12-28 09:23:39,747 [INFO] Updater:1134 - Updater Version found : 6.15.0
2025-12-28 09:23:39,810 [INFO] ApplicationProperties:184 - Using Application install path: C:\ST\STM32CubeIDE_1.19.0\STM32CubeIDE\plugins\com.st.stm32cube.common.mx_6.15.0.202507011659
2025-12-28 09:23:40,112 [INFO] ThirdPartyUpdaterWithRetryManager:70 - Updater plugin not ready yet. [4/15]
2025-12-28 09:23:41,600 [ERROR] LogOutputStream:75 - [STDERR_REDIRECT] Dec 28, 2025 9:23:41 AM java.util.prefs.WindowsPreferences <init>
2025-12-28 09:23:41,600 [ERROR] LogOutputStream:75 - [STDERR_REDIRECT] WARNING: Could not open/create prefs root node Software\JavaSoft\Prefs at root 0xffffffff80000002. Windows RegCreateKeyEx(...) returned error code 5.
2025-12-28 09:23:41,600 [ERROR] LogOutputStream:75 - [STDERR_REDIRECT] 
2025-12-28 09:23:42,301 [INFO] MainUpdater:2872 - connection check result : 10
2025-12-28 09:23:42,301 [INFO] MainUpdater:289 - Updater Check For Update Now.
2025-12-28 09:23:42,301 [INFO] MicroXplorer:498 - Change Database Version : DB.6.0.150
2025-12-28 09:23:42,369 [INFO] McuFinderGlobals:63 - Set McuFinder mode to 2 (CubeIDE integrated)
2025-12-28 09:23:42,369 [INFO] UserAuth:171 - activating auth plugin
2025-12-28 09:23:42,402 [INFO] UserAuth:487 - Internet connection configuration mode: 1
2025-12-28 09:23:42,605 [INFO] JxBrowserEngine:152 - Initiate JxBrowser Engine with user profile folder
2025-12-28 09:23:42,800 [INFO] CheckServerUpdateThread:120 - End of CheckServer Thread
2025-12-28 09:23:43,869 [WARN] PackLoader:240 - Cannot read IP mode file for STMicroelectronics.FP-SNS-MOTENVWB1.1.4.0
2025-12-28 09:23:43,901 [WARN] PackLoader:240 - Cannot read IP mode file for STMicroelectronics.FP-ATR-ASTRA1.2.0.2
2025-12-28 09:23:43,933 [WARN] PackLoader:240 - Cannot read IP mode file for STMicroelectronics.X-CUBE-SMBUS.2.1.0
2025-12-28 09:23:43,953 [WARN] PackLoader:240 - Cannot read IP mode file for STMicroelectronics.X-CUBE-ST60.1.0.0
2025-12-28 09:23:44,012 [WARN] PackLoader:240 - Cannot read IP mode file for STMicroelectronics.X-CUBE-AZRTOS-F7.1.1.0
2025-12-28 09:23:44,066 [WARN] PackLoader:240 - Cannot read IP mode file for Cesanta.I-CUBE-Mongoose.7.19.0
2025-12-28 09:23:44,096 [WARN] PackLoader:240 - Cannot read IP mode file for STMicroelectronics.FP-SNS-MOTENV1.5.1.0
2025-12-28 09:23:44,191 [WARN] PackLoader:240 - Cannot read IP mode file for WES.I-CUBE-Cesium.1.4.0
2025-12-28 09:23:44,301 [WARN] PackLoader:240 - Cannot read IP mode file for Infineon.AIROC-Wi-Fi-Bluetooth-STM32.1.7.1
2025-12-28 09:23:44,413 [WARN] PackLoader:240 - Cannot read IP mode file for STMicroelectronics.X-CUBE-AZRTOS-H7.3.4.0
2025-12-28 09:23:44,480 [WARN] PackLoader:240 - Cannot read IP mode file for STMicroelectronics.X-CUBE-DISPLAY.3.0.0
2025-12-28 09:23:44,527 [WARN] PackLoader:240 - Cannot read IP mode file for STMicroelectronics.X-CUBE-NFC10.1.0.0
2025-12-28 09:23:44,552 [WARN] PackLoader:240 - Cannot read IP mode file for STMicroelectronics.X-CUBE-ST60.1.1.0
2025-12-28 09:23:44,583 [WARN] PackLoader:240 - Cannot read IP mode file for emotas.I-CUBE-CANOPEN.1.3.0
2025-12-28 09:23:44,603 [WARN] PackLoader:240 - Cannot read IP mode file for STMicroelectronics.X-CUBE-GNSS1.7.1.0
2025-12-28 09:23:44,638 [WARN] PackLoader:240 - Cannot read IP mode file for STMicroelectronics.FP-SNS-STBOX1.2.1.0
2025-12-28 09:23:44,681 [WARN] PackLoader:240 - Cannot read IP mode file for STMicroelectronics.FP-SNS-SMARTAG2.1.2.0
2025-12-28 09:23:44,746 [WARN] PackLoader:240 - Cannot read IP mode file for STMicroelectronics.FP-SNS-FLIGHT1.5.1.0
2025-12-28 09:23:44,795 [INFO] LogOutputStream:77 - [STDOUT_REDIRECT] 1 : Invalid condition id : UX_CORESTACK_Condition cause : null
2025-12-28 09:23:44,795 [INFO] LogOutputStream:77 - [STDOUT_REDIRECT] 1 : Invalid condition id : UX_CORESTACK_Condition cause : null
2025-12-28 09:23:44,797 [INFO] LogOutputStream:77 - [STDOUT_REDIRECT] 1 : Invalid condition id : UX_CORESTACK_Condition cause : null
2025-12-28 09:23:44,797 [INFO] LogOutputStream:77 - [STDOUT_REDIRECT] 1 : Invalid condition id : UX_CORESTACK_Condition cause : null
2025-12-28 09:23:44,799 [INFO] LogOutputStream:77 - [STDOUT_REDIRECT] 1 : Invalid condition id : UX_CORESTACK_Condition cause : null
2025-12-28 09:23:44,803 [WARN] PackLoader:240 - Cannot read IP mode file for STMicroelectronics.X-CUBE-AZRTOS-WL.2.0.0
2025-12-28 09:23:44,875 [WARN] PackLoader:240 - Cannot read IP mode file for STMicroelectronics.FP-SNS-MOTENV1.5.0.0
2025-12-28 09:23:44,916 [WARN] PackLoader:240 - Cannot read IP mode file for STMicroelectronics.X-CUBE-AZRTOS-H7RS.1.2.0
2025-12-28 09:23:44,948 [WARN] PackLoader:240 - Cannot read IP mode file for STMicroelectronics.X-CUBE-BLE2.3.3.0
2025-12-28 09:23:45,076 [WARN] PackLoader:240 - Cannot read IP mode file for STMicroelectronics.X-CUBE-NFC9.1.0.0
2025-12-28 09:23:45,118 [WARN] PackLoader:240 - Cannot read IP mode file for wolfSSL.I-CUBE-wolfSSL.5.8.2
2025-12-28 09:23:45,161 [WARN] PackLoader:240 - Cannot read IP mode file for STMicroelectronics.X-CUBE-BLE1.7.1.0
2025-12-28 09:23:45,206 [WARN] PackLoader:240 - Cannot read IP mode file for wolfSSL.I-CUBE-wolfMQTT.1.19.2
2025-12-28 09:23:45,282 [WARN] PackLoader:240 - Cannot read IP mode file for STMicroelectronics.X-CUBE-FREERTOS.1.4.0
2025-12-28 09:23:45,300 [WARN] PackLoader:240 - Cannot read IP mode file for STMicroelectronics.X-CUBE-EEPRMA1.5.2.0
2025-12-28 09:23:45,317 [WARN] PackLoader:240 - Cannot read IP mode file for STMicroelectronics.X-CUBE-ST67W61.1.1.0
2025-12-28 09:23:45,373 [WARN] PackLoader:240 - Cannot read IP mode file for STMicroelectronics.X-CUBE-MEMS1.12.0.0
2025-12-28 09:23:45,412 [INFO] WebApp:169 - Instantiating new browser for Auth
2025-12-28 09:23:45,559 [WARN] PackLoader:240 - Cannot read IP mode file for STMicroelectronics.X-CUBE-AZRTOS-G0.1.1.0
2025-12-28 09:23:45,654 [WARN] PackLoader:240 - Cannot read IP mode file for STMicroelectronics.X-CUBE-SAFEA1.1.2.2
2025-12-28 09:23:45,697 [WARN] PackLoader:240 - Cannot read IP mode file for STMicroelectronics.X-CUBE-NFC4.3.0.0
2025-12-28 09:23:45,808 [WARN] PackLoader:240 - Cannot read IP mode file for EmbeddedOffice.I-CUBE-FS-RTOS.1.0.1
2025-12-28 09:23:45,916 [WARN] PackLoader:240 - Cannot read IP mode file for STMicroelectronics.X-CUBE-WB05N.2.0.0
2025-12-28 09:23:45,989 [WARN] PackLoader:240 - Cannot read IP mode file for wolfSSL.I-CUBE-wolfTPM.3.8.0
2025-12-28 09:23:46,119 [WARN] PackLoader:240 - Cannot read IP mode file for STMicroelectronics.X-CUBE-TCPP.4.2.0
2025-12-28 09:23:46,155 [WARN] PackLoader:240 - Cannot read IP mode file for RealThread.X-CUBE-RT-Thread_Nano.4.1.1
2025-12-28 09:23:46,181 [WARN] PackLoader:240 - Cannot read IP mode file for STMicroelectronics.FP-ATR-SIGFOX1.3.2.0
2025-12-28 09:23:46,225 [WARN] PackLoader:240 - Cannot read IP mode file for ITTIA_DB.I-CUBE-ITTIADB.8.9.0
2025-12-28 09:23:46,307 [WARN] PackLoader:240 - Cannot read IP mode file for STMicroelectronics.X-CUBE-ST67W61.1.0.0
2025-12-28 09:23:46,421 [WARN] PackLoader:240 - Cannot read IP mode file for STMicroelectronics.X-CUBE-AI.10.2.0
2025-12-28 09:23:46,533 [WARN] PackLoader:240 - Cannot read IP mode file for SEGGER.I-CUBE-embOS.1.3.1
2025-12-28 09:23:46,583 [WARN] PackLoader:240 - Cannot read IP mode file for STMicroelectronics.X-CUBE-ALGOBUILD.1.4.0
2025-12-28 09:23:46,695 [WARN] PackLoader:240 - Cannot read IP mode file for STMicroelectronics.X-CUBE-MEMS1.11.3.0
2025-12-28 09:23:46,803 [WARN] PackLoader:240 - Cannot read IP mode file for STMicroelectronics.X-CUBE-PM33A1.1.0.0
2025-12-28 09:23:46,857 [WARN] PackLoader:240 - Cannot read IP mode file for STMicroelectronics.X-CUBE-AZRTOS-F4.1.1.0
2025-12-28 09:23:46,877 [WARN] PackLoader:240 - Cannot read IP mode file for STMicroelectronics.X-CUBE-ISPU.2.1.0
2025-12-28 09:23:46,933 [WARN] PackLoader:240 - Cannot read IP mode file for STMicroelectronics.X-CUBE-IPS.3.2.0
2025-12-28 09:23:46,957 [WARN] PackLoader:240 - Cannot read IP mode file for STMicroelectronics.X-CUBE-NFC12.1.0.0
2025-12-28 09:23:47,086 [WARN] PackLoader:240 - Cannot read IP mode file for STMicroelectronics.X-CUBE-AZRTOS-L5.2.0.0
2025-12-28 09:23:47,122 [WARN] PackLoader:240 - Cannot read IP mode file for STMicroelectronics.X-CUBE-NFC6.3.1.0
2025-12-28 09:23:47,156 [WARN] PackLoader:240 - Cannot read IP mode file for STMicroelectronics.X-CUBE-FREERTOS.1.3.1
2025-12-28 09:23:47,239 [WARN] PackLoader:240 - Cannot read IP mode file for STMicroelectronics.X-CUBE-TOUCHGFX.4.26.0
2025-12-28 09:23:47,283 [WARN] PackLoader:240 - Cannot read IP mode file for STMicroelectronics.FP-SNS-STAIOTCFT.1.0.0
2025-12-28 09:23:47,332 [WARN] PackLoader:240 - Cannot read IP mode file for STMicroelectronics.X-CUBE-DPower.1.3.0
2025-12-28 09:23:47,370 [WARN] ConditionMgr:438 - getConditionDescription Invalid condition id : LAN8742 Phy interface Condition cause : null
2025-12-28 09:23:47,370 [WARN] PackLoader:240 - Cannot read IP mode file for STMicroelectronics.X-CUBE-AZRTOS-L4.2.0.0
2025-12-28 09:23:47,386 [WARN] ConditionMgr:1044 - genDependencies : Invalid condition id : LAN8742 Phy interface Condition cause : null
2025-12-28 09:23:47,386 [WARN] ConditionMgr:1044 - genDependencies : Invalid condition id : LAN8742 Phy interface Condition cause : null
2025-12-28 09:23:47,386 [WARN] ConditionMgr:1044 - genDependencies : Invalid condition id : LAN8742 Phy interface Condition cause : null
2025-12-28 09:23:47,406 [WARN] PackLoader:240 - Cannot read IP mode file for STMicroelectronics.X-CUBE-SFXS2LP1.4.0.0
2025-12-28 09:23:47,424 [WARN] PackLoader:240 - Cannot read IP mode file for STMicroelectronics.X-CUBE-BLEMGR.4.1.0
2025-12-28 09:23:47,488 [WARN] ConditionMgr:438 - getConditionDescription Invalid condition id : UX DEVICE CLASS RTOS Condition cause : null
2025-12-28 09:23:47,488 [WARN] ConditionMgr:438 - getConditionDescription Invalid condition id : UX DEVICE CLASS RTOS Condition cause : null
2025-12-28 09:23:47,490 [WARN] PackLoader:240 - Cannot read IP mode file for STMicroelectronics.X-CUBE-AZRTOS-WB.2.0.0
2025-12-28 09:23:47,490 [WARN] ConditionMgr:1044 - genDependencies : Invalid condition id : UX DEVICE CLASS RTOS Condition cause : null
2025-12-28 09:23:47,490 [WARN] ConditionMgr:1044 - genDependencies : Invalid condition id : UX DEVICE CLASS RTOS Condition cause : null
2025-12-28 09:23:47,490 [WARN] ConditionMgr:1044 - genDependencies : Invalid condition id : UX DEVICE CLASS RTOS Condition cause : null
2025-12-28 09:23:47,492 [WARN] ConditionMgr:1044 - genDependencies : Invalid condition id : UX DEVICE CLASS RTOS Condition cause : null
2025-12-28 09:23:47,492 [WARN] ConditionMgr:1044 - genDependencies : Invalid condition id : UX DEVICE CLASS RTOS Condition cause : null
2025-12-28 09:23:47,510 [WARN] PackLoader:240 - Cannot read IP mode file for STMicroelectronics.X-CUBE-GNSS1.7.0.1
2025-12-28 09:23:47,557 [WARN] ConditionMgr:438 - getConditionDescription Invalid condition id : Cortex-A Device cause : null
2025-12-28 09:23:47,583 [WARN] ConditionMgr:1044 - genDependencies : Invalid condition id : Cortex-A Device cause : null
2025-12-28 09:23:47,583 [WARN] ConditionMgr:1044 - genDependencies : Invalid condition id : Cortex-A Device cause : null
2025-12-28 09:23:47,583 [WARN] ConditionMgr:1044 - genDependencies : Invalid condition id : Cortex-A Device cause : null
2025-12-28 09:23:47,628 [WARN] PackLoader:240 - Cannot read IP mode file for STMicroelectronics.X-CUBE-SUBG2.5.0.0
2025-12-28 09:23:47,664 [WARN] PackLoader:240 - Cannot read IP mode file for STMicroelectronics.X-CUBE-AZRTOS-H7RS.1.1.0
2025-12-28 09:23:47,713 [WARN] PackLoader:240 - Cannot read IP mode file for STMicroelectronics.X-CUBE-AZRTOS-G4.2.0.0
2025-12-28 09:23:47,742 [WARN] PackLoader:240 - Cannot read IP mode file for wolfSSL.I-CUBE-wolfSSH.1.4.20
2025-12-28 09:23:47,766 [WARN] PackLoader:240 - Cannot read IP mode file for STMicroelectronics.X-CUBE-NFC7.2.0.0
2025-12-28 09:23:47,807 [WARN] PackLoader:240 - Cannot read IP mode file for STMicroelectronics.X-CUBE-IPS.3.1.0
2025-12-28 09:23:47,868 [WARN] PackLoader:240 - Cannot read IP mode file for STMicroelectronics.X-CUBE-ALS.1.0.2
2025-12-28 09:23:47,949 [WARN] PackLoader:240 - Cannot read IP mode file for STMicroelectronics.X-CUBE-STSE01.1.0.0
2025-12-28 09:23:48,005 [WARN] PackLoader:240 - Cannot read IP mode file for STMicroelectronics.X-CUBE-TOF1.3.4.3
2025-12-28 09:23:48,015 [INFO] ThirdParty:978 - Integrity check success = true
2025-12-28 09:23:48,015 [INFO] IntegrityCheckThread:100 - exiting critical section [integrity check]
2025-12-28 09:23:48,015 [INFO] IntegrityCheckThread:103 - End integrity checks thread
2025-12-28 09:23:48,112 [INFO] WebApp:463 - Apply proxy settings
2025-12-28 09:23:48,112 [INFO] WebApp:548 - Chromium requires no authentication
2025-12-28 09:23:48,146 [INFO] WebApp:491 - Direct internet connection detected
2025-12-28 09:23:48,244 [INFO] WebApp:900 - Register for checkConnection events
2025-12-28 09:23:48,244 [INFO] WebApp:463 - Apply proxy settings
2025-12-28 09:23:48,244 [INFO] WebApp:548 - Chromium requires no authentication
2025-12-28 09:23:48,244 [INFO] WebApp:491 - Direct internet connection detected
2025-12-28 09:23:48,507 [INFO] WebApp:191 - Connection restablished
2025-12-28 09:23:49,060 [INFO] WebApp:225 - Starting web application
2025-12-28 09:23:49,060 [INFO] WebApp:593 - Web application path used C:\ST\STM32CubeIDE_1.19.0\STM32CubeIDE\plugins\com.st.stm32cube.common.mx_6.15.0.202507011659\db\plugins\mcufinder\reactClient1\index.html
2025-12-28 09:33:39,089 [ERROR] LogOutputStream:75 - [STDERR_REDIRECT] 
2025-12-28 09:33:39,089 [ERROR] LogOutputStream:75 - [STDERR_REDIRECT] 
