2025-11-21 00:26:56,678 [ERROR] LogOutputStream:75 - [STDERR_REDIRECT] 
2025-11-21 21:52:13,056 [INFO] Activator:176 - 


2025-11-21 21:52:13,063 [INFO] Activator:177 - !SESSION log4j initialized
2025-11-21 21:52:22,741 [INFO] LogOutputStream:77 - [STDOUT_REDIRECT] 
2025-11-21 21:52:25,307 [INFO] ApplicationProperties:184 - Using Application install path: C:\ST\STM32CubeIDE_1.19.0\STM32CubeIDE\plugins\com.st.stm32cube.common.mx_6.15.0.202507011659
2025-11-21 21:52:25,334 [INFO] DbMcusXml:78 - Set database path to: C:\ST\STM32CubeIDE_1.19.0\STM32CubeIDE\plugins\com.st.stm32cube.common.mx_6.15.0.202507011659\\db\/mcu/
2025-11-21 21:52:25,335 [INFO] ApiDb:274 - Set plugin database path to: C:\ST\STM32CubeIDE_1.19.0\STM32CubeIDE\plugins\com.st.stm32cube.common.mx_6.15.0.202507011659\\db\/plugins/boardmanager/
2025-11-21 21:52:25,335 [WARN] ApiDb:259 - Overriding images path with different value:  => C:\ST\STM32CubeIDE_1.19.0\STM32CubeIDE\plugins\com.st.stm32cube.common.mx_6.15.0.202507011659\\db\/plugins/mcufinder/images/
2025-11-21 21:52:25,354 [INFO] ApiDb:250 - Set database path to: C:\Users\ASUS\.stmcufinder\plugins\mcufinder//mcu/
2025-11-21 21:52:25,356 [INFO] DbMcusAds:125 - Set database path to: C:\Users\ASUS\.stmcufinder\plugins\mcufinder//mcu/
2025-11-21 21:52:25,358 [INFO] CrossReferenceDbSqlite:203 - Set database path to: C:\Users\ASUS\.stmcufinder\plugins\mcufinder//mcu/cs/
2025-11-21 21:52:25,535 [INFO] RulesReader:64 - Compatibility file has been processed (317 Rules)
2025-11-21 21:52:25,645 [INFO] DbMcusXml:78 - Set database path to: C:\ST\STM32CubeIDE_1.19.0\STM32CubeIDE\plugins\com.st.stm32cube.common.mx_6.15.0.202507011659\\db\/mcu/
2025-11-21 21:52:25,645 [INFO] ApiDb:274 - Set plugin database path to: C:\ST\STM32CubeIDE_1.19.0\STM32CubeIDE\plugins\com.st.stm32cube.common.mx_6.15.0.202507011659\\db\/plugins/boardmanager/
2025-11-21 21:52:25,645 [INFO] ApiDb:261 - Set plugin images path to: C:\ST\STM32CubeIDE_1.19.0\STM32CubeIDE\plugins\com.st.stm32cube.common.mx_6.15.0.202507011659\\db\/plugins/mcufinder/images/
2025-11-21 21:52:25,646 [WARN] DbFile:41 - Overriding database path with different value: C:\Users\ASUS\.stmcufinder\plugins\mcufinder/ => C:\Users\ASUS\.stmcufinder\plugins\mcufinder
2025-11-21 21:52:25,646 [INFO] ApiDb:250 - Set database path to: C:\Users\ASUS\.stmcufinder\plugins\mcufinder//mcu/
2025-11-21 21:52:25,646 [WARN] DbFile:41 - Overriding database path with different value: C:\Users\ASUS\.stmcufinder\plugins\mcufinder/ => C:\Users\ASUS\.stmcufinder\plugins\mcufinder
2025-11-21 21:52:25,646 [INFO] DbMcusAds:125 - Set database path to: C:\Users\ASUS\.stmcufinder\plugins\mcufinder//mcu/
2025-11-21 21:52:25,646 [WARN] DbFile:41 - Overriding database path with different value: C:\Users\ASUS\.stmcufinder\plugins\mcufinder/ => C:\Users\ASUS\.stmcufinder\plugins\mcufinder
2025-11-21 21:52:25,646 [WARN] DbFile:41 - Overriding database path with different value: C:\Users\ASUS\.stmcufinder\plugins\mcufinder/ => C:\Users\ASUS\.stmcufinder\plugins\mcufinder
2025-11-21 21:52:25,646 [INFO] CrossReferenceDbSqlite:203 - Set database path to: C:\Users\ASUS\.stmcufinder\plugins\mcufinder//mcu/cs/
2025-11-21 21:52:25,765 [INFO] MainPanel:274 - HeapMemory: 268435456
2025-11-21 21:52:25,926 [INFO] DbMcusXml:78 - Set database path to: C:\ST\STM32CubeIDE_1.19.0\STM32CubeIDE\plugins\com.st.stm32cube.common.mx_6.15.0.202507011659\\db\/mcu/
2025-11-21 21:52:25,927 [INFO] ApiDb:274 - Set plugin database path to: C:\ST\STM32CubeIDE_1.19.0\STM32CubeIDE\plugins\com.st.stm32cube.common.mx_6.15.0.202507011659\\db\/plugins/boardmanager/
2025-11-21 21:52:25,927 [INFO] ApiDb:261 - Set plugin images path to: C:\ST\STM32CubeIDE_1.19.0\STM32CubeIDE\plugins\com.st.stm32cube.common.mx_6.15.0.202507011659\\db\/plugins/mcufinder/images/
2025-11-21 21:52:25,927 [WARN] DbFile:41 - Overriding database path with different value: C:\Users\ASUS\.stmcufinder\plugins\mcufinder/ => C:\Users\ASUS\.stmcufinder\plugins\mcufinder
2025-11-21 21:52:25,927 [INFO] ApiDb:250 - Set database path to: C:\Users\ASUS\.stmcufinder\plugins\mcufinder//mcu/
2025-11-21 21:52:25,927 [WARN] DbFile:41 - Overriding database path with different value: C:\Users\ASUS\.stmcufinder\plugins\mcufinder/ => C:\Users\ASUS\.stmcufinder\plugins\mcufinder
2025-11-21 21:52:25,927 [INFO] DbMcusAds:125 - Set database path to: C:\Users\ASUS\.stmcufinder\plugins\mcufinder//mcu/
2025-11-21 21:52:25,927 [WARN] DbFile:41 - Overriding database path with different value: C:\Users\ASUS\.stmcufinder\plugins\mcufinder/ => C:\Users\ASUS\.stmcufinder\plugins\mcufinder
2025-11-21 21:52:25,927 [WARN] DbFile:41 - Overriding database path with different value: C:\Users\ASUS\.stmcufinder\plugins\mcufinder/ => C:\Users\ASUS\.stmcufinder\plugins\mcufinder
2025-11-21 21:52:25,927 [INFO] CrossReferenceDbSqlite:203 - Set database path to: C:\Users\ASUS\.stmcufinder\plugins\mcufinder//mcu/cs/
2025-11-21 21:52:25,951 [INFO] ApplicationProperties:184 - Using Application install path: C:\ST\STM32CubeIDE_1.19.0\STM32CubeIDE\plugins\com.st.stm32cube.common.mx_6.15.0.202507011659
2025-11-21 21:52:25,953 [INFO] PluginManage:196 - Search for loadable plugins [exclusion list=, ]
2025-11-21 21:52:25,954 [INFO] PluginManage:310 - Check plugin analytics
2025-11-21 21:52:26,206 [INFO] AnalyticsPlugin:253 - Accepted Software Licenses: STM32CubeMX.6.12.1
2025-11-21 21:52:26,208 [INFO] AnalyticsPlugin:255 - Accepted CMSIS Pack Licenses: 
2025-11-21 21:52:26,208 [INFO] AnalyticsPlugin:257 - Accepted Firmware Licenses: 
2025-11-21 21:52:26,211 [INFO] PluginManage:359 - Loaded plugin analytics (category:tool,tabindex:-1)
2025-11-21 21:52:26,212 [INFO] PluginManage:310 - Check plugin cadmodel
2025-11-21 21:52:26,241 [INFO] CADModel:105 - Init CAD model plugin
2025-11-21 21:52:26,241 [INFO] PluginManage:359 - Loaded plugin cadmodel (category:power,tabindex:5)
2025-11-21 21:52:26,242 [INFO] PluginManage:310 - Check plugin clock
2025-11-21 21:52:26,281 [INFO] PluginManage:359 - Loaded plugin clock (category:base,tabindex:2)
2025-11-21 21:52:26,282 [INFO] PluginManage:310 - Check plugin ddr
2025-11-21 21:52:26,284 [INFO] PluginManage:359 - Loaded plugin ddr (category:tool,tabindex:6)
2025-11-21 21:52:26,284 [INFO] PluginManage:310 - Check plugin filemanager
2025-11-21 21:52:26,506 [INFO] PluginManage:359 - Loaded plugin filemanager (category:base,tabindex:10)
2025-11-21 21:52:26,507 [INFO] PluginManage:310 - Check plugin ipmanager
2025-11-21 21:52:26,522 [INFO] PluginManage:359 - Loaded plugin ipmanager (category:base,tabindex:5)
2025-11-21 21:52:26,522 [INFO] PluginManage:310 - Check plugin lpbam
2025-11-21 21:52:26,552 [INFO] PluginManage:359 - Loaded plugin lpbam (category:base,tabindex:0)
2025-11-21 21:52:26,553 [INFO] PluginManage:310 - Check plugin memorymap
2025-11-21 21:52:26,590 [INFO] PluginManage:359 - Loaded plugin memorymap (category:base,tabindex:4)
2025-11-21 21:52:26,590 [INFO] PluginManage:310 - Check plugin pinoutandconfiguration
2025-11-21 21:52:26,615 [INFO] PluginManage:359 - Loaded plugin pinoutandconfiguration (category:base,tabindex:1)
2025-11-21 21:52:26,615 [INFO] PluginManage:310 - Check plugin pinoutconfig
2025-11-21 21:52:26,742 [WARN] SupportedApi:132 - Cannot load RTOS API schema: s4s-elt-must-match.1: The content of 'definitions' must match (annotation?, (simpleType | complexType)?, (unique | key | keyref)*)). A problem was found starting at: attribute.
2025-11-21 21:52:26,973 [INFO] PluginManage:359 - Loaded plugin pinoutconfig (category:base,tabindex:0)
2025-11-21 21:52:26,974 [INFO] PluginManage:310 - Check plugin power
2025-11-21 21:52:27,012 [INFO] PluginManage:359 - Loaded plugin power (category:power,tabindex:4)
2025-11-21 21:52:27,013 [INFO] PluginManage:310 - Check plugin projectmanager
2025-11-21 21:52:27,040 [INFO] PluginManage:359 - Loaded plugin projectmanager (category:projectmanager,tabindex:4)
2025-11-21 21:52:27,040 [INFO] PluginManage:310 - Check plugin rif
2025-11-21 21:52:27,083 [INFO] PluginManage:359 - Loaded plugin rif (category:base,tabindex:3)
2025-11-21 21:52:27,084 [INFO] PluginManage:310 - Check plugin thirdparty
2025-11-21 21:52:27,544 [INFO] PluginManage:359 - Loaded plugin thirdparty (category:base,tabindex:-1)
2025-11-21 21:52:27,544 [WARN] IntegrityCheckThread:84 - waiting for thirdparty lock release [integrity check]
2025-11-21 21:52:27,545 [INFO] PluginManage:310 - Check plugin tools
2025-11-21 21:52:27,545 [INFO] IntegrityCheckThread:86 - entering critical section [integrity check]
2025-11-21 21:52:27,545 [INFO] ThirdPartyUpdaterWithRetryManager:70 - Updater plugin not ready yet. [1/15]
2025-11-21 21:52:27,602 [INFO] PluginManage:359 - Loaded plugin tools (category:base,tabindex:7)
2025-11-21 21:52:27,602 [INFO] PluginManage:310 - Check plugin tutovideos
2025-11-21 21:52:27,897 [INFO] PluginManage:359 - Loaded plugin tutovideos (category:base,tabindex:-1)
2025-11-21 21:52:27,897 [INFO] PluginManage:310 - Check plugin updater
2025-11-21 21:52:27,938 [INFO] PluginManage:359 - Loaded plugin updater (category:base,tabindex:12)
2025-11-21 21:52:27,938 [INFO] PluginManage:310 - Check plugin userauth
2025-11-21 21:52:27,943 [INFO] UserAuth:118 - Init User Auth plugin
2025-11-21 21:52:27,944 [INFO] PluginManage:359 - Loaded plugin userauth (category:base,tabindex:14)
2025-11-21 21:52:27,944 [INFO] PluginManage:283 - PluginManage : Loaded plugins [18]
2025-11-21 21:52:28,213 [INFO] PinOutPanel:1589 - setPackage(No Configuration,No Configuration)
2025-11-21 21:52:28,325 [INFO] CADModel:165 - CPN selected for project level
2025-11-21 21:52:28,326 [INFO] CADModel:114 - Register for checkConnection events
2025-11-21 21:52:28,368 [INFO] IPUIPlugin:80 - create IPUIPlugin
2025-11-21 21:52:28,368 [INFO] PluginManager:220 - loadIPPluginJar : add adc
2025-11-21 21:52:28,449 [INFO] IPUIPlugin:80 - create IPUIPlugin
2025-11-21 21:52:28,450 [INFO] PluginManager:220 - loadIPPluginJar : add aes
2025-11-21 21:52:28,525 [INFO] IPUIPlugin:80 - create IPUIPlugin
2025-11-21 21:52:28,526 [INFO] PluginManager:220 - loadIPPluginJar : add can
2025-11-21 21:52:28,568 [INFO] IPUIPlugin:80 - create IPUIPlugin
2025-11-21 21:52:28,568 [INFO] PluginManager:220 - loadIPPluginJar : add comp
2025-11-21 21:52:28,621 [INFO] IPUIPlugin:80 - create IPUIPlugin
2025-11-21 21:52:28,621 [INFO] PluginManager:220 - loadIPPluginJar : add cryp
2025-11-21 21:52:28,640 [INFO] IPUIPlugin:80 - create IPUIPlugin
2025-11-21 21:52:28,641 [INFO] PluginManager:220 - loadIPPluginJar : add ddr_ctrl_phy
2025-11-21 21:52:28,688 [INFO] IPUIPlugin:80 - create IPUIPlugin
2025-11-21 21:52:28,689 [INFO] PluginManager:220 - loadIPPluginJar : add dfsdm
2025-11-21 21:52:28,709 [INFO] IPUIPlugin:80 - create IPUIPlugin
2025-11-21 21:52:28,710 [INFO] PluginManager:220 - loadIPPluginJar : add dma
2025-11-21 21:52:28,769 [INFO] IPUIPlugin:80 - create IPUIPlugin
2025-11-21 21:52:28,769 [INFO] PluginManager:220 - loadIPPluginJar : add dma3
2025-11-21 21:52:28,837 [INFO] IPUIPlugin:80 - create IPUIPlugin
2025-11-21 21:52:28,837 [INFO] PluginManager:220 - loadIPPluginJar : add extmemmanager
2025-11-21 21:52:28,867 [INFO] IPUIPlugin:80 - create IPUIPlugin
2025-11-21 21:52:28,868 [INFO] PluginManager:220 - loadIPPluginJar : add fatfs
2025-11-21 21:52:28,939 [INFO] IPUIPlugin:80 - create IPUIPlugin
2025-11-21 21:52:28,939 [INFO] PluginManager:220 - loadIPPluginJar : add fmc
2025-11-21 21:52:28,960 [INFO] IPUIPlugin:80 - create IPUIPlugin
2025-11-21 21:52:28,960 [INFO] PluginManager:220 - loadIPPluginJar : add freertos
2025-11-21 21:52:28,997 [INFO] IPUIPlugin:80 - create IPUIPlugin
2025-11-21 21:52:28,997 [INFO] PluginManager:220 - loadIPPluginJar : add genericplugin
2025-11-21 21:52:29,153 [INFO] IPUIPlugin:80 - create IPUIPlugin
2025-11-21 21:52:29,153 [INFO] PluginManager:220 - loadIPPluginJar : add gfxmmu
2025-11-21 21:52:29,360 [INFO] IPUIPlugin:80 - create IPUIPlugin
2025-11-21 21:52:29,360 [INFO] PluginManager:220 - loadIPPluginJar : add gic
2025-11-21 21:52:29,379 [INFO] IPUIPlugin:80 - create IPUIPlugin
2025-11-21 21:52:29,379 [INFO] PluginManager:220 - loadIPPluginJar : add gpio
2025-11-21 21:52:29,522 [INFO] IPUIPlugin:80 - create IPUIPlugin
2025-11-21 21:52:29,522 [INFO] PluginManager:220 - loadIPPluginJar : add gtzc
2025-11-21 21:52:29,573 [INFO] IPUIPlugin:80 - create IPUIPlugin
2025-11-21 21:52:29,573 [INFO] PluginManager:220 - loadIPPluginJar : add hash
2025-11-21 21:52:29,656 [INFO] IPUIPlugin:80 - create IPUIPlugin
2025-11-21 21:52:29,656 [INFO] PluginManager:220 - loadIPPluginJar : add i2c
2025-11-21 21:52:29,722 [INFO] IPUIPlugin:80 - create IPUIPlugin
2025-11-21 21:52:29,723 [INFO] PluginManager:220 - loadIPPluginJar : add i2s
2025-11-21 21:52:29,790 [INFO] IPUIPlugin:80 - create IPUIPlugin
2025-11-21 21:52:29,791 [INFO] PluginManager:220 - loadIPPluginJar : add i3c
2025-11-21 21:52:29,935 [INFO] IPUIPlugin:80 - create IPUIPlugin
2025-11-21 21:52:29,936 [INFO] PluginManager:220 - loadIPPluginJar : add ipddr
2025-11-21 21:52:30,081 [INFO] IPUIPlugin:80 - create IPUIPlugin
2025-11-21 21:52:30,082 [INFO] PluginManager:220 - loadIPPluginJar : add linkedlist
2025-11-21 21:52:30,136 [INFO] IPUIPlugin:80 - create IPUIPlugin
2025-11-21 21:52:30,136 [INFO] PluginManager:220 - loadIPPluginJar : add lorawan
2025-11-21 21:52:30,192 [INFO] IPUIPlugin:80 - create IPUIPlugin
2025-11-21 21:52:30,192 [INFO] PluginManager:220 - loadIPPluginJar : add ltdc
2025-11-21 21:52:30,212 [INFO] IPUIPlugin:80 - create IPUIPlugin
2025-11-21 21:52:30,212 [INFO] PluginManager:220 - loadIPPluginJar : add mdma
2025-11-21 21:52:30,228 [INFO] IPUIPlugin:80 - create IPUIPlugin
2025-11-21 21:52:30,228 [INFO] PluginManager:220 - loadIPPluginJar : add nvic
2025-11-21 21:52:30,291 [INFO] IPUIPlugin:80 - create IPUIPlugin
2025-11-21 21:52:30,291 [INFO] PluginManager:220 - loadIPPluginJar : add opamp
2025-11-21 21:52:30,391 [INFO] IPUIPlugin:80 - create IPUIPlugin
2025-11-21 21:52:30,391 [INFO] PluginManager:220 - loadIPPluginJar : add openamp
2025-11-21 21:52:30,466 [INFO] IPUIPlugin:80 - create IPUIPlugin
2025-11-21 21:52:30,466 [INFO] PluginManager:220 - loadIPPluginJar : add pdm2pcm
2025-11-21 21:52:30,488 [INFO] IPUIPlugin:80 - create IPUIPlugin
2025-11-21 21:52:30,492 [INFO] PluginManager:220 - loadIPPluginJar : add plateformsettings
2025-11-21 21:52:30,534 [INFO] IPUIPlugin:80 - create IPUIPlugin
2025-11-21 21:52:30,534 [INFO] PluginManager:220 - loadIPPluginJar : add quadspi
2025-11-21 21:52:30,554 [INFO] ThirdPartyUpdaterWithRetryManager:70 - Updater plugin not ready yet. [2/15]
2025-11-21 21:52:30,577 [INFO] IPUIPlugin:80 - create IPUIPlugin
2025-11-21 21:52:30,578 [INFO] PluginManager:220 - loadIPPluginJar : add radio
2025-11-21 21:52:30,596 [INFO] IPUIPlugin:80 - create IPUIPlugin
2025-11-21 21:52:30,596 [INFO] PluginManager:220 - loadIPPluginJar : add resmgrutility
2025-11-21 21:52:30,665 [INFO] IPUIPlugin:80 - create IPUIPlugin
2025-11-21 21:52:30,665 [INFO] PluginManager:220 - loadIPPluginJar : add sai
2025-11-21 21:52:30,724 [INFO] IPUIPlugin:80 - create IPUIPlugin
2025-11-21 21:52:30,724 [INFO] PluginManager:220 - loadIPPluginJar : add spi
2025-11-21 21:52:30,845 [INFO] IPUIPlugin:80 - create IPUIPlugin
2025-11-21 21:52:30,845 [INFO] PluginManager:220 - loadIPPluginJar : add stm32_wpan
2025-11-21 21:52:30,881 [INFO] IPUIPlugin:80 - create IPUIPlugin
2025-11-21 21:52:30,882 [INFO] PluginManager:220 - loadIPPluginJar : add tim
2025-11-21 21:52:30,974 [INFO] IPUIPlugin:80 - create IPUIPlugin
2025-11-21 21:52:30,975 [INFO] PluginManager:220 - loadIPPluginJar : add touchsensing
2025-11-21 21:52:31,009 [INFO] IPUIPlugin:80 - create IPUIPlugin
2025-11-21 21:52:31,009 [INFO] PluginManager:220 - loadIPPluginJar : add tracer_emb
2025-11-21 21:52:31,050 [INFO] IPUIPlugin:80 - create IPUIPlugin
2025-11-21 21:52:31,050 [INFO] PluginManager:220 - loadIPPluginJar : add ts
2025-11-21 21:52:31,088 [INFO] IPUIPlugin:80 - create IPUIPlugin
2025-11-21 21:52:31,088 [INFO] PluginManager:220 - loadIPPluginJar : add tsc
2025-11-21 21:52:31,124 [INFO] IPUIPlugin:80 - create IPUIPlugin
2025-11-21 21:52:31,125 [INFO] PluginManager:220 - loadIPPluginJar : add ucpd
2025-11-21 21:52:31,187 [INFO] IPUIPlugin:80 - create IPUIPlugin
2025-11-21 21:52:31,187 [INFO] PluginManager:220 - loadIPPluginJar : add usart
2025-11-21 21:52:31,259 [INFO] IPUIPlugin:80 - create IPUIPlugin
2025-11-21 21:52:31,260 [INFO] PluginManager:220 - loadIPPluginJar : add usbx
2025-11-21 21:52:31,397 [FATAL] Updater:351 - Updater called before beeing initialized
2025-11-21 21:52:31,430 [INFO] RulesReader:64 - Compatibility file has been processed (317 Rules)
2025-11-21 21:52:31,444 [INFO] RulesReader:64 - Compatibility file has been processed (317 Rules)
2025-11-21 21:52:31,455 [INFO] CADModel:165 - CPN selected for project level
2025-11-21 21:52:31,455 [INFO] CADModel:114 - Register for checkConnection events
2025-11-21 21:52:31,455 [FATAL] Updater:351 - Updater called before beeing initialized
2025-11-21 21:52:31,455 [ERROR] CADModel:125 - Updater not yet initialized, retry later 
2025-11-21 21:52:31,637 [FATAL] Updater:351 - Updater called before beeing initialized
2025-11-21 21:52:31,644 [INFO] CADModel:165 - CPN selected for project level
2025-11-21 21:52:31,645 [INFO] CADModel:114 - Register for checkConnection events
2025-11-21 21:52:31,645 [FATAL] Updater:351 - Updater called before beeing initialized
2025-11-21 21:52:31,645 [ERROR] CADModel:125 - Updater not yet initialized, retry later 
2025-11-21 21:52:31,649 [FATAL] Updater:351 - Updater called before beeing initialized
2025-11-21 21:52:31,780 [FATAL] Updater:351 - Updater called before beeing initialized
2025-11-21 21:52:31,796 [INFO] DbMcusAds:53 - JSON generation date=Thu Oct 02 16:36:05 ICT 2025 (1759397765645)
2025-11-21 21:52:31,797 [FATAL] Updater:351 - Updater called before beeing initialized
2025-11-21 21:52:31,844 [WARN] DetailPanel:346 - Failed to get advertising image, set to default
2025-11-21 21:52:31,936 [FATAL] Updater:351 - Updater called before beeing initialized
2025-11-21 21:52:31,937 [FATAL] Updater:351 - Updater called before beeing initialized
2025-11-21 21:52:31,938 [FATAL] Updater:351 - Updater called before beeing initialized
2025-11-21 21:52:31,938 [WARN] DetailPanel:346 - Failed to get advertising image, set to default
2025-11-21 21:52:31,938 [FATAL] Updater:351 - Updater called before beeing initialized
2025-11-21 21:52:32,009 [ERROR] Updater:1198 - MainUpdater not yet initialized. External WinMGr cannot be set.
2025-11-21 21:52:32,021 [INFO] Updater:1134 - Updater Version found : 6.15.0
2025-11-21 21:52:32,045 [INFO] ApplicationProperties:184 - Using Application install path: C:\ST\STM32CubeIDE_1.19.0\STM32CubeIDE\plugins\com.st.stm32cube.common.mx_6.15.0.202507011659
2025-11-21 21:52:33,567 [INFO] ThirdPartyUpdaterWithRetryManager:70 - Updater plugin not ready yet. [3/15]
2025-11-21 21:52:33,682 [ERROR] LogOutputStream:75 - [STDERR_REDIRECT] Nov 21, 2025 9:52:33 PM java.util.prefs.WindowsPreferences <init>
2025-11-21 21:52:33,686 [ERROR] LogOutputStream:75 - [STDERR_REDIRECT] WARNING: Could not open/create prefs root node Software\JavaSoft\Prefs at root 0xffffffff80000002. Windows RegCreateKeyEx(...) returned error code 5.
2025-11-21 21:52:33,687 [ERROR] LogOutputStream:75 - [STDERR_REDIRECT] 
2025-11-21 21:52:34,106 [INFO] MainUpdater:2872 - connection check result : 10
2025-11-21 21:52:34,107 [INFO] MainUpdater:289 - Updater Check For Update Now.
2025-11-21 21:52:34,107 [INFO] MicroXplorer:498 - Change Database Version : DB.6.0.150
2025-11-21 21:52:34,139 [INFO] McuFinderGlobals:63 - Set McuFinder mode to 2 (CubeIDE integrated)
2025-11-21 21:52:34,140 [INFO] UserAuth:171 - activating auth plugin
2025-11-21 21:52:34,146 [INFO] UserAuth:487 - Internet connection configuration mode: 1
2025-11-21 21:52:34,203 [INFO] JxBrowserEngine:152 - Initiate JxBrowser Engine with user profile folder
2025-11-21 21:52:34,431 [INFO] CheckServerUpdateThread:120 - End of CheckServer Thread
2025-11-21 21:52:36,154 [INFO] WebApp:169 - Instantiating new browser for Auth
2025-11-21 21:52:37,974 [WARN] PackLoader:240 - Cannot read IP mode file for STMicroelectronics.FP-SNS-MOTENVWB1.1.4.0
2025-11-21 21:52:38,077 [WARN] PackLoader:240 - Cannot read IP mode file for STMicroelectronics.FP-ATR-ASTRA1.2.0.2
2025-11-21 21:52:38,151 [INFO] WebApp:463 - Apply proxy settings
2025-11-21 21:52:38,151 [INFO] WebApp:548 - Chromium requires no authentication
2025-11-21 21:52:38,161 [WARN] PackLoader:240 - Cannot read IP mode file for STMicroelectronics.X-CUBE-SMBUS.2.1.0
2025-11-21 21:52:38,180 [INFO] WebApp:491 - Direct internet connection detected
2025-11-21 21:52:38,217 [WARN] PackLoader:240 - Cannot read IP mode file for STMicroelectronics.X-CUBE-ST60.1.0.0
2025-11-21 21:52:38,264 [INFO] WebApp:900 - Register for checkConnection events
2025-11-21 21:52:38,265 [INFO] WebApp:463 - Apply proxy settings
2025-11-21 21:52:38,265 [INFO] WebApp:548 - Chromium requires no authentication
2025-11-21 21:52:38,273 [INFO] WebApp:491 - Direct internet connection detected
2025-11-21 21:52:38,353 [WARN] PackLoader:240 - Cannot read IP mode file for STMicroelectronics.X-CUBE-AZRTOS-F7.1.1.0
2025-11-21 21:52:38,512 [WARN] PackLoader:240 - Cannot read IP mode file for Cesanta.I-CUBE-Mongoose.7.19.0
2025-11-21 21:52:38,660 [WARN] PackLoader:240 - Cannot read IP mode file for STMicroelectronics.FP-SNS-MOTENV1.5.1.0
2025-11-21 21:52:38,805 [INFO] WebApp:191 - Connection restablished
2025-11-21 21:52:38,862 [WARN] PackLoader:240 - Cannot read IP mode file for WES.I-CUBE-Cesium.1.4.0
2025-11-21 21:52:38,982 [WARN] PackLoader:240 - Cannot read IP mode file for Infineon.AIROC-Wi-Fi-Bluetooth-STM32.1.7.1
2025-11-21 21:52:39,272 [WARN] PackLoader:240 - Cannot read IP mode file for STMicroelectronics.X-CUBE-AZRTOS-H7.3.4.0
2025-11-21 21:52:39,350 [WARN] PackLoader:240 - Cannot read IP mode file for STMicroelectronics.X-CUBE-DISPLAY.3.0.0
2025-11-21 21:52:39,424 [WARN] PackLoader:240 - Cannot read IP mode file for STMicroelectronics.X-CUBE-NFC10.1.0.0
2025-11-21 21:52:39,480 [WARN] PackLoader:240 - Cannot read IP mode file for STMicroelectronics.X-CUBE-ST60.1.1.0
2025-11-21 21:52:39,519 [WARN] PackLoader:240 - Cannot read IP mode file for emotas.I-CUBE-CANOPEN.1.3.0
2025-11-21 21:52:39,554 [WARN] PackLoader:240 - Cannot read IP mode file for STMicroelectronics.X-CUBE-GNSS1.7.1.0
2025-11-21 21:52:39,562 [INFO] WebApp:225 - Starting web application
2025-11-21 21:52:39,562 [INFO] WebApp:593 - Web application path used C:\ST\STM32CubeIDE_1.19.0\STM32CubeIDE\plugins\com.st.stm32cube.common.mx_6.15.0.202507011659\db\plugins\mcufinder\reactClient1\index.html
2025-11-21 21:52:39,604 [WARN] PackLoader:240 - Cannot read IP mode file for STMicroelectronics.FP-SNS-STBOX1.2.1.0
2025-11-21 21:52:39,667 [WARN] PackLoader:240 - Cannot read IP mode file for STMicroelectronics.FP-SNS-SMARTAG2.1.2.0
2025-11-21 21:52:39,701 [WARN] PackLoader:240 - Cannot read IP mode file for STMicroelectronics.FP-SNS-FLIGHT1.5.1.0
2025-11-21 21:52:39,754 [INFO] LogOutputStream:77 - [STDOUT_REDIRECT] 1 : Invalid condition id : UX_CORESTACK_Condition cause : null
2025-11-21 21:52:39,755 [INFO] LogOutputStream:77 - [STDOUT_REDIRECT] 1 : Invalid condition id : UX_CORESTACK_Condition cause : null
2025-11-21 21:52:39,767 [INFO] LogOutputStream:77 - [STDOUT_REDIRECT] 1 : Invalid condition id : UX_CORESTACK_Condition cause : null
2025-11-21 21:52:39,770 [INFO] LogOutputStream:77 - [STDOUT_REDIRECT] 1 : Invalid condition id : UX_CORESTACK_Condition cause : null
2025-11-21 21:52:39,774 [INFO] LogOutputStream:77 - [STDOUT_REDIRECT] 1 : Invalid condition id : UX_CORESTACK_Condition cause : null
2025-11-21 21:52:39,790 [WARN] PackLoader:240 - Cannot read IP mode file for STMicroelectronics.X-CUBE-AZRTOS-WL.2.0.0
2025-11-21 21:52:40,080 [WARN] PackLoader:240 - Cannot read IP mode file for STMicroelectronics.FP-SNS-MOTENV1.5.0.0
2025-11-21 21:52:40,319 [WARN] PackLoader:240 - Cannot read IP mode file for STMicroelectronics.X-CUBE-AZRTOS-H7RS.1.2.0
2025-11-21 21:52:40,451 [WARN] PackLoader:240 - Cannot read IP mode file for STMicroelectronics.X-CUBE-BLE2.3.3.0
2025-11-21 21:52:40,614 [WARN] PackLoader:240 - Cannot read IP mode file for STMicroelectronics.X-CUBE-NFC9.1.0.0
2025-11-21 21:52:40,663 [WARN] PackLoader:240 - Cannot read IP mode file for wolfSSL.I-CUBE-wolfSSL.5.8.2
2025-11-21 21:52:40,707 [WARN] PackLoader:240 - Cannot read IP mode file for STMicroelectronics.X-CUBE-BLE1.7.1.0
2025-11-21 21:52:40,734 [WARN] PackLoader:240 - Cannot read IP mode file for wolfSSL.I-CUBE-wolfMQTT.1.19.2
2025-11-21 21:52:40,868 [WARN] PackLoader:240 - Cannot read IP mode file for STMicroelectronics.X-CUBE-FREERTOS.1.4.0
2025-11-21 21:52:40,942 [WARN] PackLoader:240 - Cannot read IP mode file for STMicroelectronics.X-CUBE-EEPRMA1.5.2.0
2025-11-21 21:52:40,983 [WARN] PackLoader:240 - Cannot read IP mode file for STMicroelectronics.X-CUBE-ST67W61.1.1.0
2025-11-21 21:52:41,036 [WARN] PackLoader:240 - Cannot read IP mode file for STMicroelectronics.X-CUBE-AZRTOS-G0.1.1.0
2025-11-21 21:52:41,066 [WARN] PackLoader:240 - Cannot read IP mode file for STMicroelectronics.X-CUBE-SAFEA1.1.2.2
2025-11-21 21:52:41,097 [WARN] PackLoader:240 - Cannot read IP mode file for STMicroelectronics.X-CUBE-NFC4.3.0.0
2025-11-21 21:52:41,131 [WARN] PackLoader:240 - Cannot read IP mode file for EmbeddedOffice.I-CUBE-FS-RTOS.1.0.1
2025-11-21 21:52:41,165 [WARN] PackLoader:240 - Cannot read IP mode file for STMicroelectronics.X-CUBE-WB05N.2.0.0
2025-11-21 21:52:41,202 [WARN] PackLoader:240 - Cannot read IP mode file for wolfSSL.I-CUBE-wolfTPM.3.8.0
2025-11-21 21:52:41,235 [WARN] PackLoader:240 - Cannot read IP mode file for STMicroelectronics.X-CUBE-TCPP.4.2.0
2025-11-21 21:52:41,283 [WARN] PackLoader:240 - Cannot read IP mode file for RealThread.X-CUBE-RT-Thread_Nano.4.1.1
2025-11-21 21:52:41,312 [WARN] PackLoader:240 - Cannot read IP mode file for STMicroelectronics.FP-ATR-SIGFOX1.3.2.0
2025-11-21 21:52:41,340 [WARN] PackLoader:240 - Cannot read IP mode file for ITTIA_DB.I-CUBE-ITTIADB.8.9.0
2025-11-21 21:52:41,376 [WARN] PackLoader:240 - Cannot read IP mode file for STMicroelectronics.X-CUBE-ST67W61.1.0.0
2025-11-21 21:52:41,412 [WARN] PackLoader:240 - Cannot read IP mode file for STMicroelectronics.X-CUBE-AI.10.2.0
2025-11-21 21:52:41,521 [WARN] PackLoader:240 - Cannot read IP mode file for SEGGER.I-CUBE-embOS.1.3.1
2025-11-21 21:52:41,847 [WARN] PackLoader:240 - Cannot read IP mode file for STMicroelectronics.X-CUBE-ALGOBUILD.1.4.0
2025-11-21 21:52:42,086 [WARN] PackLoader:240 - Cannot read IP mode file for STMicroelectronics.X-CUBE-MEMS1.11.3.0
2025-11-21 21:52:42,380 [WARN] PackLoader:240 - Cannot read IP mode file for STMicroelectronics.X-CUBE-PM33A1.1.0.0
2025-11-21 21:52:42,447 [WARN] PackLoader:240 - Cannot read IP mode file for STMicroelectronics.X-CUBE-AZRTOS-F4.1.1.0
2025-11-21 21:52:42,484 [WARN] PackLoader:240 - Cannot read IP mode file for STMicroelectronics.X-CUBE-ISPU.2.1.0
2025-11-21 21:52:42,961 [WARN] PackLoader:240 - Cannot read IP mode file for STMicroelectronics.X-CUBE-IPS.3.2.0
2025-11-21 21:52:43,064 [WARN] PackLoader:240 - Cannot read IP mode file for STMicroelectronics.X-CUBE-NFC12.1.0.0
2025-11-21 21:52:43,144 [WARN] PackLoader:240 - Cannot read IP mode file for STMicroelectronics.X-CUBE-AZRTOS-L5.2.0.0
2025-11-21 21:52:43,190 [WARN] PackLoader:240 - Cannot read IP mode file for STMicroelectronics.X-CUBE-NFC6.3.1.0
2025-11-21 21:52:43,237 [WARN] PackLoader:240 - Cannot read IP mode file for STMicroelectronics.X-CUBE-FREERTOS.1.3.1
2025-11-21 21:52:43,284 [WARN] PackLoader:240 - Cannot read IP mode file for STMicroelectronics.X-CUBE-TOUCHGFX.4.26.0
2025-11-21 21:52:43,358 [WARN] PackLoader:240 - Cannot read IP mode file for STMicroelectronics.FP-SNS-STAIOTCFT.1.0.0
2025-11-21 21:52:43,411 [WARN] PackLoader:240 - Cannot read IP mode file for STMicroelectronics.X-CUBE-DPower.1.3.0
2025-11-21 21:52:43,492 [WARN] ConditionMgr:438 - getConditionDescription Invalid condition id : LAN8742 Phy interface Condition cause : null
2025-11-21 21:52:43,494 [WARN] PackLoader:240 - Cannot read IP mode file for STMicroelectronics.X-CUBE-AZRTOS-L4.2.0.0
2025-11-21 21:52:43,508 [WARN] ConditionMgr:1044 - genDependencies : Invalid condition id : LAN8742 Phy interface Condition cause : null
2025-11-21 21:52:43,512 [WARN] ConditionMgr:1044 - genDependencies : Invalid condition id : LAN8742 Phy interface Condition cause : null
2025-11-21 21:52:43,514 [WARN] ConditionMgr:1044 - genDependencies : Invalid condition id : LAN8742 Phy interface Condition cause : null
2025-11-21 21:52:43,556 [WARN] PackLoader:240 - Cannot read IP mode file for STMicroelectronics.X-CUBE-SFXS2LP1.4.0.0
2025-11-21 21:52:43,604 [WARN] PackLoader:240 - Cannot read IP mode file for STMicroelectronics.X-CUBE-BLEMGR.4.1.0
2025-11-21 21:52:43,679 [WARN] ConditionMgr:438 - getConditionDescription Invalid condition id : UX DEVICE CLASS RTOS Condition cause : null
2025-11-21 21:52:43,680 [WARN] ConditionMgr:438 - getConditionDescription Invalid condition id : UX DEVICE CLASS RTOS Condition cause : null
2025-11-21 21:52:43,686 [WARN] PackLoader:240 - Cannot read IP mode file for STMicroelectronics.X-CUBE-AZRTOS-WB.2.0.0
2025-11-21 21:52:43,687 [WARN] ConditionMgr:1044 - genDependencies : Invalid condition id : UX DEVICE CLASS RTOS Condition cause : null
2025-11-21 21:52:43,687 [WARN] ConditionMgr:1044 - genDependencies : Invalid condition id : UX DEVICE CLASS RTOS Condition cause : null
2025-11-21 21:52:43,688 [WARN] ConditionMgr:1044 - genDependencies : Invalid condition id : UX DEVICE CLASS RTOS Condition cause : null
2025-11-21 21:52:43,688 [WARN] ConditionMgr:1044 - genDependencies : Invalid condition id : UX DEVICE CLASS RTOS Condition cause : null
2025-11-21 21:52:43,688 [WARN] ConditionMgr:1044 - genDependencies : Invalid condition id : UX DEVICE CLASS RTOS Condition cause : null
2025-11-21 21:52:43,725 [WARN] PackLoader:240 - Cannot read IP mode file for STMicroelectronics.X-CUBE-GNSS1.7.0.1
2025-11-21 21:52:43,779 [WARN] ConditionMgr:438 - getConditionDescription Invalid condition id : Cortex-A Device cause : null
2025-11-21 21:52:43,883 [WARN] ConditionMgr:1044 - genDependencies : Invalid condition id : Cortex-A Device cause : null
2025-11-21 21:52:43,884 [WARN] ConditionMgr:1044 - genDependencies : Invalid condition id : Cortex-A Device cause : null
2025-11-21 21:52:43,885 [WARN] ConditionMgr:1044 - genDependencies : Invalid condition id : Cortex-A Device cause : null
2025-11-21 21:52:43,965 [WARN] PackLoader:240 - Cannot read IP mode file for STMicroelectronics.X-CUBE-SUBG2.5.0.0
2025-11-21 21:52:44,063 [WARN] PackLoader:240 - Cannot read IP mode file for STMicroelectronics.X-CUBE-AZRTOS-H7RS.1.1.0
2025-11-21 21:52:44,186 [WARN] PackLoader:240 - Cannot read IP mode file for STMicroelectronics.X-CUBE-AZRTOS-G4.2.0.0
2025-11-21 21:52:44,225 [WARN] PackLoader:240 - Cannot read IP mode file for wolfSSL.I-CUBE-wolfSSH.1.4.20
2025-11-21 21:52:44,271 [WARN] PackLoader:240 - Cannot read IP mode file for STMicroelectronics.X-CUBE-NFC7.2.0.0
2025-11-21 21:52:44,332 [WARN] PackLoader:240 - Cannot read IP mode file for STMicroelectronics.X-CUBE-IPS.3.1.0
2025-11-21 21:52:44,373 [WARN] PackLoader:240 - Cannot read IP mode file for STMicroelectronics.X-CUBE-ALS.1.0.2
2025-11-21 21:52:44,409 [WARN] PackLoader:240 - Cannot read IP mode file for STMicroelectronics.X-CUBE-STSE01.1.0.0
2025-11-21 21:52:44,446 [WARN] PackLoader:240 - Cannot read IP mode file for STMicroelectronics.X-CUBE-TOF1.3.4.3
2025-11-21 21:52:44,493 [INFO] ThirdParty:978 - Integrity check success = true
2025-11-21 21:52:44,493 [INFO] IntegrityCheckThread:100 - exiting critical section [integrity check]
2025-11-21 21:52:44,493 [INFO] IntegrityCheckThread:103 - End integrity checks thread
2025-11-21 23:25:41,243 [ERROR] LogOutputStream:75 - [STDERR_REDIRECT] 
