2025-11-03 23:45:42,213 [INFO] Activator:176 - 


2025-11-03 23:45:42,219 [INFO] Activator:177 - !SESSION log4j initialized
2025-11-03 23:45:48,465 [INFO] LogOutputStream:77 - [STDOUT_REDIRECT] 
2025-11-03 23:45:50,416 [INFO] ApplicationProperties:184 - Using Application install path: C:\ST\STM32CubeIDE_1.19.0\STM32CubeIDE\plugins\com.st.stm32cube.common.mx_6.15.0.202507011659
2025-11-03 23:45:50,436 [INFO] DbMcusXml:78 - Set database path to: C:\ST\STM32CubeIDE_1.19.0\STM32CubeIDE\plugins\com.st.stm32cube.common.mx_6.15.0.202507011659\\db\/mcu/
2025-11-03 23:45:50,438 [INFO] ApiDb:274 - Set plugin database path to: C:\ST\STM32CubeIDE_1.19.0\STM32CubeIDE\plugins\com.st.stm32cube.common.mx_6.15.0.202507011659\\db\/plugins/boardmanager/
2025-11-03 23:45:50,438 [WARN] ApiDb:259 - Overriding images path with different value:  => C:\ST\STM32CubeIDE_1.19.0\STM32CubeIDE\plugins\com.st.stm32cube.common.mx_6.15.0.202507011659\\db\/plugins/mcufinder/images/
2025-11-03 23:45:50,448 [INFO] ApiDb:250 - Set database path to: C:\Users\ASUS\.stmcufinder\plugins\mcufinder//mcu/
2025-11-03 23:45:50,448 [INFO] DbMcusAds:125 - Set database path to: C:\Users\ASUS\.stmcufinder\plugins\mcufinder//mcu/
2025-11-03 23:45:50,448 [INFO] CrossReferenceDbSqlite:203 - Set database path to: C:\Users\ASUS\.stmcufinder\plugins\mcufinder//mcu/cs/
2025-11-03 23:45:50,565 [INFO] RulesReader:64 - Compatibility file has been processed (317 Rules)
2025-11-03 23:45:50,635 [INFO] DbMcusXml:78 - Set database path to: C:\ST\STM32CubeIDE_1.19.0\STM32CubeIDE\plugins\com.st.stm32cube.common.mx_6.15.0.202507011659\\db\/mcu/
2025-11-03 23:45:50,635 [INFO] ApiDb:274 - Set plugin database path to: C:\ST\STM32CubeIDE_1.19.0\STM32CubeIDE\plugins\com.st.stm32cube.common.mx_6.15.0.202507011659\\db\/plugins/boardmanager/
2025-11-03 23:45:50,635 [INFO] ApiDb:261 - Set plugin images path to: C:\ST\STM32CubeIDE_1.19.0\STM32CubeIDE\plugins\com.st.stm32cube.common.mx_6.15.0.202507011659\\db\/plugins/mcufinder/images/
2025-11-03 23:45:50,635 [WARN] DbFile:41 - Overriding database path with different value: C:\Users\ASUS\.stmcufinder\plugins\mcufinder/ => C:\Users\ASUS\.stmcufinder\plugins\mcufinder
2025-11-03 23:45:50,635 [INFO] ApiDb:250 - Set database path to: C:\Users\ASUS\.stmcufinder\plugins\mcufinder//mcu/
2025-11-03 23:45:50,635 [WARN] DbFile:41 - Overriding database path with different value: C:\Users\ASUS\.stmcufinder\plugins\mcufinder/ => C:\Users\ASUS\.stmcufinder\plugins\mcufinder
2025-11-03 23:45:50,635 [INFO] DbMcusAds:125 - Set database path to: C:\Users\ASUS\.stmcufinder\plugins\mcufinder//mcu/
2025-11-03 23:45:50,635 [WARN] DbFile:41 - Overriding database path with different value: C:\Users\ASUS\.stmcufinder\plugins\mcufinder/ => C:\Users\ASUS\.stmcufinder\plugins\mcufinder
2025-11-03 23:45:50,635 [WARN] DbFile:41 - Overriding database path with different value: C:\Users\ASUS\.stmcufinder\plugins\mcufinder/ => C:\Users\ASUS\.stmcufinder\plugins\mcufinder
2025-11-03 23:45:50,635 [INFO] CrossReferenceDbSqlite:203 - Set database path to: C:\Users\ASUS\.stmcufinder\plugins\mcufinder//mcu/cs/
2025-11-03 23:45:50,713 [INFO] MainPanel:274 - HeapMemory: 268435456
2025-11-03 23:45:50,807 [INFO] DbMcusXml:78 - Set database path to: C:\ST\STM32CubeIDE_1.19.0\STM32CubeIDE\plugins\com.st.stm32cube.common.mx_6.15.0.202507011659\\db\/mcu/
2025-11-03 23:45:50,807 [INFO] ApiDb:274 - Set plugin database path to: C:\ST\STM32CubeIDE_1.19.0\STM32CubeIDE\plugins\com.st.stm32cube.common.mx_6.15.0.202507011659\\db\/plugins/boardmanager/
2025-11-03 23:45:50,807 [INFO] ApiDb:261 - Set plugin images path to: C:\ST\STM32CubeIDE_1.19.0\STM32CubeIDE\plugins\com.st.stm32cube.common.mx_6.15.0.202507011659\\db\/plugins/mcufinder/images/
2025-11-03 23:45:50,807 [WARN] DbFile:41 - Overriding database path with different value: C:\Users\ASUS\.stmcufinder\plugins\mcufinder/ => C:\Users\ASUS\.stmcufinder\plugins\mcufinder
2025-11-03 23:45:50,807 [INFO] ApiDb:250 - Set database path to: C:\Users\ASUS\.stmcufinder\plugins\mcufinder//mcu/
2025-11-03 23:45:50,807 [WARN] DbFile:41 - Overriding database path with different value: C:\Users\ASUS\.stmcufinder\plugins\mcufinder/ => C:\Users\ASUS\.stmcufinder\plugins\mcufinder
2025-11-03 23:45:50,817 [INFO] DbMcusAds:125 - Set database path to: C:\Users\ASUS\.stmcufinder\plugins\mcufinder//mcu/
2025-11-03 23:45:50,817 [WARN] DbFile:41 - Overriding database path with different value: C:\Users\ASUS\.stmcufinder\plugins\mcufinder/ => C:\Users\ASUS\.stmcufinder\plugins\mcufinder
2025-11-03 23:45:50,817 [WARN] DbFile:41 - Overriding database path with different value: C:\Users\ASUS\.stmcufinder\plugins\mcufinder/ => C:\Users\ASUS\.stmcufinder\plugins\mcufinder
2025-11-03 23:45:50,817 [INFO] CrossReferenceDbSqlite:203 - Set database path to: C:\Users\ASUS\.stmcufinder\plugins\mcufinder//mcu/cs/
2025-11-03 23:45:50,827 [INFO] ApplicationProperties:184 - Using Application install path: C:\ST\STM32CubeIDE_1.19.0\STM32CubeIDE\plugins\com.st.stm32cube.common.mx_6.15.0.202507011659
2025-11-03 23:45:50,827 [INFO] PluginManage:196 - Search for loadable plugins [exclusion list=, ]
2025-11-03 23:45:50,827 [INFO] PluginManage:310 - Check plugin analytics
2025-11-03 23:45:50,987 [INFO] AnalyticsPlugin:253 - Accepted Software Licenses: STM32CubeMX.6.12.1
2025-11-03 23:45:50,987 [INFO] AnalyticsPlugin:255 - Accepted CMSIS Pack Licenses: 
2025-11-03 23:45:50,987 [INFO] AnalyticsPlugin:257 - Accepted Firmware Licenses: 
2025-11-03 23:45:50,987 [INFO] PluginManage:359 - Loaded plugin analytics (category:tool,tabindex:-1)
2025-11-03 23:45:50,987 [INFO] PluginManage:310 - Check plugin cadmodel
2025-11-03 23:45:51,015 [INFO] CADModel:105 - Init CAD model plugin
2025-11-03 23:45:51,016 [INFO] PluginManage:359 - Loaded plugin cadmodel (category:power,tabindex:5)
2025-11-03 23:45:51,016 [INFO] PluginManage:310 - Check plugin clock
2025-11-03 23:45:51,035 [INFO] PluginManage:359 - Loaded plugin clock (category:base,tabindex:2)
2025-11-03 23:45:51,036 [INFO] PluginManage:310 - Check plugin ddr
2025-11-03 23:45:51,038 [INFO] PluginManage:359 - Loaded plugin ddr (category:tool,tabindex:6)
2025-11-03 23:45:51,038 [INFO] PluginManage:310 - Check plugin filemanager
2025-11-03 23:45:51,165 [INFO] PluginManage:359 - Loaded plugin filemanager (category:base,tabindex:10)
2025-11-03 23:45:51,165 [INFO] PluginManage:310 - Check plugin ipmanager
2025-11-03 23:45:51,165 [INFO] PluginManage:359 - Loaded plugin ipmanager (category:base,tabindex:5)
2025-11-03 23:45:51,165 [INFO] PluginManage:310 - Check plugin lpbam
2025-11-03 23:45:51,196 [INFO] PluginManage:359 - Loaded plugin lpbam (category:base,tabindex:0)
2025-11-03 23:45:51,196 [INFO] PluginManage:310 - Check plugin memorymap
2025-11-03 23:45:51,212 [INFO] PluginManage:359 - Loaded plugin memorymap (category:base,tabindex:4)
2025-11-03 23:45:51,212 [INFO] PluginManage:310 - Check plugin pinoutandconfiguration
2025-11-03 23:45:51,242 [INFO] PluginManage:359 - Loaded plugin pinoutandconfiguration (category:base,tabindex:1)
2025-11-03 23:45:51,243 [INFO] PluginManage:310 - Check plugin pinoutconfig
2025-11-03 23:45:51,350 [WARN] SupportedApi:132 - Cannot load RTOS API schema: s4s-elt-must-match.1: The content of 'definitions' must match (annotation?, (simpleType | complexType)?, (unique | key | keyref)*)). A problem was found starting at: attribute.
2025-11-03 23:45:51,463 [INFO] PluginManage:359 - Loaded plugin pinoutconfig (category:base,tabindex:0)
2025-11-03 23:45:51,463 [INFO] PluginManage:310 - Check plugin power
2025-11-03 23:45:51,479 [INFO] PluginManage:359 - Loaded plugin power (category:power,tabindex:4)
2025-11-03 23:45:51,479 [INFO] PluginManage:310 - Check plugin projectmanager
2025-11-03 23:45:51,495 [INFO] PluginManage:359 - Loaded plugin projectmanager (category:projectmanager,tabindex:4)
2025-11-03 23:45:51,495 [INFO] PluginManage:310 - Check plugin rif
2025-11-03 23:45:51,526 [INFO] PluginManage:359 - Loaded plugin rif (category:base,tabindex:3)
2025-11-03 23:45:51,526 [INFO] PluginManage:310 - Check plugin thirdparty
2025-11-03 23:45:51,855 [INFO] PluginManage:359 - Loaded plugin thirdparty (category:base,tabindex:-1)
2025-11-03 23:45:51,855 [WARN] IntegrityCheckThread:84 - waiting for thirdparty lock release [integrity check]
2025-11-03 23:45:51,855 [INFO] PluginManage:310 - Check plugin tools
2025-11-03 23:45:51,855 [INFO] IntegrityCheckThread:86 - entering critical section [integrity check]
2025-11-03 23:45:51,859 [INFO] ThirdPartyUpdaterWithRetryManager:70 - Updater plugin not ready yet. [1/15]
2025-11-03 23:45:51,899 [INFO] PluginManage:359 - Loaded plugin tools (category:base,tabindex:7)
2025-11-03 23:45:51,899 [INFO] PluginManage:310 - Check plugin tutovideos
2025-11-03 23:45:52,151 [INFO] PluginManage:359 - Loaded plugin tutovideos (category:base,tabindex:-1)
2025-11-03 23:45:52,151 [INFO] PluginManage:310 - Check plugin updater
2025-11-03 23:45:52,167 [INFO] PluginManage:359 - Loaded plugin updater (category:base,tabindex:12)
2025-11-03 23:45:52,167 [INFO] PluginManage:310 - Check plugin userauth
2025-11-03 23:45:52,167 [INFO] UserAuth:118 - Init User Auth plugin
2025-11-03 23:45:52,167 [INFO] PluginManage:359 - Loaded plugin userauth (category:base,tabindex:14)
2025-11-03 23:45:52,167 [INFO] PluginManage:283 - PluginManage : Loaded plugins [18]
2025-11-03 23:45:52,353 [INFO] PinOutPanel:1589 - setPackage(No Configuration,No Configuration)
2025-11-03 23:45:52,442 [INFO] CADModel:165 - CPN selected for project level
2025-11-03 23:45:52,442 [INFO] CADModel:114 - Register for checkConnection events
2025-11-03 23:45:52,469 [INFO] IPUIPlugin:80 - create IPUIPlugin
2025-11-03 23:45:52,469 [INFO] PluginManager:220 - loadIPPluginJar : add adc
2025-11-03 23:45:52,516 [INFO] IPUIPlugin:80 - create IPUIPlugin
2025-11-03 23:45:52,516 [INFO] PluginManager:220 - loadIPPluginJar : add aes
2025-11-03 23:45:52,556 [INFO] IPUIPlugin:80 - create IPUIPlugin
2025-11-03 23:45:52,556 [INFO] PluginManager:220 - loadIPPluginJar : add can
2025-11-03 23:45:52,604 [INFO] IPUIPlugin:80 - create IPUIPlugin
2025-11-03 23:45:52,604 [INFO] PluginManager:220 - loadIPPluginJar : add comp
2025-11-03 23:45:52,644 [INFO] IPUIPlugin:80 - create IPUIPlugin
2025-11-03 23:45:52,644 [INFO] PluginManager:220 - loadIPPluginJar : add cryp
2025-11-03 23:45:52,658 [INFO] IPUIPlugin:80 - create IPUIPlugin
2025-11-03 23:45:52,658 [INFO] PluginManager:220 - loadIPPluginJar : add ddr_ctrl_phy
2025-11-03 23:45:52,682 [INFO] IPUIPlugin:80 - create IPUIPlugin
2025-11-03 23:45:52,682 [INFO] PluginManager:220 - loadIPPluginJar : add dfsdm
2025-11-03 23:45:52,698 [INFO] IPUIPlugin:80 - create IPUIPlugin
2025-11-03 23:45:52,715 [INFO] PluginManager:220 - loadIPPluginJar : add dma
2025-11-03 23:45:52,747 [INFO] IPUIPlugin:80 - create IPUIPlugin
2025-11-03 23:45:52,747 [INFO] PluginManager:220 - loadIPPluginJar : add dma3
2025-11-03 23:45:52,806 [INFO] IPUIPlugin:80 - create IPUIPlugin
2025-11-03 23:45:52,806 [INFO] PluginManager:220 - loadIPPluginJar : add extmemmanager
2025-11-03 23:45:52,834 [INFO] IPUIPlugin:80 - create IPUIPlugin
2025-11-03 23:45:52,834 [INFO] PluginManager:220 - loadIPPluginJar : add fatfs
2025-11-03 23:45:52,884 [INFO] IPUIPlugin:80 - create IPUIPlugin
2025-11-03 23:45:52,884 [INFO] PluginManager:220 - loadIPPluginJar : add fmc
2025-11-03 23:45:52,902 [INFO] IPUIPlugin:80 - create IPUIPlugin
2025-11-03 23:45:52,902 [INFO] PluginManager:220 - loadIPPluginJar : add freertos
2025-11-03 23:45:52,932 [INFO] IPUIPlugin:80 - create IPUIPlugin
2025-11-03 23:45:52,932 [INFO] PluginManager:220 - loadIPPluginJar : add genericplugin
2025-11-03 23:45:53,026 [INFO] IPUIPlugin:80 - create IPUIPlugin
2025-11-03 23:45:53,026 [INFO] PluginManager:220 - loadIPPluginJar : add gfxmmu
2025-11-03 23:45:53,187 [INFO] IPUIPlugin:80 - create IPUIPlugin
2025-11-03 23:45:53,187 [INFO] PluginManager:220 - loadIPPluginJar : add gic
2025-11-03 23:45:53,204 [INFO] IPUIPlugin:80 - create IPUIPlugin
2025-11-03 23:45:53,204 [INFO] PluginManager:220 - loadIPPluginJar : add gpio
2025-11-03 23:45:53,329 [INFO] IPUIPlugin:80 - create IPUIPlugin
2025-11-03 23:45:53,329 [INFO] PluginManager:220 - loadIPPluginJar : add gtzc
2025-11-03 23:45:53,378 [INFO] IPUIPlugin:80 - create IPUIPlugin
2025-11-03 23:45:53,378 [INFO] PluginManager:220 - loadIPPluginJar : add hash
2025-11-03 23:45:53,453 [INFO] IPUIPlugin:80 - create IPUIPlugin
2025-11-03 23:45:53,454 [INFO] PluginManager:220 - loadIPPluginJar : add i2c
2025-11-03 23:45:53,494 [INFO] IPUIPlugin:80 - create IPUIPlugin
2025-11-03 23:45:53,494 [INFO] PluginManager:220 - loadIPPluginJar : add i2s
2025-11-03 23:45:53,549 [INFO] IPUIPlugin:80 - create IPUIPlugin
2025-11-03 23:45:53,549 [INFO] PluginManager:220 - loadIPPluginJar : add i3c
2025-11-03 23:45:53,664 [INFO] IPUIPlugin:80 - create IPUIPlugin
2025-11-03 23:45:53,664 [INFO] PluginManager:220 - loadIPPluginJar : add ipddr
2025-11-03 23:45:53,804 [INFO] IPUIPlugin:80 - create IPUIPlugin
2025-11-03 23:45:53,804 [INFO] PluginManager:220 - loadIPPluginJar : add linkedlist
2025-11-03 23:45:53,855 [INFO] IPUIPlugin:80 - create IPUIPlugin
2025-11-03 23:45:53,855 [INFO] PluginManager:220 - loadIPPluginJar : add lorawan
2025-11-03 23:45:53,899 [INFO] IPUIPlugin:80 - create IPUIPlugin
2025-11-03 23:45:53,900 [INFO] PluginManager:220 - loadIPPluginJar : add ltdc
2025-11-03 23:45:53,907 [INFO] IPUIPlugin:80 - create IPUIPlugin
2025-11-03 23:45:53,907 [INFO] PluginManager:220 - loadIPPluginJar : add mdma
2025-11-03 23:45:53,921 [INFO] IPUIPlugin:80 - create IPUIPlugin
2025-11-03 23:45:53,921 [INFO] PluginManager:220 - loadIPPluginJar : add nvic
2025-11-03 23:45:53,963 [INFO] IPUIPlugin:80 - create IPUIPlugin
2025-11-03 23:45:53,963 [INFO] PluginManager:220 - loadIPPluginJar : add opamp
2025-11-03 23:45:54,046 [INFO] IPUIPlugin:80 - create IPUIPlugin
2025-11-03 23:45:54,046 [INFO] PluginManager:220 - loadIPPluginJar : add openamp
2025-11-03 23:45:54,088 [INFO] IPUIPlugin:80 - create IPUIPlugin
2025-11-03 23:45:54,088 [INFO] PluginManager:220 - loadIPPluginJar : add pdm2pcm
2025-11-03 23:45:54,114 [INFO] IPUIPlugin:80 - create IPUIPlugin
2025-11-03 23:45:54,114 [INFO] PluginManager:220 - loadIPPluginJar : add plateformsettings
2025-11-03 23:45:54,144 [INFO] IPUIPlugin:80 - create IPUIPlugin
2025-11-03 23:45:54,144 [INFO] PluginManager:220 - loadIPPluginJar : add quadspi
2025-11-03 23:45:54,177 [INFO] IPUIPlugin:80 - create IPUIPlugin
2025-11-03 23:45:54,177 [INFO] PluginManager:220 - loadIPPluginJar : add radio
2025-11-03 23:45:54,187 [INFO] IPUIPlugin:80 - create IPUIPlugin
2025-11-03 23:45:54,187 [INFO] PluginManager:220 - loadIPPluginJar : add resmgrutility
2025-11-03 23:45:54,234 [INFO] IPUIPlugin:80 - create IPUIPlugin
2025-11-03 23:45:54,234 [INFO] PluginManager:220 - loadIPPluginJar : add sai
2025-11-03 23:45:54,289 [INFO] IPUIPlugin:80 - create IPUIPlugin
2025-11-03 23:45:54,289 [INFO] PluginManager:220 - loadIPPluginJar : add spi
2025-11-03 23:45:54,372 [INFO] IPUIPlugin:80 - create IPUIPlugin
2025-11-03 23:45:54,373 [INFO] PluginManager:220 - loadIPPluginJar : add stm32_wpan
2025-11-03 23:45:54,401 [INFO] IPUIPlugin:80 - create IPUIPlugin
2025-11-03 23:45:54,401 [INFO] PluginManager:220 - loadIPPluginJar : add tim
2025-11-03 23:45:54,464 [INFO] IPUIPlugin:80 - create IPUIPlugin
2025-11-03 23:45:54,464 [INFO] PluginManager:220 - loadIPPluginJar : add touchsensing
2025-11-03 23:45:54,496 [INFO] IPUIPlugin:80 - create IPUIPlugin
2025-11-03 23:45:54,496 [INFO] PluginManager:220 - loadIPPluginJar : add tracer_emb
2025-11-03 23:45:54,510 [INFO] IPUIPlugin:80 - create IPUIPlugin
2025-11-03 23:45:54,510 [INFO] PluginManager:220 - loadIPPluginJar : add ts
2025-11-03 23:45:54,542 [INFO] IPUIPlugin:80 - create IPUIPlugin
2025-11-03 23:45:54,542 [INFO] PluginManager:220 - loadIPPluginJar : add tsc
2025-11-03 23:45:54,572 [INFO] IPUIPlugin:80 - create IPUIPlugin
2025-11-03 23:45:54,572 [INFO] PluginManager:220 - loadIPPluginJar : add ucpd
2025-11-03 23:45:54,629 [INFO] IPUIPlugin:80 - create IPUIPlugin
2025-11-03 23:45:54,629 [INFO] PluginManager:220 - loadIPPluginJar : add usart
2025-11-03 23:45:54,683 [INFO] IPUIPlugin:80 - create IPUIPlugin
2025-11-03 23:45:54,683 [INFO] PluginManager:220 - loadIPPluginJar : add usbx
2025-11-03 23:45:54,810 [FATAL] Updater:351 - Updater called before beeing initialized
2025-11-03 23:45:54,836 [INFO] RulesReader:64 - Compatibility file has been processed (317 Rules)
2025-11-03 23:45:54,844 [INFO] RulesReader:64 - Compatibility file has been processed (317 Rules)
2025-11-03 23:45:54,850 [INFO] CADModel:165 - CPN selected for project level
2025-11-03 23:45:54,854 [INFO] CADModel:114 - Register for checkConnection events
2025-11-03 23:45:54,854 [FATAL] Updater:351 - Updater called before beeing initialized
2025-11-03 23:45:54,854 [ERROR] CADModel:125 - Updater not yet initialized, retry later 
2025-11-03 23:45:54,870 [INFO] ThirdPartyUpdaterWithRetryManager:70 - Updater plugin not ready yet. [2/15]
2025-11-03 23:45:54,979 [FATAL] Updater:351 - Updater called before beeing initialized
2025-11-03 23:45:54,989 [INFO] CADModel:165 - CPN selected for project level
2025-11-03 23:45:54,989 [INFO] CADModel:114 - Register for checkConnection events
2025-11-03 23:45:54,989 [FATAL] Updater:351 - Updater called before beeing initialized
2025-11-03 23:45:54,989 [ERROR] CADModel:125 - Updater not yet initialized, retry later 
2025-11-03 23:45:54,991 [FATAL] Updater:351 - Updater called before beeing initialized
2025-11-03 23:45:55,083 [FATAL] Updater:351 - Updater called before beeing initialized
2025-11-03 23:45:55,093 [INFO] DbMcusAds:53 - JSON generation date=Thu Oct 02 16:36:05 ICT 2025 (1759397765645)
2025-11-03 23:45:55,093 [FATAL] Updater:351 - Updater called before beeing initialized
2025-11-03 23:45:55,119 [WARN] DetailPanel:346 - Failed to get advertising image, set to default
2025-11-03 23:45:55,199 [FATAL] Updater:351 - Updater called before beeing initialized
2025-11-03 23:45:55,199 [FATAL] Updater:351 - Updater called before beeing initialized
2025-11-03 23:45:55,199 [FATAL] Updater:351 - Updater called before beeing initialized
2025-11-03 23:45:55,199 [WARN] DetailPanel:346 - Failed to get advertising image, set to default
2025-11-03 23:45:55,199 [FATAL] Updater:351 - Updater called before beeing initialized
2025-11-03 23:45:55,246 [ERROR] Updater:1198 - MainUpdater not yet initialized. External WinMGr cannot be set.
2025-11-03 23:45:55,268 [INFO] Updater:1134 - Updater Version found : 6.15.0
2025-11-03 23:45:55,275 [INFO] ApplicationProperties:184 - Using Application install path: C:\ST\STM32CubeIDE_1.19.0\STM32CubeIDE\plugins\com.st.stm32cube.common.mx_6.15.0.202507011659
2025-11-03 23:45:56,907 [ERROR] LogOutputStream:75 - [STDERR_REDIRECT] Nov 03, 2025 11:45:56 PM java.util.prefs.WindowsPreferences <init>
2025-11-03 23:45:56,907 [ERROR] LogOutputStream:75 - [STDERR_REDIRECT] WARNING: Could not open/create prefs root node Software\JavaSoft\Prefs at root 0xffffffff80000002. Windows RegCreateKeyEx(...) returned error code 5.
2025-11-03 23:45:56,907 [ERROR] LogOutputStream:75 - [STDERR_REDIRECT] 
2025-11-03 23:45:57,192 [INFO] MainUpdater:2872 - connection check result : 10
2025-11-03 23:45:57,192 [INFO] MainUpdater:289 - Updater Check For Update Now.
2025-11-03 23:45:57,192 [INFO] MicroXplorer:498 - Change Database Version : DB.6.0.150
2025-11-03 23:45:57,212 [INFO] McuFinderGlobals:63 - Set McuFinder mode to 2 (CubeIDE integrated)
2025-11-03 23:45:57,212 [INFO] UserAuth:171 - activating auth plugin
2025-11-03 23:45:57,212 [INFO] UserAuth:487 - Internet connection configuration mode: 1
2025-11-03 23:45:57,255 [INFO] JxBrowserEngine:152 - Initiate JxBrowser Engine with user profile folder
2025-11-03 23:45:57,431 [INFO] CheckServerUpdateThread:120 - End of CheckServer Thread
2025-11-03 23:45:58,197 [WARN] PackLoader:240 - Cannot read IP mode file for STMicroelectronics.FP-SNS-MOTENVWB1.1.4.0
2025-11-03 23:45:58,231 [WARN] PackLoader:240 - Cannot read IP mode file for STMicroelectronics.FP-ATR-ASTRA1.2.0.2
2025-11-03 23:45:58,302 [WARN] PackLoader:240 - Cannot read IP mode file for STMicroelectronics.X-CUBE-SMBUS.2.1.0
2025-11-03 23:45:58,369 [WARN] PackLoader:240 - Cannot read IP mode file for STMicroelectronics.X-CUBE-ST60.1.0.0
2025-11-03 23:45:58,488 [WARN] PackLoader:240 - Cannot read IP mode file for STMicroelectronics.X-CUBE-AZRTOS-F7.1.1.0
2025-11-03 23:45:58,514 [WARN] PackLoader:240 - Cannot read IP mode file for Cesanta.I-CUBE-Mongoose.7.19.0
2025-11-03 23:45:58,529 [WARN] PackLoader:240 - Cannot read IP mode file for STMicroelectronics.FP-SNS-MOTENV1.5.1.0
2025-11-03 23:45:58,557 [WARN] PackLoader:240 - Cannot read IP mode file for WES.I-CUBE-Cesium.1.4.0
2025-11-03 23:45:58,608 [WARN] PackLoader:240 - Cannot read IP mode file for Infineon.AIROC-Wi-Fi-Bluetooth-STM32.1.7.1
2025-11-03 23:45:58,650 [WARN] PackLoader:240 - Cannot read IP mode file for STMicroelectronics.X-CUBE-AZRTOS-H7.3.4.0
2025-11-03 23:45:58,675 [WARN] PackLoader:240 - Cannot read IP mode file for STMicroelectronics.X-CUBE-DISPLAY.3.0.0
2025-11-03 23:45:58,785 [WARN] PackLoader:240 - Cannot read IP mode file for STMicroelectronics.X-CUBE-NFC10.1.0.0
2025-11-03 23:45:58,827 [WARN] PackLoader:240 - Cannot read IP mode file for STMicroelectronics.X-CUBE-ST60.1.1.0
2025-11-03 23:45:58,847 [WARN] PackLoader:240 - Cannot read IP mode file for emotas.I-CUBE-CANOPEN.1.3.0
2025-11-03 23:45:58,869 [WARN] PackLoader:240 - Cannot read IP mode file for STMicroelectronics.X-CUBE-GNSS1.7.1.0
2025-11-03 23:45:58,886 [WARN] PackLoader:240 - Cannot read IP mode file for STMicroelectronics.FP-SNS-STBOX1.2.1.0
2025-11-03 23:45:58,906 [WARN] PackLoader:240 - Cannot read IP mode file for STMicroelectronics.FP-SNS-SMARTAG2.1.2.0
2025-11-03 23:45:58,918 [WARN] PackLoader:240 - Cannot read IP mode file for STMicroelectronics.FP-SNS-FLIGHT1.5.1.0
2025-11-03 23:45:58,933 [INFO] LogOutputStream:77 - [STDOUT_REDIRECT] 1 : Invalid condition id : UX_CORESTACK_Condition cause : null
2025-11-03 23:45:58,933 [INFO] LogOutputStream:77 - [STDOUT_REDIRECT] 1 : Invalid condition id : UX_CORESTACK_Condition cause : null
2025-11-03 23:45:58,933 [INFO] LogOutputStream:77 - [STDOUT_REDIRECT] 1 : Invalid condition id : UX_CORESTACK_Condition cause : null
2025-11-03 23:45:58,933 [INFO] LogOutputStream:77 - [STDOUT_REDIRECT] 1 : Invalid condition id : UX_CORESTACK_Condition cause : null
2025-11-03 23:45:58,933 [INFO] LogOutputStream:77 - [STDOUT_REDIRECT] 1 : Invalid condition id : UX_CORESTACK_Condition cause : null
2025-11-03 23:45:58,933 [WARN] PackLoader:240 - Cannot read IP mode file for STMicroelectronics.X-CUBE-AZRTOS-WL.2.0.0
2025-11-03 23:45:58,958 [WARN] PackLoader:240 - Cannot read IP mode file for STMicroelectronics.FP-SNS-MOTENV1.5.0.0
2025-11-03 23:45:58,989 [WARN] PackLoader:240 - Cannot read IP mode file for STMicroelectronics.X-CUBE-BLE2.3.3.0
2025-11-03 23:45:59,010 [WARN] PackLoader:240 - Cannot read IP mode file for STMicroelectronics.X-CUBE-NFC9.1.0.0
2025-11-03 23:45:59,025 [WARN] PackLoader:240 - Cannot read IP mode file for wolfSSL.I-CUBE-wolfSSL.5.8.2
2025-11-03 23:45:59,041 [WARN] PackLoader:240 - Cannot read IP mode file for STMicroelectronics.X-CUBE-BLE1.7.1.0
2025-11-03 23:45:59,041 [WARN] PackLoader:240 - Cannot read IP mode file for wolfSSL.I-CUBE-wolfMQTT.1.19.2
2025-11-03 23:45:59,073 [WARN] PackLoader:240 - Cannot read IP mode file for STMicroelectronics.X-CUBE-EEPRMA1.5.2.0
2025-11-03 23:45:59,089 [INFO] WebApp:169 - Instantiating new browser for Auth
2025-11-03 23:45:59,095 [WARN] PackLoader:240 - Cannot read IP mode file for STMicroelectronics.X-CUBE-ST67W61.1.1.0
2025-11-03 23:45:59,188 [WARN] PackLoader:240 - Cannot read IP mode file for STMicroelectronics.X-CUBE-AZRTOS-G0.1.1.0
2025-11-03 23:45:59,215 [WARN] PackLoader:240 - Cannot read IP mode file for STMicroelectronics.X-CUBE-SAFEA1.1.2.2
2025-11-03 23:45:59,231 [WARN] PackLoader:240 - Cannot read IP mode file for STMicroelectronics.X-CUBE-NFC4.3.0.0
2025-11-03 23:45:59,244 [WARN] PackLoader:240 - Cannot read IP mode file for EmbeddedOffice.I-CUBE-FS-RTOS.1.0.1
2025-11-03 23:45:59,276 [WARN] PackLoader:240 - Cannot read IP mode file for STMicroelectronics.X-CUBE-WB05N.2.0.0
2025-11-03 23:45:59,294 [WARN] PackLoader:240 - Cannot read IP mode file for wolfSSL.I-CUBE-wolfTPM.3.8.0
2025-11-03 23:45:59,315 [WARN] PackLoader:240 - Cannot read IP mode file for STMicroelectronics.X-CUBE-TCPP.4.2.0
2025-11-03 23:45:59,333 [WARN] PackLoader:240 - Cannot read IP mode file for RealThread.X-CUBE-RT-Thread_Nano.4.1.1
2025-11-03 23:45:59,347 [WARN] PackLoader:240 - Cannot read IP mode file for STMicroelectronics.FP-ATR-SIGFOX1.3.2.0
2025-11-03 23:45:59,354 [WARN] PackLoader:240 - Cannot read IP mode file for ITTIA_DB.I-CUBE-ITTIADB.8.9.0
2025-11-03 23:45:59,378 [WARN] PackLoader:240 - Cannot read IP mode file for STMicroelectronics.X-CUBE-ST67W61.1.0.0
2025-11-03 23:45:59,386 [WARN] PackLoader:240 - Cannot read IP mode file for STMicroelectronics.X-CUBE-AI.10.2.0
2025-11-03 23:45:59,445 [WARN] PackLoader:240 - Cannot read IP mode file for SEGGER.I-CUBE-embOS.1.3.1
2025-11-03 23:45:59,548 [WARN] PackLoader:240 - Cannot read IP mode file for STMicroelectronics.X-CUBE-ALGOBUILD.1.4.0
2025-11-03 23:45:59,639 [WARN] PackLoader:240 - Cannot read IP mode file for STMicroelectronics.X-CUBE-MEMS1.11.3.0
2025-11-03 23:45:59,813 [WARN] PackLoader:240 - Cannot read IP mode file for STMicroelectronics.X-CUBE-PM33A1.1.0.0
2025-11-03 23:45:59,850 [WARN] PackLoader:240 - Cannot read IP mode file for STMicroelectronics.X-CUBE-AZRTOS-F4.1.1.0
2025-11-03 23:45:59,878 [WARN] PackLoader:240 - Cannot read IP mode file for STMicroelectronics.X-CUBE-ISPU.2.1.0
2025-11-03 23:45:59,908 [WARN] PackLoader:240 - Cannot read IP mode file for STMicroelectronics.X-CUBE-IPS.3.2.0
2025-11-03 23:45:59,932 [WARN] PackLoader:240 - Cannot read IP mode file for STMicroelectronics.X-CUBE-NFC12.1.0.0
2025-11-03 23:45:59,966 [WARN] PackLoader:240 - Cannot read IP mode file for STMicroelectronics.X-CUBE-AZRTOS-L5.2.0.0
2025-11-03 23:45:59,993 [WARN] PackLoader:240 - Cannot read IP mode file for STMicroelectronics.X-CUBE-NFC6.3.1.0
2025-11-03 23:46:00,036 [WARN] PackLoader:240 - Cannot read IP mode file for STMicroelectronics.X-CUBE-FREERTOS.1.3.1
2025-11-03 23:46:00,074 [WARN] PackLoader:240 - Cannot read IP mode file for STMicroelectronics.X-CUBE-TOUCHGFX.4.26.0
2025-11-03 23:46:00,099 [WARN] PackLoader:240 - Cannot read IP mode file for STMicroelectronics.FP-SNS-STAIOTCFT.1.0.0
2025-11-03 23:46:00,131 [WARN] PackLoader:240 - Cannot read IP mode file for STMicroelectronics.X-CUBE-DPower.1.3.0
2025-11-03 23:46:00,195 [WARN] ConditionMgr:438 - getConditionDescription Invalid condition id : LAN8742 Phy interface Condition cause : null
2025-11-03 23:46:00,197 [WARN] PackLoader:240 - Cannot read IP mode file for STMicroelectronics.X-CUBE-AZRTOS-L4.2.0.0
2025-11-03 23:46:00,197 [INFO] WebApp:463 - Apply proxy settings
2025-11-03 23:46:00,197 [INFO] WebApp:548 - Chromium requires no authentication
2025-11-03 23:46:00,201 [WARN] ConditionMgr:1044 - genDependencies : Invalid condition id : LAN8742 Phy interface Condition cause : null
2025-11-03 23:46:00,201 [WARN] ConditionMgr:1044 - genDependencies : Invalid condition id : LAN8742 Phy interface Condition cause : null
2025-11-03 23:46:00,201 [WARN] ConditionMgr:1044 - genDependencies : Invalid condition id : LAN8742 Phy interface Condition cause : null
2025-11-03 23:46:00,211 [INFO] WebApp:491 - Direct internet connection detected
2025-11-03 23:46:00,245 [WARN] PackLoader:240 - Cannot read IP mode file for STMicroelectronics.X-CUBE-SFXS2LP1.4.0.0
2025-11-03 23:46:00,255 [INFO] WebApp:900 - Register for checkConnection events
2025-11-03 23:46:00,255 [INFO] WebApp:463 - Apply proxy settings
2025-11-03 23:46:00,261 [INFO] WebApp:548 - Chromium requires no authentication
2025-11-03 23:46:00,261 [INFO] WebApp:491 - Direct internet connection detected
2025-11-03 23:46:00,295 [WARN] PackLoader:240 - Cannot read IP mode file for STMicroelectronics.X-CUBE-BLEMGR.4.1.0
2025-11-03 23:46:00,348 [WARN] ConditionMgr:438 - getConditionDescription Invalid condition id : UX DEVICE CLASS RTOS Condition cause : null
2025-11-03 23:46:00,350 [WARN] ConditionMgr:438 - getConditionDescription Invalid condition id : UX DEVICE CLASS RTOS Condition cause : null
2025-11-03 23:46:00,361 [WARN] PackLoader:240 - Cannot read IP mode file for STMicroelectronics.X-CUBE-AZRTOS-WB.2.0.0
2025-11-03 23:46:00,363 [WARN] ConditionMgr:1044 - genDependencies : Invalid condition id : UX DEVICE CLASS RTOS Condition cause : null
2025-11-03 23:46:00,363 [WARN] ConditionMgr:1044 - genDependencies : Invalid condition id : UX DEVICE CLASS RTOS Condition cause : null
2025-11-03 23:46:00,363 [WARN] ConditionMgr:1044 - genDependencies : Invalid condition id : UX DEVICE CLASS RTOS Condition cause : null
2025-11-03 23:46:00,363 [WARN] ConditionMgr:1044 - genDependencies : Invalid condition id : UX DEVICE CLASS RTOS Condition cause : null
2025-11-03 23:46:00,363 [WARN] ConditionMgr:1044 - genDependencies : Invalid condition id : UX DEVICE CLASS RTOS Condition cause : null
2025-11-03 23:46:00,400 [WARN] PackLoader:240 - Cannot read IP mode file for STMicroelectronics.X-CUBE-GNSS1.7.0.1
2025-11-03 23:46:00,417 [WARN] ConditionMgr:438 - getConditionDescription Invalid condition id : Cortex-A Device cause : null
2025-11-03 23:46:00,466 [WARN] ConditionMgr:1044 - genDependencies : Invalid condition id : Cortex-A Device cause : null
2025-11-03 23:46:00,472 [WARN] ConditionMgr:1044 - genDependencies : Invalid condition id : Cortex-A Device cause : null
2025-11-03 23:46:00,472 [WARN] ConditionMgr:1044 - genDependencies : Invalid condition id : Cortex-A Device cause : null
2025-11-03 23:46:00,498 [INFO] WebApp:191 - Connection restablished
2025-11-03 23:46:00,524 [WARN] PackLoader:240 - Cannot read IP mode file for STMicroelectronics.X-CUBE-SUBG2.5.0.0
2025-11-03 23:46:00,598 [WARN] PackLoader:240 - Cannot read IP mode file for STMicroelectronics.X-CUBE-AZRTOS-H7RS.1.1.0
2025-11-03 23:46:00,636 [WARN] PackLoader:240 - Cannot read IP mode file for STMicroelectronics.X-CUBE-AZRTOS-G4.2.0.0
2025-11-03 23:46:00,651 [INFO] WebApp:225 - Starting web application
2025-11-03 23:46:00,651 [INFO] WebApp:593 - Web application path used C:\ST\STM32CubeIDE_1.19.0\STM32CubeIDE\plugins\com.st.stm32cube.common.mx_6.15.0.202507011659\db\plugins\mcufinder\reactClient1\index.html
2025-11-03 23:46:00,656 [WARN] PackLoader:240 - Cannot read IP mode file for wolfSSL.I-CUBE-wolfSSH.1.4.20
2025-11-03 23:46:00,690 [WARN] PackLoader:240 - Cannot read IP mode file for STMicroelectronics.X-CUBE-NFC7.2.0.0
2025-11-03 23:46:00,748 [WARN] PackLoader:240 - Cannot read IP mode file for STMicroelectronics.X-CUBE-IPS.3.1.0
2025-11-03 23:46:00,809 [WARN] PackLoader:240 - Cannot read IP mode file for STMicroelectronics.X-CUBE-ALS.1.0.2
2025-11-03 23:46:00,863 [WARN] PackLoader:240 - Cannot read IP mode file for STMicroelectronics.X-CUBE-STSE01.1.0.0
2025-11-03 23:46:00,974 [WARN] PackLoader:240 - Cannot read IP mode file for STMicroelectronics.X-CUBE-TOF1.3.4.3
2025-11-03 23:46:00,990 [INFO] ThirdParty:978 - Integrity check success = true
2025-11-03 23:46:00,991 [INFO] IntegrityCheckThread:100 - exiting critical section [integrity check]
2025-11-03 23:46:00,991 [INFO] IntegrityCheckThread:103 - End integrity checks thread
2025-11-03 23:51:17,930 [ERROR] LogOutputStream:75 - [STDERR_REDIRECT] 
