2025-11-22 20:59:44,189 [INFO] Activator:176 - 


2025-11-22 20:59:44,196 [INFO] Activator:177 - !SESSION log4j initialized
2025-11-22 20:59:51,343 [INFO] LogOutputStream:77 - [STDOUT_REDIRECT] 
2025-11-22 20:59:52,510 [INFO] ApplicationProperties:184 - Using Application install path: C:\ST\STM32CubeIDE_1.19.0\STM32CubeIDE\plugins\com.st.stm32cube.common.mx_6.15.0.202507011659
2025-11-22 20:59:52,528 [INFO] DbMcusXml:78 - Set database path to: C:\ST\STM32CubeIDE_1.19.0\STM32CubeIDE\plugins\com.st.stm32cube.common.mx_6.15.0.202507011659\\db\/mcu/
2025-11-22 20:59:52,529 [INFO] ApiDb:274 - Set plugin database path to: C:\ST\STM32CubeIDE_1.19.0\STM32CubeIDE\plugins\com.st.stm32cube.common.mx_6.15.0.202507011659\\db\/plugins/boardmanager/
2025-11-22 20:59:52,529 [WARN] ApiDb:259 - Overriding images path with different value:  => C:\ST\STM32CubeIDE_1.19.0\STM32CubeIDE\plugins\com.st.stm32cube.common.mx_6.15.0.202507011659\\db\/plugins/mcufinder/images/
2025-11-22 20:59:52,544 [INFO] ApiDb:250 - Set database path to: C:\Users\ASUS\.stmcufinder\plugins\mcufinder//mcu/
2025-11-22 20:59:52,545 [INFO] DbMcusAds:125 - Set database path to: C:\Users\ASUS\.stmcufinder\plugins\mcufinder//mcu/
2025-11-22 20:59:52,548 [INFO] CrossReferenceDbSqlite:203 - Set database path to: C:\Users\ASUS\.stmcufinder\plugins\mcufinder//mcu/cs/
2025-11-22 20:59:52,685 [INFO] RulesReader:64 - Compatibility file has been processed (317 Rules)
2025-11-22 20:59:52,782 [INFO] DbMcusXml:78 - Set database path to: C:\ST\STM32CubeIDE_1.19.0\STM32CubeIDE\plugins\com.st.stm32cube.common.mx_6.15.0.202507011659\\db\/mcu/
2025-11-22 20:59:52,782 [INFO] ApiDb:274 - Set plugin database path to: C:\ST\STM32CubeIDE_1.19.0\STM32CubeIDE\plugins\com.st.stm32cube.common.mx_6.15.0.202507011659\\db\/plugins/boardmanager/
2025-11-22 20:59:52,782 [INFO] ApiDb:261 - Set plugin images path to: C:\ST\STM32CubeIDE_1.19.0\STM32CubeIDE\plugins\com.st.stm32cube.common.mx_6.15.0.202507011659\\db\/plugins/mcufinder/images/
2025-11-22 20:59:52,783 [WARN] DbFile:41 - Overriding database path with different value: C:\Users\ASUS\.stmcufinder\plugins\mcufinder/ => C:\Users\ASUS\.stmcufinder\plugins\mcufinder
2025-11-22 20:59:52,783 [INFO] ApiDb:250 - Set database path to: C:\Users\ASUS\.stmcufinder\plugins\mcufinder//mcu/
2025-11-22 20:59:52,783 [WARN] DbFile:41 - Overriding database path with different value: C:\Users\ASUS\.stmcufinder\plugins\mcufinder/ => C:\Users\ASUS\.stmcufinder\plugins\mcufinder
2025-11-22 20:59:52,783 [INFO] DbMcusAds:125 - Set database path to: C:\Users\ASUS\.stmcufinder\plugins\mcufinder//mcu/
2025-11-22 20:59:52,783 [WARN] DbFile:41 - Overriding database path with different value: C:\Users\ASUS\.stmcufinder\plugins\mcufinder/ => C:\Users\ASUS\.stmcufinder\plugins\mcufinder
2025-11-22 20:59:52,783 [WARN] DbFile:41 - Overriding database path with different value: C:\Users\ASUS\.stmcufinder\plugins\mcufinder/ => C:\Users\ASUS\.stmcufinder\plugins\mcufinder
2025-11-22 20:59:52,783 [INFO] CrossReferenceDbSqlite:203 - Set database path to: C:\Users\ASUS\.stmcufinder\plugins\mcufinder//mcu/cs/
2025-11-22 20:59:52,865 [INFO] MainPanel:274 - HeapMemory: 268435456
2025-11-22 20:59:52,983 [INFO] DbMcusXml:78 - Set database path to: C:\ST\STM32CubeIDE_1.19.0\STM32CubeIDE\plugins\com.st.stm32cube.common.mx_6.15.0.202507011659\\db\/mcu/
2025-11-22 20:59:52,983 [INFO] ApiDb:274 - Set plugin database path to: C:\ST\STM32CubeIDE_1.19.0\STM32CubeIDE\plugins\com.st.stm32cube.common.mx_6.15.0.202507011659\\db\/plugins/boardmanager/
2025-11-22 20:59:52,983 [INFO] ApiDb:261 - Set plugin images path to: C:\ST\STM32CubeIDE_1.19.0\STM32CubeIDE\plugins\com.st.stm32cube.common.mx_6.15.0.202507011659\\db\/plugins/mcufinder/images/
2025-11-22 20:59:52,983 [WARN] DbFile:41 - Overriding database path with different value: C:\Users\ASUS\.stmcufinder\plugins\mcufinder/ => C:\Users\ASUS\.stmcufinder\plugins\mcufinder
2025-11-22 20:59:52,983 [INFO] ApiDb:250 - Set database path to: C:\Users\ASUS\.stmcufinder\plugins\mcufinder//mcu/
2025-11-22 20:59:52,984 [WARN] DbFile:41 - Overriding database path with different value: C:\Users\ASUS\.stmcufinder\plugins\mcufinder/ => C:\Users\ASUS\.stmcufinder\plugins\mcufinder
2025-11-22 20:59:52,984 [INFO] DbMcusAds:125 - Set database path to: C:\Users\ASUS\.stmcufinder\plugins\mcufinder//mcu/
2025-11-22 20:59:52,984 [WARN] DbFile:41 - Overriding database path with different value: C:\Users\ASUS\.stmcufinder\plugins\mcufinder/ => C:\Users\ASUS\.stmcufinder\plugins\mcufinder
2025-11-22 20:59:52,984 [WARN] DbFile:41 - Overriding database path with different value: C:\Users\ASUS\.stmcufinder\plugins\mcufinder/ => C:\Users\ASUS\.stmcufinder\plugins\mcufinder
2025-11-22 20:59:52,984 [INFO] CrossReferenceDbSqlite:203 - Set database path to: C:\Users\ASUS\.stmcufinder\plugins\mcufinder//mcu/cs/
2025-11-22 20:59:53,005 [INFO] ApplicationProperties:184 - Using Application install path: C:\ST\STM32CubeIDE_1.19.0\STM32CubeIDE\plugins\com.st.stm32cube.common.mx_6.15.0.202507011659
2025-11-22 20:59:53,006 [INFO] PluginManage:196 - Search for loadable plugins [exclusion list=, ]
2025-11-22 20:59:53,008 [INFO] PluginManage:310 - Check plugin analytics
2025-11-22 20:59:53,203 [INFO] AnalyticsPlugin:253 - Accepted Software Licenses: STM32CubeMX.6.12.1
2025-11-22 20:59:53,204 [INFO] AnalyticsPlugin:255 - Accepted CMSIS Pack Licenses: 
2025-11-22 20:59:53,204 [INFO] AnalyticsPlugin:257 - Accepted Firmware Licenses: 
2025-11-22 20:59:53,207 [INFO] PluginManage:359 - Loaded plugin analytics (category:tool,tabindex:-1)
2025-11-22 20:59:53,207 [INFO] PluginManage:310 - Check plugin cadmodel
2025-11-22 20:59:53,226 [INFO] CADModel:105 - Init CAD model plugin
2025-11-22 20:59:53,226 [INFO] PluginManage:359 - Loaded plugin cadmodel (category:power,tabindex:5)
2025-11-22 20:59:53,226 [INFO] PluginManage:310 - Check plugin clock
2025-11-22 20:59:53,247 [INFO] PluginManage:359 - Loaded plugin clock (category:base,tabindex:2)
2025-11-22 20:59:53,247 [INFO] PluginManage:310 - Check plugin ddr
2025-11-22 20:59:53,250 [INFO] PluginManage:359 - Loaded plugin ddr (category:tool,tabindex:6)
2025-11-22 20:59:53,250 [INFO] PluginManage:310 - Check plugin filemanager
2025-11-22 20:59:53,397 [INFO] PluginManage:359 - Loaded plugin filemanager (category:base,tabindex:10)
2025-11-22 20:59:53,397 [INFO] PluginManage:310 - Check plugin ipmanager
2025-11-22 20:59:53,404 [INFO] PluginManage:359 - Loaded plugin ipmanager (category:base,tabindex:5)
2025-11-22 20:59:53,405 [INFO] PluginManage:310 - Check plugin lpbam
2025-11-22 20:59:53,425 [INFO] PluginManage:359 - Loaded plugin lpbam (category:base,tabindex:0)
2025-11-22 20:59:53,425 [INFO] PluginManage:310 - Check plugin memorymap
2025-11-22 20:59:53,454 [INFO] PluginManage:359 - Loaded plugin memorymap (category:base,tabindex:4)
2025-11-22 20:59:53,455 [INFO] PluginManage:310 - Check plugin pinoutandconfiguration
2025-11-22 20:59:53,478 [INFO] PluginManage:359 - Loaded plugin pinoutandconfiguration (category:base,tabindex:1)
2025-11-22 20:59:53,479 [INFO] PluginManage:310 - Check plugin pinoutconfig
2025-11-22 20:59:53,581 [WARN] SupportedApi:132 - Cannot load RTOS API schema: s4s-elt-must-match.1: The content of 'definitions' must match (annotation?, (simpleType | complexType)?, (unique | key | keyref)*)). A problem was found starting at: attribute.
2025-11-22 20:59:53,727 [INFO] PluginManage:359 - Loaded plugin pinoutconfig (category:base,tabindex:0)
2025-11-22 20:59:53,727 [INFO] PluginManage:310 - Check plugin power
2025-11-22 20:59:53,750 [INFO] PluginManage:359 - Loaded plugin power (category:power,tabindex:4)
2025-11-22 20:59:53,751 [INFO] PluginManage:310 - Check plugin projectmanager
2025-11-22 20:59:53,768 [INFO] PluginManage:359 - Loaded plugin projectmanager (category:projectmanager,tabindex:4)
2025-11-22 20:59:53,768 [INFO] PluginManage:310 - Check plugin rif
2025-11-22 20:59:53,795 [INFO] PluginManage:359 - Loaded plugin rif (category:base,tabindex:3)
2025-11-22 20:59:53,795 [INFO] PluginManage:310 - Check plugin thirdparty
2025-11-22 20:59:54,125 [INFO] PluginManage:359 - Loaded plugin thirdparty (category:base,tabindex:-1)
2025-11-22 20:59:54,125 [WARN] IntegrityCheckThread:84 - waiting for thirdparty lock release [integrity check]
2025-11-22 20:59:54,140 [INFO] PluginManage:310 - Check plugin tools
2025-11-22 20:59:54,140 [INFO] IntegrityCheckThread:86 - entering critical section [integrity check]
2025-11-22 20:59:54,140 [INFO] ThirdPartyUpdaterWithRetryManager:70 - Updater plugin not ready yet. [1/15]
2025-11-22 20:59:54,171 [INFO] PluginManage:359 - Loaded plugin tools (category:base,tabindex:7)
2025-11-22 20:59:54,171 [INFO] PluginManage:310 - Check plugin tutovideos
2025-11-22 20:59:54,400 [INFO] PluginManage:359 - Loaded plugin tutovideos (category:base,tabindex:-1)
2025-11-22 20:59:54,400 [INFO] PluginManage:310 - Check plugin updater
2025-11-22 20:59:54,431 [INFO] PluginManage:359 - Loaded plugin updater (category:base,tabindex:12)
2025-11-22 20:59:54,431 [INFO] PluginManage:310 - Check plugin userauth
2025-11-22 20:59:54,431 [INFO] UserAuth:118 - Init User Auth plugin
2025-11-22 20:59:54,431 [INFO] PluginManage:359 - Loaded plugin userauth (category:base,tabindex:14)
2025-11-22 20:59:54,431 [INFO] PluginManage:283 - PluginManage : Loaded plugins [18]
2025-11-22 20:59:54,663 [INFO] PinOutPanel:1589 - setPackage(No Configuration,No Configuration)
2025-11-22 20:59:54,766 [INFO] CADModel:165 - CPN selected for project level
2025-11-22 20:59:54,766 [INFO] CADModel:114 - Register for checkConnection events
2025-11-22 20:59:54,795 [INFO] IPUIPlugin:80 - create IPUIPlugin
2025-11-22 20:59:54,795 [INFO] PluginManager:220 - loadIPPluginJar : add adc
2025-11-22 20:59:54,851 [INFO] IPUIPlugin:80 - create IPUIPlugin
2025-11-22 20:59:54,851 [INFO] PluginManager:220 - loadIPPluginJar : add aes
2025-11-22 20:59:54,901 [INFO] IPUIPlugin:80 - create IPUIPlugin
2025-11-22 20:59:54,901 [INFO] PluginManager:220 - loadIPPluginJar : add can
2025-11-22 20:59:54,935 [INFO] IPUIPlugin:80 - create IPUIPlugin
2025-11-22 20:59:54,935 [INFO] PluginManager:220 - loadIPPluginJar : add comp
2025-11-22 20:59:54,979 [INFO] IPUIPlugin:80 - create IPUIPlugin
2025-11-22 20:59:54,979 [INFO] PluginManager:220 - loadIPPluginJar : add cryp
2025-11-22 20:59:54,995 [INFO] IPUIPlugin:80 - create IPUIPlugin
2025-11-22 20:59:54,995 [INFO] PluginManager:220 - loadIPPluginJar : add ddr_ctrl_phy
2025-11-22 20:59:55,042 [INFO] IPUIPlugin:80 - create IPUIPlugin
2025-11-22 20:59:55,042 [INFO] PluginManager:220 - loadIPPluginJar : add dfsdm
2025-11-22 20:59:55,060 [INFO] IPUIPlugin:80 - create IPUIPlugin
2025-11-22 20:59:55,060 [INFO] PluginManager:220 - loadIPPluginJar : add dma
2025-11-22 20:59:55,106 [INFO] IPUIPlugin:80 - create IPUIPlugin
2025-11-22 20:59:55,106 [INFO] PluginManager:220 - loadIPPluginJar : add dma3
2025-11-22 20:59:55,169 [INFO] IPUIPlugin:80 - create IPUIPlugin
2025-11-22 20:59:55,169 [INFO] PluginManager:220 - loadIPPluginJar : add extmemmanager
2025-11-22 20:59:55,200 [INFO] IPUIPlugin:80 - create IPUIPlugin
2025-11-22 20:59:55,200 [INFO] PluginManager:220 - loadIPPluginJar : add fatfs
2025-11-22 20:59:55,264 [INFO] IPUIPlugin:80 - create IPUIPlugin
2025-11-22 20:59:55,264 [INFO] PluginManager:220 - loadIPPluginJar : add fmc
2025-11-22 20:59:55,280 [INFO] IPUIPlugin:80 - create IPUIPlugin
2025-11-22 20:59:55,280 [INFO] PluginManager:220 - loadIPPluginJar : add freertos
2025-11-22 20:59:55,320 [INFO] IPUIPlugin:80 - create IPUIPlugin
2025-11-22 20:59:55,320 [INFO] PluginManager:220 - loadIPPluginJar : add genericplugin
2025-11-22 20:59:55,454 [INFO] IPUIPlugin:80 - create IPUIPlugin
2025-11-22 20:59:55,454 [INFO] PluginManager:220 - loadIPPluginJar : add gfxmmu
2025-11-22 20:59:55,644 [INFO] IPUIPlugin:80 - create IPUIPlugin
2025-11-22 20:59:55,644 [INFO] PluginManager:220 - loadIPPluginJar : add gic
2025-11-22 20:59:55,660 [INFO] IPUIPlugin:80 - create IPUIPlugin
2025-11-22 20:59:55,660 [INFO] PluginManager:220 - loadIPPluginJar : add gpio
2025-11-22 20:59:55,780 [INFO] IPUIPlugin:80 - create IPUIPlugin
2025-11-22 20:59:55,780 [INFO] PluginManager:220 - loadIPPluginJar : add gtzc
2025-11-22 20:59:55,827 [INFO] IPUIPlugin:80 - create IPUIPlugin
2025-11-22 20:59:55,827 [INFO] PluginManager:220 - loadIPPluginJar : add hash
2025-11-22 20:59:55,909 [INFO] IPUIPlugin:80 - create IPUIPlugin
2025-11-22 20:59:55,909 [INFO] PluginManager:220 - loadIPPluginJar : add i2c
2025-11-22 20:59:55,961 [INFO] IPUIPlugin:80 - create IPUIPlugin
2025-11-22 20:59:55,961 [INFO] PluginManager:220 - loadIPPluginJar : add i2s
2025-11-22 20:59:56,008 [INFO] IPUIPlugin:80 - create IPUIPlugin
2025-11-22 20:59:56,008 [INFO] PluginManager:220 - loadIPPluginJar : add i3c
2025-11-22 20:59:56,135 [INFO] IPUIPlugin:80 - create IPUIPlugin
2025-11-22 20:59:56,135 [INFO] PluginManager:220 - loadIPPluginJar : add ipddr
2025-11-22 20:59:56,262 [INFO] IPUIPlugin:80 - create IPUIPlugin
2025-11-22 20:59:56,262 [INFO] PluginManager:220 - loadIPPluginJar : add linkedlist
2025-11-22 20:59:56,317 [INFO] IPUIPlugin:80 - create IPUIPlugin
2025-11-22 20:59:56,317 [INFO] PluginManager:220 - loadIPPluginJar : add lorawan
2025-11-22 20:59:56,357 [INFO] IPUIPlugin:80 - create IPUIPlugin
2025-11-22 20:59:56,357 [INFO] PluginManager:220 - loadIPPluginJar : add ltdc
2025-11-22 20:59:56,373 [INFO] IPUIPlugin:80 - create IPUIPlugin
2025-11-22 20:59:56,373 [INFO] PluginManager:220 - loadIPPluginJar : add mdma
2025-11-22 20:59:56,397 [INFO] IPUIPlugin:80 - create IPUIPlugin
2025-11-22 20:59:56,397 [INFO] PluginManager:220 - loadIPPluginJar : add nvic
2025-11-22 20:59:56,458 [INFO] IPUIPlugin:80 - create IPUIPlugin
2025-11-22 20:59:56,458 [INFO] PluginManager:220 - loadIPPluginJar : add opamp
2025-11-22 20:59:56,532 [INFO] IPUIPlugin:80 - create IPUIPlugin
2025-11-22 20:59:56,532 [INFO] PluginManager:220 - loadIPPluginJar : add openamp
2025-11-22 20:59:56,610 [INFO] IPUIPlugin:80 - create IPUIPlugin
2025-11-22 20:59:56,610 [INFO] PluginManager:220 - loadIPPluginJar : add pdm2pcm
2025-11-22 20:59:56,627 [INFO] IPUIPlugin:80 - create IPUIPlugin
2025-11-22 20:59:56,629 [INFO] PluginManager:220 - loadIPPluginJar : add plateformsettings
2025-11-22 20:59:56,661 [INFO] IPUIPlugin:80 - create IPUIPlugin
2025-11-22 20:59:56,661 [INFO] PluginManager:220 - loadIPPluginJar : add quadspi
2025-11-22 20:59:56,690 [INFO] IPUIPlugin:80 - create IPUIPlugin
2025-11-22 20:59:56,690 [INFO] PluginManager:220 - loadIPPluginJar : add radio
2025-11-22 20:59:56,706 [INFO] IPUIPlugin:80 - create IPUIPlugin
2025-11-22 20:59:56,706 [INFO] PluginManager:220 - loadIPPluginJar : add resmgrutility
2025-11-22 20:59:56,769 [INFO] IPUIPlugin:80 - create IPUIPlugin
2025-11-22 20:59:56,769 [INFO] PluginManager:220 - loadIPPluginJar : add sai
2025-11-22 20:59:56,816 [INFO] IPUIPlugin:80 - create IPUIPlugin
2025-11-22 20:59:56,827 [INFO] PluginManager:220 - loadIPPluginJar : add spi
2025-11-22 20:59:56,924 [INFO] IPUIPlugin:80 - create IPUIPlugin
2025-11-22 20:59:56,924 [INFO] PluginManager:220 - loadIPPluginJar : add stm32_wpan
2025-11-22 20:59:56,946 [INFO] IPUIPlugin:80 - create IPUIPlugin
2025-11-22 20:59:56,946 [INFO] PluginManager:220 - loadIPPluginJar : add tim
2025-11-22 20:59:57,054 [INFO] IPUIPlugin:80 - create IPUIPlugin
2025-11-22 20:59:57,054 [INFO] PluginManager:220 - loadIPPluginJar : add touchsensing
2025-11-22 20:59:57,087 [INFO] IPUIPlugin:80 - create IPUIPlugin
2025-11-22 20:59:57,087 [INFO] PluginManager:220 - loadIPPluginJar : add tracer_emb
2025-11-22 20:59:57,130 [INFO] IPUIPlugin:80 - create IPUIPlugin
2025-11-22 20:59:57,130 [INFO] PluginManager:220 - loadIPPluginJar : add ts
2025-11-22 20:59:57,150 [INFO] ThirdPartyUpdaterWithRetryManager:70 - Updater plugin not ready yet. [2/15]
2025-11-22 20:59:57,150 [INFO] IPUIPlugin:80 - create IPUIPlugin
2025-11-22 20:59:57,150 [INFO] PluginManager:220 - loadIPPluginJar : add tsc
2025-11-22 20:59:57,198 [INFO] IPUIPlugin:80 - create IPUIPlugin
2025-11-22 20:59:57,198 [INFO] PluginManager:220 - loadIPPluginJar : add ucpd
2025-11-22 20:59:57,271 [INFO] IPUIPlugin:80 - create IPUIPlugin
2025-11-22 20:59:57,271 [INFO] PluginManager:220 - loadIPPluginJar : add usart
2025-11-22 20:59:57,347 [INFO] IPUIPlugin:80 - create IPUIPlugin
2025-11-22 20:59:57,347 [INFO] PluginManager:220 - loadIPPluginJar : add usbx
2025-11-22 20:59:57,491 [FATAL] Updater:351 - Updater called before beeing initialized
2025-11-22 20:59:57,529 [INFO] RulesReader:64 - Compatibility file has been processed (317 Rules)
2025-11-22 20:59:57,547 [INFO] RulesReader:64 - Compatibility file has been processed (317 Rules)
2025-11-22 20:59:57,555 [INFO] CADModel:165 - CPN selected for project level
2025-11-22 20:59:57,555 [INFO] CADModel:114 - Register for checkConnection events
2025-11-22 20:59:57,555 [FATAL] Updater:351 - Updater called before beeing initialized
2025-11-22 20:59:57,555 [ERROR] CADModel:125 - Updater not yet initialized, retry later 
2025-11-22 20:59:57,745 [FATAL] Updater:351 - Updater called before beeing initialized
2025-11-22 20:59:57,748 [INFO] CADModel:165 - CPN selected for project level
2025-11-22 20:59:57,748 [INFO] CADModel:114 - Register for checkConnection events
2025-11-22 20:59:57,748 [FATAL] Updater:351 - Updater called before beeing initialized
2025-11-22 20:59:57,748 [ERROR] CADModel:125 - Updater not yet initialized, retry later 
2025-11-22 20:59:57,753 [FATAL] Updater:351 - Updater called before beeing initialized
2025-11-22 20:59:57,906 [FATAL] Updater:351 - Updater called before beeing initialized
2025-11-22 20:59:57,922 [INFO] DbMcusAds:53 - JSON generation date=Thu Oct 02 16:36:05 ICT 2025 (1759397765645)
2025-11-22 20:59:57,922 [FATAL] Updater:351 - Updater called before beeing initialized
2025-11-22 20:59:57,971 [WARN] DetailPanel:346 - Failed to get advertising image, set to default
2025-11-22 20:59:58,059 [FATAL] Updater:351 - Updater called before beeing initialized
2025-11-22 20:59:58,061 [FATAL] Updater:351 - Updater called before beeing initialized
2025-11-22 20:59:58,061 [FATAL] Updater:351 - Updater called before beeing initialized
2025-11-22 20:59:58,061 [WARN] DetailPanel:346 - Failed to get advertising image, set to default
2025-11-22 20:59:58,061 [FATAL] Updater:351 - Updater called before beeing initialized
2025-11-22 20:59:58,113 [ERROR] Updater:1198 - MainUpdater not yet initialized. External WinMGr cannot be set.
2025-11-22 20:59:58,128 [INFO] Updater:1134 - Updater Version found : 6.15.0
2025-11-22 20:59:58,144 [INFO] ApplicationProperties:184 - Using Application install path: C:\ST\STM32CubeIDE_1.19.0\STM32CubeIDE\plugins\com.st.stm32cube.common.mx_6.15.0.202507011659
2025-11-22 20:59:59,762 [ERROR] LogOutputStream:75 - [STDERR_REDIRECT] Nov 22, 2025 8:59:59 PM java.util.prefs.WindowsPreferences <init>
2025-11-22 20:59:59,762 [ERROR] LogOutputStream:75 - [STDERR_REDIRECT] WARNING: Could not open/create prefs root node Software\JavaSoft\Prefs at root 0xffffffff80000002. Windows RegCreateKeyEx(...) returned error code 5.
2025-11-22 20:59:59,762 [ERROR] LogOutputStream:75 - [STDERR_REDIRECT] 
2025-11-22 21:00:00,080 [INFO] MainUpdater:2872 - connection check result : 10
2025-11-22 21:00:00,080 [INFO] MainUpdater:289 - Updater Check For Update Now.
2025-11-22 21:00:00,080 [INFO] MicroXplorer:498 - Change Database Version : DB.6.0.150
2025-11-22 21:00:00,105 [INFO] McuFinderGlobals:63 - Set McuFinder mode to 2 (CubeIDE integrated)
2025-11-22 21:00:00,105 [INFO] UserAuth:171 - activating auth plugin
2025-11-22 21:00:00,113 [INFO] UserAuth:487 - Internet connection configuration mode: 1
2025-11-22 21:00:00,157 [WARN] MainUpdater:1193 - Updater busy. Cannot search thirdparties
2025-11-22 21:00:00,157 [INFO] ThirdPartyUpdaterWithRetryManager:96 - Updater plugin is busy. [1/15]
2025-11-22 21:00:00,157 [INFO] JxBrowserEngine:152 - Initiate JxBrowser Engine with user profile folder
2025-11-22 21:00:00,332 [INFO] CheckServerUpdateThread:120 - End of CheckServer Thread
2025-11-22 21:00:01,595 [INFO] WebApp:169 - Instantiating new browser for Auth
2025-11-22 21:00:02,505 [INFO] WebApp:463 - Apply proxy settings
2025-11-22 21:00:02,505 [INFO] WebApp:548 - Chromium requires no authentication
2025-11-22 21:00:02,505 [INFO] WebApp:491 - Direct internet connection detected
2025-11-22 21:00:02,549 [INFO] WebApp:900 - Register for checkConnection events
2025-11-22 21:00:02,549 [INFO] WebApp:463 - Apply proxy settings
2025-11-22 21:00:02,549 [INFO] WebApp:548 - Chromium requires no authentication
2025-11-22 21:00:02,551 [INFO] WebApp:491 - Direct internet connection detected
2025-11-22 21:00:02,744 [INFO] WebApp:191 - Connection restablished
2025-11-22 21:00:02,756 [INFO] WebApp:225 - Starting web application
2025-11-22 21:00:02,756 [INFO] WebApp:593 - Web application path used C:\ST\STM32CubeIDE_1.19.0\STM32CubeIDE\plugins\com.st.stm32cube.common.mx_6.15.0.202507011659\db\plugins\mcufinder\reactClient1\index.html
2025-11-22 21:00:03,572 [WARN] PackLoader:240 - Cannot read IP mode file for STMicroelectronics.FP-SNS-MOTENVWB1.1.4.0
2025-11-22 21:00:03,593 [WARN] PackLoader:240 - Cannot read IP mode file for STMicroelectronics.FP-ATR-ASTRA1.2.0.2
2025-11-22 21:00:03,615 [WARN] PackLoader:240 - Cannot read IP mode file for STMicroelectronics.X-CUBE-SMBUS.2.1.0
2025-11-22 21:00:03,631 [WARN] PackLoader:240 - Cannot read IP mode file for STMicroelectronics.X-CUBE-ST60.1.0.0
2025-11-22 21:00:03,685 [WARN] PackLoader:240 - Cannot read IP mode file for STMicroelectronics.X-CUBE-AZRTOS-F7.1.1.0
2025-11-22 21:00:03,715 [WARN] PackLoader:240 - Cannot read IP mode file for Cesanta.I-CUBE-Mongoose.7.19.0
2025-11-22 21:00:03,739 [WARN] PackLoader:240 - Cannot read IP mode file for STMicroelectronics.FP-SNS-MOTENV1.5.1.0
2025-11-22 21:00:03,768 [WARN] PackLoader:240 - Cannot read IP mode file for WES.I-CUBE-Cesium.1.4.0
2025-11-22 21:00:03,816 [WARN] PackLoader:240 - Cannot read IP mode file for Infineon.AIROC-Wi-Fi-Bluetooth-STM32.1.7.1
2025-11-22 21:00:03,885 [WARN] PackLoader:240 - Cannot read IP mode file for STMicroelectronics.X-CUBE-AZRTOS-H7.3.4.0
2025-11-22 21:00:03,916 [WARN] PackLoader:240 - Cannot read IP mode file for STMicroelectronics.X-CUBE-DISPLAY.3.0.0
2025-11-22 21:00:03,943 [WARN] PackLoader:240 - Cannot read IP mode file for STMicroelectronics.X-CUBE-NFC10.1.0.0
2025-11-22 21:00:03,963 [WARN] PackLoader:240 - Cannot read IP mode file for STMicroelectronics.X-CUBE-ST60.1.1.0
2025-11-22 21:00:03,985 [WARN] PackLoader:240 - Cannot read IP mode file for emotas.I-CUBE-CANOPEN.1.3.0
2025-11-22 21:00:04,006 [WARN] PackLoader:240 - Cannot read IP mode file for STMicroelectronics.X-CUBE-GNSS1.7.1.0
2025-11-22 21:00:04,027 [WARN] PackLoader:240 - Cannot read IP mode file for STMicroelectronics.FP-SNS-STBOX1.2.1.0
2025-11-22 21:00:04,049 [WARN] PackLoader:240 - Cannot read IP mode file for STMicroelectronics.FP-SNS-SMARTAG2.1.2.0
2025-11-22 21:00:04,071 [WARN] PackLoader:240 - Cannot read IP mode file for STMicroelectronics.FP-SNS-FLIGHT1.5.1.0
2025-11-22 21:00:04,100 [INFO] LogOutputStream:77 - [STDOUT_REDIRECT] 1 : Invalid condition id : UX_CORESTACK_Condition cause : null
2025-11-22 21:00:04,101 [INFO] LogOutputStream:77 - [STDOUT_REDIRECT] 1 : Invalid condition id : UX_CORESTACK_Condition cause : null
2025-11-22 21:00:04,102 [INFO] LogOutputStream:77 - [STDOUT_REDIRECT] 1 : Invalid condition id : UX_CORESTACK_Condition cause : null
2025-11-22 21:00:04,103 [INFO] LogOutputStream:77 - [STDOUT_REDIRECT] 1 : Invalid condition id : UX_CORESTACK_Condition cause : null
2025-11-22 21:00:04,105 [INFO] LogOutputStream:77 - [STDOUT_REDIRECT] 1 : Invalid condition id : UX_CORESTACK_Condition cause : null
2025-11-22 21:00:04,109 [WARN] PackLoader:240 - Cannot read IP mode file for STMicroelectronics.X-CUBE-AZRTOS-WL.2.0.0
2025-11-22 21:00:04,129 [WARN] PackLoader:240 - Cannot read IP mode file for STMicroelectronics.FP-SNS-MOTENV1.5.0.0
2025-11-22 21:00:04,173 [WARN] PackLoader:240 - Cannot read IP mode file for STMicroelectronics.X-CUBE-AZRTOS-H7RS.1.2.0
2025-11-22 21:00:04,199 [WARN] PackLoader:240 - Cannot read IP mode file for STMicroelectronics.X-CUBE-BLE2.3.3.0
2025-11-22 21:00:04,276 [WARN] PackLoader:240 - Cannot read IP mode file for STMicroelectronics.X-CUBE-NFC9.1.0.0
2025-11-22 21:00:04,297 [WARN] PackLoader:240 - Cannot read IP mode file for wolfSSL.I-CUBE-wolfSSL.5.8.2
2025-11-22 21:00:04,318 [WARN] PackLoader:240 - Cannot read IP mode file for STMicroelectronics.X-CUBE-BLE1.7.1.0
2025-11-22 21:00:04,335 [WARN] PackLoader:240 - Cannot read IP mode file for wolfSSL.I-CUBE-wolfMQTT.1.19.2
2025-11-22 21:00:04,353 [WARN] PackLoader:240 - Cannot read IP mode file for STMicroelectronics.X-CUBE-FREERTOS.1.4.0
2025-11-22 21:00:04,371 [WARN] PackLoader:240 - Cannot read IP mode file for STMicroelectronics.X-CUBE-EEPRMA1.5.2.0
2025-11-22 21:00:04,390 [WARN] PackLoader:240 - Cannot read IP mode file for STMicroelectronics.X-CUBE-ST67W61.1.1.0
2025-11-22 21:00:04,419 [WARN] PackLoader:240 - Cannot read IP mode file for STMicroelectronics.X-CUBE-AZRTOS-G0.1.1.0
2025-11-22 21:00:04,436 [WARN] PackLoader:240 - Cannot read IP mode file for STMicroelectronics.X-CUBE-SAFEA1.1.2.2
2025-11-22 21:00:04,453 [WARN] PackLoader:240 - Cannot read IP mode file for STMicroelectronics.X-CUBE-NFC4.3.0.0
2025-11-22 21:00:04,470 [WARN] PackLoader:240 - Cannot read IP mode file for EmbeddedOffice.I-CUBE-FS-RTOS.1.0.1
2025-11-22 21:00:04,486 [WARN] PackLoader:240 - Cannot read IP mode file for STMicroelectronics.X-CUBE-WB05N.2.0.0
2025-11-22 21:00:04,499 [WARN] PackLoader:240 - Cannot read IP mode file for wolfSSL.I-CUBE-wolfTPM.3.8.0
2025-11-22 21:00:04,516 [WARN] PackLoader:240 - Cannot read IP mode file for STMicroelectronics.X-CUBE-TCPP.4.2.0
2025-11-22 21:00:04,549 [WARN] PackLoader:240 - Cannot read IP mode file for RealThread.X-CUBE-RT-Thread_Nano.4.1.1
2025-11-22 21:00:04,572 [WARN] PackLoader:240 - Cannot read IP mode file for STMicroelectronics.FP-ATR-SIGFOX1.3.2.0
2025-11-22 21:00:04,594 [WARN] PackLoader:240 - Cannot read IP mode file for ITTIA_DB.I-CUBE-ITTIADB.8.9.0
2025-11-22 21:00:04,618 [WARN] PackLoader:240 - Cannot read IP mode file for STMicroelectronics.X-CUBE-ST67W61.1.0.0
2025-11-22 21:00:04,658 [WARN] PackLoader:240 - Cannot read IP mode file for STMicroelectronics.X-CUBE-AI.10.2.0
2025-11-22 21:00:04,699 [WARN] PackLoader:240 - Cannot read IP mode file for SEGGER.I-CUBE-embOS.1.3.1
2025-11-22 21:00:04,752 [WARN] PackLoader:240 - Cannot read IP mode file for STMicroelectronics.X-CUBE-ALGOBUILD.1.4.0
2025-11-22 21:00:04,812 [WARN] PackLoader:240 - Cannot read IP mode file for STMicroelectronics.X-CUBE-MEMS1.11.3.0
2025-11-22 21:00:04,946 [WARN] PackLoader:240 - Cannot read IP mode file for STMicroelectronics.X-CUBE-PM33A1.1.0.0
2025-11-22 21:00:04,980 [WARN] PackLoader:240 - Cannot read IP mode file for STMicroelectronics.X-CUBE-AZRTOS-F4.1.1.0
2025-11-22 21:00:04,998 [WARN] PackLoader:240 - Cannot read IP mode file for STMicroelectronics.X-CUBE-ISPU.2.1.0
2025-11-22 21:00:05,027 [WARN] PackLoader:240 - Cannot read IP mode file for STMicroelectronics.X-CUBE-IPS.3.2.0
2025-11-22 21:00:05,048 [WARN] PackLoader:240 - Cannot read IP mode file for STMicroelectronics.X-CUBE-NFC12.1.0.0
2025-11-22 21:00:05,079 [WARN] PackLoader:240 - Cannot read IP mode file for STMicroelectronics.X-CUBE-AZRTOS-L5.2.0.0
2025-11-22 21:00:05,096 [WARN] PackLoader:240 - Cannot read IP mode file for STMicroelectronics.X-CUBE-NFC6.3.1.0
2025-11-22 21:00:05,114 [WARN] PackLoader:240 - Cannot read IP mode file for STMicroelectronics.X-CUBE-FREERTOS.1.3.1
2025-11-22 21:00:05,131 [WARN] PackLoader:240 - Cannot read IP mode file for STMicroelectronics.X-CUBE-TOUCHGFX.4.26.0
2025-11-22 21:00:05,148 [WARN] PackLoader:240 - Cannot read IP mode file for STMicroelectronics.FP-SNS-STAIOTCFT.1.0.0
2025-11-22 21:00:05,166 [WARN] PackLoader:240 - Cannot read IP mode file for STMicroelectronics.X-CUBE-DPower.1.3.0
2025-11-22 21:00:05,197 [WARN] ConditionMgr:438 - getConditionDescription Invalid condition id : LAN8742 Phy interface Condition cause : null
2025-11-22 21:00:05,198 [WARN] PackLoader:240 - Cannot read IP mode file for STMicroelectronics.X-CUBE-AZRTOS-L4.2.0.0
2025-11-22 21:00:05,198 [WARN] ConditionMgr:1044 - genDependencies : Invalid condition id : LAN8742 Phy interface Condition cause : null
2025-11-22 21:00:05,199 [WARN] ConditionMgr:1044 - genDependencies : Invalid condition id : LAN8742 Phy interface Condition cause : null
2025-11-22 21:00:05,199 [WARN] ConditionMgr:1044 - genDependencies : Invalid condition id : LAN8742 Phy interface Condition cause : null
2025-11-22 21:00:05,224 [WARN] PackLoader:240 - Cannot read IP mode file for STMicroelectronics.X-CUBE-SFXS2LP1.4.0.0
2025-11-22 21:00:05,249 [WARN] PackLoader:240 - Cannot read IP mode file for STMicroelectronics.X-CUBE-BLEMGR.4.1.0
2025-11-22 21:00:05,283 [WARN] ConditionMgr:438 - getConditionDescription Invalid condition id : UX DEVICE CLASS RTOS Condition cause : null
2025-11-22 21:00:05,283 [WARN] ConditionMgr:438 - getConditionDescription Invalid condition id : UX DEVICE CLASS RTOS Condition cause : null
2025-11-22 21:00:05,284 [WARN] PackLoader:240 - Cannot read IP mode file for STMicroelectronics.X-CUBE-AZRTOS-WB.2.0.0
2025-11-22 21:00:05,286 [WARN] ConditionMgr:1044 - genDependencies : Invalid condition id : UX DEVICE CLASS RTOS Condition cause : null
2025-11-22 21:00:05,286 [WARN] ConditionMgr:1044 - genDependencies : Invalid condition id : UX DEVICE CLASS RTOS Condition cause : null
2025-11-22 21:00:05,287 [WARN] ConditionMgr:1044 - genDependencies : Invalid condition id : UX DEVICE CLASS RTOS Condition cause : null
2025-11-22 21:00:05,287 [WARN] ConditionMgr:1044 - genDependencies : Invalid condition id : UX DEVICE CLASS RTOS Condition cause : null
2025-11-22 21:00:05,287 [WARN] ConditionMgr:1044 - genDependencies : Invalid condition id : UX DEVICE CLASS RTOS Condition cause : null
2025-11-22 21:00:05,308 [WARN] PackLoader:240 - Cannot read IP mode file for STMicroelectronics.X-CUBE-GNSS1.7.0.1
2025-11-22 21:00:05,329 [WARN] ConditionMgr:438 - getConditionDescription Invalid condition id : Cortex-A Device cause : null
2025-11-22 21:00:05,381 [WARN] ConditionMgr:1044 - genDependencies : Invalid condition id : Cortex-A Device cause : null
2025-11-22 21:00:05,381 [WARN] ConditionMgr:1044 - genDependencies : Invalid condition id : Cortex-A Device cause : null
2025-11-22 21:00:05,381 [WARN] ConditionMgr:1044 - genDependencies : Invalid condition id : Cortex-A Device cause : null
2025-11-22 21:00:05,410 [WARN] PackLoader:240 - Cannot read IP mode file for STMicroelectronics.X-CUBE-SUBG2.5.0.0
2025-11-22 21:00:05,458 [WARN] PackLoader:240 - Cannot read IP mode file for STMicroelectronics.X-CUBE-AZRTOS-H7RS.1.1.0
2025-11-22 21:00:05,493 [WARN] PackLoader:240 - Cannot read IP mode file for STMicroelectronics.X-CUBE-AZRTOS-G4.2.0.0
2025-11-22 21:00:05,512 [WARN] PackLoader:240 - Cannot read IP mode file for wolfSSL.I-CUBE-wolfSSH.1.4.20
2025-11-22 21:00:05,528 [WARN] PackLoader:240 - Cannot read IP mode file for STMicroelectronics.X-CUBE-NFC7.2.0.0
2025-11-22 21:00:05,550 [WARN] PackLoader:240 - Cannot read IP mode file for STMicroelectronics.X-CUBE-IPS.3.1.0
2025-11-22 21:00:05,569 [WARN] PackLoader:240 - Cannot read IP mode file for STMicroelectronics.X-CUBE-ALS.1.0.2
2025-11-22 21:00:05,588 [WARN] PackLoader:240 - Cannot read IP mode file for STMicroelectronics.X-CUBE-STSE01.1.0.0
2025-11-22 21:00:05,615 [WARN] PackLoader:240 - Cannot read IP mode file for STMicroelectronics.X-CUBE-TOF1.3.4.3
2025-11-22 21:00:05,623 [INFO] ThirdParty:978 - Integrity check success = true
2025-11-22 21:00:05,623 [INFO] IntegrityCheckThread:100 - exiting critical section [integrity check]
2025-11-22 21:00:05,623 [INFO] IntegrityCheckThread:103 - End integrity checks thread
2025-11-22 23:47:14,008 [ERROR] LogOutputStream:75 - [STDERR_REDIRECT] 
2025-11-22 23:52:37,062 [INFO] Activator:176 - 


2025-11-22 23:52:37,063 [INFO] Activator:177 - !SESSION log4j initialized
2025-11-22 23:52:43,748 [INFO] LogOutputStream:77 - [STDOUT_REDIRECT] 
2025-11-22 23:52:44,961 [INFO] ApplicationProperties:184 - Using Application install path: C:\ST\STM32CubeIDE_1.19.0\STM32CubeIDE\plugins\com.st.stm32cube.common.mx_6.15.0.202507011659
2025-11-22 23:52:44,972 [INFO] DbMcusXml:78 - Set database path to: C:\ST\STM32CubeIDE_1.19.0\STM32CubeIDE\plugins\com.st.stm32cube.common.mx_6.15.0.202507011659\\db\/mcu/
2025-11-22 23:52:44,972 [INFO] ApiDb:274 - Set plugin database path to: C:\ST\STM32CubeIDE_1.19.0\STM32CubeIDE\plugins\com.st.stm32cube.common.mx_6.15.0.202507011659\\db\/plugins/boardmanager/
2025-11-22 23:52:44,972 [WARN] ApiDb:259 - Overriding images path with different value:  => C:\ST\STM32CubeIDE_1.19.0\STM32CubeIDE\plugins\com.st.stm32cube.common.mx_6.15.0.202507011659\\db\/plugins/mcufinder/images/
2025-11-22 23:52:44,994 [INFO] ApiDb:250 - Set database path to: C:\Users\ASUS\.stmcufinder\plugins\mcufinder//mcu/
2025-11-22 23:52:44,995 [INFO] DbMcusAds:125 - Set database path to: C:\Users\ASUS\.stmcufinder\plugins\mcufinder//mcu/
2025-11-22 23:52:44,996 [INFO] CrossReferenceDbSqlite:203 - Set database path to: C:\Users\ASUS\.stmcufinder\plugins\mcufinder//mcu/cs/
2025-11-22 23:52:45,153 [INFO] RulesReader:64 - Compatibility file has been processed (317 Rules)
2025-11-22 23:52:45,251 [INFO] DbMcusXml:78 - Set database path to: C:\ST\STM32CubeIDE_1.19.0\STM32CubeIDE\plugins\com.st.stm32cube.common.mx_6.15.0.202507011659\\db\/mcu/
2025-11-22 23:52:45,251 [INFO] ApiDb:274 - Set plugin database path to: C:\ST\STM32CubeIDE_1.19.0\STM32CubeIDE\plugins\com.st.stm32cube.common.mx_6.15.0.202507011659\\db\/plugins/boardmanager/
2025-11-22 23:52:45,251 [INFO] ApiDb:261 - Set plugin images path to: C:\ST\STM32CubeIDE_1.19.0\STM32CubeIDE\plugins\com.st.stm32cube.common.mx_6.15.0.202507011659\\db\/plugins/mcufinder/images/
2025-11-22 23:52:45,252 [WARN] DbFile:41 - Overriding database path with different value: C:\Users\ASUS\.stmcufinder\plugins\mcufinder/ => C:\Users\ASUS\.stmcufinder\plugins\mcufinder
2025-11-22 23:52:45,252 [INFO] ApiDb:250 - Set database path to: C:\Users\ASUS\.stmcufinder\plugins\mcufinder//mcu/
2025-11-22 23:52:45,252 [WARN] DbFile:41 - Overriding database path with different value: C:\Users\ASUS\.stmcufinder\plugins\mcufinder/ => C:\Users\ASUS\.stmcufinder\plugins\mcufinder
2025-11-22 23:52:45,252 [INFO] DbMcusAds:125 - Set database path to: C:\Users\ASUS\.stmcufinder\plugins\mcufinder//mcu/
2025-11-22 23:52:45,252 [WARN] DbFile:41 - Overriding database path with different value: C:\Users\ASUS\.stmcufinder\plugins\mcufinder/ => C:\Users\ASUS\.stmcufinder\plugins\mcufinder
2025-11-22 23:52:45,252 [WARN] DbFile:41 - Overriding database path with different value: C:\Users\ASUS\.stmcufinder\plugins\mcufinder/ => C:\Users\ASUS\.stmcufinder\plugins\mcufinder
2025-11-22 23:52:45,253 [INFO] CrossReferenceDbSqlite:203 - Set database path to: C:\Users\ASUS\.stmcufinder\plugins\mcufinder//mcu/cs/
2025-11-22 23:52:45,358 [INFO] MainPanel:274 - HeapMemory: 268435456
2025-11-22 23:52:45,493 [INFO] DbMcusXml:78 - Set database path to: C:\ST\STM32CubeIDE_1.19.0\STM32CubeIDE\plugins\com.st.stm32cube.common.mx_6.15.0.202507011659\\db\/mcu/
2025-11-22 23:52:45,493 [INFO] ApiDb:274 - Set plugin database path to: C:\ST\STM32CubeIDE_1.19.0\STM32CubeIDE\plugins\com.st.stm32cube.common.mx_6.15.0.202507011659\\db\/plugins/boardmanager/
2025-11-22 23:52:45,493 [INFO] ApiDb:261 - Set plugin images path to: C:\ST\STM32CubeIDE_1.19.0\STM32CubeIDE\plugins\com.st.stm32cube.common.mx_6.15.0.202507011659\\db\/plugins/mcufinder/images/
2025-11-22 23:52:45,494 [WARN] DbFile:41 - Overriding database path with different value: C:\Users\ASUS\.stmcufinder\plugins\mcufinder/ => C:\Users\ASUS\.stmcufinder\plugins\mcufinder
2025-11-22 23:52:45,494 [INFO] ApiDb:250 - Set database path to: C:\Users\ASUS\.stmcufinder\plugins\mcufinder//mcu/
2025-11-22 23:52:45,494 [WARN] DbFile:41 - Overriding database path with different value: C:\Users\ASUS\.stmcufinder\plugins\mcufinder/ => C:\Users\ASUS\.stmcufinder\plugins\mcufinder
2025-11-22 23:52:45,494 [INFO] DbMcusAds:125 - Set database path to: C:\Users\ASUS\.stmcufinder\plugins\mcufinder//mcu/
2025-11-22 23:52:45,494 [WARN] DbFile:41 - Overriding database path with different value: C:\Users\ASUS\.stmcufinder\plugins\mcufinder/ => C:\Users\ASUS\.stmcufinder\plugins\mcufinder
2025-11-22 23:52:45,494 [WARN] DbFile:41 - Overriding database path with different value: C:\Users\ASUS\.stmcufinder\plugins\mcufinder/ => C:\Users\ASUS\.stmcufinder\plugins\mcufinder
2025-11-22 23:52:45,494 [INFO] CrossReferenceDbSqlite:203 - Set database path to: C:\Users\ASUS\.stmcufinder\plugins\mcufinder//mcu/cs/
2025-11-22 23:52:45,515 [INFO] ApplicationProperties:184 - Using Application install path: C:\ST\STM32CubeIDE_1.19.0\STM32CubeIDE\plugins\com.st.stm32cube.common.mx_6.15.0.202507011659
2025-11-22 23:52:45,516 [INFO] PluginManage:196 - Search for loadable plugins [exclusion list=, ]
2025-11-22 23:52:45,517 [INFO] PluginManage:310 - Check plugin analytics
2025-11-22 23:52:45,681 [INFO] AnalyticsPlugin:253 - Accepted Software Licenses: STM32CubeMX.6.12.1
2025-11-22 23:52:45,681 [INFO] AnalyticsPlugin:255 - Accepted CMSIS Pack Licenses: 
2025-11-22 23:52:45,686 [INFO] AnalyticsPlugin:257 - Accepted Firmware Licenses: 
2025-11-22 23:52:45,691 [INFO] PluginManage:359 - Loaded plugin analytics (category:tool,tabindex:-1)
2025-11-22 23:52:45,692 [INFO] PluginManage:310 - Check plugin cadmodel
2025-11-22 23:52:45,714 [INFO] CADModel:105 - Init CAD model plugin
2025-11-22 23:52:45,714 [INFO] PluginManage:359 - Loaded plugin cadmodel (category:power,tabindex:5)
2025-11-22 23:52:45,714 [INFO] PluginManage:310 - Check plugin clock
2025-11-22 23:52:45,739 [INFO] PluginManage:359 - Loaded plugin clock (category:base,tabindex:2)
2025-11-22 23:52:45,739 [INFO] PluginManage:310 - Check plugin ddr
2025-11-22 23:52:45,741 [INFO] PluginManage:359 - Loaded plugin ddr (category:tool,tabindex:6)
2025-11-22 23:52:45,741 [INFO] PluginManage:310 - Check plugin filemanager
2025-11-22 23:52:45,889 [INFO] PluginManage:359 - Loaded plugin filemanager (category:base,tabindex:10)
2025-11-22 23:52:45,889 [INFO] PluginManage:310 - Check plugin ipmanager
2025-11-22 23:52:45,895 [INFO] PluginManage:359 - Loaded plugin ipmanager (category:base,tabindex:5)
2025-11-22 23:52:45,896 [INFO] PluginManage:310 - Check plugin lpbam
2025-11-22 23:52:45,915 [INFO] PluginManage:359 - Loaded plugin lpbam (category:base,tabindex:0)
2025-11-22 23:52:45,915 [INFO] PluginManage:310 - Check plugin memorymap
2025-11-22 23:52:45,947 [INFO] PluginManage:359 - Loaded plugin memorymap (category:base,tabindex:4)
2025-11-22 23:52:45,947 [INFO] PluginManage:310 - Check plugin pinoutandconfiguration
2025-11-22 23:52:45,972 [INFO] PluginManage:359 - Loaded plugin pinoutandconfiguration (category:base,tabindex:1)
2025-11-22 23:52:45,972 [INFO] PluginManage:310 - Check plugin pinoutconfig
2025-11-22 23:52:46,111 [WARN] SupportedApi:132 - Cannot load RTOS API schema: s4s-elt-must-match.1: The content of 'definitions' must match (annotation?, (simpleType | complexType)?, (unique | key | keyref)*)). A problem was found starting at: attribute.
2025-11-22 23:52:46,248 [INFO] PluginManage:359 - Loaded plugin pinoutconfig (category:base,tabindex:0)
2025-11-22 23:52:46,248 [INFO] PluginManage:310 - Check plugin power
2025-11-22 23:52:46,272 [INFO] PluginManage:359 - Loaded plugin power (category:power,tabindex:4)
2025-11-22 23:52:46,272 [INFO] PluginManage:310 - Check plugin projectmanager
2025-11-22 23:52:46,288 [INFO] PluginManage:359 - Loaded plugin projectmanager (category:projectmanager,tabindex:4)
2025-11-22 23:52:46,289 [INFO] PluginManage:310 - Check plugin rif
2025-11-22 23:52:46,309 [INFO] PluginManage:359 - Loaded plugin rif (category:base,tabindex:3)
2025-11-22 23:52:46,311 [INFO] PluginManage:310 - Check plugin thirdparty
2025-11-22 23:52:46,632 [INFO] PluginManage:359 - Loaded plugin thirdparty (category:base,tabindex:-1)
2025-11-22 23:52:46,632 [WARN] IntegrityCheckThread:84 - waiting for thirdparty lock release [integrity check]
2025-11-22 23:52:46,632 [INFO] PluginManage:310 - Check plugin tools
2025-11-22 23:52:46,632 [INFO] IntegrityCheckThread:86 - entering critical section [integrity check]
2025-11-22 23:52:46,633 [INFO] ThirdPartyUpdaterWithRetryManager:70 - Updater plugin not ready yet. [1/15]
2025-11-22 23:52:46,695 [INFO] PluginManage:359 - Loaded plugin tools (category:base,tabindex:7)
2025-11-22 23:52:46,695 [INFO] PluginManage:310 - Check plugin tutovideos
2025-11-22 23:52:46,998 [INFO] PluginManage:359 - Loaded plugin tutovideos (category:base,tabindex:-1)
2025-11-22 23:52:46,998 [INFO] PluginManage:310 - Check plugin updater
2025-11-22 23:52:47,025 [INFO] PluginManage:359 - Loaded plugin updater (category:base,tabindex:12)
2025-11-22 23:52:47,025 [INFO] PluginManage:310 - Check plugin userauth
2025-11-22 23:52:47,031 [INFO] UserAuth:118 - Init User Auth plugin
2025-11-22 23:52:47,031 [INFO] PluginManage:359 - Loaded plugin userauth (category:base,tabindex:14)
2025-11-22 23:52:47,031 [INFO] PluginManage:283 - PluginManage : Loaded plugins [18]
2025-11-22 23:52:47,406 [INFO] PinOutPanel:1589 - setPackage(No Configuration,No Configuration)
2025-11-22 23:52:47,556 [INFO] CADModel:165 - CPN selected for project level
2025-11-22 23:52:47,556 [INFO] CADModel:114 - Register for checkConnection events
2025-11-22 23:52:47,622 [INFO] IPUIPlugin:80 - create IPUIPlugin
2025-11-22 23:52:47,622 [INFO] PluginManager:220 - loadIPPluginJar : add adc
2025-11-22 23:52:47,738 [INFO] IPUIPlugin:80 - create IPUIPlugin
2025-11-22 23:52:47,738 [INFO] PluginManager:220 - loadIPPluginJar : add aes
2025-11-22 23:52:47,837 [INFO] IPUIPlugin:80 - create IPUIPlugin
2025-11-22 23:52:47,839 [INFO] PluginManager:220 - loadIPPluginJar : add can
2025-11-22 23:52:47,901 [INFO] IPUIPlugin:80 - create IPUIPlugin
2025-11-22 23:52:47,901 [INFO] PluginManager:220 - loadIPPluginJar : add comp
2025-11-22 23:52:47,976 [INFO] IPUIPlugin:80 - create IPUIPlugin
2025-11-22 23:52:47,976 [INFO] PluginManager:220 - loadIPPluginJar : add cryp
2025-11-22 23:52:48,001 [INFO] IPUIPlugin:80 - create IPUIPlugin
2025-11-22 23:52:48,001 [INFO] PluginManager:220 - loadIPPluginJar : add ddr_ctrl_phy
2025-11-22 23:52:48,061 [INFO] IPUIPlugin:80 - create IPUIPlugin
2025-11-22 23:52:48,061 [INFO] PluginManager:220 - loadIPPluginJar : add dfsdm
2025-11-22 23:52:48,082 [INFO] IPUIPlugin:80 - create IPUIPlugin
2025-11-22 23:52:48,082 [INFO] PluginManager:220 - loadIPPluginJar : add dma
2025-11-22 23:52:48,165 [INFO] IPUIPlugin:80 - create IPUIPlugin
2025-11-22 23:52:48,165 [INFO] PluginManager:220 - loadIPPluginJar : add dma3
2025-11-22 23:52:48,230 [INFO] IPUIPlugin:80 - create IPUIPlugin
2025-11-22 23:52:48,230 [INFO] PluginManager:220 - loadIPPluginJar : add extmemmanager
2025-11-22 23:52:48,273 [INFO] IPUIPlugin:80 - create IPUIPlugin
2025-11-22 23:52:48,273 [INFO] PluginManager:220 - loadIPPluginJar : add fatfs
2025-11-22 23:52:48,340 [INFO] IPUIPlugin:80 - create IPUIPlugin
2025-11-22 23:52:48,340 [INFO] PluginManager:220 - loadIPPluginJar : add fmc
2025-11-22 23:52:48,356 [INFO] IPUIPlugin:80 - create IPUIPlugin
2025-11-22 23:52:48,356 [INFO] PluginManager:220 - loadIPPluginJar : add freertos
2025-11-22 23:52:48,397 [INFO] IPUIPlugin:80 - create IPUIPlugin
2025-11-22 23:52:48,398 [INFO] PluginManager:220 - loadIPPluginJar : add genericplugin
2025-11-22 23:52:48,601 [INFO] IPUIPlugin:80 - create IPUIPlugin
2025-11-22 23:52:48,601 [INFO] PluginManager:220 - loadIPPluginJar : add gfxmmu
2025-11-22 23:52:48,876 [INFO] IPUIPlugin:80 - create IPUIPlugin
2025-11-22 23:52:48,876 [INFO] PluginManager:220 - loadIPPluginJar : add gic
2025-11-22 23:52:48,899 [INFO] IPUIPlugin:80 - create IPUIPlugin
2025-11-22 23:52:48,899 [INFO] PluginManager:220 - loadIPPluginJar : add gpio
2025-11-22 23:52:49,041 [INFO] IPUIPlugin:80 - create IPUIPlugin
2025-11-22 23:52:49,041 [INFO] PluginManager:220 - loadIPPluginJar : add gtzc
2025-11-22 23:52:49,091 [INFO] IPUIPlugin:80 - create IPUIPlugin
2025-11-22 23:52:49,091 [INFO] PluginManager:220 - loadIPPluginJar : add hash
2025-11-22 23:52:49,170 [INFO] IPUIPlugin:80 - create IPUIPlugin
2025-11-22 23:52:49,170 [INFO] PluginManager:220 - loadIPPluginJar : add i2c
2025-11-22 23:52:49,244 [INFO] IPUIPlugin:80 - create IPUIPlugin
2025-11-22 23:52:49,244 [INFO] PluginManager:220 - loadIPPluginJar : add i2s
2025-11-22 23:52:49,329 [INFO] IPUIPlugin:80 - create IPUIPlugin
2025-11-22 23:52:49,329 [INFO] PluginManager:220 - loadIPPluginJar : add i3c
2025-11-22 23:52:49,549 [INFO] IPUIPlugin:80 - create IPUIPlugin
2025-11-22 23:52:49,549 [INFO] PluginManager:220 - loadIPPluginJar : add ipddr
2025-11-22 23:52:49,642 [INFO] ThirdPartyUpdaterWithRetryManager:70 - Updater plugin not ready yet. [2/15]
2025-11-22 23:52:49,783 [INFO] IPUIPlugin:80 - create IPUIPlugin
2025-11-22 23:52:49,783 [INFO] PluginManager:220 - loadIPPluginJar : add linkedlist
2025-11-22 23:52:49,889 [INFO] IPUIPlugin:80 - create IPUIPlugin
2025-11-22 23:52:49,889 [INFO] PluginManager:220 - loadIPPluginJar : add lorawan
2025-11-22 23:52:49,975 [INFO] IPUIPlugin:80 - create IPUIPlugin
2025-11-22 23:52:49,975 [INFO] PluginManager:220 - loadIPPluginJar : add ltdc
2025-11-22 23:52:50,001 [INFO] IPUIPlugin:80 - create IPUIPlugin
2025-11-22 23:52:50,001 [INFO] PluginManager:220 - loadIPPluginJar : add mdma
2025-11-22 23:52:50,025 [INFO] IPUIPlugin:80 - create IPUIPlugin
2025-11-22 23:52:50,025 [INFO] PluginManager:220 - loadIPPluginJar : add nvic
2025-11-22 23:52:50,113 [INFO] IPUIPlugin:80 - create IPUIPlugin
2025-11-22 23:52:50,113 [INFO] PluginManager:220 - loadIPPluginJar : add opamp
2025-11-22 23:52:50,231 [INFO] IPUIPlugin:80 - create IPUIPlugin
2025-11-22 23:52:50,231 [INFO] PluginManager:220 - loadIPPluginJar : add openamp
2025-11-22 23:52:50,304 [INFO] IPUIPlugin:80 - create IPUIPlugin
2025-11-22 23:52:50,304 [INFO] PluginManager:220 - loadIPPluginJar : add pdm2pcm
2025-11-22 23:52:50,325 [INFO] IPUIPlugin:80 - create IPUIPlugin
2025-11-22 23:52:50,325 [INFO] PluginManager:220 - loadIPPluginJar : add plateformsettings
2025-11-22 23:52:50,361 [INFO] IPUIPlugin:80 - create IPUIPlugin
2025-11-22 23:52:50,361 [INFO] PluginManager:220 - loadIPPluginJar : add quadspi
2025-11-22 23:52:50,406 [INFO] IPUIPlugin:80 - create IPUIPlugin
2025-11-22 23:52:50,406 [INFO] PluginManager:220 - loadIPPluginJar : add radio
2025-11-22 23:52:50,424 [INFO] IPUIPlugin:80 - create IPUIPlugin
2025-11-22 23:52:50,424 [INFO] PluginManager:220 - loadIPPluginJar : add resmgrutility
2025-11-22 23:52:50,517 [INFO] IPUIPlugin:80 - create IPUIPlugin
2025-11-22 23:52:50,519 [INFO] PluginManager:220 - loadIPPluginJar : add sai
2025-11-22 23:52:50,575 [INFO] IPUIPlugin:80 - create IPUIPlugin
2025-11-22 23:52:50,575 [INFO] PluginManager:220 - loadIPPluginJar : add spi
2025-11-22 23:52:50,687 [INFO] IPUIPlugin:80 - create IPUIPlugin
2025-11-22 23:52:50,687 [INFO] PluginManager:220 - loadIPPluginJar : add stm32_wpan
2025-11-22 23:52:50,720 [INFO] IPUIPlugin:80 - create IPUIPlugin
2025-11-22 23:52:50,720 [INFO] PluginManager:220 - loadIPPluginJar : add tim
2025-11-22 23:52:50,805 [INFO] IPUIPlugin:80 - create IPUIPlugin
2025-11-22 23:52:50,805 [INFO] PluginManager:220 - loadIPPluginJar : add touchsensing
2025-11-22 23:52:50,830 [INFO] IPUIPlugin:80 - create IPUIPlugin
2025-11-22 23:52:50,830 [INFO] PluginManager:220 - loadIPPluginJar : add tracer_emb
2025-11-22 23:52:50,869 [INFO] IPUIPlugin:80 - create IPUIPlugin
2025-11-22 23:52:50,869 [INFO] PluginManager:220 - loadIPPluginJar : add ts
2025-11-22 23:52:50,891 [INFO] IPUIPlugin:80 - create IPUIPlugin
2025-11-22 23:52:50,901 [INFO] PluginManager:220 - loadIPPluginJar : add tsc
2025-11-22 23:52:50,932 [INFO] IPUIPlugin:80 - create IPUIPlugin
2025-11-22 23:52:50,932 [INFO] PluginManager:220 - loadIPPluginJar : add ucpd
2025-11-22 23:52:50,981 [INFO] IPUIPlugin:80 - create IPUIPlugin
2025-11-22 23:52:50,981 [INFO] PluginManager:220 - loadIPPluginJar : add usart
2025-11-22 23:52:51,047 [INFO] IPUIPlugin:80 - create IPUIPlugin
2025-11-22 23:52:51,047 [INFO] PluginManager:220 - loadIPPluginJar : add usbx
2025-11-22 23:52:51,169 [FATAL] Updater:351 - Updater called before beeing initialized
2025-11-22 23:52:51,191 [INFO] RulesReader:64 - Compatibility file has been processed (317 Rules)
2025-11-22 23:52:51,202 [INFO] RulesReader:64 - Compatibility file has been processed (317 Rules)
2025-11-22 23:52:51,211 [INFO] CADModel:165 - CPN selected for project level
2025-11-22 23:52:51,211 [INFO] CADModel:114 - Register for checkConnection events
2025-11-22 23:52:51,211 [FATAL] Updater:351 - Updater called before beeing initialized
2025-11-22 23:52:51,211 [ERROR] CADModel:125 - Updater not yet initialized, retry later 
2025-11-22 23:52:51,358 [FATAL] Updater:351 - Updater called before beeing initialized
2025-11-22 23:52:51,359 [INFO] CADModel:165 - CPN selected for project level
2025-11-22 23:52:51,359 [INFO] CADModel:114 - Register for checkConnection events
2025-11-22 23:52:51,359 [FATAL] Updater:351 - Updater called before beeing initialized
2025-11-22 23:52:51,359 [ERROR] CADModel:125 - Updater not yet initialized, retry later 
2025-11-22 23:52:51,363 [FATAL] Updater:351 - Updater called before beeing initialized
2025-11-22 23:52:51,459 [FATAL] Updater:351 - Updater called before beeing initialized
2025-11-22 23:52:51,471 [INFO] DbMcusAds:53 - JSON generation date=Thu Oct 02 16:36:05 ICT 2025 (1759397765645)
2025-11-22 23:52:51,471 [FATAL] Updater:351 - Updater called before beeing initialized
2025-11-22 23:52:51,503 [WARN] DetailPanel:346 - Failed to get advertising image, set to default
2025-11-22 23:52:51,578 [FATAL] Updater:351 - Updater called before beeing initialized
2025-11-22 23:52:51,579 [FATAL] Updater:351 - Updater called before beeing initialized
2025-11-22 23:52:51,579 [FATAL] Updater:351 - Updater called before beeing initialized
2025-11-22 23:52:51,580 [WARN] DetailPanel:346 - Failed to get advertising image, set to default
2025-11-22 23:52:51,580 [FATAL] Updater:351 - Updater called before beeing initialized
2025-11-22 23:52:51,634 [ERROR] Updater:1198 - MainUpdater not yet initialized. External WinMGr cannot be set.
2025-11-22 23:52:51,646 [INFO] Updater:1134 - Updater Version found : 6.15.0
2025-11-22 23:52:51,659 [INFO] ApplicationProperties:184 - Using Application install path: C:\ST\STM32CubeIDE_1.19.0\STM32CubeIDE\plugins\com.st.stm32cube.common.mx_6.15.0.202507011659
2025-11-22 23:52:52,646 [INFO] ThirdPartyUpdaterWithRetryManager:70 - Updater plugin not ready yet. [3/15]
2025-11-22 23:52:53,237 [ERROR] LogOutputStream:75 - [STDERR_REDIRECT] Nov 22, 2025 11:52:53 PM java.util.prefs.WindowsPreferences <init>
2025-11-22 23:52:53,238 [ERROR] LogOutputStream:75 - [STDERR_REDIRECT] WARNING: Could not open/create prefs root node Software\JavaSoft\Prefs at root 0xffffffff80000002. Windows RegCreateKeyEx(...) returned error code 5.
2025-11-22 23:52:53,238 [ERROR] LogOutputStream:75 - [STDERR_REDIRECT] 
2025-11-22 23:52:53,637 [INFO] MainUpdater:2872 - connection check result : 10
2025-11-22 23:52:53,638 [INFO] MainUpdater:289 - Updater Check For Update Now.
2025-11-22 23:52:53,638 [INFO] MicroXplorer:498 - Change Database Version : DB.6.0.150
2025-11-22 23:52:53,669 [INFO] McuFinderGlobals:63 - Set McuFinder mode to 2 (CubeIDE integrated)
2025-11-22 23:52:53,669 [INFO] UserAuth:171 - activating auth plugin
2025-11-22 23:52:53,677 [INFO] UserAuth:487 - Internet connection configuration mode: 1
2025-11-22 23:52:53,760 [INFO] JxBrowserEngine:152 - Initiate JxBrowser Engine with user profile folder
2025-11-22 23:52:53,896 [INFO] CheckServerUpdateThread:120 - End of CheckServer Thread
2025-11-22 23:52:55,677 [INFO] WebApp:169 - Instantiating new browser for Auth
2025-11-22 23:52:56,177 [WARN] PackLoader:240 - Cannot read IP mode file for STMicroelectronics.FP-SNS-MOTENVWB1.1.4.0
2025-11-22 23:52:56,209 [WARN] PackLoader:240 - Cannot read IP mode file for STMicroelectronics.FP-ATR-ASTRA1.2.0.2
2025-11-22 23:52:56,238 [WARN] PackLoader:240 - Cannot read IP mode file for STMicroelectronics.X-CUBE-SMBUS.2.1.0
2025-11-22 23:52:56,264 [WARN] PackLoader:240 - Cannot read IP mode file for STMicroelectronics.X-CUBE-ST60.1.0.0
2025-11-22 23:52:56,331 [WARN] PackLoader:240 - Cannot read IP mode file for STMicroelectronics.X-CUBE-AZRTOS-F7.1.1.0
2025-11-22 23:52:56,375 [WARN] PackLoader:240 - Cannot read IP mode file for Cesanta.I-CUBE-Mongoose.7.19.0
2025-11-22 23:52:56,403 [WARN] PackLoader:240 - Cannot read IP mode file for STMicroelectronics.FP-SNS-MOTENV1.5.1.0
2025-11-22 23:52:56,434 [WARN] PackLoader:240 - Cannot read IP mode file for WES.I-CUBE-Cesium.1.4.0
2025-11-22 23:52:56,552 [WARN] PackLoader:240 - Cannot read IP mode file for Infineon.AIROC-Wi-Fi-Bluetooth-STM32.1.7.1
2025-11-22 23:52:56,625 [WARN] PackLoader:240 - Cannot read IP mode file for STMicroelectronics.X-CUBE-AZRTOS-H7.3.4.0
2025-11-22 23:52:56,659 [WARN] PackLoader:240 - Cannot read IP mode file for STMicroelectronics.X-CUBE-DISPLAY.3.0.0
2025-11-22 23:52:56,693 [WARN] PackLoader:240 - Cannot read IP mode file for STMicroelectronics.X-CUBE-NFC10.1.0.0
2025-11-22 23:52:56,752 [WARN] PackLoader:240 - Cannot read IP mode file for STMicroelectronics.X-CUBE-ST60.1.1.0
2025-11-22 23:52:56,778 [WARN] PackLoader:240 - Cannot read IP mode file for emotas.I-CUBE-CANOPEN.1.3.0
2025-11-22 23:52:56,799 [WARN] PackLoader:240 - Cannot read IP mode file for STMicroelectronics.X-CUBE-GNSS1.7.1.0
2025-11-22 23:52:56,826 [WARN] PackLoader:240 - Cannot read IP mode file for STMicroelectronics.FP-SNS-STBOX1.2.1.0
2025-11-22 23:52:56,878 [WARN] PackLoader:240 - Cannot read IP mode file for STMicroelectronics.FP-SNS-SMARTAG2.1.2.0
2025-11-22 23:52:56,900 [WARN] PackLoader:240 - Cannot read IP mode file for STMicroelectronics.FP-SNS-FLIGHT1.5.1.0
2025-11-22 23:52:56,929 [INFO] LogOutputStream:77 - [STDOUT_REDIRECT] 1 : Invalid condition id : UX_CORESTACK_Condition cause : null
2025-11-22 23:52:56,931 [INFO] LogOutputStream:77 - [STDOUT_REDIRECT] 1 : Invalid condition id : UX_CORESTACK_Condition cause : null
2025-11-22 23:52:56,932 [INFO] LogOutputStream:77 - [STDOUT_REDIRECT] 1 : Invalid condition id : UX_CORESTACK_Condition cause : null
2025-11-22 23:52:56,934 [INFO] LogOutputStream:77 - [STDOUT_REDIRECT] 1 : Invalid condition id : UX_CORESTACK_Condition cause : null
2025-11-22 23:52:56,936 [INFO] LogOutputStream:77 - [STDOUT_REDIRECT] 1 : Invalid condition id : UX_CORESTACK_Condition cause : null
2025-11-22 23:52:56,940 [WARN] PackLoader:240 - Cannot read IP mode file for STMicroelectronics.X-CUBE-AZRTOS-WL.2.0.0
2025-11-22 23:52:56,965 [WARN] PackLoader:240 - Cannot read IP mode file for STMicroelectronics.FP-SNS-MOTENV1.5.0.0
2025-11-22 23:52:57,019 [WARN] PackLoader:240 - Cannot read IP mode file for STMicroelectronics.X-CUBE-AZRTOS-H7RS.1.2.0
2025-11-22 23:52:57,047 [WARN] PackLoader:240 - Cannot read IP mode file for STMicroelectronics.X-CUBE-BLE2.3.3.0
2025-11-22 23:52:57,135 [WARN] PackLoader:240 - Cannot read IP mode file for STMicroelectronics.X-CUBE-NFC9.1.0.0
2025-11-22 23:52:57,164 [WARN] PackLoader:240 - Cannot read IP mode file for wolfSSL.I-CUBE-wolfSSL.5.8.2
2025-11-22 23:52:57,197 [WARN] PackLoader:240 - Cannot read IP mode file for STMicroelectronics.X-CUBE-BLE1.7.1.0
2025-11-22 23:52:57,225 [WARN] PackLoader:240 - Cannot read IP mode file for wolfSSL.I-CUBE-wolfMQTT.1.19.2
2025-11-22 23:52:57,259 [WARN] PackLoader:240 - Cannot read IP mode file for STMicroelectronics.X-CUBE-FREERTOS.1.4.0
2025-11-22 23:52:57,285 [WARN] PackLoader:240 - Cannot read IP mode file for STMicroelectronics.X-CUBE-EEPRMA1.5.2.0
2025-11-22 23:52:57,314 [WARN] PackLoader:240 - Cannot read IP mode file for STMicroelectronics.X-CUBE-ST67W61.1.1.0
2025-11-22 23:52:57,375 [WARN] PackLoader:240 - Cannot read IP mode file for STMicroelectronics.X-CUBE-AZRTOS-G0.1.1.0
2025-11-22 23:52:57,402 [WARN] PackLoader:240 - Cannot read IP mode file for STMicroelectronics.X-CUBE-SAFEA1.1.2.2
2025-11-22 23:52:57,427 [WARN] PackLoader:240 - Cannot read IP mode file for STMicroelectronics.X-CUBE-NFC4.3.0.0
2025-11-22 23:52:57,474 [WARN] PackLoader:240 - Cannot read IP mode file for EmbeddedOffice.I-CUBE-FS-RTOS.1.0.1
2025-11-22 23:52:57,517 [WARN] PackLoader:240 - Cannot read IP mode file for STMicroelectronics.X-CUBE-WB05N.2.0.0
2025-11-22 23:52:57,544 [WARN] PackLoader:240 - Cannot read IP mode file for wolfSSL.I-CUBE-wolfTPM.3.8.0
2025-11-22 23:52:57,585 [WARN] PackLoader:240 - Cannot read IP mode file for STMicroelectronics.X-CUBE-TCPP.4.2.0
2025-11-22 23:52:57,623 [WARN] PackLoader:240 - Cannot read IP mode file for RealThread.X-CUBE-RT-Thread_Nano.4.1.1
2025-11-22 23:52:57,660 [WARN] PackLoader:240 - Cannot read IP mode file for STMicroelectronics.FP-ATR-SIGFOX1.3.2.0
2025-11-22 23:52:57,696 [WARN] PackLoader:240 - Cannot read IP mode file for ITTIA_DB.I-CUBE-ITTIADB.8.9.0
2025-11-22 23:52:57,736 [WARN] PackLoader:240 - Cannot read IP mode file for STMicroelectronics.X-CUBE-ST67W61.1.0.0
2025-11-22 23:52:57,765 [WARN] PackLoader:240 - Cannot read IP mode file for STMicroelectronics.X-CUBE-AI.10.2.0
2025-11-22 23:52:57,822 [WARN] PackLoader:240 - Cannot read IP mode file for SEGGER.I-CUBE-embOS.1.3.1
2025-11-22 23:52:57,903 [WARN] PackLoader:240 - Cannot read IP mode file for STMicroelectronics.X-CUBE-ALGOBUILD.1.4.0
2025-11-22 23:52:57,981 [WARN] PackLoader:240 - Cannot read IP mode file for STMicroelectronics.X-CUBE-MEMS1.11.3.0
2025-11-22 23:52:57,988 [INFO] WebApp:463 - Apply proxy settings
2025-11-22 23:52:57,989 [INFO] WebApp:548 - Chromium requires no authentication
2025-11-22 23:52:58,001 [INFO] WebApp:491 - Direct internet connection detected
2025-11-22 23:52:58,042 [INFO] WebApp:900 - Register for checkConnection events
2025-11-22 23:52:58,042 [INFO] WebApp:463 - Apply proxy settings
2025-11-22 23:52:58,042 [INFO] WebApp:548 - Chromium requires no authentication
2025-11-22 23:52:58,043 [INFO] WebApp:491 - Direct internet connection detected
2025-11-22 23:52:58,169 [WARN] PackLoader:240 - Cannot read IP mode file for STMicroelectronics.X-CUBE-PM33A1.1.0.0
2025-11-22 23:52:58,212 [WARN] PackLoader:240 - Cannot read IP mode file for STMicroelectronics.X-CUBE-AZRTOS-F4.1.1.0
2025-11-22 23:52:58,239 [WARN] PackLoader:240 - Cannot read IP mode file for STMicroelectronics.X-CUBE-ISPU.2.1.0
2025-11-22 23:52:58,275 [WARN] PackLoader:240 - Cannot read IP mode file for STMicroelectronics.X-CUBE-IPS.3.2.0
2025-11-22 23:52:58,304 [WARN] PackLoader:240 - Cannot read IP mode file for STMicroelectronics.X-CUBE-NFC12.1.0.0
2025-11-22 23:52:58,426 [WARN] PackLoader:240 - Cannot read IP mode file for STMicroelectronics.X-CUBE-AZRTOS-L5.2.0.0
2025-11-22 23:52:58,454 [INFO] WebApp:191 - Connection restablished
2025-11-22 23:52:58,533 [INFO] WebApp:225 - Starting web application
2025-11-22 23:52:58,533 [INFO] WebApp:593 - Web application path used C:\ST\STM32CubeIDE_1.19.0\STM32CubeIDE\plugins\com.st.stm32cube.common.mx_6.15.0.202507011659\db\plugins\mcufinder\reactClient1\index.html
2025-11-22 23:52:58,636 [WARN] PackLoader:240 - Cannot read IP mode file for STMicroelectronics.X-CUBE-NFC6.3.1.0
2025-11-22 23:52:58,689 [WARN] PackLoader:240 - Cannot read IP mode file for STMicroelectronics.X-CUBE-FREERTOS.1.3.1
2025-11-22 23:52:58,779 [WARN] PackLoader:240 - Cannot read IP mode file for STMicroelectronics.X-CUBE-TOUCHGFX.4.26.0
2025-11-22 23:52:58,808 [WARN] PackLoader:240 - Cannot read IP mode file for STMicroelectronics.FP-SNS-STAIOTCFT.1.0.0
2025-11-22 23:52:58,839 [WARN] PackLoader:240 - Cannot read IP mode file for STMicroelectronics.X-CUBE-DPower.1.3.0
2025-11-22 23:52:58,887 [WARN] ConditionMgr:438 - getConditionDescription Invalid condition id : LAN8742 Phy interface Condition cause : null
2025-11-22 23:52:58,887 [WARN] PackLoader:240 - Cannot read IP mode file for STMicroelectronics.X-CUBE-AZRTOS-L4.2.0.0
2025-11-22 23:52:58,889 [WARN] ConditionMgr:1044 - genDependencies : Invalid condition id : LAN8742 Phy interface Condition cause : null
2025-11-22 23:52:58,889 [WARN] ConditionMgr:1044 - genDependencies : Invalid condition id : LAN8742 Phy interface Condition cause : null
2025-11-22 23:52:58,889 [WARN] ConditionMgr:1044 - genDependencies : Invalid condition id : LAN8742 Phy interface Condition cause : null
2025-11-22 23:52:58,932 [WARN] PackLoader:240 - Cannot read IP mode file for STMicroelectronics.X-CUBE-SFXS2LP1.4.0.0
2025-11-22 23:52:58,972 [WARN] PackLoader:240 - Cannot read IP mode file for STMicroelectronics.X-CUBE-BLEMGR.4.1.0
2025-11-22 23:52:59,028 [WARN] ConditionMgr:438 - getConditionDescription Invalid condition id : UX DEVICE CLASS RTOS Condition cause : null
2025-11-22 23:52:59,028 [WARN] ConditionMgr:438 - getConditionDescription Invalid condition id : UX DEVICE CLASS RTOS Condition cause : null
2025-11-22 23:52:59,030 [WARN] PackLoader:240 - Cannot read IP mode file for STMicroelectronics.X-CUBE-AZRTOS-WB.2.0.0
2025-11-22 23:52:59,031 [WARN] ConditionMgr:1044 - genDependencies : Invalid condition id : UX DEVICE CLASS RTOS Condition cause : null
2025-11-22 23:52:59,031 [WARN] ConditionMgr:1044 - genDependencies : Invalid condition id : UX DEVICE CLASS RTOS Condition cause : null
2025-11-22 23:52:59,031 [WARN] ConditionMgr:1044 - genDependencies : Invalid condition id : UX DEVICE CLASS RTOS Condition cause : null
2025-11-22 23:52:59,032 [WARN] ConditionMgr:1044 - genDependencies : Invalid condition id : UX DEVICE CLASS RTOS Condition cause : null
2025-11-22 23:52:59,032 [WARN] ConditionMgr:1044 - genDependencies : Invalid condition id : UX DEVICE CLASS RTOS Condition cause : null
2025-11-22 23:52:59,132 [WARN] PackLoader:240 - Cannot read IP mode file for STMicroelectronics.X-CUBE-GNSS1.7.0.1
2025-11-22 23:52:59,156 [WARN] ConditionMgr:438 - getConditionDescription Invalid condition id : Cortex-A Device cause : null
2025-11-22 23:52:59,258 [WARN] ConditionMgr:1044 - genDependencies : Invalid condition id : Cortex-A Device cause : null
2025-11-22 23:52:59,263 [WARN] ConditionMgr:1044 - genDependencies : Invalid condition id : Cortex-A Device cause : null
2025-11-22 23:52:59,263 [WARN] ConditionMgr:1044 - genDependencies : Invalid condition id : Cortex-A Device cause : null
2025-11-22 23:52:59,306 [WARN] PackLoader:240 - Cannot read IP mode file for STMicroelectronics.X-CUBE-SUBG2.5.0.0
2025-11-22 23:52:59,364 [WARN] PackLoader:240 - Cannot read IP mode file for STMicroelectronics.X-CUBE-AZRTOS-H7RS.1.1.0
2025-11-22 23:52:59,524 [WARN] PackLoader:240 - Cannot read IP mode file for STMicroelectronics.X-CUBE-AZRTOS-G4.2.0.0
2025-11-22 23:52:59,570 [WARN] PackLoader:240 - Cannot read IP mode file for wolfSSL.I-CUBE-wolfSSH.1.4.20
2025-11-22 23:52:59,597 [WARN] PackLoader:240 - Cannot read IP mode file for STMicroelectronics.X-CUBE-NFC7.2.0.0
2025-11-22 23:52:59,654 [WARN] PackLoader:240 - Cannot read IP mode file for STMicroelectronics.X-CUBE-IPS.3.1.0
2025-11-22 23:52:59,835 [WARN] PackLoader:240 - Cannot read IP mode file for STMicroelectronics.X-CUBE-ALS.1.0.2
2025-11-22 23:52:59,882 [WARN] PackLoader:240 - Cannot read IP mode file for STMicroelectronics.X-CUBE-STSE01.1.0.0
2025-11-22 23:52:59,959 [WARN] PackLoader:240 - Cannot read IP mode file for STMicroelectronics.X-CUBE-TOF1.3.4.3
2025-11-22 23:52:59,973 [INFO] ThirdParty:978 - Integrity check success = true
2025-11-22 23:52:59,973 [INFO] IntegrityCheckThread:100 - exiting critical section [integrity check]
2025-11-22 23:52:59,973 [INFO] IntegrityCheckThread:103 - End integrity checks thread
