2025-11-19 22:59:01,210 [INFO] Activator:176 - 


2025-11-19 22:59:01,210 [INFO] Activator:177 - !SESSION log4j initialized
2025-11-19 22:59:07,185 [INFO] LogOutputStream:77 - [STDOUT_REDIRECT] 
2025-11-19 22:59:08,186 [INFO] ApplicationProperties:184 - Using Application install path: C:\ST\STM32CubeIDE_1.19.0\STM32CubeIDE\plugins\com.st.stm32cube.common.mx_6.15.0.202507011659
2025-11-19 22:59:08,202 [INFO] DbMcusXml:78 - Set database path to: C:\ST\STM32CubeIDE_1.19.0\STM32CubeIDE\plugins\com.st.stm32cube.common.mx_6.15.0.202507011659\\db\/mcu/
2025-11-19 22:59:08,202 [INFO] ApiDb:274 - Set plugin database path to: C:\ST\STM32CubeIDE_1.19.0\STM32CubeIDE\plugins\com.st.stm32cube.common.mx_6.15.0.202507011659\\db\/plugins/boardmanager/
2025-11-19 22:59:08,202 [WARN] ApiDb:259 - Overriding images path with different value:  => C:\ST\STM32CubeIDE_1.19.0\STM32CubeIDE\plugins\com.st.stm32cube.common.mx_6.15.0.202507011659\\db\/plugins/mcufinder/images/
2025-11-19 22:59:08,202 [INFO] ApiDb:250 - Set database path to: C:\Users\ASUS\.stmcufinder\plugins\mcufinder//mcu/
2025-11-19 22:59:08,202 [INFO] DbMcusAds:125 - Set database path to: C:\Users\ASUS\.stmcufinder\plugins\mcufinder//mcu/
2025-11-19 22:59:08,219 [INFO] CrossReferenceDbSqlite:203 - Set database path to: C:\Users\ASUS\.stmcufinder\plugins\mcufinder//mcu/cs/
2025-11-19 22:59:08,311 [INFO] RulesReader:64 - Compatibility file has been processed (317 Rules)
2025-11-19 22:59:08,389 [INFO] DbMcusXml:78 - Set database path to: C:\ST\STM32CubeIDE_1.19.0\STM32CubeIDE\plugins\com.st.stm32cube.common.mx_6.15.0.202507011659\\db\/mcu/
2025-11-19 22:59:08,389 [INFO] ApiDb:274 - Set plugin database path to: C:\ST\STM32CubeIDE_1.19.0\STM32CubeIDE\plugins\com.st.stm32cube.common.mx_6.15.0.202507011659\\db\/plugins/boardmanager/
2025-11-19 22:59:08,389 [INFO] ApiDb:261 - Set plugin images path to: C:\ST\STM32CubeIDE_1.19.0\STM32CubeIDE\plugins\com.st.stm32cube.common.mx_6.15.0.202507011659\\db\/plugins/mcufinder/images/
2025-11-19 22:59:08,389 [WARN] DbFile:41 - Overriding database path with different value: C:\Users\ASUS\.stmcufinder\plugins\mcufinder/ => C:\Users\ASUS\.stmcufinder\plugins\mcufinder
2025-11-19 22:59:08,389 [INFO] ApiDb:250 - Set database path to: C:\Users\ASUS\.stmcufinder\plugins\mcufinder//mcu/
2025-11-19 22:59:08,389 [WARN] DbFile:41 - Overriding database path with different value: C:\Users\ASUS\.stmcufinder\plugins\mcufinder/ => C:\Users\ASUS\.stmcufinder\plugins\mcufinder
2025-11-19 22:59:08,389 [INFO] DbMcusAds:125 - Set database path to: C:\Users\ASUS\.stmcufinder\plugins\mcufinder//mcu/
2025-11-19 22:59:08,389 [WARN] DbFile:41 - Overriding database path with different value: C:\Users\ASUS\.stmcufinder\plugins\mcufinder/ => C:\Users\ASUS\.stmcufinder\plugins\mcufinder
2025-11-19 22:59:08,389 [WARN] DbFile:41 - Overriding database path with different value: C:\Users\ASUS\.stmcufinder\plugins\mcufinder/ => C:\Users\ASUS\.stmcufinder\plugins\mcufinder
2025-11-19 22:59:08,389 [INFO] CrossReferenceDbSqlite:203 - Set database path to: C:\Users\ASUS\.stmcufinder\plugins\mcufinder//mcu/cs/
2025-11-19 22:59:08,452 [INFO] MainPanel:274 - HeapMemory: 268435456
2025-11-19 22:59:08,563 [INFO] DbMcusXml:78 - Set database path to: C:\ST\STM32CubeIDE_1.19.0\STM32CubeIDE\plugins\com.st.stm32cube.common.mx_6.15.0.202507011659\\db\/mcu/
2025-11-19 22:59:08,563 [INFO] ApiDb:274 - Set plugin database path to: C:\ST\STM32CubeIDE_1.19.0\STM32CubeIDE\plugins\com.st.stm32cube.common.mx_6.15.0.202507011659\\db\/plugins/boardmanager/
2025-11-19 22:59:08,563 [INFO] ApiDb:261 - Set plugin images path to: C:\ST\STM32CubeIDE_1.19.0\STM32CubeIDE\plugins\com.st.stm32cube.common.mx_6.15.0.202507011659\\db\/plugins/mcufinder/images/
2025-11-19 22:59:08,563 [WARN] DbFile:41 - Overriding database path with different value: C:\Users\ASUS\.stmcufinder\plugins\mcufinder/ => C:\Users\ASUS\.stmcufinder\plugins\mcufinder
2025-11-19 22:59:08,563 [INFO] ApiDb:250 - Set database path to: C:\Users\ASUS\.stmcufinder\plugins\mcufinder//mcu/
2025-11-19 22:59:08,563 [WARN] DbFile:41 - Overriding database path with different value: C:\Users\ASUS\.stmcufinder\plugins\mcufinder/ => C:\Users\ASUS\.stmcufinder\plugins\mcufinder
2025-11-19 22:59:08,565 [INFO] DbMcusAds:125 - Set database path to: C:\Users\ASUS\.stmcufinder\plugins\mcufinder//mcu/
2025-11-19 22:59:08,565 [WARN] DbFile:41 - Overriding database path with different value: C:\Users\ASUS\.stmcufinder\plugins\mcufinder/ => C:\Users\ASUS\.stmcufinder\plugins\mcufinder
2025-11-19 22:59:08,565 [WARN] DbFile:41 - Overriding database path with different value: C:\Users\ASUS\.stmcufinder\plugins\mcufinder/ => C:\Users\ASUS\.stmcufinder\plugins\mcufinder
2025-11-19 22:59:08,565 [INFO] CrossReferenceDbSqlite:203 - Set database path to: C:\Users\ASUS\.stmcufinder\plugins\mcufinder//mcu/cs/
2025-11-19 22:59:08,578 [INFO] ApplicationProperties:184 - Using Application install path: C:\ST\STM32CubeIDE_1.19.0\STM32CubeIDE\plugins\com.st.stm32cube.common.mx_6.15.0.202507011659
2025-11-19 22:59:08,578 [INFO] PluginManage:196 - Search for loadable plugins [exclusion list=, ]
2025-11-19 22:59:08,578 [INFO] PluginManage:310 - Check plugin analytics
2025-11-19 22:59:08,733 [INFO] AnalyticsPlugin:253 - Accepted Software Licenses: STM32CubeMX.6.12.1
2025-11-19 22:59:08,733 [INFO] AnalyticsPlugin:255 - Accepted CMSIS Pack Licenses: 
2025-11-19 22:59:08,733 [INFO] AnalyticsPlugin:257 - Accepted Firmware Licenses: 
2025-11-19 22:59:08,748 [INFO] PluginManage:359 - Loaded plugin analytics (category:tool,tabindex:-1)
2025-11-19 22:59:08,748 [INFO] PluginManage:310 - Check plugin cadmodel
2025-11-19 22:59:08,765 [INFO] CADModel:105 - Init CAD model plugin
2025-11-19 22:59:08,765 [INFO] PluginManage:359 - Loaded plugin cadmodel (category:power,tabindex:5)
2025-11-19 22:59:08,765 [INFO] PluginManage:310 - Check plugin clock
2025-11-19 22:59:08,780 [INFO] PluginManage:359 - Loaded plugin clock (category:base,tabindex:2)
2025-11-19 22:59:08,780 [INFO] PluginManage:310 - Check plugin ddr
2025-11-19 22:59:08,780 [INFO] PluginManage:359 - Loaded plugin ddr (category:tool,tabindex:6)
2025-11-19 22:59:08,780 [INFO] PluginManage:310 - Check plugin filemanager
2025-11-19 22:59:08,932 [INFO] PluginManage:359 - Loaded plugin filemanager (category:base,tabindex:10)
2025-11-19 22:59:08,932 [INFO] PluginManage:310 - Check plugin ipmanager
2025-11-19 22:59:08,936 [INFO] PluginManage:359 - Loaded plugin ipmanager (category:base,tabindex:5)
2025-11-19 22:59:08,936 [INFO] PluginManage:310 - Check plugin lpbam
2025-11-19 22:59:08,951 [INFO] PluginManage:359 - Loaded plugin lpbam (category:base,tabindex:0)
2025-11-19 22:59:08,951 [INFO] PluginManage:310 - Check plugin memorymap
2025-11-19 22:59:08,967 [INFO] PluginManage:359 - Loaded plugin memorymap (category:base,tabindex:4)
2025-11-19 22:59:08,967 [INFO] PluginManage:310 - Check plugin pinoutandconfiguration
2025-11-19 22:59:08,998 [INFO] PluginManage:359 - Loaded plugin pinoutandconfiguration (category:base,tabindex:1)
2025-11-19 22:59:08,998 [INFO] PluginManage:310 - Check plugin pinoutconfig
2025-11-19 22:59:09,088 [WARN] SupportedApi:132 - Cannot load RTOS API schema: s4s-elt-must-match.1: The content of 'definitions' must match (annotation?, (simpleType | complexType)?, (unique | key | keyref)*)). A problem was found starting at: attribute.
2025-11-19 22:59:09,202 [INFO] PluginManage:359 - Loaded plugin pinoutconfig (category:base,tabindex:0)
2025-11-19 22:59:09,202 [INFO] PluginManage:310 - Check plugin power
2025-11-19 22:59:09,228 [INFO] PluginManage:359 - Loaded plugin power (category:power,tabindex:4)
2025-11-19 22:59:09,228 [INFO] PluginManage:310 - Check plugin projectmanager
2025-11-19 22:59:09,243 [INFO] PluginManage:359 - Loaded plugin projectmanager (category:projectmanager,tabindex:4)
2025-11-19 22:59:09,243 [INFO] PluginManage:310 - Check plugin rif
2025-11-19 22:59:09,263 [INFO] PluginManage:359 - Loaded plugin rif (category:base,tabindex:3)
2025-11-19 22:59:09,263 [INFO] PluginManage:310 - Check plugin thirdparty
2025-11-19 22:59:09,569 [INFO] PluginManage:359 - Loaded plugin thirdparty (category:base,tabindex:-1)
2025-11-19 22:59:09,569 [WARN] IntegrityCheckThread:84 - waiting for thirdparty lock release [integrity check]
2025-11-19 22:59:09,569 [INFO] IntegrityCheckThread:86 - entering critical section [integrity check]
2025-11-19 22:59:09,569 [INFO] PluginManage:310 - Check plugin tools
2025-11-19 22:59:09,569 [INFO] ThirdPartyUpdaterWithRetryManager:70 - Updater plugin not ready yet. [1/15]
2025-11-19 22:59:09,615 [INFO] PluginManage:359 - Loaded plugin tools (category:base,tabindex:7)
2025-11-19 22:59:09,615 [INFO] PluginManage:310 - Check plugin tutovideos
2025-11-19 22:59:09,831 [INFO] PluginManage:359 - Loaded plugin tutovideos (category:base,tabindex:-1)
2025-11-19 22:59:09,831 [INFO] PluginManage:310 - Check plugin updater
2025-11-19 22:59:09,850 [INFO] PluginManage:359 - Loaded plugin updater (category:base,tabindex:12)
2025-11-19 22:59:09,850 [INFO] PluginManage:310 - Check plugin userauth
2025-11-19 22:59:09,858 [INFO] UserAuth:118 - Init User Auth plugin
2025-11-19 22:59:09,859 [INFO] PluginManage:359 - Loaded plugin userauth (category:base,tabindex:14)
2025-11-19 22:59:09,859 [INFO] PluginManage:283 - PluginManage : Loaded plugins [18]
2025-11-19 22:59:10,046 [INFO] PinOutPanel:1589 - setPackage(No Configuration,No Configuration)
2025-11-19 22:59:10,139 [INFO] CADModel:165 - CPN selected for project level
2025-11-19 22:59:10,139 [INFO] CADModel:114 - Register for checkConnection events
2025-11-19 22:59:10,155 [INFO] IPUIPlugin:80 - create IPUIPlugin
2025-11-19 22:59:10,155 [INFO] PluginManager:220 - loadIPPluginJar : add adc
2025-11-19 22:59:10,203 [INFO] IPUIPlugin:80 - create IPUIPlugin
2025-11-19 22:59:10,203 [INFO] PluginManager:220 - loadIPPluginJar : add aes
2025-11-19 22:59:10,274 [INFO] IPUIPlugin:80 - create IPUIPlugin
2025-11-19 22:59:10,274 [INFO] PluginManager:220 - loadIPPluginJar : add can
2025-11-19 22:59:10,302 [INFO] IPUIPlugin:80 - create IPUIPlugin
2025-11-19 22:59:10,302 [INFO] PluginManager:220 - loadIPPluginJar : add comp
2025-11-19 22:59:10,350 [INFO] IPUIPlugin:80 - create IPUIPlugin
2025-11-19 22:59:10,350 [INFO] PluginManager:220 - loadIPPluginJar : add cryp
2025-11-19 22:59:10,358 [INFO] IPUIPlugin:80 - create IPUIPlugin
2025-11-19 22:59:10,358 [INFO] PluginManager:220 - loadIPPluginJar : add ddr_ctrl_phy
2025-11-19 22:59:10,406 [INFO] IPUIPlugin:80 - create IPUIPlugin
2025-11-19 22:59:10,406 [INFO] PluginManager:220 - loadIPPluginJar : add dfsdm
2025-11-19 22:59:10,422 [INFO] IPUIPlugin:80 - create IPUIPlugin
2025-11-19 22:59:10,422 [INFO] PluginManager:220 - loadIPPluginJar : add dma
2025-11-19 22:59:10,467 [INFO] IPUIPlugin:80 - create IPUIPlugin
2025-11-19 22:59:10,483 [INFO] PluginManager:220 - loadIPPluginJar : add dma3
2025-11-19 22:59:10,531 [INFO] IPUIPlugin:80 - create IPUIPlugin
2025-11-19 22:59:10,531 [INFO] PluginManager:220 - loadIPPluginJar : add extmemmanager
2025-11-19 22:59:10,568 [INFO] IPUIPlugin:80 - create IPUIPlugin
2025-11-19 22:59:10,568 [INFO] PluginManager:220 - loadIPPluginJar : add fatfs
2025-11-19 22:59:10,623 [INFO] IPUIPlugin:80 - create IPUIPlugin
2025-11-19 22:59:10,623 [INFO] PluginManager:220 - loadIPPluginJar : add fmc
2025-11-19 22:59:10,639 [INFO] IPUIPlugin:80 - create IPUIPlugin
2025-11-19 22:59:10,639 [INFO] PluginManager:220 - loadIPPluginJar : add freertos
2025-11-19 22:59:10,669 [INFO] IPUIPlugin:80 - create IPUIPlugin
2025-11-19 22:59:10,669 [INFO] PluginManager:220 - loadIPPluginJar : add genericplugin
2025-11-19 22:59:10,785 [INFO] IPUIPlugin:80 - create IPUIPlugin
2025-11-19 22:59:10,785 [INFO] PluginManager:220 - loadIPPluginJar : add gfxmmu
2025-11-19 22:59:10,947 [INFO] IPUIPlugin:80 - create IPUIPlugin
2025-11-19 22:59:10,949 [INFO] PluginManager:220 - loadIPPluginJar : add gic
2025-11-19 22:59:10,963 [INFO] IPUIPlugin:80 - create IPUIPlugin
2025-11-19 22:59:10,963 [INFO] PluginManager:220 - loadIPPluginJar : add gpio
2025-11-19 22:59:11,075 [INFO] IPUIPlugin:80 - create IPUIPlugin
2025-11-19 22:59:11,075 [INFO] PluginManager:220 - loadIPPluginJar : add gtzc
2025-11-19 22:59:11,118 [INFO] IPUIPlugin:80 - create IPUIPlugin
2025-11-19 22:59:11,118 [INFO] PluginManager:220 - loadIPPluginJar : add hash
2025-11-19 22:59:11,171 [INFO] IPUIPlugin:80 - create IPUIPlugin
2025-11-19 22:59:11,171 [INFO] PluginManager:220 - loadIPPluginJar : add i2c
2025-11-19 22:59:11,232 [INFO] IPUIPlugin:80 - create IPUIPlugin
2025-11-19 22:59:11,232 [INFO] PluginManager:220 - loadIPPluginJar : add i2s
2025-11-19 22:59:11,280 [INFO] IPUIPlugin:80 - create IPUIPlugin
2025-11-19 22:59:11,280 [INFO] PluginManager:220 - loadIPPluginJar : add i3c
2025-11-19 22:59:11,405 [INFO] IPUIPlugin:80 - create IPUIPlugin
2025-11-19 22:59:11,405 [INFO] PluginManager:220 - loadIPPluginJar : add ipddr
2025-11-19 22:59:11,515 [INFO] IPUIPlugin:80 - create IPUIPlugin
2025-11-19 22:59:11,515 [INFO] PluginManager:220 - loadIPPluginJar : add linkedlist
2025-11-19 22:59:11,560 [INFO] IPUIPlugin:80 - create IPUIPlugin
2025-11-19 22:59:11,560 [INFO] PluginManager:220 - loadIPPluginJar : add lorawan
2025-11-19 22:59:11,608 [INFO] IPUIPlugin:80 - create IPUIPlugin
2025-11-19 22:59:11,608 [INFO] PluginManager:220 - loadIPPluginJar : add ltdc
2025-11-19 22:59:11,632 [INFO] IPUIPlugin:80 - create IPUIPlugin
2025-11-19 22:59:11,632 [INFO] PluginManager:220 - loadIPPluginJar : add mdma
2025-11-19 22:59:11,649 [INFO] IPUIPlugin:80 - create IPUIPlugin
2025-11-19 22:59:11,649 [INFO] PluginManager:220 - loadIPPluginJar : add nvic
2025-11-19 22:59:11,685 [INFO] IPUIPlugin:80 - create IPUIPlugin
2025-11-19 22:59:11,685 [INFO] PluginManager:220 - loadIPPluginJar : add opamp
2025-11-19 22:59:11,768 [INFO] IPUIPlugin:80 - create IPUIPlugin
2025-11-19 22:59:11,768 [INFO] PluginManager:220 - loadIPPluginJar : add openamp
2025-11-19 22:59:11,811 [INFO] IPUIPlugin:80 - create IPUIPlugin
2025-11-19 22:59:11,811 [INFO] PluginManager:220 - loadIPPluginJar : add pdm2pcm
2025-11-19 22:59:11,827 [INFO] IPUIPlugin:80 - create IPUIPlugin
2025-11-19 22:59:11,844 [INFO] PluginManager:220 - loadIPPluginJar : add plateformsettings
2025-11-19 22:59:11,878 [INFO] IPUIPlugin:80 - create IPUIPlugin
2025-11-19 22:59:11,878 [INFO] PluginManager:220 - loadIPPluginJar : add quadspi
2025-11-19 22:59:11,904 [INFO] IPUIPlugin:80 - create IPUIPlugin
2025-11-19 22:59:11,904 [INFO] PluginManager:220 - loadIPPluginJar : add radio
2025-11-19 22:59:11,922 [INFO] IPUIPlugin:80 - create IPUIPlugin
2025-11-19 22:59:11,922 [INFO] PluginManager:220 - loadIPPluginJar : add resmgrutility
2025-11-19 22:59:11,977 [INFO] IPUIPlugin:80 - create IPUIPlugin
2025-11-19 22:59:11,977 [INFO] PluginManager:220 - loadIPPluginJar : add sai
2025-11-19 22:59:12,014 [INFO] IPUIPlugin:80 - create IPUIPlugin
2025-11-19 22:59:12,014 [INFO] PluginManager:220 - loadIPPluginJar : add spi
2025-11-19 22:59:12,108 [INFO] IPUIPlugin:80 - create IPUIPlugin
2025-11-19 22:59:12,108 [INFO] PluginManager:220 - loadIPPluginJar : add stm32_wpan
2025-11-19 22:59:12,144 [INFO] IPUIPlugin:80 - create IPUIPlugin
2025-11-19 22:59:12,144 [INFO] PluginManager:220 - loadIPPluginJar : add tim
2025-11-19 22:59:12,212 [INFO] IPUIPlugin:80 - create IPUIPlugin
2025-11-19 22:59:12,212 [INFO] PluginManager:220 - loadIPPluginJar : add touchsensing
2025-11-19 22:59:12,233 [INFO] IPUIPlugin:80 - create IPUIPlugin
2025-11-19 22:59:12,233 [INFO] PluginManager:220 - loadIPPluginJar : add tracer_emb
2025-11-19 22:59:12,265 [INFO] IPUIPlugin:80 - create IPUIPlugin
2025-11-19 22:59:12,265 [INFO] PluginManager:220 - loadIPPluginJar : add ts
2025-11-19 22:59:12,297 [INFO] IPUIPlugin:80 - create IPUIPlugin
2025-11-19 22:59:12,297 [INFO] PluginManager:220 - loadIPPluginJar : add tsc
2025-11-19 22:59:12,324 [INFO] IPUIPlugin:80 - create IPUIPlugin
2025-11-19 22:59:12,324 [INFO] PluginManager:220 - loadIPPluginJar : add ucpd
2025-11-19 22:59:12,375 [INFO] IPUIPlugin:80 - create IPUIPlugin
2025-11-19 22:59:12,375 [INFO] PluginManager:220 - loadIPPluginJar : add usart
2025-11-19 22:59:12,433 [INFO] IPUIPlugin:80 - create IPUIPlugin
2025-11-19 22:59:12,433 [INFO] PluginManager:220 - loadIPPluginJar : add usbx
2025-11-19 22:59:12,561 [FATAL] Updater:351 - Updater called before beeing initialized
2025-11-19 22:59:12,577 [INFO] ThirdPartyUpdaterWithRetryManager:70 - Updater plugin not ready yet. [2/15]
2025-11-19 22:59:12,577 [INFO] RulesReader:64 - Compatibility file has been processed (317 Rules)
2025-11-19 22:59:12,593 [INFO] RulesReader:64 - Compatibility file has been processed (317 Rules)
2025-11-19 22:59:12,593 [INFO] CADModel:165 - CPN selected for project level
2025-11-19 22:59:12,593 [INFO] CADModel:114 - Register for checkConnection events
2025-11-19 22:59:12,605 [FATAL] Updater:351 - Updater called before beeing initialized
2025-11-19 22:59:12,605 [ERROR] CADModel:125 - Updater not yet initialized, retry later 
2025-11-19 22:59:12,733 [FATAL] Updater:351 - Updater called before beeing initialized
2025-11-19 22:59:12,733 [INFO] CADModel:165 - CPN selected for project level
2025-11-19 22:59:12,733 [INFO] CADModel:114 - Register for checkConnection events
2025-11-19 22:59:12,733 [FATAL] Updater:351 - Updater called before beeing initialized
2025-11-19 22:59:12,733 [ERROR] CADModel:125 - Updater not yet initialized, retry later 
2025-11-19 22:59:12,741 [FATAL] Updater:351 - Updater called before beeing initialized
2025-11-19 22:59:12,829 [FATAL] Updater:351 - Updater called before beeing initialized
2025-11-19 22:59:12,839 [INFO] DbMcusAds:53 - JSON generation date=Thu Oct 02 16:36:05 ICT 2025 (1759397765645)
2025-11-19 22:59:12,839 [FATAL] Updater:351 - Updater called before beeing initialized
2025-11-19 22:59:12,873 [WARN] DetailPanel:346 - Failed to get advertising image, set to default
2025-11-19 22:59:12,947 [FATAL] Updater:351 - Updater called before beeing initialized
2025-11-19 22:59:12,947 [FATAL] Updater:351 - Updater called before beeing initialized
2025-11-19 22:59:12,947 [FATAL] Updater:351 - Updater called before beeing initialized
2025-11-19 22:59:12,947 [WARN] DetailPanel:346 - Failed to get advertising image, set to default
2025-11-19 22:59:12,947 [FATAL] Updater:351 - Updater called before beeing initialized
2025-11-19 22:59:12,998 [ERROR] Updater:1198 - MainUpdater not yet initialized. External WinMGr cannot be set.
2025-11-19 22:59:13,014 [INFO] Updater:1134 - Updater Version found : 6.15.0
2025-11-19 22:59:13,032 [INFO] ApplicationProperties:184 - Using Application install path: C:\ST\STM32CubeIDE_1.19.0\STM32CubeIDE\plugins\com.st.stm32cube.common.mx_6.15.0.202507011659
2025-11-19 22:59:14,644 [ERROR] LogOutputStream:75 - [STDERR_REDIRECT] Nov 19, 2025 10:59:14 PM java.util.prefs.WindowsPreferences <init>
2025-11-19 22:59:14,644 [ERROR] LogOutputStream:75 - [STDERR_REDIRECT] WARNING: Could not open/create prefs root node Software\JavaSoft\Prefs at root 0xffffffff80000002. Windows RegCreateKeyEx(...) returned error code 5.
2025-11-19 22:59:14,644 [ERROR] LogOutputStream:75 - [STDERR_REDIRECT] 
2025-11-19 22:59:14,918 [INFO] MainUpdater:2872 - connection check result : 10
2025-11-19 22:59:14,918 [INFO] MainUpdater:289 - Updater Check For Update Now.
2025-11-19 22:59:14,918 [INFO] MicroXplorer:498 - Change Database Version : DB.6.0.150
2025-11-19 22:59:14,939 [INFO] McuFinderGlobals:63 - Set McuFinder mode to 2 (CubeIDE integrated)
2025-11-19 22:59:14,939 [INFO] UserAuth:171 - activating auth plugin
2025-11-19 22:59:14,942 [INFO] UserAuth:487 - Internet connection configuration mode: 1
2025-11-19 22:59:14,985 [INFO] JxBrowserEngine:152 - Initiate JxBrowser Engine with user profile folder
2025-11-19 22:59:15,158 [INFO] CheckServerUpdateThread:120 - End of CheckServer Thread
2025-11-19 22:59:15,820 [WARN] PackLoader:240 - Cannot read IP mode file for STMicroelectronics.FP-SNS-MOTENVWB1.1.4.0
2025-11-19 22:59:15,842 [WARN] PackLoader:240 - Cannot read IP mode file for STMicroelectronics.FP-ATR-ASTRA1.2.0.2
2025-11-19 22:59:15,859 [WARN] PackLoader:240 - Cannot read IP mode file for STMicroelectronics.X-CUBE-SMBUS.2.1.0
2025-11-19 22:59:15,873 [WARN] PackLoader:240 - Cannot read IP mode file for STMicroelectronics.X-CUBE-ST60.1.0.0
2025-11-19 22:59:15,915 [WARN] PackLoader:240 - Cannot read IP mode file for STMicroelectronics.X-CUBE-AZRTOS-F7.1.1.0
2025-11-19 22:59:15,998 [WARN] PackLoader:240 - Cannot read IP mode file for Cesanta.I-CUBE-Mongoose.7.19.0
2025-11-19 22:59:16,109 [WARN] PackLoader:240 - Cannot read IP mode file for STMicroelectronics.FP-SNS-MOTENV1.5.1.0
2025-11-19 22:59:16,137 [WARN] PackLoader:240 - Cannot read IP mode file for WES.I-CUBE-Cesium.1.4.0
2025-11-19 22:59:16,188 [WARN] PackLoader:240 - Cannot read IP mode file for Infineon.AIROC-Wi-Fi-Bluetooth-STM32.1.7.1
2025-11-19 22:59:16,232 [WARN] PackLoader:240 - Cannot read IP mode file for STMicroelectronics.X-CUBE-AZRTOS-H7.3.4.0
2025-11-19 22:59:16,253 [WARN] PackLoader:240 - Cannot read IP mode file for STMicroelectronics.X-CUBE-DISPLAY.3.0.0
2025-11-19 22:59:16,276 [WARN] PackLoader:240 - Cannot read IP mode file for STMicroelectronics.X-CUBE-NFC10.1.0.0
2025-11-19 22:59:16,293 [WARN] PackLoader:240 - Cannot read IP mode file for STMicroelectronics.X-CUBE-ST60.1.1.0
2025-11-19 22:59:16,313 [WARN] PackLoader:240 - Cannot read IP mode file for emotas.I-CUBE-CANOPEN.1.3.0
2025-11-19 22:59:16,330 [WARN] PackLoader:240 - Cannot read IP mode file for STMicroelectronics.X-CUBE-GNSS1.7.1.0
2025-11-19 22:59:16,349 [WARN] PackLoader:240 - Cannot read IP mode file for STMicroelectronics.FP-SNS-STBOX1.2.1.0
2025-11-19 22:59:16,369 [WARN] PackLoader:240 - Cannot read IP mode file for STMicroelectronics.FP-SNS-SMARTAG2.1.2.0
2025-11-19 22:59:16,387 [WARN] PackLoader:240 - Cannot read IP mode file for STMicroelectronics.FP-SNS-FLIGHT1.5.1.0
2025-11-19 22:59:16,411 [INFO] LogOutputStream:77 - [STDOUT_REDIRECT] 1 : Invalid condition id : UX_CORESTACK_Condition cause : null
2025-11-19 22:59:16,412 [INFO] LogOutputStream:77 - [STDOUT_REDIRECT] 1 : Invalid condition id : UX_CORESTACK_Condition cause : null
2025-11-19 22:59:16,413 [INFO] LogOutputStream:77 - [STDOUT_REDIRECT] 1 : Invalid condition id : UX_CORESTACK_Condition cause : null
2025-11-19 22:59:16,414 [INFO] LogOutputStream:77 - [STDOUT_REDIRECT] 1 : Invalid condition id : UX_CORESTACK_Condition cause : null
2025-11-19 22:59:16,415 [INFO] LogOutputStream:77 - [STDOUT_REDIRECT] 1 : Invalid condition id : UX_CORESTACK_Condition cause : null
2025-11-19 22:59:16,418 [WARN] PackLoader:240 - Cannot read IP mode file for STMicroelectronics.X-CUBE-AZRTOS-WL.2.0.0
2025-11-19 22:59:16,435 [WARN] PackLoader:240 - Cannot read IP mode file for STMicroelectronics.FP-SNS-MOTENV1.5.0.0
2025-11-19 22:59:16,455 [WARN] PackLoader:240 - Cannot read IP mode file for STMicroelectronics.X-CUBE-BLE2.3.3.0
2025-11-19 22:59:16,557 [WARN] PackLoader:240 - Cannot read IP mode file for STMicroelectronics.X-CUBE-NFC9.1.0.0
2025-11-19 22:59:16,592 [WARN] PackLoader:240 - Cannot read IP mode file for wolfSSL.I-CUBE-wolfSSL.5.8.2
2025-11-19 22:59:16,612 [WARN] PackLoader:240 - Cannot read IP mode file for STMicroelectronics.X-CUBE-BLE1.7.1.0
2025-11-19 22:59:16,634 [WARN] PackLoader:240 - Cannot read IP mode file for wolfSSL.I-CUBE-wolfMQTT.1.19.2
2025-11-19 22:59:16,659 [WARN] PackLoader:240 - Cannot read IP mode file for STMicroelectronics.X-CUBE-EEPRMA1.5.2.0
2025-11-19 22:59:16,683 [WARN] PackLoader:240 - Cannot read IP mode file for STMicroelectronics.X-CUBE-ST67W61.1.1.0
2025-11-19 22:59:16,719 [WARN] PackLoader:240 - Cannot read IP mode file for STMicroelectronics.X-CUBE-AZRTOS-G0.1.1.0
2025-11-19 22:59:16,739 [WARN] PackLoader:240 - Cannot read IP mode file for STMicroelectronics.X-CUBE-SAFEA1.1.2.2
2025-11-19 22:59:16,753 [WARN] PackLoader:240 - Cannot read IP mode file for STMicroelectronics.X-CUBE-NFC4.3.0.0
2025-11-19 22:59:16,768 [WARN] PackLoader:240 - Cannot read IP mode file for EmbeddedOffice.I-CUBE-FS-RTOS.1.0.1
2025-11-19 22:59:16,783 [WARN] PackLoader:240 - Cannot read IP mode file for STMicroelectronics.X-CUBE-WB05N.2.0.0
2025-11-19 22:59:16,797 [WARN] PackLoader:240 - Cannot read IP mode file for wolfSSL.I-CUBE-wolfTPM.3.8.0
2025-11-19 22:59:16,808 [INFO] WebApp:169 - Instantiating new browser for Auth
2025-11-19 22:59:16,811 [WARN] PackLoader:240 - Cannot read IP mode file for STMicroelectronics.X-CUBE-TCPP.4.2.0
2025-11-19 22:59:16,845 [WARN] PackLoader:240 - Cannot read IP mode file for RealThread.X-CUBE-RT-Thread_Nano.4.1.1
2025-11-19 22:59:16,869 [WARN] PackLoader:240 - Cannot read IP mode file for STMicroelectronics.FP-ATR-SIGFOX1.3.2.0
2025-11-19 22:59:16,890 [WARN] PackLoader:240 - Cannot read IP mode file for ITTIA_DB.I-CUBE-ITTIADB.8.9.0
2025-11-19 22:59:16,911 [WARN] PackLoader:240 - Cannot read IP mode file for STMicroelectronics.X-CUBE-ST67W61.1.0.0
2025-11-19 22:59:16,926 [WARN] PackLoader:240 - Cannot read IP mode file for STMicroelectronics.X-CUBE-AI.10.2.0
2025-11-19 22:59:16,992 [WARN] PackLoader:240 - Cannot read IP mode file for SEGGER.I-CUBE-embOS.1.3.1
2025-11-19 22:59:17,117 [WARN] PackLoader:240 - Cannot read IP mode file for STMicroelectronics.X-CUBE-ALGOBUILD.1.4.0
2025-11-19 22:59:17,197 [WARN] PackLoader:240 - Cannot read IP mode file for STMicroelectronics.X-CUBE-MEMS1.11.3.0
2025-11-19 22:59:17,298 [WARN] PackLoader:240 - Cannot read IP mode file for STMicroelectronics.X-CUBE-PM33A1.1.0.0
2025-11-19 22:59:17,324 [WARN] PackLoader:240 - Cannot read IP mode file for STMicroelectronics.X-CUBE-AZRTOS-F4.1.1.0
2025-11-19 22:59:17,342 [WARN] PackLoader:240 - Cannot read IP mode file for STMicroelectronics.X-CUBE-ISPU.2.1.0
2025-11-19 22:59:17,368 [WARN] PackLoader:240 - Cannot read IP mode file for STMicroelectronics.X-CUBE-IPS.3.2.0
2025-11-19 22:59:17,393 [WARN] PackLoader:240 - Cannot read IP mode file for STMicroelectronics.X-CUBE-NFC12.1.0.0
2025-11-19 22:59:17,451 [WARN] PackLoader:240 - Cannot read IP mode file for STMicroelectronics.X-CUBE-AZRTOS-L5.2.0.0
2025-11-19 22:59:17,479 [WARN] PackLoader:240 - Cannot read IP mode file for STMicroelectronics.X-CUBE-NFC6.3.1.0
2025-11-19 22:59:17,500 [WARN] PackLoader:240 - Cannot read IP mode file for STMicroelectronics.X-CUBE-FREERTOS.1.3.1
2025-11-19 22:59:17,524 [WARN] PackLoader:240 - Cannot read IP mode file for STMicroelectronics.X-CUBE-TOUCHGFX.4.26.0
2025-11-19 22:59:17,549 [WARN] PackLoader:240 - Cannot read IP mode file for STMicroelectronics.FP-SNS-STAIOTCFT.1.0.0
2025-11-19 22:59:17,570 [WARN] PackLoader:240 - Cannot read IP mode file for STMicroelectronics.X-CUBE-DPower.1.3.0
2025-11-19 22:59:17,613 [WARN] ConditionMgr:438 - getConditionDescription Invalid condition id : LAN8742 Phy interface Condition cause : null
2025-11-19 22:59:17,613 [WARN] PackLoader:240 - Cannot read IP mode file for STMicroelectronics.X-CUBE-AZRTOS-L4.2.0.0
2025-11-19 22:59:17,614 [WARN] ConditionMgr:1044 - genDependencies : Invalid condition id : LAN8742 Phy interface Condition cause : null
2025-11-19 22:59:17,615 [WARN] ConditionMgr:1044 - genDependencies : Invalid condition id : LAN8742 Phy interface Condition cause : null
2025-11-19 22:59:17,615 [WARN] ConditionMgr:1044 - genDependencies : Invalid condition id : LAN8742 Phy interface Condition cause : null
2025-11-19 22:59:17,651 [WARN] PackLoader:240 - Cannot read IP mode file for STMicroelectronics.X-CUBE-SFXS2LP1.4.0.0
2025-11-19 22:59:17,678 [WARN] PackLoader:240 - Cannot read IP mode file for STMicroelectronics.X-CUBE-BLEMGR.4.1.0
2025-11-19 22:59:17,710 [WARN] ConditionMgr:438 - getConditionDescription Invalid condition id : UX DEVICE CLASS RTOS Condition cause : null
2025-11-19 22:59:17,710 [WARN] ConditionMgr:438 - getConditionDescription Invalid condition id : UX DEVICE CLASS RTOS Condition cause : null
2025-11-19 22:59:17,711 [WARN] PackLoader:240 - Cannot read IP mode file for STMicroelectronics.X-CUBE-AZRTOS-WB.2.0.0
2025-11-19 22:59:17,712 [WARN] ConditionMgr:1044 - genDependencies : Invalid condition id : UX DEVICE CLASS RTOS Condition cause : null
2025-11-19 22:59:17,712 [WARN] ConditionMgr:1044 - genDependencies : Invalid condition id : UX DEVICE CLASS RTOS Condition cause : null
2025-11-19 22:59:17,712 [WARN] ConditionMgr:1044 - genDependencies : Invalid condition id : UX DEVICE CLASS RTOS Condition cause : null
2025-11-19 22:59:17,712 [WARN] ConditionMgr:1044 - genDependencies : Invalid condition id : UX DEVICE CLASS RTOS Condition cause : null
2025-11-19 22:59:17,712 [WARN] ConditionMgr:1044 - genDependencies : Invalid condition id : UX DEVICE CLASS RTOS Condition cause : null
2025-11-19 22:59:17,732 [WARN] PackLoader:240 - Cannot read IP mode file for STMicroelectronics.X-CUBE-GNSS1.7.0.1
2025-11-19 22:59:17,758 [WARN] ConditionMgr:438 - getConditionDescription Invalid condition id : Cortex-A Device cause : null
2025-11-19 22:59:17,785 [WARN] ConditionMgr:1044 - genDependencies : Invalid condition id : Cortex-A Device cause : null
2025-11-19 22:59:17,785 [WARN] ConditionMgr:1044 - genDependencies : Invalid condition id : Cortex-A Device cause : null
2025-11-19 22:59:17,785 [WARN] ConditionMgr:1044 - genDependencies : Invalid condition id : Cortex-A Device cause : null
2025-11-19 22:59:17,811 [WARN] PackLoader:240 - Cannot read IP mode file for STMicroelectronics.X-CUBE-SUBG2.5.0.0
2025-11-19 22:59:17,849 [WARN] PackLoader:240 - Cannot read IP mode file for STMicroelectronics.X-CUBE-AZRTOS-H7RS.1.1.0
2025-11-19 22:59:17,877 [WARN] PackLoader:240 - Cannot read IP mode file for STMicroelectronics.X-CUBE-AZRTOS-G4.2.0.0
2025-11-19 22:59:17,895 [WARN] PackLoader:240 - Cannot read IP mode file for wolfSSL.I-CUBE-wolfSSH.1.4.20
2025-11-19 22:59:17,929 [WARN] PackLoader:240 - Cannot read IP mode file for STMicroelectronics.X-CUBE-NFC7.2.0.0
2025-11-19 22:59:17,959 [WARN] PackLoader:240 - Cannot read IP mode file for STMicroelectronics.X-CUBE-IPS.3.1.0
2025-11-19 22:59:17,986 [WARN] PackLoader:240 - Cannot read IP mode file for STMicroelectronics.X-CUBE-ALS.1.0.2
2025-11-19 22:59:18,009 [WARN] PackLoader:240 - Cannot read IP mode file for STMicroelectronics.X-CUBE-STSE01.1.0.0
2025-11-19 22:59:18,041 [WARN] PackLoader:240 - Cannot read IP mode file for STMicroelectronics.X-CUBE-TOF1.3.4.3
2025-11-19 22:59:18,050 [INFO] ThirdParty:978 - Integrity check success = true
2025-11-19 22:59:18,051 [INFO] IntegrityCheckThread:100 - exiting critical section [integrity check]
2025-11-19 22:59:18,051 [INFO] IntegrityCheckThread:103 - End integrity checks thread
2025-11-19 22:59:18,102 [INFO] WebApp:463 - Apply proxy settings
2025-11-19 22:59:18,102 [INFO] WebApp:548 - Chromium requires no authentication
2025-11-19 22:59:18,115 [INFO] WebApp:491 - Direct internet connection detected
2025-11-19 22:59:18,148 [INFO] WebApp:900 - Register for checkConnection events
2025-11-19 22:59:18,148 [INFO] WebApp:463 - Apply proxy settings
2025-11-19 22:59:18,148 [INFO] WebApp:548 - Chromium requires no authentication
2025-11-19 22:59:18,149 [INFO] WebApp:491 - Direct internet connection detected
2025-11-19 22:59:18,352 [INFO] WebApp:191 - Connection restablished
2025-11-19 22:59:18,366 [INFO] WebApp:225 - Starting web application
2025-11-19 22:59:18,367 [INFO] WebApp:593 - Web application path used C:\ST\STM32CubeIDE_1.19.0\STM32CubeIDE\plugins\com.st.stm32cube.common.mx_6.15.0.202507011659\db\plugins\mcufinder\reactClient1\index.html
