2025-11-15 08:44:41,642 [INFO] Activator:176 - 


2025-11-15 08:44:41,657 [INFO] Activator:177 - !SESSION log4j initialized
2025-11-15 08:44:49,538 [INFO] LogOutputStream:77 - [STDOUT_REDIRECT] 
2025-11-15 08:44:51,068 [INFO] ApplicationProperties:184 - Using Application install path: C:\ST\STM32CubeIDE_1.19.0\STM32CubeIDE\plugins\com.st.stm32cube.common.mx_6.15.0.202507011659
2025-11-15 08:44:51,098 [INFO] DbMcusXml:78 - Set database path to: C:\ST\STM32CubeIDE_1.19.0\STM32CubeIDE\plugins\com.st.stm32cube.common.mx_6.15.0.202507011659\\db\/mcu/
2025-11-15 08:44:51,098 [INFO] ApiDb:274 - Set plugin database path to: C:\ST\STM32CubeIDE_1.19.0\STM32CubeIDE\plugins\com.st.stm32cube.common.mx_6.15.0.202507011659\\db\/plugins/boardmanager/
2025-11-15 08:44:51,098 [WARN] ApiDb:259 - Overriding images path with different value:  => C:\ST\STM32CubeIDE_1.19.0\STM32CubeIDE\plugins\com.st.stm32cube.common.mx_6.15.0.202507011659\\db\/plugins/mcufinder/images/
2025-11-15 08:44:51,131 [INFO] ApiDb:250 - Set database path to: C:\Users\ASUS\.stmcufinder\plugins\mcufinder//mcu/
2025-11-15 08:44:51,131 [INFO] DbMcusAds:125 - Set database path to: C:\Users\ASUS\.stmcufinder\plugins\mcufinder//mcu/
2025-11-15 08:44:51,138 [INFO] CrossReferenceDbSqlite:203 - Set database path to: C:\Users\ASUS\.stmcufinder\plugins\mcufinder//mcu/cs/
2025-11-15 08:44:51,304 [INFO] RulesReader:64 - Compatibility file has been processed (317 Rules)
2025-11-15 08:44:51,462 [INFO] DbMcusXml:78 - Set database path to: C:\ST\STM32CubeIDE_1.19.0\STM32CubeIDE\plugins\com.st.stm32cube.common.mx_6.15.0.202507011659\\db\/mcu/
2025-11-15 08:44:51,462 [INFO] ApiDb:274 - Set plugin database path to: C:\ST\STM32CubeIDE_1.19.0\STM32CubeIDE\plugins\com.st.stm32cube.common.mx_6.15.0.202507011659\\db\/plugins/boardmanager/
2025-11-15 08:44:51,462 [INFO] ApiDb:261 - Set plugin images path to: C:\ST\STM32CubeIDE_1.19.0\STM32CubeIDE\plugins\com.st.stm32cube.common.mx_6.15.0.202507011659\\db\/plugins/mcufinder/images/
2025-11-15 08:44:51,464 [WARN] DbFile:41 - Overriding database path with different value: C:\Users\ASUS\.stmcufinder\plugins\mcufinder/ => C:\Users\ASUS\.stmcufinder\plugins\mcufinder
2025-11-15 08:44:51,464 [INFO] ApiDb:250 - Set database path to: C:\Users\ASUS\.stmcufinder\plugins\mcufinder//mcu/
2025-11-15 08:44:51,464 [WARN] DbFile:41 - Overriding database path with different value: C:\Users\ASUS\.stmcufinder\plugins\mcufinder/ => C:\Users\ASUS\.stmcufinder\plugins\mcufinder
2025-11-15 08:44:51,464 [INFO] DbMcusAds:125 - Set database path to: C:\Users\ASUS\.stmcufinder\plugins\mcufinder//mcu/
2025-11-15 08:44:51,464 [WARN] DbFile:41 - Overriding database path with different value: C:\Users\ASUS\.stmcufinder\plugins\mcufinder/ => C:\Users\ASUS\.stmcufinder\plugins\mcufinder
2025-11-15 08:44:51,464 [WARN] DbFile:41 - Overriding database path with different value: C:\Users\ASUS\.stmcufinder\plugins\mcufinder/ => C:\Users\ASUS\.stmcufinder\plugins\mcufinder
2025-11-15 08:44:51,464 [INFO] CrossReferenceDbSqlite:203 - Set database path to: C:\Users\ASUS\.stmcufinder\plugins\mcufinder//mcu/cs/
2025-11-15 08:44:51,575 [INFO] MainPanel:274 - HeapMemory: 268435456
2025-11-15 08:44:51,679 [INFO] DbMcusXml:78 - Set database path to: C:\ST\STM32CubeIDE_1.19.0\STM32CubeIDE\plugins\com.st.stm32cube.common.mx_6.15.0.202507011659\\db\/mcu/
2025-11-15 08:44:51,679 [INFO] ApiDb:274 - Set plugin database path to: C:\ST\STM32CubeIDE_1.19.0\STM32CubeIDE\plugins\com.st.stm32cube.common.mx_6.15.0.202507011659\\db\/plugins/boardmanager/
2025-11-15 08:44:51,679 [INFO] ApiDb:261 - Set plugin images path to: C:\ST\STM32CubeIDE_1.19.0\STM32CubeIDE\plugins\com.st.stm32cube.common.mx_6.15.0.202507011659\\db\/plugins/mcufinder/images/
2025-11-15 08:44:51,679 [WARN] DbFile:41 - Overriding database path with different value: C:\Users\ASUS\.stmcufinder\plugins\mcufinder/ => C:\Users\ASUS\.stmcufinder\plugins\mcufinder
2025-11-15 08:44:51,679 [INFO] ApiDb:250 - Set database path to: C:\Users\ASUS\.stmcufinder\plugins\mcufinder//mcu/
2025-11-15 08:44:51,679 [WARN] DbFile:41 - Overriding database path with different value: C:\Users\ASUS\.stmcufinder\plugins\mcufinder/ => C:\Users\ASUS\.stmcufinder\plugins\mcufinder
2025-11-15 08:44:51,679 [INFO] DbMcusAds:125 - Set database path to: C:\Users\ASUS\.stmcufinder\plugins\mcufinder//mcu/
2025-11-15 08:44:51,679 [WARN] DbFile:41 - Overriding database path with different value: C:\Users\ASUS\.stmcufinder\plugins\mcufinder/ => C:\Users\ASUS\.stmcufinder\plugins\mcufinder
2025-11-15 08:44:51,679 [WARN] DbFile:41 - Overriding database path with different value: C:\Users\ASUS\.stmcufinder\plugins\mcufinder/ => C:\Users\ASUS\.stmcufinder\plugins\mcufinder
2025-11-15 08:44:51,679 [INFO] CrossReferenceDbSqlite:203 - Set database path to: C:\Users\ASUS\.stmcufinder\plugins\mcufinder//mcu/cs/
2025-11-15 08:44:51,695 [INFO] ApplicationProperties:184 - Using Application install path: C:\ST\STM32CubeIDE_1.19.0\STM32CubeIDE\plugins\com.st.stm32cube.common.mx_6.15.0.202507011659
2025-11-15 08:44:51,695 [INFO] PluginManage:196 - Search for loadable plugins [exclusion list=, ]
2025-11-15 08:44:51,695 [INFO] PluginManage:310 - Check plugin analytics
2025-11-15 08:44:51,843 [INFO] AnalyticsPlugin:253 - Accepted Software Licenses: STM32CubeMX.6.12.1
2025-11-15 08:44:51,843 [INFO] AnalyticsPlugin:255 - Accepted CMSIS Pack Licenses: 
2025-11-15 08:44:51,843 [INFO] AnalyticsPlugin:257 - Accepted Firmware Licenses: 
2025-11-15 08:44:51,845 [INFO] PluginManage:359 - Loaded plugin analytics (category:tool,tabindex:-1)
2025-11-15 08:44:51,845 [INFO] PluginManage:310 - Check plugin cadmodel
2025-11-15 08:44:51,853 [INFO] CADModel:105 - Init CAD model plugin
2025-11-15 08:44:51,853 [INFO] PluginManage:359 - Loaded plugin cadmodel (category:power,tabindex:5)
2025-11-15 08:44:51,853 [INFO] PluginManage:310 - Check plugin clock
2025-11-15 08:44:51,869 [INFO] PluginManage:359 - Loaded plugin clock (category:base,tabindex:2)
2025-11-15 08:44:51,869 [INFO] PluginManage:310 - Check plugin ddr
2025-11-15 08:44:51,885 [INFO] PluginManage:359 - Loaded plugin ddr (category:tool,tabindex:6)
2025-11-15 08:44:51,885 [INFO] PluginManage:310 - Check plugin filemanager
2025-11-15 08:44:52,037 [INFO] PluginManage:359 - Loaded plugin filemanager (category:base,tabindex:10)
2025-11-15 08:44:52,037 [INFO] PluginManage:310 - Check plugin ipmanager
2025-11-15 08:44:52,043 [INFO] PluginManage:359 - Loaded plugin ipmanager (category:base,tabindex:5)
2025-11-15 08:44:52,044 [INFO] PluginManage:310 - Check plugin lpbam
2025-11-15 08:44:52,064 [INFO] PluginManage:359 - Loaded plugin lpbam (category:base,tabindex:0)
2025-11-15 08:44:52,064 [INFO] PluginManage:310 - Check plugin memorymap
2025-11-15 08:44:52,087 [INFO] PluginManage:359 - Loaded plugin memorymap (category:base,tabindex:4)
2025-11-15 08:44:52,087 [INFO] PluginManage:310 - Check plugin pinoutandconfiguration
2025-11-15 08:44:52,107 [INFO] PluginManage:359 - Loaded plugin pinoutandconfiguration (category:base,tabindex:1)
2025-11-15 08:44:52,108 [INFO] PluginManage:310 - Check plugin pinoutconfig
2025-11-15 08:44:52,196 [WARN] SupportedApi:132 - Cannot load RTOS API schema: s4s-elt-must-match.1: The content of 'definitions' must match (annotation?, (simpleType | complexType)?, (unique | key | keyref)*)). A problem was found starting at: attribute.
2025-11-15 08:44:52,312 [INFO] PluginManage:359 - Loaded plugin pinoutconfig (category:base,tabindex:0)
2025-11-15 08:44:52,312 [INFO] PluginManage:310 - Check plugin power
2025-11-15 08:44:52,334 [INFO] PluginManage:359 - Loaded plugin power (category:power,tabindex:4)
2025-11-15 08:44:52,334 [INFO] PluginManage:310 - Check plugin projectmanager
2025-11-15 08:44:52,337 [INFO] PluginManage:359 - Loaded plugin projectmanager (category:projectmanager,tabindex:4)
2025-11-15 08:44:52,337 [INFO] PluginManage:310 - Check plugin rif
2025-11-15 08:44:52,366 [INFO] PluginManage:359 - Loaded plugin rif (category:base,tabindex:3)
2025-11-15 08:44:52,366 [INFO] PluginManage:310 - Check plugin thirdparty
2025-11-15 08:44:52,761 [INFO] PluginManage:359 - Loaded plugin thirdparty (category:base,tabindex:-1)
2025-11-15 08:44:52,761 [WARN] IntegrityCheckThread:84 - waiting for thirdparty lock release [integrity check]
2025-11-15 08:44:52,761 [INFO] IntegrityCheckThread:86 - entering critical section [integrity check]
2025-11-15 08:44:52,761 [INFO] PluginManage:310 - Check plugin tools
2025-11-15 08:44:52,761 [INFO] ThirdPartyUpdaterWithRetryManager:70 - Updater plugin not ready yet. [1/15]
2025-11-15 08:44:52,809 [INFO] PluginManage:359 - Loaded plugin tools (category:base,tabindex:7)
2025-11-15 08:44:52,809 [INFO] PluginManage:310 - Check plugin tutovideos
2025-11-15 08:44:53,098 [INFO] PluginManage:359 - Loaded plugin tutovideos (category:base,tabindex:-1)
2025-11-15 08:44:53,098 [INFO] PluginManage:310 - Check plugin updater
2025-11-15 08:44:53,119 [INFO] PluginManage:359 - Loaded plugin updater (category:base,tabindex:12)
2025-11-15 08:44:53,119 [INFO] PluginManage:310 - Check plugin userauth
2025-11-15 08:44:53,126 [INFO] UserAuth:118 - Init User Auth plugin
2025-11-15 08:44:53,126 [INFO] PluginManage:359 - Loaded plugin userauth (category:base,tabindex:14)
2025-11-15 08:44:53,126 [INFO] PluginManage:283 - PluginManage : Loaded plugins [18]
2025-11-15 08:44:53,362 [INFO] PinOutPanel:1589 - setPackage(No Configuration,No Configuration)
2025-11-15 08:44:53,456 [INFO] CADModel:165 - CPN selected for project level
2025-11-15 08:44:53,456 [INFO] CADModel:114 - Register for checkConnection events
2025-11-15 08:44:53,487 [INFO] IPUIPlugin:80 - create IPUIPlugin
2025-11-15 08:44:53,487 [INFO] PluginManager:220 - loadIPPluginJar : add adc
2025-11-15 08:44:53,543 [INFO] IPUIPlugin:80 - create IPUIPlugin
2025-11-15 08:44:53,543 [INFO] PluginManager:220 - loadIPPluginJar : add aes
2025-11-15 08:44:53,598 [INFO] IPUIPlugin:80 - create IPUIPlugin
2025-11-15 08:44:53,598 [INFO] PluginManager:220 - loadIPPluginJar : add can
2025-11-15 08:44:53,647 [INFO] IPUIPlugin:80 - create IPUIPlugin
2025-11-15 08:44:53,647 [INFO] PluginManager:220 - loadIPPluginJar : add comp
2025-11-15 08:44:53,702 [INFO] IPUIPlugin:80 - create IPUIPlugin
2025-11-15 08:44:53,702 [INFO] PluginManager:220 - loadIPPluginJar : add cryp
2025-11-15 08:44:53,716 [INFO] IPUIPlugin:80 - create IPUIPlugin
2025-11-15 08:44:53,716 [INFO] PluginManager:220 - loadIPPluginJar : add ddr_ctrl_phy
2025-11-15 08:44:53,762 [INFO] IPUIPlugin:80 - create IPUIPlugin
2025-11-15 08:44:53,762 [INFO] PluginManager:220 - loadIPPluginJar : add dfsdm
2025-11-15 08:44:53,779 [INFO] IPUIPlugin:80 - create IPUIPlugin
2025-11-15 08:44:53,779 [INFO] PluginManager:220 - loadIPPluginJar : add dma
2025-11-15 08:44:53,835 [INFO] IPUIPlugin:80 - create IPUIPlugin
2025-11-15 08:44:53,835 [INFO] PluginManager:220 - loadIPPluginJar : add dma3
2025-11-15 08:44:53,886 [INFO] IPUIPlugin:80 - create IPUIPlugin
2025-11-15 08:44:53,886 [INFO] PluginManager:220 - loadIPPluginJar : add extmemmanager
2025-11-15 08:44:53,928 [INFO] IPUIPlugin:80 - create IPUIPlugin
2025-11-15 08:44:53,928 [INFO] PluginManager:220 - loadIPPluginJar : add fatfs
2025-11-15 08:44:53,999 [INFO] IPUIPlugin:80 - create IPUIPlugin
2025-11-15 08:44:53,999 [INFO] PluginManager:220 - loadIPPluginJar : add fmc
2025-11-15 08:44:54,015 [INFO] IPUIPlugin:80 - create IPUIPlugin
2025-11-15 08:44:54,015 [INFO] PluginManager:220 - loadIPPluginJar : add freertos
2025-11-15 08:44:54,062 [INFO] IPUIPlugin:80 - create IPUIPlugin
2025-11-15 08:44:54,062 [INFO] PluginManager:220 - loadIPPluginJar : add genericplugin
2025-11-15 08:44:54,211 [INFO] IPUIPlugin:80 - create IPUIPlugin
2025-11-15 08:44:54,211 [INFO] PluginManager:220 - loadIPPluginJar : add gfxmmu
2025-11-15 08:44:54,409 [INFO] IPUIPlugin:80 - create IPUIPlugin
2025-11-15 08:44:54,409 [INFO] PluginManager:220 - loadIPPluginJar : add gic
2025-11-15 08:44:54,425 [INFO] IPUIPlugin:80 - create IPUIPlugin
2025-11-15 08:44:54,425 [INFO] PluginManager:220 - loadIPPluginJar : add gpio
2025-11-15 08:44:54,605 [INFO] IPUIPlugin:80 - create IPUIPlugin
2025-11-15 08:44:54,605 [INFO] PluginManager:220 - loadIPPluginJar : add gtzc
2025-11-15 08:44:54,671 [INFO] IPUIPlugin:80 - create IPUIPlugin
2025-11-15 08:44:54,671 [INFO] PluginManager:220 - loadIPPluginJar : add hash
2025-11-15 08:44:54,746 [INFO] IPUIPlugin:80 - create IPUIPlugin
2025-11-15 08:44:54,746 [INFO] PluginManager:220 - loadIPPluginJar : add i2c
2025-11-15 08:44:54,793 [INFO] IPUIPlugin:80 - create IPUIPlugin
2025-11-15 08:44:54,793 [INFO] PluginManager:220 - loadIPPluginJar : add i2s
2025-11-15 08:44:54,841 [INFO] IPUIPlugin:80 - create IPUIPlugin
2025-11-15 08:44:54,841 [INFO] PluginManager:220 - loadIPPluginJar : add i3c
2025-11-15 08:44:54,952 [INFO] IPUIPlugin:80 - create IPUIPlugin
2025-11-15 08:44:54,952 [INFO] PluginManager:220 - loadIPPluginJar : add ipddr
2025-11-15 08:44:55,070 [INFO] IPUIPlugin:80 - create IPUIPlugin
2025-11-15 08:44:55,070 [INFO] PluginManager:220 - loadIPPluginJar : add linkedlist
2025-11-15 08:44:55,140 [INFO] IPUIPlugin:80 - create IPUIPlugin
2025-11-15 08:44:55,141 [INFO] PluginManager:220 - loadIPPluginJar : add lorawan
2025-11-15 08:44:55,203 [INFO] IPUIPlugin:80 - create IPUIPlugin
2025-11-15 08:44:55,203 [INFO] PluginManager:220 - loadIPPluginJar : add ltdc
2025-11-15 08:44:55,230 [INFO] IPUIPlugin:80 - create IPUIPlugin
2025-11-15 08:44:55,230 [INFO] PluginManager:220 - loadIPPluginJar : add mdma
2025-11-15 08:44:55,258 [INFO] IPUIPlugin:80 - create IPUIPlugin
2025-11-15 08:44:55,258 [INFO] PluginManager:220 - loadIPPluginJar : add nvic
2025-11-15 08:44:55,344 [INFO] IPUIPlugin:80 - create IPUIPlugin
2025-11-15 08:44:55,344 [INFO] PluginManager:220 - loadIPPluginJar : add opamp
2025-11-15 08:44:55,439 [INFO] IPUIPlugin:80 - create IPUIPlugin
2025-11-15 08:44:55,439 [INFO] PluginManager:220 - loadIPPluginJar : add openamp
2025-11-15 08:44:55,502 [INFO] IPUIPlugin:80 - create IPUIPlugin
2025-11-15 08:44:55,502 [INFO] PluginManager:220 - loadIPPluginJar : add pdm2pcm
2025-11-15 08:44:55,521 [INFO] IPUIPlugin:80 - create IPUIPlugin
2025-11-15 08:44:55,521 [INFO] PluginManager:220 - loadIPPluginJar : add plateformsettings
2025-11-15 08:44:55,565 [INFO] IPUIPlugin:80 - create IPUIPlugin
2025-11-15 08:44:55,565 [INFO] PluginManager:220 - loadIPPluginJar : add quadspi
2025-11-15 08:44:55,643 [INFO] IPUIPlugin:80 - create IPUIPlugin
2025-11-15 08:44:55,643 [INFO] PluginManager:220 - loadIPPluginJar : add radio
2025-11-15 08:44:55,671 [INFO] IPUIPlugin:80 - create IPUIPlugin
2025-11-15 08:44:55,673 [INFO] PluginManager:220 - loadIPPluginJar : add resmgrutility
2025-11-15 08:44:55,746 [INFO] IPUIPlugin:80 - create IPUIPlugin
2025-11-15 08:44:55,746 [INFO] PluginManager:220 - loadIPPluginJar : add sai
2025-11-15 08:44:55,778 [INFO] ThirdPartyUpdaterWithRetryManager:70 - Updater plugin not ready yet. [2/15]
2025-11-15 08:44:55,799 [INFO] IPUIPlugin:80 - create IPUIPlugin
2025-11-15 08:44:55,799 [INFO] PluginManager:220 - loadIPPluginJar : add spi
2025-11-15 08:44:55,896 [INFO] IPUIPlugin:80 - create IPUIPlugin
2025-11-15 08:44:55,896 [INFO] PluginManager:220 - loadIPPluginJar : add stm32_wpan
2025-11-15 08:44:55,937 [INFO] IPUIPlugin:80 - create IPUIPlugin
2025-11-15 08:44:55,937 [INFO] PluginManager:220 - loadIPPluginJar : add tim
2025-11-15 08:44:56,066 [INFO] IPUIPlugin:80 - create IPUIPlugin
2025-11-15 08:44:56,066 [INFO] PluginManager:220 - loadIPPluginJar : add touchsensing
2025-11-15 08:44:56,111 [INFO] IPUIPlugin:80 - create IPUIPlugin
2025-11-15 08:44:56,118 [INFO] PluginManager:220 - loadIPPluginJar : add tracer_emb
2025-11-15 08:44:56,158 [INFO] IPUIPlugin:80 - create IPUIPlugin
2025-11-15 08:44:56,158 [INFO] PluginManager:220 - loadIPPluginJar : add ts
2025-11-15 08:44:56,205 [INFO] IPUIPlugin:80 - create IPUIPlugin
2025-11-15 08:44:56,206 [INFO] PluginManager:220 - loadIPPluginJar : add tsc
2025-11-15 08:44:56,246 [INFO] IPUIPlugin:80 - create IPUIPlugin
2025-11-15 08:44:56,247 [INFO] PluginManager:220 - loadIPPluginJar : add ucpd
2025-11-15 08:44:56,313 [INFO] IPUIPlugin:80 - create IPUIPlugin
2025-11-15 08:44:56,313 [INFO] PluginManager:220 - loadIPPluginJar : add usart
2025-11-15 08:44:56,392 [INFO] IPUIPlugin:80 - create IPUIPlugin
2025-11-15 08:44:56,394 [INFO] PluginManager:220 - loadIPPluginJar : add usbx
2025-11-15 08:44:56,542 [FATAL] Updater:351 - Updater called before beeing initialized
2025-11-15 08:44:56,572 [INFO] RulesReader:64 - Compatibility file has been processed (317 Rules)
2025-11-15 08:44:56,590 [INFO] RulesReader:64 - Compatibility file has been processed (317 Rules)
2025-11-15 08:44:56,604 [INFO] CADModel:165 - CPN selected for project level
2025-11-15 08:44:56,604 [INFO] CADModel:114 - Register for checkConnection events
2025-11-15 08:44:56,604 [FATAL] Updater:351 - Updater called before beeing initialized
2025-11-15 08:44:56,604 [ERROR] CADModel:125 - Updater not yet initialized, retry later 
2025-11-15 08:44:56,771 [FATAL] Updater:351 - Updater called before beeing initialized
2025-11-15 08:44:56,777 [INFO] CADModel:165 - CPN selected for project level
2025-11-15 08:44:56,778 [INFO] CADModel:114 - Register for checkConnection events
2025-11-15 08:44:56,778 [FATAL] Updater:351 - Updater called before beeing initialized
2025-11-15 08:44:56,778 [ERROR] CADModel:125 - Updater not yet initialized, retry later 
2025-11-15 08:44:56,782 [FATAL] Updater:351 - Updater called before beeing initialized
2025-11-15 08:44:56,924 [FATAL] Updater:351 - Updater called before beeing initialized
2025-11-15 08:44:56,938 [INFO] DbMcusAds:53 - JSON generation date=Thu Oct 02 16:36:05 ICT 2025 (1759397765645)
2025-11-15 08:44:56,938 [FATAL] Updater:351 - Updater called before beeing initialized
2025-11-15 08:44:56,986 [WARN] DetailPanel:346 - Failed to get advertising image, set to default
2025-11-15 08:44:57,070 [FATAL] Updater:351 - Updater called before beeing initialized
2025-11-15 08:44:57,076 [FATAL] Updater:351 - Updater called before beeing initialized
2025-11-15 08:44:57,077 [FATAL] Updater:351 - Updater called before beeing initialized
2025-11-15 08:44:57,077 [WARN] DetailPanel:346 - Failed to get advertising image, set to default
2025-11-15 08:44:57,077 [FATAL] Updater:351 - Updater called before beeing initialized
2025-11-15 08:44:57,150 [ERROR] Updater:1198 - MainUpdater not yet initialized. External WinMGr cannot be set.
2025-11-15 08:44:57,159 [INFO] Updater:1134 - Updater Version found : 6.15.0
2025-11-15 08:44:57,175 [INFO] ApplicationProperties:184 - Using Application install path: C:\ST\STM32CubeIDE_1.19.0\STM32CubeIDE\plugins\com.st.stm32cube.common.mx_6.15.0.202507011659
2025-11-15 08:44:58,790 [INFO] ThirdPartyUpdaterWithRetryManager:70 - Updater plugin not ready yet. [3/15]
2025-11-15 08:44:58,792 [ERROR] LogOutputStream:75 - [STDERR_REDIRECT] Nov 15, 2025 8:44:58 AM java.util.prefs.WindowsPreferences <init>
2025-11-15 08:44:58,792 [ERROR] LogOutputStream:75 - [STDERR_REDIRECT] WARNING: Could not open/create prefs root node Software\JavaSoft\Prefs at root 0xffffffff80000002. Windows RegCreateKeyEx(...) returned error code 5.
2025-11-15 08:44:58,792 [ERROR] LogOutputStream:75 - [STDERR_REDIRECT] 
2025-11-15 08:44:59,076 [INFO] MainUpdater:2872 - connection check result : 10
2025-11-15 08:44:59,076 [INFO] MainUpdater:3604 - Updater definition file requires update
2025-11-15 08:44:59,076 [INFO] MainUpdater:289 - Updater Check For Update Now.
2025-11-15 08:44:59,076 [INFO] MicroXplorer:498 - Change Database Version : DB.6.0.150
2025-11-15 08:44:59,092 [INFO] McuFinderGlobals:63 - Set McuFinder mode to 2 (CubeIDE integrated)
2025-11-15 08:44:59,092 [INFO] UserAuth:171 - activating auth plugin
2025-11-15 08:44:59,107 [INFO] UserAuth:487 - Internet connection configuration mode: 1
2025-11-15 08:44:59,116 [INFO] ServerAccessManage:452 - Complete download http(s) 200
2025-11-15 08:44:59,116 [INFO] ServerAccessManage:509 - Download File updaters.zip
2025-11-15 08:44:59,139 [INFO] JxBrowserEngine:152 - Initiate JxBrowser Engine with user profile folder
2025-11-15 08:44:59,219 [INFO] FileExtend:248 - Unzip File : updaters.zip
2025-11-15 08:44:59,219 [INFO] FileExtend:263 - Standard Zip Deflate
2025-11-15 08:45:00,725 [INFO] ServerAccessManage:452 - Complete download http(s) 200
2025-11-15 08:45:00,726 [INFO] ServerAccessManage:509 - Download File PacksControlFlags.xml
2025-11-15 08:45:00,990 [INFO] ServerAccessManage:452 - Complete download http(s) 200
2025-11-15 08:45:00,990 [INFO] ServerAccessManage:509 - Download File cubemx.pidx
2025-11-15 08:45:01,236 [INFO] LoadServerUpdatesThread:375 - End of LoadServerUpdate Thread
2025-11-15 08:45:01,429 [INFO] CheckServerUpdateThread:120 - End of CheckServer Thread
2025-11-15 08:45:02,272 [WARN] PackLoader:240 - Cannot read IP mode file for STMicroelectronics.FP-SNS-MOTENVWB1.1.4.0
2025-11-15 08:45:02,295 [WARN] PackLoader:240 - Cannot read IP mode file for STMicroelectronics.FP-ATR-ASTRA1.2.0.2
2025-11-15 08:45:02,323 [WARN] PackLoader:240 - Cannot read IP mode file for STMicroelectronics.X-CUBE-SMBUS.2.1.0
2025-11-15 08:45:02,341 [WARN] PackLoader:240 - Cannot read IP mode file for STMicroelectronics.X-CUBE-ST60.1.0.0
2025-11-15 08:45:02,389 [WARN] PackLoader:240 - Cannot read IP mode file for STMicroelectronics.X-CUBE-AZRTOS-F7.1.1.0
2025-11-15 08:45:02,424 [WARN] PackLoader:240 - Cannot read IP mode file for Cesanta.I-CUBE-Mongoose.7.19.0
2025-11-15 08:45:02,429 [INFO] WebApp:169 - Instantiating new browser for Auth
2025-11-15 08:45:02,475 [WARN] PackLoader:240 - Cannot read IP mode file for STMicroelectronics.FP-SNS-MOTENV1.5.1.0
2025-11-15 08:45:02,520 [WARN] PackLoader:240 - Cannot read IP mode file for WES.I-CUBE-Cesium.1.4.0
2025-11-15 08:45:02,575 [WARN] PackLoader:240 - Cannot read IP mode file for Infineon.AIROC-Wi-Fi-Bluetooth-STM32.1.7.1
2025-11-15 08:45:02,695 [WARN] PackLoader:240 - Cannot read IP mode file for STMicroelectronics.X-CUBE-AZRTOS-H7.3.4.0
2025-11-15 08:45:02,760 [WARN] PackLoader:240 - Cannot read IP mode file for STMicroelectronics.X-CUBE-DISPLAY.3.0.0
2025-11-15 08:45:02,816 [WARN] PackLoader:240 - Cannot read IP mode file for STMicroelectronics.X-CUBE-NFC10.1.0.0
2025-11-15 08:45:02,852 [WARN] PackLoader:240 - Cannot read IP mode file for STMicroelectronics.X-CUBE-ST60.1.1.0
2025-11-15 08:45:02,914 [WARN] PackLoader:240 - Cannot read IP mode file for emotas.I-CUBE-CANOPEN.1.3.0
2025-11-15 08:45:02,961 [WARN] PackLoader:240 - Cannot read IP mode file for STMicroelectronics.X-CUBE-GNSS1.7.1.0
2025-11-15 08:45:03,018 [WARN] PackLoader:240 - Cannot read IP mode file for STMicroelectronics.FP-SNS-STBOX1.2.1.0
2025-11-15 08:45:03,058 [WARN] PackLoader:240 - Cannot read IP mode file for STMicroelectronics.FP-SNS-SMARTAG2.1.2.0
2025-11-15 08:45:03,114 [WARN] PackLoader:240 - Cannot read IP mode file for STMicroelectronics.FP-SNS-FLIGHT1.5.1.0
2025-11-15 08:45:03,162 [INFO] LogOutputStream:77 - [STDOUT_REDIRECT] 1 : Invalid condition id : UX_CORESTACK_Condition cause : null
2025-11-15 08:45:03,163 [INFO] LogOutputStream:77 - [STDOUT_REDIRECT] 1 : Invalid condition id : UX_CORESTACK_Condition cause : null
2025-11-15 08:45:03,164 [INFO] LogOutputStream:77 - [STDOUT_REDIRECT] 1 : Invalid condition id : UX_CORESTACK_Condition cause : null
2025-11-15 08:45:03,166 [INFO] LogOutputStream:77 - [STDOUT_REDIRECT] 1 : Invalid condition id : UX_CORESTACK_Condition cause : null
2025-11-15 08:45:03,167 [INFO] LogOutputStream:77 - [STDOUT_REDIRECT] 1 : Invalid condition id : UX_CORESTACK_Condition cause : null
2025-11-15 08:45:03,172 [WARN] PackLoader:240 - Cannot read IP mode file for STMicroelectronics.X-CUBE-AZRTOS-WL.2.0.0
2025-11-15 08:45:03,196 [WARN] PackLoader:240 - Cannot read IP mode file for STMicroelectronics.FP-SNS-MOTENV1.5.0.0
2025-11-15 08:45:03,232 [WARN] PackLoader:240 - Cannot read IP mode file for STMicroelectronics.X-CUBE-BLE2.3.3.0
2025-11-15 08:45:03,327 [WARN] PackLoader:240 - Cannot read IP mode file for STMicroelectronics.X-CUBE-NFC9.1.0.0
2025-11-15 08:45:03,355 [WARN] PackLoader:240 - Cannot read IP mode file for wolfSSL.I-CUBE-wolfSSL.5.8.2
2025-11-15 08:45:03,407 [WARN] PackLoader:240 - Cannot read IP mode file for STMicroelectronics.X-CUBE-BLE1.7.1.0
2025-11-15 08:45:03,466 [WARN] PackLoader:240 - Cannot read IP mode file for wolfSSL.I-CUBE-wolfMQTT.1.19.2
2025-11-15 08:45:03,494 [WARN] PackLoader:240 - Cannot read IP mode file for STMicroelectronics.X-CUBE-EEPRMA1.5.2.0
2025-11-15 08:45:03,551 [WARN] PackLoader:240 - Cannot read IP mode file for STMicroelectronics.X-CUBE-ST67W61.1.1.0
2025-11-15 08:45:03,618 [WARN] PackLoader:240 - Cannot read IP mode file for STMicroelectronics.X-CUBE-AZRTOS-G0.1.1.0
2025-11-15 08:45:03,659 [WARN] PackLoader:240 - Cannot read IP mode file for STMicroelectronics.X-CUBE-SAFEA1.1.2.2
2025-11-15 08:45:03,691 [WARN] PackLoader:240 - Cannot read IP mode file for STMicroelectronics.X-CUBE-NFC4.3.0.0
2025-11-15 08:45:03,715 [WARN] PackLoader:240 - Cannot read IP mode file for EmbeddedOffice.I-CUBE-FS-RTOS.1.0.1
2025-11-15 08:45:03,754 [WARN] PackLoader:240 - Cannot read IP mode file for STMicroelectronics.X-CUBE-WB05N.2.0.0
2025-11-15 08:45:03,790 [WARN] PackLoader:240 - Cannot read IP mode file for wolfSSL.I-CUBE-wolfTPM.3.8.0
2025-11-15 08:45:03,892 [WARN] PackLoader:240 - Cannot read IP mode file for STMicroelectronics.X-CUBE-TCPP.4.2.0
2025-11-15 08:45:03,963 [WARN] PackLoader:240 - Cannot read IP mode file for RealThread.X-CUBE-RT-Thread_Nano.4.1.1
2025-11-15 08:45:04,018 [WARN] PackLoader:240 - Cannot read IP mode file for STMicroelectronics.FP-ATR-SIGFOX1.3.2.0
2025-11-15 08:45:04,051 [INFO] WebApp:463 - Apply proxy settings
2025-11-15 08:45:04,052 [INFO] WebApp:548 - Chromium requires no authentication
2025-11-15 08:45:04,073 [WARN] PackLoader:240 - Cannot read IP mode file for ITTIA_DB.I-CUBE-ITTIADB.8.9.0
2025-11-15 08:45:04,082 [INFO] WebApp:491 - Direct internet connection detected
2025-11-15 08:45:04,101 [WARN] PackLoader:240 - Cannot read IP mode file for STMicroelectronics.X-CUBE-ST67W61.1.0.0
2025-11-15 08:45:04,129 [WARN] PackLoader:240 - Cannot read IP mode file for STMicroelectronics.X-CUBE-AI.10.2.0
2025-11-15 08:45:04,130 [INFO] WebApp:900 - Register for checkConnection events
2025-11-15 08:45:04,130 [INFO] WebApp:463 - Apply proxy settings
2025-11-15 08:45:04,132 [INFO] WebApp:548 - Chromium requires no authentication
2025-11-15 08:45:04,133 [INFO] WebApp:491 - Direct internet connection detected
2025-11-15 08:45:04,174 [WARN] PackLoader:240 - Cannot read IP mode file for SEGGER.I-CUBE-embOS.1.3.1
2025-11-15 08:45:04,245 [WARN] PackLoader:240 - Cannot read IP mode file for STMicroelectronics.X-CUBE-ALGOBUILD.1.4.0
2025-11-15 08:45:04,377 [INFO] WebApp:191 - Connection restablished
2025-11-15 08:45:04,381 [WARN] PackLoader:240 - Cannot read IP mode file for STMicroelectronics.X-CUBE-MEMS1.11.3.0
2025-11-15 08:45:04,629 [WARN] PackLoader:240 - Cannot read IP mode file for STMicroelectronics.X-CUBE-PM33A1.1.0.0
2025-11-15 08:45:04,697 [WARN] PackLoader:240 - Cannot read IP mode file for STMicroelectronics.X-CUBE-AZRTOS-F4.1.1.0
2025-11-15 08:45:04,711 [INFO] WebApp:225 - Starting web application
2025-11-15 08:45:04,711 [INFO] WebApp:593 - Web application path used C:\ST\STM32CubeIDE_1.19.0\STM32CubeIDE\plugins\com.st.stm32cube.common.mx_6.15.0.202507011659\db\plugins\mcufinder\reactClient1\index.html
2025-11-15 08:45:04,769 [WARN] PackLoader:240 - Cannot read IP mode file for STMicroelectronics.X-CUBE-ISPU.2.1.0
2025-11-15 08:45:04,821 [WARN] PackLoader:240 - Cannot read IP mode file for STMicroelectronics.X-CUBE-IPS.3.2.0
2025-11-15 08:45:04,873 [WARN] PackLoader:240 - Cannot read IP mode file for STMicroelectronics.X-CUBE-NFC12.1.0.0
2025-11-15 08:45:04,956 [WARN] PackLoader:240 - Cannot read IP mode file for STMicroelectronics.X-CUBE-AZRTOS-L5.2.0.0
2025-11-15 08:45:05,125 [WARN] PackLoader:240 - Cannot read IP mode file for STMicroelectronics.X-CUBE-NFC6.3.1.0
2025-11-15 08:45:05,282 [WARN] PackLoader:240 - Cannot read IP mode file for STMicroelectronics.X-CUBE-FREERTOS.1.3.1
2025-11-15 08:45:05,312 [WARN] PackLoader:240 - Cannot read IP mode file for STMicroelectronics.X-CUBE-TOUCHGFX.4.26.0
2025-11-15 08:45:05,341 [WARN] PackLoader:240 - Cannot read IP mode file for STMicroelectronics.FP-SNS-STAIOTCFT.1.0.0
2025-11-15 08:45:05,383 [WARN] PackLoader:240 - Cannot read IP mode file for STMicroelectronics.X-CUBE-DPower.1.3.0
2025-11-15 08:45:05,431 [WARN] ConditionMgr:438 - getConditionDescription Invalid condition id : LAN8742 Phy interface Condition cause : null
2025-11-15 08:45:05,431 [WARN] PackLoader:240 - Cannot read IP mode file for STMicroelectronics.X-CUBE-AZRTOS-L4.2.0.0
2025-11-15 08:45:05,433 [WARN] ConditionMgr:1044 - genDependencies : Invalid condition id : LAN8742 Phy interface Condition cause : null
2025-11-15 08:45:05,433 [WARN] ConditionMgr:1044 - genDependencies : Invalid condition id : LAN8742 Phy interface Condition cause : null
2025-11-15 08:45:05,433 [WARN] ConditionMgr:1044 - genDependencies : Invalid condition id : LAN8742 Phy interface Condition cause : null
2025-11-15 08:45:05,462 [WARN] PackLoader:240 - Cannot read IP mode file for STMicroelectronics.X-CUBE-SFXS2LP1.4.0.0
2025-11-15 08:45:05,516 [WARN] PackLoader:240 - Cannot read IP mode file for STMicroelectronics.X-CUBE-BLEMGR.4.1.0
2025-11-15 08:45:05,563 [WARN] ConditionMgr:438 - getConditionDescription Invalid condition id : UX DEVICE CLASS RTOS Condition cause : null
2025-11-15 08:45:05,563 [WARN] ConditionMgr:438 - getConditionDescription Invalid condition id : UX DEVICE CLASS RTOS Condition cause : null
2025-11-15 08:45:05,565 [WARN] PackLoader:240 - Cannot read IP mode file for STMicroelectronics.X-CUBE-AZRTOS-WB.2.0.0
2025-11-15 08:45:05,565 [WARN] ConditionMgr:1044 - genDependencies : Invalid condition id : UX DEVICE CLASS RTOS Condition cause : null
2025-11-15 08:45:05,565 [WARN] ConditionMgr:1044 - genDependencies : Invalid condition id : UX DEVICE CLASS RTOS Condition cause : null
2025-11-15 08:45:05,567 [WARN] ConditionMgr:1044 - genDependencies : Invalid condition id : UX DEVICE CLASS RTOS Condition cause : null
2025-11-15 08:45:05,567 [WARN] ConditionMgr:1044 - genDependencies : Invalid condition id : UX DEVICE CLASS RTOS Condition cause : null
2025-11-15 08:45:05,567 [WARN] ConditionMgr:1044 - genDependencies : Invalid condition id : UX DEVICE CLASS RTOS Condition cause : null
2025-11-15 08:45:05,589 [WARN] PackLoader:240 - Cannot read IP mode file for STMicroelectronics.X-CUBE-GNSS1.7.0.1
2025-11-15 08:45:05,605 [WARN] ConditionMgr:438 - getConditionDescription Invalid condition id : Cortex-A Device cause : null
2025-11-15 08:45:05,625 [WARN] ConditionMgr:1044 - genDependencies : Invalid condition id : Cortex-A Device cause : null
2025-11-15 08:45:05,625 [WARN] ConditionMgr:1044 - genDependencies : Invalid condition id : Cortex-A Device cause : null
2025-11-15 08:45:05,631 [WARN] ConditionMgr:1044 - genDependencies : Invalid condition id : Cortex-A Device cause : null
2025-11-15 08:45:05,659 [WARN] PackLoader:240 - Cannot read IP mode file for STMicroelectronics.X-CUBE-SUBG2.5.0.0
2025-11-15 08:45:05,708 [WARN] PackLoader:240 - Cannot read IP mode file for STMicroelectronics.X-CUBE-AZRTOS-H7RS.1.1.0
2025-11-15 08:45:05,761 [WARN] PackLoader:240 - Cannot read IP mode file for STMicroelectronics.X-CUBE-AZRTOS-G4.2.0.0
2025-11-15 08:45:05,787 [WARN] PackLoader:240 - Cannot read IP mode file for wolfSSL.I-CUBE-wolfSSH.1.4.20
2025-11-15 08:45:05,812 [WARN] PackLoader:240 - Cannot read IP mode file for STMicroelectronics.X-CUBE-NFC7.2.0.0
2025-11-15 08:45:05,853 [WARN] PackLoader:240 - Cannot read IP mode file for STMicroelectronics.X-CUBE-IPS.3.1.0
2025-11-15 08:45:05,909 [WARN] PackLoader:240 - Cannot read IP mode file for STMicroelectronics.X-CUBE-ALS.1.0.2
2025-11-15 08:45:05,942 [WARN] PackLoader:240 - Cannot read IP mode file for STMicroelectronics.X-CUBE-STSE01.1.0.0
2025-11-15 08:45:05,974 [WARN] PackLoader:240 - Cannot read IP mode file for STMicroelectronics.X-CUBE-TOF1.3.4.3
2025-11-15 08:45:05,981 [INFO] ThirdParty:978 - Integrity check success = true
2025-11-15 08:45:05,981 [INFO] IntegrityCheckThread:100 - exiting critical section [integrity check]
2025-11-15 08:45:05,981 [INFO] IntegrityCheckThread:103 - End integrity checks thread
2025-11-15 10:31:07,454 [ERROR] LogOutputStream:75 - [STDERR_REDIRECT] 
2025-11-15 12:53:52,156 [INFO] Activator:176 - 


2025-11-15 12:53:52,158 [INFO] Activator:177 - !SESSION log4j initialized
2025-11-15 12:53:58,317 [INFO] LogOutputStream:77 - [STDOUT_REDIRECT] 
2025-11-15 12:53:59,728 [INFO] ApplicationProperties:184 - Using Application install path: C:\ST\STM32CubeIDE_1.19.0\STM32CubeIDE\plugins\com.st.stm32cube.common.mx_6.15.0.202507011659
2025-11-15 12:53:59,801 [INFO] DbMcusXml:78 - Set database path to: C:\ST\STM32CubeIDE_1.19.0\STM32CubeIDE\plugins\com.st.stm32cube.common.mx_6.15.0.202507011659\\db\/mcu/
2025-11-15 12:53:59,801 [INFO] ApiDb:274 - Set plugin database path to: C:\ST\STM32CubeIDE_1.19.0\STM32CubeIDE\plugins\com.st.stm32cube.common.mx_6.15.0.202507011659\\db\/plugins/boardmanager/
2025-11-15 12:53:59,801 [WARN] ApiDb:259 - Overriding images path with different value:  => C:\ST\STM32CubeIDE_1.19.0\STM32CubeIDE\plugins\com.st.stm32cube.common.mx_6.15.0.202507011659\\db\/plugins/mcufinder/images/
2025-11-15 12:53:59,806 [INFO] ApiDb:250 - Set database path to: C:\Users\ASUS\.stmcufinder\plugins\mcufinder//mcu/
2025-11-15 12:53:59,806 [INFO] DbMcusAds:125 - Set database path to: C:\Users\ASUS\.stmcufinder\plugins\mcufinder//mcu/
2025-11-15 12:53:59,822 [INFO] CrossReferenceDbSqlite:203 - Set database path to: C:\Users\ASUS\.stmcufinder\plugins\mcufinder//mcu/cs/
2025-11-15 12:53:59,955 [INFO] RulesReader:64 - Compatibility file has been processed (317 Rules)
2025-11-15 12:54:00,048 [INFO] DbMcusXml:78 - Set database path to: C:\ST\STM32CubeIDE_1.19.0\STM32CubeIDE\plugins\com.st.stm32cube.common.mx_6.15.0.202507011659\\db\/mcu/
2025-11-15 12:54:00,048 [INFO] ApiDb:274 - Set plugin database path to: C:\ST\STM32CubeIDE_1.19.0\STM32CubeIDE\plugins\com.st.stm32cube.common.mx_6.15.0.202507011659\\db\/plugins/boardmanager/
2025-11-15 12:54:00,048 [INFO] ApiDb:261 - Set plugin images path to: C:\ST\STM32CubeIDE_1.19.0\STM32CubeIDE\plugins\com.st.stm32cube.common.mx_6.15.0.202507011659\\db\/plugins/mcufinder/images/
2025-11-15 12:54:00,048 [WARN] DbFile:41 - Overriding database path with different value: C:\Users\ASUS\.stmcufinder\plugins\mcufinder/ => C:\Users\ASUS\.stmcufinder\plugins\mcufinder
2025-11-15 12:54:00,048 [INFO] ApiDb:250 - Set database path to: C:\Users\ASUS\.stmcufinder\plugins\mcufinder//mcu/
2025-11-15 12:54:00,048 [WARN] DbFile:41 - Overriding database path with different value: C:\Users\ASUS\.stmcufinder\plugins\mcufinder/ => C:\Users\ASUS\.stmcufinder\plugins\mcufinder
2025-11-15 12:54:00,048 [INFO] DbMcusAds:125 - Set database path to: C:\Users\ASUS\.stmcufinder\plugins\mcufinder//mcu/
2025-11-15 12:54:00,048 [WARN] DbFile:41 - Overriding database path with different value: C:\Users\ASUS\.stmcufinder\plugins\mcufinder/ => C:\Users\ASUS\.stmcufinder\plugins\mcufinder
2025-11-15 12:54:00,048 [WARN] DbFile:41 - Overriding database path with different value: C:\Users\ASUS\.stmcufinder\plugins\mcufinder/ => C:\Users\ASUS\.stmcufinder\plugins\mcufinder
2025-11-15 12:54:00,048 [INFO] CrossReferenceDbSqlite:203 - Set database path to: C:\Users\ASUS\.stmcufinder\plugins\mcufinder//mcu/cs/
2025-11-15 12:54:00,140 [INFO] MainPanel:274 - HeapMemory: 268435456
2025-11-15 12:54:00,267 [INFO] DbMcusXml:78 - Set database path to: C:\ST\STM32CubeIDE_1.19.0\STM32CubeIDE\plugins\com.st.stm32cube.common.mx_6.15.0.202507011659\\db\/mcu/
2025-11-15 12:54:00,267 [INFO] ApiDb:274 - Set plugin database path to: C:\ST\STM32CubeIDE_1.19.0\STM32CubeIDE\plugins\com.st.stm32cube.common.mx_6.15.0.202507011659\\db\/plugins/boardmanager/
2025-11-15 12:54:00,267 [INFO] ApiDb:261 - Set plugin images path to: C:\ST\STM32CubeIDE_1.19.0\STM32CubeIDE\plugins\com.st.stm32cube.common.mx_6.15.0.202507011659\\db\/plugins/mcufinder/images/
2025-11-15 12:54:00,273 [WARN] DbFile:41 - Overriding database path with different value: C:\Users\ASUS\.stmcufinder\plugins\mcufinder/ => C:\Users\ASUS\.stmcufinder\plugins\mcufinder
2025-11-15 12:54:00,273 [INFO] ApiDb:250 - Set database path to: C:\Users\ASUS\.stmcufinder\plugins\mcufinder//mcu/
2025-11-15 12:54:00,273 [WARN] DbFile:41 - Overriding database path with different value: C:\Users\ASUS\.stmcufinder\plugins\mcufinder/ => C:\Users\ASUS\.stmcufinder\plugins\mcufinder
2025-11-15 12:54:00,273 [INFO] DbMcusAds:125 - Set database path to: C:\Users\ASUS\.stmcufinder\plugins\mcufinder//mcu/
2025-11-15 12:54:00,273 [WARN] DbFile:41 - Overriding database path with different value: C:\Users\ASUS\.stmcufinder\plugins\mcufinder/ => C:\Users\ASUS\.stmcufinder\plugins\mcufinder
2025-11-15 12:54:00,273 [WARN] DbFile:41 - Overriding database path with different value: C:\Users\ASUS\.stmcufinder\plugins\mcufinder/ => C:\Users\ASUS\.stmcufinder\plugins\mcufinder
2025-11-15 12:54:00,273 [INFO] CrossReferenceDbSqlite:203 - Set database path to: C:\Users\ASUS\.stmcufinder\plugins\mcufinder//mcu/cs/
2025-11-15 12:54:00,292 [INFO] ApplicationProperties:184 - Using Application install path: C:\ST\STM32CubeIDE_1.19.0\STM32CubeIDE\plugins\com.st.stm32cube.common.mx_6.15.0.202507011659
2025-11-15 12:54:00,294 [INFO] PluginManage:196 - Search for loadable plugins [exclusion list=, ]
2025-11-15 12:54:00,296 [INFO] PluginManage:310 - Check plugin analytics
2025-11-15 12:54:00,527 [INFO] AnalyticsPlugin:253 - Accepted Software Licenses: STM32CubeMX.6.12.1
2025-11-15 12:54:00,527 [INFO] AnalyticsPlugin:255 - Accepted CMSIS Pack Licenses: 
2025-11-15 12:54:00,527 [INFO] AnalyticsPlugin:257 - Accepted Firmware Licenses: 
2025-11-15 12:54:00,534 [INFO] PluginManage:359 - Loaded plugin analytics (category:tool,tabindex:-1)
2025-11-15 12:54:00,534 [INFO] PluginManage:310 - Check plugin cadmodel
2025-11-15 12:54:00,549 [INFO] CADModel:105 - Init CAD model plugin
2025-11-15 12:54:00,549 [INFO] PluginManage:359 - Loaded plugin cadmodel (category:power,tabindex:5)
2025-11-15 12:54:00,549 [INFO] PluginManage:310 - Check plugin clock
2025-11-15 12:54:00,581 [INFO] PluginManage:359 - Loaded plugin clock (category:base,tabindex:2)
2025-11-15 12:54:00,581 [INFO] PluginManage:310 - Check plugin ddr
2025-11-15 12:54:00,581 [INFO] PluginManage:359 - Loaded plugin ddr (category:tool,tabindex:6)
2025-11-15 12:54:00,581 [INFO] PluginManage:310 - Check plugin filemanager
2025-11-15 12:54:00,814 [INFO] PluginManage:359 - Loaded plugin filemanager (category:base,tabindex:10)
2025-11-15 12:54:00,815 [INFO] PluginManage:310 - Check plugin ipmanager
2025-11-15 12:54:00,826 [INFO] PluginManage:359 - Loaded plugin ipmanager (category:base,tabindex:5)
2025-11-15 12:54:00,827 [INFO] PluginManage:310 - Check plugin lpbam
2025-11-15 12:54:00,855 [INFO] PluginManage:359 - Loaded plugin lpbam (category:base,tabindex:0)
2025-11-15 12:54:00,855 [INFO] PluginManage:310 - Check plugin memorymap
2025-11-15 12:54:00,890 [INFO] PluginManage:359 - Loaded plugin memorymap (category:base,tabindex:4)
2025-11-15 12:54:00,890 [INFO] PluginManage:310 - Check plugin pinoutandconfiguration
2025-11-15 12:54:00,922 [INFO] PluginManage:359 - Loaded plugin pinoutandconfiguration (category:base,tabindex:1)
2025-11-15 12:54:00,923 [INFO] PluginManage:310 - Check plugin pinoutconfig
2025-11-15 12:54:01,075 [WARN] SupportedApi:132 - Cannot load RTOS API schema: s4s-elt-must-match.1: The content of 'definitions' must match (annotation?, (simpleType | complexType)?, (unique | key | keyref)*)). A problem was found starting at: attribute.
2025-11-15 12:54:01,223 [INFO] PluginManage:359 - Loaded plugin pinoutconfig (category:base,tabindex:0)
2025-11-15 12:54:01,223 [INFO] PluginManage:310 - Check plugin power
2025-11-15 12:54:01,254 [INFO] PluginManage:359 - Loaded plugin power (category:power,tabindex:4)
2025-11-15 12:54:01,254 [INFO] PluginManage:310 - Check plugin projectmanager
2025-11-15 12:54:01,270 [INFO] PluginManage:359 - Loaded plugin projectmanager (category:projectmanager,tabindex:4)
2025-11-15 12:54:01,270 [INFO] PluginManage:310 - Check plugin rif
2025-11-15 12:54:01,286 [INFO] PluginManage:359 - Loaded plugin rif (category:base,tabindex:3)
2025-11-15 12:54:01,286 [INFO] PluginManage:310 - Check plugin thirdparty
2025-11-15 12:54:01,602 [INFO] PluginManage:359 - Loaded plugin thirdparty (category:base,tabindex:-1)
2025-11-15 12:54:01,602 [WARN] IntegrityCheckThread:84 - waiting for thirdparty lock release [integrity check]
2025-11-15 12:54:01,602 [INFO] IntegrityCheckThread:86 - entering critical section [integrity check]
2025-11-15 12:54:01,602 [INFO] PluginManage:310 - Check plugin tools
2025-11-15 12:54:01,602 [INFO] ThirdPartyUpdaterWithRetryManager:70 - Updater plugin not ready yet. [1/15]
2025-11-15 12:54:01,660 [INFO] PluginManage:359 - Loaded plugin tools (category:base,tabindex:7)
2025-11-15 12:54:01,660 [INFO] PluginManage:310 - Check plugin tutovideos
2025-11-15 12:54:01,903 [INFO] PluginManage:359 - Loaded plugin tutovideos (category:base,tabindex:-1)
2025-11-15 12:54:01,903 [INFO] PluginManage:310 - Check plugin updater
2025-11-15 12:54:01,926 [INFO] PluginManage:359 - Loaded plugin updater (category:base,tabindex:12)
2025-11-15 12:54:01,926 [INFO] PluginManage:310 - Check plugin userauth
2025-11-15 12:54:01,931 [INFO] UserAuth:118 - Init User Auth plugin
2025-11-15 12:54:01,932 [INFO] PluginManage:359 - Loaded plugin userauth (category:base,tabindex:14)
2025-11-15 12:54:01,933 [INFO] PluginManage:283 - PluginManage : Loaded plugins [18]
2025-11-15 12:54:02,130 [INFO] PinOutPanel:1589 - setPackage(No Configuration,No Configuration)
2025-11-15 12:54:02,212 [INFO] CADModel:165 - CPN selected for project level
2025-11-15 12:54:02,212 [INFO] CADModel:114 - Register for checkConnection events
2025-11-15 12:54:02,238 [INFO] IPUIPlugin:80 - create IPUIPlugin
2025-11-15 12:54:02,238 [INFO] PluginManager:220 - loadIPPluginJar : add adc
2025-11-15 12:54:02,286 [INFO] IPUIPlugin:80 - create IPUIPlugin
2025-11-15 12:54:02,286 [INFO] PluginManager:220 - loadIPPluginJar : add aes
2025-11-15 12:54:02,342 [INFO] IPUIPlugin:80 - create IPUIPlugin
2025-11-15 12:54:02,342 [INFO] PluginManager:220 - loadIPPluginJar : add can
2025-11-15 12:54:02,378 [INFO] IPUIPlugin:80 - create IPUIPlugin
2025-11-15 12:54:02,378 [INFO] PluginManager:220 - loadIPPluginJar : add comp
2025-11-15 12:54:02,426 [INFO] IPUIPlugin:80 - create IPUIPlugin
2025-11-15 12:54:02,427 [INFO] PluginManager:220 - loadIPPluginJar : add cryp
2025-11-15 12:54:02,440 [INFO] IPUIPlugin:80 - create IPUIPlugin
2025-11-15 12:54:02,440 [INFO] PluginManager:220 - loadIPPluginJar : add ddr_ctrl_phy
2025-11-15 12:54:02,480 [INFO] IPUIPlugin:80 - create IPUIPlugin
2025-11-15 12:54:02,480 [INFO] PluginManager:220 - loadIPPluginJar : add dfsdm
2025-11-15 12:54:02,503 [INFO] IPUIPlugin:80 - create IPUIPlugin
2025-11-15 12:54:02,503 [INFO] PluginManager:220 - loadIPPluginJar : add dma
2025-11-15 12:54:02,541 [INFO] IPUIPlugin:80 - create IPUIPlugin
2025-11-15 12:54:02,541 [INFO] PluginManager:220 - loadIPPluginJar : add dma3
2025-11-15 12:54:02,623 [INFO] IPUIPlugin:80 - create IPUIPlugin
2025-11-15 12:54:02,623 [INFO] PluginManager:220 - loadIPPluginJar : add extmemmanager
2025-11-15 12:54:02,656 [INFO] IPUIPlugin:80 - create IPUIPlugin
2025-11-15 12:54:02,656 [INFO] PluginManager:220 - loadIPPluginJar : add fatfs
2025-11-15 12:54:02,718 [INFO] IPUIPlugin:80 - create IPUIPlugin
2025-11-15 12:54:02,718 [INFO] PluginManager:220 - loadIPPluginJar : add fmc
2025-11-15 12:54:02,736 [INFO] IPUIPlugin:80 - create IPUIPlugin
2025-11-15 12:54:02,736 [INFO] PluginManager:220 - loadIPPluginJar : add freertos
2025-11-15 12:54:02,770 [INFO] IPUIPlugin:80 - create IPUIPlugin
2025-11-15 12:54:02,770 [INFO] PluginManager:220 - loadIPPluginJar : add genericplugin
2025-11-15 12:54:02,885 [INFO] IPUIPlugin:80 - create IPUIPlugin
2025-11-15 12:54:02,885 [INFO] PluginManager:220 - loadIPPluginJar : add gfxmmu
2025-11-15 12:54:03,051 [INFO] IPUIPlugin:80 - create IPUIPlugin
2025-11-15 12:54:03,051 [INFO] PluginManager:220 - loadIPPluginJar : add gic
2025-11-15 12:54:03,067 [INFO] IPUIPlugin:80 - create IPUIPlugin
2025-11-15 12:54:03,067 [INFO] PluginManager:220 - loadIPPluginJar : add gpio
2025-11-15 12:54:03,190 [INFO] IPUIPlugin:80 - create IPUIPlugin
2025-11-15 12:54:03,190 [INFO] PluginManager:220 - loadIPPluginJar : add gtzc
2025-11-15 12:54:03,257 [INFO] IPUIPlugin:80 - create IPUIPlugin
2025-11-15 12:54:03,257 [INFO] PluginManager:220 - loadIPPluginJar : add hash
2025-11-15 12:54:03,351 [INFO] IPUIPlugin:80 - create IPUIPlugin
2025-11-15 12:54:03,351 [INFO] PluginManager:220 - loadIPPluginJar : add i2c
2025-11-15 12:54:03,395 [INFO] IPUIPlugin:80 - create IPUIPlugin
2025-11-15 12:54:03,395 [INFO] PluginManager:220 - loadIPPluginJar : add i2s
2025-11-15 12:54:03,458 [INFO] IPUIPlugin:80 - create IPUIPlugin
2025-11-15 12:54:03,458 [INFO] PluginManager:220 - loadIPPluginJar : add i3c
2025-11-15 12:54:03,570 [INFO] IPUIPlugin:80 - create IPUIPlugin
2025-11-15 12:54:03,570 [INFO] PluginManager:220 - loadIPPluginJar : add ipddr
2025-11-15 12:54:03,671 [INFO] IPUIPlugin:80 - create IPUIPlugin
2025-11-15 12:54:03,672 [INFO] PluginManager:220 - loadIPPluginJar : add linkedlist
2025-11-15 12:54:03,712 [INFO] IPUIPlugin:80 - create IPUIPlugin
2025-11-15 12:54:03,712 [INFO] PluginManager:220 - loadIPPluginJar : add lorawan
2025-11-15 12:54:03,771 [INFO] IPUIPlugin:80 - create IPUIPlugin
2025-11-15 12:54:03,772 [INFO] PluginManager:220 - loadIPPluginJar : add ltdc
2025-11-15 12:54:03,790 [INFO] IPUIPlugin:80 - create IPUIPlugin
2025-11-15 12:54:03,790 [INFO] PluginManager:220 - loadIPPluginJar : add mdma
2025-11-15 12:54:03,810 [INFO] IPUIPlugin:80 - create IPUIPlugin
2025-11-15 12:54:03,810 [INFO] PluginManager:220 - loadIPPluginJar : add nvic
2025-11-15 12:54:03,868 [INFO] IPUIPlugin:80 - create IPUIPlugin
2025-11-15 12:54:03,868 [INFO] PluginManager:220 - loadIPPluginJar : add opamp
2025-11-15 12:54:03,950 [INFO] IPUIPlugin:80 - create IPUIPlugin
2025-11-15 12:54:03,950 [INFO] PluginManager:220 - loadIPPluginJar : add openamp
2025-11-15 12:54:04,002 [INFO] IPUIPlugin:80 - create IPUIPlugin
2025-11-15 12:54:04,003 [INFO] PluginManager:220 - loadIPPluginJar : add pdm2pcm
2025-11-15 12:54:04,021 [INFO] IPUIPlugin:80 - create IPUIPlugin
2025-11-15 12:54:04,024 [INFO] PluginManager:220 - loadIPPluginJar : add plateformsettings
2025-11-15 12:54:04,055 [INFO] IPUIPlugin:80 - create IPUIPlugin
2025-11-15 12:54:04,055 [INFO] PluginManager:220 - loadIPPluginJar : add quadspi
2025-11-15 12:54:04,089 [INFO] IPUIPlugin:80 - create IPUIPlugin
2025-11-15 12:54:04,089 [INFO] PluginManager:220 - loadIPPluginJar : add radio
2025-11-15 12:54:04,105 [INFO] IPUIPlugin:80 - create IPUIPlugin
2025-11-15 12:54:04,105 [INFO] PluginManager:220 - loadIPPluginJar : add resmgrutility
2025-11-15 12:54:04,161 [INFO] IPUIPlugin:80 - create IPUIPlugin
2025-11-15 12:54:04,161 [INFO] PluginManager:220 - loadIPPluginJar : add sai
2025-11-15 12:54:04,205 [INFO] IPUIPlugin:80 - create IPUIPlugin
2025-11-15 12:54:04,205 [INFO] PluginManager:220 - loadIPPluginJar : add spi
2025-11-15 12:54:04,292 [INFO] IPUIPlugin:80 - create IPUIPlugin
2025-11-15 12:54:04,292 [INFO] PluginManager:220 - loadIPPluginJar : add stm32_wpan
2025-11-15 12:54:04,325 [INFO] IPUIPlugin:80 - create IPUIPlugin
2025-11-15 12:54:04,325 [INFO] PluginManager:220 - loadIPPluginJar : add tim
2025-11-15 12:54:04,397 [INFO] IPUIPlugin:80 - create IPUIPlugin
2025-11-15 12:54:04,397 [INFO] PluginManager:220 - loadIPPluginJar : add touchsensing
2025-11-15 12:54:04,426 [INFO] IPUIPlugin:80 - create IPUIPlugin
2025-11-15 12:54:04,426 [INFO] PluginManager:220 - loadIPPluginJar : add tracer_emb
2025-11-15 12:54:04,455 [INFO] IPUIPlugin:80 - create IPUIPlugin
2025-11-15 12:54:04,455 [INFO] PluginManager:220 - loadIPPluginJar : add ts
2025-11-15 12:54:04,484 [INFO] IPUIPlugin:80 - create IPUIPlugin
2025-11-15 12:54:04,484 [INFO] PluginManager:220 - loadIPPluginJar : add tsc
2025-11-15 12:54:04,511 [INFO] IPUIPlugin:80 - create IPUIPlugin
2025-11-15 12:54:04,511 [INFO] PluginManager:220 - loadIPPluginJar : add ucpd
2025-11-15 12:54:04,563 [INFO] IPUIPlugin:80 - create IPUIPlugin
2025-11-15 12:54:04,563 [INFO] PluginManager:220 - loadIPPluginJar : add usart
2025-11-15 12:54:04,612 [INFO] IPUIPlugin:80 - create IPUIPlugin
2025-11-15 12:54:04,612 [INFO] PluginManager:220 - loadIPPluginJar : add usbx
2025-11-15 12:54:04,614 [INFO] ThirdPartyUpdaterWithRetryManager:70 - Updater plugin not ready yet. [2/15]
2025-11-15 12:54:04,733 [FATAL] Updater:351 - Updater called before beeing initialized
2025-11-15 12:54:04,754 [INFO] RulesReader:64 - Compatibility file has been processed (317 Rules)
2025-11-15 12:54:04,765 [INFO] RulesReader:64 - Compatibility file has been processed (317 Rules)
2025-11-15 12:54:04,772 [INFO] CADModel:165 - CPN selected for project level
2025-11-15 12:54:04,772 [INFO] CADModel:114 - Register for checkConnection events
2025-11-15 12:54:04,772 [FATAL] Updater:351 - Updater called before beeing initialized
2025-11-15 12:54:04,772 [ERROR] CADModel:125 - Updater not yet initialized, retry later 
2025-11-15 12:54:04,909 [FATAL] Updater:351 - Updater called before beeing initialized
2025-11-15 12:54:04,912 [INFO] CADModel:165 - CPN selected for project level
2025-11-15 12:54:04,912 [INFO] CADModel:114 - Register for checkConnection events
2025-11-15 12:54:04,912 [FATAL] Updater:351 - Updater called before beeing initialized
2025-11-15 12:54:04,912 [ERROR] CADModel:125 - Updater not yet initialized, retry later 
2025-11-15 12:54:04,915 [FATAL] Updater:351 - Updater called before beeing initialized
2025-11-15 12:54:05,009 [FATAL] Updater:351 - Updater called before beeing initialized
2025-11-15 12:54:05,019 [INFO] DbMcusAds:53 - JSON generation date=Thu Oct 02 16:36:05 ICT 2025 (1759397765645)
2025-11-15 12:54:05,020 [FATAL] Updater:351 - Updater called before beeing initialized
2025-11-15 12:54:05,056 [WARN] DetailPanel:346 - Failed to get advertising image, set to default
2025-11-15 12:54:05,145 [FATAL] Updater:351 - Updater called before beeing initialized
2025-11-15 12:54:05,147 [FATAL] Updater:351 - Updater called before beeing initialized
2025-11-15 12:54:05,147 [FATAL] Updater:351 - Updater called before beeing initialized
2025-11-15 12:54:05,147 [WARN] DetailPanel:346 - Failed to get advertising image, set to default
2025-11-15 12:54:05,148 [FATAL] Updater:351 - Updater called before beeing initialized
2025-11-15 12:54:05,210 [ERROR] Updater:1198 - MainUpdater not yet initialized. External WinMGr cannot be set.
2025-11-15 12:54:05,226 [INFO] Updater:1134 - Updater Version found : 6.15.0
2025-11-15 12:54:05,248 [INFO] ApplicationProperties:184 - Using Application install path: C:\ST\STM32CubeIDE_1.19.0\STM32CubeIDE\plugins\com.st.stm32cube.common.mx_6.15.0.202507011659
2025-11-15 12:54:06,833 [ERROR] LogOutputStream:75 - [STDERR_REDIRECT] Nov 15, 2025 12:54:06 PM java.util.prefs.WindowsPreferences <init>
2025-11-15 12:54:06,834 [ERROR] LogOutputStream:75 - [STDERR_REDIRECT] WARNING: Could not open/create prefs root node Software\JavaSoft\Prefs at root 0xffffffff80000002. Windows RegCreateKeyEx(...) returned error code 5.
2025-11-15 12:54:06,834 [ERROR] LogOutputStream:75 - [STDERR_REDIRECT] 
2025-11-15 12:54:07,218 [INFO] MainUpdater:2872 - connection check result : 10
2025-11-15 12:54:07,219 [INFO] MainUpdater:289 - Updater Check For Update Now.
2025-11-15 12:54:07,219 [INFO] MicroXplorer:498 - Change Database Version : DB.6.0.150
2025-11-15 12:54:07,241 [INFO] McuFinderGlobals:63 - Set McuFinder mode to 2 (CubeIDE integrated)
2025-11-15 12:54:07,242 [INFO] UserAuth:171 - activating auth plugin
2025-11-15 12:54:07,254 [INFO] UserAuth:487 - Internet connection configuration mode: 1
2025-11-15 12:54:07,317 [INFO] JxBrowserEngine:152 - Initiate JxBrowser Engine with user profile folder
2025-11-15 12:54:07,633 [WARN] MainUpdater:1193 - Updater busy. Cannot search thirdparties
2025-11-15 12:54:07,633 [INFO] ThirdPartyUpdaterWithRetryManager:96 - Updater plugin is busy. [1/15]
2025-11-15 12:54:07,652 [INFO] CheckServerUpdateThread:120 - End of CheckServer Thread
2025-11-15 12:54:09,952 [INFO] WebApp:169 - Instantiating new browser for Auth
2025-11-15 12:54:11,773 [INFO] WebApp:463 - Apply proxy settings
2025-11-15 12:54:11,773 [INFO] WebApp:548 - Chromium requires no authentication
2025-11-15 12:54:11,900 [INFO] WebApp:491 - Direct internet connection detected
2025-11-15 12:54:12,269 [INFO] WebApp:900 - Register for checkConnection events
2025-11-15 12:54:12,270 [INFO] WebApp:463 - Apply proxy settings
2025-11-15 12:54:12,270 [INFO] WebApp:548 - Chromium requires no authentication
2025-11-15 12:54:12,271 [INFO] WebApp:491 - Direct internet connection detected
2025-11-15 12:54:12,313 [INFO] WebApp:191 - Connection restablished
2025-11-15 12:54:12,509 [WARN] PackLoader:240 - Cannot read IP mode file for STMicroelectronics.FP-SNS-MOTENVWB1.1.4.0
2025-11-15 12:54:12,639 [WARN] PackLoader:240 - Cannot read IP mode file for STMicroelectronics.FP-ATR-ASTRA1.2.0.2
2025-11-15 12:54:12,777 [WARN] PackLoader:240 - Cannot read IP mode file for STMicroelectronics.X-CUBE-SMBUS.2.1.0
2025-11-15 12:54:12,886 [WARN] PackLoader:240 - Cannot read IP mode file for STMicroelectronics.X-CUBE-ST60.1.0.0
2025-11-15 12:54:13,121 [WARN] PackLoader:240 - Cannot read IP mode file for STMicroelectronics.X-CUBE-AZRTOS-F7.1.1.0
2025-11-15 12:54:13,192 [WARN] PackLoader:240 - Cannot read IP mode file for Cesanta.I-CUBE-Mongoose.7.19.0
2025-11-15 12:54:13,253 [WARN] PackLoader:240 - Cannot read IP mode file for STMicroelectronics.FP-SNS-MOTENV1.5.1.0
2025-11-15 12:54:13,311 [WARN] PackLoader:240 - Cannot read IP mode file for WES.I-CUBE-Cesium.1.4.0
2025-11-15 12:54:13,419 [WARN] PackLoader:240 - Cannot read IP mode file for Infineon.AIROC-Wi-Fi-Bluetooth-STM32.1.7.1
2025-11-15 12:54:13,442 [INFO] WebApp:225 - Starting web application
2025-11-15 12:54:13,442 [INFO] WebApp:593 - Web application path used C:\ST\STM32CubeIDE_1.19.0\STM32CubeIDE\plugins\com.st.stm32cube.common.mx_6.15.0.202507011659\db\plugins\mcufinder\reactClient1\index.html
2025-11-15 12:54:13,577 [WARN] PackLoader:240 - Cannot read IP mode file for STMicroelectronics.X-CUBE-AZRTOS-H7.3.4.0
2025-11-15 12:54:13,638 [WARN] PackLoader:240 - Cannot read IP mode file for STMicroelectronics.X-CUBE-DISPLAY.3.0.0
2025-11-15 12:54:13,730 [WARN] PackLoader:240 - Cannot read IP mode file for STMicroelectronics.X-CUBE-NFC10.1.0.0
2025-11-15 12:54:13,816 [WARN] PackLoader:240 - Cannot read IP mode file for STMicroelectronics.X-CUBE-ST60.1.1.0
2025-11-15 12:54:13,968 [WARN] PackLoader:240 - Cannot read IP mode file for emotas.I-CUBE-CANOPEN.1.3.0
2025-11-15 12:54:14,087 [WARN] PackLoader:240 - Cannot read IP mode file for STMicroelectronics.X-CUBE-GNSS1.7.1.0
2025-11-15 12:54:14,192 [WARN] PackLoader:240 - Cannot read IP mode file for STMicroelectronics.FP-SNS-STBOX1.2.1.0
2025-11-15 12:54:14,288 [WARN] PackLoader:240 - Cannot read IP mode file for STMicroelectronics.FP-SNS-SMARTAG2.1.2.0
2025-11-15 12:54:14,365 [WARN] PackLoader:240 - Cannot read IP mode file for STMicroelectronics.FP-SNS-FLIGHT1.5.1.0
2025-11-15 12:54:14,469 [INFO] LogOutputStream:77 - [STDOUT_REDIRECT] 1 : Invalid condition id : UX_CORESTACK_Condition cause : null
2025-11-15 12:54:14,470 [INFO] LogOutputStream:77 - [STDOUT_REDIRECT] 1 : Invalid condition id : UX_CORESTACK_Condition cause : null
2025-11-15 12:54:14,476 [INFO] LogOutputStream:77 - [STDOUT_REDIRECT] 1 : Invalid condition id : UX_CORESTACK_Condition cause : null
2025-11-15 12:54:14,482 [INFO] LogOutputStream:77 - [STDOUT_REDIRECT] 1 : Invalid condition id : UX_CORESTACK_Condition cause : null
2025-11-15 12:54:14,496 [INFO] LogOutputStream:77 - [STDOUT_REDIRECT] 1 : Invalid condition id : UX_CORESTACK_Condition cause : null
2025-11-15 12:54:14,558 [WARN] PackLoader:240 - Cannot read IP mode file for STMicroelectronics.X-CUBE-AZRTOS-WL.2.0.0
2025-11-15 12:54:14,876 [WARN] PackLoader:240 - Cannot read IP mode file for STMicroelectronics.FP-SNS-MOTENV1.5.0.0
2025-11-15 12:54:15,115 [WARN] PackLoader:240 - Cannot read IP mode file for STMicroelectronics.X-CUBE-BLE2.3.3.0
2025-11-15 12:54:15,384 [WARN] PackLoader:240 - Cannot read IP mode file for STMicroelectronics.X-CUBE-NFC9.1.0.0
2025-11-15 12:54:15,491 [WARN] PackLoader:240 - Cannot read IP mode file for wolfSSL.I-CUBE-wolfSSL.5.8.2
2025-11-15 12:54:15,745 [WARN] PackLoader:240 - Cannot read IP mode file for STMicroelectronics.X-CUBE-BLE1.7.1.0
2025-11-15 12:54:16,008 [WARN] PackLoader:240 - Cannot read IP mode file for wolfSSL.I-CUBE-wolfMQTT.1.19.2
2025-11-15 12:54:16,100 [WARN] PackLoader:240 - Cannot read IP mode file for STMicroelectronics.X-CUBE-EEPRMA1.5.2.0
2025-11-15 12:54:16,210 [WARN] PackLoader:240 - Cannot read IP mode file for STMicroelectronics.X-CUBE-ST67W61.1.1.0
2025-11-15 12:54:16,345 [WARN] PackLoader:240 - Cannot read IP mode file for STMicroelectronics.X-CUBE-AZRTOS-G0.1.1.0
2025-11-15 12:54:16,404 [WARN] PackLoader:240 - Cannot read IP mode file for STMicroelectronics.X-CUBE-SAFEA1.1.2.2
2025-11-15 12:54:16,459 [WARN] PackLoader:240 - Cannot read IP mode file for STMicroelectronics.X-CUBE-NFC4.3.0.0
2025-11-15 12:54:16,509 [WARN] PackLoader:240 - Cannot read IP mode file for EmbeddedOffice.I-CUBE-FS-RTOS.1.0.1
2025-11-15 12:54:16,538 [WARN] PackLoader:240 - Cannot read IP mode file for STMicroelectronics.X-CUBE-WB05N.2.0.0
2025-11-15 12:54:16,562 [WARN] PackLoader:240 - Cannot read IP mode file for wolfSSL.I-CUBE-wolfTPM.3.8.0
2025-11-15 12:54:16,587 [WARN] PackLoader:240 - Cannot read IP mode file for STMicroelectronics.X-CUBE-TCPP.4.2.0
2025-11-15 12:54:16,624 [WARN] PackLoader:240 - Cannot read IP mode file for RealThread.X-CUBE-RT-Thread_Nano.4.1.1
2025-11-15 12:54:16,651 [WARN] PackLoader:240 - Cannot read IP mode file for STMicroelectronics.FP-ATR-SIGFOX1.3.2.0
2025-11-15 12:54:16,678 [WARN] PackLoader:240 - Cannot read IP mode file for ITTIA_DB.I-CUBE-ITTIADB.8.9.0
2025-11-15 12:54:16,720 [WARN] PackLoader:240 - Cannot read IP mode file for STMicroelectronics.X-CUBE-ST67W61.1.0.0
2025-11-15 12:54:16,742 [WARN] PackLoader:240 - Cannot read IP mode file for STMicroelectronics.X-CUBE-AI.10.2.0
2025-11-15 12:54:16,797 [WARN] PackLoader:240 - Cannot read IP mode file for SEGGER.I-CUBE-embOS.1.3.1
2025-11-15 12:54:16,874 [WARN] PackLoader:240 - Cannot read IP mode file for STMicroelectronics.X-CUBE-ALGOBUILD.1.4.0
2025-11-15 12:54:16,997 [WARN] PackLoader:240 - Cannot read IP mode file for STMicroelectronics.X-CUBE-MEMS1.11.3.0
2025-11-15 12:54:17,287 [WARN] PackLoader:240 - Cannot read IP mode file for STMicroelectronics.X-CUBE-PM33A1.1.0.0
2025-11-15 12:54:17,331 [WARN] PackLoader:240 - Cannot read IP mode file for STMicroelectronics.X-CUBE-AZRTOS-F4.1.1.0
2025-11-15 12:54:17,361 [WARN] PackLoader:240 - Cannot read IP mode file for STMicroelectronics.X-CUBE-ISPU.2.1.0
2025-11-15 12:54:17,401 [WARN] PackLoader:240 - Cannot read IP mode file for STMicroelectronics.X-CUBE-IPS.3.2.0
2025-11-15 12:54:17,442 [WARN] PackLoader:240 - Cannot read IP mode file for STMicroelectronics.X-CUBE-NFC12.1.0.0
2025-11-15 12:54:17,485 [WARN] PackLoader:240 - Cannot read IP mode file for STMicroelectronics.X-CUBE-AZRTOS-L5.2.0.0
2025-11-15 12:54:17,510 [WARN] PackLoader:240 - Cannot read IP mode file for STMicroelectronics.X-CUBE-NFC6.3.1.0
2025-11-15 12:54:17,533 [WARN] PackLoader:240 - Cannot read IP mode file for STMicroelectronics.X-CUBE-FREERTOS.1.3.1
2025-11-15 12:54:17,561 [WARN] PackLoader:240 - Cannot read IP mode file for STMicroelectronics.X-CUBE-TOUCHGFX.4.26.0
2025-11-15 12:54:17,582 [WARN] PackLoader:240 - Cannot read IP mode file for STMicroelectronics.FP-SNS-STAIOTCFT.1.0.0
2025-11-15 12:54:17,608 [WARN] PackLoader:240 - Cannot read IP mode file for STMicroelectronics.X-CUBE-DPower.1.3.0
2025-11-15 12:54:17,649 [WARN] ConditionMgr:438 - getConditionDescription Invalid condition id : LAN8742 Phy interface Condition cause : null
2025-11-15 12:54:17,650 [WARN] PackLoader:240 - Cannot read IP mode file for STMicroelectronics.X-CUBE-AZRTOS-L4.2.0.0
2025-11-15 12:54:17,652 [WARN] ConditionMgr:1044 - genDependencies : Invalid condition id : LAN8742 Phy interface Condition cause : null
2025-11-15 12:54:17,652 [WARN] ConditionMgr:1044 - genDependencies : Invalid condition id : LAN8742 Phy interface Condition cause : null
2025-11-15 12:54:17,653 [WARN] ConditionMgr:1044 - genDependencies : Invalid condition id : LAN8742 Phy interface Condition cause : null
2025-11-15 12:54:17,684 [WARN] PackLoader:240 - Cannot read IP mode file for STMicroelectronics.X-CUBE-SFXS2LP1.4.0.0
2025-11-15 12:54:17,748 [WARN] PackLoader:240 - Cannot read IP mode file for STMicroelectronics.X-CUBE-BLEMGR.4.1.0
2025-11-15 12:54:17,837 [WARN] ConditionMgr:438 - getConditionDescription Invalid condition id : UX DEVICE CLASS RTOS Condition cause : null
2025-11-15 12:54:17,837 [WARN] ConditionMgr:438 - getConditionDescription Invalid condition id : UX DEVICE CLASS RTOS Condition cause : null
2025-11-15 12:54:17,842 [WARN] PackLoader:240 - Cannot read IP mode file for STMicroelectronics.X-CUBE-AZRTOS-WB.2.0.0
2025-11-15 12:54:17,864 [WARN] ConditionMgr:1044 - genDependencies : Invalid condition id : UX DEVICE CLASS RTOS Condition cause : null
2025-11-15 12:54:17,865 [WARN] ConditionMgr:1044 - genDependencies : Invalid condition id : UX DEVICE CLASS RTOS Condition cause : null
2025-11-15 12:54:17,865 [WARN] ConditionMgr:1044 - genDependencies : Invalid condition id : UX DEVICE CLASS RTOS Condition cause : null
2025-11-15 12:54:17,866 [WARN] ConditionMgr:1044 - genDependencies : Invalid condition id : UX DEVICE CLASS RTOS Condition cause : null
2025-11-15 12:54:17,866 [WARN] ConditionMgr:1044 - genDependencies : Invalid condition id : UX DEVICE CLASS RTOS Condition cause : null
2025-11-15 12:54:17,927 [WARN] PackLoader:240 - Cannot read IP mode file for STMicroelectronics.X-CUBE-GNSS1.7.0.1
2025-11-15 12:54:17,969 [WARN] ConditionMgr:438 - getConditionDescription Invalid condition id : Cortex-A Device cause : null
2025-11-15 12:54:18,004 [WARN] ConditionMgr:1044 - genDependencies : Invalid condition id : Cortex-A Device cause : null
2025-11-15 12:54:18,004 [WARN] ConditionMgr:1044 - genDependencies : Invalid condition id : Cortex-A Device cause : null
2025-11-15 12:54:18,005 [WARN] ConditionMgr:1044 - genDependencies : Invalid condition id : Cortex-A Device cause : null
2025-11-15 12:54:18,054 [WARN] PackLoader:240 - Cannot read IP mode file for STMicroelectronics.X-CUBE-SUBG2.5.0.0
2025-11-15 12:54:18,101 [WARN] PackLoader:240 - Cannot read IP mode file for STMicroelectronics.X-CUBE-AZRTOS-H7RS.1.1.0
2025-11-15 12:54:18,138 [WARN] PackLoader:240 - Cannot read IP mode file for STMicroelectronics.X-CUBE-AZRTOS-G4.2.0.0
2025-11-15 12:54:18,162 [WARN] PackLoader:240 - Cannot read IP mode file for wolfSSL.I-CUBE-wolfSSH.1.4.20
2025-11-15 12:54:18,182 [WARN] PackLoader:240 - Cannot read IP mode file for STMicroelectronics.X-CUBE-NFC7.2.0.0
2025-11-15 12:54:18,206 [WARN] PackLoader:240 - Cannot read IP mode file for STMicroelectronics.X-CUBE-IPS.3.1.0
2025-11-15 12:54:18,236 [WARN] PackLoader:240 - Cannot read IP mode file for STMicroelectronics.X-CUBE-ALS.1.0.2
2025-11-15 12:54:18,263 [WARN] PackLoader:240 - Cannot read IP mode file for STMicroelectronics.X-CUBE-STSE01.1.0.0
2025-11-15 12:54:18,302 [WARN] PackLoader:240 - Cannot read IP mode file for STMicroelectronics.X-CUBE-TOF1.3.4.3
2025-11-15 12:54:18,315 [INFO] ThirdParty:978 - Integrity check success = true
2025-11-15 12:54:18,315 [INFO] IntegrityCheckThread:100 - exiting critical section [integrity check]
2025-11-15 12:54:18,315 [INFO] IntegrityCheckThread:103 - End integrity checks thread
2025-11-15 13:31:00,687 [INFO] WebApp:403 - JxBrowser engine has been closed 
2025-11-15 13:33:03,124 [INFO] Activator:176 - 


2025-11-15 13:33:03,126 [INFO] Activator:177 - !SESSION log4j initialized
2025-11-15 13:33:12,327 [INFO] LogOutputStream:77 - [STDOUT_REDIRECT] 
2025-11-15 13:33:13,947 [INFO] ApplicationProperties:184 - Using Application install path: C:\ST\STM32CubeIDE_1.19.0\STM32CubeIDE\plugins\com.st.stm32cube.common.mx_6.15.0.202507011659
2025-11-15 13:33:13,982 [INFO] DbMcusXml:78 - Set database path to: C:\ST\STM32CubeIDE_1.19.0\STM32CubeIDE\plugins\com.st.stm32cube.common.mx_6.15.0.202507011659\\db\/mcu/
2025-11-15 13:33:13,982 [INFO] ApiDb:274 - Set plugin database path to: C:\ST\STM32CubeIDE_1.19.0\STM32CubeIDE\plugins\com.st.stm32cube.common.mx_6.15.0.202507011659\\db\/plugins/boardmanager/
2025-11-15 13:33:13,982 [WARN] ApiDb:259 - Overriding images path with different value:  => C:\ST\STM32CubeIDE_1.19.0\STM32CubeIDE\plugins\com.st.stm32cube.common.mx_6.15.0.202507011659\\db\/plugins/mcufinder/images/
2025-11-15 13:33:14,003 [INFO] ApiDb:250 - Set database path to: C:\Users\ASUS\.stmcufinder\plugins\mcufinder//mcu/
2025-11-15 13:33:14,003 [INFO] DbMcusAds:125 - Set database path to: C:\Users\ASUS\.stmcufinder\plugins\mcufinder//mcu/
2025-11-15 13:33:14,007 [INFO] CrossReferenceDbSqlite:203 - Set database path to: C:\Users\ASUS\.stmcufinder\plugins\mcufinder//mcu/cs/
2025-11-15 13:33:14,158 [INFO] RulesReader:64 - Compatibility file has been processed (317 Rules)
2025-11-15 13:33:14,266 [INFO] DbMcusXml:78 - Set database path to: C:\ST\STM32CubeIDE_1.19.0\STM32CubeIDE\plugins\com.st.stm32cube.common.mx_6.15.0.202507011659\\db\/mcu/
2025-11-15 13:33:14,266 [INFO] ApiDb:274 - Set plugin database path to: C:\ST\STM32CubeIDE_1.19.0\STM32CubeIDE\plugins\com.st.stm32cube.common.mx_6.15.0.202507011659\\db\/plugins/boardmanager/
2025-11-15 13:33:14,266 [INFO] ApiDb:261 - Set plugin images path to: C:\ST\STM32CubeIDE_1.19.0\STM32CubeIDE\plugins\com.st.stm32cube.common.mx_6.15.0.202507011659\\db\/plugins/mcufinder/images/
2025-11-15 13:33:14,266 [WARN] DbFile:41 - Overriding database path with different value: C:\Users\ASUS\.stmcufinder\plugins\mcufinder/ => C:\Users\ASUS\.stmcufinder\plugins\mcufinder
2025-11-15 13:33:14,266 [INFO] ApiDb:250 - Set database path to: C:\Users\ASUS\.stmcufinder\plugins\mcufinder//mcu/
2025-11-15 13:33:14,266 [WARN] DbFile:41 - Overriding database path with different value: C:\Users\ASUS\.stmcufinder\plugins\mcufinder/ => C:\Users\ASUS\.stmcufinder\plugins\mcufinder
2025-11-15 13:33:14,266 [INFO] DbMcusAds:125 - Set database path to: C:\Users\ASUS\.stmcufinder\plugins\mcufinder//mcu/
2025-11-15 13:33:14,266 [WARN] DbFile:41 - Overriding database path with different value: C:\Users\ASUS\.stmcufinder\plugins\mcufinder/ => C:\Users\ASUS\.stmcufinder\plugins\mcufinder
2025-11-15 13:33:14,266 [WARN] DbFile:41 - Overriding database path with different value: C:\Users\ASUS\.stmcufinder\plugins\mcufinder/ => C:\Users\ASUS\.stmcufinder\plugins\mcufinder
2025-11-15 13:33:14,266 [INFO] CrossReferenceDbSqlite:203 - Set database path to: C:\Users\ASUS\.stmcufinder\plugins\mcufinder//mcu/cs/
2025-11-15 13:33:14,362 [INFO] MainPanel:274 - HeapMemory: 268435456
2025-11-15 13:33:14,489 [INFO] DbMcusXml:78 - Set database path to: C:\ST\STM32CubeIDE_1.19.0\STM32CubeIDE\plugins\com.st.stm32cube.common.mx_6.15.0.202507011659\\db\/mcu/
2025-11-15 13:33:14,489 [INFO] ApiDb:274 - Set plugin database path to: C:\ST\STM32CubeIDE_1.19.0\STM32CubeIDE\plugins\com.st.stm32cube.common.mx_6.15.0.202507011659\\db\/plugins/boardmanager/
2025-11-15 13:33:14,489 [INFO] ApiDb:261 - Set plugin images path to: C:\ST\STM32CubeIDE_1.19.0\STM32CubeIDE\plugins\com.st.stm32cube.common.mx_6.15.0.202507011659\\db\/plugins/mcufinder/images/
2025-11-15 13:33:14,489 [WARN] DbFile:41 - Overriding database path with different value: C:\Users\ASUS\.stmcufinder\plugins\mcufinder/ => C:\Users\ASUS\.stmcufinder\plugins\mcufinder
2025-11-15 13:33:14,489 [INFO] ApiDb:250 - Set database path to: C:\Users\ASUS\.stmcufinder\plugins\mcufinder//mcu/
2025-11-15 13:33:14,489 [WARN] DbFile:41 - Overriding database path with different value: C:\Users\ASUS\.stmcufinder\plugins\mcufinder/ => C:\Users\ASUS\.stmcufinder\plugins\mcufinder
2025-11-15 13:33:14,489 [INFO] DbMcusAds:125 - Set database path to: C:\Users\ASUS\.stmcufinder\plugins\mcufinder//mcu/
2025-11-15 13:33:14,489 [WARN] DbFile:41 - Overriding database path with different value: C:\Users\ASUS\.stmcufinder\plugins\mcufinder/ => C:\Users\ASUS\.stmcufinder\plugins\mcufinder
2025-11-15 13:33:14,489 [WARN] DbFile:41 - Overriding database path with different value: C:\Users\ASUS\.stmcufinder\plugins\mcufinder/ => C:\Users\ASUS\.stmcufinder\plugins\mcufinder
2025-11-15 13:33:14,489 [INFO] CrossReferenceDbSqlite:203 - Set database path to: C:\Users\ASUS\.stmcufinder\plugins\mcufinder//mcu/cs/
2025-11-15 13:33:14,516 [INFO] ApplicationProperties:184 - Using Application install path: C:\ST\STM32CubeIDE_1.19.0\STM32CubeIDE\plugins\com.st.stm32cube.common.mx_6.15.0.202507011659
2025-11-15 13:33:14,518 [INFO] PluginManage:196 - Search for loadable plugins [exclusion list=, ]
2025-11-15 13:33:14,520 [INFO] PluginManage:310 - Check plugin analytics
2025-11-15 13:33:14,710 [INFO] AnalyticsPlugin:253 - Accepted Software Licenses: STM32CubeMX.6.12.1
2025-11-15 13:33:14,710 [INFO] AnalyticsPlugin:255 - Accepted CMSIS Pack Licenses: 
2025-11-15 13:33:14,710 [INFO] AnalyticsPlugin:257 - Accepted Firmware Licenses: 
2025-11-15 13:33:14,710 [INFO] PluginManage:359 - Loaded plugin analytics (category:tool,tabindex:-1)
2025-11-15 13:33:14,710 [INFO] PluginManage:310 - Check plugin cadmodel
2025-11-15 13:33:14,726 [INFO] CADModel:105 - Init CAD model plugin
2025-11-15 13:33:14,726 [INFO] PluginManage:359 - Loaded plugin cadmodel (category:power,tabindex:5)
2025-11-15 13:33:14,726 [INFO] PluginManage:310 - Check plugin clock
2025-11-15 13:33:14,757 [INFO] PluginManage:359 - Loaded plugin clock (category:base,tabindex:2)
2025-11-15 13:33:14,757 [INFO] PluginManage:310 - Check plugin ddr
2025-11-15 13:33:14,757 [INFO] PluginManage:359 - Loaded plugin ddr (category:tool,tabindex:6)
2025-11-15 13:33:14,757 [INFO] PluginManage:310 - Check plugin filemanager
2025-11-15 13:33:14,900 [INFO] PluginManage:359 - Loaded plugin filemanager (category:base,tabindex:10)
2025-11-15 13:33:14,900 [INFO] PluginManage:310 - Check plugin ipmanager
2025-11-15 13:33:14,900 [INFO] PluginManage:359 - Loaded plugin ipmanager (category:base,tabindex:5)
2025-11-15 13:33:14,900 [INFO] PluginManage:310 - Check plugin lpbam
2025-11-15 13:33:14,931 [INFO] PluginManage:359 - Loaded plugin lpbam (category:base,tabindex:0)
2025-11-15 13:33:14,931 [INFO] PluginManage:310 - Check plugin memorymap
2025-11-15 13:33:14,947 [INFO] PluginManage:359 - Loaded plugin memorymap (category:base,tabindex:4)
2025-11-15 13:33:14,947 [INFO] PluginManage:310 - Check plugin pinoutandconfiguration
2025-11-15 13:33:14,963 [INFO] PluginManage:359 - Loaded plugin pinoutandconfiguration (category:base,tabindex:1)
2025-11-15 13:33:14,963 [INFO] PluginManage:310 - Check plugin pinoutconfig
2025-11-15 13:33:15,068 [WARN] SupportedApi:132 - Cannot load RTOS API schema: s4s-elt-must-match.1: The content of 'definitions' must match (annotation?, (simpleType | complexType)?, (unique | key | keyref)*)). A problem was found starting at: attribute.
2025-11-15 13:33:15,216 [INFO] PluginManage:359 - Loaded plugin pinoutconfig (category:base,tabindex:0)
2025-11-15 13:33:15,216 [INFO] PluginManage:310 - Check plugin power
2025-11-15 13:33:15,232 [INFO] PluginManage:359 - Loaded plugin power (category:power,tabindex:4)
2025-11-15 13:33:15,232 [INFO] PluginManage:310 - Check plugin projectmanager
2025-11-15 13:33:15,248 [INFO] PluginManage:359 - Loaded plugin projectmanager (category:projectmanager,tabindex:4)
2025-11-15 13:33:15,248 [INFO] PluginManage:310 - Check plugin rif
2025-11-15 13:33:15,280 [INFO] PluginManage:359 - Loaded plugin rif (category:base,tabindex:3)
2025-11-15 13:33:15,280 [INFO] PluginManage:310 - Check plugin thirdparty
2025-11-15 13:33:15,607 [INFO] PluginManage:359 - Loaded plugin thirdparty (category:base,tabindex:-1)
2025-11-15 13:33:15,607 [WARN] IntegrityCheckThread:84 - waiting for thirdparty lock release [integrity check]
2025-11-15 13:33:15,607 [INFO] PluginManage:310 - Check plugin tools
2025-11-15 13:33:15,607 [INFO] IntegrityCheckThread:86 - entering critical section [integrity check]
2025-11-15 13:33:15,607 [INFO] ThirdPartyUpdaterWithRetryManager:70 - Updater plugin not ready yet. [1/15]
2025-11-15 13:33:15,645 [INFO] PluginManage:359 - Loaded plugin tools (category:base,tabindex:7)
2025-11-15 13:33:15,645 [INFO] PluginManage:310 - Check plugin tutovideos
2025-11-15 13:33:15,867 [INFO] PluginManage:359 - Loaded plugin tutovideos (category:base,tabindex:-1)
2025-11-15 13:33:15,867 [INFO] PluginManage:310 - Check plugin updater
2025-11-15 13:33:15,883 [INFO] PluginManage:359 - Loaded plugin updater (category:base,tabindex:12)
2025-11-15 13:33:15,883 [INFO] PluginManage:310 - Check plugin userauth
2025-11-15 13:33:15,883 [INFO] UserAuth:118 - Init User Auth plugin
2025-11-15 13:33:15,883 [INFO] PluginManage:359 - Loaded plugin userauth (category:base,tabindex:14)
2025-11-15 13:33:15,883 [INFO] PluginManage:283 - PluginManage : Loaded plugins [18]
2025-11-15 13:33:16,086 [INFO] PinOutPanel:1589 - setPackage(No Configuration,No Configuration)
2025-11-15 13:33:16,179 [INFO] CADModel:165 - CPN selected for project level
2025-11-15 13:33:16,179 [INFO] CADModel:114 - Register for checkConnection events
2025-11-15 13:33:16,212 [INFO] IPUIPlugin:80 - create IPUIPlugin
2025-11-15 13:33:16,212 [INFO] PluginManager:220 - loadIPPluginJar : add adc
2025-11-15 13:33:16,261 [INFO] IPUIPlugin:80 - create IPUIPlugin
2025-11-15 13:33:16,261 [INFO] PluginManager:220 - loadIPPluginJar : add aes
2025-11-15 13:33:16,320 [INFO] IPUIPlugin:80 - create IPUIPlugin
2025-11-15 13:33:16,320 [INFO] PluginManager:220 - loadIPPluginJar : add can
2025-11-15 13:33:16,356 [INFO] IPUIPlugin:80 - create IPUIPlugin
2025-11-15 13:33:16,356 [INFO] PluginManager:220 - loadIPPluginJar : add comp
2025-11-15 13:33:16,399 [INFO] IPUIPlugin:80 - create IPUIPlugin
2025-11-15 13:33:16,399 [INFO] PluginManager:220 - loadIPPluginJar : add cryp
2025-11-15 13:33:16,425 [INFO] IPUIPlugin:80 - create IPUIPlugin
2025-11-15 13:33:16,425 [INFO] PluginManager:220 - loadIPPluginJar : add ddr_ctrl_phy
2025-11-15 13:33:16,456 [INFO] IPUIPlugin:80 - create IPUIPlugin
2025-11-15 13:33:16,456 [INFO] PluginManager:220 - loadIPPluginJar : add dfsdm
2025-11-15 13:33:16,488 [INFO] IPUIPlugin:80 - create IPUIPlugin
2025-11-15 13:33:16,488 [INFO] PluginManager:220 - loadIPPluginJar : add dma
2025-11-15 13:33:16,545 [INFO] IPUIPlugin:80 - create IPUIPlugin
2025-11-15 13:33:16,545 [INFO] PluginManager:220 - loadIPPluginJar : add dma3
2025-11-15 13:33:16,598 [INFO] IPUIPlugin:80 - create IPUIPlugin
2025-11-15 13:33:16,598 [INFO] PluginManager:220 - loadIPPluginJar : add extmemmanager
2025-11-15 13:33:16,628 [INFO] IPUIPlugin:80 - create IPUIPlugin
2025-11-15 13:33:16,628 [INFO] PluginManager:220 - loadIPPluginJar : add fatfs
2025-11-15 13:33:16,692 [INFO] IPUIPlugin:80 - create IPUIPlugin
2025-11-15 13:33:16,692 [INFO] PluginManager:220 - loadIPPluginJar : add fmc
2025-11-15 13:33:16,708 [INFO] IPUIPlugin:80 - create IPUIPlugin
2025-11-15 13:33:16,708 [INFO] PluginManager:220 - loadIPPluginJar : add freertos
2025-11-15 13:33:16,740 [INFO] IPUIPlugin:80 - create IPUIPlugin
2025-11-15 13:33:16,740 [INFO] PluginManager:220 - loadIPPluginJar : add genericplugin
2025-11-15 13:33:16,851 [INFO] IPUIPlugin:80 - create IPUIPlugin
2025-11-15 13:33:16,851 [INFO] PluginManager:220 - loadIPPluginJar : add gfxmmu
2025-11-15 13:33:17,021 [INFO] IPUIPlugin:80 - create IPUIPlugin
2025-11-15 13:33:17,021 [INFO] PluginManager:220 - loadIPPluginJar : add gic
2025-11-15 13:33:17,037 [INFO] IPUIPlugin:80 - create IPUIPlugin
2025-11-15 13:33:17,037 [INFO] PluginManager:220 - loadIPPluginJar : add gpio
2025-11-15 13:33:17,179 [INFO] IPUIPlugin:80 - create IPUIPlugin
2025-11-15 13:33:17,179 [INFO] PluginManager:220 - loadIPPluginJar : add gtzc
2025-11-15 13:33:17,211 [INFO] IPUIPlugin:80 - create IPUIPlugin
2025-11-15 13:33:17,211 [INFO] PluginManager:220 - loadIPPluginJar : add hash
2025-11-15 13:33:17,292 [INFO] IPUIPlugin:80 - create IPUIPlugin
2025-11-15 13:33:17,292 [INFO] PluginManager:220 - loadIPPluginJar : add i2c
2025-11-15 13:33:17,331 [INFO] IPUIPlugin:80 - create IPUIPlugin
2025-11-15 13:33:17,331 [INFO] PluginManager:220 - loadIPPluginJar : add i2s
2025-11-15 13:33:17,394 [INFO] IPUIPlugin:80 - create IPUIPlugin
2025-11-15 13:33:17,394 [INFO] PluginManager:220 - loadIPPluginJar : add i3c
2025-11-15 13:33:17,531 [INFO] IPUIPlugin:80 - create IPUIPlugin
2025-11-15 13:33:17,531 [INFO] PluginManager:220 - loadIPPluginJar : add ipddr
2025-11-15 13:33:17,637 [INFO] IPUIPlugin:80 - create IPUIPlugin
2025-11-15 13:33:17,637 [INFO] PluginManager:220 - loadIPPluginJar : add linkedlist
2025-11-15 13:33:17,684 [INFO] IPUIPlugin:80 - create IPUIPlugin
2025-11-15 13:33:17,684 [INFO] PluginManager:220 - loadIPPluginJar : add lorawan
2025-11-15 13:33:17,732 [INFO] IPUIPlugin:80 - create IPUIPlugin
2025-11-15 13:33:17,732 [INFO] PluginManager:220 - loadIPPluginJar : add ltdc
2025-11-15 13:33:17,748 [INFO] IPUIPlugin:80 - create IPUIPlugin
2025-11-15 13:33:17,748 [INFO] PluginManager:220 - loadIPPluginJar : add mdma
2025-11-15 13:33:17,764 [INFO] IPUIPlugin:80 - create IPUIPlugin
2025-11-15 13:33:17,764 [INFO] PluginManager:220 - loadIPPluginJar : add nvic
2025-11-15 13:33:17,812 [INFO] IPUIPlugin:80 - create IPUIPlugin
2025-11-15 13:33:17,812 [INFO] PluginManager:220 - loadIPPluginJar : add opamp
2025-11-15 13:33:17,904 [INFO] IPUIPlugin:80 - create IPUIPlugin
2025-11-15 13:33:17,904 [INFO] PluginManager:220 - loadIPPluginJar : add openamp
2025-11-15 13:33:17,968 [INFO] IPUIPlugin:80 - create IPUIPlugin
2025-11-15 13:33:17,968 [INFO] PluginManager:220 - loadIPPluginJar : add pdm2pcm
2025-11-15 13:33:17,984 [INFO] IPUIPlugin:80 - create IPUIPlugin
2025-11-15 13:33:17,987 [INFO] PluginManager:220 - loadIPPluginJar : add plateformsettings
2025-11-15 13:33:18,016 [INFO] IPUIPlugin:80 - create IPUIPlugin
2025-11-15 13:33:18,016 [INFO] PluginManager:220 - loadIPPluginJar : add quadspi
2025-11-15 13:33:18,051 [INFO] IPUIPlugin:80 - create IPUIPlugin
2025-11-15 13:33:18,051 [INFO] PluginManager:220 - loadIPPluginJar : add radio
2025-11-15 13:33:18,066 [INFO] IPUIPlugin:80 - create IPUIPlugin
2025-11-15 13:33:18,066 [INFO] PluginManager:220 - loadIPPluginJar : add resmgrutility
2025-11-15 13:33:18,114 [INFO] IPUIPlugin:80 - create IPUIPlugin
2025-11-15 13:33:18,114 [INFO] PluginManager:220 - loadIPPluginJar : add sai
2025-11-15 13:33:18,164 [INFO] IPUIPlugin:80 - create IPUIPlugin
2025-11-15 13:33:18,164 [INFO] PluginManager:220 - loadIPPluginJar : add spi
2025-11-15 13:33:18,257 [INFO] IPUIPlugin:80 - create IPUIPlugin
2025-11-15 13:33:18,257 [INFO] PluginManager:220 - loadIPPluginJar : add stm32_wpan
2025-11-15 13:33:18,289 [INFO] IPUIPlugin:80 - create IPUIPlugin
2025-11-15 13:33:18,289 [INFO] PluginManager:220 - loadIPPluginJar : add tim
2025-11-15 13:33:18,353 [INFO] IPUIPlugin:80 - create IPUIPlugin
2025-11-15 13:33:18,353 [INFO] PluginManager:220 - loadIPPluginJar : add touchsensing
2025-11-15 13:33:18,384 [INFO] IPUIPlugin:80 - create IPUIPlugin
2025-11-15 13:33:18,384 [INFO] PluginManager:220 - loadIPPluginJar : add tracer_emb
2025-11-15 13:33:18,400 [INFO] IPUIPlugin:80 - create IPUIPlugin
2025-11-15 13:33:18,400 [INFO] PluginManager:220 - loadIPPluginJar : add ts
2025-11-15 13:33:18,432 [INFO] IPUIPlugin:80 - create IPUIPlugin
2025-11-15 13:33:18,432 [INFO] PluginManager:220 - loadIPPluginJar : add tsc
2025-11-15 13:33:18,448 [INFO] IPUIPlugin:80 - create IPUIPlugin
2025-11-15 13:33:18,448 [INFO] PluginManager:220 - loadIPPluginJar : add ucpd
2025-11-15 13:33:18,511 [INFO] IPUIPlugin:80 - create IPUIPlugin
2025-11-15 13:33:18,511 [INFO] PluginManager:220 - loadIPPluginJar : add usart
2025-11-15 13:33:18,558 [INFO] IPUIPlugin:80 - create IPUIPlugin
2025-11-15 13:33:18,558 [INFO] PluginManager:220 - loadIPPluginJar : add usbx
2025-11-15 13:33:18,622 [INFO] ThirdPartyUpdaterWithRetryManager:70 - Updater plugin not ready yet. [2/15]
2025-11-15 13:33:18,685 [FATAL] Updater:351 - Updater called before beeing initialized
2025-11-15 13:33:18,711 [INFO] RulesReader:64 - Compatibility file has been processed (317 Rules)
2025-11-15 13:33:18,716 [INFO] RulesReader:64 - Compatibility file has been processed (317 Rules)
2025-11-15 13:33:18,716 [INFO] CADModel:165 - CPN selected for project level
2025-11-15 13:33:18,716 [INFO] CADModel:114 - Register for checkConnection events
2025-11-15 13:33:18,716 [FATAL] Updater:351 - Updater called before beeing initialized
2025-11-15 13:33:18,716 [ERROR] CADModel:125 - Updater not yet initialized, retry later 
2025-11-15 13:33:18,871 [FATAL] Updater:351 - Updater called before beeing initialized
2025-11-15 13:33:18,873 [INFO] CADModel:165 - CPN selected for project level
2025-11-15 13:33:18,873 [INFO] CADModel:114 - Register for checkConnection events
2025-11-15 13:33:18,873 [FATAL] Updater:351 - Updater called before beeing initialized
2025-11-15 13:33:18,873 [ERROR] CADModel:125 - Updater not yet initialized, retry later 
2025-11-15 13:33:18,874 [FATAL] Updater:351 - Updater called before beeing initialized
2025-11-15 13:33:18,969 [FATAL] Updater:351 - Updater called before beeing initialized
2025-11-15 13:33:18,969 [INFO] DbMcusAds:53 - JSON generation date=Thu Oct 02 16:36:05 ICT 2025 (1759397765645)
2025-11-15 13:33:18,969 [FATAL] Updater:351 - Updater called before beeing initialized
2025-11-15 13:33:19,019 [WARN] DetailPanel:346 - Failed to get advertising image, set to default
2025-11-15 13:33:19,096 [FATAL] Updater:351 - Updater called before beeing initialized
2025-11-15 13:33:19,096 [FATAL] Updater:351 - Updater called before beeing initialized
2025-11-15 13:33:19,096 [FATAL] Updater:351 - Updater called before beeing initialized
2025-11-15 13:33:19,096 [WARN] DetailPanel:346 - Failed to get advertising image, set to default
2025-11-15 13:33:19,096 [FATAL] Updater:351 - Updater called before beeing initialized
2025-11-15 13:33:19,156 [ERROR] Updater:1198 - MainUpdater not yet initialized. External WinMGr cannot be set.
2025-11-15 13:33:19,165 [INFO] Updater:1134 - Updater Version found : 6.15.0
2025-11-15 13:33:19,179 [INFO] ApplicationProperties:184 - Using Application install path: C:\ST\STM32CubeIDE_1.19.0\STM32CubeIDE\plugins\com.st.stm32cube.common.mx_6.15.0.202507011659
2025-11-15 13:33:20,801 [ERROR] LogOutputStream:75 - [STDERR_REDIRECT] Nov 15, 2025 1:33:20 PM java.util.prefs.WindowsPreferences <init>
2025-11-15 13:33:20,801 [ERROR] LogOutputStream:75 - [STDERR_REDIRECT] WARNING: Could not open/create prefs root node Software\JavaSoft\Prefs at root 0xffffffff80000002. Windows RegCreateKeyEx(...) returned error code 5.
2025-11-15 13:33:20,801 [ERROR] LogOutputStream:75 - [STDERR_REDIRECT] 
2025-11-15 13:33:21,147 [INFO] MainUpdater:2872 - connection check result : 10
2025-11-15 13:33:21,147 [INFO] MainUpdater:289 - Updater Check For Update Now.
2025-11-15 13:33:21,147 [INFO] MicroXplorer:498 - Change Database Version : DB.6.0.150
2025-11-15 13:33:21,179 [INFO] McuFinderGlobals:63 - Set McuFinder mode to 2 (CubeIDE integrated)
2025-11-15 13:33:21,179 [INFO] UserAuth:171 - activating auth plugin
2025-11-15 13:33:21,181 [INFO] UserAuth:487 - Internet connection configuration mode: 1
2025-11-15 13:33:21,226 [INFO] JxBrowserEngine:152 - Initiate JxBrowser Engine with user profile folder
2025-11-15 13:33:21,399 [INFO] CheckServerUpdateThread:120 - End of CheckServer Thread
2025-11-15 13:33:21,905 [WARN] PackLoader:240 - Cannot read IP mode file for STMicroelectronics.FP-SNS-MOTENVWB1.1.4.0
2025-11-15 13:33:21,918 [WARN] PackLoader:240 - Cannot read IP mode file for STMicroelectronics.FP-ATR-ASTRA1.2.0.2
2025-11-15 13:33:21,936 [WARN] PackLoader:240 - Cannot read IP mode file for STMicroelectronics.X-CUBE-SMBUS.2.1.0
2025-11-15 13:33:21,950 [WARN] PackLoader:240 - Cannot read IP mode file for STMicroelectronics.X-CUBE-ST60.1.0.0
2025-11-15 13:33:21,985 [WARN] PackLoader:240 - Cannot read IP mode file for STMicroelectronics.X-CUBE-AZRTOS-F7.1.1.0
2025-11-15 13:33:22,020 [WARN] PackLoader:240 - Cannot read IP mode file for Cesanta.I-CUBE-Mongoose.7.19.0
2025-11-15 13:33:22,037 [WARN] PackLoader:240 - Cannot read IP mode file for STMicroelectronics.FP-SNS-MOTENV1.5.1.0
2025-11-15 13:33:22,059 [WARN] PackLoader:240 - Cannot read IP mode file for WES.I-CUBE-Cesium.1.4.0
2025-11-15 13:33:22,095 [WARN] PackLoader:240 - Cannot read IP mode file for Infineon.AIROC-Wi-Fi-Bluetooth-STM32.1.7.1
2025-11-15 13:33:22,274 [WARN] PackLoader:240 - Cannot read IP mode file for STMicroelectronics.X-CUBE-AZRTOS-H7.3.4.0
2025-11-15 13:33:22,300 [WARN] PackLoader:240 - Cannot read IP mode file for STMicroelectronics.X-CUBE-DISPLAY.3.0.0
2025-11-15 13:33:22,326 [WARN] PackLoader:240 - Cannot read IP mode file for STMicroelectronics.X-CUBE-NFC10.1.0.0
2025-11-15 13:33:22,332 [WARN] PackLoader:240 - Cannot read IP mode file for STMicroelectronics.X-CUBE-ST60.1.1.0
2025-11-15 13:33:22,360 [WARN] PackLoader:240 - Cannot read IP mode file for emotas.I-CUBE-CANOPEN.1.3.0
2025-11-15 13:33:22,377 [WARN] PackLoader:240 - Cannot read IP mode file for STMicroelectronics.X-CUBE-GNSS1.7.1.0
2025-11-15 13:33:22,393 [WARN] PackLoader:240 - Cannot read IP mode file for STMicroelectronics.FP-SNS-STBOX1.2.1.0
2025-11-15 13:33:22,455 [WARN] PackLoader:240 - Cannot read IP mode file for STMicroelectronics.FP-SNS-SMARTAG2.1.2.0
2025-11-15 13:33:22,491 [WARN] PackLoader:240 - Cannot read IP mode file for STMicroelectronics.FP-SNS-FLIGHT1.5.1.0
2025-11-15 13:33:22,646 [INFO] LogOutputStream:77 - [STDOUT_REDIRECT] 1 : Invalid condition id : UX_CORESTACK_Condition cause : null
2025-11-15 13:33:22,648 [INFO] LogOutputStream:77 - [STDOUT_REDIRECT] 1 : Invalid condition id : UX_CORESTACK_Condition cause : null
2025-11-15 13:33:22,650 [INFO] LogOutputStream:77 - [STDOUT_REDIRECT] 1 : Invalid condition id : UX_CORESTACK_Condition cause : null
2025-11-15 13:33:22,652 [INFO] LogOutputStream:77 - [STDOUT_REDIRECT] 1 : Invalid condition id : UX_CORESTACK_Condition cause : null
2025-11-15 13:33:22,654 [INFO] LogOutputStream:77 - [STDOUT_REDIRECT] 1 : Invalid condition id : UX_CORESTACK_Condition cause : null
2025-11-15 13:33:22,662 [WARN] PackLoader:240 - Cannot read IP mode file for STMicroelectronics.X-CUBE-AZRTOS-WL.2.0.0
2025-11-15 13:33:22,687 [WARN] PackLoader:240 - Cannot read IP mode file for STMicroelectronics.FP-SNS-MOTENV1.5.0.0
2025-11-15 13:33:22,729 [WARN] PackLoader:240 - Cannot read IP mode file for STMicroelectronics.X-CUBE-BLE2.3.3.0
2025-11-15 13:33:22,796 [WARN] PackLoader:240 - Cannot read IP mode file for STMicroelectronics.X-CUBE-NFC9.1.0.0
2025-11-15 13:33:22,813 [WARN] PackLoader:240 - Cannot read IP mode file for wolfSSL.I-CUBE-wolfSSL.5.8.2
2025-11-15 13:33:22,826 [WARN] PackLoader:240 - Cannot read IP mode file for STMicroelectronics.X-CUBE-BLE1.7.1.0
2025-11-15 13:33:22,841 [WARN] PackLoader:240 - Cannot read IP mode file for wolfSSL.I-CUBE-wolfMQTT.1.19.2
2025-11-15 13:33:22,856 [WARN] PackLoader:240 - Cannot read IP mode file for STMicroelectronics.X-CUBE-EEPRMA1.5.2.0
2025-11-15 13:33:22,872 [WARN] PackLoader:240 - Cannot read IP mode file for STMicroelectronics.X-CUBE-ST67W61.1.1.0
2025-11-15 13:33:22,904 [WARN] PackLoader:240 - Cannot read IP mode file for STMicroelectronics.X-CUBE-AZRTOS-G0.1.1.0
2025-11-15 13:33:22,930 [WARN] PackLoader:240 - Cannot read IP mode file for STMicroelectronics.X-CUBE-SAFEA1.1.2.2
2025-11-15 13:33:22,949 [INFO] WebApp:169 - Instantiating new browser for Auth
2025-11-15 13:33:22,951 [WARN] PackLoader:240 - Cannot read IP mode file for STMicroelectronics.X-CUBE-NFC4.3.0.0
2025-11-15 13:33:23,028 [WARN] PackLoader:240 - Cannot read IP mode file for EmbeddedOffice.I-CUBE-FS-RTOS.1.0.1
2025-11-15 13:33:23,073 [WARN] PackLoader:240 - Cannot read IP mode file for STMicroelectronics.X-CUBE-WB05N.2.0.0
2025-11-15 13:33:23,103 [WARN] PackLoader:240 - Cannot read IP mode file for wolfSSL.I-CUBE-wolfTPM.3.8.0
2025-11-15 13:33:23,136 [WARN] PackLoader:240 - Cannot read IP mode file for STMicroelectronics.X-CUBE-TCPP.4.2.0
2025-11-15 13:33:23,150 [WARN] PackLoader:240 - Cannot read IP mode file for RealThread.X-CUBE-RT-Thread_Nano.4.1.1
2025-11-15 13:33:23,171 [WARN] PackLoader:240 - Cannot read IP mode file for STMicroelectronics.FP-ATR-SIGFOX1.3.2.0
2025-11-15 13:33:23,200 [WARN] PackLoader:240 - Cannot read IP mode file for ITTIA_DB.I-CUBE-ITTIADB.8.9.0
2025-11-15 13:33:23,223 [WARN] PackLoader:240 - Cannot read IP mode file for STMicroelectronics.X-CUBE-ST67W61.1.0.0
2025-11-15 13:33:23,249 [WARN] PackLoader:240 - Cannot read IP mode file for STMicroelectronics.X-CUBE-AI.10.2.0
2025-11-15 13:33:23,281 [WARN] PackLoader:240 - Cannot read IP mode file for SEGGER.I-CUBE-embOS.1.3.1
2025-11-15 13:33:23,352 [WARN] PackLoader:240 - Cannot read IP mode file for STMicroelectronics.X-CUBE-ALGOBUILD.1.4.0
2025-11-15 13:33:23,541 [WARN] PackLoader:240 - Cannot read IP mode file for STMicroelectronics.X-CUBE-MEMS1.11.3.0
2025-11-15 13:33:23,834 [WARN] PackLoader:240 - Cannot read IP mode file for STMicroelectronics.X-CUBE-PM33A1.1.0.0
2025-11-15 13:33:23,890 [WARN] PackLoader:240 - Cannot read IP mode file for STMicroelectronics.X-CUBE-AZRTOS-F4.1.1.0
2025-11-15 13:33:23,935 [WARN] PackLoader:240 - Cannot read IP mode file for STMicroelectronics.X-CUBE-ISPU.2.1.0
2025-11-15 13:33:23,981 [WARN] PackLoader:240 - Cannot read IP mode file for STMicroelectronics.X-CUBE-IPS.3.2.0
2025-11-15 13:33:24,024 [WARN] PackLoader:240 - Cannot read IP mode file for STMicroelectronics.X-CUBE-NFC12.1.0.0
2025-11-15 13:33:24,095 [WARN] PackLoader:240 - Cannot read IP mode file for STMicroelectronics.X-CUBE-AZRTOS-L5.2.0.0
2025-11-15 13:33:24,135 [WARN] PackLoader:240 - Cannot read IP mode file for STMicroelectronics.X-CUBE-NFC6.3.1.0
2025-11-15 13:33:24,168 [WARN] PackLoader:240 - Cannot read IP mode file for STMicroelectronics.X-CUBE-FREERTOS.1.3.1
2025-11-15 13:33:24,212 [WARN] PackLoader:240 - Cannot read IP mode file for STMicroelectronics.X-CUBE-TOUCHGFX.4.26.0
2025-11-15 13:33:24,239 [WARN] PackLoader:240 - Cannot read IP mode file for STMicroelectronics.FP-SNS-STAIOTCFT.1.0.0
2025-11-15 13:33:24,361 [WARN] PackLoader:240 - Cannot read IP mode file for STMicroelectronics.X-CUBE-DPower.1.3.0
2025-11-15 13:33:24,428 [WARN] ConditionMgr:438 - getConditionDescription Invalid condition id : LAN8742 Phy interface Condition cause : null
2025-11-15 13:33:24,428 [WARN] PackLoader:240 - Cannot read IP mode file for STMicroelectronics.X-CUBE-AZRTOS-L4.2.0.0
2025-11-15 13:33:24,430 [WARN] ConditionMgr:1044 - genDependencies : Invalid condition id : LAN8742 Phy interface Condition cause : null
2025-11-15 13:33:24,430 [WARN] ConditionMgr:1044 - genDependencies : Invalid condition id : LAN8742 Phy interface Condition cause : null
2025-11-15 13:33:24,430 [WARN] ConditionMgr:1044 - genDependencies : Invalid condition id : LAN8742 Phy interface Condition cause : null
2025-11-15 13:33:24,476 [WARN] PackLoader:240 - Cannot read IP mode file for STMicroelectronics.X-CUBE-SFXS2LP1.4.0.0
2025-11-15 13:33:24,480 [INFO] WebApp:463 - Apply proxy settings
2025-11-15 13:33:24,481 [INFO] WebApp:548 - Chromium requires no authentication
2025-11-15 13:33:24,499 [INFO] WebApp:491 - Direct internet connection detected
2025-11-15 13:33:24,529 [WARN] PackLoader:240 - Cannot read IP mode file for STMicroelectronics.X-CUBE-BLEMGR.4.1.0
2025-11-15 13:33:24,557 [INFO] WebApp:900 - Register for checkConnection events
2025-11-15 13:33:24,558 [INFO] WebApp:463 - Apply proxy settings
2025-11-15 13:33:24,559 [INFO] WebApp:548 - Chromium requires no authentication
2025-11-15 13:33:24,559 [INFO] WebApp:491 - Direct internet connection detected
2025-11-15 13:33:24,570 [WARN] ConditionMgr:438 - getConditionDescription Invalid condition id : UX DEVICE CLASS RTOS Condition cause : null
2025-11-15 13:33:24,570 [WARN] ConditionMgr:438 - getConditionDescription Invalid condition id : UX DEVICE CLASS RTOS Condition cause : null
2025-11-15 13:33:24,579 [WARN] PackLoader:240 - Cannot read IP mode file for STMicroelectronics.X-CUBE-AZRTOS-WB.2.0.0
2025-11-15 13:33:24,581 [WARN] ConditionMgr:1044 - genDependencies : Invalid condition id : UX DEVICE CLASS RTOS Condition cause : null
2025-11-15 13:33:24,581 [WARN] ConditionMgr:1044 - genDependencies : Invalid condition id : UX DEVICE CLASS RTOS Condition cause : null
2025-11-15 13:33:24,581 [WARN] ConditionMgr:1044 - genDependencies : Invalid condition id : UX DEVICE CLASS RTOS Condition cause : null
2025-11-15 13:33:24,581 [WARN] ConditionMgr:1044 - genDependencies : Invalid condition id : UX DEVICE CLASS RTOS Condition cause : null
2025-11-15 13:33:24,581 [WARN] ConditionMgr:1044 - genDependencies : Invalid condition id : UX DEVICE CLASS RTOS Condition cause : null
2025-11-15 13:33:24,612 [WARN] PackLoader:240 - Cannot read IP mode file for STMicroelectronics.X-CUBE-GNSS1.7.0.1
2025-11-15 13:33:24,628 [WARN] ConditionMgr:438 - getConditionDescription Invalid condition id : Cortex-A Device cause : null
2025-11-15 13:33:24,659 [WARN] ConditionMgr:1044 - genDependencies : Invalid condition id : Cortex-A Device cause : null
2025-11-15 13:33:24,659 [WARN] ConditionMgr:1044 - genDependencies : Invalid condition id : Cortex-A Device cause : null
2025-11-15 13:33:24,659 [WARN] ConditionMgr:1044 - genDependencies : Invalid condition id : Cortex-A Device cause : null
2025-11-15 13:33:24,683 [WARN] PackLoader:240 - Cannot read IP mode file for STMicroelectronics.X-CUBE-SUBG2.5.0.0
2025-11-15 13:33:24,738 [WARN] PackLoader:240 - Cannot read IP mode file for STMicroelectronics.X-CUBE-AZRTOS-H7RS.1.1.0
2025-11-15 13:33:24,827 [INFO] WebApp:191 - Connection restablished
2025-11-15 13:33:24,911 [WARN] PackLoader:240 - Cannot read IP mode file for STMicroelectronics.X-CUBE-AZRTOS-G4.2.0.0
2025-11-15 13:33:24,945 [WARN] PackLoader:240 - Cannot read IP mode file for wolfSSL.I-CUBE-wolfSSH.1.4.20
2025-11-15 13:33:24,982 [WARN] PackLoader:240 - Cannot read IP mode file for STMicroelectronics.X-CUBE-NFC7.2.0.0
2025-11-15 13:33:25,072 [INFO] WebApp:225 - Starting web application
2025-11-15 13:33:25,072 [INFO] WebApp:593 - Web application path used C:\ST\STM32CubeIDE_1.19.0\STM32CubeIDE\plugins\com.st.stm32cube.common.mx_6.15.0.202507011659\db\plugins\mcufinder\reactClient1\index.html
2025-11-15 13:33:25,303 [WARN] PackLoader:240 - Cannot read IP mode file for STMicroelectronics.X-CUBE-IPS.3.1.0
2025-11-15 13:33:25,382 [WARN] PackLoader:240 - Cannot read IP mode file for STMicroelectronics.X-CUBE-ALS.1.0.2
2025-11-15 13:33:25,431 [WARN] PackLoader:240 - Cannot read IP mode file for STMicroelectronics.X-CUBE-STSE01.1.0.0
2025-11-15 13:33:25,471 [WARN] PackLoader:240 - Cannot read IP mode file for STMicroelectronics.X-CUBE-TOF1.3.4.3
2025-11-15 13:33:25,490 [INFO] ThirdParty:978 - Integrity check success = true
2025-11-15 13:33:25,492 [INFO] IntegrityCheckThread:100 - exiting critical section [integrity check]
2025-11-15 13:33:25,492 [INFO] IntegrityCheckThread:103 - End integrity checks thread
2025-11-15 13:33:44,879 [INFO] WebApp:194 - Connection lost
2025-11-15 13:33:45,028 [INFO] WebApp:191 - Connection restablished
2025-11-15 16:46:41,575 [INFO] WebApp:194 - Connection lost
2025-11-15 16:46:41,775 [INFO] WebApp:191 - Connection restablished
2025-11-15 16:46:49,209 [INFO] WebApp:194 - Connection lost
2025-11-15 16:46:49,354 [INFO] WebApp:191 - Connection restablished
