2026-01-02 00:05:17,674 [ERROR] LogOutputStream:75 - [STDERR_REDIRECT] 
2026-01-02 20:47:07,027 [INFO] Activator:176 - 


2026-01-02 20:47:07,028 [INFO] Activator:177 - !SESSION log4j initialized
2026-01-02 20:47:12,940 [INFO] LogOutputStream:77 - [STDOUT_REDIRECT] 
2026-01-02 20:47:15,291 [INFO] ApplicationProperties:184 - Using Application install path: C:\ST\STM32CubeIDE_1.19.0\STM32CubeIDE\plugins\com.st.stm32cube.common.mx_6.15.0.202507011659
2026-01-02 20:47:15,308 [INFO] DbMcusXml:78 - Set database path to: C:\ST\STM32CubeIDE_1.19.0\STM32CubeIDE\plugins\com.st.stm32cube.common.mx_6.15.0.202507011659\\db\/mcu/
2026-01-02 20:47:15,308 [INFO] ApiDb:274 - Set plugin database path to: C:\ST\STM32CubeIDE_1.19.0\STM32CubeIDE\plugins\com.st.stm32cube.common.mx_6.15.0.202507011659\\db\/plugins/boardmanager/
2026-01-02 20:47:15,308 [WARN] ApiDb:259 - Overriding images path with different value:  => C:\ST\STM32CubeIDE_1.19.0\STM32CubeIDE\plugins\com.st.stm32cube.common.mx_6.15.0.202507011659\\db\/plugins/mcufinder/images/
2026-01-02 20:47:15,324 [INFO] ApiDb:250 - Set database path to: C:\Users\ASUS\.stmcufinder\plugins\mcufinder//mcu/
2026-01-02 20:47:15,325 [INFO] DbMcusAds:125 - Set database path to: C:\Users\ASUS\.stmcufinder\plugins\mcufinder//mcu/
2026-01-02 20:47:15,328 [INFO] CrossReferenceDbSqlite:203 - Set database path to: C:\Users\ASUS\.stmcufinder\plugins\mcufinder//mcu/cs/
2026-01-02 20:47:15,452 [INFO] RulesReader:64 - Compatibility file has been processed (317 Rules)
2026-01-02 20:47:15,542 [INFO] DbMcusXml:78 - Set database path to: C:\ST\STM32CubeIDE_1.19.0\STM32CubeIDE\plugins\com.st.stm32cube.common.mx_6.15.0.202507011659\\db\/mcu/
2026-01-02 20:47:15,542 [INFO] ApiDb:274 - Set plugin database path to: C:\ST\STM32CubeIDE_1.19.0\STM32CubeIDE\plugins\com.st.stm32cube.common.mx_6.15.0.202507011659\\db\/plugins/boardmanager/
2026-01-02 20:47:15,542 [INFO] ApiDb:261 - Set plugin images path to: C:\ST\STM32CubeIDE_1.19.0\STM32CubeIDE\plugins\com.st.stm32cube.common.mx_6.15.0.202507011659\\db\/plugins/mcufinder/images/
2026-01-02 20:47:15,543 [WARN] DbFile:41 - Overriding database path with different value: C:\Users\ASUS\.stmcufinder\plugins\mcufinder/ => C:\Users\ASUS\.stmcufinder\plugins\mcufinder
2026-01-02 20:47:15,543 [INFO] ApiDb:250 - Set database path to: C:\Users\ASUS\.stmcufinder\plugins\mcufinder//mcu/
2026-01-02 20:47:15,543 [WARN] DbFile:41 - Overriding database path with different value: C:\Users\ASUS\.stmcufinder\plugins\mcufinder/ => C:\Users\ASUS\.stmcufinder\plugins\mcufinder
2026-01-02 20:47:15,543 [INFO] DbMcusAds:125 - Set database path to: C:\Users\ASUS\.stmcufinder\plugins\mcufinder//mcu/
2026-01-02 20:47:15,543 [WARN] DbFile:41 - Overriding database path with different value: C:\Users\ASUS\.stmcufinder\plugins\mcufinder/ => C:\Users\ASUS\.stmcufinder\plugins\mcufinder
2026-01-02 20:47:15,543 [WARN] DbFile:41 - Overriding database path with different value: C:\Users\ASUS\.stmcufinder\plugins\mcufinder/ => C:\Users\ASUS\.stmcufinder\plugins\mcufinder
2026-01-02 20:47:15,543 [INFO] CrossReferenceDbSqlite:203 - Set database path to: C:\Users\ASUS\.stmcufinder\plugins\mcufinder//mcu/cs/
2026-01-02 20:47:15,620 [INFO] MainPanel:274 - HeapMemory: 268435456
2026-01-02 20:47:15,738 [INFO] DbMcusXml:78 - Set database path to: C:\ST\STM32CubeIDE_1.19.0\STM32CubeIDE\plugins\com.st.stm32cube.common.mx_6.15.0.202507011659\\db\/mcu/
2026-01-02 20:47:15,738 [INFO] ApiDb:274 - Set plugin database path to: C:\ST\STM32CubeIDE_1.19.0\STM32CubeIDE\plugins\com.st.stm32cube.common.mx_6.15.0.202507011659\\db\/plugins/boardmanager/
2026-01-02 20:47:15,738 [INFO] ApiDb:261 - Set plugin images path to: C:\ST\STM32CubeIDE_1.19.0\STM32CubeIDE\plugins\com.st.stm32cube.common.mx_6.15.0.202507011659\\db\/plugins/mcufinder/images/
2026-01-02 20:47:15,739 [WARN] DbFile:41 - Overriding database path with different value: C:\Users\ASUS\.stmcufinder\plugins\mcufinder/ => C:\Users\ASUS\.stmcufinder\plugins\mcufinder
2026-01-02 20:47:15,739 [INFO] ApiDb:250 - Set database path to: C:\Users\ASUS\.stmcufinder\plugins\mcufinder//mcu/
2026-01-02 20:47:15,739 [WARN] DbFile:41 - Overriding database path with different value: C:\Users\ASUS\.stmcufinder\plugins\mcufinder/ => C:\Users\ASUS\.stmcufinder\plugins\mcufinder
2026-01-02 20:47:15,739 [INFO] DbMcusAds:125 - Set database path to: C:\Users\ASUS\.stmcufinder\plugins\mcufinder//mcu/
2026-01-02 20:47:15,739 [WARN] DbFile:41 - Overriding database path with different value: C:\Users\ASUS\.stmcufinder\plugins\mcufinder/ => C:\Users\ASUS\.stmcufinder\plugins\mcufinder
2026-01-02 20:47:15,739 [WARN] DbFile:41 - Overriding database path with different value: C:\Users\ASUS\.stmcufinder\plugins\mcufinder/ => C:\Users\ASUS\.stmcufinder\plugins\mcufinder
2026-01-02 20:47:15,739 [INFO] CrossReferenceDbSqlite:203 - Set database path to: C:\Users\ASUS\.stmcufinder\plugins\mcufinder//mcu/cs/
2026-01-02 20:47:15,756 [INFO] ApplicationProperties:184 - Using Application install path: C:\ST\STM32CubeIDE_1.19.0\STM32CubeIDE\plugins\com.st.stm32cube.common.mx_6.15.0.202507011659
2026-01-02 20:47:15,757 [INFO] PluginManage:196 - Search for loadable plugins [exclusion list=, ]
2026-01-02 20:47:15,759 [INFO] PluginManage:310 - Check plugin analytics
2026-01-02 20:47:15,944 [INFO] AnalyticsPlugin:253 - Accepted Software Licenses: STM32CubeMX.6.12.1
2026-01-02 20:47:15,944 [INFO] AnalyticsPlugin:255 - Accepted CMSIS Pack Licenses: 
2026-01-02 20:47:15,944 [INFO] AnalyticsPlugin:257 - Accepted Firmware Licenses: 
2026-01-02 20:47:15,947 [INFO] PluginManage:359 - Loaded plugin analytics (category:tool,tabindex:-1)
2026-01-02 20:47:15,947 [INFO] PluginManage:310 - Check plugin cadmodel
2026-01-02 20:47:15,966 [INFO] CADModel:105 - Init CAD model plugin
2026-01-02 20:47:15,968 [INFO] PluginManage:359 - Loaded plugin cadmodel (category:power,tabindex:5)
2026-01-02 20:47:15,968 [INFO] PluginManage:310 - Check plugin clock
2026-01-02 20:47:15,990 [INFO] PluginManage:359 - Loaded plugin clock (category:base,tabindex:2)
2026-01-02 20:47:15,991 [INFO] PluginManage:310 - Check plugin ddr
2026-01-02 20:47:15,994 [INFO] PluginManage:359 - Loaded plugin ddr (category:tool,tabindex:6)
2026-01-02 20:47:15,994 [INFO] PluginManage:310 - Check plugin filemanager
2026-01-02 20:47:16,142 [INFO] PluginManage:359 - Loaded plugin filemanager (category:base,tabindex:10)
2026-01-02 20:47:16,142 [INFO] PluginManage:310 - Check plugin ipmanager
2026-01-02 20:47:16,149 [INFO] PluginManage:359 - Loaded plugin ipmanager (category:base,tabindex:5)
2026-01-02 20:47:16,149 [INFO] PluginManage:310 - Check plugin lpbam
2026-01-02 20:47:16,168 [INFO] PluginManage:359 - Loaded plugin lpbam (category:base,tabindex:0)
2026-01-02 20:47:16,168 [INFO] PluginManage:310 - Check plugin memorymap
2026-01-02 20:47:16,193 [INFO] PluginManage:359 - Loaded plugin memorymap (category:base,tabindex:4)
2026-01-02 20:47:16,193 [INFO] PluginManage:310 - Check plugin pinoutandconfiguration
2026-01-02 20:47:16,216 [INFO] PluginManage:359 - Loaded plugin pinoutandconfiguration (category:base,tabindex:1)
2026-01-02 20:47:16,216 [INFO] PluginManage:310 - Check plugin pinoutconfig
2026-01-02 20:47:16,332 [WARN] SupportedApi:132 - Cannot load RTOS API schema: s4s-elt-must-match.1: The content of 'definitions' must match (annotation?, (simpleType | complexType)?, (unique | key | keyref)*)). A problem was found starting at: attribute.
2026-01-02 20:47:16,539 [INFO] PluginManage:359 - Loaded plugin pinoutconfig (category:base,tabindex:0)
2026-01-02 20:47:16,539 [INFO] PluginManage:310 - Check plugin power
2026-01-02 20:47:16,572 [INFO] PluginManage:359 - Loaded plugin power (category:power,tabindex:4)
2026-01-02 20:47:16,572 [INFO] PluginManage:310 - Check plugin projectmanager
2026-01-02 20:47:16,591 [INFO] PluginManage:359 - Loaded plugin projectmanager (category:projectmanager,tabindex:4)
2026-01-02 20:47:16,591 [INFO] PluginManage:310 - Check plugin rif
2026-01-02 20:47:16,620 [INFO] PluginManage:359 - Loaded plugin rif (category:base,tabindex:3)
2026-01-02 20:47:16,620 [INFO] PluginManage:310 - Check plugin thirdparty
2026-01-02 20:47:17,086 [INFO] PluginManage:359 - Loaded plugin thirdparty (category:base,tabindex:-1)
2026-01-02 20:47:17,086 [WARN] IntegrityCheckThread:84 - waiting for thirdparty lock release [integrity check]
2026-01-02 20:47:17,086 [INFO] PluginManage:310 - Check plugin tools
2026-01-02 20:47:17,086 [INFO] IntegrityCheckThread:86 - entering critical section [integrity check]
2026-01-02 20:47:17,086 [INFO] ThirdPartyUpdaterWithRetryManager:70 - Updater plugin not ready yet. [1/15]
2026-01-02 20:47:17,148 [INFO] PluginManage:359 - Loaded plugin tools (category:base,tabindex:7)
2026-01-02 20:47:17,148 [INFO] PluginManage:310 - Check plugin tutovideos
2026-01-02 20:47:17,448 [INFO] PluginManage:359 - Loaded plugin tutovideos (category:base,tabindex:-1)
2026-01-02 20:47:17,448 [INFO] PluginManage:310 - Check plugin updater
2026-01-02 20:47:17,476 [INFO] PluginManage:359 - Loaded plugin updater (category:base,tabindex:12)
2026-01-02 20:47:17,477 [INFO] PluginManage:310 - Check plugin userauth
2026-01-02 20:47:17,481 [INFO] UserAuth:118 - Init User Auth plugin
2026-01-02 20:47:17,483 [INFO] PluginManage:359 - Loaded plugin userauth (category:base,tabindex:14)
2026-01-02 20:47:17,483 [INFO] PluginManage:283 - PluginManage : Loaded plugins [18]
2026-01-02 20:47:17,768 [INFO] PinOutPanel:1589 - setPackage(No Configuration,No Configuration)
2026-01-02 20:47:17,886 [INFO] CADModel:165 - CPN selected for project level
2026-01-02 20:47:17,887 [INFO] CADModel:114 - Register for checkConnection events
2026-01-02 20:47:17,923 [INFO] IPUIPlugin:80 - create IPUIPlugin
2026-01-02 20:47:17,924 [INFO] PluginManager:220 - loadIPPluginJar : add adc
2026-01-02 20:47:17,987 [INFO] IPUIPlugin:80 - create IPUIPlugin
2026-01-02 20:47:17,987 [INFO] PluginManager:220 - loadIPPluginJar : add aes
2026-01-02 20:47:18,045 [INFO] IPUIPlugin:80 - create IPUIPlugin
2026-01-02 20:47:18,046 [INFO] PluginManager:220 - loadIPPluginJar : add can
2026-01-02 20:47:18,083 [INFO] IPUIPlugin:80 - create IPUIPlugin
2026-01-02 20:47:18,083 [INFO] PluginManager:220 - loadIPPluginJar : add comp
2026-01-02 20:47:18,159 [INFO] IPUIPlugin:80 - create IPUIPlugin
2026-01-02 20:47:18,159 [INFO] PluginManager:220 - loadIPPluginJar : add cryp
2026-01-02 20:47:18,181 [INFO] IPUIPlugin:80 - create IPUIPlugin
2026-01-02 20:47:18,181 [INFO] PluginManager:220 - loadIPPluginJar : add ddr_ctrl_phy
2026-01-02 20:47:18,241 [INFO] IPUIPlugin:80 - create IPUIPlugin
2026-01-02 20:47:18,241 [INFO] PluginManager:220 - loadIPPluginJar : add dfsdm
2026-01-02 20:47:18,259 [INFO] IPUIPlugin:80 - create IPUIPlugin
2026-01-02 20:47:18,260 [INFO] PluginManager:220 - loadIPPluginJar : add dma
2026-01-02 20:47:18,319 [INFO] IPUIPlugin:80 - create IPUIPlugin
2026-01-02 20:47:18,319 [INFO] PluginManager:220 - loadIPPluginJar : add dma3
2026-01-02 20:47:18,392 [INFO] IPUIPlugin:80 - create IPUIPlugin
2026-01-02 20:47:18,392 [INFO] PluginManager:220 - loadIPPluginJar : add extmemmanager
2026-01-02 20:47:18,419 [INFO] IPUIPlugin:80 - create IPUIPlugin
2026-01-02 20:47:18,419 [INFO] PluginManager:220 - loadIPPluginJar : add fatfs
2026-01-02 20:47:18,476 [INFO] IPUIPlugin:80 - create IPUIPlugin
2026-01-02 20:47:18,476 [INFO] PluginManager:220 - loadIPPluginJar : add fmc
2026-01-02 20:47:18,494 [INFO] IPUIPlugin:80 - create IPUIPlugin
2026-01-02 20:47:18,494 [INFO] PluginManager:220 - loadIPPluginJar : add freertos
2026-01-02 20:47:18,524 [INFO] IPUIPlugin:80 - create IPUIPlugin
2026-01-02 20:47:18,524 [INFO] PluginManager:220 - loadIPPluginJar : add genericplugin
2026-01-02 20:47:18,635 [INFO] IPUIPlugin:80 - create IPUIPlugin
2026-01-02 20:47:18,635 [INFO] PluginManager:220 - loadIPPluginJar : add gfxmmu
2026-01-02 20:47:18,794 [INFO] IPUIPlugin:80 - create IPUIPlugin
2026-01-02 20:47:18,794 [INFO] PluginManager:220 - loadIPPluginJar : add gic
2026-01-02 20:47:18,810 [INFO] IPUIPlugin:80 - create IPUIPlugin
2026-01-02 20:47:18,810 [INFO] PluginManager:220 - loadIPPluginJar : add gpio
2026-01-02 20:47:18,926 [INFO] IPUIPlugin:80 - create IPUIPlugin
2026-01-02 20:47:18,926 [INFO] PluginManager:220 - loadIPPluginJar : add gtzc
2026-01-02 20:47:18,968 [INFO] IPUIPlugin:80 - create IPUIPlugin
2026-01-02 20:47:18,968 [INFO] PluginManager:220 - loadIPPluginJar : add hash
2026-01-02 20:47:19,034 [INFO] IPUIPlugin:80 - create IPUIPlugin
2026-01-02 20:47:19,034 [INFO] PluginManager:220 - loadIPPluginJar : add i2c
2026-01-02 20:47:19,083 [INFO] IPUIPlugin:80 - create IPUIPlugin
2026-01-02 20:47:19,083 [INFO] PluginManager:220 - loadIPPluginJar : add i2s
2026-01-02 20:47:19,136 [INFO] IPUIPlugin:80 - create IPUIPlugin
2026-01-02 20:47:19,136 [INFO] PluginManager:220 - loadIPPluginJar : add i3c
2026-01-02 20:47:19,257 [INFO] IPUIPlugin:80 - create IPUIPlugin
2026-01-02 20:47:19,257 [INFO] PluginManager:220 - loadIPPluginJar : add ipddr
2026-01-02 20:47:19,374 [INFO] IPUIPlugin:80 - create IPUIPlugin
2026-01-02 20:47:19,374 [INFO] PluginManager:220 - loadIPPluginJar : add linkedlist
2026-01-02 20:47:19,419 [INFO] IPUIPlugin:80 - create IPUIPlugin
2026-01-02 20:47:19,419 [INFO] PluginManager:220 - loadIPPluginJar : add lorawan
2026-01-02 20:47:19,465 [INFO] IPUIPlugin:80 - create IPUIPlugin
2026-01-02 20:47:19,465 [INFO] PluginManager:220 - loadIPPluginJar : add ltdc
2026-01-02 20:47:19,481 [INFO] IPUIPlugin:80 - create IPUIPlugin
2026-01-02 20:47:19,481 [INFO] PluginManager:220 - loadIPPluginJar : add mdma
2026-01-02 20:47:19,495 [INFO] IPUIPlugin:80 - create IPUIPlugin
2026-01-02 20:47:19,495 [INFO] PluginManager:220 - loadIPPluginJar : add nvic
2026-01-02 20:47:19,546 [INFO] IPUIPlugin:80 - create IPUIPlugin
2026-01-02 20:47:19,546 [INFO] PluginManager:220 - loadIPPluginJar : add opamp
2026-01-02 20:47:19,623 [INFO] IPUIPlugin:80 - create IPUIPlugin
2026-01-02 20:47:19,623 [INFO] PluginManager:220 - loadIPPluginJar : add openamp
2026-01-02 20:47:19,682 [INFO] IPUIPlugin:80 - create IPUIPlugin
2026-01-02 20:47:19,682 [INFO] PluginManager:220 - loadIPPluginJar : add pdm2pcm
2026-01-02 20:47:19,699 [INFO] IPUIPlugin:80 - create IPUIPlugin
2026-01-02 20:47:19,701 [INFO] PluginManager:220 - loadIPPluginJar : add plateformsettings
2026-01-02 20:47:19,730 [INFO] IPUIPlugin:80 - create IPUIPlugin
2026-01-02 20:47:19,730 [INFO] PluginManager:220 - loadIPPluginJar : add quadspi
2026-01-02 20:47:19,762 [INFO] IPUIPlugin:80 - create IPUIPlugin
2026-01-02 20:47:19,763 [INFO] PluginManager:220 - loadIPPluginJar : add radio
2026-01-02 20:47:19,778 [INFO] IPUIPlugin:80 - create IPUIPlugin
2026-01-02 20:47:19,778 [INFO] PluginManager:220 - loadIPPluginJar : add resmgrutility
2026-01-02 20:47:19,837 [INFO] IPUIPlugin:80 - create IPUIPlugin
2026-01-02 20:47:19,837 [INFO] PluginManager:220 - loadIPPluginJar : add sai
2026-01-02 20:47:19,884 [INFO] IPUIPlugin:80 - create IPUIPlugin
2026-01-02 20:47:19,885 [INFO] PluginManager:220 - loadIPPluginJar : add spi
2026-01-02 20:47:19,978 [INFO] IPUIPlugin:80 - create IPUIPlugin
2026-01-02 20:47:19,978 [INFO] PluginManager:220 - loadIPPluginJar : add stm32_wpan
2026-01-02 20:47:20,008 [INFO] IPUIPlugin:80 - create IPUIPlugin
2026-01-02 20:47:20,008 [INFO] PluginManager:220 - loadIPPluginJar : add tim
2026-01-02 20:47:20,088 [INFO] ThirdPartyUpdaterWithRetryManager:70 - Updater plugin not ready yet. [2/15]
2026-01-02 20:47:20,098 [INFO] IPUIPlugin:80 - create IPUIPlugin
2026-01-02 20:47:20,098 [INFO] PluginManager:220 - loadIPPluginJar : add touchsensing
2026-01-02 20:47:20,128 [INFO] IPUIPlugin:80 - create IPUIPlugin
2026-01-02 20:47:20,128 [INFO] PluginManager:220 - loadIPPluginJar : add tracer_emb
2026-01-02 20:47:20,169 [INFO] IPUIPlugin:80 - create IPUIPlugin
2026-01-02 20:47:20,170 [INFO] PluginManager:220 - loadIPPluginJar : add ts
2026-01-02 20:47:20,205 [INFO] IPUIPlugin:80 - create IPUIPlugin
2026-01-02 20:47:20,205 [INFO] PluginManager:220 - loadIPPluginJar : add tsc
2026-01-02 20:47:20,238 [INFO] IPUIPlugin:80 - create IPUIPlugin
2026-01-02 20:47:20,238 [INFO] PluginManager:220 - loadIPPluginJar : add ucpd
2026-01-02 20:47:20,326 [INFO] IPUIPlugin:80 - create IPUIPlugin
2026-01-02 20:47:20,329 [INFO] PluginManager:220 - loadIPPluginJar : add usart
2026-01-02 20:47:20,415 [INFO] IPUIPlugin:80 - create IPUIPlugin
2026-01-02 20:47:20,415 [INFO] PluginManager:220 - loadIPPluginJar : add usbx
2026-01-02 20:47:20,543 [FATAL] Updater:351 - Updater called before beeing initialized
2026-01-02 20:47:20,570 [INFO] RulesReader:64 - Compatibility file has been processed (317 Rules)
2026-01-02 20:47:20,581 [INFO] RulesReader:64 - Compatibility file has been processed (317 Rules)
2026-01-02 20:47:20,591 [INFO] CADModel:165 - CPN selected for project level
2026-01-02 20:47:20,591 [INFO] CADModel:114 - Register for checkConnection events
2026-01-02 20:47:20,591 [FATAL] Updater:351 - Updater called before beeing initialized
2026-01-02 20:47:20,591 [ERROR] CADModel:125 - Updater not yet initialized, retry later 
2026-01-02 20:47:20,742 [FATAL] Updater:351 - Updater called before beeing initialized
2026-01-02 20:47:20,744 [INFO] CADModel:165 - CPN selected for project level
2026-01-02 20:47:20,744 [INFO] CADModel:114 - Register for checkConnection events
2026-01-02 20:47:20,744 [FATAL] Updater:351 - Updater called before beeing initialized
2026-01-02 20:47:20,744 [ERROR] CADModel:125 - Updater not yet initialized, retry later 
2026-01-02 20:47:20,747 [FATAL] Updater:351 - Updater called before beeing initialized
2026-01-02 20:47:20,855 [FATAL] Updater:351 - Updater called before beeing initialized
2026-01-02 20:47:20,868 [INFO] DbMcusAds:53 - JSON generation date=Thu Oct 02 16:36:05 ICT 2025 (1759397765645)
2026-01-02 20:47:20,868 [FATAL] Updater:351 - Updater called before beeing initialized
2026-01-02 20:47:20,906 [WARN] DetailPanel:346 - Failed to get advertising image, set to default
2026-01-02 20:47:20,987 [FATAL] Updater:351 - Updater called before beeing initialized
2026-01-02 20:47:20,988 [FATAL] Updater:351 - Updater called before beeing initialized
2026-01-02 20:47:20,989 [FATAL] Updater:351 - Updater called before beeing initialized
2026-01-02 20:47:20,989 [WARN] DetailPanel:346 - Failed to get advertising image, set to default
2026-01-02 20:47:20,990 [FATAL] Updater:351 - Updater called before beeing initialized
2026-01-02 20:47:21,083 [ERROR] Updater:1198 - MainUpdater not yet initialized. External WinMGr cannot be set.
2026-01-02 20:47:21,103 [INFO] Updater:1134 - Updater Version found : 6.15.0
2026-01-02 20:47:21,130 [INFO] ApplicationProperties:184 - Using Application install path: C:\ST\STM32CubeIDE_1.19.0\STM32CubeIDE\plugins\com.st.stm32cube.common.mx_6.15.0.202507011659
2026-01-02 20:47:22,752 [ERROR] LogOutputStream:75 - [STDERR_REDIRECT] Jan 02, 2026 8:47:22 PM java.util.prefs.WindowsPreferences <init>
2026-01-02 20:47:22,753 [ERROR] LogOutputStream:75 - [STDERR_REDIRECT] WARNING: Could not open/create prefs root node Software\JavaSoft\Prefs at root 0xffffffff80000002. Windows RegCreateKeyEx(...) returned error code 5.
2026-01-02 20:47:22,753 [ERROR] LogOutputStream:75 - [STDERR_REDIRECT] 
2026-01-02 20:47:23,097 [INFO] ThirdPartyUpdaterWithRetryManager:70 - Updater plugin not ready yet. [3/15]
2026-01-02 20:47:23,261 [INFO] MainUpdater:2872 - connection check result : 10
2026-01-02 20:47:23,261 [INFO] MainUpdater:3604 - Updater definition file requires update
2026-01-02 20:47:23,262 [INFO] MainUpdater:289 - Updater Check For Update Now.
2026-01-02 20:47:23,262 [INFO] MicroXplorer:498 - Change Database Version : DB.6.0.150
2026-01-02 20:47:23,293 [INFO] McuFinderGlobals:63 - Set McuFinder mode to 2 (CubeIDE integrated)
2026-01-02 20:47:23,294 [INFO] UserAuth:171 - activating auth plugin
2026-01-02 20:47:23,296 [INFO] UserAuth:487 - Internet connection configuration mode: 1
2026-01-02 20:47:23,338 [INFO] JxBrowserEngine:152 - Initiate JxBrowser Engine with user profile folder
2026-01-02 20:47:23,445 [INFO] ServerAccessManage:452 - Complete download http(s) 200
2026-01-02 20:47:23,447 [INFO] ServerAccessManage:509 - Download File updaters.zip
2026-01-02 20:47:23,578 [INFO] FileExtend:248 - Unzip File : updaters.zip
2026-01-02 20:47:23,578 [INFO] FileExtend:263 - Standard Zip Deflate
2026-01-02 20:47:25,338 [INFO] ServerAccessManage:452 - Complete download http(s) 200
2026-01-02 20:47:25,339 [INFO] ServerAccessManage:509 - Download File PacksControlFlags.xml
2026-01-02 20:47:25,682 [INFO] ServerAccessManage:452 - Complete download http(s) 200
2026-01-02 20:47:25,682 [INFO] ServerAccessManage:509 - Download File cubemx.pidx
2026-01-02 20:47:25,954 [INFO] LoadServerUpdatesThread:375 - End of LoadServerUpdate Thread
2026-01-02 20:47:26,107 [WARN] MainUpdater:1193 - Updater busy. Cannot search thirdparties
2026-01-02 20:47:26,109 [INFO] ThirdPartyUpdaterWithRetryManager:96 - Updater plugin is busy. [1/15]
2026-01-02 20:47:26,206 [INFO] CheckServerUpdateThread:120 - End of CheckServer Thread
2026-01-02 20:47:26,266 [INFO] WebApp:169 - Instantiating new browser for Auth
2026-01-02 20:47:27,161 [INFO] WebApp:463 - Apply proxy settings
2026-01-02 20:47:27,161 [INFO] WebApp:548 - Chromium requires no authentication
2026-01-02 20:47:27,171 [INFO] WebApp:491 - Direct internet connection detected
2026-01-02 20:47:27,202 [INFO] WebApp:900 - Register for checkConnection events
2026-01-02 20:47:27,202 [INFO] WebApp:463 - Apply proxy settings
2026-01-02 20:47:27,202 [INFO] WebApp:548 - Chromium requires no authentication
2026-01-02 20:47:27,202 [INFO] WebApp:491 - Direct internet connection detected
2026-01-02 20:47:27,579 [INFO] WebApp:191 - Connection restablished
2026-01-02 20:47:27,704 [INFO] WebApp:225 - Starting web application
2026-01-02 20:47:27,704 [INFO] WebApp:593 - Web application path used C:\ST\STM32CubeIDE_1.19.0\STM32CubeIDE\plugins\com.st.stm32cube.common.mx_6.15.0.202507011659\db\plugins\mcufinder\reactClient1\index.html
2026-01-02 20:47:29,431 [WARN] PackLoader:240 - Cannot read IP mode file for STMicroelectronics.FP-SNS-MOTENVWB1.1.4.0
2026-01-02 20:47:29,454 [WARN] PackLoader:240 - Cannot read IP mode file for STMicroelectronics.FP-ATR-ASTRA1.2.0.2
2026-01-02 20:47:29,474 [WARN] PackLoader:240 - Cannot read IP mode file for STMicroelectronics.X-CUBE-SMBUS.2.1.0
2026-01-02 20:47:29,494 [WARN] PackLoader:240 - Cannot read IP mode file for STMicroelectronics.X-CUBE-ST60.1.0.0
2026-01-02 20:47:29,555 [WARN] PackLoader:240 - Cannot read IP mode file for STMicroelectronics.X-CUBE-AZRTOS-F7.1.1.0
2026-01-02 20:47:29,587 [WARN] PackLoader:240 - Cannot read IP mode file for Cesanta.I-CUBE-Mongoose.7.19.0
2026-01-02 20:47:29,607 [WARN] PackLoader:240 - Cannot read IP mode file for STMicroelectronics.FP-SNS-MOTENV1.5.1.0
2026-01-02 20:47:29,635 [WARN] PackLoader:240 - Cannot read IP mode file for WES.I-CUBE-Cesium.1.4.0
2026-01-02 20:47:29,711 [WARN] PackLoader:240 - Cannot read IP mode file for Infineon.AIROC-Wi-Fi-Bluetooth-STM32.1.7.1
2026-01-02 20:47:29,782 [WARN] PackLoader:240 - Cannot read IP mode file for STMicroelectronics.X-CUBE-AZRTOS-H7.3.4.0
2026-01-02 20:47:29,815 [WARN] PackLoader:240 - Cannot read IP mode file for STMicroelectronics.X-CUBE-DISPLAY.3.0.0
2026-01-02 20:47:29,841 [WARN] PackLoader:240 - Cannot read IP mode file for STMicroelectronics.X-CUBE-NFC10.1.0.0
2026-01-02 20:47:29,857 [WARN] PackLoader:240 - Cannot read IP mode file for STMicroelectronics.X-CUBE-ST60.1.1.0
2026-01-02 20:47:29,875 [WARN] PackLoader:240 - Cannot read IP mode file for emotas.I-CUBE-CANOPEN.1.3.0
2026-01-02 20:47:29,892 [WARN] PackLoader:240 - Cannot read IP mode file for STMicroelectronics.X-CUBE-GNSS1.7.1.0
2026-01-02 20:47:29,913 [WARN] PackLoader:240 - Cannot read IP mode file for STMicroelectronics.FP-SNS-STBOX1.2.1.0
2026-01-02 20:47:29,932 [WARN] PackLoader:240 - Cannot read IP mode file for STMicroelectronics.FP-SNS-SMARTAG2.1.2.0
2026-01-02 20:47:29,950 [WARN] PackLoader:240 - Cannot read IP mode file for STMicroelectronics.FP-SNS-FLIGHT1.5.1.0
2026-01-02 20:47:29,980 [INFO] LogOutputStream:77 - [STDOUT_REDIRECT] 1 : Invalid condition id : UX_CORESTACK_Condition cause : null
2026-01-02 20:47:29,980 [INFO] LogOutputStream:77 - [STDOUT_REDIRECT] 1 : Invalid condition id : UX_CORESTACK_Condition cause : null
2026-01-02 20:47:29,981 [INFO] LogOutputStream:77 - [STDOUT_REDIRECT] 1 : Invalid condition id : UX_CORESTACK_Condition cause : null
2026-01-02 20:47:29,982 [INFO] LogOutputStream:77 - [STDOUT_REDIRECT] 1 : Invalid condition id : UX_CORESTACK_Condition cause : null
2026-01-02 20:47:29,983 [INFO] LogOutputStream:77 - [STDOUT_REDIRECT] 1 : Invalid condition id : UX_CORESTACK_Condition cause : null
2026-01-02 20:47:29,987 [WARN] PackLoader:240 - Cannot read IP mode file for STMicroelectronics.X-CUBE-AZRTOS-WL.2.0.0
2026-01-02 20:47:30,007 [WARN] PackLoader:240 - Cannot read IP mode file for STMicroelectronics.FP-SNS-MOTENV1.5.0.0
2026-01-02 20:47:30,050 [WARN] PackLoader:240 - Cannot read IP mode file for STMicroelectronics.X-CUBE-AZRTOS-H7RS.1.2.0
2026-01-02 20:47:30,067 [WARN] PackLoader:240 - Cannot read IP mode file for STMicroelectronics.X-CUBE-BLE2.3.3.0
2026-01-02 20:47:30,123 [WARN] PackLoader:240 - Cannot read IP mode file for STMicroelectronics.X-CUBE-NFC9.1.0.0
2026-01-02 20:47:30,139 [WARN] PackLoader:240 - Cannot read IP mode file for wolfSSL.I-CUBE-wolfSSL.5.8.2
2026-01-02 20:47:30,166 [WARN] PackLoader:240 - Cannot read IP mode file for STMicroelectronics.X-CUBE-BLE1.7.1.0
2026-01-02 20:47:30,183 [WARN] PackLoader:240 - Cannot read IP mode file for wolfSSL.I-CUBE-wolfMQTT.1.19.2
2026-01-02 20:47:30,218 [WARN] PackLoader:240 - Cannot read IP mode file for STMicroelectronics.X-CUBE-FREERTOS.1.4.0
2026-01-02 20:47:30,235 [WARN] PackLoader:240 - Cannot read IP mode file for STMicroelectronics.X-CUBE-EEPRMA1.5.2.0
2026-01-02 20:47:30,253 [WARN] PackLoader:240 - Cannot read IP mode file for STMicroelectronics.X-CUBE-ST67W61.1.1.0
2026-01-02 20:47:30,333 [WARN] PackLoader:240 - Cannot read IP mode file for STMicroelectronics.X-CUBE-MEMS1.12.0.0
2026-01-02 20:47:30,488 [WARN] PackLoader:240 - Cannot read IP mode file for STMicroelectronics.X-CUBE-AZRTOS-G0.1.1.0
2026-01-02 20:47:30,511 [WARN] PackLoader:240 - Cannot read IP mode file for STMicroelectronics.X-CUBE-SAFEA1.1.2.2
2026-01-02 20:47:30,536 [WARN] PackLoader:240 - Cannot read IP mode file for STMicroelectronics.X-CUBE-NFC4.3.0.0
2026-01-02 20:47:30,558 [WARN] PackLoader:240 - Cannot read IP mode file for EmbeddedOffice.I-CUBE-FS-RTOS.1.0.1
2026-01-02 20:47:30,579 [WARN] PackLoader:240 - Cannot read IP mode file for STMicroelectronics.X-CUBE-WB05N.2.0.0
2026-01-02 20:47:30,598 [WARN] PackLoader:240 - Cannot read IP mode file for wolfSSL.I-CUBE-wolfTPM.3.8.0
2026-01-02 20:47:30,615 [WARN] PackLoader:240 - Cannot read IP mode file for STMicroelectronics.X-CUBE-TCPP.4.2.0
2026-01-02 20:47:30,641 [WARN] PackLoader:240 - Cannot read IP mode file for RealThread.X-CUBE-RT-Thread_Nano.4.1.1
2026-01-02 20:47:30,661 [WARN] PackLoader:240 - Cannot read IP mode file for STMicroelectronics.FP-ATR-SIGFOX1.3.2.0
2026-01-02 20:47:30,683 [WARN] PackLoader:240 - Cannot read IP mode file for ITTIA_DB.I-CUBE-ITTIADB.8.9.0
2026-01-02 20:47:30,702 [WARN] PackLoader:240 - Cannot read IP mode file for STMicroelectronics.X-CUBE-ST67W61.1.0.0
2026-01-02 20:47:30,724 [WARN] PackLoader:240 - Cannot read IP mode file for STMicroelectronics.X-CUBE-AI.10.2.0
2026-01-02 20:47:30,762 [WARN] PackLoader:240 - Cannot read IP mode file for SEGGER.I-CUBE-embOS.1.3.1
2026-01-02 20:47:30,809 [WARN] PackLoader:240 - Cannot read IP mode file for STMicroelectronics.X-CUBE-ALGOBUILD.1.4.0
2026-01-02 20:47:30,885 [WARN] PackLoader:240 - Cannot read IP mode file for STMicroelectronics.X-CUBE-MEMS1.11.3.0
2026-01-02 20:47:30,993 [WARN] PackLoader:240 - Cannot read IP mode file for STMicroelectronics.X-CUBE-PM33A1.1.0.0
2026-01-02 20:47:31,032 [WARN] PackLoader:240 - Cannot read IP mode file for STMicroelectronics.X-CUBE-AZRTOS-F4.1.1.0
2026-01-02 20:47:31,053 [WARN] PackLoader:240 - Cannot read IP mode file for STMicroelectronics.X-CUBE-ISPU.2.1.0
2026-01-02 20:47:31,084 [WARN] PackLoader:240 - Cannot read IP mode file for STMicroelectronics.X-CUBE-IPS.3.2.0
2026-01-02 20:47:31,110 [WARN] PackLoader:240 - Cannot read IP mode file for STMicroelectronics.X-CUBE-NFC12.1.0.0
2026-01-02 20:47:31,148 [WARN] PackLoader:240 - Cannot read IP mode file for STMicroelectronics.X-CUBE-AZRTOS-L5.2.0.0
2026-01-02 20:47:31,172 [WARN] PackLoader:240 - Cannot read IP mode file for STMicroelectronics.X-CUBE-NFC6.3.1.0
2026-01-02 20:47:31,191 [WARN] PackLoader:240 - Cannot read IP mode file for STMicroelectronics.X-CUBE-FREERTOS.1.3.1
2026-01-02 20:47:31,210 [WARN] PackLoader:240 - Cannot read IP mode file for STMicroelectronics.X-CUBE-TOUCHGFX.4.26.0
2026-01-02 20:47:31,226 [WARN] PackLoader:240 - Cannot read IP mode file for STMicroelectronics.FP-SNS-STAIOTCFT.1.0.0
2026-01-02 20:47:31,242 [WARN] PackLoader:240 - Cannot read IP mode file for STMicroelectronics.X-CUBE-DPower.1.3.0
2026-01-02 20:47:31,280 [WARN] ConditionMgr:438 - getConditionDescription Invalid condition id : LAN8742 Phy interface Condition cause : null
2026-01-02 20:47:31,281 [WARN] PackLoader:240 - Cannot read IP mode file for STMicroelectronics.X-CUBE-AZRTOS-L4.2.0.0
2026-01-02 20:47:31,282 [WARN] ConditionMgr:1044 - genDependencies : Invalid condition id : LAN8742 Phy interface Condition cause : null
2026-01-02 20:47:31,282 [WARN] ConditionMgr:1044 - genDependencies : Invalid condition id : LAN8742 Phy interface Condition cause : null
2026-01-02 20:47:31,283 [WARN] ConditionMgr:1044 - genDependencies : Invalid condition id : LAN8742 Phy interface Condition cause : null
2026-01-02 20:47:31,306 [WARN] PackLoader:240 - Cannot read IP mode file for STMicroelectronics.X-CUBE-SFXS2LP1.4.0.0
2026-01-02 20:47:31,332 [WARN] PackLoader:240 - Cannot read IP mode file for STMicroelectronics.X-CUBE-BLEMGR.4.1.0
2026-01-02 20:47:31,364 [WARN] ConditionMgr:438 - getConditionDescription Invalid condition id : UX DEVICE CLASS RTOS Condition cause : null
2026-01-02 20:47:31,365 [WARN] ConditionMgr:438 - getConditionDescription Invalid condition id : UX DEVICE CLASS RTOS Condition cause : null
2026-01-02 20:47:31,367 [WARN] PackLoader:240 - Cannot read IP mode file for STMicroelectronics.X-CUBE-AZRTOS-WB.2.0.0
2026-01-02 20:47:31,368 [WARN] ConditionMgr:1044 - genDependencies : Invalid condition id : UX DEVICE CLASS RTOS Condition cause : null
2026-01-02 20:47:31,368 [WARN] ConditionMgr:1044 - genDependencies : Invalid condition id : UX DEVICE CLASS RTOS Condition cause : null
2026-01-02 20:47:31,368 [WARN] ConditionMgr:1044 - genDependencies : Invalid condition id : UX DEVICE CLASS RTOS Condition cause : null
2026-01-02 20:47:31,368 [WARN] ConditionMgr:1044 - genDependencies : Invalid condition id : UX DEVICE CLASS RTOS Condition cause : null
2026-01-02 20:47:31,368 [WARN] ConditionMgr:1044 - genDependencies : Invalid condition id : UX DEVICE CLASS RTOS Condition cause : null
2026-01-02 20:47:31,385 [WARN] PackLoader:240 - Cannot read IP mode file for STMicroelectronics.X-CUBE-GNSS1.7.0.1
2026-01-02 20:47:31,404 [WARN] ConditionMgr:438 - getConditionDescription Invalid condition id : Cortex-A Device cause : null
2026-01-02 20:47:31,427 [WARN] ConditionMgr:1044 - genDependencies : Invalid condition id : Cortex-A Device cause : null
2026-01-02 20:47:31,427 [WARN] ConditionMgr:1044 - genDependencies : Invalid condition id : Cortex-A Device cause : null
2026-01-02 20:47:31,428 [WARN] ConditionMgr:1044 - genDependencies : Invalid condition id : Cortex-A Device cause : null
2026-01-02 20:47:31,453 [WARN] PackLoader:240 - Cannot read IP mode file for STMicroelectronics.X-CUBE-SUBG2.5.0.0
2026-01-02 20:47:31,494 [WARN] PackLoader:240 - Cannot read IP mode file for STMicroelectronics.X-CUBE-AZRTOS-H7RS.1.1.0
2026-01-02 20:47:31,527 [WARN] PackLoader:240 - Cannot read IP mode file for STMicroelectronics.X-CUBE-AZRTOS-G4.2.0.0
2026-01-02 20:47:31,562 [WARN] PackLoader:240 - Cannot read IP mode file for wolfSSL.I-CUBE-wolfSSH.1.4.20
2026-01-02 20:47:31,593 [WARN] PackLoader:240 - Cannot read IP mode file for STMicroelectronics.X-CUBE-NFC7.2.0.0
2026-01-02 20:47:31,637 [WARN] PackLoader:240 - Cannot read IP mode file for STMicroelectronics.X-CUBE-IPS.3.1.0
2026-01-02 20:47:31,670 [WARN] PackLoader:240 - Cannot read IP mode file for STMicroelectronics.X-CUBE-ALS.1.0.2
2026-01-02 20:47:31,711 [WARN] PackLoader:240 - Cannot read IP mode file for STMicroelectronics.X-CUBE-STSE01.1.0.0
2026-01-02 20:47:31,753 [WARN] PackLoader:240 - Cannot read IP mode file for STMicroelectronics.X-CUBE-TOF1.3.4.3
2026-01-02 20:47:31,765 [INFO] ThirdParty:978 - Integrity check success = true
2026-01-02 20:47:31,765 [INFO] IntegrityCheckThread:100 - exiting critical section [integrity check]
2026-01-02 20:47:31,765 [INFO] IntegrityCheckThread:103 - End integrity checks thread
2026-01-02 20:51:59,237 [ERROR] LogOutputStream:75 - [STDERR_REDIRECT] 
2026-01-02 20:51:59,238 [ERROR] LogOutputStream:75 - [STDERR_REDIRECT] 
