2025-11-30 22:08:57,350 [INFO] Activator:176 - 


2025-11-30 22:08:57,356 [INFO] Activator:177 - !SESSION log4j initialized
2025-11-30 22:09:04,668 [INFO] LogOutputStream:77 - [STDOUT_REDIRECT] 
2025-11-30 22:09:05,926 [INFO] ApplicationProperties:184 - Using Application install path: C:\ST\STM32CubeIDE_1.19.0\STM32CubeIDE\plugins\com.st.stm32cube.common.mx_6.15.0.202507011659
2025-11-30 22:09:05,943 [INFO] DbMcusXml:78 - Set database path to: C:\ST\STM32CubeIDE_1.19.0\STM32CubeIDE\plugins\com.st.stm32cube.common.mx_6.15.0.202507011659\\db\/mcu/
2025-11-30 22:09:05,944 [INFO] ApiDb:274 - Set plugin database path to: C:\ST\STM32CubeIDE_1.19.0\STM32CubeIDE\plugins\com.st.stm32cube.common.mx_6.15.0.202507011659\\db\/plugins/boardmanager/
2025-11-30 22:09:05,944 [WARN] ApiDb:259 - Overriding images path with different value:  => C:\ST\STM32CubeIDE_1.19.0\STM32CubeIDE\plugins\com.st.stm32cube.common.mx_6.15.0.202507011659\\db\/plugins/mcufinder/images/
2025-11-30 22:09:05,961 [INFO] ApiDb:250 - Set database path to: C:\Users\ASUS\.stmcufinder\plugins\mcufinder//mcu/
2025-11-30 22:09:05,962 [INFO] DbMcusAds:125 - Set database path to: C:\Users\ASUS\.stmcufinder\plugins\mcufinder//mcu/
2025-11-30 22:09:05,966 [INFO] CrossReferenceDbSqlite:203 - Set database path to: C:\Users\ASUS\.stmcufinder\plugins\mcufinder//mcu/cs/
2025-11-30 22:09:06,089 [INFO] RulesReader:64 - Compatibility file has been processed (317 Rules)
2025-11-30 22:09:06,178 [INFO] DbMcusXml:78 - Set database path to: C:\ST\STM32CubeIDE_1.19.0\STM32CubeIDE\plugins\com.st.stm32cube.common.mx_6.15.0.202507011659\\db\/mcu/
2025-11-30 22:09:06,178 [INFO] ApiDb:274 - Set plugin database path to: C:\ST\STM32CubeIDE_1.19.0\STM32CubeIDE\plugins\com.st.stm32cube.common.mx_6.15.0.202507011659\\db\/plugins/boardmanager/
2025-11-30 22:09:06,178 [INFO] ApiDb:261 - Set plugin images path to: C:\ST\STM32CubeIDE_1.19.0\STM32CubeIDE\plugins\com.st.stm32cube.common.mx_6.15.0.202507011659\\db\/plugins/mcufinder/images/
2025-11-30 22:09:06,179 [WARN] DbFile:41 - Overriding database path with different value: C:\Users\ASUS\.stmcufinder\plugins\mcufinder/ => C:\Users\ASUS\.stmcufinder\plugins\mcufinder
2025-11-30 22:09:06,179 [INFO] ApiDb:250 - Set database path to: C:\Users\ASUS\.stmcufinder\plugins\mcufinder//mcu/
2025-11-30 22:09:06,179 [WARN] DbFile:41 - Overriding database path with different value: C:\Users\ASUS\.stmcufinder\plugins\mcufinder/ => C:\Users\ASUS\.stmcufinder\plugins\mcufinder
2025-11-30 22:09:06,179 [INFO] DbMcusAds:125 - Set database path to: C:\Users\ASUS\.stmcufinder\plugins\mcufinder//mcu/
2025-11-30 22:09:06,179 [WARN] DbFile:41 - Overriding database path with different value: C:\Users\ASUS\.stmcufinder\plugins\mcufinder/ => C:\Users\ASUS\.stmcufinder\plugins\mcufinder
2025-11-30 22:09:06,179 [WARN] DbFile:41 - Overriding database path with different value: C:\Users\ASUS\.stmcufinder\plugins\mcufinder/ => C:\Users\ASUS\.stmcufinder\plugins\mcufinder
2025-11-30 22:09:06,179 [INFO] CrossReferenceDbSqlite:203 - Set database path to: C:\Users\ASUS\.stmcufinder\plugins\mcufinder//mcu/cs/
2025-11-30 22:09:06,272 [INFO] MainPanel:274 - HeapMemory: 268435456
2025-11-30 22:09:06,393 [INFO] DbMcusXml:78 - Set database path to: C:\ST\STM32CubeIDE_1.19.0\STM32CubeIDE\plugins\com.st.stm32cube.common.mx_6.15.0.202507011659\\db\/mcu/
2025-11-30 22:09:06,394 [INFO] ApiDb:274 - Set plugin database path to: C:\ST\STM32CubeIDE_1.19.0\STM32CubeIDE\plugins\com.st.stm32cube.common.mx_6.15.0.202507011659\\db\/plugins/boardmanager/
2025-11-30 22:09:06,394 [INFO] ApiDb:261 - Set plugin images path to: C:\ST\STM32CubeIDE_1.19.0\STM32CubeIDE\plugins\com.st.stm32cube.common.mx_6.15.0.202507011659\\db\/plugins/mcufinder/images/
2025-11-30 22:09:06,394 [WARN] DbFile:41 - Overriding database path with different value: C:\Users\ASUS\.stmcufinder\plugins\mcufinder/ => C:\Users\ASUS\.stmcufinder\plugins\mcufinder
2025-11-30 22:09:06,394 [INFO] ApiDb:250 - Set database path to: C:\Users\ASUS\.stmcufinder\plugins\mcufinder//mcu/
2025-11-30 22:09:06,394 [WARN] DbFile:41 - Overriding database path with different value: C:\Users\ASUS\.stmcufinder\plugins\mcufinder/ => C:\Users\ASUS\.stmcufinder\plugins\mcufinder
2025-11-30 22:09:06,394 [INFO] DbMcusAds:125 - Set database path to: C:\Users\ASUS\.stmcufinder\plugins\mcufinder//mcu/
2025-11-30 22:09:06,394 [WARN] DbFile:41 - Overriding database path with different value: C:\Users\ASUS\.stmcufinder\plugins\mcufinder/ => C:\Users\ASUS\.stmcufinder\plugins\mcufinder
2025-11-30 22:09:06,394 [WARN] DbFile:41 - Overriding database path with different value: C:\Users\ASUS\.stmcufinder\plugins\mcufinder/ => C:\Users\ASUS\.stmcufinder\plugins\mcufinder
2025-11-30 22:09:06,394 [INFO] CrossReferenceDbSqlite:203 - Set database path to: C:\Users\ASUS\.stmcufinder\plugins\mcufinder//mcu/cs/
2025-11-30 22:09:06,412 [INFO] ApplicationProperties:184 - Using Application install path: C:\ST\STM32CubeIDE_1.19.0\STM32CubeIDE\plugins\com.st.stm32cube.common.mx_6.15.0.202507011659
2025-11-30 22:09:06,414 [INFO] PluginManage:196 - Search for loadable plugins [exclusion list=, ]
2025-11-30 22:09:06,416 [INFO] PluginManage:310 - Check plugin analytics
2025-11-30 22:09:06,596 [INFO] AnalyticsPlugin:253 - Accepted Software Licenses: STM32CubeMX.6.12.1
2025-11-30 22:09:06,597 [INFO] AnalyticsPlugin:255 - Accepted CMSIS Pack Licenses: 
2025-11-30 22:09:06,597 [INFO] AnalyticsPlugin:257 - Accepted Firmware Licenses: 
2025-11-30 22:09:06,601 [INFO] PluginManage:359 - Loaded plugin analytics (category:tool,tabindex:-1)
2025-11-30 22:09:06,601 [INFO] PluginManage:310 - Check plugin cadmodel
2025-11-30 22:09:06,623 [INFO] CADModel:105 - Init CAD model plugin
2025-11-30 22:09:06,623 [INFO] PluginManage:359 - Loaded plugin cadmodel (category:power,tabindex:5)
2025-11-30 22:09:06,623 [INFO] PluginManage:310 - Check plugin clock
2025-11-30 22:09:06,645 [INFO] PluginManage:359 - Loaded plugin clock (category:base,tabindex:2)
2025-11-30 22:09:06,645 [INFO] PluginManage:310 - Check plugin ddr
2025-11-30 22:09:06,649 [INFO] PluginManage:359 - Loaded plugin ddr (category:tool,tabindex:6)
2025-11-30 22:09:06,649 [INFO] PluginManage:310 - Check plugin filemanager
2025-11-30 22:09:06,797 [INFO] PluginManage:359 - Loaded plugin filemanager (category:base,tabindex:10)
2025-11-30 22:09:06,798 [INFO] PluginManage:310 - Check plugin ipmanager
2025-11-30 22:09:06,804 [INFO] PluginManage:359 - Loaded plugin ipmanager (category:base,tabindex:5)
2025-11-30 22:09:06,804 [INFO] PluginManage:310 - Check plugin lpbam
2025-11-30 22:09:06,824 [INFO] PluginManage:359 - Loaded plugin lpbam (category:base,tabindex:0)
2025-11-30 22:09:06,824 [INFO] PluginManage:310 - Check plugin memorymap
2025-11-30 22:09:06,852 [INFO] PluginManage:359 - Loaded plugin memorymap (category:base,tabindex:4)
2025-11-30 22:09:06,852 [INFO] PluginManage:310 - Check plugin pinoutandconfiguration
2025-11-30 22:09:06,874 [INFO] PluginManage:359 - Loaded plugin pinoutandconfiguration (category:base,tabindex:1)
2025-11-30 22:09:06,874 [INFO] PluginManage:310 - Check plugin pinoutconfig
2025-11-30 22:09:06,974 [WARN] SupportedApi:132 - Cannot load RTOS API schema: s4s-elt-must-match.1: The content of 'definitions' must match (annotation?, (simpleType | complexType)?, (unique | key | keyref)*)). A problem was found starting at: attribute.
2025-11-30 22:09:07,134 [INFO] PluginManage:359 - Loaded plugin pinoutconfig (category:base,tabindex:0)
2025-11-30 22:09:07,134 [INFO] PluginManage:310 - Check plugin power
2025-11-30 22:09:07,160 [INFO] PluginManage:359 - Loaded plugin power (category:power,tabindex:4)
2025-11-30 22:09:07,160 [INFO] PluginManage:310 - Check plugin projectmanager
2025-11-30 22:09:07,175 [INFO] PluginManage:359 - Loaded plugin projectmanager (category:projectmanager,tabindex:4)
2025-11-30 22:09:07,175 [INFO] PluginManage:310 - Check plugin rif
2025-11-30 22:09:07,200 [INFO] PluginManage:359 - Loaded plugin rif (category:base,tabindex:3)
2025-11-30 22:09:07,200 [INFO] PluginManage:310 - Check plugin thirdparty
2025-11-30 22:09:07,558 [INFO] PluginManage:359 - Loaded plugin thirdparty (category:base,tabindex:-1)
2025-11-30 22:09:07,558 [WARN] IntegrityCheckThread:84 - waiting for thirdparty lock release [integrity check]
2025-11-30 22:09:07,558 [INFO] IntegrityCheckThread:86 - entering critical section [integrity check]
2025-11-30 22:09:07,558 [INFO] PluginManage:310 - Check plugin tools
2025-11-30 22:09:07,558 [INFO] ThirdPartyUpdaterWithRetryManager:70 - Updater plugin not ready yet. [1/15]
2025-11-30 22:09:07,609 [INFO] PluginManage:359 - Loaded plugin tools (category:base,tabindex:7)
2025-11-30 22:09:07,609 [INFO] PluginManage:310 - Check plugin tutovideos
2025-11-30 22:09:07,913 [INFO] PluginManage:359 - Loaded plugin tutovideos (category:base,tabindex:-1)
2025-11-30 22:09:07,914 [INFO] PluginManage:310 - Check plugin updater
2025-11-30 22:09:07,937 [INFO] PluginManage:359 - Loaded plugin updater (category:base,tabindex:12)
2025-11-30 22:09:07,937 [INFO] PluginManage:310 - Check plugin userauth
2025-11-30 22:09:07,942 [INFO] UserAuth:118 - Init User Auth plugin
2025-11-30 22:09:07,942 [INFO] PluginManage:359 - Loaded plugin userauth (category:base,tabindex:14)
2025-11-30 22:09:07,943 [INFO] PluginManage:283 - PluginManage : Loaded plugins [18]
2025-11-30 22:09:08,245 [INFO] PinOutPanel:1589 - setPackage(No Configuration,No Configuration)
2025-11-30 22:09:08,451 [INFO] CADModel:165 - CPN selected for project level
2025-11-30 22:09:08,451 [INFO] CADModel:114 - Register for checkConnection events
2025-11-30 22:09:08,501 [INFO] IPUIPlugin:80 - create IPUIPlugin
2025-11-30 22:09:08,502 [INFO] PluginManager:220 - loadIPPluginJar : add adc
2025-11-30 22:09:08,633 [INFO] IPUIPlugin:80 - create IPUIPlugin
2025-11-30 22:09:08,633 [INFO] PluginManager:220 - loadIPPluginJar : add aes
2025-11-30 22:09:08,741 [INFO] IPUIPlugin:80 - create IPUIPlugin
2025-11-30 22:09:08,741 [INFO] PluginManager:220 - loadIPPluginJar : add can
2025-11-30 22:09:08,773 [INFO] IPUIPlugin:80 - create IPUIPlugin
2025-11-30 22:09:08,773 [INFO] PluginManager:220 - loadIPPluginJar : add comp
2025-11-30 22:09:08,821 [INFO] IPUIPlugin:80 - create IPUIPlugin
2025-11-30 22:09:08,821 [INFO] PluginManager:220 - loadIPPluginJar : add cryp
2025-11-30 22:09:08,842 [INFO] IPUIPlugin:80 - create IPUIPlugin
2025-11-30 22:09:08,842 [INFO] PluginManager:220 - loadIPPluginJar : add ddr_ctrl_phy
2025-11-30 22:09:08,887 [INFO] IPUIPlugin:80 - create IPUIPlugin
2025-11-30 22:09:08,887 [INFO] PluginManager:220 - loadIPPluginJar : add dfsdm
2025-11-30 22:09:08,904 [INFO] IPUIPlugin:80 - create IPUIPlugin
2025-11-30 22:09:08,904 [INFO] PluginManager:220 - loadIPPluginJar : add dma
2025-11-30 22:09:08,954 [INFO] IPUIPlugin:80 - create IPUIPlugin
2025-11-30 22:09:08,954 [INFO] PluginManager:220 - loadIPPluginJar : add dma3
2025-11-30 22:09:09,010 [INFO] IPUIPlugin:80 - create IPUIPlugin
2025-11-30 22:09:09,010 [INFO] PluginManager:220 - loadIPPluginJar : add extmemmanager
2025-11-30 22:09:09,038 [INFO] IPUIPlugin:80 - create IPUIPlugin
2025-11-30 22:09:09,038 [INFO] PluginManager:220 - loadIPPluginJar : add fatfs
2025-11-30 22:09:09,099 [INFO] IPUIPlugin:80 - create IPUIPlugin
2025-11-30 22:09:09,099 [INFO] PluginManager:220 - loadIPPluginJar : add fmc
2025-11-30 22:09:09,118 [INFO] IPUIPlugin:80 - create IPUIPlugin
2025-11-30 22:09:09,118 [INFO] PluginManager:220 - loadIPPluginJar : add freertos
2025-11-30 22:09:09,147 [INFO] IPUIPlugin:80 - create IPUIPlugin
2025-11-30 22:09:09,147 [INFO] PluginManager:220 - loadIPPluginJar : add genericplugin
2025-11-30 22:09:09,272 [INFO] IPUIPlugin:80 - create IPUIPlugin
2025-11-30 22:09:09,272 [INFO] PluginManager:220 - loadIPPluginJar : add gfxmmu
2025-11-30 22:09:09,452 [INFO] IPUIPlugin:80 - create IPUIPlugin
2025-11-30 22:09:09,452 [INFO] PluginManager:220 - loadIPPluginJar : add gic
2025-11-30 22:09:09,468 [INFO] IPUIPlugin:80 - create IPUIPlugin
2025-11-30 22:09:09,468 [INFO] PluginManager:220 - loadIPPluginJar : add gpio
2025-11-30 22:09:09,583 [INFO] IPUIPlugin:80 - create IPUIPlugin
2025-11-30 22:09:09,583 [INFO] PluginManager:220 - loadIPPluginJar : add gtzc
2025-11-30 22:09:09,627 [INFO] IPUIPlugin:80 - create IPUIPlugin
2025-11-30 22:09:09,627 [INFO] PluginManager:220 - loadIPPluginJar : add hash
2025-11-30 22:09:09,694 [INFO] IPUIPlugin:80 - create IPUIPlugin
2025-11-30 22:09:09,694 [INFO] PluginManager:220 - loadIPPluginJar : add i2c
2025-11-30 22:09:09,746 [INFO] IPUIPlugin:80 - create IPUIPlugin
2025-11-30 22:09:09,746 [INFO] PluginManager:220 - loadIPPluginJar : add i2s
2025-11-30 22:09:09,799 [INFO] IPUIPlugin:80 - create IPUIPlugin
2025-11-30 22:09:09,799 [INFO] PluginManager:220 - loadIPPluginJar : add i3c
2025-11-30 22:09:09,922 [INFO] IPUIPlugin:80 - create IPUIPlugin
2025-11-30 22:09:09,922 [INFO] PluginManager:220 - loadIPPluginJar : add ipddr
2025-11-30 22:09:10,041 [INFO] IPUIPlugin:80 - create IPUIPlugin
2025-11-30 22:09:10,041 [INFO] PluginManager:220 - loadIPPluginJar : add linkedlist
2025-11-30 22:09:10,089 [INFO] IPUIPlugin:80 - create IPUIPlugin
2025-11-30 22:09:10,090 [INFO] PluginManager:220 - loadIPPluginJar : add lorawan
2025-11-30 22:09:10,138 [INFO] IPUIPlugin:80 - create IPUIPlugin
2025-11-30 22:09:10,138 [INFO] PluginManager:220 - loadIPPluginJar : add ltdc
2025-11-30 22:09:10,157 [INFO] IPUIPlugin:80 - create IPUIPlugin
2025-11-30 22:09:10,157 [INFO] PluginManager:220 - loadIPPluginJar : add mdma
2025-11-30 22:09:10,172 [INFO] IPUIPlugin:80 - create IPUIPlugin
2025-11-30 22:09:10,172 [INFO] PluginManager:220 - loadIPPluginJar : add nvic
2025-11-30 22:09:10,227 [INFO] IPUIPlugin:80 - create IPUIPlugin
2025-11-30 22:09:10,227 [INFO] PluginManager:220 - loadIPPluginJar : add opamp
2025-11-30 22:09:10,309 [INFO] IPUIPlugin:80 - create IPUIPlugin
2025-11-30 22:09:10,309 [INFO] PluginManager:220 - loadIPPluginJar : add openamp
2025-11-30 22:09:10,368 [INFO] IPUIPlugin:80 - create IPUIPlugin
2025-11-30 22:09:10,369 [INFO] PluginManager:220 - loadIPPluginJar : add pdm2pcm
2025-11-30 22:09:10,385 [INFO] IPUIPlugin:80 - create IPUIPlugin
2025-11-30 22:09:10,388 [INFO] PluginManager:220 - loadIPPluginJar : add plateformsettings
2025-11-30 22:09:10,419 [INFO] IPUIPlugin:80 - create IPUIPlugin
2025-11-30 22:09:10,419 [INFO] PluginManager:220 - loadIPPluginJar : add quadspi
2025-11-30 22:09:10,454 [INFO] IPUIPlugin:80 - create IPUIPlugin
2025-11-30 22:09:10,454 [INFO] PluginManager:220 - loadIPPluginJar : add radio
2025-11-30 22:09:10,471 [INFO] IPUIPlugin:80 - create IPUIPlugin
2025-11-30 22:09:10,471 [INFO] PluginManager:220 - loadIPPluginJar : add resmgrutility
2025-11-30 22:09:10,530 [INFO] IPUIPlugin:80 - create IPUIPlugin
2025-11-30 22:09:10,530 [INFO] PluginManager:220 - loadIPPluginJar : add sai
2025-11-30 22:09:10,569 [INFO] ThirdPartyUpdaterWithRetryManager:70 - Updater plugin not ready yet. [2/15]
2025-11-30 22:09:10,581 [INFO] IPUIPlugin:80 - create IPUIPlugin
2025-11-30 22:09:10,581 [INFO] PluginManager:220 - loadIPPluginJar : add spi
2025-11-30 22:09:10,672 [INFO] IPUIPlugin:80 - create IPUIPlugin
2025-11-30 22:09:10,672 [INFO] PluginManager:220 - loadIPPluginJar : add stm32_wpan
2025-11-30 22:09:10,704 [INFO] IPUIPlugin:80 - create IPUIPlugin
2025-11-30 22:09:10,704 [INFO] PluginManager:220 - loadIPPluginJar : add tim
2025-11-30 22:09:10,785 [INFO] IPUIPlugin:80 - create IPUIPlugin
2025-11-30 22:09:10,785 [INFO] PluginManager:220 - loadIPPluginJar : add touchsensing
2025-11-30 22:09:10,816 [INFO] IPUIPlugin:80 - create IPUIPlugin
2025-11-30 22:09:10,817 [INFO] PluginManager:220 - loadIPPluginJar : add tracer_emb
2025-11-30 22:09:10,849 [INFO] IPUIPlugin:80 - create IPUIPlugin
2025-11-30 22:09:10,850 [INFO] PluginManager:220 - loadIPPluginJar : add ts
2025-11-30 22:09:10,881 [INFO] IPUIPlugin:80 - create IPUIPlugin
2025-11-30 22:09:10,881 [INFO] PluginManager:220 - loadIPPluginJar : add tsc
2025-11-30 22:09:10,910 [INFO] IPUIPlugin:80 - create IPUIPlugin
2025-11-30 22:09:10,910 [INFO] PluginManager:220 - loadIPPluginJar : add ucpd
2025-11-30 22:09:10,967 [INFO] IPUIPlugin:80 - create IPUIPlugin
2025-11-30 22:09:10,967 [INFO] PluginManager:220 - loadIPPluginJar : add usart
2025-11-30 22:09:11,023 [INFO] IPUIPlugin:80 - create IPUIPlugin
2025-11-30 22:09:11,023 [INFO] PluginManager:220 - loadIPPluginJar : add usbx
2025-11-30 22:09:11,160 [FATAL] Updater:351 - Updater called before beeing initialized
2025-11-30 22:09:11,188 [INFO] RulesReader:64 - Compatibility file has been processed (317 Rules)
2025-11-30 22:09:11,200 [INFO] RulesReader:64 - Compatibility file has been processed (317 Rules)
2025-11-30 22:09:11,210 [INFO] CADModel:165 - CPN selected for project level
2025-11-30 22:09:11,210 [INFO] CADModel:114 - Register for checkConnection events
2025-11-30 22:09:11,210 [FATAL] Updater:351 - Updater called before beeing initialized
2025-11-30 22:09:11,210 [ERROR] CADModel:125 - Updater not yet initialized, retry later 
2025-11-30 22:09:11,362 [FATAL] Updater:351 - Updater called before beeing initialized
2025-11-30 22:09:11,364 [INFO] CADModel:165 - CPN selected for project level
2025-11-30 22:09:11,364 [INFO] CADModel:114 - Register for checkConnection events
2025-11-30 22:09:11,364 [FATAL] Updater:351 - Updater called before beeing initialized
2025-11-30 22:09:11,365 [ERROR] CADModel:125 - Updater not yet initialized, retry later 
2025-11-30 22:09:11,369 [FATAL] Updater:351 - Updater called before beeing initialized
2025-11-30 22:09:11,496 [FATAL] Updater:351 - Updater called before beeing initialized
2025-11-30 22:09:11,573 [INFO] DbMcusAds:53 - JSON generation date=Thu Oct 02 16:36:05 ICT 2025 (1759397765645)
2025-11-30 22:09:11,573 [FATAL] Updater:351 - Updater called before beeing initialized
2025-11-30 22:09:11,629 [WARN] DetailPanel:346 - Failed to get advertising image, set to default
2025-11-30 22:09:11,799 [FATAL] Updater:351 - Updater called before beeing initialized
2025-11-30 22:09:11,801 [FATAL] Updater:351 - Updater called before beeing initialized
2025-11-30 22:09:11,801 [FATAL] Updater:351 - Updater called before beeing initialized
2025-11-30 22:09:11,801 [WARN] DetailPanel:346 - Failed to get advertising image, set to default
2025-11-30 22:09:11,802 [FATAL] Updater:351 - Updater called before beeing initialized
2025-11-30 22:09:11,971 [ERROR] Updater:1198 - MainUpdater not yet initialized. External WinMGr cannot be set.
2025-11-30 22:09:12,022 [INFO] Updater:1134 - Updater Version found : 6.15.0
2025-11-30 22:09:12,069 [INFO] ApplicationProperties:184 - Using Application install path: C:\ST\STM32CubeIDE_1.19.0\STM32CubeIDE\plugins\com.st.stm32cube.common.mx_6.15.0.202507011659
2025-11-30 22:09:13,574 [INFO] ThirdPartyUpdaterWithRetryManager:70 - Updater plugin not ready yet. [3/15]
2025-11-30 22:09:13,722 [ERROR] LogOutputStream:75 - [STDERR_REDIRECT] Nov 30, 2025 10:09:13 PM java.util.prefs.WindowsPreferences <init>
2025-11-30 22:09:13,723 [ERROR] LogOutputStream:75 - [STDERR_REDIRECT] WARNING: Could not open/create prefs root node Software\JavaSoft\Prefs at root 0xffffffff80000002. Windows RegCreateKeyEx(...) returned error code 5.
2025-11-30 22:09:13,723 [ERROR] LogOutputStream:75 - [STDERR_REDIRECT] 
2025-11-30 22:09:14,035 [INFO] MainUpdater:2872 - connection check result : 10
2025-11-30 22:09:14,035 [INFO] MainUpdater:289 - Updater Check For Update Now.
2025-11-30 22:09:14,035 [INFO] MicroXplorer:498 - Change Database Version : DB.6.0.150
2025-11-30 22:09:14,067 [INFO] McuFinderGlobals:63 - Set McuFinder mode to 2 (CubeIDE integrated)
2025-11-30 22:09:14,067 [INFO] UserAuth:171 - activating auth plugin
2025-11-30 22:09:14,072 [INFO] UserAuth:487 - Internet connection configuration mode: 1
2025-11-30 22:09:14,118 [INFO] JxBrowserEngine:152 - Initiate JxBrowser Engine with user profile folder
2025-11-30 22:09:14,305 [INFO] CheckServerUpdateThread:120 - End of CheckServer Thread
2025-11-30 22:09:15,786 [INFO] WebApp:169 - Instantiating new browser for Auth
2025-11-30 22:09:16,640 [INFO] WebApp:463 - Apply proxy settings
2025-11-30 22:09:16,640 [INFO] WebApp:548 - Chromium requires no authentication
2025-11-30 22:09:16,652 [INFO] WebApp:491 - Direct internet connection detected
2025-11-30 22:09:16,703 [INFO] WebApp:900 - Register for checkConnection events
2025-11-30 22:09:16,703 [INFO] WebApp:463 - Apply proxy settings
2025-11-30 22:09:16,704 [INFO] WebApp:548 - Chromium requires no authentication
2025-11-30 22:09:16,706 [INFO] WebApp:491 - Direct internet connection detected
2025-11-30 22:09:16,889 [INFO] WebApp:191 - Connection restablished
2025-11-30 22:09:17,001 [WARN] PackLoader:240 - Cannot read IP mode file for STMicroelectronics.FP-SNS-MOTENVWB1.1.4.0
2025-11-30 22:09:17,102 [WARN] PackLoader:240 - Cannot read IP mode file for STMicroelectronics.FP-ATR-ASTRA1.2.0.2
2025-11-30 22:09:17,141 [INFO] WebApp:225 - Starting web application
2025-11-30 22:09:17,142 [INFO] WebApp:593 - Web application path used C:\ST\STM32CubeIDE_1.19.0\STM32CubeIDE\plugins\com.st.stm32cube.common.mx_6.15.0.202507011659\db\plugins\mcufinder\reactClient1\index.html
2025-11-30 22:09:17,145 [WARN] PackLoader:240 - Cannot read IP mode file for STMicroelectronics.X-CUBE-SMBUS.2.1.0
2025-11-30 22:09:17,306 [WARN] PackLoader:240 - Cannot read IP mode file for STMicroelectronics.X-CUBE-ST60.1.0.0
2025-11-30 22:09:17,667 [WARN] PackLoader:240 - Cannot read IP mode file for STMicroelectronics.X-CUBE-AZRTOS-F7.1.1.0
2025-11-30 22:09:17,735 [WARN] PackLoader:240 - Cannot read IP mode file for Cesanta.I-CUBE-Mongoose.7.19.0
2025-11-30 22:09:17,767 [WARN] PackLoader:240 - Cannot read IP mode file for STMicroelectronics.FP-SNS-MOTENV1.5.1.0
2025-11-30 22:09:17,827 [WARN] PackLoader:240 - Cannot read IP mode file for WES.I-CUBE-Cesium.1.4.0
2025-11-30 22:09:17,888 [WARN] PackLoader:240 - Cannot read IP mode file for Infineon.AIROC-Wi-Fi-Bluetooth-STM32.1.7.1
2025-11-30 22:09:17,947 [WARN] PackLoader:240 - Cannot read IP mode file for STMicroelectronics.X-CUBE-AZRTOS-H7.3.4.0
2025-11-30 22:09:17,973 [WARN] PackLoader:240 - Cannot read IP mode file for STMicroelectronics.X-CUBE-DISPLAY.3.0.0
2025-11-30 22:09:18,228 [WARN] PackLoader:240 - Cannot read IP mode file for STMicroelectronics.X-CUBE-NFC10.1.0.0
2025-11-30 22:09:18,279 [WARN] PackLoader:240 - Cannot read IP mode file for STMicroelectronics.X-CUBE-ST60.1.1.0
2025-11-30 22:09:18,320 [WARN] PackLoader:240 - Cannot read IP mode file for emotas.I-CUBE-CANOPEN.1.3.0
2025-11-30 22:09:18,376 [WARN] PackLoader:240 - Cannot read IP mode file for STMicroelectronics.X-CUBE-GNSS1.7.1.0
2025-11-30 22:09:18,474 [WARN] PackLoader:240 - Cannot read IP mode file for STMicroelectronics.FP-SNS-STBOX1.2.1.0
2025-11-30 22:09:18,510 [WARN] PackLoader:240 - Cannot read IP mode file for STMicroelectronics.FP-SNS-SMARTAG2.1.2.0
2025-11-30 22:09:18,547 [WARN] PackLoader:240 - Cannot read IP mode file for STMicroelectronics.FP-SNS-FLIGHT1.5.1.0
2025-11-30 22:09:18,591 [INFO] LogOutputStream:77 - [STDOUT_REDIRECT] 1 : Invalid condition id : UX_CORESTACK_Condition cause : null
2025-11-30 22:09:18,592 [INFO] LogOutputStream:77 - [STDOUT_REDIRECT] 1 : Invalid condition id : UX_CORESTACK_Condition cause : null
2025-11-30 22:09:18,593 [INFO] LogOutputStream:77 - [STDOUT_REDIRECT] 1 : Invalid condition id : UX_CORESTACK_Condition cause : null
2025-11-30 22:09:18,597 [INFO] LogOutputStream:77 - [STDOUT_REDIRECT] 1 : Invalid condition id : UX_CORESTACK_Condition cause : null
2025-11-30 22:09:18,598 [INFO] LogOutputStream:77 - [STDOUT_REDIRECT] 1 : Invalid condition id : UX_CORESTACK_Condition cause : null
2025-11-30 22:09:18,605 [WARN] PackLoader:240 - Cannot read IP mode file for STMicroelectronics.X-CUBE-AZRTOS-WL.2.0.0
2025-11-30 22:09:18,639 [WARN] PackLoader:240 - Cannot read IP mode file for STMicroelectronics.FP-SNS-MOTENV1.5.0.0
2025-11-30 22:09:18,703 [WARN] PackLoader:240 - Cannot read IP mode file for STMicroelectronics.X-CUBE-AZRTOS-H7RS.1.2.0
2025-11-30 22:09:18,743 [WARN] PackLoader:240 - Cannot read IP mode file for STMicroelectronics.X-CUBE-BLE2.3.3.0
2025-11-30 22:09:18,833 [WARN] PackLoader:240 - Cannot read IP mode file for STMicroelectronics.X-CUBE-NFC9.1.0.0
2025-11-30 22:09:18,854 [WARN] PackLoader:240 - Cannot read IP mode file for wolfSSL.I-CUBE-wolfSSL.5.8.2
2025-11-30 22:09:18,874 [WARN] PackLoader:240 - Cannot read IP mode file for STMicroelectronics.X-CUBE-BLE1.7.1.0
2025-11-30 22:09:18,891 [WARN] PackLoader:240 - Cannot read IP mode file for wolfSSL.I-CUBE-wolfMQTT.1.19.2
2025-11-30 22:09:18,914 [WARN] PackLoader:240 - Cannot read IP mode file for STMicroelectronics.X-CUBE-FREERTOS.1.4.0
2025-11-30 22:09:18,937 [WARN] PackLoader:240 - Cannot read IP mode file for STMicroelectronics.X-CUBE-EEPRMA1.5.2.0
2025-11-30 22:09:18,958 [WARN] PackLoader:240 - Cannot read IP mode file for STMicroelectronics.X-CUBE-ST67W61.1.1.0
2025-11-30 22:09:19,034 [WARN] PackLoader:240 - Cannot read IP mode file for STMicroelectronics.X-CUBE-MEMS1.12.0.0
2025-11-30 22:09:19,201 [WARN] PackLoader:240 - Cannot read IP mode file for STMicroelectronics.X-CUBE-AZRTOS-G0.1.1.0
2025-11-30 22:09:19,227 [WARN] PackLoader:240 - Cannot read IP mode file for STMicroelectronics.X-CUBE-SAFEA1.1.2.2
2025-11-30 22:09:19,249 [WARN] PackLoader:240 - Cannot read IP mode file for STMicroelectronics.X-CUBE-NFC4.3.0.0
2025-11-30 22:09:19,273 [WARN] PackLoader:240 - Cannot read IP mode file for EmbeddedOffice.I-CUBE-FS-RTOS.1.0.1
2025-11-30 22:09:19,292 [WARN] PackLoader:240 - Cannot read IP mode file for STMicroelectronics.X-CUBE-WB05N.2.0.0
2025-11-30 22:09:19,313 [WARN] PackLoader:240 - Cannot read IP mode file for wolfSSL.I-CUBE-wolfTPM.3.8.0
2025-11-30 22:09:19,335 [WARN] PackLoader:240 - Cannot read IP mode file for STMicroelectronics.X-CUBE-TCPP.4.2.0
2025-11-30 22:09:19,357 [WARN] PackLoader:240 - Cannot read IP mode file for RealThread.X-CUBE-RT-Thread_Nano.4.1.1
2025-11-30 22:09:19,374 [WARN] PackLoader:240 - Cannot read IP mode file for STMicroelectronics.FP-ATR-SIGFOX1.3.2.0
2025-11-30 22:09:19,394 [WARN] PackLoader:240 - Cannot read IP mode file for ITTIA_DB.I-CUBE-ITTIADB.8.9.0
2025-11-30 22:09:19,414 [WARN] PackLoader:240 - Cannot read IP mode file for STMicroelectronics.X-CUBE-ST67W61.1.0.0
2025-11-30 22:09:19,429 [WARN] PackLoader:240 - Cannot read IP mode file for STMicroelectronics.X-CUBE-AI.10.2.0
2025-11-30 22:09:19,458 [WARN] PackLoader:240 - Cannot read IP mode file for SEGGER.I-CUBE-embOS.1.3.1
2025-11-30 22:09:19,510 [WARN] PackLoader:240 - Cannot read IP mode file for STMicroelectronics.X-CUBE-ALGOBUILD.1.4.0
2025-11-30 22:09:19,576 [WARN] PackLoader:240 - Cannot read IP mode file for STMicroelectronics.X-CUBE-MEMS1.11.3.0
2025-11-30 22:09:19,692 [WARN] PackLoader:240 - Cannot read IP mode file for STMicroelectronics.X-CUBE-PM33A1.1.0.0
2025-11-30 22:09:19,737 [WARN] PackLoader:240 - Cannot read IP mode file for STMicroelectronics.X-CUBE-AZRTOS-F4.1.1.0
2025-11-30 22:09:19,763 [WARN] PackLoader:240 - Cannot read IP mode file for STMicroelectronics.X-CUBE-ISPU.2.1.0
2025-11-30 22:09:19,808 [WARN] PackLoader:240 - Cannot read IP mode file for STMicroelectronics.X-CUBE-IPS.3.2.0
2025-11-30 22:09:19,845 [WARN] PackLoader:240 - Cannot read IP mode file for STMicroelectronics.X-CUBE-NFC12.1.0.0
2025-11-30 22:09:19,887 [WARN] PackLoader:240 - Cannot read IP mode file for STMicroelectronics.X-CUBE-AZRTOS-L5.2.0.0
2025-11-30 22:09:19,908 [WARN] PackLoader:240 - Cannot read IP mode file for STMicroelectronics.X-CUBE-NFC6.3.1.0
2025-11-30 22:09:19,929 [WARN] PackLoader:240 - Cannot read IP mode file for STMicroelectronics.X-CUBE-FREERTOS.1.3.1
2025-11-30 22:09:19,947 [WARN] PackLoader:240 - Cannot read IP mode file for STMicroelectronics.X-CUBE-TOUCHGFX.4.26.0
2025-11-30 22:09:19,965 [WARN] PackLoader:240 - Cannot read IP mode file for STMicroelectronics.FP-SNS-STAIOTCFT.1.0.0
2025-11-30 22:09:19,982 [WARN] PackLoader:240 - Cannot read IP mode file for STMicroelectronics.X-CUBE-DPower.1.3.0
2025-11-30 22:09:20,016 [WARN] ConditionMgr:438 - getConditionDescription Invalid condition id : LAN8742 Phy interface Condition cause : null
2025-11-30 22:09:20,016 [WARN] PackLoader:240 - Cannot read IP mode file for STMicroelectronics.X-CUBE-AZRTOS-L4.2.0.0
2025-11-30 22:09:20,018 [WARN] ConditionMgr:1044 - genDependencies : Invalid condition id : LAN8742 Phy interface Condition cause : null
2025-11-30 22:09:20,018 [WARN] ConditionMgr:1044 - genDependencies : Invalid condition id : LAN8742 Phy interface Condition cause : null
2025-11-30 22:09:20,019 [WARN] ConditionMgr:1044 - genDependencies : Invalid condition id : LAN8742 Phy interface Condition cause : null
2025-11-30 22:09:20,038 [WARN] PackLoader:240 - Cannot read IP mode file for STMicroelectronics.X-CUBE-SFXS2LP1.4.0.0
2025-11-30 22:09:20,062 [WARN] PackLoader:240 - Cannot read IP mode file for STMicroelectronics.X-CUBE-BLEMGR.4.1.0
2025-11-30 22:09:20,099 [WARN] ConditionMgr:438 - getConditionDescription Invalid condition id : UX DEVICE CLASS RTOS Condition cause : null
2025-11-30 22:09:20,099 [WARN] ConditionMgr:438 - getConditionDescription Invalid condition id : UX DEVICE CLASS RTOS Condition cause : null
2025-11-30 22:09:20,101 [WARN] PackLoader:240 - Cannot read IP mode file for STMicroelectronics.X-CUBE-AZRTOS-WB.2.0.0
2025-11-30 22:09:20,102 [WARN] ConditionMgr:1044 - genDependencies : Invalid condition id : UX DEVICE CLASS RTOS Condition cause : null
2025-11-30 22:09:20,102 [WARN] ConditionMgr:1044 - genDependencies : Invalid condition id : UX DEVICE CLASS RTOS Condition cause : null
2025-11-30 22:09:20,103 [WARN] ConditionMgr:1044 - genDependencies : Invalid condition id : UX DEVICE CLASS RTOS Condition cause : null
2025-11-30 22:09:20,103 [WARN] ConditionMgr:1044 - genDependencies : Invalid condition id : UX DEVICE CLASS RTOS Condition cause : null
2025-11-30 22:09:20,103 [WARN] ConditionMgr:1044 - genDependencies : Invalid condition id : UX DEVICE CLASS RTOS Condition cause : null
2025-11-30 22:09:20,119 [WARN] PackLoader:240 - Cannot read IP mode file for STMicroelectronics.X-CUBE-GNSS1.7.0.1
2025-11-30 22:09:20,138 [WARN] ConditionMgr:438 - getConditionDescription Invalid condition id : Cortex-A Device cause : null
2025-11-30 22:09:20,161 [WARN] ConditionMgr:1044 - genDependencies : Invalid condition id : Cortex-A Device cause : null
2025-11-30 22:09:20,161 [WARN] ConditionMgr:1044 - genDependencies : Invalid condition id : Cortex-A Device cause : null
2025-11-30 22:09:20,161 [WARN] ConditionMgr:1044 - genDependencies : Invalid condition id : Cortex-A Device cause : null
2025-11-30 22:09:20,182 [WARN] PackLoader:240 - Cannot read IP mode file for STMicroelectronics.X-CUBE-SUBG2.5.0.0
2025-11-30 22:09:20,215 [WARN] PackLoader:240 - Cannot read IP mode file for STMicroelectronics.X-CUBE-AZRTOS-H7RS.1.1.0
2025-11-30 22:09:20,247 [WARN] PackLoader:240 - Cannot read IP mode file for STMicroelectronics.X-CUBE-AZRTOS-G4.2.0.0
2025-11-30 22:09:20,264 [WARN] PackLoader:240 - Cannot read IP mode file for wolfSSL.I-CUBE-wolfSSH.1.4.20
2025-11-30 22:09:20,281 [WARN] PackLoader:240 - Cannot read IP mode file for STMicroelectronics.X-CUBE-NFC7.2.0.0
2025-11-30 22:09:20,308 [WARN] PackLoader:240 - Cannot read IP mode file for STMicroelectronics.X-CUBE-IPS.3.1.0
2025-11-30 22:09:20,338 [WARN] PackLoader:240 - Cannot read IP mode file for STMicroelectronics.X-CUBE-ALS.1.0.2
2025-11-30 22:09:20,358 [WARN] PackLoader:240 - Cannot read IP mode file for STMicroelectronics.X-CUBE-STSE01.1.0.0
2025-11-30 22:09:20,388 [WARN] PackLoader:240 - Cannot read IP mode file for STMicroelectronics.X-CUBE-TOF1.3.4.3
2025-11-30 22:09:20,398 [INFO] ThirdParty:978 - Integrity check success = true
2025-11-30 22:09:20,399 [INFO] IntegrityCheckThread:100 - exiting critical section [integrity check]
2025-11-30 22:09:20,399 [INFO] IntegrityCheckThread:103 - End integrity checks thread
2025-11-30 23:52:44,570 [ERROR] LogOutputStream:75 - [STDERR_REDIRECT] 
