2026-01-14 22:09:31,039 [INFO] Activator:176 - 


2026-01-14 22:09:31,062 [INFO] Activator:177 - !SESSION log4j initialized
2026-01-14 22:09:39,889 [INFO] LogOutputStream:77 - [STDOUT_REDIRECT] 
2026-01-14 22:09:41,302 [INFO] ApplicationProperties:184 - Using Application install path: C:\ST\STM32CubeIDE_1.19.0\STM32CubeIDE\plugins\com.st.stm32cube.common.mx_6.15.0.202507011659
2026-01-14 22:09:41,328 [INFO] DbMcusXml:78 - Set database path to: C:\ST\STM32CubeIDE_1.19.0\STM32CubeIDE\plugins\com.st.stm32cube.common.mx_6.15.0.202507011659\\db\/mcu/
2026-01-14 22:09:41,328 [INFO] ApiDb:274 - Set plugin database path to: C:\ST\STM32CubeIDE_1.19.0\STM32CubeIDE\plugins\com.st.stm32cube.common.mx_6.15.0.202507011659\\db\/plugins/boardmanager/
2026-01-14 22:09:41,328 [WARN] ApiDb:259 - Overriding images path with different value:  => C:\ST\STM32CubeIDE_1.19.0\STM32CubeIDE\plugins\com.st.stm32cube.common.mx_6.15.0.202507011659\\db\/plugins/mcufinder/images/
2026-01-14 22:09:41,350 [INFO] ApiDb:250 - Set database path to: C:\Users\ASUS\.stmcufinder\plugins\mcufinder//mcu/
2026-01-14 22:09:41,352 [INFO] DbMcusAds:125 - Set database path to: C:\Users\ASUS\.stmcufinder\plugins\mcufinder//mcu/
2026-01-14 22:09:41,354 [INFO] CrossReferenceDbSqlite:203 - Set database path to: C:\Users\ASUS\.stmcufinder\plugins\mcufinder//mcu/cs/
2026-01-14 22:09:41,528 [INFO] RulesReader:64 - Compatibility file has been processed (317 Rules)
2026-01-14 22:09:41,629 [INFO] DbMcusXml:78 - Set database path to: C:\ST\STM32CubeIDE_1.19.0\STM32CubeIDE\plugins\com.st.stm32cube.common.mx_6.15.0.202507011659\\db\/mcu/
2026-01-14 22:09:41,629 [INFO] ApiDb:274 - Set plugin database path to: C:\ST\STM32CubeIDE_1.19.0\STM32CubeIDE\plugins\com.st.stm32cube.common.mx_6.15.0.202507011659\\db\/plugins/boardmanager/
2026-01-14 22:09:41,629 [INFO] ApiDb:261 - Set plugin images path to: C:\ST\STM32CubeIDE_1.19.0\STM32CubeIDE\plugins\com.st.stm32cube.common.mx_6.15.0.202507011659\\db\/plugins/mcufinder/images/
2026-01-14 22:09:41,629 [WARN] DbFile:41 - Overriding database path with different value: C:\Users\ASUS\.stmcufinder\plugins\mcufinder/ => C:\Users\ASUS\.stmcufinder\plugins\mcufinder
2026-01-14 22:09:41,629 [INFO] ApiDb:250 - Set database path to: C:\Users\ASUS\.stmcufinder\plugins\mcufinder//mcu/
2026-01-14 22:09:41,629 [WARN] DbFile:41 - Overriding database path with different value: C:\Users\ASUS\.stmcufinder\plugins\mcufinder/ => C:\Users\ASUS\.stmcufinder\plugins\mcufinder
2026-01-14 22:09:41,629 [INFO] DbMcusAds:125 - Set database path to: C:\Users\ASUS\.stmcufinder\plugins\mcufinder//mcu/
2026-01-14 22:09:41,629 [WARN] DbFile:41 - Overriding database path with different value: C:\Users\ASUS\.stmcufinder\plugins\mcufinder/ => C:\Users\ASUS\.stmcufinder\plugins\mcufinder
2026-01-14 22:09:41,629 [WARN] DbFile:41 - Overriding database path with different value: C:\Users\ASUS\.stmcufinder\plugins\mcufinder/ => C:\Users\ASUS\.stmcufinder\plugins\mcufinder
2026-01-14 22:09:41,636 [INFO] CrossReferenceDbSqlite:203 - Set database path to: C:\Users\ASUS\.stmcufinder\plugins\mcufinder//mcu/cs/
2026-01-14 22:09:41,741 [INFO] MainPanel:274 - HeapMemory: 268435456
2026-01-14 22:09:41,890 [INFO] DbMcusXml:78 - Set database path to: C:\ST\STM32CubeIDE_1.19.0\STM32CubeIDE\plugins\com.st.stm32cube.common.mx_6.15.0.202507011659\\db\/mcu/
2026-01-14 22:09:41,890 [INFO] ApiDb:274 - Set plugin database path to: C:\ST\STM32CubeIDE_1.19.0\STM32CubeIDE\plugins\com.st.stm32cube.common.mx_6.15.0.202507011659\\db\/plugins/boardmanager/
2026-01-14 22:09:41,891 [INFO] ApiDb:261 - Set plugin images path to: C:\ST\STM32CubeIDE_1.19.0\STM32CubeIDE\plugins\com.st.stm32cube.common.mx_6.15.0.202507011659\\db\/plugins/mcufinder/images/
2026-01-14 22:09:41,891 [WARN] DbFile:41 - Overriding database path with different value: C:\Users\ASUS\.stmcufinder\plugins\mcufinder/ => C:\Users\ASUS\.stmcufinder\plugins\mcufinder
2026-01-14 22:09:41,891 [INFO] ApiDb:250 - Set database path to: C:\Users\ASUS\.stmcufinder\plugins\mcufinder//mcu/
2026-01-14 22:09:41,891 [WARN] DbFile:41 - Overriding database path with different value: C:\Users\ASUS\.stmcufinder\plugins\mcufinder/ => C:\Users\ASUS\.stmcufinder\plugins\mcufinder
2026-01-14 22:09:41,891 [INFO] DbMcusAds:125 - Set database path to: C:\Users\ASUS\.stmcufinder\plugins\mcufinder//mcu/
2026-01-14 22:09:41,891 [WARN] DbFile:41 - Overriding database path with different value: C:\Users\ASUS\.stmcufinder\plugins\mcufinder/ => C:\Users\ASUS\.stmcufinder\plugins\mcufinder
2026-01-14 22:09:41,891 [WARN] DbFile:41 - Overriding database path with different value: C:\Users\ASUS\.stmcufinder\plugins\mcufinder/ => C:\Users\ASUS\.stmcufinder\plugins\mcufinder
2026-01-14 22:09:41,891 [INFO] CrossReferenceDbSqlite:203 - Set database path to: C:\Users\ASUS\.stmcufinder\plugins\mcufinder//mcu/cs/
2026-01-14 22:09:41,914 [INFO] ApplicationProperties:184 - Using Application install path: C:\ST\STM32CubeIDE_1.19.0\STM32CubeIDE\plugins\com.st.stm32cube.common.mx_6.15.0.202507011659
2026-01-14 22:09:41,916 [INFO] PluginManage:196 - Search for loadable plugins [exclusion list=, ]
2026-01-14 22:09:41,917 [INFO] PluginManage:310 - Check plugin analytics
2026-01-14 22:09:42,262 [INFO] AnalyticsPlugin:253 - Accepted Software Licenses: STM32CubeMX.6.12.1
2026-01-14 22:09:42,262 [INFO] AnalyticsPlugin:255 - Accepted CMSIS Pack Licenses: 
2026-01-14 22:09:42,262 [INFO] AnalyticsPlugin:257 - Accepted Firmware Licenses: 
2026-01-14 22:09:42,295 [INFO] PluginManage:359 - Loaded plugin analytics (category:tool,tabindex:-1)
2026-01-14 22:09:42,295 [INFO] PluginManage:310 - Check plugin cadmodel
2026-01-14 22:09:42,335 [INFO] CADModel:105 - Init CAD model plugin
2026-01-14 22:09:42,335 [INFO] PluginManage:359 - Loaded plugin cadmodel (category:power,tabindex:5)
2026-01-14 22:09:42,336 [INFO] PluginManage:310 - Check plugin clock
2026-01-14 22:09:42,363 [INFO] PluginManage:359 - Loaded plugin clock (category:base,tabindex:2)
2026-01-14 22:09:42,363 [INFO] PluginManage:310 - Check plugin ddr
2026-01-14 22:09:42,366 [INFO] PluginManage:359 - Loaded plugin ddr (category:tool,tabindex:6)
2026-01-14 22:09:42,366 [INFO] PluginManage:310 - Check plugin filemanager
2026-01-14 22:09:42,568 [INFO] PluginManage:359 - Loaded plugin filemanager (category:base,tabindex:10)
2026-01-14 22:09:42,569 [INFO] PluginManage:310 - Check plugin ipmanager
2026-01-14 22:09:42,578 [INFO] PluginManage:359 - Loaded plugin ipmanager (category:base,tabindex:5)
2026-01-14 22:09:42,578 [INFO] PluginManage:310 - Check plugin lpbam
2026-01-14 22:09:42,614 [INFO] PluginManage:359 - Loaded plugin lpbam (category:base,tabindex:0)
2026-01-14 22:09:42,614 [INFO] PluginManage:310 - Check plugin memorymap
2026-01-14 22:09:42,651 [INFO] PluginManage:359 - Loaded plugin memorymap (category:base,tabindex:4)
2026-01-14 22:09:42,651 [INFO] PluginManage:310 - Check plugin pinoutandconfiguration
2026-01-14 22:09:42,688 [INFO] PluginManage:359 - Loaded plugin pinoutandconfiguration (category:base,tabindex:1)
2026-01-14 22:09:42,688 [INFO] PluginManage:310 - Check plugin pinoutconfig
2026-01-14 22:09:42,824 [WARN] SupportedApi:132 - Cannot load RTOS API schema: s4s-elt-must-match.1: The content of 'definitions' must match (annotation?, (simpleType | complexType)?, (unique | key | keyref)*)). A problem was found starting at: attribute.
2026-01-14 22:09:42,987 [INFO] PluginManage:359 - Loaded plugin pinoutconfig (category:base,tabindex:0)
2026-01-14 22:09:42,987 [INFO] PluginManage:310 - Check plugin power
2026-01-14 22:09:43,015 [INFO] PluginManage:359 - Loaded plugin power (category:power,tabindex:4)
2026-01-14 22:09:43,015 [INFO] PluginManage:310 - Check plugin projectmanager
2026-01-14 22:09:43,035 [INFO] PluginManage:359 - Loaded plugin projectmanager (category:projectmanager,tabindex:4)
2026-01-14 22:09:43,035 [INFO] PluginManage:310 - Check plugin rif
2026-01-14 22:09:43,058 [INFO] PluginManage:359 - Loaded plugin rif (category:base,tabindex:3)
2026-01-14 22:09:43,059 [INFO] PluginManage:310 - Check plugin thirdparty
2026-01-14 22:09:43,450 [INFO] PluginManage:359 - Loaded plugin thirdparty (category:base,tabindex:-1)
2026-01-14 22:09:43,450 [WARN] IntegrityCheckThread:84 - waiting for thirdparty lock release [integrity check]
2026-01-14 22:09:43,451 [INFO] IntegrityCheckThread:86 - entering critical section [integrity check]
2026-01-14 22:09:43,451 [INFO] PluginManage:310 - Check plugin tools
2026-01-14 22:09:43,451 [INFO] ThirdPartyUpdaterWithRetryManager:70 - Updater plugin not ready yet. [1/15]
2026-01-14 22:09:43,509 [INFO] PluginManage:359 - Loaded plugin tools (category:base,tabindex:7)
2026-01-14 22:09:43,509 [INFO] PluginManage:310 - Check plugin tutovideos
2026-01-14 22:09:43,778 [INFO] PluginManage:359 - Loaded plugin tutovideos (category:base,tabindex:-1)
2026-01-14 22:09:43,778 [INFO] PluginManage:310 - Check plugin updater
2026-01-14 22:09:43,805 [INFO] PluginManage:359 - Loaded plugin updater (category:base,tabindex:12)
2026-01-14 22:09:43,806 [INFO] PluginManage:310 - Check plugin userauth
2026-01-14 22:09:43,811 [INFO] UserAuth:118 - Init User Auth plugin
2026-01-14 22:09:43,812 [INFO] PluginManage:359 - Loaded plugin userauth (category:base,tabindex:14)
2026-01-14 22:09:43,813 [INFO] PluginManage:283 - PluginManage : Loaded plugins [18]
2026-01-14 22:09:44,076 [INFO] PinOutPanel:1589 - setPackage(No Configuration,No Configuration)
2026-01-14 22:09:44,182 [INFO] CADModel:165 - CPN selected for project level
2026-01-14 22:09:44,182 [INFO] CADModel:114 - Register for checkConnection events
2026-01-14 22:09:44,216 [INFO] IPUIPlugin:80 - create IPUIPlugin
2026-01-14 22:09:44,216 [INFO] PluginManager:220 - loadIPPluginJar : add adc
2026-01-14 22:09:44,265 [INFO] IPUIPlugin:80 - create IPUIPlugin
2026-01-14 22:09:44,265 [INFO] PluginManager:220 - loadIPPluginJar : add aes
2026-01-14 22:09:44,318 [INFO] IPUIPlugin:80 - create IPUIPlugin
2026-01-14 22:09:44,318 [INFO] PluginManager:220 - loadIPPluginJar : add can
2026-01-14 22:09:44,354 [INFO] IPUIPlugin:80 - create IPUIPlugin
2026-01-14 22:09:44,354 [INFO] PluginManager:220 - loadIPPluginJar : add comp
2026-01-14 22:09:44,399 [INFO] IPUIPlugin:80 - create IPUIPlugin
2026-01-14 22:09:44,399 [INFO] PluginManager:220 - loadIPPluginJar : add cryp
2026-01-14 22:09:44,414 [INFO] IPUIPlugin:80 - create IPUIPlugin
2026-01-14 22:09:44,415 [INFO] PluginManager:220 - loadIPPluginJar : add ddr_ctrl_phy
2026-01-14 22:09:44,460 [INFO] IPUIPlugin:80 - create IPUIPlugin
2026-01-14 22:09:44,460 [INFO] PluginManager:220 - loadIPPluginJar : add dfsdm
2026-01-14 22:09:44,476 [INFO] IPUIPlugin:80 - create IPUIPlugin
2026-01-14 22:09:44,477 [INFO] PluginManager:220 - loadIPPluginJar : add dma
2026-01-14 22:09:44,533 [INFO] IPUIPlugin:80 - create IPUIPlugin
2026-01-14 22:09:44,533 [INFO] PluginManager:220 - loadIPPluginJar : add dma3
2026-01-14 22:09:44,613 [INFO] IPUIPlugin:80 - create IPUIPlugin
2026-01-14 22:09:44,613 [INFO] PluginManager:220 - loadIPPluginJar : add extmemmanager
2026-01-14 22:09:44,650 [INFO] IPUIPlugin:80 - create IPUIPlugin
2026-01-14 22:09:44,650 [INFO] PluginManager:220 - loadIPPluginJar : add fatfs
2026-01-14 22:09:44,737 [INFO] IPUIPlugin:80 - create IPUIPlugin
2026-01-14 22:09:44,737 [INFO] PluginManager:220 - loadIPPluginJar : add fmc
2026-01-14 22:09:44,765 [INFO] IPUIPlugin:80 - create IPUIPlugin
2026-01-14 22:09:44,766 [INFO] PluginManager:220 - loadIPPluginJar : add freertos
2026-01-14 22:09:44,806 [INFO] IPUIPlugin:80 - create IPUIPlugin
2026-01-14 22:09:44,806 [INFO] PluginManager:220 - loadIPPluginJar : add genericplugin
2026-01-14 22:09:44,990 [INFO] IPUIPlugin:80 - create IPUIPlugin
2026-01-14 22:09:44,990 [INFO] PluginManager:220 - loadIPPluginJar : add gfxmmu
2026-01-14 22:09:45,223 [INFO] IPUIPlugin:80 - create IPUIPlugin
2026-01-14 22:09:45,223 [INFO] PluginManager:220 - loadIPPluginJar : add gic
2026-01-14 22:09:45,240 [INFO] IPUIPlugin:80 - create IPUIPlugin
2026-01-14 22:09:45,240 [INFO] PluginManager:220 - loadIPPluginJar : add gpio
2026-01-14 22:09:45,375 [INFO] IPUIPlugin:80 - create IPUIPlugin
2026-01-14 22:09:45,375 [INFO] PluginManager:220 - loadIPPluginJar : add gtzc
2026-01-14 22:09:45,427 [INFO] IPUIPlugin:80 - create IPUIPlugin
2026-01-14 22:09:45,427 [INFO] PluginManager:220 - loadIPPluginJar : add hash
2026-01-14 22:09:45,516 [INFO] IPUIPlugin:80 - create IPUIPlugin
2026-01-14 22:09:45,517 [INFO] PluginManager:220 - loadIPPluginJar : add i2c
2026-01-14 22:09:45,576 [INFO] IPUIPlugin:80 - create IPUIPlugin
2026-01-14 22:09:45,576 [INFO] PluginManager:220 - loadIPPluginJar : add i2s
2026-01-14 22:09:45,641 [INFO] IPUIPlugin:80 - create IPUIPlugin
2026-01-14 22:09:45,641 [INFO] PluginManager:220 - loadIPPluginJar : add i3c
2026-01-14 22:09:45,790 [INFO] IPUIPlugin:80 - create IPUIPlugin
2026-01-14 22:09:45,790 [INFO] PluginManager:220 - loadIPPluginJar : add ipddr
2026-01-14 22:09:45,958 [INFO] IPUIPlugin:80 - create IPUIPlugin
2026-01-14 22:09:45,958 [INFO] PluginManager:220 - loadIPPluginJar : add linkedlist
2026-01-14 22:09:46,024 [INFO] IPUIPlugin:80 - create IPUIPlugin
2026-01-14 22:09:46,024 [INFO] PluginManager:220 - loadIPPluginJar : add lorawan
2026-01-14 22:09:46,098 [INFO] IPUIPlugin:80 - create IPUIPlugin
2026-01-14 22:09:46,098 [INFO] PluginManager:220 - loadIPPluginJar : add ltdc
2026-01-14 22:09:46,127 [INFO] IPUIPlugin:80 - create IPUIPlugin
2026-01-14 22:09:46,127 [INFO] PluginManager:220 - loadIPPluginJar : add mdma
2026-01-14 22:09:46,149 [INFO] IPUIPlugin:80 - create IPUIPlugin
2026-01-14 22:09:46,149 [INFO] PluginManager:220 - loadIPPluginJar : add nvic
2026-01-14 22:09:46,214 [INFO] IPUIPlugin:80 - create IPUIPlugin
2026-01-14 22:09:46,214 [INFO] PluginManager:220 - loadIPPluginJar : add opamp
2026-01-14 22:09:46,301 [INFO] IPUIPlugin:80 - create IPUIPlugin
2026-01-14 22:09:46,301 [INFO] PluginManager:220 - loadIPPluginJar : add openamp
2026-01-14 22:09:46,363 [INFO] IPUIPlugin:80 - create IPUIPlugin
2026-01-14 22:09:46,363 [INFO] PluginManager:220 - loadIPPluginJar : add pdm2pcm
2026-01-14 22:09:46,384 [INFO] IPUIPlugin:80 - create IPUIPlugin
2026-01-14 22:09:46,387 [INFO] PluginManager:220 - loadIPPluginJar : add plateformsettings
2026-01-14 22:09:46,419 [INFO] IPUIPlugin:80 - create IPUIPlugin
2026-01-14 22:09:46,420 [INFO] PluginManager:220 - loadIPPluginJar : add quadspi
2026-01-14 22:09:46,457 [INFO] IPUIPlugin:80 - create IPUIPlugin
2026-01-14 22:09:46,458 [INFO] PluginManager:220 - loadIPPluginJar : add radio
2026-01-14 22:09:46,465 [INFO] ThirdPartyUpdaterWithRetryManager:70 - Updater plugin not ready yet. [2/15]
2026-01-14 22:09:46,475 [INFO] IPUIPlugin:80 - create IPUIPlugin
2026-01-14 22:09:46,475 [INFO] PluginManager:220 - loadIPPluginJar : add resmgrutility
2026-01-14 22:09:46,539 [INFO] IPUIPlugin:80 - create IPUIPlugin
2026-01-14 22:09:46,539 [INFO] PluginManager:220 - loadIPPluginJar : add sai
2026-01-14 22:09:46,594 [INFO] IPUIPlugin:80 - create IPUIPlugin
2026-01-14 22:09:46,594 [INFO] PluginManager:220 - loadIPPluginJar : add spi
2026-01-14 22:09:46,695 [INFO] IPUIPlugin:80 - create IPUIPlugin
2026-01-14 22:09:46,695 [INFO] PluginManager:220 - loadIPPluginJar : add stm32_wpan
2026-01-14 22:09:46,729 [INFO] IPUIPlugin:80 - create IPUIPlugin
2026-01-14 22:09:46,729 [INFO] PluginManager:220 - loadIPPluginJar : add tim
2026-01-14 22:09:46,815 [INFO] IPUIPlugin:80 - create IPUIPlugin
2026-01-14 22:09:46,815 [INFO] PluginManager:220 - loadIPPluginJar : add touchsensing
2026-01-14 22:09:46,854 [INFO] IPUIPlugin:80 - create IPUIPlugin
2026-01-14 22:09:46,854 [INFO] PluginManager:220 - loadIPPluginJar : add tracer_emb
2026-01-14 22:09:46,892 [INFO] IPUIPlugin:80 - create IPUIPlugin
2026-01-14 22:09:46,892 [INFO] PluginManager:220 - loadIPPluginJar : add ts
2026-01-14 22:09:46,923 [INFO] IPUIPlugin:80 - create IPUIPlugin
2026-01-14 22:09:46,924 [INFO] PluginManager:220 - loadIPPluginJar : add tsc
2026-01-14 22:09:46,954 [INFO] IPUIPlugin:80 - create IPUIPlugin
2026-01-14 22:09:46,954 [INFO] PluginManager:220 - loadIPPluginJar : add ucpd
2026-01-14 22:09:47,036 [INFO] IPUIPlugin:80 - create IPUIPlugin
2026-01-14 22:09:47,036 [INFO] PluginManager:220 - loadIPPluginJar : add usart
2026-01-14 22:09:47,132 [INFO] IPUIPlugin:80 - create IPUIPlugin
2026-01-14 22:09:47,132 [INFO] PluginManager:220 - loadIPPluginJar : add usbx
2026-01-14 22:09:47,314 [FATAL] Updater:351 - Updater called before beeing initialized
2026-01-14 22:09:47,346 [INFO] RulesReader:64 - Compatibility file has been processed (317 Rules)
2026-01-14 22:09:47,357 [INFO] RulesReader:64 - Compatibility file has been processed (317 Rules)
2026-01-14 22:09:47,367 [INFO] CADModel:165 - CPN selected for project level
2026-01-14 22:09:47,368 [INFO] CADModel:114 - Register for checkConnection events
2026-01-14 22:09:47,368 [FATAL] Updater:351 - Updater called before beeing initialized
2026-01-14 22:09:47,368 [ERROR] CADModel:125 - Updater not yet initialized, retry later 
2026-01-14 22:09:47,546 [FATAL] Updater:351 - Updater called before beeing initialized
2026-01-14 22:09:47,549 [INFO] CADModel:165 - CPN selected for project level
2026-01-14 22:09:47,549 [INFO] CADModel:114 - Register for checkConnection events
2026-01-14 22:09:47,550 [FATAL] Updater:351 - Updater called before beeing initialized
2026-01-14 22:09:47,550 [ERROR] CADModel:125 - Updater not yet initialized, retry later 
2026-01-14 22:09:47,553 [FATAL] Updater:351 - Updater called before beeing initialized
2026-01-14 22:09:47,671 [FATAL] Updater:351 - Updater called before beeing initialized
2026-01-14 22:09:47,682 [INFO] DbMcusAds:53 - JSON generation date=Thu Oct 02 16:36:05 ICT 2025 (1759397765645)
2026-01-14 22:09:47,682 [FATAL] Updater:351 - Updater called before beeing initialized
2026-01-14 22:09:47,725 [WARN] DetailPanel:346 - Failed to get advertising image, set to default
2026-01-14 22:09:47,824 [FATAL] Updater:351 - Updater called before beeing initialized
2026-01-14 22:09:47,827 [FATAL] Updater:351 - Updater called before beeing initialized
2026-01-14 22:09:47,827 [FATAL] Updater:351 - Updater called before beeing initialized
2026-01-14 22:09:47,827 [WARN] DetailPanel:346 - Failed to get advertising image, set to default
2026-01-14 22:09:47,828 [FATAL] Updater:351 - Updater called before beeing initialized
2026-01-14 22:09:47,915 [ERROR] Updater:1198 - MainUpdater not yet initialized. External WinMGr cannot be set.
2026-01-14 22:09:47,932 [INFO] Updater:1134 - Updater Version found : 6.15.0
2026-01-14 22:09:47,959 [INFO] ApplicationProperties:184 - Using Application install path: C:\ST\STM32CubeIDE_1.19.0\STM32CubeIDE\plugins\com.st.stm32cube.common.mx_6.15.0.202507011659
2026-01-14 22:09:49,466 [INFO] ThirdPartyUpdaterWithRetryManager:70 - Updater plugin not ready yet. [3/15]
2026-01-14 22:09:49,578 [ERROR] LogOutputStream:75 - [STDERR_REDIRECT] Jan 14, 2026 10:09:49 PM java.util.prefs.WindowsPreferences <init>
2026-01-14 22:09:49,581 [ERROR] LogOutputStream:75 - [STDERR_REDIRECT] WARNING: Could not open/create prefs root node Software\JavaSoft\Prefs at root 0xffffffff80000002. Windows RegCreateKeyEx(...) returned error code 5.
2026-01-14 22:09:49,581 [ERROR] LogOutputStream:75 - [STDERR_REDIRECT] 
2026-01-14 22:09:50,122 [INFO] MainUpdater:2872 - connection check result : 10
2026-01-14 22:09:50,123 [INFO] MainUpdater:3604 - Updater definition file requires update
2026-01-14 22:09:50,124 [INFO] MainUpdater:289 - Updater Check For Update Now.
2026-01-14 22:09:50,124 [INFO] MicroXplorer:498 - Change Database Version : DB.6.0.150
2026-01-14 22:09:50,153 [INFO] McuFinderGlobals:63 - Set McuFinder mode to 2 (CubeIDE integrated)
2026-01-14 22:09:50,153 [INFO] UserAuth:171 - activating auth plugin
2026-01-14 22:09:50,155 [INFO] ServerAccessManage:452 - Complete download http(s) 200
2026-01-14 22:09:50,156 [INFO] ServerAccessManage:509 - Download File updaters.zip
2026-01-14 22:09:50,158 [INFO] UserAuth:487 - Internet connection configuration mode: 1
2026-01-14 22:09:50,211 [INFO] JxBrowserEngine:152 - Initiate JxBrowser Engine with user profile folder
2026-01-14 22:09:50,345 [INFO] FileExtend:248 - Unzip File : updaters.zip
2026-01-14 22:09:50,345 [INFO] FileExtend:263 - Standard Zip Deflate
2026-01-14 22:09:50,976 [INFO] ServerAccessManage:452 - Complete download http(s) 200
2026-01-14 22:09:50,976 [INFO] ServerAccessManage:509 - Download File PacksControlFlags.xml
2026-01-14 22:09:51,312 [INFO] ServerAccessManage:452 - Complete download http(s) 200
2026-01-14 22:09:51,312 [INFO] ServerAccessManage:509 - Download File cubemx.pidx
2026-01-14 22:09:52,475 [WARN] MainUpdater:1193 - Updater busy. Cannot search thirdparties
2026-01-14 22:09:52,475 [INFO] ThirdPartyUpdaterWithRetryManager:96 - Updater plugin is busy. [1/15]
2026-01-14 22:09:53,911 [INFO] ServerAccessManage:452 - Complete download http(s) 200
2026-01-14 22:09:53,911 [INFO] ServerAccessManage:509 - Download File STMicroelectronics.X-CUBE-ST67W61.pdsc
2026-01-14 22:09:55,535 [WARN] MainUpdater:1193 - Updater busy. Cannot search thirdparties
2026-01-14 22:09:55,537 [INFO] ThirdPartyUpdaterWithRetryManager:96 - Updater plugin is busy. [2/15]
2026-01-14 22:09:56,228 [INFO] WebApp:169 - Instantiating new browser for Auth
2026-01-14 22:09:56,961 [WARN] PackLoader:240 - Cannot read IP mode file for STMicroelectronics.X-CUBE-ST67W61.1.2.0
2026-01-14 22:09:56,971 [INFO] PopulateThirdPartyThread:66 - Ending populate Thread
2026-01-14 22:09:56,978 [INFO] ThirdParty:1030 - CMSIS Pack Vendor :STMicroelectronics X-CUBE-ST67W61 1.2.0
2026-01-14 22:09:56,978 [INFO] LoadServerUpdatesThread:375 - End of LoadServerUpdate Thread
2026-01-14 22:09:57,262 [INFO] CheckServerUpdateThread:120 - End of CheckServer Thread
2026-01-14 22:09:57,901 [INFO] WebApp:463 - Apply proxy settings
2026-01-14 22:09:57,901 [INFO] WebApp:548 - Chromium requires no authentication
2026-01-14 22:09:57,921 [INFO] WebApp:491 - Direct internet connection detected
2026-01-14 22:09:58,000 [INFO] WebApp:900 - Register for checkConnection events
2026-01-14 22:09:58,000 [INFO] WebApp:463 - Apply proxy settings
2026-01-14 22:09:58,001 [INFO] WebApp:548 - Chromium requires no authentication
2026-01-14 22:09:58,002 [INFO] WebApp:491 - Direct internet connection detected
2026-01-14 22:09:58,177 [INFO] WebApp:191 - Connection restablished
2026-01-14 22:09:58,392 [INFO] WebApp:225 - Starting web application
2026-01-14 22:09:58,393 [INFO] WebApp:593 - Web application path used C:\ST\STM32CubeIDE_1.19.0\STM32CubeIDE\plugins\com.st.stm32cube.common.mx_6.15.0.202507011659\db\plugins\mcufinder\reactClient1\index.html
2026-01-14 22:09:59,546 [WARN] PackLoader:240 - Cannot read IP mode file for STMicroelectronics.FP-SNS-MOTENVWB1.1.4.0
2026-01-14 22:09:59,608 [WARN] PackLoader:240 - Cannot read IP mode file for STMicroelectronics.FP-ATR-ASTRA1.2.0.2
2026-01-14 22:09:59,654 [WARN] PackLoader:240 - Cannot read IP mode file for STMicroelectronics.X-CUBE-SMBUS.2.1.0
2026-01-14 22:09:59,681 [WARN] PackLoader:240 - Cannot read IP mode file for STMicroelectronics.X-CUBE-ST60.1.0.0
2026-01-14 22:09:59,749 [WARN] PackLoader:240 - Cannot read IP mode file for STMicroelectronics.X-CUBE-AZRTOS-F7.1.1.0
2026-01-14 22:09:59,768 [WARN] PackLoader:240 - Cannot read IP mode file for Cesanta.I-CUBE-Mongoose.7.19.0
2026-01-14 22:09:59,797 [WARN] PackLoader:240 - Cannot read IP mode file for STMicroelectronics.FP-SNS-MOTENV1.5.1.0
2026-01-14 22:09:59,871 [WARN] PackLoader:240 - Cannot read IP mode file for WES.I-CUBE-Cesium.1.4.0
2026-01-14 22:09:59,921 [WARN] PackLoader:240 - Cannot read IP mode file for Infineon.AIROC-Wi-Fi-Bluetooth-STM32.1.7.1
2026-01-14 22:09:59,997 [WARN] PackLoader:240 - Cannot read IP mode file for STMicroelectronics.X-CUBE-AZRTOS-H7.3.4.0
2026-01-14 22:10:00,047 [WARN] PackLoader:240 - Cannot read IP mode file for STMicroelectronics.X-CUBE-DISPLAY.3.0.0
2026-01-14 22:10:00,098 [WARN] PackLoader:240 - Cannot read IP mode file for STMicroelectronics.X-CUBE-NFC10.1.0.0
2026-01-14 22:10:00,123 [WARN] PackLoader:240 - Cannot read IP mode file for STMicroelectronics.X-CUBE-ST60.1.1.0
2026-01-14 22:10:00,144 [WARN] PackLoader:240 - Cannot read IP mode file for emotas.I-CUBE-CANOPEN.1.3.0
2026-01-14 22:10:00,161 [WARN] PackLoader:240 - Cannot read IP mode file for STMicroelectronics.X-CUBE-GNSS1.7.1.0
2026-01-14 22:10:00,189 [WARN] PackLoader:240 - Cannot read IP mode file for STMicroelectronics.FP-SNS-STBOX1.2.1.0
2026-01-14 22:10:00,224 [WARN] PackLoader:240 - Cannot read IP mode file for STMicroelectronics.FP-SNS-SMARTAG2.1.2.0
2026-01-14 22:10:00,234 [WARN] PackLoader:240 - Cannot read IP mode file for STMicroelectronics.FP-SNS-FLIGHT1.5.1.0
2026-01-14 22:10:00,283 [INFO] LogOutputStream:77 - [STDOUT_REDIRECT] 1 : Invalid condition id : UX_CORESTACK_Condition cause : null
2026-01-14 22:10:00,284 [INFO] LogOutputStream:77 - [STDOUT_REDIRECT] 1 : Invalid condition id : UX_CORESTACK_Condition cause : null
2026-01-14 22:10:00,289 [INFO] LogOutputStream:77 - [STDOUT_REDIRECT] 1 : Invalid condition id : UX_CORESTACK_Condition cause : null
2026-01-14 22:10:00,291 [INFO] LogOutputStream:77 - [STDOUT_REDIRECT] 1 : Invalid condition id : UX_CORESTACK_Condition cause : null
2026-01-14 22:10:00,297 [INFO] LogOutputStream:77 - [STDOUT_REDIRECT] 1 : Invalid condition id : UX_CORESTACK_Condition cause : null
2026-01-14 22:10:00,305 [WARN] PackLoader:240 - Cannot read IP mode file for STMicroelectronics.X-CUBE-AZRTOS-WL.2.0.0
2026-01-14 22:10:00,392 [WARN] PackLoader:240 - Cannot read IP mode file for STMicroelectronics.FP-SNS-MOTENV1.5.0.0
2026-01-14 22:10:00,437 [WARN] PackLoader:240 - Cannot read IP mode file for STMicroelectronics.X-CUBE-AZRTOS-H7RS.1.2.0
2026-01-14 22:10:00,461 [WARN] PackLoader:240 - Cannot read IP mode file for STMicroelectronics.X-CUBE-BLE2.3.3.0
2026-01-14 22:10:00,520 [WARN] PackLoader:240 - Cannot read IP mode file for STMicroelectronics.X-CUBE-NFC9.1.0.0
2026-01-14 22:10:00,544 [WARN] PackLoader:240 - Cannot read IP mode file for wolfSSL.I-CUBE-wolfSSL.5.8.2
2026-01-14 22:10:00,565 [WARN] PackLoader:240 - Cannot read IP mode file for STMicroelectronics.X-CUBE-BLE1.7.1.0
2026-01-14 22:10:00,571 [WARN] PackLoader:240 - Cannot read IP mode file for wolfSSL.I-CUBE-wolfMQTT.1.19.2
2026-01-14 22:10:00,603 [WARN] PackLoader:240 - Cannot read IP mode file for STMicroelectronics.X-CUBE-FREERTOS.1.4.0
2026-01-14 22:10:00,626 [WARN] PackLoader:240 - Cannot read IP mode file for STMicroelectronics.X-CUBE-EEPRMA1.5.2.0
2026-01-14 22:10:00,644 [WARN] PackLoader:240 - Cannot read IP mode file for STMicroelectronics.X-CUBE-ST67W61.1.1.0
2026-01-14 22:10:00,705 [WARN] PackLoader:240 - Cannot read IP mode file for STMicroelectronics.X-CUBE-MEMS1.12.0.0
2026-01-14 22:10:00,871 [WARN] PackLoader:240 - Cannot read IP mode file for STMicroelectronics.X-CUBE-AZRTOS-G0.1.1.0
2026-01-14 22:10:00,910 [WARN] PackLoader:240 - Cannot read IP mode file for STMicroelectronics.X-CUBE-SAFEA1.1.2.2
2026-01-14 22:10:00,942 [WARN] PackLoader:240 - Cannot read IP mode file for STMicroelectronics.X-CUBE-NFC4.3.0.0
2026-01-14 22:10:00,979 [WARN] PackLoader:240 - Cannot read IP mode file for EmbeddedOffice.I-CUBE-FS-RTOS.1.0.1
2026-01-14 22:10:01,005 [WARN] PackLoader:240 - Cannot read IP mode file for STMicroelectronics.X-CUBE-WB05N.2.0.0
2026-01-14 22:10:01,013 [WARN] PackLoader:240 - Cannot read IP mode file for wolfSSL.I-CUBE-wolfTPM.3.8.0
2026-01-14 22:10:01,032 [WARN] PackLoader:240 - Cannot read IP mode file for STMicroelectronics.X-CUBE-TCPP.4.2.0
2026-01-14 22:10:01,055 [WARN] PackLoader:240 - Cannot read IP mode file for RealThread.X-CUBE-RT-Thread_Nano.4.1.1
2026-01-14 22:10:01,061 [WARN] PackLoader:240 - Cannot read IP mode file for STMicroelectronics.FP-ATR-SIGFOX1.3.2.0
2026-01-14 22:10:01,080 [WARN] PackLoader:240 - Cannot read IP mode file for ITTIA_DB.I-CUBE-ITTIADB.8.9.0
2026-01-14 22:10:01,122 [WARN] PackLoader:240 - Cannot read IP mode file for STMicroelectronics.X-CUBE-ST67W61.1.0.0
2026-01-14 22:10:01,139 [WARN] PackLoader:240 - Cannot read IP mode file for STMicroelectronics.X-CUBE-AI.10.2.0
2026-01-14 22:10:01,180 [WARN] PackLoader:240 - Cannot read IP mode file for SEGGER.I-CUBE-embOS.1.3.1
2026-01-14 22:10:01,237 [WARN] PackLoader:240 - Cannot read IP mode file for STMicroelectronics.X-CUBE-ALGOBUILD.1.4.0
2026-01-14 22:10:01,303 [WARN] PackLoader:240 - Cannot read IP mode file for STMicroelectronics.X-CUBE-MEMS1.11.3.0
2026-01-14 22:10:01,437 [WARN] PackLoader:240 - Cannot read IP mode file for STMicroelectronics.X-CUBE-PM33A1.1.0.0
2026-01-14 22:10:01,478 [WARN] PackLoader:240 - Cannot read IP mode file for STMicroelectronics.X-CUBE-AZRTOS-F4.1.1.0
2026-01-14 22:10:01,507 [WARN] PackLoader:240 - Cannot read IP mode file for STMicroelectronics.X-CUBE-ISPU.2.1.0
2026-01-14 22:10:01,539 [WARN] PackLoader:240 - Cannot read IP mode file for STMicroelectronics.X-CUBE-IPS.3.2.0
2026-01-14 22:10:01,569 [WARN] PackLoader:240 - Cannot read IP mode file for STMicroelectronics.X-CUBE-NFC12.1.0.0
2026-01-14 22:10:01,628 [WARN] PackLoader:240 - Cannot read IP mode file for STMicroelectronics.X-CUBE-AZRTOS-L5.2.0.0
2026-01-14 22:10:01,653 [WARN] PackLoader:240 - Cannot read IP mode file for STMicroelectronics.X-CUBE-NFC6.3.1.0
2026-01-14 22:10:01,678 [WARN] PackLoader:240 - Cannot read IP mode file for STMicroelectronics.X-CUBE-FREERTOS.1.3.1
2026-01-14 22:10:01,701 [WARN] PackLoader:240 - Cannot read IP mode file for STMicroelectronics.X-CUBE-TOUCHGFX.4.26.0
2026-01-14 22:10:01,721 [WARN] PackLoader:240 - Cannot read IP mode file for STMicroelectronics.FP-SNS-STAIOTCFT.1.0.0
2026-01-14 22:10:01,740 [WARN] PackLoader:240 - Cannot read IP mode file for STMicroelectronics.X-CUBE-DPower.1.3.0
2026-01-14 22:10:01,804 [WARN] ConditionMgr:438 - getConditionDescription Invalid condition id : LAN8742 Phy interface Condition cause : null
2026-01-14 22:10:01,805 [WARN] PackLoader:240 - Cannot read IP mode file for STMicroelectronics.X-CUBE-AZRTOS-L4.2.0.0
2026-01-14 22:10:01,807 [WARN] ConditionMgr:1044 - genDependencies : Invalid condition id : LAN8742 Phy interface Condition cause : null
2026-01-14 22:10:01,808 [WARN] ConditionMgr:1044 - genDependencies : Invalid condition id : LAN8742 Phy interface Condition cause : null
2026-01-14 22:10:01,808 [WARN] ConditionMgr:1044 - genDependencies : Invalid condition id : LAN8742 Phy interface Condition cause : null
2026-01-14 22:10:01,836 [WARN] PackLoader:240 - Cannot read IP mode file for STMicroelectronics.X-CUBE-SFXS2LP1.4.0.0
2026-01-14 22:10:01,842 [WARN] PackLoader:240 - Cannot read IP mode file for STMicroelectronics.X-CUBE-ST67W61.1.2.0
2026-01-14 22:10:01,889 [WARN] PackLoader:240 - Cannot read IP mode file for STMicroelectronics.X-CUBE-BLEMGR.4.1.0
2026-01-14 22:10:01,923 [WARN] ConditionMgr:438 - getConditionDescription Invalid condition id : UX DEVICE CLASS RTOS Condition cause : null
2026-01-14 22:10:01,924 [WARN] ConditionMgr:438 - getConditionDescription Invalid condition id : UX DEVICE CLASS RTOS Condition cause : null
2026-01-14 22:10:01,926 [WARN] PackLoader:240 - Cannot read IP mode file for STMicroelectronics.X-CUBE-AZRTOS-WB.2.0.0
2026-01-14 22:10:01,927 [WARN] ConditionMgr:1044 - genDependencies : Invalid condition id : UX DEVICE CLASS RTOS Condition cause : null
2026-01-14 22:10:01,927 [WARN] ConditionMgr:1044 - genDependencies : Invalid condition id : UX DEVICE CLASS RTOS Condition cause : null
2026-01-14 22:10:01,927 [WARN] ConditionMgr:1044 - genDependencies : Invalid condition id : UX DEVICE CLASS RTOS Condition cause : null
2026-01-14 22:10:01,927 [WARN] ConditionMgr:1044 - genDependencies : Invalid condition id : UX DEVICE CLASS RTOS Condition cause : null
2026-01-14 22:10:01,927 [WARN] ConditionMgr:1044 - genDependencies : Invalid condition id : UX DEVICE CLASS RTOS Condition cause : null
2026-01-14 22:10:01,946 [WARN] PackLoader:240 - Cannot read IP mode file for STMicroelectronics.X-CUBE-GNSS1.7.0.1
2026-01-14 22:10:01,963 [WARN] ConditionMgr:438 - getConditionDescription Invalid condition id : Cortex-A Device cause : null
2026-01-14 22:10:01,995 [WARN] ConditionMgr:1044 - genDependencies : Invalid condition id : Cortex-A Device cause : null
2026-01-14 22:10:01,995 [WARN] ConditionMgr:1044 - genDependencies : Invalid condition id : Cortex-A Device cause : null
2026-01-14 22:10:01,995 [WARN] ConditionMgr:1044 - genDependencies : Invalid condition id : Cortex-A Device cause : null
2026-01-14 22:10:02,024 [WARN] PackLoader:240 - Cannot read IP mode file for STMicroelectronics.X-CUBE-SUBG2.5.0.0
2026-01-14 22:10:02,067 [WARN] PackLoader:240 - Cannot read IP mode file for STMicroelectronics.X-CUBE-AZRTOS-H7RS.1.1.0
2026-01-14 22:10:02,103 [WARN] PackLoader:240 - Cannot read IP mode file for STMicroelectronics.X-CUBE-AZRTOS-G4.2.0.0
2026-01-14 22:10:02,109 [WARN] PackLoader:240 - Cannot read IP mode file for wolfSSL.I-CUBE-wolfSSH.1.4.20
2026-01-14 22:10:02,139 [WARN] PackLoader:240 - Cannot read IP mode file for STMicroelectronics.X-CUBE-NFC7.2.0.0
2026-01-14 22:10:02,162 [WARN] PackLoader:240 - Cannot read IP mode file for STMicroelectronics.X-CUBE-IPS.3.1.0
2026-01-14 22:10:02,183 [WARN] PackLoader:240 - Cannot read IP mode file for STMicroelectronics.X-CUBE-ALS.1.0.2
2026-01-14 22:10:02,199 [WARN] PackLoader:240 - Cannot read IP mode file for STMicroelectronics.X-CUBE-STSE01.1.0.0
2026-01-14 22:10:02,220 [WARN] PackLoader:240 - Cannot read IP mode file for STMicroelectronics.X-CUBE-TOF1.3.4.3
2026-01-14 22:10:02,229 [INFO] ThirdParty:978 - Integrity check success = true
2026-01-14 22:10:02,229 [INFO] IntegrityCheckThread:100 - exiting critical section [integrity check]
2026-01-14 22:10:02,229 [INFO] IntegrityCheckThread:103 - End integrity checks thread
2026-01-14 22:34:06,490 [INFO] Activator:176 - 


2026-01-14 22:34:06,491 [INFO] Activator:177 - !SESSION log4j initialized
2026-01-14 22:34:10,915 [INFO] LogOutputStream:77 - [STDOUT_REDIRECT] 
2026-01-14 22:34:11,554 [INFO] ApplicationProperties:184 - Using Application install path: C:\ST\STM32CubeIDE_1.19.0\STM32CubeIDE\plugins\com.st.stm32cube.common.mx_6.15.0.202507011659
2026-01-14 22:34:11,565 [INFO] DbMcusXml:78 - Set database path to: C:\ST\STM32CubeIDE_1.19.0\STM32CubeIDE\plugins\com.st.stm32cube.common.mx_6.15.0.202507011659\\db\/mcu/
2026-01-14 22:34:11,566 [INFO] ApiDb:274 - Set plugin database path to: C:\ST\STM32CubeIDE_1.19.0\STM32CubeIDE\plugins\com.st.stm32cube.common.mx_6.15.0.202507011659\\db\/plugins/boardmanager/
2026-01-14 22:34:11,566 [WARN] ApiDb:259 - Overriding images path with different value:  => C:\ST\STM32CubeIDE_1.19.0\STM32CubeIDE\plugins\com.st.stm32cube.common.mx_6.15.0.202507011659\\db\/plugins/mcufinder/images/
2026-01-14 22:34:11,570 [INFO] ApiDb:250 - Set database path to: C:\Users\ASUS\.stmcufinder\plugins\mcufinder//mcu/
2026-01-14 22:34:11,571 [INFO] DbMcusAds:125 - Set database path to: C:\Users\ASUS\.stmcufinder\plugins\mcufinder//mcu/
2026-01-14 22:34:11,572 [INFO] CrossReferenceDbSqlite:203 - Set database path to: C:\Users\ASUS\.stmcufinder\plugins\mcufinder//mcu/cs/
2026-01-14 22:34:11,661 [INFO] RulesReader:64 - Compatibility file has been processed (317 Rules)
2026-01-14 22:34:11,722 [INFO] DbMcusXml:78 - Set database path to: C:\ST\STM32CubeIDE_1.19.0\STM32CubeIDE\plugins\com.st.stm32cube.common.mx_6.15.0.202507011659\\db\/mcu/
2026-01-14 22:34:11,722 [INFO] ApiDb:274 - Set plugin database path to: C:\ST\STM32CubeIDE_1.19.0\STM32CubeIDE\plugins\com.st.stm32cube.common.mx_6.15.0.202507011659\\db\/plugins/boardmanager/
2026-01-14 22:34:11,722 [INFO] ApiDb:261 - Set plugin images path to: C:\ST\STM32CubeIDE_1.19.0\STM32CubeIDE\plugins\com.st.stm32cube.common.mx_6.15.0.202507011659\\db\/plugins/mcufinder/images/
2026-01-14 22:34:11,723 [WARN] DbFile:41 - Overriding database path with different value: C:\Users\ASUS\.stmcufinder\plugins\mcufinder/ => C:\Users\ASUS\.stmcufinder\plugins\mcufinder
2026-01-14 22:34:11,723 [INFO] ApiDb:250 - Set database path to: C:\Users\ASUS\.stmcufinder\plugins\mcufinder//mcu/
2026-01-14 22:34:11,723 [WARN] DbFile:41 - Overriding database path with different value: C:\Users\ASUS\.stmcufinder\plugins\mcufinder/ => C:\Users\ASUS\.stmcufinder\plugins\mcufinder
2026-01-14 22:34:11,723 [INFO] DbMcusAds:125 - Set database path to: C:\Users\ASUS\.stmcufinder\plugins\mcufinder//mcu/
2026-01-14 22:34:11,723 [WARN] DbFile:41 - Overriding database path with different value: C:\Users\ASUS\.stmcufinder\plugins\mcufinder/ => C:\Users\ASUS\.stmcufinder\plugins\mcufinder
2026-01-14 22:34:11,723 [WARN] DbFile:41 - Overriding database path with different value: C:\Users\ASUS\.stmcufinder\plugins\mcufinder/ => C:\Users\ASUS\.stmcufinder\plugins\mcufinder
2026-01-14 22:34:11,723 [INFO] CrossReferenceDbSqlite:203 - Set database path to: C:\Users\ASUS\.stmcufinder\plugins\mcufinder//mcu/cs/
2026-01-14 22:34:11,788 [INFO] MainPanel:274 - HeapMemory: 268435456
2026-01-14 22:34:11,856 [INFO] DbMcusXml:78 - Set database path to: C:\ST\STM32CubeIDE_1.19.0\STM32CubeIDE\plugins\com.st.stm32cube.common.mx_6.15.0.202507011659\\db\/mcu/
2026-01-14 22:34:11,856 [INFO] ApiDb:274 - Set plugin database path to: C:\ST\STM32CubeIDE_1.19.0\STM32CubeIDE\plugins\com.st.stm32cube.common.mx_6.15.0.202507011659\\db\/plugins/boardmanager/
2026-01-14 22:34:11,856 [INFO] ApiDb:261 - Set plugin images path to: C:\ST\STM32CubeIDE_1.19.0\STM32CubeIDE\plugins\com.st.stm32cube.common.mx_6.15.0.202507011659\\db\/plugins/mcufinder/images/
2026-01-14 22:34:11,856 [WARN] DbFile:41 - Overriding database path with different value: C:\Users\ASUS\.stmcufinder\plugins\mcufinder/ => C:\Users\ASUS\.stmcufinder\plugins\mcufinder
2026-01-14 22:34:11,857 [INFO] ApiDb:250 - Set database path to: C:\Users\ASUS\.stmcufinder\plugins\mcufinder//mcu/
2026-01-14 22:34:11,857 [WARN] DbFile:41 - Overriding database path with different value: C:\Users\ASUS\.stmcufinder\plugins\mcufinder/ => C:\Users\ASUS\.stmcufinder\plugins\mcufinder
2026-01-14 22:34:11,857 [INFO] DbMcusAds:125 - Set database path to: C:\Users\ASUS\.stmcufinder\plugins\mcufinder//mcu/
2026-01-14 22:34:11,857 [WARN] DbFile:41 - Overriding database path with different value: C:\Users\ASUS\.stmcufinder\plugins\mcufinder/ => C:\Users\ASUS\.stmcufinder\plugins\mcufinder
2026-01-14 22:34:11,857 [WARN] DbFile:41 - Overriding database path with different value: C:\Users\ASUS\.stmcufinder\plugins\mcufinder/ => C:\Users\ASUS\.stmcufinder\plugins\mcufinder
2026-01-14 22:34:11,857 [INFO] CrossReferenceDbSqlite:203 - Set database path to: C:\Users\ASUS\.stmcufinder\plugins\mcufinder//mcu/cs/
2026-01-14 22:34:11,871 [INFO] ApplicationProperties:184 - Using Application install path: C:\ST\STM32CubeIDE_1.19.0\STM32CubeIDE\plugins\com.st.stm32cube.common.mx_6.15.0.202507011659
2026-01-14 22:34:11,872 [INFO] PluginManage:196 - Search for loadable plugins [exclusion list=, ]
2026-01-14 22:34:11,873 [INFO] PluginManage:310 - Check plugin analytics
2026-01-14 22:34:12,024 [INFO] AnalyticsPlugin:253 - Accepted Software Licenses: STM32CubeMX.6.12.1
2026-01-14 22:34:12,024 [INFO] AnalyticsPlugin:255 - Accepted CMSIS Pack Licenses: 
2026-01-14 22:34:12,024 [INFO] AnalyticsPlugin:257 - Accepted Firmware Licenses: 
2026-01-14 22:34:12,026 [INFO] PluginManage:359 - Loaded plugin analytics (category:tool,tabindex:-1)
2026-01-14 22:34:12,026 [INFO] PluginManage:310 - Check plugin cadmodel
2026-01-14 22:34:12,029 [INFO] CADModel:105 - Init CAD model plugin
2026-01-14 22:34:12,030 [INFO] PluginManage:359 - Loaded plugin cadmodel (category:power,tabindex:5)
2026-01-14 22:34:12,030 [INFO] PluginManage:310 - Check plugin clock
2026-01-14 22:34:12,037 [INFO] PluginManage:359 - Loaded plugin clock (category:base,tabindex:2)
2026-01-14 22:34:12,037 [INFO] PluginManage:310 - Check plugin ddr
2026-01-14 22:34:12,039 [INFO] PluginManage:359 - Loaded plugin ddr (category:tool,tabindex:6)
2026-01-14 22:34:12,039 [INFO] PluginManage:310 - Check plugin filemanager
2026-01-14 22:34:12,145 [INFO] PluginManage:359 - Loaded plugin filemanager (category:base,tabindex:10)
2026-01-14 22:34:12,146 [INFO] PluginManage:310 - Check plugin ipmanager
2026-01-14 22:34:12,152 [INFO] PluginManage:359 - Loaded plugin ipmanager (category:base,tabindex:5)
2026-01-14 22:34:12,152 [INFO] PluginManage:310 - Check plugin lpbam
2026-01-14 22:34:12,159 [INFO] PluginManage:359 - Loaded plugin lpbam (category:base,tabindex:0)
2026-01-14 22:34:12,159 [INFO] PluginManage:310 - Check plugin memorymap
2026-01-14 22:34:12,171 [INFO] PluginManage:359 - Loaded plugin memorymap (category:base,tabindex:4)
2026-01-14 22:34:12,171 [INFO] PluginManage:310 - Check plugin pinoutandconfiguration
2026-01-14 22:34:12,178 [INFO] PluginManage:359 - Loaded plugin pinoutandconfiguration (category:base,tabindex:1)
2026-01-14 22:34:12,179 [INFO] PluginManage:310 - Check plugin pinoutconfig
2026-01-14 22:34:12,268 [WARN] SupportedApi:132 - Cannot load RTOS API schema: s4s-elt-must-match.1: The content of 'definitions' must match (annotation?, (simpleType | complexType)?, (unique | key | keyref)*)). A problem was found starting at: attribute.
2026-01-14 22:34:12,383 [INFO] PluginManage:359 - Loaded plugin pinoutconfig (category:base,tabindex:0)
2026-01-14 22:34:12,383 [INFO] PluginManage:310 - Check plugin power
2026-01-14 22:34:12,391 [INFO] PluginManage:359 - Loaded plugin power (category:power,tabindex:4)
2026-01-14 22:34:12,391 [INFO] PluginManage:310 - Check plugin projectmanager
2026-01-14 22:34:12,408 [INFO] PluginManage:359 - Loaded plugin projectmanager (category:projectmanager,tabindex:4)
2026-01-14 22:34:12,408 [INFO] PluginManage:310 - Check plugin rif
2026-01-14 22:34:12,414 [INFO] PluginManage:359 - Loaded plugin rif (category:base,tabindex:3)
2026-01-14 22:34:12,414 [INFO] PluginManage:310 - Check plugin thirdparty
2026-01-14 22:34:12,525 [WARN] IntegrityCheckThread:84 - waiting for thirdparty lock release [integrity check]
2026-01-14 22:34:12,526 [INFO] IntegrityCheckThread:86 - entering critical section [integrity check]
2026-01-14 22:34:12,526 [INFO] PluginManage:359 - Loaded plugin thirdparty (category:base,tabindex:-1)
2026-01-14 22:34:12,526 [INFO] PluginManage:310 - Check plugin tools
2026-01-14 22:34:12,526 [INFO] ThirdPartyUpdaterWithRetryManager:70 - Updater plugin not ready yet. [1/15]
2026-01-14 22:34:12,530 [INFO] PluginManage:359 - Loaded plugin tools (category:base,tabindex:7)
2026-01-14 22:34:12,530 [INFO] PluginManage:310 - Check plugin tutovideos
2026-01-14 22:34:12,686 [INFO] PluginManage:359 - Loaded plugin tutovideos (category:base,tabindex:-1)
2026-01-14 22:34:12,686 [INFO] PluginManage:310 - Check plugin updater
2026-01-14 22:34:12,703 [INFO] PluginManage:359 - Loaded plugin updater (category:base,tabindex:12)
2026-01-14 22:34:12,704 [INFO] PluginManage:310 - Check plugin userauth
2026-01-14 22:34:12,709 [INFO] UserAuth:118 - Init User Auth plugin
2026-01-14 22:34:12,710 [INFO] PluginManage:359 - Loaded plugin userauth (category:base,tabindex:14)
2026-01-14 22:34:12,711 [INFO] PluginManage:283 - PluginManage : Loaded plugins [18]
2026-01-14 22:34:12,899 [INFO] PinOutPanel:1589 - setPackage(No Configuration,No Configuration)
2026-01-14 22:34:12,966 [INFO] CADModel:165 - CPN selected for project level
2026-01-14 22:34:12,966 [INFO] CADModel:114 - Register for checkConnection events
2026-01-14 22:34:12,977 [INFO] IPUIPlugin:80 - create IPUIPlugin
2026-01-14 22:34:12,977 [INFO] PluginManager:220 - loadIPPluginJar : add adc
2026-01-14 22:34:12,979 [INFO] IPUIPlugin:80 - create IPUIPlugin
2026-01-14 22:34:12,979 [INFO] PluginManager:220 - loadIPPluginJar : add aes
2026-01-14 22:34:12,981 [INFO] IPUIPlugin:80 - create IPUIPlugin
2026-01-14 22:34:12,981 [INFO] PluginManager:220 - loadIPPluginJar : add can
2026-01-14 22:34:12,982 [INFO] IPUIPlugin:80 - create IPUIPlugin
2026-01-14 22:34:12,982 [INFO] PluginManager:220 - loadIPPluginJar : add comp
2026-01-14 22:34:12,984 [INFO] IPUIPlugin:80 - create IPUIPlugin
2026-01-14 22:34:12,984 [INFO] PluginManager:220 - loadIPPluginJar : add cryp
2026-01-14 22:34:12,985 [INFO] IPUIPlugin:80 - create IPUIPlugin
2026-01-14 22:34:12,985 [INFO] PluginManager:220 - loadIPPluginJar : add ddr_ctrl_phy
2026-01-14 22:34:12,987 [INFO] IPUIPlugin:80 - create IPUIPlugin
2026-01-14 22:34:12,987 [INFO] PluginManager:220 - loadIPPluginJar : add dfsdm
2026-01-14 22:34:12,991 [INFO] IPUIPlugin:80 - create IPUIPlugin
2026-01-14 22:34:12,992 [INFO] PluginManager:220 - loadIPPluginJar : add dma
2026-01-14 22:34:12,993 [INFO] IPUIPlugin:80 - create IPUIPlugin
2026-01-14 22:34:12,994 [INFO] PluginManager:220 - loadIPPluginJar : add dma3
2026-01-14 22:34:12,995 [INFO] IPUIPlugin:80 - create IPUIPlugin
2026-01-14 22:34:12,995 [INFO] PluginManager:220 - loadIPPluginJar : add extmemmanager
2026-01-14 22:34:12,996 [INFO] IPUIPlugin:80 - create IPUIPlugin
2026-01-14 22:34:12,996 [INFO] PluginManager:220 - loadIPPluginJar : add fatfs
2026-01-14 22:34:12,999 [INFO] IPUIPlugin:80 - create IPUIPlugin
2026-01-14 22:34:12,999 [INFO] PluginManager:220 - loadIPPluginJar : add fmc
2026-01-14 22:34:13,003 [INFO] IPUIPlugin:80 - create IPUIPlugin
2026-01-14 22:34:13,003 [INFO] PluginManager:220 - loadIPPluginJar : add freertos
2026-01-14 22:34:13,004 [INFO] IPUIPlugin:80 - create IPUIPlugin
2026-01-14 22:34:13,004 [INFO] PluginManager:220 - loadIPPluginJar : add genericplugin
2026-01-14 22:34:13,006 [INFO] IPUIPlugin:80 - create IPUIPlugin
2026-01-14 22:34:13,006 [INFO] PluginManager:220 - loadIPPluginJar : add gfxmmu
2026-01-14 22:34:13,009 [INFO] IPUIPlugin:80 - create IPUIPlugin
2026-01-14 22:34:13,010 [INFO] PluginManager:220 - loadIPPluginJar : add gic
2026-01-14 22:34:13,012 [INFO] IPUIPlugin:80 - create IPUIPlugin
2026-01-14 22:34:13,012 [INFO] PluginManager:220 - loadIPPluginJar : add gpio
2026-01-14 22:34:13,015 [INFO] IPUIPlugin:80 - create IPUIPlugin
2026-01-14 22:34:13,015 [INFO] PluginManager:220 - loadIPPluginJar : add gtzc
2026-01-14 22:34:13,017 [INFO] IPUIPlugin:80 - create IPUIPlugin
2026-01-14 22:34:13,017 [INFO] PluginManager:220 - loadIPPluginJar : add hash
2026-01-14 22:34:13,020 [INFO] IPUIPlugin:80 - create IPUIPlugin
2026-01-14 22:34:13,020 [INFO] PluginManager:220 - loadIPPluginJar : add i2c
2026-01-14 22:34:13,022 [INFO] IPUIPlugin:80 - create IPUIPlugin
2026-01-14 22:34:13,022 [INFO] PluginManager:220 - loadIPPluginJar : add i2s
2026-01-14 22:34:13,024 [INFO] IPUIPlugin:80 - create IPUIPlugin
2026-01-14 22:34:13,025 [INFO] PluginManager:220 - loadIPPluginJar : add i3c
2026-01-14 22:34:13,027 [INFO] IPUIPlugin:80 - create IPUIPlugin
2026-01-14 22:34:13,028 [INFO] PluginManager:220 - loadIPPluginJar : add ipddr
2026-01-14 22:34:13,034 [INFO] IPUIPlugin:80 - create IPUIPlugin
2026-01-14 22:34:13,034 [INFO] PluginManager:220 - loadIPPluginJar : add linkedlist
2026-01-14 22:34:13,039 [INFO] IPUIPlugin:80 - create IPUIPlugin
2026-01-14 22:34:13,039 [INFO] PluginManager:220 - loadIPPluginJar : add lorawan
2026-01-14 22:34:13,040 [INFO] IPUIPlugin:80 - create IPUIPlugin
2026-01-14 22:34:13,041 [INFO] PluginManager:220 - loadIPPluginJar : add ltdc
2026-01-14 22:34:13,046 [INFO] IPUIPlugin:80 - create IPUIPlugin
2026-01-14 22:34:13,046 [INFO] PluginManager:220 - loadIPPluginJar : add mdma
2026-01-14 22:34:13,049 [INFO] IPUIPlugin:80 - create IPUIPlugin
2026-01-14 22:34:13,049 [INFO] PluginManager:220 - loadIPPluginJar : add nvic
2026-01-14 22:34:13,052 [INFO] IPUIPlugin:80 - create IPUIPlugin
2026-01-14 22:34:13,053 [INFO] PluginManager:220 - loadIPPluginJar : add opamp
2026-01-14 22:34:13,059 [INFO] IPUIPlugin:80 - create IPUIPlugin
2026-01-14 22:34:13,059 [INFO] PluginManager:220 - loadIPPluginJar : add openamp
2026-01-14 22:34:13,062 [INFO] IPUIPlugin:80 - create IPUIPlugin
2026-01-14 22:34:13,062 [INFO] PluginManager:220 - loadIPPluginJar : add pdm2pcm
2026-01-14 22:34:13,068 [INFO] IPUIPlugin:80 - create IPUIPlugin
2026-01-14 22:34:13,071 [INFO] PluginManager:220 - loadIPPluginJar : add plateformsettings
2026-01-14 22:34:13,072 [INFO] IPUIPlugin:80 - create IPUIPlugin
2026-01-14 22:34:13,073 [INFO] PluginManager:220 - loadIPPluginJar : add quadspi
2026-01-14 22:34:13,074 [INFO] IPUIPlugin:80 - create IPUIPlugin
2026-01-14 22:34:13,075 [INFO] PluginManager:220 - loadIPPluginJar : add radio
2026-01-14 22:34:13,077 [INFO] IPUIPlugin:80 - create IPUIPlugin
2026-01-14 22:34:13,077 [INFO] PluginManager:220 - loadIPPluginJar : add resmgrutility
2026-01-14 22:34:13,079 [INFO] IPUIPlugin:80 - create IPUIPlugin
2026-01-14 22:34:13,079 [INFO] PluginManager:220 - loadIPPluginJar : add sai
2026-01-14 22:34:13,081 [INFO] IPUIPlugin:80 - create IPUIPlugin
2026-01-14 22:34:13,082 [INFO] PluginManager:220 - loadIPPluginJar : add spi
2026-01-14 22:34:13,086 [INFO] IPUIPlugin:80 - create IPUIPlugin
2026-01-14 22:34:13,086 [INFO] PluginManager:220 - loadIPPluginJar : add stm32_wpan
2026-01-14 22:34:13,087 [INFO] IPUIPlugin:80 - create IPUIPlugin
2026-01-14 22:34:13,088 [INFO] PluginManager:220 - loadIPPluginJar : add tim
2026-01-14 22:34:13,090 [INFO] IPUIPlugin:80 - create IPUIPlugin
2026-01-14 22:34:13,090 [INFO] PluginManager:220 - loadIPPluginJar : add touchsensing
2026-01-14 22:34:13,092 [INFO] IPUIPlugin:80 - create IPUIPlugin
2026-01-14 22:34:13,092 [INFO] PluginManager:220 - loadIPPluginJar : add tracer_emb
2026-01-14 22:34:13,094 [INFO] IPUIPlugin:80 - create IPUIPlugin
2026-01-14 22:34:13,094 [INFO] PluginManager:220 - loadIPPluginJar : add ts
2026-01-14 22:34:13,095 [INFO] IPUIPlugin:80 - create IPUIPlugin
2026-01-14 22:34:13,095 [INFO] PluginManager:220 - loadIPPluginJar : add tsc
2026-01-14 22:34:13,096 [INFO] IPUIPlugin:80 - create IPUIPlugin
2026-01-14 22:34:13,096 [INFO] PluginManager:220 - loadIPPluginJar : add ucpd
2026-01-14 22:34:13,098 [INFO] IPUIPlugin:80 - create IPUIPlugin
2026-01-14 22:34:13,098 [INFO] PluginManager:220 - loadIPPluginJar : add usart
2026-01-14 22:34:13,100 [INFO] IPUIPlugin:80 - create IPUIPlugin
2026-01-14 22:34:13,100 [INFO] PluginManager:220 - loadIPPluginJar : add usbx
2026-01-14 22:34:13,223 [FATAL] Updater:351 - Updater called before beeing initialized
2026-01-14 22:34:13,242 [INFO] RulesReader:64 - Compatibility file has been processed (317 Rules)
2026-01-14 22:34:13,252 [INFO] RulesReader:64 - Compatibility file has been processed (317 Rules)
2026-01-14 22:34:13,258 [INFO] CADModel:165 - CPN selected for project level
2026-01-14 22:34:13,258 [INFO] CADModel:114 - Register for checkConnection events
2026-01-14 22:34:13,258 [FATAL] Updater:351 - Updater called before beeing initialized
2026-01-14 22:34:13,258 [ERROR] CADModel:125 - Updater not yet initialized, retry later 
2026-01-14 22:34:13,375 [FATAL] Updater:351 - Updater called before beeing initialized
2026-01-14 22:34:13,376 [INFO] CADModel:165 - CPN selected for project level
2026-01-14 22:34:13,377 [INFO] CADModel:114 - Register for checkConnection events
2026-01-14 22:34:13,377 [FATAL] Updater:351 - Updater called before beeing initialized
2026-01-14 22:34:13,377 [ERROR] CADModel:125 - Updater not yet initialized, retry later 
2026-01-14 22:34:13,379 [FATAL] Updater:351 - Updater called before beeing initialized
2026-01-14 22:34:13,468 [FATAL] Updater:351 - Updater called before beeing initialized
2026-01-14 22:34:13,473 [INFO] DbMcusAds:53 - JSON generation date=Thu Oct 02 16:36:05 ICT 2025 (1759397765645)
2026-01-14 22:34:13,473 [FATAL] Updater:351 - Updater called before beeing initialized
2026-01-14 22:34:13,501 [WARN] DetailPanel:346 - Failed to get advertising image, set to default
2026-01-14 22:34:13,571 [FATAL] Updater:351 - Updater called before beeing initialized
2026-01-14 22:34:13,572 [FATAL] Updater:351 - Updater called before beeing initialized
2026-01-14 22:34:13,572 [FATAL] Updater:351 - Updater called before beeing initialized
2026-01-14 22:34:13,572 [WARN] DetailPanel:346 - Failed to get advertising image, set to default
2026-01-14 22:34:13,573 [FATAL] Updater:351 - Updater called before beeing initialized
2026-01-14 22:34:13,613 [ERROR] Updater:1198 - MainUpdater not yet initialized. External WinMGr cannot be set.
2026-01-14 22:34:13,615 [INFO] Updater:1134 - Updater Version found : 6.15.0
2026-01-14 22:34:13,628 [INFO] ApplicationProperties:184 - Using Application install path: C:\ST\STM32CubeIDE_1.19.0\STM32CubeIDE\plugins\com.st.stm32cube.common.mx_6.15.0.202507011659
2026-01-14 22:34:15,195 [ERROR] LogOutputStream:75 - [STDERR_REDIRECT] Jan 14, 2026 10:34:15 PM java.util.prefs.WindowsPreferences <init>
2026-01-14 22:34:15,196 [ERROR] LogOutputStream:75 - [STDERR_REDIRECT] WARNING: Could not open/create prefs root node Software\JavaSoft\Prefs at root 0xffffffff80000002. Windows RegCreateKeyEx(...) returned error code 5.
2026-01-14 22:34:15,196 [ERROR] LogOutputStream:75 - [STDERR_REDIRECT] 
2026-01-14 22:34:15,427 [INFO] MainUpdater:2872 - connection check result : 10
2026-01-14 22:34:15,428 [INFO] MainUpdater:289 - Updater Check For Update Now.
2026-01-14 22:34:15,429 [INFO] MicroXplorer:498 - Change Database Version : DB.6.0.150
2026-01-14 22:34:15,435 [INFO] McuFinderGlobals:63 - Set McuFinder mode to 2 (CubeIDE integrated)
2026-01-14 22:34:15,435 [INFO] UserAuth:171 - activating auth plugin
2026-01-14 22:34:15,438 [INFO] UserAuth:487 - Internet connection configuration mode: 1
2026-01-14 22:34:15,456 [INFO] JxBrowserEngine:152 - Initiate JxBrowser Engine with user profile folder
2026-01-14 22:34:15,527 [WARN] MainUpdater:1193 - Updater busy. Cannot search thirdparties
2026-01-14 22:34:15,527 [INFO] ThirdPartyUpdaterWithRetryManager:96 - Updater plugin is busy. [1/15]
2026-01-14 22:34:15,609 [INFO] CheckServerUpdateThread:120 - End of CheckServer Thread
2026-01-14 22:34:15,930 [INFO] WebApp:169 - Instantiating new browser for Auth
2026-01-14 22:34:16,557 [INFO] WebApp:463 - Apply proxy settings
2026-01-14 22:34:16,558 [INFO] WebApp:548 - Chromium requires no authentication
2026-01-14 22:34:16,563 [INFO] WebApp:491 - Direct internet connection detected
2026-01-14 22:34:16,595 [INFO] WebApp:900 - Register for checkConnection events
2026-01-14 22:34:16,595 [INFO] WebApp:463 - Apply proxy settings
2026-01-14 22:34:16,596 [INFO] WebApp:548 - Chromium requires no authentication
2026-01-14 22:34:16,596 [INFO] WebApp:491 - Direct internet connection detected
2026-01-14 22:34:16,725 [INFO] WebApp:225 - Starting web application
2026-01-14 22:34:16,725 [INFO] WebApp:593 - Web application path used C:\ST\STM32CubeIDE_1.19.0\STM32CubeIDE\plugins\com.st.stm32cube.common.mx_6.15.0.202507011659\db\plugins\mcufinder\reactClient1\index.html
2026-01-14 22:34:16,841 [INFO] WebApp:191 - Connection restablished
2026-01-14 22:34:18,829 [WARN] PackLoader:240 - Cannot read IP mode file for STMicroelectronics.FP-SNS-MOTENVWB1.1.4.0
2026-01-14 22:34:18,841 [WARN] PackLoader:240 - Cannot read IP mode file for STMicroelectronics.FP-ATR-ASTRA1.2.0.2
2026-01-14 22:34:18,850 [WARN] PackLoader:240 - Cannot read IP mode file for STMicroelectronics.X-CUBE-SMBUS.2.1.0
2026-01-14 22:34:18,857 [WARN] PackLoader:240 - Cannot read IP mode file for STMicroelectronics.X-CUBE-ST60.1.0.0
2026-01-14 22:34:18,892 [WARN] PackLoader:240 - Cannot read IP mode file for STMicroelectronics.X-CUBE-AZRTOS-F7.1.1.0
2026-01-14 22:34:18,903 [WARN] PackLoader:240 - Cannot read IP mode file for Cesanta.I-CUBE-Mongoose.7.19.0
2026-01-14 22:34:18,909 [WARN] PackLoader:240 - Cannot read IP mode file for STMicroelectronics.FP-SNS-MOTENV1.5.1.0
2026-01-14 22:34:18,922 [WARN] PackLoader:240 - Cannot read IP mode file for WES.I-CUBE-Cesium.1.4.0
2026-01-14 22:34:18,950 [WARN] PackLoader:240 - Cannot read IP mode file for Infineon.AIROC-Wi-Fi-Bluetooth-STM32.1.7.1
2026-01-14 22:34:19,011 [WARN] PackLoader:240 - Cannot read IP mode file for STMicroelectronics.X-CUBE-AZRTOS-H7.3.4.0
2026-01-14 22:34:19,026 [WARN] PackLoader:240 - Cannot read IP mode file for STMicroelectronics.X-CUBE-DISPLAY.3.0.0
2026-01-14 22:34:19,042 [WARN] PackLoader:240 - Cannot read IP mode file for STMicroelectronics.X-CUBE-NFC10.1.0.0
2026-01-14 22:34:19,055 [WARN] PackLoader:240 - Cannot read IP mode file for STMicroelectronics.X-CUBE-ST60.1.1.0
2026-01-14 22:34:19,062 [WARN] PackLoader:240 - Cannot read IP mode file for emotas.I-CUBE-CANOPEN.1.3.0
2026-01-14 22:34:19,090 [WARN] PackLoader:240 - Cannot read IP mode file for STMicroelectronics.X-CUBE-GNSS1.7.1.0
2026-01-14 22:34:19,102 [WARN] PackLoader:240 - Cannot read IP mode file for STMicroelectronics.FP-SNS-STBOX1.2.1.0
2026-01-14 22:34:19,110 [WARN] PackLoader:240 - Cannot read IP mode file for STMicroelectronics.FP-SNS-SMARTAG2.1.2.0
2026-01-14 22:34:19,115 [WARN] PackLoader:240 - Cannot read IP mode file for STMicroelectronics.FP-SNS-FLIGHT1.5.1.0
2026-01-14 22:34:19,130 [INFO] LogOutputStream:77 - [STDOUT_REDIRECT] 1 : Invalid condition id : UX_CORESTACK_Condition cause : null
2026-01-14 22:34:19,132 [INFO] LogOutputStream:77 - [STDOUT_REDIRECT] 1 : Invalid condition id : UX_CORESTACK_Condition cause : null
2026-01-14 22:34:19,134 [INFO] LogOutputStream:77 - [STDOUT_REDIRECT] 1 : Invalid condition id : UX_CORESTACK_Condition cause : null
2026-01-14 22:34:19,136 [INFO] LogOutputStream:77 - [STDOUT_REDIRECT] 1 : Invalid condition id : UX_CORESTACK_Condition cause : null
2026-01-14 22:34:19,138 [INFO] LogOutputStream:77 - [STDOUT_REDIRECT] 1 : Invalid condition id : UX_CORESTACK_Condition cause : null
2026-01-14 22:34:19,142 [WARN] PackLoader:240 - Cannot read IP mode file for STMicroelectronics.X-CUBE-AZRTOS-WL.2.0.0
2026-01-14 22:34:19,149 [WARN] PackLoader:240 - Cannot read IP mode file for STMicroelectronics.FP-SNS-MOTENV1.5.0.0
2026-01-14 22:34:19,176 [WARN] PackLoader:240 - Cannot read IP mode file for STMicroelectronics.X-CUBE-AZRTOS-H7RS.1.2.0
2026-01-14 22:34:19,186 [WARN] PackLoader:240 - Cannot read IP mode file for STMicroelectronics.X-CUBE-BLE2.3.3.0
2026-01-14 22:34:19,211 [WARN] PackLoader:240 - Cannot read IP mode file for STMicroelectronics.X-CUBE-NFC9.1.0.0
2026-01-14 22:34:19,218 [WARN] PackLoader:240 - Cannot read IP mode file for wolfSSL.I-CUBE-wolfSSL.5.8.2
2026-01-14 22:34:19,224 [WARN] PackLoader:240 - Cannot read IP mode file for STMicroelectronics.X-CUBE-BLE1.7.1.0
2026-01-14 22:34:19,229 [WARN] PackLoader:240 - Cannot read IP mode file for wolfSSL.I-CUBE-wolfMQTT.1.19.2
2026-01-14 22:34:19,235 [WARN] PackLoader:240 - Cannot read IP mode file for STMicroelectronics.X-CUBE-FREERTOS.1.4.0
2026-01-14 22:34:19,240 [WARN] PackLoader:240 - Cannot read IP mode file for STMicroelectronics.X-CUBE-EEPRMA1.5.2.0
2026-01-14 22:34:19,249 [WARN] PackLoader:240 - Cannot read IP mode file for STMicroelectronics.X-CUBE-ST67W61.1.1.0
2026-01-14 22:34:19,300 [WARN] PackLoader:240 - Cannot read IP mode file for STMicroelectronics.X-CUBE-MEMS1.12.0.0
2026-01-14 22:34:19,446 [WARN] PackLoader:240 - Cannot read IP mode file for STMicroelectronics.X-CUBE-AZRTOS-G0.1.1.0
2026-01-14 22:34:19,454 [WARN] PackLoader:240 - Cannot read IP mode file for STMicroelectronics.X-CUBE-SAFEA1.1.2.2
2026-01-14 22:34:19,461 [WARN] PackLoader:240 - Cannot read IP mode file for STMicroelectronics.X-CUBE-NFC4.3.0.0
2026-01-14 22:34:19,471 [WARN] PackLoader:240 - Cannot read IP mode file for EmbeddedOffice.I-CUBE-FS-RTOS.1.0.1
2026-01-14 22:34:19,478 [WARN] PackLoader:240 - Cannot read IP mode file for STMicroelectronics.X-CUBE-WB05N.2.0.0
2026-01-14 22:34:19,484 [WARN] PackLoader:240 - Cannot read IP mode file for wolfSSL.I-CUBE-wolfTPM.3.8.0
2026-01-14 22:34:19,494 [WARN] PackLoader:240 - Cannot read IP mode file for STMicroelectronics.X-CUBE-TCPP.4.2.0
2026-01-14 22:34:19,501 [WARN] PackLoader:240 - Cannot read IP mode file for RealThread.X-CUBE-RT-Thread_Nano.4.1.1
2026-01-14 22:34:19,506 [WARN] PackLoader:240 - Cannot read IP mode file for STMicroelectronics.FP-ATR-SIGFOX1.3.2.0
2026-01-14 22:34:19,514 [WARN] PackLoader:240 - Cannot read IP mode file for ITTIA_DB.I-CUBE-ITTIADB.8.9.0
2026-01-14 22:34:19,520 [WARN] PackLoader:240 - Cannot read IP mode file for STMicroelectronics.X-CUBE-ST67W61.1.0.0
2026-01-14 22:34:19,525 [WARN] PackLoader:240 - Cannot read IP mode file for STMicroelectronics.X-CUBE-AI.10.2.0
2026-01-14 22:34:19,553 [WARN] PackLoader:240 - Cannot read IP mode file for SEGGER.I-CUBE-embOS.1.3.1
2026-01-14 22:34:19,614 [WARN] PackLoader:240 - Cannot read IP mode file for STMicroelectronics.X-CUBE-ALGOBUILD.1.4.0
2026-01-14 22:34:19,659 [WARN] PackLoader:240 - Cannot read IP mode file for STMicroelectronics.X-CUBE-MEMS1.11.3.0
2026-01-14 22:34:19,793 [WARN] PackLoader:240 - Cannot read IP mode file for STMicroelectronics.X-CUBE-PM33A1.1.0.0
2026-01-14 22:34:19,818 [WARN] PackLoader:240 - Cannot read IP mode file for STMicroelectronics.X-CUBE-AZRTOS-F4.1.1.0
2026-01-14 22:34:19,826 [WARN] PackLoader:240 - Cannot read IP mode file for STMicroelectronics.X-CUBE-ISPU.2.1.0
2026-01-14 22:34:19,842 [WARN] PackLoader:240 - Cannot read IP mode file for STMicroelectronics.X-CUBE-IPS.3.2.0
2026-01-14 22:34:19,856 [WARN] PackLoader:240 - Cannot read IP mode file for STMicroelectronics.X-CUBE-NFC12.1.0.0
2026-01-14 22:34:19,877 [WARN] PackLoader:240 - Cannot read IP mode file for STMicroelectronics.X-CUBE-AZRTOS-L5.2.0.0
2026-01-14 22:34:19,888 [WARN] PackLoader:240 - Cannot read IP mode file for STMicroelectronics.X-CUBE-NFC6.3.1.0
2026-01-14 22:34:19,896 [WARN] PackLoader:240 - Cannot read IP mode file for STMicroelectronics.X-CUBE-FREERTOS.1.3.1
2026-01-14 22:34:19,928 [WARN] PackLoader:240 - Cannot read IP mode file for STMicroelectronics.X-CUBE-TOUCHGFX.4.26.0
2026-01-14 22:34:19,937 [WARN] PackLoader:240 - Cannot read IP mode file for STMicroelectronics.FP-SNS-STAIOTCFT.1.0.0
2026-01-14 22:34:19,943 [WARN] PackLoader:240 - Cannot read IP mode file for STMicroelectronics.X-CUBE-DPower.1.3.0
2026-01-14 22:34:19,966 [WARN] ConditionMgr:438 - getConditionDescription Invalid condition id : LAN8742 Phy interface Condition cause : null
2026-01-14 22:34:19,967 [WARN] PackLoader:240 - Cannot read IP mode file for STMicroelectronics.X-CUBE-AZRTOS-L4.2.0.0
2026-01-14 22:34:19,968 [WARN] ConditionMgr:1044 - genDependencies : Invalid condition id : LAN8742 Phy interface Condition cause : null
2026-01-14 22:34:19,968 [WARN] ConditionMgr:1044 - genDependencies : Invalid condition id : LAN8742 Phy interface Condition cause : null
2026-01-14 22:34:19,969 [WARN] ConditionMgr:1044 - genDependencies : Invalid condition id : LAN8742 Phy interface Condition cause : null
2026-01-14 22:34:19,977 [WARN] PackLoader:240 - Cannot read IP mode file for STMicroelectronics.X-CUBE-SFXS2LP1.4.0.0
2026-01-14 22:34:19,985 [WARN] PackLoader:240 - Cannot read IP mode file for STMicroelectronics.X-CUBE-ST67W61.1.2.0
2026-01-14 22:34:19,998 [WARN] PackLoader:240 - Cannot read IP mode file for STMicroelectronics.X-CUBE-BLEMGR.4.1.0
2026-01-14 22:34:20,015 [WARN] ConditionMgr:438 - getConditionDescription Invalid condition id : UX DEVICE CLASS RTOS Condition cause : null
2026-01-14 22:34:20,016 [WARN] ConditionMgr:438 - getConditionDescription Invalid condition id : UX DEVICE CLASS RTOS Condition cause : null
2026-01-14 22:34:20,018 [WARN] PackLoader:240 - Cannot read IP mode file for STMicroelectronics.X-CUBE-AZRTOS-WB.2.0.0
2026-01-14 22:34:20,019 [WARN] ConditionMgr:1044 - genDependencies : Invalid condition id : UX DEVICE CLASS RTOS Condition cause : null
2026-01-14 22:34:20,019 [WARN] ConditionMgr:1044 - genDependencies : Invalid condition id : UX DEVICE CLASS RTOS Condition cause : null
2026-01-14 22:34:20,020 [WARN] ConditionMgr:1044 - genDependencies : Invalid condition id : UX DEVICE CLASS RTOS Condition cause : null
2026-01-14 22:34:20,020 [WARN] ConditionMgr:1044 - genDependencies : Invalid condition id : UX DEVICE CLASS RTOS Condition cause : null
2026-01-14 22:34:20,020 [WARN] ConditionMgr:1044 - genDependencies : Invalid condition id : UX DEVICE CLASS RTOS Condition cause : null
2026-01-14 22:34:20,026 [WARN] PackLoader:240 - Cannot read IP mode file for STMicroelectronics.X-CUBE-GNSS1.7.0.1
2026-01-14 22:34:20,032 [WARN] ConditionMgr:438 - getConditionDescription Invalid condition id : Cortex-A Device cause : null
2026-01-14 22:34:20,058 [WARN] ConditionMgr:1044 - genDependencies : Invalid condition id : Cortex-A Device cause : null
2026-01-14 22:34:20,058 [WARN] ConditionMgr:1044 - genDependencies : Invalid condition id : Cortex-A Device cause : null
2026-01-14 22:34:20,058 [WARN] ConditionMgr:1044 - genDependencies : Invalid condition id : Cortex-A Device cause : null
2026-01-14 22:34:20,074 [WARN] PackLoader:240 - Cannot read IP mode file for STMicroelectronics.X-CUBE-SUBG2.5.0.0
2026-01-14 22:34:20,094 [WARN] PackLoader:240 - Cannot read IP mode file for STMicroelectronics.X-CUBE-AZRTOS-H7RS.1.1.0
2026-01-14 22:34:20,114 [WARN] PackLoader:240 - Cannot read IP mode file for STMicroelectronics.X-CUBE-AZRTOS-G4.2.0.0
2026-01-14 22:34:20,121 [WARN] PackLoader:240 - Cannot read IP mode file for wolfSSL.I-CUBE-wolfSSH.1.4.20
2026-01-14 22:34:20,127 [WARN] PackLoader:240 - Cannot read IP mode file for STMicroelectronics.X-CUBE-NFC7.2.0.0
2026-01-14 22:34:20,136 [WARN] PackLoader:240 - Cannot read IP mode file for STMicroelectronics.X-CUBE-IPS.3.1.0
2026-01-14 22:34:20,147 [WARN] PackLoader:240 - Cannot read IP mode file for STMicroelectronics.X-CUBE-ALS.1.0.2
2026-01-14 22:34:20,154 [WARN] PackLoader:240 - Cannot read IP mode file for STMicroelectronics.X-CUBE-STSE01.1.0.0
2026-01-14 22:34:20,166 [WARN] PackLoader:240 - Cannot read IP mode file for STMicroelectronics.X-CUBE-TOF1.3.4.3
2026-01-14 22:34:20,179 [INFO] ThirdParty:978 - Integrity check success = true
2026-01-14 22:34:20,179 [INFO] IntegrityCheckThread:100 - exiting critical section [integrity check]
2026-01-14 22:34:20,179 [INFO] IntegrityCheckThread:103 - End integrity checks thread
2026-01-14 22:44:57,440 [ERROR] LogOutputStream:75 - [STDERR_REDIRECT] 
2026-01-14 22:45:04,315 [INFO] Activator:176 - 


2026-01-14 22:45:04,318 [INFO] Activator:177 - !SESSION log4j initialized
2026-01-14 22:45:10,403 [INFO] LogOutputStream:77 - [STDOUT_REDIRECT] 
