2025-12-15 22:47:09,272 [INFO] Activator:176 - 


2025-12-15 22:47:09,279 [INFO] Activator:177 - !SESSION log4j initialized
2025-12-15 22:47:16,229 [INFO] LogOutputStream:77 - [STDOUT_REDIRECT] 
2025-12-15 22:47:17,668 [INFO] ApplicationProperties:184 - Using Application install path: C:\ST\STM32CubeIDE_1.19.0\STM32CubeIDE\plugins\com.st.stm32cube.common.mx_6.15.0.202507011659
2025-12-15 22:47:17,687 [INFO] DbMcusXml:78 - Set database path to: C:\ST\STM32CubeIDE_1.19.0\STM32CubeIDE\plugins\com.st.stm32cube.common.mx_6.15.0.202507011659\\db\/mcu/
2025-12-15 22:47:17,687 [INFO] ApiDb:274 - Set plugin database path to: C:\ST\STM32CubeIDE_1.19.0\STM32CubeIDE\plugins\com.st.stm32cube.common.mx_6.15.0.202507011659\\db\/plugins/boardmanager/
2025-12-15 22:47:17,688 [WARN] ApiDb:259 - Overriding images path with different value:  => C:\ST\STM32CubeIDE_1.19.0\STM32CubeIDE\plugins\com.st.stm32cube.common.mx_6.15.0.202507011659\\db\/plugins/mcufinder/images/
2025-12-15 22:47:17,703 [INFO] ApiDb:250 - Set database path to: C:\Users\ASUS\.stmcufinder\plugins\mcufinder//mcu/
2025-12-15 22:47:17,705 [INFO] DbMcusAds:125 - Set database path to: C:\Users\ASUS\.stmcufinder\plugins\mcufinder//mcu/
2025-12-15 22:47:17,708 [INFO] CrossReferenceDbSqlite:203 - Set database path to: C:\Users\ASUS\.stmcufinder\plugins\mcufinder//mcu/cs/
2025-12-15 22:47:17,847 [INFO] RulesReader:64 - Compatibility file has been processed (317 Rules)
2025-12-15 22:47:17,971 [INFO] DbMcusXml:78 - Set database path to: C:\ST\STM32CubeIDE_1.19.0\STM32CubeIDE\plugins\com.st.stm32cube.common.mx_6.15.0.202507011659\\db\/mcu/
2025-12-15 22:47:17,971 [INFO] ApiDb:274 - Set plugin database path to: C:\ST\STM32CubeIDE_1.19.0\STM32CubeIDE\plugins\com.st.stm32cube.common.mx_6.15.0.202507011659\\db\/plugins/boardmanager/
2025-12-15 22:47:17,972 [INFO] ApiDb:261 - Set plugin images path to: C:\ST\STM32CubeIDE_1.19.0\STM32CubeIDE\plugins\com.st.stm32cube.common.mx_6.15.0.202507011659\\db\/plugins/mcufinder/images/
2025-12-15 22:47:17,972 [WARN] DbFile:41 - Overriding database path with different value: C:\Users\ASUS\.stmcufinder\plugins\mcufinder/ => C:\Users\ASUS\.stmcufinder\plugins\mcufinder
2025-12-15 22:47:17,972 [INFO] ApiDb:250 - Set database path to: C:\Users\ASUS\.stmcufinder\plugins\mcufinder//mcu/
2025-12-15 22:47:17,972 [WARN] DbFile:41 - Overriding database path with different value: C:\Users\ASUS\.stmcufinder\plugins\mcufinder/ => C:\Users\ASUS\.stmcufinder\plugins\mcufinder
2025-12-15 22:47:17,972 [INFO] DbMcusAds:125 - Set database path to: C:\Users\ASUS\.stmcufinder\plugins\mcufinder//mcu/
2025-12-15 22:47:17,972 [WARN] DbFile:41 - Overriding database path with different value: C:\Users\ASUS\.stmcufinder\plugins\mcufinder/ => C:\Users\ASUS\.stmcufinder\plugins\mcufinder
2025-12-15 22:47:17,972 [WARN] DbFile:41 - Overriding database path with different value: C:\Users\ASUS\.stmcufinder\plugins\mcufinder/ => C:\Users\ASUS\.stmcufinder\plugins\mcufinder
2025-12-15 22:47:17,972 [INFO] CrossReferenceDbSqlite:203 - Set database path to: C:\Users\ASUS\.stmcufinder\plugins\mcufinder//mcu/cs/
2025-12-15 22:47:18,061 [INFO] MainPanel:274 - HeapMemory: 268435456
2025-12-15 22:47:18,204 [INFO] DbMcusXml:78 - Set database path to: C:\ST\STM32CubeIDE_1.19.0\STM32CubeIDE\plugins\com.st.stm32cube.common.mx_6.15.0.202507011659\\db\/mcu/
2025-12-15 22:47:18,205 [INFO] ApiDb:274 - Set plugin database path to: C:\ST\STM32CubeIDE_1.19.0\STM32CubeIDE\plugins\com.st.stm32cube.common.mx_6.15.0.202507011659\\db\/plugins/boardmanager/
2025-12-15 22:47:18,205 [INFO] ApiDb:261 - Set plugin images path to: C:\ST\STM32CubeIDE_1.19.0\STM32CubeIDE\plugins\com.st.stm32cube.common.mx_6.15.0.202507011659\\db\/plugins/mcufinder/images/
2025-12-15 22:47:18,206 [WARN] DbFile:41 - Overriding database path with different value: C:\Users\ASUS\.stmcufinder\plugins\mcufinder/ => C:\Users\ASUS\.stmcufinder\plugins\mcufinder
2025-12-15 22:47:18,206 [INFO] ApiDb:250 - Set database path to: C:\Users\ASUS\.stmcufinder\plugins\mcufinder//mcu/
2025-12-15 22:47:18,206 [WARN] DbFile:41 - Overriding database path with different value: C:\Users\ASUS\.stmcufinder\plugins\mcufinder/ => C:\Users\ASUS\.stmcufinder\plugins\mcufinder
2025-12-15 22:47:18,206 [INFO] DbMcusAds:125 - Set database path to: C:\Users\ASUS\.stmcufinder\plugins\mcufinder//mcu/
2025-12-15 22:47:18,206 [WARN] DbFile:41 - Overriding database path with different value: C:\Users\ASUS\.stmcufinder\plugins\mcufinder/ => C:\Users\ASUS\.stmcufinder\plugins\mcufinder
2025-12-15 22:47:18,207 [WARN] DbFile:41 - Overriding database path with different value: C:\Users\ASUS\.stmcufinder\plugins\mcufinder/ => C:\Users\ASUS\.stmcufinder\plugins\mcufinder
2025-12-15 22:47:18,207 [INFO] CrossReferenceDbSqlite:203 - Set database path to: C:\Users\ASUS\.stmcufinder\plugins\mcufinder//mcu/cs/
2025-12-15 22:47:18,235 [INFO] ApplicationProperties:184 - Using Application install path: C:\ST\STM32CubeIDE_1.19.0\STM32CubeIDE\plugins\com.st.stm32cube.common.mx_6.15.0.202507011659
2025-12-15 22:47:18,237 [INFO] PluginManage:196 - Search for loadable plugins [exclusion list=, ]
2025-12-15 22:47:18,239 [INFO] PluginManage:310 - Check plugin analytics
2025-12-15 22:47:18,446 [INFO] AnalyticsPlugin:253 - Accepted Software Licenses: STM32CubeMX.6.12.1
2025-12-15 22:47:18,446 [INFO] AnalyticsPlugin:255 - Accepted CMSIS Pack Licenses: 
2025-12-15 22:47:18,447 [INFO] AnalyticsPlugin:257 - Accepted Firmware Licenses: 
2025-12-15 22:47:18,449 [INFO] PluginManage:359 - Loaded plugin analytics (category:tool,tabindex:-1)
2025-12-15 22:47:18,450 [INFO] PluginManage:310 - Check plugin cadmodel
2025-12-15 22:47:18,472 [INFO] CADModel:105 - Init CAD model plugin
2025-12-15 22:47:18,472 [INFO] PluginManage:359 - Loaded plugin cadmodel (category:power,tabindex:5)
2025-12-15 22:47:18,472 [INFO] PluginManage:310 - Check plugin clock
2025-12-15 22:47:18,501 [INFO] PluginManage:359 - Loaded plugin clock (category:base,tabindex:2)
2025-12-15 22:47:18,501 [INFO] PluginManage:310 - Check plugin ddr
2025-12-15 22:47:18,504 [INFO] PluginManage:359 - Loaded plugin ddr (category:tool,tabindex:6)
2025-12-15 22:47:18,504 [INFO] PluginManage:310 - Check plugin filemanager
2025-12-15 22:47:18,691 [INFO] PluginManage:359 - Loaded plugin filemanager (category:base,tabindex:10)
2025-12-15 22:47:18,692 [INFO] PluginManage:310 - Check plugin ipmanager
2025-12-15 22:47:18,702 [INFO] PluginManage:359 - Loaded plugin ipmanager (category:base,tabindex:5)
2025-12-15 22:47:18,702 [INFO] PluginManage:310 - Check plugin lpbam
2025-12-15 22:47:18,724 [INFO] PluginManage:359 - Loaded plugin lpbam (category:base,tabindex:0)
2025-12-15 22:47:18,724 [INFO] PluginManage:310 - Check plugin memorymap
2025-12-15 22:47:18,754 [INFO] PluginManage:359 - Loaded plugin memorymap (category:base,tabindex:4)
2025-12-15 22:47:18,755 [INFO] PluginManage:310 - Check plugin pinoutandconfiguration
2025-12-15 22:47:18,783 [INFO] PluginManage:359 - Loaded plugin pinoutandconfiguration (category:base,tabindex:1)
2025-12-15 22:47:18,783 [INFO] PluginManage:310 - Check plugin pinoutconfig
2025-12-15 22:47:18,915 [WARN] SupportedApi:132 - Cannot load RTOS API schema: s4s-elt-must-match.1: The content of 'definitions' must match (annotation?, (simpleType | complexType)?, (unique | key | keyref)*)). A problem was found starting at: attribute.
2025-12-15 22:47:19,110 [INFO] PluginManage:359 - Loaded plugin pinoutconfig (category:base,tabindex:0)
2025-12-15 22:47:19,111 [INFO] PluginManage:310 - Check plugin power
2025-12-15 22:47:19,143 [INFO] PluginManage:359 - Loaded plugin power (category:power,tabindex:4)
2025-12-15 22:47:19,143 [INFO] PluginManage:310 - Check plugin projectmanager
2025-12-15 22:47:19,163 [INFO] PluginManage:359 - Loaded plugin projectmanager (category:projectmanager,tabindex:4)
2025-12-15 22:47:19,163 [INFO] PluginManage:310 - Check plugin rif
2025-12-15 22:47:19,193 [INFO] PluginManage:359 - Loaded plugin rif (category:base,tabindex:3)
2025-12-15 22:47:19,193 [INFO] PluginManage:310 - Check plugin thirdparty
2025-12-15 22:47:19,605 [INFO] PluginManage:359 - Loaded plugin thirdparty (category:base,tabindex:-1)
2025-12-15 22:47:19,605 [WARN] IntegrityCheckThread:84 - waiting for thirdparty lock release [integrity check]
2025-12-15 22:47:19,605 [INFO] IntegrityCheckThread:86 - entering critical section [integrity check]
2025-12-15 22:47:19,605 [INFO] PluginManage:310 - Check plugin tools
2025-12-15 22:47:19,605 [INFO] ThirdPartyUpdaterWithRetryManager:70 - Updater plugin not ready yet. [1/15]
2025-12-15 22:47:19,652 [INFO] PluginManage:359 - Loaded plugin tools (category:base,tabindex:7)
2025-12-15 22:47:19,652 [INFO] PluginManage:310 - Check plugin tutovideos
2025-12-15 22:47:19,936 [INFO] PluginManage:359 - Loaded plugin tutovideos (category:base,tabindex:-1)
2025-12-15 22:47:19,937 [INFO] PluginManage:310 - Check plugin updater
2025-12-15 22:47:19,963 [INFO] PluginManage:359 - Loaded plugin updater (category:base,tabindex:12)
2025-12-15 22:47:19,964 [INFO] PluginManage:310 - Check plugin userauth
2025-12-15 22:47:19,968 [INFO] UserAuth:118 - Init User Auth plugin
2025-12-15 22:47:19,969 [INFO] PluginManage:359 - Loaded plugin userauth (category:base,tabindex:14)
2025-12-15 22:47:19,970 [INFO] PluginManage:283 - PluginManage : Loaded plugins [18]
2025-12-15 22:47:20,216 [INFO] PinOutPanel:1589 - setPackage(No Configuration,No Configuration)
2025-12-15 22:47:20,325 [INFO] CADModel:165 - CPN selected for project level
2025-12-15 22:47:20,325 [INFO] CADModel:114 - Register for checkConnection events
2025-12-15 22:47:20,361 [INFO] IPUIPlugin:80 - create IPUIPlugin
2025-12-15 22:47:20,361 [INFO] PluginManager:220 - loadIPPluginJar : add adc
2025-12-15 22:47:20,419 [INFO] IPUIPlugin:80 - create IPUIPlugin
2025-12-15 22:47:20,419 [INFO] PluginManager:220 - loadIPPluginJar : add aes
2025-12-15 22:47:20,475 [INFO] IPUIPlugin:80 - create IPUIPlugin
2025-12-15 22:47:20,476 [INFO] PluginManager:220 - loadIPPluginJar : add can
2025-12-15 22:47:20,513 [INFO] IPUIPlugin:80 - create IPUIPlugin
2025-12-15 22:47:20,513 [INFO] PluginManager:220 - loadIPPluginJar : add comp
2025-12-15 22:47:20,565 [INFO] IPUIPlugin:80 - create IPUIPlugin
2025-12-15 22:47:20,565 [INFO] PluginManager:220 - loadIPPluginJar : add cryp
2025-12-15 22:47:20,581 [INFO] IPUIPlugin:80 - create IPUIPlugin
2025-12-15 22:47:20,582 [INFO] PluginManager:220 - loadIPPluginJar : add ddr_ctrl_phy
2025-12-15 22:47:20,625 [INFO] IPUIPlugin:80 - create IPUIPlugin
2025-12-15 22:47:20,626 [INFO] PluginManager:220 - loadIPPluginJar : add dfsdm
2025-12-15 22:47:20,641 [INFO] IPUIPlugin:80 - create IPUIPlugin
2025-12-15 22:47:20,642 [INFO] PluginManager:220 - loadIPPluginJar : add dma
2025-12-15 22:47:20,694 [INFO] IPUIPlugin:80 - create IPUIPlugin
2025-12-15 22:47:20,694 [INFO] PluginManager:220 - loadIPPluginJar : add dma3
2025-12-15 22:47:20,753 [INFO] IPUIPlugin:80 - create IPUIPlugin
2025-12-15 22:47:20,753 [INFO] PluginManager:220 - loadIPPluginJar : add extmemmanager
2025-12-15 22:47:20,779 [INFO] IPUIPlugin:80 - create IPUIPlugin
2025-12-15 22:47:20,779 [INFO] PluginManager:220 - loadIPPluginJar : add fatfs
2025-12-15 22:47:20,847 [INFO] IPUIPlugin:80 - create IPUIPlugin
2025-12-15 22:47:20,847 [INFO] PluginManager:220 - loadIPPluginJar : add fmc
2025-12-15 22:47:20,865 [INFO] IPUIPlugin:80 - create IPUIPlugin
2025-12-15 22:47:20,865 [INFO] PluginManager:220 - loadIPPluginJar : add freertos
2025-12-15 22:47:20,895 [INFO] IPUIPlugin:80 - create IPUIPlugin
2025-12-15 22:47:20,895 [INFO] PluginManager:220 - loadIPPluginJar : add genericplugin
2025-12-15 22:47:21,045 [INFO] IPUIPlugin:80 - create IPUIPlugin
2025-12-15 22:47:21,046 [INFO] PluginManager:220 - loadIPPluginJar : add gfxmmu
2025-12-15 22:47:21,237 [INFO] IPUIPlugin:80 - create IPUIPlugin
2025-12-15 22:47:21,237 [INFO] PluginManager:220 - loadIPPluginJar : add gic
2025-12-15 22:47:21,257 [INFO] IPUIPlugin:80 - create IPUIPlugin
2025-12-15 22:47:21,258 [INFO] PluginManager:220 - loadIPPluginJar : add gpio
2025-12-15 22:47:21,385 [INFO] IPUIPlugin:80 - create IPUIPlugin
2025-12-15 22:47:21,385 [INFO] PluginManager:220 - loadIPPluginJar : add gtzc
2025-12-15 22:47:21,429 [INFO] IPUIPlugin:80 - create IPUIPlugin
2025-12-15 22:47:21,430 [INFO] PluginManager:220 - loadIPPluginJar : add hash
2025-12-15 22:47:21,512 [INFO] IPUIPlugin:80 - create IPUIPlugin
2025-12-15 22:47:21,512 [INFO] PluginManager:220 - loadIPPluginJar : add i2c
2025-12-15 22:47:21,576 [INFO] IPUIPlugin:80 - create IPUIPlugin
2025-12-15 22:47:21,576 [INFO] PluginManager:220 - loadIPPluginJar : add i2s
2025-12-15 22:47:21,630 [INFO] IPUIPlugin:80 - create IPUIPlugin
2025-12-15 22:47:21,631 [INFO] PluginManager:220 - loadIPPluginJar : add i3c
2025-12-15 22:47:21,757 [INFO] IPUIPlugin:80 - create IPUIPlugin
2025-12-15 22:47:21,757 [INFO] PluginManager:220 - loadIPPluginJar : add ipddr
2025-12-15 22:47:21,902 [INFO] IPUIPlugin:80 - create IPUIPlugin
2025-12-15 22:47:21,902 [INFO] PluginManager:220 - loadIPPluginJar : add linkedlist
2025-12-15 22:47:21,956 [INFO] IPUIPlugin:80 - create IPUIPlugin
2025-12-15 22:47:21,957 [INFO] PluginManager:220 - loadIPPluginJar : add lorawan
2025-12-15 22:47:22,006 [INFO] IPUIPlugin:80 - create IPUIPlugin
2025-12-15 22:47:22,006 [INFO] PluginManager:220 - loadIPPluginJar : add ltdc
2025-12-15 22:47:22,022 [INFO] IPUIPlugin:80 - create IPUIPlugin
2025-12-15 22:47:22,022 [INFO] PluginManager:220 - loadIPPluginJar : add mdma
2025-12-15 22:47:22,039 [INFO] IPUIPlugin:80 - create IPUIPlugin
2025-12-15 22:47:22,039 [INFO] PluginManager:220 - loadIPPluginJar : add nvic
2025-12-15 22:47:22,087 [INFO] IPUIPlugin:80 - create IPUIPlugin
2025-12-15 22:47:22,087 [INFO] PluginManager:220 - loadIPPluginJar : add opamp
2025-12-15 22:47:22,183 [INFO] IPUIPlugin:80 - create IPUIPlugin
2025-12-15 22:47:22,184 [INFO] PluginManager:220 - loadIPPluginJar : add openamp
2025-12-15 22:47:22,262 [INFO] IPUIPlugin:80 - create IPUIPlugin
2025-12-15 22:47:22,262 [INFO] PluginManager:220 - loadIPPluginJar : add pdm2pcm
2025-12-15 22:47:22,281 [INFO] IPUIPlugin:80 - create IPUIPlugin
2025-12-15 22:47:22,284 [INFO] PluginManager:220 - loadIPPluginJar : add plateformsettings
2025-12-15 22:47:22,316 [INFO] IPUIPlugin:80 - create IPUIPlugin
2025-12-15 22:47:22,316 [INFO] PluginManager:220 - loadIPPluginJar : add quadspi
2025-12-15 22:47:22,349 [INFO] IPUIPlugin:80 - create IPUIPlugin
2025-12-15 22:47:22,349 [INFO] PluginManager:220 - loadIPPluginJar : add radio
2025-12-15 22:47:22,365 [INFO] IPUIPlugin:80 - create IPUIPlugin
2025-12-15 22:47:22,365 [INFO] PluginManager:220 - loadIPPluginJar : add resmgrutility
2025-12-15 22:47:22,428 [INFO] IPUIPlugin:80 - create IPUIPlugin
2025-12-15 22:47:22,428 [INFO] PluginManager:220 - loadIPPluginJar : add sai
2025-12-15 22:47:22,482 [INFO] IPUIPlugin:80 - create IPUIPlugin
2025-12-15 22:47:22,482 [INFO] PluginManager:220 - loadIPPluginJar : add spi
2025-12-15 22:47:22,597 [INFO] IPUIPlugin:80 - create IPUIPlugin
2025-12-15 22:47:22,597 [INFO] PluginManager:220 - loadIPPluginJar : add stm32_wpan
2025-12-15 22:47:22,607 [INFO] ThirdPartyUpdaterWithRetryManager:70 - Updater plugin not ready yet. [2/15]
2025-12-15 22:47:22,642 [INFO] IPUIPlugin:80 - create IPUIPlugin
2025-12-15 22:47:22,643 [INFO] PluginManager:220 - loadIPPluginJar : add tim
2025-12-15 22:47:22,745 [INFO] IPUIPlugin:80 - create IPUIPlugin
2025-12-15 22:47:22,745 [INFO] PluginManager:220 - loadIPPluginJar : add touchsensing
2025-12-15 22:47:22,776 [INFO] IPUIPlugin:80 - create IPUIPlugin
2025-12-15 22:47:22,776 [INFO] PluginManager:220 - loadIPPluginJar : add tracer_emb
2025-12-15 22:47:22,808 [INFO] IPUIPlugin:80 - create IPUIPlugin
2025-12-15 22:47:22,808 [INFO] PluginManager:220 - loadIPPluginJar : add ts
2025-12-15 22:47:22,842 [INFO] IPUIPlugin:80 - create IPUIPlugin
2025-12-15 22:47:22,842 [INFO] PluginManager:220 - loadIPPluginJar : add tsc
2025-12-15 22:47:22,885 [INFO] IPUIPlugin:80 - create IPUIPlugin
2025-12-15 22:47:22,885 [INFO] PluginManager:220 - loadIPPluginJar : add ucpd
2025-12-15 22:47:22,980 [INFO] IPUIPlugin:80 - create IPUIPlugin
2025-12-15 22:47:22,980 [INFO] PluginManager:220 - loadIPPluginJar : add usart
2025-12-15 22:47:23,055 [INFO] IPUIPlugin:80 - create IPUIPlugin
2025-12-15 22:47:23,056 [INFO] PluginManager:220 - loadIPPluginJar : add usbx
2025-12-15 22:47:23,189 [FATAL] Updater:351 - Updater called before beeing initialized
2025-12-15 22:47:23,251 [INFO] RulesReader:64 - Compatibility file has been processed (317 Rules)
2025-12-15 22:47:23,271 [INFO] RulesReader:64 - Compatibility file has been processed (317 Rules)
2025-12-15 22:47:23,301 [INFO] CADModel:165 - CPN selected for project level
2025-12-15 22:47:23,302 [INFO] CADModel:114 - Register for checkConnection events
2025-12-15 22:47:23,302 [FATAL] Updater:351 - Updater called before beeing initialized
2025-12-15 22:47:23,302 [ERROR] CADModel:125 - Updater not yet initialized, retry later 
2025-12-15 22:47:23,479 [FATAL] Updater:351 - Updater called before beeing initialized
2025-12-15 22:47:23,482 [INFO] CADModel:165 - CPN selected for project level
2025-12-15 22:47:23,482 [INFO] CADModel:114 - Register for checkConnection events
2025-12-15 22:47:23,482 [FATAL] Updater:351 - Updater called before beeing initialized
2025-12-15 22:47:23,482 [ERROR] CADModel:125 - Updater not yet initialized, retry later 
2025-12-15 22:47:23,486 [FATAL] Updater:351 - Updater called before beeing initialized
2025-12-15 22:47:23,597 [FATAL] Updater:351 - Updater called before beeing initialized
2025-12-15 22:47:23,610 [INFO] DbMcusAds:53 - JSON generation date=Thu Oct 02 16:36:05 ICT 2025 (1759397765645)
2025-12-15 22:47:23,610 [FATAL] Updater:351 - Updater called before beeing initialized
2025-12-15 22:47:23,648 [WARN] DetailPanel:346 - Failed to get advertising image, set to default
2025-12-15 22:47:23,727 [FATAL] Updater:351 - Updater called before beeing initialized
2025-12-15 22:47:23,729 [FATAL] Updater:351 - Updater called before beeing initialized
2025-12-15 22:47:23,729 [FATAL] Updater:351 - Updater called before beeing initialized
2025-12-15 22:47:23,730 [WARN] DetailPanel:346 - Failed to get advertising image, set to default
2025-12-15 22:47:23,731 [FATAL] Updater:351 - Updater called before beeing initialized
2025-12-15 22:47:23,793 [ERROR] Updater:1198 - MainUpdater not yet initialized. External WinMGr cannot be set.
2025-12-15 22:47:23,804 [INFO] Updater:1134 - Updater Version found : 6.15.0
2025-12-15 22:47:23,822 [INFO] ApplicationProperties:184 - Using Application install path: C:\ST\STM32CubeIDE_1.19.0\STM32CubeIDE\plugins\com.st.stm32cube.common.mx_6.15.0.202507011659
2025-12-15 22:47:25,403 [ERROR] LogOutputStream:75 - [STDERR_REDIRECT] Dec 15, 2025 10:47:25 PM java.util.prefs.WindowsPreferences <init>
2025-12-15 22:47:25,405 [ERROR] LogOutputStream:75 - [STDERR_REDIRECT] WARNING: Could not open/create prefs root node Software\JavaSoft\Prefs at root 0xffffffff80000002. Windows RegCreateKeyEx(...) returned error code 5.
2025-12-15 22:47:25,405 [ERROR] LogOutputStream:75 - [STDERR_REDIRECT] 
2025-12-15 22:47:25,615 [INFO] ThirdPartyUpdaterWithRetryManager:70 - Updater plugin not ready yet. [3/15]
2025-12-15 22:47:26,550 [INFO] MainUpdater:2872 - connection check result : 10
2025-12-15 22:47:26,550 [INFO] MainUpdater:289 - Updater Check For Update Now.
2025-12-15 22:47:26,551 [INFO] MicroXplorer:498 - Change Database Version : DB.6.0.150
2025-12-15 22:47:26,581 [INFO] McuFinderGlobals:63 - Set McuFinder mode to 2 (CubeIDE integrated)
2025-12-15 22:47:26,581 [INFO] UserAuth:171 - activating auth plugin
2025-12-15 22:47:26,586 [INFO] UserAuth:487 - Internet connection configuration mode: 1
2025-12-15 22:47:26,632 [INFO] JxBrowserEngine:152 - Initiate JxBrowser Engine with user profile folder
2025-12-15 22:47:26,816 [INFO] CheckServerUpdateThread:120 - End of CheckServer Thread
2025-12-15 22:47:28,247 [INFO] WebApp:169 - Instantiating new browser for Auth
2025-12-15 22:47:29,196 [WARN] PackLoader:240 - Cannot read IP mode file for STMicroelectronics.FP-SNS-MOTENVWB1.1.4.0
2025-12-15 22:47:29,260 [WARN] PackLoader:240 - Cannot read IP mode file for STMicroelectronics.FP-ATR-ASTRA1.2.0.2
2025-12-15 22:47:29,356 [WARN] PackLoader:240 - Cannot read IP mode file for STMicroelectronics.X-CUBE-SMBUS.2.1.0
2025-12-15 22:47:29,394 [WARN] PackLoader:240 - Cannot read IP mode file for STMicroelectronics.X-CUBE-ST60.1.0.0
2025-12-15 22:47:29,553 [INFO] WebApp:463 - Apply proxy settings
2025-12-15 22:47:29,555 [INFO] WebApp:548 - Chromium requires no authentication
2025-12-15 22:47:29,556 [WARN] PackLoader:240 - Cannot read IP mode file for STMicroelectronics.X-CUBE-AZRTOS-F7.1.1.0
2025-12-15 22:47:29,589 [WARN] PackLoader:240 - Cannot read IP mode file for Cesanta.I-CUBE-Mongoose.7.19.0
2025-12-15 22:47:29,604 [INFO] WebApp:491 - Direct internet connection detected
2025-12-15 22:47:29,662 [WARN] PackLoader:240 - Cannot read IP mode file for STMicroelectronics.FP-SNS-MOTENV1.5.1.0
2025-12-15 22:47:29,712 [INFO] WebApp:900 - Register for checkConnection events
2025-12-15 22:47:29,712 [INFO] WebApp:463 - Apply proxy settings
2025-12-15 22:47:29,713 [INFO] WebApp:548 - Chromium requires no authentication
2025-12-15 22:47:29,715 [INFO] WebApp:491 - Direct internet connection detected
2025-12-15 22:47:29,738 [WARN] PackLoader:240 - Cannot read IP mode file for WES.I-CUBE-Cesium.1.4.0
2025-12-15 22:47:29,849 [WARN] PackLoader:240 - Cannot read IP mode file for Infineon.AIROC-Wi-Fi-Bluetooth-STM32.1.7.1
2025-12-15 22:47:29,913 [INFO] WebApp:191 - Connection restablished
2025-12-15 22:47:29,971 [WARN] PackLoader:240 - Cannot read IP mode file for STMicroelectronics.X-CUBE-AZRTOS-H7.3.4.0
2025-12-15 22:47:30,082 [WARN] PackLoader:240 - Cannot read IP mode file for STMicroelectronics.X-CUBE-DISPLAY.3.0.0
2025-12-15 22:47:30,149 [WARN] PackLoader:240 - Cannot read IP mode file for STMicroelectronics.X-CUBE-NFC10.1.0.0
2025-12-15 22:47:30,186 [WARN] PackLoader:240 - Cannot read IP mode file for STMicroelectronics.X-CUBE-ST60.1.1.0
2025-12-15 22:47:30,260 [WARN] PackLoader:240 - Cannot read IP mode file for emotas.I-CUBE-CANOPEN.1.3.0
2025-12-15 22:47:30,286 [WARN] PackLoader:240 - Cannot read IP mode file for STMicroelectronics.X-CUBE-GNSS1.7.1.0
2025-12-15 22:47:30,358 [WARN] PackLoader:240 - Cannot read IP mode file for STMicroelectronics.FP-SNS-STBOX1.2.1.0
2025-12-15 22:47:30,489 [WARN] PackLoader:240 - Cannot read IP mode file for STMicroelectronics.FP-SNS-SMARTAG2.1.2.0
2025-12-15 22:47:30,542 [WARN] PackLoader:240 - Cannot read IP mode file for STMicroelectronics.FP-SNS-FLIGHT1.5.1.0
2025-12-15 22:47:30,646 [INFO] LogOutputStream:77 - [STDOUT_REDIRECT] 1 : Invalid condition id : UX_CORESTACK_Condition cause : null
2025-12-15 22:47:30,646 [INFO] LogOutputStream:77 - [STDOUT_REDIRECT] 1 : Invalid condition id : UX_CORESTACK_Condition cause : null
2025-12-15 22:47:30,648 [INFO] LogOutputStream:77 - [STDOUT_REDIRECT] 1 : Invalid condition id : UX_CORESTACK_Condition cause : null
2025-12-15 22:47:30,655 [INFO] LogOutputStream:77 - [STDOUT_REDIRECT] 1 : Invalid condition id : UX_CORESTACK_Condition cause : null
2025-12-15 22:47:30,656 [INFO] LogOutputStream:77 - [STDOUT_REDIRECT] 1 : Invalid condition id : UX_CORESTACK_Condition cause : null
2025-12-15 22:47:30,679 [WARN] PackLoader:240 - Cannot read IP mode file for STMicroelectronics.X-CUBE-AZRTOS-WL.2.0.0
2025-12-15 22:47:30,736 [WARN] PackLoader:240 - Cannot read IP mode file for STMicroelectronics.FP-SNS-MOTENV1.5.0.0
2025-12-15 22:47:31,071 [INFO] WebApp:225 - Starting web application
2025-12-15 22:47:31,072 [INFO] WebApp:593 - Web application path used C:\ST\STM32CubeIDE_1.19.0\STM32CubeIDE\plugins\com.st.stm32cube.common.mx_6.15.0.202507011659\db\plugins\mcufinder\reactClient1\index.html
2025-12-15 22:47:31,277 [WARN] PackLoader:240 - Cannot read IP mode file for STMicroelectronics.X-CUBE-AZRTOS-H7RS.1.2.0
2025-12-15 22:47:31,338 [WARN] PackLoader:240 - Cannot read IP mode file for STMicroelectronics.X-CUBE-BLE2.3.3.0
2025-12-15 22:47:31,472 [WARN] PackLoader:240 - Cannot read IP mode file for STMicroelectronics.X-CUBE-NFC9.1.0.0
2025-12-15 22:47:31,499 [WARN] PackLoader:240 - Cannot read IP mode file for wolfSSL.I-CUBE-wolfSSL.5.8.2
2025-12-15 22:47:31,551 [WARN] PackLoader:240 - Cannot read IP mode file for STMicroelectronics.X-CUBE-BLE1.7.1.0
2025-12-15 22:47:31,628 [WARN] PackLoader:240 - Cannot read IP mode file for wolfSSL.I-CUBE-wolfMQTT.1.19.2
2025-12-15 22:47:31,670 [WARN] PackLoader:240 - Cannot read IP mode file for STMicroelectronics.X-CUBE-FREERTOS.1.4.0
2025-12-15 22:47:31,737 [WARN] PackLoader:240 - Cannot read IP mode file for STMicroelectronics.X-CUBE-EEPRMA1.5.2.0
2025-12-15 22:47:31,799 [WARN] PackLoader:240 - Cannot read IP mode file for STMicroelectronics.X-CUBE-ST67W61.1.1.0
2025-12-15 22:47:31,953 [WARN] PackLoader:240 - Cannot read IP mode file for STMicroelectronics.X-CUBE-MEMS1.12.0.0
2025-12-15 22:47:32,375 [WARN] PackLoader:240 - Cannot read IP mode file for STMicroelectronics.X-CUBE-AZRTOS-G0.1.1.0
2025-12-15 22:47:32,472 [WARN] PackLoader:240 - Cannot read IP mode file for STMicroelectronics.X-CUBE-SAFEA1.1.2.2
2025-12-15 22:47:32,597 [WARN] PackLoader:240 - Cannot read IP mode file for STMicroelectronics.X-CUBE-NFC4.3.0.0
2025-12-15 22:47:32,641 [WARN] PackLoader:240 - Cannot read IP mode file for EmbeddedOffice.I-CUBE-FS-RTOS.1.0.1
2025-12-15 22:47:32,677 [WARN] PackLoader:240 - Cannot read IP mode file for STMicroelectronics.X-CUBE-WB05N.2.0.0
2025-12-15 22:47:32,701 [WARN] PackLoader:240 - Cannot read IP mode file for wolfSSL.I-CUBE-wolfTPM.3.8.0
2025-12-15 22:47:32,725 [WARN] PackLoader:240 - Cannot read IP mode file for STMicroelectronics.X-CUBE-TCPP.4.2.0
2025-12-15 22:47:32,756 [WARN] PackLoader:240 - Cannot read IP mode file for RealThread.X-CUBE-RT-Thread_Nano.4.1.1
2025-12-15 22:47:32,779 [WARN] PackLoader:240 - Cannot read IP mode file for STMicroelectronics.FP-ATR-SIGFOX1.3.2.0
2025-12-15 22:47:32,812 [WARN] PackLoader:240 - Cannot read IP mode file for ITTIA_DB.I-CUBE-ITTIADB.8.9.0
2025-12-15 22:47:32,840 [WARN] PackLoader:240 - Cannot read IP mode file for STMicroelectronics.X-CUBE-ST67W61.1.0.0
2025-12-15 22:47:32,859 [WARN] PackLoader:240 - Cannot read IP mode file for STMicroelectronics.X-CUBE-AI.10.2.0
2025-12-15 22:47:32,920 [WARN] PackLoader:240 - Cannot read IP mode file for SEGGER.I-CUBE-embOS.1.3.1
2025-12-15 22:47:33,003 [WARN] PackLoader:240 - Cannot read IP mode file for STMicroelectronics.X-CUBE-ALGOBUILD.1.4.0
2025-12-15 22:47:33,122 [WARN] PackLoader:240 - Cannot read IP mode file for STMicroelectronics.X-CUBE-MEMS1.11.3.0
2025-12-15 22:47:33,293 [WARN] PackLoader:240 - Cannot read IP mode file for STMicroelectronics.X-CUBE-PM33A1.1.0.0
2025-12-15 22:47:33,347 [WARN] PackLoader:240 - Cannot read IP mode file for STMicroelectronics.X-CUBE-AZRTOS-F4.1.1.0
2025-12-15 22:47:33,382 [WARN] PackLoader:240 - Cannot read IP mode file for STMicroelectronics.X-CUBE-ISPU.2.1.0
2025-12-15 22:47:33,430 [WARN] PackLoader:240 - Cannot read IP mode file for STMicroelectronics.X-CUBE-IPS.3.2.0
2025-12-15 22:47:33,471 [WARN] PackLoader:240 - Cannot read IP mode file for STMicroelectronics.X-CUBE-NFC12.1.0.0
2025-12-15 22:47:33,529 [WARN] PackLoader:240 - Cannot read IP mode file for STMicroelectronics.X-CUBE-AZRTOS-L5.2.0.0
2025-12-15 22:47:33,590 [WARN] PackLoader:240 - Cannot read IP mode file for STMicroelectronics.X-CUBE-NFC6.3.1.0
2025-12-15 22:47:33,624 [WARN] PackLoader:240 - Cannot read IP mode file for STMicroelectronics.X-CUBE-FREERTOS.1.3.1
2025-12-15 22:47:33,642 [WARN] PackLoader:240 - Cannot read IP mode file for STMicroelectronics.X-CUBE-TOUCHGFX.4.26.0
2025-12-15 22:47:33,661 [WARN] PackLoader:240 - Cannot read IP mode file for STMicroelectronics.FP-SNS-STAIOTCFT.1.0.0
2025-12-15 22:47:33,682 [WARN] PackLoader:240 - Cannot read IP mode file for STMicroelectronics.X-CUBE-DPower.1.3.0
2025-12-15 22:47:33,719 [WARN] ConditionMgr:438 - getConditionDescription Invalid condition id : LAN8742 Phy interface Condition cause : null
2025-12-15 22:47:33,719 [WARN] PackLoader:240 - Cannot read IP mode file for STMicroelectronics.X-CUBE-AZRTOS-L4.2.0.0
2025-12-15 22:47:33,720 [WARN] ConditionMgr:1044 - genDependencies : Invalid condition id : LAN8742 Phy interface Condition cause : null
2025-12-15 22:47:33,721 [WARN] ConditionMgr:1044 - genDependencies : Invalid condition id : LAN8742 Phy interface Condition cause : null
2025-12-15 22:47:33,721 [WARN] ConditionMgr:1044 - genDependencies : Invalid condition id : LAN8742 Phy interface Condition cause : null
2025-12-15 22:47:33,739 [WARN] PackLoader:240 - Cannot read IP mode file for STMicroelectronics.X-CUBE-SFXS2LP1.4.0.0
2025-12-15 22:47:33,766 [WARN] PackLoader:240 - Cannot read IP mode file for STMicroelectronics.X-CUBE-BLEMGR.4.1.0
2025-12-15 22:47:33,798 [WARN] ConditionMgr:438 - getConditionDescription Invalid condition id : UX DEVICE CLASS RTOS Condition cause : null
2025-12-15 22:47:33,798 [WARN] ConditionMgr:438 - getConditionDescription Invalid condition id : UX DEVICE CLASS RTOS Condition cause : null
2025-12-15 22:47:33,800 [WARN] PackLoader:240 - Cannot read IP mode file for STMicroelectronics.X-CUBE-AZRTOS-WB.2.0.0
2025-12-15 22:47:33,800 [WARN] ConditionMgr:1044 - genDependencies : Invalid condition id : UX DEVICE CLASS RTOS Condition cause : null
2025-12-15 22:47:33,800 [WARN] ConditionMgr:1044 - genDependencies : Invalid condition id : UX DEVICE CLASS RTOS Condition cause : null
2025-12-15 22:47:33,801 [WARN] ConditionMgr:1044 - genDependencies : Invalid condition id : UX DEVICE CLASS RTOS Condition cause : null
2025-12-15 22:47:33,801 [WARN] ConditionMgr:1044 - genDependencies : Invalid condition id : UX DEVICE CLASS RTOS Condition cause : null
2025-12-15 22:47:33,801 [WARN] ConditionMgr:1044 - genDependencies : Invalid condition id : UX DEVICE CLASS RTOS Condition cause : null
2025-12-15 22:47:33,822 [WARN] PackLoader:240 - Cannot read IP mode file for STMicroelectronics.X-CUBE-GNSS1.7.0.1
2025-12-15 22:47:33,844 [WARN] ConditionMgr:438 - getConditionDescription Invalid condition id : Cortex-A Device cause : null
2025-12-15 22:47:33,871 [WARN] ConditionMgr:1044 - genDependencies : Invalid condition id : Cortex-A Device cause : null
2025-12-15 22:47:33,872 [WARN] ConditionMgr:1044 - genDependencies : Invalid condition id : Cortex-A Device cause : null
2025-12-15 22:47:33,872 [WARN] ConditionMgr:1044 - genDependencies : Invalid condition id : Cortex-A Device cause : null
2025-12-15 22:47:33,894 [WARN] PackLoader:240 - Cannot read IP mode file for STMicroelectronics.X-CUBE-SUBG2.5.0.0
2025-12-15 22:47:33,927 [WARN] PackLoader:240 - Cannot read IP mode file for STMicroelectronics.X-CUBE-AZRTOS-H7RS.1.1.0
2025-12-15 22:47:33,958 [WARN] PackLoader:240 - Cannot read IP mode file for STMicroelectronics.X-CUBE-AZRTOS-G4.2.0.0
2025-12-15 22:47:33,974 [WARN] PackLoader:240 - Cannot read IP mode file for wolfSSL.I-CUBE-wolfSSH.1.4.20
2025-12-15 22:47:33,990 [WARN] PackLoader:240 - Cannot read IP mode file for STMicroelectronics.X-CUBE-NFC7.2.0.0
2025-12-15 22:47:34,014 [WARN] PackLoader:240 - Cannot read IP mode file for STMicroelectronics.X-CUBE-IPS.3.1.0
2025-12-15 22:47:34,032 [WARN] PackLoader:240 - Cannot read IP mode file for STMicroelectronics.X-CUBE-ALS.1.0.2
2025-12-15 22:47:34,049 [WARN] PackLoader:240 - Cannot read IP mode file for STMicroelectronics.X-CUBE-STSE01.1.0.0
2025-12-15 22:47:34,072 [WARN] PackLoader:240 - Cannot read IP mode file for STMicroelectronics.X-CUBE-TOF1.3.4.3
2025-12-15 22:47:34,082 [INFO] ThirdParty:978 - Integrity check success = true
2025-12-15 22:47:34,083 [INFO] IntegrityCheckThread:100 - exiting critical section [integrity check]
2025-12-15 22:47:34,083 [INFO] IntegrityCheckThread:103 - End integrity checks thread
2025-12-15 23:38:05,520 [ERROR] LogOutputStream:75 - [STDERR_REDIRECT] 
