2025-11-23 00:35:44,155 [ERROR] LogOutputStream:75 - [STDERR_REDIRECT] 
2025-11-23 11:19:27,801 [INFO] Activator:176 - 


2025-11-23 11:19:27,803 [INFO] Activator:177 - !SESSION log4j initialized
2025-11-23 11:19:33,621 [INFO] LogOutputStream:77 - [STDOUT_REDIRECT] 
2025-11-23 11:19:34,546 [INFO] ApplicationProperties:184 - Using Application install path: C:\ST\STM32CubeIDE_1.19.0\STM32CubeIDE\plugins\com.st.stm32cube.common.mx_6.15.0.202507011659
2025-11-23 11:19:34,562 [INFO] DbMcusXml:78 - Set database path to: C:\ST\STM32CubeIDE_1.19.0\STM32CubeIDE\plugins\com.st.stm32cube.common.mx_6.15.0.202507011659\\db\/mcu/
2025-11-23 11:19:34,564 [INFO] ApiDb:274 - Set plugin database path to: C:\ST\STM32CubeIDE_1.19.0\STM32CubeIDE\plugins\com.st.stm32cube.common.mx_6.15.0.202507011659\\db\/plugins/boardmanager/
2025-11-23 11:19:34,564 [WARN] ApiDb:259 - Overriding images path with different value:  => C:\ST\STM32CubeIDE_1.19.0\STM32CubeIDE\plugins\com.st.stm32cube.common.mx_6.15.0.202507011659\\db\/plugins/mcufinder/images/
2025-11-23 11:19:34,572 [INFO] ApiDb:250 - Set database path to: C:\Users\ASUS\.stmcufinder\plugins\mcufinder//mcu/
2025-11-23 11:19:34,574 [INFO] DbMcusAds:125 - Set database path to: C:\Users\ASUS\.stmcufinder\plugins\mcufinder//mcu/
2025-11-23 11:19:34,576 [INFO] CrossReferenceDbSqlite:203 - Set database path to: C:\Users\ASUS\.stmcufinder\plugins\mcufinder//mcu/cs/
2025-11-23 11:19:34,683 [INFO] RulesReader:64 - Compatibility file has been processed (317 Rules)
2025-11-23 11:19:34,771 [INFO] DbMcusXml:78 - Set database path to: C:\ST\STM32CubeIDE_1.19.0\STM32CubeIDE\plugins\com.st.stm32cube.common.mx_6.15.0.202507011659\\db\/mcu/
2025-11-23 11:19:34,772 [INFO] ApiDb:274 - Set plugin database path to: C:\ST\STM32CubeIDE_1.19.0\STM32CubeIDE\plugins\com.st.stm32cube.common.mx_6.15.0.202507011659\\db\/plugins/boardmanager/
2025-11-23 11:19:34,772 [INFO] ApiDb:261 - Set plugin images path to: C:\ST\STM32CubeIDE_1.19.0\STM32CubeIDE\plugins\com.st.stm32cube.common.mx_6.15.0.202507011659\\db\/plugins/mcufinder/images/
2025-11-23 11:19:34,772 [WARN] DbFile:41 - Overriding database path with different value: C:\Users\ASUS\.stmcufinder\plugins\mcufinder/ => C:\Users\ASUS\.stmcufinder\plugins\mcufinder
2025-11-23 11:19:34,772 [INFO] ApiDb:250 - Set database path to: C:\Users\ASUS\.stmcufinder\plugins\mcufinder//mcu/
2025-11-23 11:19:34,772 [WARN] DbFile:41 - Overriding database path with different value: C:\Users\ASUS\.stmcufinder\plugins\mcufinder/ => C:\Users\ASUS\.stmcufinder\plugins\mcufinder
2025-11-23 11:19:34,772 [INFO] DbMcusAds:125 - Set database path to: C:\Users\ASUS\.stmcufinder\plugins\mcufinder//mcu/
2025-11-23 11:19:34,772 [WARN] DbFile:41 - Overriding database path with different value: C:\Users\ASUS\.stmcufinder\plugins\mcufinder/ => C:\Users\ASUS\.stmcufinder\plugins\mcufinder
2025-11-23 11:19:34,772 [WARN] DbFile:41 - Overriding database path with different value: C:\Users\ASUS\.stmcufinder\plugins\mcufinder/ => C:\Users\ASUS\.stmcufinder\plugins\mcufinder
2025-11-23 11:19:34,772 [INFO] CrossReferenceDbSqlite:203 - Set database path to: C:\Users\ASUS\.stmcufinder\plugins\mcufinder//mcu/cs/
2025-11-23 11:19:34,843 [INFO] MainPanel:274 - HeapMemory: 268435456
2025-11-23 11:19:34,947 [INFO] DbMcusXml:78 - Set database path to: C:\ST\STM32CubeIDE_1.19.0\STM32CubeIDE\plugins\com.st.stm32cube.common.mx_6.15.0.202507011659\\db\/mcu/
2025-11-23 11:19:34,947 [INFO] ApiDb:274 - Set plugin database path to: C:\ST\STM32CubeIDE_1.19.0\STM32CubeIDE\plugins\com.st.stm32cube.common.mx_6.15.0.202507011659\\db\/plugins/boardmanager/
2025-11-23 11:19:34,947 [INFO] ApiDb:261 - Set plugin images path to: C:\ST\STM32CubeIDE_1.19.0\STM32CubeIDE\plugins\com.st.stm32cube.common.mx_6.15.0.202507011659\\db\/plugins/mcufinder/images/
2025-11-23 11:19:34,948 [WARN] DbFile:41 - Overriding database path with different value: C:\Users\ASUS\.stmcufinder\plugins\mcufinder/ => C:\Users\ASUS\.stmcufinder\plugins\mcufinder
2025-11-23 11:19:34,948 [INFO] ApiDb:250 - Set database path to: C:\Users\ASUS\.stmcufinder\plugins\mcufinder//mcu/
2025-11-23 11:19:34,948 [WARN] DbFile:41 - Overriding database path with different value: C:\Users\ASUS\.stmcufinder\plugins\mcufinder/ => C:\Users\ASUS\.stmcufinder\plugins\mcufinder
2025-11-23 11:19:34,948 [INFO] DbMcusAds:125 - Set database path to: C:\Users\ASUS\.stmcufinder\plugins\mcufinder//mcu/
2025-11-23 11:19:34,948 [WARN] DbFile:41 - Overriding database path with different value: C:\Users\ASUS\.stmcufinder\plugins\mcufinder/ => C:\Users\ASUS\.stmcufinder\plugins\mcufinder
2025-11-23 11:19:34,948 [WARN] DbFile:41 - Overriding database path with different value: C:\Users\ASUS\.stmcufinder\plugins\mcufinder/ => C:\Users\ASUS\.stmcufinder\plugins\mcufinder
2025-11-23 11:19:34,948 [INFO] CrossReferenceDbSqlite:203 - Set database path to: C:\Users\ASUS\.stmcufinder\plugins\mcufinder//mcu/cs/
2025-11-23 11:19:34,964 [INFO] ApplicationProperties:184 - Using Application install path: C:\ST\STM32CubeIDE_1.19.0\STM32CubeIDE\plugins\com.st.stm32cube.common.mx_6.15.0.202507011659
2025-11-23 11:19:34,965 [INFO] PluginManage:196 - Search for loadable plugins [exclusion list=, ]
2025-11-23 11:19:34,966 [INFO] PluginManage:310 - Check plugin analytics
2025-11-23 11:19:35,137 [INFO] AnalyticsPlugin:253 - Accepted Software Licenses: STM32CubeMX.6.12.1
2025-11-23 11:19:35,137 [INFO] AnalyticsPlugin:255 - Accepted CMSIS Pack Licenses: 
2025-11-23 11:19:35,137 [INFO] AnalyticsPlugin:257 - Accepted Firmware Licenses: 
2025-11-23 11:19:35,140 [INFO] PluginManage:359 - Loaded plugin analytics (category:tool,tabindex:-1)
2025-11-23 11:19:35,141 [INFO] PluginManage:310 - Check plugin cadmodel
2025-11-23 11:19:35,147 [INFO] CADModel:105 - Init CAD model plugin
2025-11-23 11:19:35,147 [INFO] PluginManage:359 - Loaded plugin cadmodel (category:power,tabindex:5)
2025-11-23 11:19:35,148 [INFO] PluginManage:310 - Check plugin clock
2025-11-23 11:19:35,156 [INFO] PluginManage:359 - Loaded plugin clock (category:base,tabindex:2)
2025-11-23 11:19:35,157 [INFO] PluginManage:310 - Check plugin ddr
2025-11-23 11:19:35,159 [INFO] PluginManage:359 - Loaded plugin ddr (category:tool,tabindex:6)
2025-11-23 11:19:35,159 [INFO] PluginManage:310 - Check plugin filemanager
2025-11-23 11:19:35,291 [INFO] PluginManage:359 - Loaded plugin filemanager (category:base,tabindex:10)
2025-11-23 11:19:35,292 [INFO] PluginManage:310 - Check plugin ipmanager
2025-11-23 11:19:35,298 [INFO] PluginManage:359 - Loaded plugin ipmanager (category:base,tabindex:5)
2025-11-23 11:19:35,299 [INFO] PluginManage:310 - Check plugin lpbam
2025-11-23 11:19:35,307 [INFO] PluginManage:359 - Loaded plugin lpbam (category:base,tabindex:0)
2025-11-23 11:19:35,307 [INFO] PluginManage:310 - Check plugin memorymap
2025-11-23 11:19:35,320 [INFO] PluginManage:359 - Loaded plugin memorymap (category:base,tabindex:4)
2025-11-23 11:19:35,320 [INFO] PluginManage:310 - Check plugin pinoutandconfiguration
2025-11-23 11:19:35,329 [INFO] PluginManage:359 - Loaded plugin pinoutandconfiguration (category:base,tabindex:1)
2025-11-23 11:19:35,329 [INFO] PluginManage:310 - Check plugin pinoutconfig
2025-11-23 11:19:35,408 [WARN] SupportedApi:132 - Cannot load RTOS API schema: s4s-elt-must-match.1: The content of 'definitions' must match (annotation?, (simpleType | complexType)?, (unique | key | keyref)*)). A problem was found starting at: attribute.
2025-11-23 11:19:35,531 [INFO] PluginManage:359 - Loaded plugin pinoutconfig (category:base,tabindex:0)
2025-11-23 11:19:35,532 [INFO] PluginManage:310 - Check plugin power
2025-11-23 11:19:35,542 [INFO] PluginManage:359 - Loaded plugin power (category:power,tabindex:4)
2025-11-23 11:19:35,542 [INFO] PluginManage:310 - Check plugin projectmanager
2025-11-23 11:19:35,556 [INFO] PluginManage:359 - Loaded plugin projectmanager (category:projectmanager,tabindex:4)
2025-11-23 11:19:35,556 [INFO] PluginManage:310 - Check plugin rif
2025-11-23 11:19:35,578 [INFO] PluginManage:359 - Loaded plugin rif (category:base,tabindex:3)
2025-11-23 11:19:35,578 [INFO] PluginManage:310 - Check plugin thirdparty
2025-11-23 11:19:35,883 [INFO] PluginManage:359 - Loaded plugin thirdparty (category:base,tabindex:-1)
2025-11-23 11:19:35,883 [WARN] IntegrityCheckThread:84 - waiting for thirdparty lock release [integrity check]
2025-11-23 11:19:35,883 [INFO] PluginManage:310 - Check plugin tools
2025-11-23 11:19:35,883 [INFO] IntegrityCheckThread:86 - entering critical section [integrity check]
2025-11-23 11:19:35,883 [INFO] ThirdPartyUpdaterWithRetryManager:70 - Updater plugin not ready yet. [1/15]
2025-11-23 11:19:35,887 [INFO] PluginManage:359 - Loaded plugin tools (category:base,tabindex:7)
2025-11-23 11:19:35,887 [INFO] PluginManage:310 - Check plugin tutovideos
2025-11-23 11:19:36,111 [INFO] PluginManage:359 - Loaded plugin tutovideos (category:base,tabindex:-1)
2025-11-23 11:19:36,111 [INFO] PluginManage:310 - Check plugin updater
2025-11-23 11:19:36,132 [INFO] PluginManage:359 - Loaded plugin updater (category:base,tabindex:12)
2025-11-23 11:19:36,132 [INFO] PluginManage:310 - Check plugin userauth
2025-11-23 11:19:36,136 [INFO] UserAuth:118 - Init User Auth plugin
2025-11-23 11:19:36,137 [INFO] PluginManage:359 - Loaded plugin userauth (category:base,tabindex:14)
2025-11-23 11:19:36,138 [INFO] PluginManage:283 - PluginManage : Loaded plugins [18]
2025-11-23 11:19:36,327 [INFO] PinOutPanel:1589 - setPackage(No Configuration,No Configuration)
2025-11-23 11:19:36,404 [INFO] CADModel:165 - CPN selected for project level
2025-11-23 11:19:36,405 [INFO] CADModel:114 - Register for checkConnection events
2025-11-23 11:19:36,422 [INFO] IPUIPlugin:80 - create IPUIPlugin
2025-11-23 11:19:36,422 [INFO] PluginManager:220 - loadIPPluginJar : add adc
2025-11-23 11:19:36,425 [INFO] IPUIPlugin:80 - create IPUIPlugin
2025-11-23 11:19:36,425 [INFO] PluginManager:220 - loadIPPluginJar : add aes
2025-11-23 11:19:36,428 [INFO] IPUIPlugin:80 - create IPUIPlugin
2025-11-23 11:19:36,428 [INFO] PluginManager:220 - loadIPPluginJar : add can
2025-11-23 11:19:36,430 [INFO] IPUIPlugin:80 - create IPUIPlugin
2025-11-23 11:19:36,430 [INFO] PluginManager:220 - loadIPPluginJar : add comp
2025-11-23 11:19:36,432 [INFO] IPUIPlugin:80 - create IPUIPlugin
2025-11-23 11:19:36,432 [INFO] PluginManager:220 - loadIPPluginJar : add cryp
2025-11-23 11:19:36,448 [INFO] IPUIPlugin:80 - create IPUIPlugin
2025-11-23 11:19:36,448 [INFO] PluginManager:220 - loadIPPluginJar : add ddr_ctrl_phy
2025-11-23 11:19:36,451 [INFO] IPUIPlugin:80 - create IPUIPlugin
2025-11-23 11:19:36,451 [INFO] PluginManager:220 - loadIPPluginJar : add dfsdm
2025-11-23 11:19:36,455 [INFO] IPUIPlugin:80 - create IPUIPlugin
2025-11-23 11:19:36,456 [INFO] PluginManager:220 - loadIPPluginJar : add dma
2025-11-23 11:19:36,458 [INFO] IPUIPlugin:80 - create IPUIPlugin
2025-11-23 11:19:36,458 [INFO] PluginManager:220 - loadIPPluginJar : add dma3
2025-11-23 11:19:36,460 [INFO] IPUIPlugin:80 - create IPUIPlugin
2025-11-23 11:19:36,460 [INFO] PluginManager:220 - loadIPPluginJar : add extmemmanager
2025-11-23 11:19:36,462 [INFO] IPUIPlugin:80 - create IPUIPlugin
2025-11-23 11:19:36,462 [INFO] PluginManager:220 - loadIPPluginJar : add fatfs
2025-11-23 11:19:36,468 [INFO] IPUIPlugin:80 - create IPUIPlugin
2025-11-23 11:19:36,468 [INFO] PluginManager:220 - loadIPPluginJar : add fmc
2025-11-23 11:19:36,474 [INFO] IPUIPlugin:80 - create IPUIPlugin
2025-11-23 11:19:36,474 [INFO] PluginManager:220 - loadIPPluginJar : add freertos
2025-11-23 11:19:36,475 [INFO] IPUIPlugin:80 - create IPUIPlugin
2025-11-23 11:19:36,475 [INFO] PluginManager:220 - loadIPPluginJar : add genericplugin
2025-11-23 11:19:36,478 [INFO] IPUIPlugin:80 - create IPUIPlugin
2025-11-23 11:19:36,478 [INFO] PluginManager:220 - loadIPPluginJar : add gfxmmu
2025-11-23 11:19:36,482 [INFO] IPUIPlugin:80 - create IPUIPlugin
2025-11-23 11:19:36,482 [INFO] PluginManager:220 - loadIPPluginJar : add gic
2025-11-23 11:19:36,486 [INFO] IPUIPlugin:80 - create IPUIPlugin
2025-11-23 11:19:36,486 [INFO] PluginManager:220 - loadIPPluginJar : add gpio
2025-11-23 11:19:36,489 [INFO] IPUIPlugin:80 - create IPUIPlugin
2025-11-23 11:19:36,489 [INFO] PluginManager:220 - loadIPPluginJar : add gtzc
2025-11-23 11:19:36,491 [INFO] IPUIPlugin:80 - create IPUIPlugin
2025-11-23 11:19:36,492 [INFO] PluginManager:220 - loadIPPluginJar : add hash
2025-11-23 11:19:36,495 [INFO] IPUIPlugin:80 - create IPUIPlugin
2025-11-23 11:19:36,495 [INFO] PluginManager:220 - loadIPPluginJar : add i2c
2025-11-23 11:19:36,498 [INFO] IPUIPlugin:80 - create IPUIPlugin
2025-11-23 11:19:36,498 [INFO] PluginManager:220 - loadIPPluginJar : add i2s
2025-11-23 11:19:36,500 [INFO] IPUIPlugin:80 - create IPUIPlugin
2025-11-23 11:19:36,501 [INFO] PluginManager:220 - loadIPPluginJar : add i3c
2025-11-23 11:19:36,616 [INFO] IPUIPlugin:80 - create IPUIPlugin
2025-11-23 11:19:36,616 [INFO] PluginManager:220 - loadIPPluginJar : add ipddr
2025-11-23 11:19:36,621 [INFO] IPUIPlugin:80 - create IPUIPlugin
2025-11-23 11:19:36,622 [INFO] PluginManager:220 - loadIPPluginJar : add linkedlist
2025-11-23 11:19:36,624 [INFO] IPUIPlugin:80 - create IPUIPlugin
2025-11-23 11:19:36,624 [INFO] PluginManager:220 - loadIPPluginJar : add lorawan
2025-11-23 11:19:36,626 [INFO] IPUIPlugin:80 - create IPUIPlugin
2025-11-23 11:19:36,626 [INFO] PluginManager:220 - loadIPPluginJar : add ltdc
2025-11-23 11:19:36,632 [INFO] IPUIPlugin:80 - create IPUIPlugin
2025-11-23 11:19:36,632 [INFO] PluginManager:220 - loadIPPluginJar : add mdma
2025-11-23 11:19:36,636 [INFO] IPUIPlugin:80 - create IPUIPlugin
2025-11-23 11:19:36,636 [INFO] PluginManager:220 - loadIPPluginJar : add nvic
2025-11-23 11:19:36,640 [INFO] IPUIPlugin:80 - create IPUIPlugin
2025-11-23 11:19:36,640 [INFO] PluginManager:220 - loadIPPluginJar : add opamp
2025-11-23 11:19:36,642 [INFO] IPUIPlugin:80 - create IPUIPlugin
2025-11-23 11:19:36,643 [INFO] PluginManager:220 - loadIPPluginJar : add openamp
2025-11-23 11:19:36,645 [INFO] IPUIPlugin:80 - create IPUIPlugin
2025-11-23 11:19:36,645 [INFO] PluginManager:220 - loadIPPluginJar : add pdm2pcm
2025-11-23 11:19:36,650 [INFO] IPUIPlugin:80 - create IPUIPlugin
2025-11-23 11:19:36,652 [INFO] PluginManager:220 - loadIPPluginJar : add plateformsettings
2025-11-23 11:19:36,653 [INFO] IPUIPlugin:80 - create IPUIPlugin
2025-11-23 11:19:36,654 [INFO] PluginManager:220 - loadIPPluginJar : add quadspi
2025-11-23 11:19:36,655 [INFO] IPUIPlugin:80 - create IPUIPlugin
2025-11-23 11:19:36,656 [INFO] PluginManager:220 - loadIPPluginJar : add radio
2025-11-23 11:19:36,660 [INFO] IPUIPlugin:80 - create IPUIPlugin
2025-11-23 11:19:36,660 [INFO] PluginManager:220 - loadIPPluginJar : add resmgrutility
2025-11-23 11:19:36,663 [INFO] IPUIPlugin:80 - create IPUIPlugin
2025-11-23 11:19:36,663 [INFO] PluginManager:220 - loadIPPluginJar : add sai
2025-11-23 11:19:36,665 [INFO] IPUIPlugin:80 - create IPUIPlugin
2025-11-23 11:19:36,665 [INFO] PluginManager:220 - loadIPPluginJar : add spi
2025-11-23 11:19:36,671 [INFO] IPUIPlugin:80 - create IPUIPlugin
2025-11-23 11:19:36,671 [INFO] PluginManager:220 - loadIPPluginJar : add stm32_wpan
2025-11-23 11:19:36,673 [INFO] IPUIPlugin:80 - create IPUIPlugin
2025-11-23 11:19:36,673 [INFO] PluginManager:220 - loadIPPluginJar : add tim
2025-11-23 11:19:36,676 [INFO] IPUIPlugin:80 - create IPUIPlugin
2025-11-23 11:19:36,677 [INFO] PluginManager:220 - loadIPPluginJar : add touchsensing
2025-11-23 11:19:36,679 [INFO] IPUIPlugin:80 - create IPUIPlugin
2025-11-23 11:19:36,679 [INFO] PluginManager:220 - loadIPPluginJar : add tracer_emb
2025-11-23 11:19:36,681 [INFO] IPUIPlugin:80 - create IPUIPlugin
2025-11-23 11:19:36,682 [INFO] PluginManager:220 - loadIPPluginJar : add ts
2025-11-23 11:19:36,684 [INFO] IPUIPlugin:80 - create IPUIPlugin
2025-11-23 11:19:36,684 [INFO] PluginManager:220 - loadIPPluginJar : add tsc
2025-11-23 11:19:36,686 [INFO] IPUIPlugin:80 - create IPUIPlugin
2025-11-23 11:19:36,686 [INFO] PluginManager:220 - loadIPPluginJar : add ucpd
2025-11-23 11:19:36,689 [INFO] IPUIPlugin:80 - create IPUIPlugin
2025-11-23 11:19:36,689 [INFO] PluginManager:220 - loadIPPluginJar : add usart
2025-11-23 11:19:36,693 [INFO] IPUIPlugin:80 - create IPUIPlugin
2025-11-23 11:19:36,693 [INFO] PluginManager:220 - loadIPPluginJar : add usbx
2025-11-23 11:19:36,814 [FATAL] Updater:351 - Updater called before beeing initialized
2025-11-23 11:19:36,835 [INFO] RulesReader:64 - Compatibility file has been processed (317 Rules)
2025-11-23 11:19:36,845 [INFO] RulesReader:64 - Compatibility file has been processed (317 Rules)
2025-11-23 11:19:36,852 [INFO] CADModel:165 - CPN selected for project level
2025-11-23 11:19:36,852 [INFO] CADModel:114 - Register for checkConnection events
2025-11-23 11:19:36,852 [FATAL] Updater:351 - Updater called before beeing initialized
2025-11-23 11:19:36,852 [ERROR] CADModel:125 - Updater not yet initialized, retry later 
2025-11-23 11:19:36,976 [FATAL] Updater:351 - Updater called before beeing initialized
2025-11-23 11:19:36,978 [INFO] CADModel:165 - CPN selected for project level
2025-11-23 11:19:36,979 [INFO] CADModel:114 - Register for checkConnection events
2025-11-23 11:19:36,979 [FATAL] Updater:351 - Updater called before beeing initialized
2025-11-23 11:19:36,979 [ERROR] CADModel:125 - Updater not yet initialized, retry later 
2025-11-23 11:19:36,981 [FATAL] Updater:351 - Updater called before beeing initialized
2025-11-23 11:19:37,069 [FATAL] Updater:351 - Updater called before beeing initialized
2025-11-23 11:19:37,080 [INFO] DbMcusAds:53 - JSON generation date=Thu Oct 02 16:36:05 ICT 2025 (1759397765645)
2025-11-23 11:19:37,080 [FATAL] Updater:351 - Updater called before beeing initialized
2025-11-23 11:19:37,116 [WARN] DetailPanel:346 - Failed to get advertising image, set to default
2025-11-23 11:19:37,187 [FATAL] Updater:351 - Updater called before beeing initialized
2025-11-23 11:19:37,189 [FATAL] Updater:351 - Updater called before beeing initialized
2025-11-23 11:19:37,189 [FATAL] Updater:351 - Updater called before beeing initialized
2025-11-23 11:19:37,189 [WARN] DetailPanel:346 - Failed to get advertising image, set to default
2025-11-23 11:19:37,189 [FATAL] Updater:351 - Updater called before beeing initialized
2025-11-23 11:19:37,242 [ERROR] Updater:1198 - MainUpdater not yet initialized. External WinMGr cannot be set.
2025-11-23 11:19:37,253 [INFO] Updater:1134 - Updater Version found : 6.15.0
2025-11-23 11:19:37,269 [INFO] ApplicationProperties:184 - Using Application install path: C:\ST\STM32CubeIDE_1.19.0\STM32CubeIDE\plugins\com.st.stm32cube.common.mx_6.15.0.202507011659
2025-11-23 11:19:38,846 [ERROR] LogOutputStream:75 - [STDERR_REDIRECT] Nov 23, 2025 11:19:38 AM java.util.prefs.WindowsPreferences <init>
2025-11-23 11:19:38,847 [ERROR] LogOutputStream:75 - [STDERR_REDIRECT] WARNING: Could not open/create prefs root node Software\JavaSoft\Prefs at root 0xffffffff80000002. Windows RegCreateKeyEx(...) returned error code 5.
2025-11-23 11:19:38,847 [ERROR] LogOutputStream:75 - [STDERR_REDIRECT] 
2025-11-23 11:19:38,884 [INFO] ThirdPartyUpdaterWithRetryManager:70 - Updater plugin not ready yet. [2/15]
2025-11-23 11:19:39,125 [INFO] MainUpdater:2872 - connection check result : 10
2025-11-23 11:19:39,125 [INFO] MainUpdater:289 - Updater Check For Update Now.
2025-11-23 11:19:39,125 [INFO] MicroXplorer:498 - Change Database Version : DB.6.0.150
2025-11-23 11:19:39,146 [INFO] McuFinderGlobals:63 - Set McuFinder mode to 2 (CubeIDE integrated)
2025-11-23 11:19:39,146 [INFO] UserAuth:171 - activating auth plugin
2025-11-23 11:19:39,149 [INFO] UserAuth:487 - Internet connection configuration mode: 1
2025-11-23 11:19:39,187 [INFO] JxBrowserEngine:152 - Initiate JxBrowser Engine with user profile folder
2025-11-23 11:19:39,351 [INFO] CheckServerUpdateThread:120 - End of CheckServer Thread
2025-11-23 11:19:40,329 [INFO] WebApp:169 - Instantiating new browser for Auth
2025-11-23 11:19:41,018 [INFO] WebApp:463 - Apply proxy settings
2025-11-23 11:19:41,018 [INFO] WebApp:548 - Chromium requires no authentication
2025-11-23 11:19:41,027 [INFO] WebApp:491 - Direct internet connection detected
2025-11-23 11:19:41,050 [INFO] WebApp:900 - Register for checkConnection events
2025-11-23 11:19:41,050 [INFO] WebApp:463 - Apply proxy settings
2025-11-23 11:19:41,050 [INFO] WebApp:548 - Chromium requires no authentication
2025-11-23 11:19:41,050 [INFO] WebApp:491 - Direct internet connection detected
2025-11-23 11:19:41,236 [INFO] WebApp:225 - Starting web application
2025-11-23 11:19:41,237 [INFO] WebApp:593 - Web application path used C:\ST\STM32CubeIDE_1.19.0\STM32CubeIDE\plugins\com.st.stm32cube.common.mx_6.15.0.202507011659\db\plugins\mcufinder\reactClient1\index.html
2025-11-23 11:19:41,284 [INFO] WebApp:191 - Connection restablished
2025-11-23 11:19:42,139 [WARN] PackLoader:240 - Cannot read IP mode file for STMicroelectronics.FP-SNS-MOTENVWB1.1.4.0
2025-11-23 11:19:42,158 [WARN] PackLoader:240 - Cannot read IP mode file for STMicroelectronics.FP-ATR-ASTRA1.2.0.2
2025-11-23 11:19:42,174 [WARN] PackLoader:240 - Cannot read IP mode file for STMicroelectronics.X-CUBE-SMBUS.2.1.0
2025-11-23 11:19:42,187 [WARN] PackLoader:240 - Cannot read IP mode file for STMicroelectronics.X-CUBE-ST60.1.0.0
2025-11-23 11:19:42,228 [WARN] PackLoader:240 - Cannot read IP mode file for STMicroelectronics.X-CUBE-AZRTOS-F7.1.1.0
2025-11-23 11:19:42,248 [WARN] PackLoader:240 - Cannot read IP mode file for Cesanta.I-CUBE-Mongoose.7.19.0
2025-11-23 11:19:42,265 [WARN] PackLoader:240 - Cannot read IP mode file for STMicroelectronics.FP-SNS-MOTENV1.5.1.0
2025-11-23 11:19:42,285 [WARN] PackLoader:240 - Cannot read IP mode file for WES.I-CUBE-Cesium.1.4.0
2025-11-23 11:19:42,318 [WARN] PackLoader:240 - Cannot read IP mode file for Infineon.AIROC-Wi-Fi-Bluetooth-STM32.1.7.1
2025-11-23 11:19:42,375 [WARN] PackLoader:240 - Cannot read IP mode file for STMicroelectronics.X-CUBE-AZRTOS-H7.3.4.0
2025-11-23 11:19:42,400 [WARN] PackLoader:240 - Cannot read IP mode file for STMicroelectronics.X-CUBE-DISPLAY.3.0.0
2025-11-23 11:19:42,423 [WARN] PackLoader:240 - Cannot read IP mode file for STMicroelectronics.X-CUBE-NFC10.1.0.0
2025-11-23 11:19:42,439 [WARN] PackLoader:240 - Cannot read IP mode file for STMicroelectronics.X-CUBE-ST60.1.1.0
2025-11-23 11:19:42,457 [WARN] PackLoader:240 - Cannot read IP mode file for emotas.I-CUBE-CANOPEN.1.3.0
2025-11-23 11:19:42,473 [WARN] PackLoader:240 - Cannot read IP mode file for STMicroelectronics.X-CUBE-GNSS1.7.1.0
2025-11-23 11:19:42,495 [WARN] PackLoader:240 - Cannot read IP mode file for STMicroelectronics.FP-SNS-STBOX1.2.1.0
2025-11-23 11:19:42,514 [WARN] PackLoader:240 - Cannot read IP mode file for STMicroelectronics.FP-SNS-SMARTAG2.1.2.0
2025-11-23 11:19:42,530 [WARN] PackLoader:240 - Cannot read IP mode file for STMicroelectronics.FP-SNS-FLIGHT1.5.1.0
2025-11-23 11:19:42,551 [INFO] LogOutputStream:77 - [STDOUT_REDIRECT] 1 : Invalid condition id : UX_CORESTACK_Condition cause : null
2025-11-23 11:19:42,552 [INFO] LogOutputStream:77 - [STDOUT_REDIRECT] 1 : Invalid condition id : UX_CORESTACK_Condition cause : null
2025-11-23 11:19:42,553 [INFO] LogOutputStream:77 - [STDOUT_REDIRECT] 1 : Invalid condition id : UX_CORESTACK_Condition cause : null
2025-11-23 11:19:42,555 [INFO] LogOutputStream:77 - [STDOUT_REDIRECT] 1 : Invalid condition id : UX_CORESTACK_Condition cause : null
2025-11-23 11:19:42,556 [INFO] LogOutputStream:77 - [STDOUT_REDIRECT] 1 : Invalid condition id : UX_CORESTACK_Condition cause : null
2025-11-23 11:19:42,558 [WARN] PackLoader:240 - Cannot read IP mode file for STMicroelectronics.X-CUBE-AZRTOS-WL.2.0.0
2025-11-23 11:19:42,587 [WARN] PackLoader:240 - Cannot read IP mode file for STMicroelectronics.FP-SNS-MOTENV1.5.0.0
2025-11-23 11:19:42,635 [WARN] PackLoader:240 - Cannot read IP mode file for STMicroelectronics.X-CUBE-AZRTOS-H7RS.1.2.0
2025-11-23 11:19:42,659 [WARN] PackLoader:240 - Cannot read IP mode file for STMicroelectronics.X-CUBE-BLE2.3.3.0
2025-11-23 11:19:42,740 [WARN] PackLoader:240 - Cannot read IP mode file for STMicroelectronics.X-CUBE-NFC9.1.0.0
2025-11-23 11:19:42,754 [WARN] PackLoader:240 - Cannot read IP mode file for wolfSSL.I-CUBE-wolfSSL.5.8.2
2025-11-23 11:19:42,768 [WARN] PackLoader:240 - Cannot read IP mode file for STMicroelectronics.X-CUBE-BLE1.7.1.0
2025-11-23 11:19:42,780 [WARN] PackLoader:240 - Cannot read IP mode file for wolfSSL.I-CUBE-wolfMQTT.1.19.2
2025-11-23 11:19:42,793 [WARN] PackLoader:240 - Cannot read IP mode file for STMicroelectronics.X-CUBE-FREERTOS.1.4.0
2025-11-23 11:19:42,808 [WARN] PackLoader:240 - Cannot read IP mode file for STMicroelectronics.X-CUBE-EEPRMA1.5.2.0
2025-11-23 11:19:42,823 [WARN] PackLoader:240 - Cannot read IP mode file for STMicroelectronics.X-CUBE-ST67W61.1.1.0
2025-11-23 11:19:42,850 [WARN] PackLoader:240 - Cannot read IP mode file for STMicroelectronics.X-CUBE-AZRTOS-G0.1.1.0
2025-11-23 11:19:42,867 [WARN] PackLoader:240 - Cannot read IP mode file for STMicroelectronics.X-CUBE-SAFEA1.1.2.2
2025-11-23 11:19:42,882 [WARN] PackLoader:240 - Cannot read IP mode file for STMicroelectronics.X-CUBE-NFC4.3.0.0
2025-11-23 11:19:42,898 [WARN] PackLoader:240 - Cannot read IP mode file for EmbeddedOffice.I-CUBE-FS-RTOS.1.0.1
2025-11-23 11:19:42,913 [WARN] PackLoader:240 - Cannot read IP mode file for STMicroelectronics.X-CUBE-WB05N.2.0.0
2025-11-23 11:19:42,926 [WARN] PackLoader:240 - Cannot read IP mode file for wolfSSL.I-CUBE-wolfTPM.3.8.0
2025-11-23 11:19:42,940 [WARN] PackLoader:240 - Cannot read IP mode file for STMicroelectronics.X-CUBE-TCPP.4.2.0
2025-11-23 11:19:42,958 [WARN] PackLoader:240 - Cannot read IP mode file for RealThread.X-CUBE-RT-Thread_Nano.4.1.1
2025-11-23 11:19:42,976 [WARN] PackLoader:240 - Cannot read IP mode file for STMicroelectronics.FP-ATR-SIGFOX1.3.2.0
2025-11-23 11:19:42,990 [WARN] PackLoader:240 - Cannot read IP mode file for ITTIA_DB.I-CUBE-ITTIADB.8.9.0
2025-11-23 11:19:43,004 [WARN] PackLoader:240 - Cannot read IP mode file for STMicroelectronics.X-CUBE-ST67W61.1.0.0
2025-11-23 11:19:43,017 [WARN] PackLoader:240 - Cannot read IP mode file for STMicroelectronics.X-CUBE-AI.10.2.0
2025-11-23 11:19:43,043 [WARN] PackLoader:240 - Cannot read IP mode file for SEGGER.I-CUBE-embOS.1.3.1
2025-11-23 11:19:43,079 [WARN] PackLoader:240 - Cannot read IP mode file for STMicroelectronics.X-CUBE-ALGOBUILD.1.4.0
2025-11-23 11:19:43,132 [WARN] PackLoader:240 - Cannot read IP mode file for STMicroelectronics.X-CUBE-MEMS1.11.3.0
2025-11-23 11:19:43,235 [WARN] PackLoader:240 - Cannot read IP mode file for STMicroelectronics.X-CUBE-PM33A1.1.0.0
2025-11-23 11:19:43,266 [WARN] PackLoader:240 - Cannot read IP mode file for STMicroelectronics.X-CUBE-AZRTOS-F4.1.1.0
2025-11-23 11:19:43,283 [WARN] PackLoader:240 - Cannot read IP mode file for STMicroelectronics.X-CUBE-ISPU.2.1.0
2025-11-23 11:19:43,305 [WARN] PackLoader:240 - Cannot read IP mode file for STMicroelectronics.X-CUBE-IPS.3.2.0
2025-11-23 11:19:43,332 [WARN] PackLoader:240 - Cannot read IP mode file for STMicroelectronics.X-CUBE-NFC12.1.0.0
2025-11-23 11:19:43,367 [WARN] PackLoader:240 - Cannot read IP mode file for STMicroelectronics.X-CUBE-AZRTOS-L5.2.0.0
2025-11-23 11:19:43,385 [WARN] PackLoader:240 - Cannot read IP mode file for STMicroelectronics.X-CUBE-NFC6.3.1.0
2025-11-23 11:19:43,402 [WARN] PackLoader:240 - Cannot read IP mode file for STMicroelectronics.X-CUBE-FREERTOS.1.3.1
2025-11-23 11:19:43,418 [WARN] PackLoader:240 - Cannot read IP mode file for STMicroelectronics.X-CUBE-TOUCHGFX.4.26.0
2025-11-23 11:19:43,433 [WARN] PackLoader:240 - Cannot read IP mode file for STMicroelectronics.FP-SNS-STAIOTCFT.1.0.0
2025-11-23 11:19:43,449 [WARN] PackLoader:240 - Cannot read IP mode file for STMicroelectronics.X-CUBE-DPower.1.3.0
2025-11-23 11:19:43,478 [WARN] ConditionMgr:438 - getConditionDescription Invalid condition id : LAN8742 Phy interface Condition cause : null
2025-11-23 11:19:43,478 [WARN] PackLoader:240 - Cannot read IP mode file for STMicroelectronics.X-CUBE-AZRTOS-L4.2.0.0
2025-11-23 11:19:43,479 [WARN] ConditionMgr:1044 - genDependencies : Invalid condition id : LAN8742 Phy interface Condition cause : null
2025-11-23 11:19:43,479 [WARN] ConditionMgr:1044 - genDependencies : Invalid condition id : LAN8742 Phy interface Condition cause : null
2025-11-23 11:19:43,479 [WARN] ConditionMgr:1044 - genDependencies : Invalid condition id : LAN8742 Phy interface Condition cause : null
2025-11-23 11:19:43,496 [WARN] PackLoader:240 - Cannot read IP mode file for STMicroelectronics.X-CUBE-SFXS2LP1.4.0.0
2025-11-23 11:19:43,515 [WARN] PackLoader:240 - Cannot read IP mode file for STMicroelectronics.X-CUBE-BLEMGR.4.1.0
2025-11-23 11:19:43,541 [WARN] ConditionMgr:438 - getConditionDescription Invalid condition id : UX DEVICE CLASS RTOS Condition cause : null
2025-11-23 11:19:43,541 [WARN] ConditionMgr:438 - getConditionDescription Invalid condition id : UX DEVICE CLASS RTOS Condition cause : null
2025-11-23 11:19:43,542 [WARN] PackLoader:240 - Cannot read IP mode file for STMicroelectronics.X-CUBE-AZRTOS-WB.2.0.0
2025-11-23 11:19:43,543 [WARN] ConditionMgr:1044 - genDependencies : Invalid condition id : UX DEVICE CLASS RTOS Condition cause : null
2025-11-23 11:19:43,543 [WARN] ConditionMgr:1044 - genDependencies : Invalid condition id : UX DEVICE CLASS RTOS Condition cause : null
2025-11-23 11:19:43,543 [WARN] ConditionMgr:1044 - genDependencies : Invalid condition id : UX DEVICE CLASS RTOS Condition cause : null
2025-11-23 11:19:43,543 [WARN] ConditionMgr:1044 - genDependencies : Invalid condition id : UX DEVICE CLASS RTOS Condition cause : null
2025-11-23 11:19:43,543 [WARN] ConditionMgr:1044 - genDependencies : Invalid condition id : UX DEVICE CLASS RTOS Condition cause : null
2025-11-23 11:19:43,557 [WARN] PackLoader:240 - Cannot read IP mode file for STMicroelectronics.X-CUBE-GNSS1.7.0.1
2025-11-23 11:19:43,572 [WARN] ConditionMgr:438 - getConditionDescription Invalid condition id : Cortex-A Device cause : null
2025-11-23 11:19:43,594 [WARN] ConditionMgr:1044 - genDependencies : Invalid condition id : Cortex-A Device cause : null
2025-11-23 11:19:43,594 [WARN] ConditionMgr:1044 - genDependencies : Invalid condition id : Cortex-A Device cause : null
2025-11-23 11:19:43,595 [WARN] ConditionMgr:1044 - genDependencies : Invalid condition id : Cortex-A Device cause : null
2025-11-23 11:19:43,613 [WARN] PackLoader:240 - Cannot read IP mode file for STMicroelectronics.X-CUBE-SUBG2.5.0.0
2025-11-23 11:19:43,644 [WARN] PackLoader:240 - Cannot read IP mode file for STMicroelectronics.X-CUBE-AZRTOS-H7RS.1.1.0
2025-11-23 11:19:43,669 [WARN] PackLoader:240 - Cannot read IP mode file for STMicroelectronics.X-CUBE-AZRTOS-G4.2.0.0
2025-11-23 11:19:43,683 [WARN] PackLoader:240 - Cannot read IP mode file for wolfSSL.I-CUBE-wolfSSH.1.4.20
2025-11-23 11:19:43,699 [WARN] PackLoader:240 - Cannot read IP mode file for STMicroelectronics.X-CUBE-NFC7.2.0.0
2025-11-23 11:19:43,721 [WARN] PackLoader:240 - Cannot read IP mode file for STMicroelectronics.X-CUBE-IPS.3.1.0
2025-11-23 11:19:43,743 [WARN] PackLoader:240 - Cannot read IP mode file for STMicroelectronics.X-CUBE-ALS.1.0.2
2025-11-23 11:19:43,764 [WARN] PackLoader:240 - Cannot read IP mode file for STMicroelectronics.X-CUBE-STSE01.1.0.0
2025-11-23 11:19:43,793 [WARN] PackLoader:240 - Cannot read IP mode file for STMicroelectronics.X-CUBE-TOF1.3.4.3
2025-11-23 11:19:43,802 [INFO] ThirdParty:978 - Integrity check success = true
2025-11-23 11:19:43,802 [INFO] IntegrityCheckThread:100 - exiting critical section [integrity check]
2025-11-23 11:19:43,803 [INFO] IntegrityCheckThread:103 - End integrity checks thread
2025-11-23 13:56:02,167 [INFO] Activator:176 - 


2025-11-23 13:56:02,169 [INFO] Activator:177 - !SESSION log4j initialized
2025-11-23 13:56:09,461 [INFO] LogOutputStream:77 - [STDOUT_REDIRECT] 
2025-11-23 13:56:10,748 [INFO] ApplicationProperties:184 - Using Application install path: C:\ST\STM32CubeIDE_1.19.0\STM32CubeIDE\plugins\com.st.stm32cube.common.mx_6.15.0.202507011659
2025-11-23 13:56:10,766 [INFO] DbMcusXml:78 - Set database path to: C:\ST\STM32CubeIDE_1.19.0\STM32CubeIDE\plugins\com.st.stm32cube.common.mx_6.15.0.202507011659\\db\/mcu/
2025-11-23 13:56:10,766 [INFO] ApiDb:274 - Set plugin database path to: C:\ST\STM32CubeIDE_1.19.0\STM32CubeIDE\plugins\com.st.stm32cube.common.mx_6.15.0.202507011659\\db\/plugins/boardmanager/
2025-11-23 13:56:10,766 [WARN] ApiDb:259 - Overriding images path with different value:  => C:\ST\STM32CubeIDE_1.19.0\STM32CubeIDE\plugins\com.st.stm32cube.common.mx_6.15.0.202507011659\\db\/plugins/mcufinder/images/
2025-11-23 13:56:10,781 [INFO] ApiDb:250 - Set database path to: C:\Users\ASUS\.stmcufinder\plugins\mcufinder//mcu/
2025-11-23 13:56:10,782 [INFO] DbMcusAds:125 - Set database path to: C:\Users\ASUS\.stmcufinder\plugins\mcufinder//mcu/
2025-11-23 13:56:10,785 [INFO] CrossReferenceDbSqlite:203 - Set database path to: C:\Users\ASUS\.stmcufinder\plugins\mcufinder//mcu/cs/
2025-11-23 13:56:10,906 [INFO] RulesReader:64 - Compatibility file has been processed (317 Rules)
2025-11-23 13:56:10,977 [INFO] DbMcusXml:78 - Set database path to: C:\ST\STM32CubeIDE_1.19.0\STM32CubeIDE\plugins\com.st.stm32cube.common.mx_6.15.0.202507011659\\db\/mcu/
2025-11-23 13:56:10,977 [INFO] ApiDb:274 - Set plugin database path to: C:\ST\STM32CubeIDE_1.19.0\STM32CubeIDE\plugins\com.st.stm32cube.common.mx_6.15.0.202507011659\\db\/plugins/boardmanager/
2025-11-23 13:56:10,977 [INFO] ApiDb:261 - Set plugin images path to: C:\ST\STM32CubeIDE_1.19.0\STM32CubeIDE\plugins\com.st.stm32cube.common.mx_6.15.0.202507011659\\db\/plugins/mcufinder/images/
2025-11-23 13:56:10,978 [WARN] DbFile:41 - Overriding database path with different value: C:\Users\ASUS\.stmcufinder\plugins\mcufinder/ => C:\Users\ASUS\.stmcufinder\plugins\mcufinder
2025-11-23 13:56:10,978 [INFO] ApiDb:250 - Set database path to: C:\Users\ASUS\.stmcufinder\plugins\mcufinder//mcu/
2025-11-23 13:56:10,978 [WARN] DbFile:41 - Overriding database path with different value: C:\Users\ASUS\.stmcufinder\plugins\mcufinder/ => C:\Users\ASUS\.stmcufinder\plugins\mcufinder
2025-11-23 13:56:10,978 [INFO] DbMcusAds:125 - Set database path to: C:\Users\ASUS\.stmcufinder\plugins\mcufinder//mcu/
2025-11-23 13:56:10,978 [WARN] DbFile:41 - Overriding database path with different value: C:\Users\ASUS\.stmcufinder\plugins\mcufinder/ => C:\Users\ASUS\.stmcufinder\plugins\mcufinder
2025-11-23 13:56:10,979 [WARN] DbFile:41 - Overriding database path with different value: C:\Users\ASUS\.stmcufinder\plugins\mcufinder/ => C:\Users\ASUS\.stmcufinder\plugins\mcufinder
2025-11-23 13:56:10,979 [INFO] CrossReferenceDbSqlite:203 - Set database path to: C:\Users\ASUS\.stmcufinder\plugins\mcufinder//mcu/cs/
2025-11-23 13:56:11,051 [INFO] MainPanel:274 - HeapMemory: 268435456
2025-11-23 13:56:11,126 [INFO] DbMcusXml:78 - Set database path to: C:\ST\STM32CubeIDE_1.19.0\STM32CubeIDE\plugins\com.st.stm32cube.common.mx_6.15.0.202507011659\\db\/mcu/
2025-11-23 13:56:11,126 [INFO] ApiDb:274 - Set plugin database path to: C:\ST\STM32CubeIDE_1.19.0\STM32CubeIDE\plugins\com.st.stm32cube.common.mx_6.15.0.202507011659\\db\/plugins/boardmanager/
2025-11-23 13:56:11,127 [INFO] ApiDb:261 - Set plugin images path to: C:\ST\STM32CubeIDE_1.19.0\STM32CubeIDE\plugins\com.st.stm32cube.common.mx_6.15.0.202507011659\\db\/plugins/mcufinder/images/
2025-11-23 13:56:11,127 [WARN] DbFile:41 - Overriding database path with different value: C:\Users\ASUS\.stmcufinder\plugins\mcufinder/ => C:\Users\ASUS\.stmcufinder\plugins\mcufinder
2025-11-23 13:56:11,127 [INFO] ApiDb:250 - Set database path to: C:\Users\ASUS\.stmcufinder\plugins\mcufinder//mcu/
2025-11-23 13:56:11,127 [WARN] DbFile:41 - Overriding database path with different value: C:\Users\ASUS\.stmcufinder\plugins\mcufinder/ => C:\Users\ASUS\.stmcufinder\plugins\mcufinder
2025-11-23 13:56:11,127 [INFO] DbMcusAds:125 - Set database path to: C:\Users\ASUS\.stmcufinder\plugins\mcufinder//mcu/
2025-11-23 13:56:11,127 [WARN] DbFile:41 - Overriding database path with different value: C:\Users\ASUS\.stmcufinder\plugins\mcufinder/ => C:\Users\ASUS\.stmcufinder\plugins\mcufinder
2025-11-23 13:56:11,127 [WARN] DbFile:41 - Overriding database path with different value: C:\Users\ASUS\.stmcufinder\plugins\mcufinder/ => C:\Users\ASUS\.stmcufinder\plugins\mcufinder
2025-11-23 13:56:11,127 [INFO] CrossReferenceDbSqlite:203 - Set database path to: C:\Users\ASUS\.stmcufinder\plugins\mcufinder//mcu/cs/
2025-11-23 13:56:11,143 [INFO] ApplicationProperties:184 - Using Application install path: C:\ST\STM32CubeIDE_1.19.0\STM32CubeIDE\plugins\com.st.stm32cube.common.mx_6.15.0.202507011659
2025-11-23 13:56:11,145 [INFO] PluginManage:196 - Search for loadable plugins [exclusion list=, ]
2025-11-23 13:56:11,146 [INFO] PluginManage:310 - Check plugin analytics
2025-11-23 13:56:11,302 [INFO] AnalyticsPlugin:253 - Accepted Software Licenses: STM32CubeMX.6.12.1
2025-11-23 13:56:11,303 [INFO] AnalyticsPlugin:255 - Accepted CMSIS Pack Licenses: 
2025-11-23 13:56:11,303 [INFO] AnalyticsPlugin:257 - Accepted Firmware Licenses: 
2025-11-23 13:56:11,306 [INFO] PluginManage:359 - Loaded plugin analytics (category:tool,tabindex:-1)
2025-11-23 13:56:11,306 [INFO] PluginManage:310 - Check plugin cadmodel
2025-11-23 13:56:11,326 [INFO] CADModel:105 - Init CAD model plugin
2025-11-23 13:56:11,326 [INFO] PluginManage:359 - Loaded plugin cadmodel (category:power,tabindex:5)
2025-11-23 13:56:11,326 [INFO] PluginManage:310 - Check plugin clock
2025-11-23 13:56:11,348 [INFO] PluginManage:359 - Loaded plugin clock (category:base,tabindex:2)
2025-11-23 13:56:11,348 [INFO] PluginManage:310 - Check plugin ddr
2025-11-23 13:56:11,350 [INFO] PluginManage:359 - Loaded plugin ddr (category:tool,tabindex:6)
2025-11-23 13:56:11,350 [INFO] PluginManage:310 - Check plugin filemanager
2025-11-23 13:56:11,495 [INFO] PluginManage:359 - Loaded plugin filemanager (category:base,tabindex:10)
2025-11-23 13:56:11,495 [INFO] PluginManage:310 - Check plugin ipmanager
2025-11-23 13:56:11,503 [INFO] PluginManage:359 - Loaded plugin ipmanager (category:base,tabindex:5)
2025-11-23 13:56:11,503 [INFO] PluginManage:310 - Check plugin lpbam
2025-11-23 13:56:11,524 [INFO] PluginManage:359 - Loaded plugin lpbam (category:base,tabindex:0)
2025-11-23 13:56:11,525 [INFO] PluginManage:310 - Check plugin memorymap
2025-11-23 13:56:11,552 [INFO] PluginManage:359 - Loaded plugin memorymap (category:base,tabindex:4)
2025-11-23 13:56:11,552 [INFO] PluginManage:310 - Check plugin pinoutandconfiguration
2025-11-23 13:56:11,577 [INFO] PluginManage:359 - Loaded plugin pinoutandconfiguration (category:base,tabindex:1)
2025-11-23 13:56:11,577 [INFO] PluginManage:310 - Check plugin pinoutconfig
2025-11-23 13:56:11,676 [WARN] SupportedApi:132 - Cannot load RTOS API schema: s4s-elt-must-match.1: The content of 'definitions' must match (annotation?, (simpleType | complexType)?, (unique | key | keyref)*)). A problem was found starting at: attribute.
2025-11-23 13:56:11,824 [INFO] PluginManage:359 - Loaded plugin pinoutconfig (category:base,tabindex:0)
2025-11-23 13:56:11,825 [INFO] PluginManage:310 - Check plugin power
2025-11-23 13:56:11,847 [INFO] PluginManage:359 - Loaded plugin power (category:power,tabindex:4)
2025-11-23 13:56:11,847 [INFO] PluginManage:310 - Check plugin projectmanager
2025-11-23 13:56:11,863 [INFO] PluginManage:359 - Loaded plugin projectmanager (category:projectmanager,tabindex:4)
2025-11-23 13:56:11,863 [INFO] PluginManage:310 - Check plugin rif
2025-11-23 13:56:11,884 [INFO] PluginManage:359 - Loaded plugin rif (category:base,tabindex:3)
2025-11-23 13:56:11,885 [INFO] PluginManage:310 - Check plugin thirdparty
2025-11-23 13:56:12,328 [INFO] PluginManage:359 - Loaded plugin thirdparty (category:base,tabindex:-1)
2025-11-23 13:56:12,327 [WARN] IntegrityCheckThread:84 - waiting for thirdparty lock release [integrity check]
2025-11-23 13:56:12,328 [INFO] IntegrityCheckThread:86 - entering critical section [integrity check]
2025-11-23 13:56:12,328 [INFO] PluginManage:310 - Check plugin tools
2025-11-23 13:56:12,328 [INFO] ThirdPartyUpdaterWithRetryManager:70 - Updater plugin not ready yet. [1/15]
2025-11-23 13:56:12,376 [INFO] PluginManage:359 - Loaded plugin tools (category:base,tabindex:7)
2025-11-23 13:56:12,376 [INFO] PluginManage:310 - Check plugin tutovideos
2025-11-23 13:56:12,544 [INFO] PluginManage:359 - Loaded plugin tutovideos (category:base,tabindex:-1)
2025-11-23 13:56:12,544 [INFO] PluginManage:310 - Check plugin updater
2025-11-23 13:56:12,559 [INFO] PluginManage:359 - Loaded plugin updater (category:base,tabindex:12)
2025-11-23 13:56:12,559 [INFO] PluginManage:310 - Check plugin userauth
2025-11-23 13:56:12,564 [INFO] UserAuth:118 - Init User Auth plugin
2025-11-23 13:56:12,564 [INFO] PluginManage:359 - Loaded plugin userauth (category:base,tabindex:14)
2025-11-23 13:56:12,565 [INFO] PluginManage:283 - PluginManage : Loaded plugins [18]
2025-11-23 13:56:12,745 [INFO] PinOutPanel:1589 - setPackage(No Configuration,No Configuration)
2025-11-23 13:56:12,832 [INFO] CADModel:165 - CPN selected for project level
2025-11-23 13:56:12,832 [INFO] CADModel:114 - Register for checkConnection events
2025-11-23 13:56:12,859 [INFO] IPUIPlugin:80 - create IPUIPlugin
2025-11-23 13:56:12,861 [INFO] PluginManager:220 - loadIPPluginJar : add adc
2025-11-23 13:56:12,910 [INFO] IPUIPlugin:80 - create IPUIPlugin
2025-11-23 13:56:12,911 [INFO] PluginManager:220 - loadIPPluginJar : add aes
2025-11-23 13:56:12,977 [INFO] IPUIPlugin:80 - create IPUIPlugin
2025-11-23 13:56:12,977 [INFO] PluginManager:220 - loadIPPluginJar : add can
2025-11-23 13:56:13,013 [INFO] IPUIPlugin:80 - create IPUIPlugin
2025-11-23 13:56:13,013 [INFO] PluginManager:220 - loadIPPluginJar : add comp
2025-11-23 13:56:13,063 [INFO] IPUIPlugin:80 - create IPUIPlugin
2025-11-23 13:56:13,063 [INFO] PluginManager:220 - loadIPPluginJar : add cryp
2025-11-23 13:56:13,079 [INFO] IPUIPlugin:80 - create IPUIPlugin
2025-11-23 13:56:13,079 [INFO] PluginManager:220 - loadIPPluginJar : add ddr_ctrl_phy
2025-11-23 13:56:13,120 [INFO] IPUIPlugin:80 - create IPUIPlugin
2025-11-23 13:56:13,121 [INFO] PluginManager:220 - loadIPPluginJar : add dfsdm
2025-11-23 13:56:13,136 [INFO] IPUIPlugin:80 - create IPUIPlugin
2025-11-23 13:56:13,136 [INFO] PluginManager:220 - loadIPPluginJar : add dma
2025-11-23 13:56:13,189 [INFO] IPUIPlugin:80 - create IPUIPlugin
2025-11-23 13:56:13,190 [INFO] PluginManager:220 - loadIPPluginJar : add dma3
2025-11-23 13:56:13,250 [INFO] IPUIPlugin:80 - create IPUIPlugin
2025-11-23 13:56:13,250 [INFO] PluginManager:220 - loadIPPluginJar : add extmemmanager
2025-11-23 13:56:13,281 [INFO] IPUIPlugin:80 - create IPUIPlugin
2025-11-23 13:56:13,281 [INFO] PluginManager:220 - loadIPPluginJar : add fatfs
2025-11-23 13:56:13,341 [INFO] IPUIPlugin:80 - create IPUIPlugin
2025-11-23 13:56:13,341 [INFO] PluginManager:220 - loadIPPluginJar : add fmc
2025-11-23 13:56:13,358 [INFO] IPUIPlugin:80 - create IPUIPlugin
2025-11-23 13:56:13,358 [INFO] PluginManager:220 - loadIPPluginJar : add freertos
2025-11-23 13:56:13,390 [INFO] IPUIPlugin:80 - create IPUIPlugin
2025-11-23 13:56:13,390 [INFO] PluginManager:220 - loadIPPluginJar : add genericplugin
2025-11-23 13:56:13,523 [INFO] IPUIPlugin:80 - create IPUIPlugin
2025-11-23 13:56:13,523 [INFO] PluginManager:220 - loadIPPluginJar : add gfxmmu
2025-11-23 13:56:13,704 [INFO] IPUIPlugin:80 - create IPUIPlugin
2025-11-23 13:56:13,704 [INFO] PluginManager:220 - loadIPPluginJar : add gic
2025-11-23 13:56:13,720 [INFO] IPUIPlugin:80 - create IPUIPlugin
2025-11-23 13:56:13,720 [INFO] PluginManager:220 - loadIPPluginJar : add gpio
2025-11-23 13:56:13,843 [INFO] IPUIPlugin:80 - create IPUIPlugin
2025-11-23 13:56:13,844 [INFO] PluginManager:220 - loadIPPluginJar : add gtzc
2025-11-23 13:56:13,886 [INFO] IPUIPlugin:80 - create IPUIPlugin
2025-11-23 13:56:13,886 [INFO] PluginManager:220 - loadIPPluginJar : add hash
2025-11-23 13:56:13,953 [INFO] IPUIPlugin:80 - create IPUIPlugin
2025-11-23 13:56:13,953 [INFO] PluginManager:220 - loadIPPluginJar : add i2c
2025-11-23 13:56:14,001 [INFO] IPUIPlugin:80 - create IPUIPlugin
2025-11-23 13:56:14,001 [INFO] PluginManager:220 - loadIPPluginJar : add i2s
2025-11-23 13:56:14,050 [INFO] IPUIPlugin:80 - create IPUIPlugin
2025-11-23 13:56:14,050 [INFO] PluginManager:220 - loadIPPluginJar : add i3c
2025-11-23 13:56:14,162 [INFO] IPUIPlugin:80 - create IPUIPlugin
2025-11-23 13:56:14,162 [INFO] PluginManager:220 - loadIPPluginJar : add ipddr
2025-11-23 13:56:14,265 [INFO] IPUIPlugin:80 - create IPUIPlugin
2025-11-23 13:56:14,265 [INFO] PluginManager:220 - loadIPPluginJar : add linkedlist
2025-11-23 13:56:14,309 [INFO] IPUIPlugin:80 - create IPUIPlugin
2025-11-23 13:56:14,309 [INFO] PluginManager:220 - loadIPPluginJar : add lorawan
2025-11-23 13:56:14,355 [INFO] IPUIPlugin:80 - create IPUIPlugin
2025-11-23 13:56:14,355 [INFO] PluginManager:220 - loadIPPluginJar : add ltdc
2025-11-23 13:56:14,369 [INFO] IPUIPlugin:80 - create IPUIPlugin
2025-11-23 13:56:14,370 [INFO] PluginManager:220 - loadIPPluginJar : add mdma
2025-11-23 13:56:14,382 [INFO] IPUIPlugin:80 - create IPUIPlugin
2025-11-23 13:56:14,382 [INFO] PluginManager:220 - loadIPPluginJar : add nvic
2025-11-23 13:56:14,427 [INFO] IPUIPlugin:80 - create IPUIPlugin
2025-11-23 13:56:14,427 [INFO] PluginManager:220 - loadIPPluginJar : add opamp
2025-11-23 13:56:14,508 [INFO] IPUIPlugin:80 - create IPUIPlugin
2025-11-23 13:56:14,508 [INFO] PluginManager:220 - loadIPPluginJar : add openamp
2025-11-23 13:56:14,567 [INFO] IPUIPlugin:80 - create IPUIPlugin
2025-11-23 13:56:14,567 [INFO] PluginManager:220 - loadIPPluginJar : add pdm2pcm
2025-11-23 13:56:14,583 [INFO] IPUIPlugin:80 - create IPUIPlugin
2025-11-23 13:56:14,585 [INFO] PluginManager:220 - loadIPPluginJar : add plateformsettings
2025-11-23 13:56:14,618 [INFO] IPUIPlugin:80 - create IPUIPlugin
2025-11-23 13:56:14,619 [INFO] PluginManager:220 - loadIPPluginJar : add quadspi
2025-11-23 13:56:14,654 [INFO] IPUIPlugin:80 - create IPUIPlugin
2025-11-23 13:56:14,655 [INFO] PluginManager:220 - loadIPPluginJar : add radio
2025-11-23 13:56:14,671 [INFO] IPUIPlugin:80 - create IPUIPlugin
2025-11-23 13:56:14,671 [INFO] PluginManager:220 - loadIPPluginJar : add resmgrutility
2025-11-23 13:56:14,732 [INFO] IPUIPlugin:80 - create IPUIPlugin
2025-11-23 13:56:14,732 [INFO] PluginManager:220 - loadIPPluginJar : add sai
2025-11-23 13:56:14,783 [INFO] IPUIPlugin:80 - create IPUIPlugin
2025-11-23 13:56:14,783 [INFO] PluginManager:220 - loadIPPluginJar : add spi
2025-11-23 13:56:14,879 [INFO] IPUIPlugin:80 - create IPUIPlugin
2025-11-23 13:56:14,879 [INFO] PluginManager:220 - loadIPPluginJar : add stm32_wpan
2025-11-23 13:56:14,912 [INFO] IPUIPlugin:80 - create IPUIPlugin
2025-11-23 13:56:14,912 [INFO] PluginManager:220 - loadIPPluginJar : add tim
2025-11-23 13:56:14,992 [INFO] IPUIPlugin:80 - create IPUIPlugin
2025-11-23 13:56:14,992 [INFO] PluginManager:220 - loadIPPluginJar : add touchsensing
2025-11-23 13:56:15,022 [INFO] IPUIPlugin:80 - create IPUIPlugin
2025-11-23 13:56:15,022 [INFO] PluginManager:220 - loadIPPluginJar : add tracer_emb
2025-11-23 13:56:15,055 [INFO] IPUIPlugin:80 - create IPUIPlugin
2025-11-23 13:56:15,055 [INFO] PluginManager:220 - loadIPPluginJar : add ts
2025-11-23 13:56:15,086 [INFO] IPUIPlugin:80 - create IPUIPlugin
2025-11-23 13:56:15,086 [INFO] PluginManager:220 - loadIPPluginJar : add tsc
2025-11-23 13:56:15,115 [INFO] IPUIPlugin:80 - create IPUIPlugin
2025-11-23 13:56:15,115 [INFO] PluginManager:220 - loadIPPluginJar : add ucpd
2025-11-23 13:56:15,174 [INFO] IPUIPlugin:80 - create IPUIPlugin
2025-11-23 13:56:15,174 [INFO] PluginManager:220 - loadIPPluginJar : add usart
2025-11-23 13:56:15,232 [INFO] IPUIPlugin:80 - create IPUIPlugin
2025-11-23 13:56:15,232 [INFO] PluginManager:220 - loadIPPluginJar : add usbx
2025-11-23 13:56:15,333 [INFO] ThirdPartyUpdaterWithRetryManager:70 - Updater plugin not ready yet. [2/15]
2025-11-23 13:56:15,364 [FATAL] Updater:351 - Updater called before beeing initialized
2025-11-23 13:56:15,384 [INFO] RulesReader:64 - Compatibility file has been processed (317 Rules)
2025-11-23 13:56:15,394 [INFO] RulesReader:64 - Compatibility file has been processed (317 Rules)
2025-11-23 13:56:15,402 [INFO] CADModel:165 - CPN selected for project level
2025-11-23 13:56:15,402 [INFO] CADModel:114 - Register for checkConnection events
2025-11-23 13:56:15,402 [FATAL] Updater:351 - Updater called before beeing initialized
2025-11-23 13:56:15,402 [ERROR] CADModel:125 - Updater not yet initialized, retry later 
2025-11-23 13:56:15,520 [FATAL] Updater:351 - Updater called before beeing initialized
2025-11-23 13:56:15,522 [INFO] CADModel:165 - CPN selected for project level
2025-11-23 13:56:15,522 [INFO] CADModel:114 - Register for checkConnection events
2025-11-23 13:56:15,522 [FATAL] Updater:351 - Updater called before beeing initialized
2025-11-23 13:56:15,523 [ERROR] CADModel:125 - Updater not yet initialized, retry later 
2025-11-23 13:56:15,526 [FATAL] Updater:351 - Updater called before beeing initialized
2025-11-23 13:56:15,620 [FATAL] Updater:351 - Updater called before beeing initialized
2025-11-23 13:56:15,631 [INFO] DbMcusAds:53 - JSON generation date=Thu Oct 02 16:36:05 ICT 2025 (1759397765645)
2025-11-23 13:56:15,631 [FATAL] Updater:351 - Updater called before beeing initialized
2025-11-23 13:56:15,659 [WARN] DetailPanel:346 - Failed to get advertising image, set to default
2025-11-23 13:56:15,729 [FATAL] Updater:351 - Updater called before beeing initialized
2025-11-23 13:56:15,731 [FATAL] Updater:351 - Updater called before beeing initialized
2025-11-23 13:56:15,731 [FATAL] Updater:351 - Updater called before beeing initialized
2025-11-23 13:56:15,731 [WARN] DetailPanel:346 - Failed to get advertising image, set to default
2025-11-23 13:56:15,732 [FATAL] Updater:351 - Updater called before beeing initialized
2025-11-23 13:56:15,781 [ERROR] Updater:1198 - MainUpdater not yet initialized. External WinMGr cannot be set.
2025-11-23 13:56:15,791 [INFO] Updater:1134 - Updater Version found : 6.15.0
2025-11-23 13:56:15,804 [INFO] ApplicationProperties:184 - Using Application install path: C:\ST\STM32CubeIDE_1.19.0\STM32CubeIDE\plugins\com.st.stm32cube.common.mx_6.15.0.202507011659
2025-11-23 13:56:17,405 [ERROR] LogOutputStream:75 - [STDERR_REDIRECT] Nov 23, 2025 1:56:17 PM java.util.prefs.WindowsPreferences <init>
2025-11-23 13:56:17,412 [ERROR] LogOutputStream:75 - [STDERR_REDIRECT] WARNING: Could not open/create prefs root node Software\JavaSoft\Prefs at root 0xffffffff80000002. Windows RegCreateKeyEx(...) returned error code 5.
2025-11-23 13:56:17,412 [ERROR] LogOutputStream:75 - [STDERR_REDIRECT] 
2025-11-23 13:56:17,662 [INFO] MainUpdater:2872 - connection check result : 10
2025-11-23 13:56:17,662 [INFO] MainUpdater:289 - Updater Check For Update Now.
2025-11-23 13:56:17,662 [INFO] MicroXplorer:498 - Change Database Version : DB.6.0.150
2025-11-23 13:56:17,683 [INFO] McuFinderGlobals:63 - Set McuFinder mode to 2 (CubeIDE integrated)
2025-11-23 13:56:17,684 [INFO] UserAuth:171 - activating auth plugin
2025-11-23 13:56:17,686 [INFO] UserAuth:487 - Internet connection configuration mode: 1
2025-11-23 13:56:17,723 [INFO] JxBrowserEngine:152 - Initiate JxBrowser Engine with user profile folder
2025-11-23 13:56:17,894 [INFO] CheckServerUpdateThread:120 - End of CheckServer Thread
2025-11-23 13:56:18,569 [WARN] PackLoader:240 - Cannot read IP mode file for STMicroelectronics.FP-SNS-MOTENVWB1.1.4.0
2025-11-23 13:56:18,598 [WARN] PackLoader:240 - Cannot read IP mode file for STMicroelectronics.FP-ATR-ASTRA1.2.0.2
2025-11-23 13:56:18,629 [WARN] PackLoader:240 - Cannot read IP mode file for STMicroelectronics.X-CUBE-SMBUS.2.1.0
2025-11-23 13:56:18,647 [WARN] PackLoader:240 - Cannot read IP mode file for STMicroelectronics.X-CUBE-ST60.1.0.0
2025-11-23 13:56:18,729 [WARN] PackLoader:240 - Cannot read IP mode file for STMicroelectronics.X-CUBE-AZRTOS-F7.1.1.0
2025-11-23 13:56:18,755 [WARN] PackLoader:240 - Cannot read IP mode file for Cesanta.I-CUBE-Mongoose.7.19.0
2025-11-23 13:56:18,911 [WARN] PackLoader:240 - Cannot read IP mode file for STMicroelectronics.FP-SNS-MOTENV1.5.1.0
2025-11-23 13:56:18,967 [WARN] PackLoader:240 - Cannot read IP mode file for WES.I-CUBE-Cesium.1.4.0
2025-11-23 13:56:19,035 [WARN] PackLoader:240 - Cannot read IP mode file for Infineon.AIROC-Wi-Fi-Bluetooth-STM32.1.7.1
2025-11-23 13:56:19,086 [WARN] PackLoader:240 - Cannot read IP mode file for STMicroelectronics.X-CUBE-AZRTOS-H7.3.4.0
2025-11-23 13:56:19,123 [WARN] PackLoader:240 - Cannot read IP mode file for STMicroelectronics.X-CUBE-DISPLAY.3.0.0
2025-11-23 13:56:19,156 [WARN] PackLoader:240 - Cannot read IP mode file for STMicroelectronics.X-CUBE-NFC10.1.0.0
2025-11-23 13:56:19,179 [WARN] PackLoader:240 - Cannot read IP mode file for STMicroelectronics.X-CUBE-ST60.1.1.0
2025-11-23 13:56:19,199 [WARN] PackLoader:240 - Cannot read IP mode file for emotas.I-CUBE-CANOPEN.1.3.0
2025-11-23 13:56:19,208 [INFO] WebApp:169 - Instantiating new browser for Auth
2025-11-23 13:56:19,228 [WARN] PackLoader:240 - Cannot read IP mode file for STMicroelectronics.X-CUBE-GNSS1.7.1.0
2025-11-23 13:56:19,345 [WARN] PackLoader:240 - Cannot read IP mode file for STMicroelectronics.FP-SNS-STBOX1.2.1.0
2025-11-23 13:56:19,386 [WARN] PackLoader:240 - Cannot read IP mode file for STMicroelectronics.FP-SNS-SMARTAG2.1.2.0
2025-11-23 13:56:19,410 [WARN] PackLoader:240 - Cannot read IP mode file for STMicroelectronics.FP-SNS-FLIGHT1.5.1.0
2025-11-23 13:56:19,466 [INFO] LogOutputStream:77 - [STDOUT_REDIRECT] 1 : Invalid condition id : UX_CORESTACK_Condition cause : null
2025-11-23 13:56:19,466 [INFO] LogOutputStream:77 - [STDOUT_REDIRECT] 1 : Invalid condition id : UX_CORESTACK_Condition cause : null
2025-11-23 13:56:19,472 [INFO] LogOutputStream:77 - [STDOUT_REDIRECT] 1 : Invalid condition id : UX_CORESTACK_Condition cause : null
2025-11-23 13:56:19,474 [INFO] LogOutputStream:77 - [STDOUT_REDIRECT] 1 : Invalid condition id : UX_CORESTACK_Condition cause : null
2025-11-23 13:56:19,475 [INFO] LogOutputStream:77 - [STDOUT_REDIRECT] 1 : Invalid condition id : UX_CORESTACK_Condition cause : null
2025-11-23 13:56:19,480 [WARN] PackLoader:240 - Cannot read IP mode file for STMicroelectronics.X-CUBE-AZRTOS-WL.2.0.0
2025-11-23 13:56:19,516 [WARN] PackLoader:240 - Cannot read IP mode file for STMicroelectronics.FP-SNS-MOTENV1.5.0.0
2025-11-23 13:56:19,591 [WARN] PackLoader:240 - Cannot read IP mode file for STMicroelectronics.X-CUBE-AZRTOS-H7RS.1.2.0
2025-11-23 13:56:19,628 [WARN] PackLoader:240 - Cannot read IP mode file for STMicroelectronics.X-CUBE-BLE2.3.3.0
2025-11-23 13:56:19,736 [WARN] PackLoader:240 - Cannot read IP mode file for STMicroelectronics.X-CUBE-NFC9.1.0.0
2025-11-23 13:56:19,759 [WARN] PackLoader:240 - Cannot read IP mode file for wolfSSL.I-CUBE-wolfSSL.5.8.2
2025-11-23 13:56:19,776 [WARN] PackLoader:240 - Cannot read IP mode file for STMicroelectronics.X-CUBE-BLE1.7.1.0
2025-11-23 13:56:19,790 [WARN] PackLoader:240 - Cannot read IP mode file for wolfSSL.I-CUBE-wolfMQTT.1.19.2
2025-11-23 13:56:19,810 [WARN] PackLoader:240 - Cannot read IP mode file for STMicroelectronics.X-CUBE-FREERTOS.1.4.0
2025-11-23 13:56:19,833 [WARN] PackLoader:240 - Cannot read IP mode file for STMicroelectronics.X-CUBE-EEPRMA1.5.2.0
2025-11-23 13:56:19,874 [WARN] PackLoader:240 - Cannot read IP mode file for STMicroelectronics.X-CUBE-ST67W61.1.1.0
2025-11-23 13:56:19,926 [WARN] PackLoader:240 - Cannot read IP mode file for STMicroelectronics.X-CUBE-AZRTOS-G0.1.1.0
2025-11-23 13:56:19,960 [WARN] PackLoader:240 - Cannot read IP mode file for STMicroelectronics.X-CUBE-SAFEA1.1.2.2
2025-11-23 13:56:19,997 [WARN] PackLoader:240 - Cannot read IP mode file for STMicroelectronics.X-CUBE-NFC4.3.0.0
2025-11-23 13:56:20,051 [WARN] PackLoader:240 - Cannot read IP mode file for EmbeddedOffice.I-CUBE-FS-RTOS.1.0.1
2025-11-23 13:56:20,076 [WARN] PackLoader:240 - Cannot read IP mode file for STMicroelectronics.X-CUBE-WB05N.2.0.0
2025-11-23 13:56:20,096 [WARN] PackLoader:240 - Cannot read IP mode file for wolfSSL.I-CUBE-wolfTPM.3.8.0
2025-11-23 13:56:20,119 [WARN] PackLoader:240 - Cannot read IP mode file for STMicroelectronics.X-CUBE-TCPP.4.2.0
2025-11-23 13:56:20,141 [WARN] PackLoader:240 - Cannot read IP mode file for RealThread.X-CUBE-RT-Thread_Nano.4.1.1
2025-11-23 13:56:20,163 [WARN] PackLoader:240 - Cannot read IP mode file for STMicroelectronics.FP-ATR-SIGFOX1.3.2.0
2025-11-23 13:56:20,183 [WARN] PackLoader:240 - Cannot read IP mode file for ITTIA_DB.I-CUBE-ITTIADB.8.9.0
2025-11-23 13:56:20,215 [WARN] PackLoader:240 - Cannot read IP mode file for STMicroelectronics.X-CUBE-ST67W61.1.0.0
2025-11-23 13:56:20,262 [WARN] PackLoader:240 - Cannot read IP mode file for STMicroelectronics.X-CUBE-AI.10.2.0
2025-11-23 13:56:20,334 [WARN] PackLoader:240 - Cannot read IP mode file for SEGGER.I-CUBE-embOS.1.3.1
2025-11-23 13:56:20,382 [INFO] WebApp:463 - Apply proxy settings
2025-11-23 13:56:20,382 [INFO] WebApp:548 - Chromium requires no authentication
2025-11-23 13:56:20,423 [WARN] PackLoader:240 - Cannot read IP mode file for STMicroelectronics.X-CUBE-ALGOBUILD.1.4.0
2025-11-23 13:56:20,431 [INFO] WebApp:491 - Direct internet connection detected
2025-11-23 13:56:20,534 [INFO] WebApp:900 - Register for checkConnection events
2025-11-23 13:56:20,535 [INFO] WebApp:463 - Apply proxy settings
2025-11-23 13:56:20,536 [INFO] WebApp:548 - Chromium requires no authentication
2025-11-23 13:56:20,537 [INFO] WebApp:491 - Direct internet connection detected
2025-11-23 13:56:20,546 [WARN] PackLoader:240 - Cannot read IP mode file for STMicroelectronics.X-CUBE-MEMS1.11.3.0
2025-11-23 13:56:20,745 [INFO] WebApp:191 - Connection restablished
2025-11-23 13:56:20,808 [WARN] PackLoader:240 - Cannot read IP mode file for STMicroelectronics.X-CUBE-PM33A1.1.0.0
2025-11-23 13:56:20,841 [INFO] WebApp:225 - Starting web application
2025-11-23 13:56:20,841 [INFO] WebApp:593 - Web application path used C:\ST\STM32CubeIDE_1.19.0\STM32CubeIDE\plugins\com.st.stm32cube.common.mx_6.15.0.202507011659\db\plugins\mcufinder\reactClient1\index.html
2025-11-23 13:56:20,843 [WARN] PackLoader:240 - Cannot read IP mode file for STMicroelectronics.X-CUBE-AZRTOS-F4.1.1.0
2025-11-23 13:56:20,870 [WARN] PackLoader:240 - Cannot read IP mode file for STMicroelectronics.X-CUBE-ISPU.2.1.0
2025-11-23 13:56:20,926 [WARN] PackLoader:240 - Cannot read IP mode file for STMicroelectronics.X-CUBE-IPS.3.2.0
2025-11-23 13:56:21,141 [WARN] PackLoader:240 - Cannot read IP mode file for STMicroelectronics.X-CUBE-NFC12.1.0.0
2025-11-23 13:56:21,272 [WARN] PackLoader:240 - Cannot read IP mode file for STMicroelectronics.X-CUBE-AZRTOS-L5.2.0.0
2025-11-23 13:56:21,361 [WARN] PackLoader:240 - Cannot read IP mode file for STMicroelectronics.X-CUBE-NFC6.3.1.0
2025-11-23 13:56:21,389 [WARN] PackLoader:240 - Cannot read IP mode file for STMicroelectronics.X-CUBE-FREERTOS.1.3.1
2025-11-23 13:56:21,416 [WARN] PackLoader:240 - Cannot read IP mode file for STMicroelectronics.X-CUBE-TOUCHGFX.4.26.0
2025-11-23 13:56:21,445 [WARN] PackLoader:240 - Cannot read IP mode file for STMicroelectronics.FP-SNS-STAIOTCFT.1.0.0
2025-11-23 13:56:21,488 [WARN] PackLoader:240 - Cannot read IP mode file for STMicroelectronics.X-CUBE-DPower.1.3.0
2025-11-23 13:56:21,606 [WARN] ConditionMgr:438 - getConditionDescription Invalid condition id : LAN8742 Phy interface Condition cause : null
2025-11-23 13:56:21,607 [WARN] PackLoader:240 - Cannot read IP mode file for STMicroelectronics.X-CUBE-AZRTOS-L4.2.0.0
2025-11-23 13:56:21,609 [WARN] ConditionMgr:1044 - genDependencies : Invalid condition id : LAN8742 Phy interface Condition cause : null
2025-11-23 13:56:21,610 [WARN] ConditionMgr:1044 - genDependencies : Invalid condition id : LAN8742 Phy interface Condition cause : null
2025-11-23 13:56:21,611 [WARN] ConditionMgr:1044 - genDependencies : Invalid condition id : LAN8742 Phy interface Condition cause : null
2025-11-23 13:56:21,647 [WARN] PackLoader:240 - Cannot read IP mode file for STMicroelectronics.X-CUBE-SFXS2LP1.4.0.0
2025-11-23 13:56:21,685 [WARN] PackLoader:240 - Cannot read IP mode file for STMicroelectronics.X-CUBE-BLEMGR.4.1.0
2025-11-23 13:56:21,721 [WARN] ConditionMgr:438 - getConditionDescription Invalid condition id : UX DEVICE CLASS RTOS Condition cause : null
2025-11-23 13:56:21,721 [WARN] ConditionMgr:438 - getConditionDescription Invalid condition id : UX DEVICE CLASS RTOS Condition cause : null
2025-11-23 13:56:21,722 [WARN] PackLoader:240 - Cannot read IP mode file for STMicroelectronics.X-CUBE-AZRTOS-WB.2.0.0
2025-11-23 13:56:21,722 [WARN] ConditionMgr:1044 - genDependencies : Invalid condition id : UX DEVICE CLASS RTOS Condition cause : null
2025-11-23 13:56:21,723 [WARN] ConditionMgr:1044 - genDependencies : Invalid condition id : UX DEVICE CLASS RTOS Condition cause : null
2025-11-23 13:56:21,723 [WARN] ConditionMgr:1044 - genDependencies : Invalid condition id : UX DEVICE CLASS RTOS Condition cause : null
2025-11-23 13:56:21,723 [WARN] ConditionMgr:1044 - genDependencies : Invalid condition id : UX DEVICE CLASS RTOS Condition cause : null
2025-11-23 13:56:21,723 [WARN] ConditionMgr:1044 - genDependencies : Invalid condition id : UX DEVICE CLASS RTOS Condition cause : null
2025-11-23 13:56:21,744 [WARN] PackLoader:240 - Cannot read IP mode file for STMicroelectronics.X-CUBE-GNSS1.7.0.1
2025-11-23 13:56:21,765 [WARN] ConditionMgr:438 - getConditionDescription Invalid condition id : Cortex-A Device cause : null
2025-11-23 13:56:21,803 [WARN] ConditionMgr:1044 - genDependencies : Invalid condition id : Cortex-A Device cause : null
2025-11-23 13:56:21,803 [WARN] ConditionMgr:1044 - genDependencies : Invalid condition id : Cortex-A Device cause : null
2025-11-23 13:56:21,803 [WARN] ConditionMgr:1044 - genDependencies : Invalid condition id : Cortex-A Device cause : null
2025-11-23 13:56:21,828 [WARN] PackLoader:240 - Cannot read IP mode file for STMicroelectronics.X-CUBE-SUBG2.5.0.0
2025-11-23 13:56:21,870 [WARN] PackLoader:240 - Cannot read IP mode file for STMicroelectronics.X-CUBE-AZRTOS-H7RS.1.1.0
2025-11-23 13:56:21,952 [WARN] PackLoader:240 - Cannot read IP mode file for STMicroelectronics.X-CUBE-AZRTOS-G4.2.0.0
2025-11-23 13:56:21,993 [WARN] PackLoader:240 - Cannot read IP mode file for wolfSSL.I-CUBE-wolfSSH.1.4.20
2025-11-23 13:56:22,021 [WARN] PackLoader:240 - Cannot read IP mode file for STMicroelectronics.X-CUBE-NFC7.2.0.0
2025-11-23 13:56:22,062 [WARN] PackLoader:240 - Cannot read IP mode file for STMicroelectronics.X-CUBE-IPS.3.1.0
2025-11-23 13:56:22,087 [WARN] PackLoader:240 - Cannot read IP mode file for STMicroelectronics.X-CUBE-ALS.1.0.2
2025-11-23 13:56:22,111 [WARN] PackLoader:240 - Cannot read IP mode file for STMicroelectronics.X-CUBE-STSE01.1.0.0
2025-11-23 13:56:22,139 [WARN] PackLoader:240 - Cannot read IP mode file for STMicroelectronics.X-CUBE-TOF1.3.4.3
2025-11-23 13:56:22,149 [INFO] ThirdParty:978 - Integrity check success = true
2025-11-23 13:56:22,149 [INFO] IntegrityCheckThread:100 - exiting critical section [integrity check]
2025-11-23 13:56:22,149 [INFO] IntegrityCheckThread:103 - End integrity checks thread
