2026-01-12 19:55:03,314 [INFO] Activator:176 - 


2026-01-12 19:55:03,321 [INFO] Activator:177 - !SESSION log4j initialized
2026-01-12 19:55:11,154 [INFO] LogOutputStream:77 - [STDOUT_REDIRECT] 
2026-01-12 19:55:12,548 [INFO] ApplicationProperties:184 - Using Application install path: C:\ST\STM32CubeIDE_1.19.0\STM32CubeIDE\plugins\com.st.stm32cube.common.mx_6.15.0.202507011659
2026-01-12 19:55:12,571 [INFO] DbMcusXml:78 - Set database path to: C:\ST\STM32CubeIDE_1.19.0\STM32CubeIDE\plugins\com.st.stm32cube.common.mx_6.15.0.202507011659\\db\/mcu/
2026-01-12 19:55:12,571 [INFO] ApiDb:274 - Set plugin database path to: C:\ST\STM32CubeIDE_1.19.0\STM32CubeIDE\plugins\com.st.stm32cube.common.mx_6.15.0.202507011659\\db\/plugins/boardmanager/
2026-01-12 19:55:12,571 [WARN] ApiDb:259 - Overriding images path with different value:  => C:\ST\STM32CubeIDE_1.19.0\STM32CubeIDE\plugins\com.st.stm32cube.common.mx_6.15.0.202507011659\\db\/plugins/mcufinder/images/
2026-01-12 19:55:12,590 [INFO] ApiDb:250 - Set database path to: C:\Users\ASUS\.stmcufinder\plugins\mcufinder//mcu/
2026-01-12 19:55:12,591 [INFO] DbMcusAds:125 - Set database path to: C:\Users\ASUS\.stmcufinder\plugins\mcufinder//mcu/
2026-01-12 19:55:12,593 [INFO] CrossReferenceDbSqlite:203 - Set database path to: C:\Users\ASUS\.stmcufinder\plugins\mcufinder//mcu/cs/
2026-01-12 19:55:12,741 [INFO] RulesReader:64 - Compatibility file has been processed (317 Rules)
2026-01-12 19:55:12,876 [INFO] DbMcusXml:78 - Set database path to: C:\ST\STM32CubeIDE_1.19.0\STM32CubeIDE\plugins\com.st.stm32cube.common.mx_6.15.0.202507011659\\db\/mcu/
2026-01-12 19:55:12,876 [INFO] ApiDb:274 - Set plugin database path to: C:\ST\STM32CubeIDE_1.19.0\STM32CubeIDE\plugins\com.st.stm32cube.common.mx_6.15.0.202507011659\\db\/plugins/boardmanager/
2026-01-12 19:55:12,876 [INFO] ApiDb:261 - Set plugin images path to: C:\ST\STM32CubeIDE_1.19.0\STM32CubeIDE\plugins\com.st.stm32cube.common.mx_6.15.0.202507011659\\db\/plugins/mcufinder/images/
2026-01-12 19:55:12,876 [WARN] DbFile:41 - Overriding database path with different value: C:\Users\ASUS\.stmcufinder\plugins\mcufinder/ => C:\Users\ASUS\.stmcufinder\plugins\mcufinder
2026-01-12 19:55:12,876 [INFO] ApiDb:250 - Set database path to: C:\Users\ASUS\.stmcufinder\plugins\mcufinder//mcu/
2026-01-12 19:55:12,876 [WARN] DbFile:41 - Overriding database path with different value: C:\Users\ASUS\.stmcufinder\plugins\mcufinder/ => C:\Users\ASUS\.stmcufinder\plugins\mcufinder
2026-01-12 19:55:12,876 [INFO] DbMcusAds:125 - Set database path to: C:\Users\ASUS\.stmcufinder\plugins\mcufinder//mcu/
2026-01-12 19:55:12,876 [WARN] DbFile:41 - Overriding database path with different value: C:\Users\ASUS\.stmcufinder\plugins\mcufinder/ => C:\Users\ASUS\.stmcufinder\plugins\mcufinder
2026-01-12 19:55:12,876 [WARN] DbFile:41 - Overriding database path with different value: C:\Users\ASUS\.stmcufinder\plugins\mcufinder/ => C:\Users\ASUS\.stmcufinder\plugins\mcufinder
2026-01-12 19:55:12,876 [INFO] CrossReferenceDbSqlite:203 - Set database path to: C:\Users\ASUS\.stmcufinder\plugins\mcufinder//mcu/cs/
2026-01-12 19:55:13,014 [INFO] MainPanel:274 - HeapMemory: 268435456
2026-01-12 19:55:13,176 [INFO] DbMcusXml:78 - Set database path to: C:\ST\STM32CubeIDE_1.19.0\STM32CubeIDE\plugins\com.st.stm32cube.common.mx_6.15.0.202507011659\\db\/mcu/
2026-01-12 19:55:13,177 [INFO] ApiDb:274 - Set plugin database path to: C:\ST\STM32CubeIDE_1.19.0\STM32CubeIDE\plugins\com.st.stm32cube.common.mx_6.15.0.202507011659\\db\/plugins/boardmanager/
2026-01-12 19:55:13,177 [INFO] ApiDb:261 - Set plugin images path to: C:\ST\STM32CubeIDE_1.19.0\STM32CubeIDE\plugins\com.st.stm32cube.common.mx_6.15.0.202507011659\\db\/plugins/mcufinder/images/
2026-01-12 19:55:13,177 [WARN] DbFile:41 - Overriding database path with different value: C:\Users\ASUS\.stmcufinder\plugins\mcufinder/ => C:\Users\ASUS\.stmcufinder\plugins\mcufinder
2026-01-12 19:55:13,177 [INFO] ApiDb:250 - Set database path to: C:\Users\ASUS\.stmcufinder\plugins\mcufinder//mcu/
2026-01-12 19:55:13,177 [WARN] DbFile:41 - Overriding database path with different value: C:\Users\ASUS\.stmcufinder\plugins\mcufinder/ => C:\Users\ASUS\.stmcufinder\plugins\mcufinder
2026-01-12 19:55:13,177 [INFO] DbMcusAds:125 - Set database path to: C:\Users\ASUS\.stmcufinder\plugins\mcufinder//mcu/
2026-01-12 19:55:13,178 [WARN] DbFile:41 - Overriding database path with different value: C:\Users\ASUS\.stmcufinder\plugins\mcufinder/ => C:\Users\ASUS\.stmcufinder\plugins\mcufinder
2026-01-12 19:55:13,178 [WARN] DbFile:41 - Overriding database path with different value: C:\Users\ASUS\.stmcufinder\plugins\mcufinder/ => C:\Users\ASUS\.stmcufinder\plugins\mcufinder
2026-01-12 19:55:13,178 [INFO] CrossReferenceDbSqlite:203 - Set database path to: C:\Users\ASUS\.stmcufinder\plugins\mcufinder//mcu/cs/
2026-01-12 19:55:13,205 [INFO] ApplicationProperties:184 - Using Application install path: C:\ST\STM32CubeIDE_1.19.0\STM32CubeIDE\plugins\com.st.stm32cube.common.mx_6.15.0.202507011659
2026-01-12 19:55:13,208 [INFO] PluginManage:196 - Search for loadable plugins [exclusion list=, ]
2026-01-12 19:55:13,210 [INFO] PluginManage:310 - Check plugin analytics
2026-01-12 19:55:13,493 [INFO] AnalyticsPlugin:253 - Accepted Software Licenses: STM32CubeMX.6.12.1
2026-01-12 19:55:13,493 [INFO] AnalyticsPlugin:255 - Accepted CMSIS Pack Licenses: 
2026-01-12 19:55:13,494 [INFO] AnalyticsPlugin:257 - Accepted Firmware Licenses: 
2026-01-12 19:55:13,497 [INFO] PluginManage:359 - Loaded plugin analytics (category:tool,tabindex:-1)
2026-01-12 19:55:13,498 [INFO] PluginManage:310 - Check plugin cadmodel
2026-01-12 19:55:13,525 [INFO] CADModel:105 - Init CAD model plugin
2026-01-12 19:55:13,526 [INFO] PluginManage:359 - Loaded plugin cadmodel (category:power,tabindex:5)
2026-01-12 19:55:13,526 [INFO] PluginManage:310 - Check plugin clock
2026-01-12 19:55:13,552 [INFO] PluginManage:359 - Loaded plugin clock (category:base,tabindex:2)
2026-01-12 19:55:13,553 [INFO] PluginManage:310 - Check plugin ddr
2026-01-12 19:55:13,555 [INFO] PluginManage:359 - Loaded plugin ddr (category:tool,tabindex:6)
2026-01-12 19:55:13,555 [INFO] PluginManage:310 - Check plugin filemanager
2026-01-12 19:55:13,713 [INFO] PluginManage:359 - Loaded plugin filemanager (category:base,tabindex:10)
2026-01-12 19:55:13,713 [INFO] PluginManage:310 - Check plugin ipmanager
2026-01-12 19:55:13,721 [INFO] PluginManage:359 - Loaded plugin ipmanager (category:base,tabindex:5)
2026-01-12 19:55:13,722 [INFO] PluginManage:310 - Check plugin lpbam
2026-01-12 19:55:13,742 [INFO] PluginManage:359 - Loaded plugin lpbam (category:base,tabindex:0)
2026-01-12 19:55:13,742 [INFO] PluginManage:310 - Check plugin memorymap
2026-01-12 19:55:13,768 [INFO] PluginManage:359 - Loaded plugin memorymap (category:base,tabindex:4)
2026-01-12 19:55:13,769 [INFO] PluginManage:310 - Check plugin pinoutandconfiguration
2026-01-12 19:55:13,790 [INFO] PluginManage:359 - Loaded plugin pinoutandconfiguration (category:base,tabindex:1)
2026-01-12 19:55:13,790 [INFO] PluginManage:310 - Check plugin pinoutconfig
2026-01-12 19:55:13,899 [WARN] SupportedApi:132 - Cannot load RTOS API schema: s4s-elt-must-match.1: The content of 'definitions' must match (annotation?, (simpleType | complexType)?, (unique | key | keyref)*)). A problem was found starting at: attribute.
2026-01-12 19:55:14,072 [INFO] PluginManage:359 - Loaded plugin pinoutconfig (category:base,tabindex:0)
2026-01-12 19:55:14,072 [INFO] PluginManage:310 - Check plugin power
2026-01-12 19:55:14,102 [INFO] PluginManage:359 - Loaded plugin power (category:power,tabindex:4)
2026-01-12 19:55:14,102 [INFO] PluginManage:310 - Check plugin projectmanager
2026-01-12 19:55:14,118 [INFO] PluginManage:359 - Loaded plugin projectmanager (category:projectmanager,tabindex:4)
2026-01-12 19:55:14,118 [INFO] PluginManage:310 - Check plugin rif
2026-01-12 19:55:14,139 [INFO] PluginManage:359 - Loaded plugin rif (category:base,tabindex:3)
2026-01-12 19:55:14,139 [INFO] PluginManage:310 - Check plugin thirdparty
2026-01-12 19:55:14,515 [INFO] PluginManage:359 - Loaded plugin thirdparty (category:base,tabindex:-1)
2026-01-12 19:55:14,514 [WARN] IntegrityCheckThread:84 - waiting for thirdparty lock release [integrity check]
2026-01-12 19:55:14,515 [INFO] IntegrityCheckThread:86 - entering critical section [integrity check]
2026-01-12 19:55:14,515 [INFO] PluginManage:310 - Check plugin tools
2026-01-12 19:55:14,515 [INFO] ThirdPartyUpdaterWithRetryManager:70 - Updater plugin not ready yet. [1/15]
2026-01-12 19:55:14,571 [INFO] PluginManage:359 - Loaded plugin tools (category:base,tabindex:7)
2026-01-12 19:55:14,572 [INFO] PluginManage:310 - Check plugin tutovideos
2026-01-12 19:55:14,811 [INFO] PluginManage:359 - Loaded plugin tutovideos (category:base,tabindex:-1)
2026-01-12 19:55:14,811 [INFO] PluginManage:310 - Check plugin updater
2026-01-12 19:55:14,836 [INFO] PluginManage:359 - Loaded plugin updater (category:base,tabindex:12)
2026-01-12 19:55:14,836 [INFO] PluginManage:310 - Check plugin userauth
2026-01-12 19:55:14,841 [INFO] UserAuth:118 - Init User Auth plugin
2026-01-12 19:55:14,842 [INFO] PluginManage:359 - Loaded plugin userauth (category:base,tabindex:14)
2026-01-12 19:55:14,843 [INFO] PluginManage:283 - PluginManage : Loaded plugins [18]
2026-01-12 19:55:15,073 [INFO] PinOutPanel:1589 - setPackage(No Configuration,No Configuration)
2026-01-12 19:55:15,178 [INFO] CADModel:165 - CPN selected for project level
2026-01-12 19:55:15,178 [INFO] CADModel:114 - Register for checkConnection events
2026-01-12 19:55:15,215 [INFO] IPUIPlugin:80 - create IPUIPlugin
2026-01-12 19:55:15,215 [INFO] PluginManager:220 - loadIPPluginJar : add adc
2026-01-12 19:55:15,269 [INFO] IPUIPlugin:80 - create IPUIPlugin
2026-01-12 19:55:15,269 [INFO] PluginManager:220 - loadIPPluginJar : add aes
2026-01-12 19:55:15,329 [INFO] IPUIPlugin:80 - create IPUIPlugin
2026-01-12 19:55:15,329 [INFO] PluginManager:220 - loadIPPluginJar : add can
2026-01-12 19:55:15,366 [INFO] IPUIPlugin:80 - create IPUIPlugin
2026-01-12 19:55:15,366 [INFO] PluginManager:220 - loadIPPluginJar : add comp
2026-01-12 19:55:15,412 [INFO] IPUIPlugin:80 - create IPUIPlugin
2026-01-12 19:55:15,412 [INFO] PluginManager:220 - loadIPPluginJar : add cryp
2026-01-12 19:55:15,428 [INFO] IPUIPlugin:80 - create IPUIPlugin
2026-01-12 19:55:15,429 [INFO] PluginManager:220 - loadIPPluginJar : add ddr_ctrl_phy
2026-01-12 19:55:15,472 [INFO] IPUIPlugin:80 - create IPUIPlugin
2026-01-12 19:55:15,473 [INFO] PluginManager:220 - loadIPPluginJar : add dfsdm
2026-01-12 19:55:15,488 [INFO] IPUIPlugin:80 - create IPUIPlugin
2026-01-12 19:55:15,489 [INFO] PluginManager:220 - loadIPPluginJar : add dma
2026-01-12 19:55:15,548 [INFO] IPUIPlugin:80 - create IPUIPlugin
2026-01-12 19:55:15,548 [INFO] PluginManager:220 - loadIPPluginJar : add dma3
2026-01-12 19:55:15,623 [INFO] IPUIPlugin:80 - create IPUIPlugin
2026-01-12 19:55:15,623 [INFO] PluginManager:220 - loadIPPluginJar : add extmemmanager
2026-01-12 19:55:15,660 [INFO] IPUIPlugin:80 - create IPUIPlugin
2026-01-12 19:55:15,660 [INFO] PluginManager:220 - loadIPPluginJar : add fatfs
2026-01-12 19:55:15,738 [INFO] IPUIPlugin:80 - create IPUIPlugin
2026-01-12 19:55:15,739 [INFO] PluginManager:220 - loadIPPluginJar : add fmc
2026-01-12 19:55:15,762 [INFO] IPUIPlugin:80 - create IPUIPlugin
2026-01-12 19:55:15,762 [INFO] PluginManager:220 - loadIPPluginJar : add freertos
2026-01-12 19:55:15,791 [INFO] IPUIPlugin:80 - create IPUIPlugin
2026-01-12 19:55:15,791 [INFO] PluginManager:220 - loadIPPluginJar : add genericplugin
2026-01-12 19:55:15,918 [INFO] IPUIPlugin:80 - create IPUIPlugin
2026-01-12 19:55:15,918 [INFO] PluginManager:220 - loadIPPluginJar : add gfxmmu
2026-01-12 19:55:16,100 [INFO] IPUIPlugin:80 - create IPUIPlugin
2026-01-12 19:55:16,100 [INFO] PluginManager:220 - loadIPPluginJar : add gic
2026-01-12 19:55:16,116 [INFO] IPUIPlugin:80 - create IPUIPlugin
2026-01-12 19:55:16,116 [INFO] PluginManager:220 - loadIPPluginJar : add gpio
2026-01-12 19:55:16,241 [INFO] IPUIPlugin:80 - create IPUIPlugin
2026-01-12 19:55:16,241 [INFO] PluginManager:220 - loadIPPluginJar : add gtzc
2026-01-12 19:55:16,291 [INFO] IPUIPlugin:80 - create IPUIPlugin
2026-01-12 19:55:16,291 [INFO] PluginManager:220 - loadIPPluginJar : add hash
2026-01-12 19:55:16,404 [INFO] IPUIPlugin:80 - create IPUIPlugin
2026-01-12 19:55:16,404 [INFO] PluginManager:220 - loadIPPluginJar : add i2c
2026-01-12 19:55:16,501 [INFO] IPUIPlugin:80 - create IPUIPlugin
2026-01-12 19:55:16,501 [INFO] PluginManager:220 - loadIPPluginJar : add i2s
2026-01-12 19:55:16,707 [INFO] IPUIPlugin:80 - create IPUIPlugin
2026-01-12 19:55:16,709 [INFO] PluginManager:220 - loadIPPluginJar : add i3c
2026-01-12 19:55:16,941 [INFO] IPUIPlugin:80 - create IPUIPlugin
2026-01-12 19:55:16,941 [INFO] PluginManager:220 - loadIPPluginJar : add ipddr
2026-01-12 19:55:17,087 [INFO] IPUIPlugin:80 - create IPUIPlugin
2026-01-12 19:55:17,087 [INFO] PluginManager:220 - loadIPPluginJar : add linkedlist
2026-01-12 19:55:17,142 [INFO] IPUIPlugin:80 - create IPUIPlugin
2026-01-12 19:55:17,142 [INFO] PluginManager:220 - loadIPPluginJar : add lorawan
2026-01-12 19:55:17,201 [INFO] IPUIPlugin:80 - create IPUIPlugin
2026-01-12 19:55:17,202 [INFO] PluginManager:220 - loadIPPluginJar : add ltdc
2026-01-12 19:55:17,219 [INFO] IPUIPlugin:80 - create IPUIPlugin
2026-01-12 19:55:17,219 [INFO] PluginManager:220 - loadIPPluginJar : add mdma
2026-01-12 19:55:17,236 [INFO] IPUIPlugin:80 - create IPUIPlugin
2026-01-12 19:55:17,237 [INFO] PluginManager:220 - loadIPPluginJar : add nvic
2026-01-12 19:55:17,292 [INFO] IPUIPlugin:80 - create IPUIPlugin
2026-01-12 19:55:17,292 [INFO] PluginManager:220 - loadIPPluginJar : add opamp
2026-01-12 19:55:17,382 [INFO] IPUIPlugin:80 - create IPUIPlugin
2026-01-12 19:55:17,382 [INFO] PluginManager:220 - loadIPPluginJar : add openamp
2026-01-12 19:55:17,446 [INFO] IPUIPlugin:80 - create IPUIPlugin
2026-01-12 19:55:17,446 [INFO] PluginManager:220 - loadIPPluginJar : add pdm2pcm
2026-01-12 19:55:17,469 [INFO] IPUIPlugin:80 - create IPUIPlugin
2026-01-12 19:55:17,473 [INFO] PluginManager:220 - loadIPPluginJar : add plateformsettings
2026-01-12 19:55:17,508 [INFO] IPUIPlugin:80 - create IPUIPlugin
2026-01-12 19:55:17,508 [INFO] PluginManager:220 - loadIPPluginJar : add quadspi
2026-01-12 19:55:17,526 [INFO] ThirdPartyUpdaterWithRetryManager:70 - Updater plugin not ready yet. [2/15]
2026-01-12 19:55:17,543 [INFO] IPUIPlugin:80 - create IPUIPlugin
2026-01-12 19:55:17,544 [INFO] PluginManager:220 - loadIPPluginJar : add radio
2026-01-12 19:55:17,560 [INFO] IPUIPlugin:80 - create IPUIPlugin
2026-01-12 19:55:17,560 [INFO] PluginManager:220 - loadIPPluginJar : add resmgrutility
2026-01-12 19:55:17,622 [INFO] IPUIPlugin:80 - create IPUIPlugin
2026-01-12 19:55:17,622 [INFO] PluginManager:220 - loadIPPluginJar : add sai
2026-01-12 19:55:17,678 [INFO] IPUIPlugin:80 - create IPUIPlugin
2026-01-12 19:55:17,678 [INFO] PluginManager:220 - loadIPPluginJar : add spi
2026-01-12 19:55:17,775 [INFO] IPUIPlugin:80 - create IPUIPlugin
2026-01-12 19:55:17,775 [INFO] PluginManager:220 - loadIPPluginJar : add stm32_wpan
2026-01-12 19:55:17,810 [INFO] IPUIPlugin:80 - create IPUIPlugin
2026-01-12 19:55:17,810 [INFO] PluginManager:220 - loadIPPluginJar : add tim
2026-01-12 19:55:17,893 [INFO] IPUIPlugin:80 - create IPUIPlugin
2026-01-12 19:55:17,893 [INFO] PluginManager:220 - loadIPPluginJar : add touchsensing
2026-01-12 19:55:17,925 [INFO] IPUIPlugin:80 - create IPUIPlugin
2026-01-12 19:55:17,926 [INFO] PluginManager:220 - loadIPPluginJar : add tracer_emb
2026-01-12 19:55:17,958 [INFO] IPUIPlugin:80 - create IPUIPlugin
2026-01-12 19:55:17,959 [INFO] PluginManager:220 - loadIPPluginJar : add ts
2026-01-12 19:55:17,990 [INFO] IPUIPlugin:80 - create IPUIPlugin
2026-01-12 19:55:17,990 [INFO] PluginManager:220 - loadIPPluginJar : add tsc
2026-01-12 19:55:18,022 [INFO] IPUIPlugin:80 - create IPUIPlugin
2026-01-12 19:55:18,022 [INFO] PluginManager:220 - loadIPPluginJar : add ucpd
2026-01-12 19:55:18,081 [INFO] IPUIPlugin:80 - create IPUIPlugin
2026-01-12 19:55:18,081 [INFO] PluginManager:220 - loadIPPluginJar : add usart
2026-01-12 19:55:18,141 [INFO] IPUIPlugin:80 - create IPUIPlugin
2026-01-12 19:55:18,141 [INFO] PluginManager:220 - loadIPPluginJar : add usbx
2026-01-12 19:55:18,282 [FATAL] Updater:351 - Updater called before beeing initialized
2026-01-12 19:55:18,309 [INFO] RulesReader:64 - Compatibility file has been processed (317 Rules)
2026-01-12 19:55:18,320 [INFO] RulesReader:64 - Compatibility file has been processed (317 Rules)
2026-01-12 19:55:18,327 [INFO] CADModel:165 - CPN selected for project level
2026-01-12 19:55:18,327 [INFO] CADModel:114 - Register for checkConnection events
2026-01-12 19:55:18,328 [FATAL] Updater:351 - Updater called before beeing initialized
2026-01-12 19:55:18,328 [ERROR] CADModel:125 - Updater not yet initialized, retry later 
2026-01-12 19:55:18,495 [FATAL] Updater:351 - Updater called before beeing initialized
2026-01-12 19:55:18,497 [INFO] CADModel:165 - CPN selected for project level
2026-01-12 19:55:18,497 [INFO] CADModel:114 - Register for checkConnection events
2026-01-12 19:55:18,497 [FATAL] Updater:351 - Updater called before beeing initialized
2026-01-12 19:55:18,497 [ERROR] CADModel:125 - Updater not yet initialized, retry later 
2026-01-12 19:55:18,500 [FATAL] Updater:351 - Updater called before beeing initialized
2026-01-12 19:55:18,623 [FATAL] Updater:351 - Updater called before beeing initialized
2026-01-12 19:55:18,636 [INFO] DbMcusAds:53 - JSON generation date=Thu Oct 02 16:36:05 ICT 2025 (1759397765645)
2026-01-12 19:55:18,636 [FATAL] Updater:351 - Updater called before beeing initialized
2026-01-12 19:55:18,681 [WARN] DetailPanel:346 - Failed to get advertising image, set to default
2026-01-12 19:55:18,758 [FATAL] Updater:351 - Updater called before beeing initialized
2026-01-12 19:55:18,760 [FATAL] Updater:351 - Updater called before beeing initialized
2026-01-12 19:55:18,760 [FATAL] Updater:351 - Updater called before beeing initialized
2026-01-12 19:55:18,760 [WARN] DetailPanel:346 - Failed to get advertising image, set to default
2026-01-12 19:55:18,760 [FATAL] Updater:351 - Updater called before beeing initialized
2026-01-12 19:55:18,825 [ERROR] Updater:1198 - MainUpdater not yet initialized. External WinMGr cannot be set.
2026-01-12 19:55:18,836 [INFO] Updater:1134 - Updater Version found : 6.15.0
2026-01-12 19:55:18,855 [INFO] ApplicationProperties:184 - Using Application install path: C:\ST\STM32CubeIDE_1.19.0\STM32CubeIDE\plugins\com.st.stm32cube.common.mx_6.15.0.202507011659
2026-01-12 19:55:20,481 [ERROR] LogOutputStream:75 - [STDERR_REDIRECT] Jan 12, 2026 7:55:20 PM java.util.prefs.WindowsPreferences <init>
2026-01-12 19:55:20,483 [ERROR] LogOutputStream:75 - [STDERR_REDIRECT] WARNING: Could not open/create prefs root node Software\JavaSoft\Prefs at root 0xffffffff80000002. Windows RegCreateKeyEx(...) returned error code 5.
2026-01-12 19:55:20,483 [ERROR] LogOutputStream:75 - [STDERR_REDIRECT] 
2026-01-12 19:55:20,534 [INFO] ThirdPartyUpdaterWithRetryManager:70 - Updater plugin not ready yet. [3/15]
2026-01-12 19:55:21,098 [INFO] MainUpdater:2872 - connection check result : 10
2026-01-12 19:55:21,099 [INFO] MainUpdater:289 - Updater Check For Update Now.
2026-01-12 19:55:21,099 [INFO] MicroXplorer:498 - Change Database Version : DB.6.0.150
2026-01-12 19:55:21,171 [INFO] McuFinderGlobals:63 - Set McuFinder mode to 2 (CubeIDE integrated)
2026-01-12 19:55:21,171 [INFO] UserAuth:171 - activating auth plugin
2026-01-12 19:55:21,187 [INFO] UserAuth:487 - Internet connection configuration mode: 1
2026-01-12 19:55:21,287 [INFO] JxBrowserEngine:152 - Initiate JxBrowser Engine with user profile folder
2026-01-12 19:55:21,513 [INFO] CheckServerUpdateThread:120 - End of CheckServer Thread
2026-01-12 19:55:23,152 [INFO] WebApp:169 - Instantiating new browser for Auth
2026-01-12 19:55:24,326 [INFO] WebApp:463 - Apply proxy settings
2026-01-12 19:55:24,326 [INFO] WebApp:548 - Chromium requires no authentication
2026-01-12 19:55:24,338 [INFO] WebApp:491 - Direct internet connection detected
2026-01-12 19:55:24,393 [WARN] PackLoader:240 - Cannot read IP mode file for STMicroelectronics.FP-SNS-MOTENVWB1.1.4.0
2026-01-12 19:55:24,412 [INFO] WebApp:900 - Register for checkConnection events
2026-01-12 19:55:24,412 [INFO] WebApp:463 - Apply proxy settings
2026-01-12 19:55:24,415 [INFO] WebApp:548 - Chromium requires no authentication
2026-01-12 19:55:24,416 [INFO] WebApp:491 - Direct internet connection detected
2026-01-12 19:55:24,443 [WARN] PackLoader:240 - Cannot read IP mode file for STMicroelectronics.FP-ATR-ASTRA1.2.0.2
2026-01-12 19:55:24,478 [WARN] PackLoader:240 - Cannot read IP mode file for STMicroelectronics.X-CUBE-SMBUS.2.1.0
2026-01-12 19:55:24,504 [WARN] PackLoader:240 - Cannot read IP mode file for STMicroelectronics.X-CUBE-ST60.1.0.0
2026-01-12 19:55:24,709 [INFO] WebApp:191 - Connection restablished
2026-01-12 19:55:24,736 [WARN] PackLoader:240 - Cannot read IP mode file for STMicroelectronics.X-CUBE-AZRTOS-F7.1.1.0
2026-01-12 19:55:24,773 [WARN] PackLoader:240 - Cannot read IP mode file for Cesanta.I-CUBE-Mongoose.7.19.0
2026-01-12 19:55:24,819 [WARN] PackLoader:240 - Cannot read IP mode file for STMicroelectronics.FP-SNS-MOTENV1.5.1.0
2026-01-12 19:55:24,939 [WARN] PackLoader:240 - Cannot read IP mode file for WES.I-CUBE-Cesium.1.4.0
2026-01-12 19:55:25,172 [WARN] PackLoader:240 - Cannot read IP mode file for Infineon.AIROC-Wi-Fi-Bluetooth-STM32.1.7.1
2026-01-12 19:55:25,327 [WARN] PackLoader:240 - Cannot read IP mode file for STMicroelectronics.X-CUBE-AZRTOS-H7.3.4.0
2026-01-12 19:55:25,385 [INFO] WebApp:225 - Starting web application
2026-01-12 19:55:25,385 [INFO] WebApp:593 - Web application path used C:\ST\STM32CubeIDE_1.19.0\STM32CubeIDE\plugins\com.st.stm32cube.common.mx_6.15.0.202507011659\db\plugins\mcufinder\reactClient1\index.html
2026-01-12 19:55:25,433 [WARN] PackLoader:240 - Cannot read IP mode file for STMicroelectronics.X-CUBE-DISPLAY.3.0.0
2026-01-12 19:55:25,611 [WARN] PackLoader:240 - Cannot read IP mode file for STMicroelectronics.X-CUBE-NFC10.1.0.0
2026-01-12 19:55:25,711 [WARN] PackLoader:240 - Cannot read IP mode file for STMicroelectronics.X-CUBE-ST60.1.1.0
2026-01-12 19:55:25,744 [WARN] PackLoader:240 - Cannot read IP mode file for emotas.I-CUBE-CANOPEN.1.3.0
2026-01-12 19:55:25,781 [WARN] PackLoader:240 - Cannot read IP mode file for STMicroelectronics.X-CUBE-GNSS1.7.1.0
2026-01-12 19:55:25,820 [WARN] PackLoader:240 - Cannot read IP mode file for STMicroelectronics.FP-SNS-STBOX1.2.1.0
2026-01-12 19:55:25,860 [WARN] PackLoader:240 - Cannot read IP mode file for STMicroelectronics.FP-SNS-SMARTAG2.1.2.0
2026-01-12 19:55:25,884 [WARN] PackLoader:240 - Cannot read IP mode file for STMicroelectronics.FP-SNS-FLIGHT1.5.1.0
2026-01-12 19:55:25,919 [INFO] LogOutputStream:77 - [STDOUT_REDIRECT] 1 : Invalid condition id : UX_CORESTACK_Condition cause : null
2026-01-12 19:55:25,919 [INFO] LogOutputStream:77 - [STDOUT_REDIRECT] 1 : Invalid condition id : UX_CORESTACK_Condition cause : null
2026-01-12 19:55:25,924 [INFO] LogOutputStream:77 - [STDOUT_REDIRECT] 1 : Invalid condition id : UX_CORESTACK_Condition cause : null
2026-01-12 19:55:25,925 [INFO] LogOutputStream:77 - [STDOUT_REDIRECT] 1 : Invalid condition id : UX_CORESTACK_Condition cause : null
2026-01-12 19:55:25,927 [INFO] LogOutputStream:77 - [STDOUT_REDIRECT] 1 : Invalid condition id : UX_CORESTACK_Condition cause : null
2026-01-12 19:55:25,931 [WARN] PackLoader:240 - Cannot read IP mode file for STMicroelectronics.X-CUBE-AZRTOS-WL.2.0.0
2026-01-12 19:55:25,951 [WARN] PackLoader:240 - Cannot read IP mode file for STMicroelectronics.FP-SNS-MOTENV1.5.0.0
2026-01-12 19:55:26,010 [WARN] PackLoader:240 - Cannot read IP mode file for STMicroelectronics.X-CUBE-AZRTOS-H7RS.1.2.0
2026-01-12 19:55:26,038 [WARN] PackLoader:240 - Cannot read IP mode file for STMicroelectronics.X-CUBE-BLE2.3.3.0
2026-01-12 19:55:26,142 [WARN] PackLoader:240 - Cannot read IP mode file for STMicroelectronics.X-CUBE-NFC9.1.0.0
2026-01-12 19:55:26,224 [WARN] PackLoader:240 - Cannot read IP mode file for wolfSSL.I-CUBE-wolfSSL.5.8.2
2026-01-12 19:55:26,251 [WARN] PackLoader:240 - Cannot read IP mode file for STMicroelectronics.X-CUBE-BLE1.7.1.0
2026-01-12 19:55:26,286 [WARN] PackLoader:240 - Cannot read IP mode file for wolfSSL.I-CUBE-wolfMQTT.1.19.2
2026-01-12 19:55:26,321 [WARN] PackLoader:240 - Cannot read IP mode file for STMicroelectronics.X-CUBE-FREERTOS.1.4.0
2026-01-12 19:55:26,348 [WARN] PackLoader:240 - Cannot read IP mode file for STMicroelectronics.X-CUBE-EEPRMA1.5.2.0
2026-01-12 19:55:26,403 [WARN] PackLoader:240 - Cannot read IP mode file for STMicroelectronics.X-CUBE-ST67W61.1.1.0
2026-01-12 19:55:26,542 [WARN] PackLoader:240 - Cannot read IP mode file for STMicroelectronics.X-CUBE-MEMS1.12.0.0
2026-01-12 19:55:26,716 [WARN] PackLoader:240 - Cannot read IP mode file for STMicroelectronics.X-CUBE-AZRTOS-G0.1.1.0
2026-01-12 19:55:26,774 [WARN] PackLoader:240 - Cannot read IP mode file for STMicroelectronics.X-CUBE-SAFEA1.1.2.2
2026-01-12 19:55:26,812 [WARN] PackLoader:240 - Cannot read IP mode file for STMicroelectronics.X-CUBE-NFC4.3.0.0
2026-01-12 19:55:26,858 [WARN] PackLoader:240 - Cannot read IP mode file for EmbeddedOffice.I-CUBE-FS-RTOS.1.0.1
2026-01-12 19:55:26,892 [WARN] PackLoader:240 - Cannot read IP mode file for STMicroelectronics.X-CUBE-WB05N.2.0.0
2026-01-12 19:55:26,917 [WARN] PackLoader:240 - Cannot read IP mode file for wolfSSL.I-CUBE-wolfTPM.3.8.0
2026-01-12 19:55:26,947 [WARN] PackLoader:240 - Cannot read IP mode file for STMicroelectronics.X-CUBE-TCPP.4.2.0
2026-01-12 19:55:26,983 [WARN] PackLoader:240 - Cannot read IP mode file for RealThread.X-CUBE-RT-Thread_Nano.4.1.1
2026-01-12 19:55:27,024 [WARN] PackLoader:240 - Cannot read IP mode file for STMicroelectronics.FP-ATR-SIGFOX1.3.2.0
2026-01-12 19:55:27,063 [WARN] PackLoader:240 - Cannot read IP mode file for ITTIA_DB.I-CUBE-ITTIADB.8.9.0
2026-01-12 19:55:27,086 [WARN] PackLoader:240 - Cannot read IP mode file for STMicroelectronics.X-CUBE-ST67W61.1.0.0
2026-01-12 19:55:27,113 [WARN] PackLoader:240 - Cannot read IP mode file for STMicroelectronics.X-CUBE-AI.10.2.0
2026-01-12 19:55:27,160 [WARN] PackLoader:240 - Cannot read IP mode file for SEGGER.I-CUBE-embOS.1.3.1
2026-01-12 19:55:27,248 [WARN] PackLoader:240 - Cannot read IP mode file for STMicroelectronics.X-CUBE-ALGOBUILD.1.4.0
2026-01-12 19:55:27,350 [WARN] PackLoader:240 - Cannot read IP mode file for STMicroelectronics.X-CUBE-MEMS1.11.3.0
2026-01-12 19:55:27,535 [WARN] PackLoader:240 - Cannot read IP mode file for STMicroelectronics.X-CUBE-PM33A1.1.0.0
2026-01-12 19:55:27,592 [WARN] PackLoader:240 - Cannot read IP mode file for STMicroelectronics.X-CUBE-AZRTOS-F4.1.1.0
2026-01-12 19:55:27,633 [WARN] PackLoader:240 - Cannot read IP mode file for STMicroelectronics.X-CUBE-ISPU.2.1.0
2026-01-12 19:55:27,675 [WARN] PackLoader:240 - Cannot read IP mode file for STMicroelectronics.X-CUBE-IPS.3.2.0
2026-01-12 19:55:27,710 [WARN] PackLoader:240 - Cannot read IP mode file for STMicroelectronics.X-CUBE-NFC12.1.0.0
2026-01-12 19:55:27,816 [WARN] PackLoader:240 - Cannot read IP mode file for STMicroelectronics.X-CUBE-AZRTOS-L5.2.0.0
2026-01-12 19:55:28,108 [WARN] PackLoader:240 - Cannot read IP mode file for STMicroelectronics.X-CUBE-NFC6.3.1.0
2026-01-12 19:55:28,145 [WARN] PackLoader:240 - Cannot read IP mode file for STMicroelectronics.X-CUBE-FREERTOS.1.3.1
2026-01-12 19:55:28,173 [WARN] PackLoader:240 - Cannot read IP mode file for STMicroelectronics.X-CUBE-TOUCHGFX.4.26.0
2026-01-12 19:55:28,194 [WARN] PackLoader:240 - Cannot read IP mode file for STMicroelectronics.FP-SNS-STAIOTCFT.1.0.0
2026-01-12 19:55:28,216 [WARN] PackLoader:240 - Cannot read IP mode file for STMicroelectronics.X-CUBE-DPower.1.3.0
2026-01-12 19:55:28,258 [WARN] ConditionMgr:438 - getConditionDescription Invalid condition id : LAN8742 Phy interface Condition cause : null
2026-01-12 19:55:28,259 [WARN] PackLoader:240 - Cannot read IP mode file for STMicroelectronics.X-CUBE-AZRTOS-L4.2.0.0
2026-01-12 19:55:28,260 [WARN] ConditionMgr:1044 - genDependencies : Invalid condition id : LAN8742 Phy interface Condition cause : null
2026-01-12 19:55:28,266 [WARN] ConditionMgr:1044 - genDependencies : Invalid condition id : LAN8742 Phy interface Condition cause : null
2026-01-12 19:55:28,266 [WARN] ConditionMgr:1044 - genDependencies : Invalid condition id : LAN8742 Phy interface Condition cause : null
2026-01-12 19:55:28,302 [WARN] PackLoader:240 - Cannot read IP mode file for STMicroelectronics.X-CUBE-SFXS2LP1.4.0.0
2026-01-12 19:55:28,334 [WARN] PackLoader:240 - Cannot read IP mode file for STMicroelectronics.X-CUBE-BLEMGR.4.1.0
2026-01-12 19:55:28,371 [WARN] ConditionMgr:438 - getConditionDescription Invalid condition id : UX DEVICE CLASS RTOS Condition cause : null
2026-01-12 19:55:28,371 [WARN] ConditionMgr:438 - getConditionDescription Invalid condition id : UX DEVICE CLASS RTOS Condition cause : null
2026-01-12 19:55:28,377 [WARN] PackLoader:240 - Cannot read IP mode file for STMicroelectronics.X-CUBE-AZRTOS-WB.2.0.0
2026-01-12 19:55:28,377 [WARN] ConditionMgr:1044 - genDependencies : Invalid condition id : UX DEVICE CLASS RTOS Condition cause : null
2026-01-12 19:55:28,377 [WARN] ConditionMgr:1044 - genDependencies : Invalid condition id : UX DEVICE CLASS RTOS Condition cause : null
2026-01-12 19:55:28,378 [WARN] ConditionMgr:1044 - genDependencies : Invalid condition id : UX DEVICE CLASS RTOS Condition cause : null
2026-01-12 19:55:28,378 [WARN] ConditionMgr:1044 - genDependencies : Invalid condition id : UX DEVICE CLASS RTOS Condition cause : null
2026-01-12 19:55:28,378 [WARN] ConditionMgr:1044 - genDependencies : Invalid condition id : UX DEVICE CLASS RTOS Condition cause : null
2026-01-12 19:55:28,407 [WARN] PackLoader:240 - Cannot read IP mode file for STMicroelectronics.X-CUBE-GNSS1.7.0.1
2026-01-12 19:55:28,437 [WARN] ConditionMgr:438 - getConditionDescription Invalid condition id : Cortex-A Device cause : null
2026-01-12 19:55:28,481 [WARN] ConditionMgr:1044 - genDependencies : Invalid condition id : Cortex-A Device cause : null
2026-01-12 19:55:28,481 [WARN] ConditionMgr:1044 - genDependencies : Invalid condition id : Cortex-A Device cause : null
2026-01-12 19:55:28,481 [WARN] ConditionMgr:1044 - genDependencies : Invalid condition id : Cortex-A Device cause : null
2026-01-12 19:55:28,507 [WARN] PackLoader:240 - Cannot read IP mode file for STMicroelectronics.X-CUBE-SUBG2.5.0.0
2026-01-12 19:55:28,565 [WARN] PackLoader:240 - Cannot read IP mode file for STMicroelectronics.X-CUBE-AZRTOS-H7RS.1.1.0
2026-01-12 19:55:28,607 [WARN] PackLoader:240 - Cannot read IP mode file for STMicroelectronics.X-CUBE-AZRTOS-G4.2.0.0
2026-01-12 19:55:28,630 [WARN] PackLoader:240 - Cannot read IP mode file for wolfSSL.I-CUBE-wolfSSH.1.4.20
2026-01-12 19:55:28,650 [WARN] PackLoader:240 - Cannot read IP mode file for STMicroelectronics.X-CUBE-NFC7.2.0.0
2026-01-12 19:55:28,699 [WARN] PackLoader:240 - Cannot read IP mode file for STMicroelectronics.X-CUBE-IPS.3.1.0
2026-01-12 19:55:28,725 [WARN] PackLoader:240 - Cannot read IP mode file for STMicroelectronics.X-CUBE-ALS.1.0.2
2026-01-12 19:55:28,748 [WARN] PackLoader:240 - Cannot read IP mode file for STMicroelectronics.X-CUBE-STSE01.1.0.0
2026-01-12 19:55:28,773 [WARN] PackLoader:240 - Cannot read IP mode file for STMicroelectronics.X-CUBE-TOF1.3.4.3
2026-01-12 19:55:28,783 [INFO] ThirdParty:978 - Integrity check success = true
2026-01-12 19:55:28,783 [INFO] IntegrityCheckThread:100 - exiting critical section [integrity check]
2026-01-12 19:55:28,784 [INFO] IntegrityCheckThread:103 - End integrity checks thread
2026-01-12 23:38:23,130 [ERROR] LogOutputStream:75 - [STDERR_REDIRECT] 
