2025-11-29 21:41:24,456 [INFO] Activator:176 - 


2025-11-29 21:41:24,456 [INFO] Activator:177 - !SESSION log4j initialized
2025-11-29 21:41:30,357 [INFO] LogOutputStream:77 - [STDOUT_REDIRECT] 
2025-11-29 21:41:31,308 [INFO] ApplicationProperties:184 - Using Application install path: C:\ST\STM32CubeIDE_1.19.0\STM32CubeIDE\plugins\com.st.stm32cube.common.mx_6.15.0.202507011659
2025-11-29 21:41:31,340 [INFO] DbMcusXml:78 - Set database path to: C:\ST\STM32CubeIDE_1.19.0\STM32CubeIDE\plugins\com.st.stm32cube.common.mx_6.15.0.202507011659\\db\/mcu/
2025-11-29 21:41:31,340 [INFO] ApiDb:274 - Set plugin database path to: C:\ST\STM32CubeIDE_1.19.0\STM32CubeIDE\plugins\com.st.stm32cube.common.mx_6.15.0.202507011659\\db\/plugins/boardmanager/
2025-11-29 21:41:31,340 [WARN] ApiDb:259 - Overriding images path with different value:  => C:\ST\STM32CubeIDE_1.19.0\STM32CubeIDE\plugins\com.st.stm32cube.common.mx_6.15.0.202507011659\\db\/plugins/mcufinder/images/
2025-11-29 21:41:31,355 [INFO] ApiDb:250 - Set database path to: C:\Users\ASUS\.stmcufinder\plugins\mcufinder//mcu/
2025-11-29 21:41:31,355 [INFO] DbMcusAds:125 - Set database path to: C:\Users\ASUS\.stmcufinder\plugins\mcufinder//mcu/
2025-11-29 21:41:31,355 [INFO] CrossReferenceDbSqlite:203 - Set database path to: C:\Users\ASUS\.stmcufinder\plugins\mcufinder//mcu/cs/
2025-11-29 21:41:31,473 [INFO] RulesReader:64 - Compatibility file has been processed (317 Rules)
2025-11-29 21:41:31,556 [INFO] DbMcusXml:78 - Set database path to: C:\ST\STM32CubeIDE_1.19.0\STM32CubeIDE\plugins\com.st.stm32cube.common.mx_6.15.0.202507011659\\db\/mcu/
2025-11-29 21:41:31,556 [INFO] ApiDb:274 - Set plugin database path to: C:\ST\STM32CubeIDE_1.19.0\STM32CubeIDE\plugins\com.st.stm32cube.common.mx_6.15.0.202507011659\\db\/plugins/boardmanager/
2025-11-29 21:41:31,556 [INFO] ApiDb:261 - Set plugin images path to: C:\ST\STM32CubeIDE_1.19.0\STM32CubeIDE\plugins\com.st.stm32cube.common.mx_6.15.0.202507011659\\db\/plugins/mcufinder/images/
2025-11-29 21:41:31,556 [WARN] DbFile:41 - Overriding database path with different value: C:\Users\ASUS\.stmcufinder\plugins\mcufinder/ => C:\Users\ASUS\.stmcufinder\plugins\mcufinder
2025-11-29 21:41:31,556 [INFO] ApiDb:250 - Set database path to: C:\Users\ASUS\.stmcufinder\plugins\mcufinder//mcu/
2025-11-29 21:41:31,556 [WARN] DbFile:41 - Overriding database path with different value: C:\Users\ASUS\.stmcufinder\plugins\mcufinder/ => C:\Users\ASUS\.stmcufinder\plugins\mcufinder
2025-11-29 21:41:31,556 [INFO] DbMcusAds:125 - Set database path to: C:\Users\ASUS\.stmcufinder\plugins\mcufinder//mcu/
2025-11-29 21:41:31,556 [WARN] DbFile:41 - Overriding database path with different value: C:\Users\ASUS\.stmcufinder\plugins\mcufinder/ => C:\Users\ASUS\.stmcufinder\plugins\mcufinder
2025-11-29 21:41:31,556 [WARN] DbFile:41 - Overriding database path with different value: C:\Users\ASUS\.stmcufinder\plugins\mcufinder/ => C:\Users\ASUS\.stmcufinder\plugins\mcufinder
2025-11-29 21:41:31,556 [INFO] CrossReferenceDbSqlite:203 - Set database path to: C:\Users\ASUS\.stmcufinder\plugins\mcufinder//mcu/cs/
2025-11-29 21:41:31,627 [INFO] MainPanel:274 - HeapMemory: 268435456
2025-11-29 21:41:31,782 [INFO] DbMcusXml:78 - Set database path to: C:\ST\STM32CubeIDE_1.19.0\STM32CubeIDE\plugins\com.st.stm32cube.common.mx_6.15.0.202507011659\\db\/mcu/
2025-11-29 21:41:31,782 [INFO] ApiDb:274 - Set plugin database path to: C:\ST\STM32CubeIDE_1.19.0\STM32CubeIDE\plugins\com.st.stm32cube.common.mx_6.15.0.202507011659\\db\/plugins/boardmanager/
2025-11-29 21:41:31,782 [INFO] ApiDb:261 - Set plugin images path to: C:\ST\STM32CubeIDE_1.19.0\STM32CubeIDE\plugins\com.st.stm32cube.common.mx_6.15.0.202507011659\\db\/plugins/mcufinder/images/
2025-11-29 21:41:31,782 [WARN] DbFile:41 - Overriding database path with different value: C:\Users\ASUS\.stmcufinder\plugins\mcufinder/ => C:\Users\ASUS\.stmcufinder\plugins\mcufinder
2025-11-29 21:41:31,782 [INFO] ApiDb:250 - Set database path to: C:\Users\ASUS\.stmcufinder\plugins\mcufinder//mcu/
2025-11-29 21:41:31,782 [WARN] DbFile:41 - Overriding database path with different value: C:\Users\ASUS\.stmcufinder\plugins\mcufinder/ => C:\Users\ASUS\.stmcufinder\plugins\mcufinder
2025-11-29 21:41:31,785 [INFO] DbMcusAds:125 - Set database path to: C:\Users\ASUS\.stmcufinder\plugins\mcufinder//mcu/
2025-11-29 21:41:31,785 [WARN] DbFile:41 - Overriding database path with different value: C:\Users\ASUS\.stmcufinder\plugins\mcufinder/ => C:\Users\ASUS\.stmcufinder\plugins\mcufinder
2025-11-29 21:41:31,785 [WARN] DbFile:41 - Overriding database path with different value: C:\Users\ASUS\.stmcufinder\plugins\mcufinder/ => C:\Users\ASUS\.stmcufinder\plugins\mcufinder
2025-11-29 21:41:31,785 [INFO] CrossReferenceDbSqlite:203 - Set database path to: C:\Users\ASUS\.stmcufinder\plugins\mcufinder//mcu/cs/
2025-11-29 21:41:31,801 [INFO] ApplicationProperties:184 - Using Application install path: C:\ST\STM32CubeIDE_1.19.0\STM32CubeIDE\plugins\com.st.stm32cube.common.mx_6.15.0.202507011659
2025-11-29 21:41:31,801 [INFO] PluginManage:196 - Search for loadable plugins [exclusion list=, ]
2025-11-29 21:41:31,801 [INFO] PluginManage:310 - Check plugin analytics
2025-11-29 21:41:31,939 [INFO] AnalyticsPlugin:253 - Accepted Software Licenses: STM32CubeMX.6.12.1
2025-11-29 21:41:31,939 [INFO] AnalyticsPlugin:255 - Accepted CMSIS Pack Licenses: 
2025-11-29 21:41:31,939 [INFO] AnalyticsPlugin:257 - Accepted Firmware Licenses: 
2025-11-29 21:41:31,939 [INFO] PluginManage:359 - Loaded plugin analytics (category:tool,tabindex:-1)
2025-11-29 21:41:31,939 [INFO] PluginManage:310 - Check plugin cadmodel
2025-11-29 21:41:31,955 [INFO] CADModel:105 - Init CAD model plugin
2025-11-29 21:41:31,955 [INFO] PluginManage:359 - Loaded plugin cadmodel (category:power,tabindex:5)
2025-11-29 21:41:31,955 [INFO] PluginManage:310 - Check plugin clock
2025-11-29 21:41:31,987 [INFO] PluginManage:359 - Loaded plugin clock (category:base,tabindex:2)
2025-11-29 21:41:31,987 [INFO] PluginManage:310 - Check plugin ddr
2025-11-29 21:41:31,987 [INFO] PluginManage:359 - Loaded plugin ddr (category:tool,tabindex:6)
2025-11-29 21:41:31,987 [INFO] PluginManage:310 - Check plugin filemanager
2025-11-29 21:41:32,146 [INFO] PluginManage:359 - Loaded plugin filemanager (category:base,tabindex:10)
2025-11-29 21:41:32,146 [INFO] PluginManage:310 - Check plugin ipmanager
2025-11-29 21:41:32,150 [INFO] PluginManage:359 - Loaded plugin ipmanager (category:base,tabindex:5)
2025-11-29 21:41:32,150 [INFO] PluginManage:310 - Check plugin lpbam
2025-11-29 21:41:32,161 [INFO] PluginManage:359 - Loaded plugin lpbam (category:base,tabindex:0)
2025-11-29 21:41:32,161 [INFO] PluginManage:310 - Check plugin memorymap
2025-11-29 21:41:32,193 [INFO] PluginManage:359 - Loaded plugin memorymap (category:base,tabindex:4)
2025-11-29 21:41:32,193 [INFO] PluginManage:310 - Check plugin pinoutandconfiguration
2025-11-29 21:41:32,209 [INFO] PluginManage:359 - Loaded plugin pinoutandconfiguration (category:base,tabindex:1)
2025-11-29 21:41:32,209 [INFO] PluginManage:310 - Check plugin pinoutconfig
2025-11-29 21:41:32,308 [WARN] SupportedApi:132 - Cannot load RTOS API schema: s4s-elt-must-match.1: The content of 'definitions' must match (annotation?, (simpleType | complexType)?, (unique | key | keyref)*)). A problem was found starting at: attribute.
2025-11-29 21:41:32,494 [INFO] PluginManage:359 - Loaded plugin pinoutconfig (category:base,tabindex:0)
2025-11-29 21:41:32,494 [INFO] PluginManage:310 - Check plugin power
2025-11-29 21:41:32,515 [INFO] PluginManage:359 - Loaded plugin power (category:power,tabindex:4)
2025-11-29 21:41:32,515 [INFO] PluginManage:310 - Check plugin projectmanager
2025-11-29 21:41:32,526 [INFO] PluginManage:359 - Loaded plugin projectmanager (category:projectmanager,tabindex:4)
2025-11-29 21:41:32,526 [INFO] PluginManage:310 - Check plugin rif
2025-11-29 21:41:32,542 [INFO] PluginManage:359 - Loaded plugin rif (category:base,tabindex:3)
2025-11-29 21:41:32,542 [INFO] PluginManage:310 - Check plugin thirdparty
2025-11-29 21:41:32,858 [WARN] IntegrityCheckThread:84 - waiting for thirdparty lock release [integrity check]
2025-11-29 21:41:32,858 [INFO] IntegrityCheckThread:86 - entering critical section [integrity check]
2025-11-29 21:41:32,858 [INFO] ThirdPartyUpdaterWithRetryManager:70 - Updater plugin not ready yet. [1/15]
2025-11-29 21:41:32,858 [INFO] PluginManage:359 - Loaded plugin thirdparty (category:base,tabindex:-1)
2025-11-29 21:41:32,858 [INFO] PluginManage:310 - Check plugin tools
2025-11-29 21:41:32,906 [INFO] PluginManage:359 - Loaded plugin tools (category:base,tabindex:7)
2025-11-29 21:41:32,906 [INFO] PluginManage:310 - Check plugin tutovideos
2025-11-29 21:41:33,114 [INFO] PluginManage:359 - Loaded plugin tutovideos (category:base,tabindex:-1)
2025-11-29 21:41:33,122 [INFO] PluginManage:310 - Check plugin updater
2025-11-29 21:41:33,130 [INFO] PluginManage:359 - Loaded plugin updater (category:base,tabindex:12)
2025-11-29 21:41:33,130 [INFO] PluginManage:310 - Check plugin userauth
2025-11-29 21:41:33,130 [INFO] UserAuth:118 - Init User Auth plugin
2025-11-29 21:41:33,130 [INFO] PluginManage:359 - Loaded plugin userauth (category:base,tabindex:14)
2025-11-29 21:41:33,130 [INFO] PluginManage:283 - PluginManage : Loaded plugins [18]
2025-11-29 21:41:33,339 [INFO] PinOutPanel:1589 - setPackage(No Configuration,No Configuration)
2025-11-29 21:41:33,414 [INFO] CADModel:165 - CPN selected for project level
2025-11-29 21:41:33,414 [INFO] CADModel:114 - Register for checkConnection events
2025-11-29 21:41:33,440 [INFO] IPUIPlugin:80 - create IPUIPlugin
2025-11-29 21:41:33,440 [INFO] PluginManager:220 - loadIPPluginJar : add adc
2025-11-29 21:41:33,478 [INFO] IPUIPlugin:80 - create IPUIPlugin
2025-11-29 21:41:33,478 [INFO] PluginManager:220 - loadIPPluginJar : add aes
2025-11-29 21:41:33,535 [INFO] IPUIPlugin:80 - create IPUIPlugin
2025-11-29 21:41:33,535 [INFO] PluginManager:220 - loadIPPluginJar : add can
2025-11-29 21:41:33,567 [INFO] IPUIPlugin:80 - create IPUIPlugin
2025-11-29 21:41:33,567 [INFO] PluginManager:220 - loadIPPluginJar : add comp
2025-11-29 21:41:33,605 [INFO] IPUIPlugin:80 - create IPUIPlugin
2025-11-29 21:41:33,607 [INFO] PluginManager:220 - loadIPPluginJar : add cryp
2025-11-29 21:41:33,620 [INFO] IPUIPlugin:80 - create IPUIPlugin
2025-11-29 21:41:33,620 [INFO] PluginManager:220 - loadIPPluginJar : add ddr_ctrl_phy
2025-11-29 21:41:33,664 [INFO] IPUIPlugin:80 - create IPUIPlugin
2025-11-29 21:41:33,664 [INFO] PluginManager:220 - loadIPPluginJar : add dfsdm
2025-11-29 21:41:33,679 [INFO] IPUIPlugin:80 - create IPUIPlugin
2025-11-29 21:41:33,679 [INFO] PluginManager:220 - loadIPPluginJar : add dma
2025-11-29 21:41:33,726 [INFO] IPUIPlugin:80 - create IPUIPlugin
2025-11-29 21:41:33,726 [INFO] PluginManager:220 - loadIPPluginJar : add dma3
2025-11-29 21:41:33,778 [INFO] IPUIPlugin:80 - create IPUIPlugin
2025-11-29 21:41:33,778 [INFO] PluginManager:220 - loadIPPluginJar : add extmemmanager
2025-11-29 21:41:33,809 [INFO] IPUIPlugin:80 - create IPUIPlugin
2025-11-29 21:41:33,810 [INFO] PluginManager:220 - loadIPPluginJar : add fatfs
2025-11-29 21:41:33,864 [INFO] IPUIPlugin:80 - create IPUIPlugin
2025-11-29 21:41:33,864 [INFO] PluginManager:220 - loadIPPluginJar : add fmc
2025-11-29 21:41:33,882 [INFO] IPUIPlugin:80 - create IPUIPlugin
2025-11-29 21:41:33,883 [INFO] PluginManager:220 - loadIPPluginJar : add freertos
2025-11-29 21:41:33,905 [INFO] IPUIPlugin:80 - create IPUIPlugin
2025-11-29 21:41:33,905 [INFO] PluginManager:220 - loadIPPluginJar : add genericplugin
2025-11-29 21:41:34,000 [INFO] IPUIPlugin:80 - create IPUIPlugin
2025-11-29 21:41:34,000 [INFO] PluginManager:220 - loadIPPluginJar : add gfxmmu
2025-11-29 21:41:34,150 [INFO] IPUIPlugin:80 - create IPUIPlugin
2025-11-29 21:41:34,150 [INFO] PluginManager:220 - loadIPPluginJar : add gic
2025-11-29 21:41:34,167 [INFO] IPUIPlugin:80 - create IPUIPlugin
2025-11-29 21:41:34,167 [INFO] PluginManager:220 - loadIPPluginJar : add gpio
2025-11-29 21:41:34,270 [INFO] IPUIPlugin:80 - create IPUIPlugin
2025-11-29 21:41:34,270 [INFO] PluginManager:220 - loadIPPluginJar : add gtzc
2025-11-29 21:41:34,309 [INFO] IPUIPlugin:80 - create IPUIPlugin
2025-11-29 21:41:34,309 [INFO] PluginManager:220 - loadIPPluginJar : add hash
2025-11-29 21:41:34,367 [INFO] IPUIPlugin:80 - create IPUIPlugin
2025-11-29 21:41:34,367 [INFO] PluginManager:220 - loadIPPluginJar : add i2c
2025-11-29 21:41:34,398 [INFO] IPUIPlugin:80 - create IPUIPlugin
2025-11-29 21:41:34,410 [INFO] PluginManager:220 - loadIPPluginJar : add i2s
2025-11-29 21:41:34,446 [INFO] IPUIPlugin:80 - create IPUIPlugin
2025-11-29 21:41:34,446 [INFO] PluginManager:220 - loadIPPluginJar : add i3c
2025-11-29 21:41:34,558 [INFO] IPUIPlugin:80 - create IPUIPlugin
2025-11-29 21:41:34,558 [INFO] PluginManager:220 - loadIPPluginJar : add ipddr
2025-11-29 21:41:34,653 [INFO] IPUIPlugin:80 - create IPUIPlugin
2025-11-29 21:41:34,653 [INFO] PluginManager:220 - loadIPPluginJar : add linkedlist
2025-11-29 21:41:34,694 [INFO] IPUIPlugin:80 - create IPUIPlugin
2025-11-29 21:41:34,694 [INFO] PluginManager:220 - loadIPPluginJar : add lorawan
2025-11-29 21:41:34,733 [INFO] IPUIPlugin:80 - create IPUIPlugin
2025-11-29 21:41:34,733 [INFO] PluginManager:220 - loadIPPluginJar : add ltdc
2025-11-29 21:41:34,749 [INFO] IPUIPlugin:80 - create IPUIPlugin
2025-11-29 21:41:34,749 [INFO] PluginManager:220 - loadIPPluginJar : add mdma
2025-11-29 21:41:34,765 [INFO] IPUIPlugin:80 - create IPUIPlugin
2025-11-29 21:41:34,765 [INFO] PluginManager:220 - loadIPPluginJar : add nvic
2025-11-29 21:41:34,796 [INFO] IPUIPlugin:80 - create IPUIPlugin
2025-11-29 21:41:34,796 [INFO] PluginManager:220 - loadIPPluginJar : add opamp
2025-11-29 21:41:34,882 [INFO] IPUIPlugin:80 - create IPUIPlugin
2025-11-29 21:41:34,882 [INFO] PluginManager:220 - loadIPPluginJar : add openamp
2025-11-29 21:41:34,923 [INFO] IPUIPlugin:80 - create IPUIPlugin
2025-11-29 21:41:34,923 [INFO] PluginManager:220 - loadIPPluginJar : add pdm2pcm
2025-11-29 21:41:34,944 [INFO] IPUIPlugin:80 - create IPUIPlugin
2025-11-29 21:41:34,944 [INFO] PluginManager:220 - loadIPPluginJar : add plateformsettings
2025-11-29 21:41:34,971 [INFO] IPUIPlugin:80 - create IPUIPlugin
2025-11-29 21:41:34,971 [INFO] PluginManager:220 - loadIPPluginJar : add quadspi
2025-11-29 21:41:34,986 [INFO] IPUIPlugin:80 - create IPUIPlugin
2025-11-29 21:41:35,001 [INFO] PluginManager:220 - loadIPPluginJar : add radio
2025-11-29 21:41:35,016 [INFO] IPUIPlugin:80 - create IPUIPlugin
2025-11-29 21:41:35,016 [INFO] PluginManager:220 - loadIPPluginJar : add resmgrutility
2025-11-29 21:41:35,066 [INFO] IPUIPlugin:80 - create IPUIPlugin
2025-11-29 21:41:35,066 [INFO] PluginManager:220 - loadIPPluginJar : add sai
2025-11-29 21:41:35,098 [INFO] IPUIPlugin:80 - create IPUIPlugin
2025-11-29 21:41:35,107 [INFO] PluginManager:220 - loadIPPluginJar : add spi
2025-11-29 21:41:35,180 [INFO] IPUIPlugin:80 - create IPUIPlugin
2025-11-29 21:41:35,180 [INFO] PluginManager:220 - loadIPPluginJar : add stm32_wpan
2025-11-29 21:41:35,212 [INFO] IPUIPlugin:80 - create IPUIPlugin
2025-11-29 21:41:35,212 [INFO] PluginManager:220 - loadIPPluginJar : add tim
2025-11-29 21:41:35,276 [INFO] IPUIPlugin:80 - create IPUIPlugin
2025-11-29 21:41:35,276 [INFO] PluginManager:220 - loadIPPluginJar : add touchsensing
2025-11-29 21:41:35,292 [INFO] IPUIPlugin:80 - create IPUIPlugin
2025-11-29 21:41:35,292 [INFO] PluginManager:220 - loadIPPluginJar : add tracer_emb
2025-11-29 21:41:35,324 [INFO] IPUIPlugin:80 - create IPUIPlugin
2025-11-29 21:41:35,324 [INFO] PluginManager:220 - loadIPPluginJar : add ts
2025-11-29 21:41:35,362 [INFO] IPUIPlugin:80 - create IPUIPlugin
2025-11-29 21:41:35,362 [INFO] PluginManager:220 - loadIPPluginJar : add tsc
2025-11-29 21:41:35,387 [INFO] IPUIPlugin:80 - create IPUIPlugin
2025-11-29 21:41:35,387 [INFO] PluginManager:220 - loadIPPluginJar : add ucpd
2025-11-29 21:41:35,435 [INFO] IPUIPlugin:80 - create IPUIPlugin
2025-11-29 21:41:35,435 [INFO] PluginManager:220 - loadIPPluginJar : add usart
2025-11-29 21:41:35,482 [INFO] IPUIPlugin:80 - create IPUIPlugin
2025-11-29 21:41:35,482 [INFO] PluginManager:220 - loadIPPluginJar : add usbx
2025-11-29 21:41:35,610 [FATAL] Updater:351 - Updater called before beeing initialized
2025-11-29 21:41:35,626 [INFO] RulesReader:64 - Compatibility file has been processed (317 Rules)
2025-11-29 21:41:35,644 [INFO] RulesReader:64 - Compatibility file has been processed (317 Rules)
2025-11-29 21:41:35,644 [INFO] CADModel:165 - CPN selected for project level
2025-11-29 21:41:35,644 [INFO] CADModel:114 - Register for checkConnection events
2025-11-29 21:41:35,644 [FATAL] Updater:351 - Updater called before beeing initialized
2025-11-29 21:41:35,644 [ERROR] CADModel:125 - Updater not yet initialized, retry later 
2025-11-29 21:41:35,785 [FATAL] Updater:351 - Updater called before beeing initialized
2025-11-29 21:41:35,785 [INFO] CADModel:165 - CPN selected for project level
2025-11-29 21:41:35,785 [INFO] CADModel:114 - Register for checkConnection events
2025-11-29 21:41:35,785 [FATAL] Updater:351 - Updater called before beeing initialized
2025-11-29 21:41:35,785 [ERROR] CADModel:125 - Updater not yet initialized, retry later 
2025-11-29 21:41:35,801 [FATAL] Updater:351 - Updater called before beeing initialized
2025-11-29 21:41:35,880 [INFO] ThirdPartyUpdaterWithRetryManager:70 - Updater plugin not ready yet. [2/15]
2025-11-29 21:41:35,889 [FATAL] Updater:351 - Updater called before beeing initialized
2025-11-29 21:41:35,893 [INFO] DbMcusAds:53 - JSON generation date=Thu Oct 02 16:36:05 ICT 2025 (1759397765645)
2025-11-29 21:41:35,893 [FATAL] Updater:351 - Updater called before beeing initialized
2025-11-29 21:41:35,924 [WARN] DetailPanel:346 - Failed to get advertising image, set to default
2025-11-29 21:41:35,988 [FATAL] Updater:351 - Updater called before beeing initialized
2025-11-29 21:41:36,004 [FATAL] Updater:351 - Updater called before beeing initialized
2025-11-29 21:41:36,004 [FATAL] Updater:351 - Updater called before beeing initialized
2025-11-29 21:41:36,004 [WARN] DetailPanel:346 - Failed to get advertising image, set to default
2025-11-29 21:41:36,004 [FATAL] Updater:351 - Updater called before beeing initialized
2025-11-29 21:41:36,052 [ERROR] Updater:1198 - MainUpdater not yet initialized. External WinMGr cannot be set.
2025-11-29 21:41:36,067 [INFO] Updater:1134 - Updater Version found : 6.15.0
2025-11-29 21:41:36,083 [INFO] ApplicationProperties:184 - Using Application install path: C:\ST\STM32CubeIDE_1.19.0\STM32CubeIDE\plugins\com.st.stm32cube.common.mx_6.15.0.202507011659
2025-11-29 21:41:37,669 [ERROR] LogOutputStream:75 - [STDERR_REDIRECT] Nov 29, 2025 9:41:37 PM java.util.prefs.WindowsPreferences <init>
2025-11-29 21:41:37,670 [ERROR] LogOutputStream:75 - [STDERR_REDIRECT] WARNING: Could not open/create prefs root node Software\JavaSoft\Prefs at root 0xffffffff80000002. Windows RegCreateKeyEx(...) returned error code 5.
2025-11-29 21:41:37,671 [ERROR] LogOutputStream:75 - [STDERR_REDIRECT] 
2025-11-29 21:41:37,955 [INFO] MainUpdater:2872 - connection check result : 10
2025-11-29 21:41:37,955 [INFO] MainUpdater:289 - Updater Check For Update Now.
2025-11-29 21:41:37,956 [INFO] MicroXplorer:498 - Change Database Version : DB.6.0.150
2025-11-29 21:41:37,974 [INFO] McuFinderGlobals:63 - Set McuFinder mode to 2 (CubeIDE integrated)
2025-11-29 21:41:37,974 [INFO] UserAuth:171 - activating auth plugin
2025-11-29 21:41:37,978 [INFO] UserAuth:487 - Internet connection configuration mode: 1
2025-11-29 21:41:38,029 [INFO] JxBrowserEngine:152 - Initiate JxBrowser Engine with user profile folder
2025-11-29 21:41:38,205 [INFO] CheckServerUpdateThread:120 - End of CheckServer Thread
2025-11-29 21:41:39,424 [WARN] PackLoader:240 - Cannot read IP mode file for STMicroelectronics.FP-SNS-MOTENVWB1.1.4.0
2025-11-29 21:41:39,443 [WARN] PackLoader:240 - Cannot read IP mode file for STMicroelectronics.FP-ATR-ASTRA1.2.0.2
2025-11-29 21:41:39,468 [WARN] PackLoader:240 - Cannot read IP mode file for STMicroelectronics.X-CUBE-SMBUS.2.1.0
2025-11-29 21:41:39,485 [WARN] PackLoader:240 - Cannot read IP mode file for STMicroelectronics.X-CUBE-ST60.1.0.0
2025-11-29 21:41:39,533 [WARN] PackLoader:240 - Cannot read IP mode file for STMicroelectronics.X-CUBE-AZRTOS-F7.1.1.0
2025-11-29 21:41:39,563 [WARN] PackLoader:240 - Cannot read IP mode file for Cesanta.I-CUBE-Mongoose.7.19.0
2025-11-29 21:41:39,582 [WARN] PackLoader:240 - Cannot read IP mode file for STMicroelectronics.FP-SNS-MOTENV1.5.1.0
2025-11-29 21:41:39,603 [WARN] PackLoader:240 - Cannot read IP mode file for WES.I-CUBE-Cesium.1.4.0
2025-11-29 21:41:39,659 [WARN] PackLoader:240 - Cannot read IP mode file for Infineon.AIROC-Wi-Fi-Bluetooth-STM32.1.7.1
2025-11-29 21:41:39,693 [INFO] WebApp:169 - Instantiating new browser for Auth
2025-11-29 21:41:39,712 [WARN] PackLoader:240 - Cannot read IP mode file for STMicroelectronics.X-CUBE-AZRTOS-H7.3.4.0
2025-11-29 21:41:39,797 [WARN] PackLoader:240 - Cannot read IP mode file for STMicroelectronics.X-CUBE-DISPLAY.3.0.0
2025-11-29 21:41:39,832 [WARN] PackLoader:240 - Cannot read IP mode file for STMicroelectronics.X-CUBE-NFC10.1.0.0
2025-11-29 21:41:39,855 [WARN] PackLoader:240 - Cannot read IP mode file for STMicroelectronics.X-CUBE-ST60.1.1.0
2025-11-29 21:41:39,887 [WARN] PackLoader:240 - Cannot read IP mode file for emotas.I-CUBE-CANOPEN.1.3.0
2025-11-29 21:41:39,910 [WARN] PackLoader:240 - Cannot read IP mode file for STMicroelectronics.X-CUBE-GNSS1.7.1.0
2025-11-29 21:41:39,939 [WARN] PackLoader:240 - Cannot read IP mode file for STMicroelectronics.FP-SNS-STBOX1.2.1.0
2025-11-29 21:41:39,973 [WARN] PackLoader:240 - Cannot read IP mode file for STMicroelectronics.FP-SNS-SMARTAG2.1.2.0
2025-11-29 21:41:39,994 [WARN] PackLoader:240 - Cannot read IP mode file for STMicroelectronics.FP-SNS-FLIGHT1.5.1.0
2025-11-29 21:41:40,027 [INFO] LogOutputStream:77 - [STDOUT_REDIRECT] 1 : Invalid condition id : UX_CORESTACK_Condition cause : null
2025-11-29 21:41:40,029 [INFO] LogOutputStream:77 - [STDOUT_REDIRECT] 1 : Invalid condition id : UX_CORESTACK_Condition cause : null
2025-11-29 21:41:40,031 [INFO] LogOutputStream:77 - [STDOUT_REDIRECT] 1 : Invalid condition id : UX_CORESTACK_Condition cause : null
2025-11-29 21:41:40,031 [INFO] LogOutputStream:77 - [STDOUT_REDIRECT] 1 : Invalid condition id : UX_CORESTACK_Condition cause : null
2025-11-29 21:41:40,033 [INFO] LogOutputStream:77 - [STDOUT_REDIRECT] 1 : Invalid condition id : UX_CORESTACK_Condition cause : null
2025-11-29 21:41:40,038 [WARN] PackLoader:240 - Cannot read IP mode file for STMicroelectronics.X-CUBE-AZRTOS-WL.2.0.0
2025-11-29 21:41:40,066 [WARN] PackLoader:240 - Cannot read IP mode file for STMicroelectronics.FP-SNS-MOTENV1.5.0.0
2025-11-29 21:41:40,190 [WARN] PackLoader:240 - Cannot read IP mode file for STMicroelectronics.X-CUBE-AZRTOS-H7RS.1.2.0
2025-11-29 21:41:40,231 [WARN] PackLoader:240 - Cannot read IP mode file for STMicroelectronics.X-CUBE-BLE2.3.3.0
2025-11-29 21:41:40,369 [WARN] PackLoader:240 - Cannot read IP mode file for STMicroelectronics.X-CUBE-NFC9.1.0.0
2025-11-29 21:41:40,391 [WARN] PackLoader:240 - Cannot read IP mode file for wolfSSL.I-CUBE-wolfSSL.5.8.2
2025-11-29 21:41:40,418 [WARN] PackLoader:240 - Cannot read IP mode file for STMicroelectronics.X-CUBE-BLE1.7.1.0
2025-11-29 21:41:40,441 [WARN] PackLoader:240 - Cannot read IP mode file for wolfSSL.I-CUBE-wolfMQTT.1.19.2
2025-11-29 21:41:40,464 [WARN] PackLoader:240 - Cannot read IP mode file for STMicroelectronics.X-CUBE-FREERTOS.1.4.0
2025-11-29 21:41:40,482 [WARN] PackLoader:240 - Cannot read IP mode file for STMicroelectronics.X-CUBE-EEPRMA1.5.2.0
2025-11-29 21:41:40,508 [WARN] PackLoader:240 - Cannot read IP mode file for STMicroelectronics.X-CUBE-ST67W61.1.1.0
2025-11-29 21:41:40,644 [WARN] PackLoader:240 - Cannot read IP mode file for STMicroelectronics.X-CUBE-MEMS1.12.0.0
2025-11-29 21:41:40,805 [WARN] PackLoader:240 - Cannot read IP mode file for STMicroelectronics.X-CUBE-AZRTOS-G0.1.1.0
2025-11-29 21:41:40,825 [WARN] PackLoader:240 - Cannot read IP mode file for STMicroelectronics.X-CUBE-SAFEA1.1.2.2
2025-11-29 21:41:40,845 [WARN] PackLoader:240 - Cannot read IP mode file for STMicroelectronics.X-CUBE-NFC4.3.0.0
2025-11-29 21:41:40,870 [WARN] PackLoader:240 - Cannot read IP mode file for EmbeddedOffice.I-CUBE-FS-RTOS.1.0.1
2025-11-29 21:41:40,911 [WARN] PackLoader:240 - Cannot read IP mode file for STMicroelectronics.X-CUBE-WB05N.2.0.0
2025-11-29 21:41:40,954 [WARN] PackLoader:240 - Cannot read IP mode file for wolfSSL.I-CUBE-wolfTPM.3.8.0
2025-11-29 21:41:40,995 [WARN] PackLoader:240 - Cannot read IP mode file for STMicroelectronics.X-CUBE-TCPP.4.2.0
2025-11-29 21:41:41,033 [WARN] PackLoader:240 - Cannot read IP mode file for RealThread.X-CUBE-RT-Thread_Nano.4.1.1
2025-11-29 21:41:41,069 [WARN] PackLoader:240 - Cannot read IP mode file for STMicroelectronics.FP-ATR-SIGFOX1.3.2.0
2025-11-29 21:41:41,111 [WARN] PackLoader:240 - Cannot read IP mode file for ITTIA_DB.I-CUBE-ITTIADB.8.9.0
2025-11-29 21:41:41,113 [INFO] WebApp:463 - Apply proxy settings
2025-11-29 21:41:41,114 [INFO] WebApp:548 - Chromium requires no authentication
2025-11-29 21:41:41,130 [INFO] WebApp:491 - Direct internet connection detected
2025-11-29 21:41:41,167 [WARN] PackLoader:240 - Cannot read IP mode file for STMicroelectronics.X-CUBE-ST67W61.1.0.0
2025-11-29 21:41:41,199 [INFO] WebApp:900 - Register for checkConnection events
2025-11-29 21:41:41,199 [INFO] WebApp:463 - Apply proxy settings
2025-11-29 21:41:41,199 [INFO] WebApp:548 - Chromium requires no authentication
2025-11-29 21:41:41,200 [INFO] WebApp:491 - Direct internet connection detected
2025-11-29 21:41:41,204 [WARN] PackLoader:240 - Cannot read IP mode file for STMicroelectronics.X-CUBE-AI.10.2.0
2025-11-29 21:41:41,247 [WARN] PackLoader:240 - Cannot read IP mode file for SEGGER.I-CUBE-embOS.1.3.1
2025-11-29 21:41:41,301 [WARN] PackLoader:240 - Cannot read IP mode file for STMicroelectronics.X-CUBE-ALGOBUILD.1.4.0
2025-11-29 21:41:41,376 [INFO] WebApp:191 - Connection restablished
2025-11-29 21:41:41,437 [WARN] PackLoader:240 - Cannot read IP mode file for STMicroelectronics.X-CUBE-MEMS1.11.3.0
2025-11-29 21:41:41,855 [WARN] PackLoader:240 - Cannot read IP mode file for STMicroelectronics.X-CUBE-PM33A1.1.0.0
2025-11-29 21:41:41,892 [INFO] WebApp:225 - Starting web application
2025-11-29 21:41:41,892 [INFO] WebApp:593 - Web application path used C:\ST\STM32CubeIDE_1.19.0\STM32CubeIDE\plugins\com.st.stm32cube.common.mx_6.15.0.202507011659\db\plugins\mcufinder\reactClient1\index.html
2025-11-29 21:41:41,932 [WARN] PackLoader:240 - Cannot read IP mode file for STMicroelectronics.X-CUBE-AZRTOS-F4.1.1.0
2025-11-29 21:41:41,998 [WARN] PackLoader:240 - Cannot read IP mode file for STMicroelectronics.X-CUBE-ISPU.2.1.0
2025-11-29 21:41:42,054 [WARN] PackLoader:240 - Cannot read IP mode file for STMicroelectronics.X-CUBE-IPS.3.2.0
2025-11-29 21:41:42,100 [WARN] PackLoader:240 - Cannot read IP mode file for STMicroelectronics.X-CUBE-NFC12.1.0.0
2025-11-29 21:41:42,170 [WARN] PackLoader:240 - Cannot read IP mode file for STMicroelectronics.X-CUBE-AZRTOS-L5.2.0.0
2025-11-29 21:41:42,206 [WARN] PackLoader:240 - Cannot read IP mode file for STMicroelectronics.X-CUBE-NFC6.3.1.0
2025-11-29 21:41:42,232 [WARN] PackLoader:240 - Cannot read IP mode file for STMicroelectronics.X-CUBE-FREERTOS.1.3.1
2025-11-29 21:41:42,253 [WARN] PackLoader:240 - Cannot read IP mode file for STMicroelectronics.X-CUBE-TOUCHGFX.4.26.0
2025-11-29 21:41:42,270 [WARN] PackLoader:240 - Cannot read IP mode file for STMicroelectronics.FP-SNS-STAIOTCFT.1.0.0
2025-11-29 21:41:42,293 [WARN] PackLoader:240 - Cannot read IP mode file for STMicroelectronics.X-CUBE-DPower.1.3.0
2025-11-29 21:41:42,325 [WARN] ConditionMgr:438 - getConditionDescription Invalid condition id : LAN8742 Phy interface Condition cause : null
2025-11-29 21:41:42,325 [WARN] PackLoader:240 - Cannot read IP mode file for STMicroelectronics.X-CUBE-AZRTOS-L4.2.0.0
2025-11-29 21:41:42,326 [WARN] ConditionMgr:1044 - genDependencies : Invalid condition id : LAN8742 Phy interface Condition cause : null
2025-11-29 21:41:42,326 [WARN] ConditionMgr:1044 - genDependencies : Invalid condition id : LAN8742 Phy interface Condition cause : null
2025-11-29 21:41:42,327 [WARN] ConditionMgr:1044 - genDependencies : Invalid condition id : LAN8742 Phy interface Condition cause : null
2025-11-29 21:41:42,344 [WARN] PackLoader:240 - Cannot read IP mode file for STMicroelectronics.X-CUBE-SFXS2LP1.4.0.0
2025-11-29 21:41:42,364 [WARN] PackLoader:240 - Cannot read IP mode file for STMicroelectronics.X-CUBE-BLEMGR.4.1.0
2025-11-29 21:41:42,391 [WARN] ConditionMgr:438 - getConditionDescription Invalid condition id : UX DEVICE CLASS RTOS Condition cause : null
2025-11-29 21:41:42,391 [WARN] ConditionMgr:438 - getConditionDescription Invalid condition id : UX DEVICE CLASS RTOS Condition cause : null
2025-11-29 21:41:42,396 [WARN] PackLoader:240 - Cannot read IP mode file for STMicroelectronics.X-CUBE-AZRTOS-WB.2.0.0
2025-11-29 21:41:42,397 [WARN] ConditionMgr:1044 - genDependencies : Invalid condition id : UX DEVICE CLASS RTOS Condition cause : null
2025-11-29 21:41:42,397 [WARN] ConditionMgr:1044 - genDependencies : Invalid condition id : UX DEVICE CLASS RTOS Condition cause : null
2025-11-29 21:41:42,399 [WARN] ConditionMgr:1044 - genDependencies : Invalid condition id : UX DEVICE CLASS RTOS Condition cause : null
2025-11-29 21:41:42,399 [WARN] ConditionMgr:1044 - genDependencies : Invalid condition id : UX DEVICE CLASS RTOS Condition cause : null
2025-11-29 21:41:42,399 [WARN] ConditionMgr:1044 - genDependencies : Invalid condition id : UX DEVICE CLASS RTOS Condition cause : null
2025-11-29 21:41:42,418 [WARN] PackLoader:240 - Cannot read IP mode file for STMicroelectronics.X-CUBE-GNSS1.7.0.1
2025-11-29 21:41:42,441 [WARN] ConditionMgr:438 - getConditionDescription Invalid condition id : Cortex-A Device cause : null
2025-11-29 21:41:42,469 [WARN] ConditionMgr:1044 - genDependencies : Invalid condition id : Cortex-A Device cause : null
2025-11-29 21:41:42,469 [WARN] ConditionMgr:1044 - genDependencies : Invalid condition id : Cortex-A Device cause : null
2025-11-29 21:41:42,469 [WARN] ConditionMgr:1044 - genDependencies : Invalid condition id : Cortex-A Device cause : null
2025-11-29 21:41:42,492 [WARN] PackLoader:240 - Cannot read IP mode file for STMicroelectronics.X-CUBE-SUBG2.5.0.0
2025-11-29 21:41:42,550 [WARN] PackLoader:240 - Cannot read IP mode file for STMicroelectronics.X-CUBE-AZRTOS-H7RS.1.1.0
2025-11-29 21:41:42,621 [WARN] PackLoader:240 - Cannot read IP mode file for STMicroelectronics.X-CUBE-AZRTOS-G4.2.0.0
2025-11-29 21:41:42,655 [WARN] PackLoader:240 - Cannot read IP mode file for wolfSSL.I-CUBE-wolfSSH.1.4.20
2025-11-29 21:41:42,673 [WARN] PackLoader:240 - Cannot read IP mode file for STMicroelectronics.X-CUBE-NFC7.2.0.0
2025-11-29 21:41:42,717 [WARN] PackLoader:240 - Cannot read IP mode file for STMicroelectronics.X-CUBE-IPS.3.1.0
2025-11-29 21:41:42,747 [WARN] PackLoader:240 - Cannot read IP mode file for STMicroelectronics.X-CUBE-ALS.1.0.2
2025-11-29 21:41:42,771 [WARN] PackLoader:240 - Cannot read IP mode file for STMicroelectronics.X-CUBE-STSE01.1.0.0
2025-11-29 21:41:42,797 [WARN] PackLoader:240 - Cannot read IP mode file for STMicroelectronics.X-CUBE-TOF1.3.4.3
2025-11-29 21:41:42,804 [INFO] ThirdParty:978 - Integrity check success = true
2025-11-29 21:41:42,804 [INFO] IntegrityCheckThread:100 - exiting critical section [integrity check]
2025-11-29 21:41:42,805 [INFO] IntegrityCheckThread:103 - End integrity checks thread
2025-11-29 21:50:51,832 [INFO] LogOutputStream:77 - [STDOUT_REDIRECT] StartTraceHandler.execute(), success : Collect=true
2025-11-29 21:51:53,815 [INFO] LogOutputStream:77 - [STDOUT_REDIRECT] StartTraceHandler.execute(), success : Collect=false
2025-11-29 21:51:57,395 [INFO] LogOutputStream:77 - [STDOUT_REDIRECT] StartTraceHandler.execute(), success : Collect=true
2025-11-29 22:50:50,696 [ERROR] LogOutputStream:75 - [STDERR_REDIRECT] 
