2025-11-20 00:25:46,363 [ERROR] LogOutputStream:75 - [STDERR_REDIRECT] 
2025-11-20 21:50:48,844 [INFO] Activator:176 - 


2025-11-20 21:50:48,845 [INFO] Activator:177 - !SESSION log4j initialized
2025-11-20 21:50:54,963 [INFO] LogOutputStream:77 - [STDOUT_REDIRECT] 
2025-11-20 21:50:55,985 [INFO] ApplicationProperties:184 - Using Application install path: C:\ST\STM32CubeIDE_1.19.0\STM32CubeIDE\plugins\com.st.stm32cube.common.mx_6.15.0.202507011659
2025-11-20 21:50:56,001 [INFO] DbMcusXml:78 - Set database path to: C:\ST\STM32CubeIDE_1.19.0\STM32CubeIDE\plugins\com.st.stm32cube.common.mx_6.15.0.202507011659\\db\/mcu/
2025-11-20 21:50:56,001 [INFO] ApiDb:274 - Set plugin database path to: C:\ST\STM32CubeIDE_1.19.0\STM32CubeIDE\plugins\com.st.stm32cube.common.mx_6.15.0.202507011659\\db\/plugins/boardmanager/
2025-11-20 21:50:56,001 [WARN] ApiDb:259 - Overriding images path with different value:  => C:\ST\STM32CubeIDE_1.19.0\STM32CubeIDE\plugins\com.st.stm32cube.common.mx_6.15.0.202507011659\\db\/plugins/mcufinder/images/
2025-11-20 21:50:56,016 [INFO] ApiDb:250 - Set database path to: C:\Users\ASUS\.stmcufinder\plugins\mcufinder//mcu/
2025-11-20 21:50:56,017 [INFO] DbMcusAds:125 - Set database path to: C:\Users\ASUS\.stmcufinder\plugins\mcufinder//mcu/
2025-11-20 21:50:56,020 [INFO] CrossReferenceDbSqlite:203 - Set database path to: C:\Users\ASUS\.stmcufinder\plugins\mcufinder//mcu/cs/
2025-11-20 21:50:56,131 [INFO] RulesReader:64 - Compatibility file has been processed (317 Rules)
2025-11-20 21:50:56,209 [INFO] DbMcusXml:78 - Set database path to: C:\ST\STM32CubeIDE_1.19.0\STM32CubeIDE\plugins\com.st.stm32cube.common.mx_6.15.0.202507011659\\db\/mcu/
2025-11-20 21:50:56,209 [INFO] ApiDb:274 - Set plugin database path to: C:\ST\STM32CubeIDE_1.19.0\STM32CubeIDE\plugins\com.st.stm32cube.common.mx_6.15.0.202507011659\\db\/plugins/boardmanager/
2025-11-20 21:50:56,209 [INFO] ApiDb:261 - Set plugin images path to: C:\ST\STM32CubeIDE_1.19.0\STM32CubeIDE\plugins\com.st.stm32cube.common.mx_6.15.0.202507011659\\db\/plugins/mcufinder/images/
2025-11-20 21:50:56,209 [WARN] DbFile:41 - Overriding database path with different value: C:\Users\ASUS\.stmcufinder\plugins\mcufinder/ => C:\Users\ASUS\.stmcufinder\plugins\mcufinder
2025-11-20 21:50:56,209 [INFO] ApiDb:250 - Set database path to: C:\Users\ASUS\.stmcufinder\plugins\mcufinder//mcu/
2025-11-20 21:50:56,210 [WARN] DbFile:41 - Overriding database path with different value: C:\Users\ASUS\.stmcufinder\plugins\mcufinder/ => C:\Users\ASUS\.stmcufinder\plugins\mcufinder
2025-11-20 21:50:56,210 [INFO] DbMcusAds:125 - Set database path to: C:\Users\ASUS\.stmcufinder\plugins\mcufinder//mcu/
2025-11-20 21:50:56,210 [WARN] DbFile:41 - Overriding database path with different value: C:\Users\ASUS\.stmcufinder\plugins\mcufinder/ => C:\Users\ASUS\.stmcufinder\plugins\mcufinder
2025-11-20 21:50:56,210 [WARN] DbFile:41 - Overriding database path with different value: C:\Users\ASUS\.stmcufinder\plugins\mcufinder/ => C:\Users\ASUS\.stmcufinder\plugins\mcufinder
2025-11-20 21:50:56,210 [INFO] CrossReferenceDbSqlite:203 - Set database path to: C:\Users\ASUS\.stmcufinder\plugins\mcufinder//mcu/cs/
2025-11-20 21:50:56,294 [INFO] MainPanel:274 - HeapMemory: 268435456
2025-11-20 21:50:56,395 [INFO] DbMcusXml:78 - Set database path to: C:\ST\STM32CubeIDE_1.19.0\STM32CubeIDE\plugins\com.st.stm32cube.common.mx_6.15.0.202507011659\\db\/mcu/
2025-11-20 21:50:56,395 [INFO] ApiDb:274 - Set plugin database path to: C:\ST\STM32CubeIDE_1.19.0\STM32CubeIDE\plugins\com.st.stm32cube.common.mx_6.15.0.202507011659\\db\/plugins/boardmanager/
2025-11-20 21:50:56,395 [INFO] ApiDb:261 - Set plugin images path to: C:\ST\STM32CubeIDE_1.19.0\STM32CubeIDE\plugins\com.st.stm32cube.common.mx_6.15.0.202507011659\\db\/plugins/mcufinder/images/
2025-11-20 21:50:56,395 [WARN] DbFile:41 - Overriding database path with different value: C:\Users\ASUS\.stmcufinder\plugins\mcufinder/ => C:\Users\ASUS\.stmcufinder\plugins\mcufinder
2025-11-20 21:50:56,395 [INFO] ApiDb:250 - Set database path to: C:\Users\ASUS\.stmcufinder\plugins\mcufinder//mcu/
2025-11-20 21:50:56,395 [WARN] DbFile:41 - Overriding database path with different value: C:\Users\ASUS\.stmcufinder\plugins\mcufinder/ => C:\Users\ASUS\.stmcufinder\plugins\mcufinder
2025-11-20 21:50:56,395 [INFO] DbMcusAds:125 - Set database path to: C:\Users\ASUS\.stmcufinder\plugins\mcufinder//mcu/
2025-11-20 21:50:56,396 [WARN] DbFile:41 - Overriding database path with different value: C:\Users\ASUS\.stmcufinder\plugins\mcufinder/ => C:\Users\ASUS\.stmcufinder\plugins\mcufinder
2025-11-20 21:50:56,396 [WARN] DbFile:41 - Overriding database path with different value: C:\Users\ASUS\.stmcufinder\plugins\mcufinder/ => C:\Users\ASUS\.stmcufinder\plugins\mcufinder
2025-11-20 21:50:56,396 [INFO] CrossReferenceDbSqlite:203 - Set database path to: C:\Users\ASUS\.stmcufinder\plugins\mcufinder//mcu/cs/
2025-11-20 21:50:56,413 [INFO] ApplicationProperties:184 - Using Application install path: C:\ST\STM32CubeIDE_1.19.0\STM32CubeIDE\plugins\com.st.stm32cube.common.mx_6.15.0.202507011659
2025-11-20 21:50:56,414 [INFO] PluginManage:196 - Search for loadable plugins [exclusion list=, ]
2025-11-20 21:50:56,415 [INFO] PluginManage:310 - Check plugin analytics
2025-11-20 21:50:56,565 [INFO] AnalyticsPlugin:253 - Accepted Software Licenses: STM32CubeMX.6.12.1
2025-11-20 21:50:56,566 [INFO] AnalyticsPlugin:255 - Accepted CMSIS Pack Licenses: 
2025-11-20 21:50:56,566 [INFO] AnalyticsPlugin:257 - Accepted Firmware Licenses: 
2025-11-20 21:50:56,567 [INFO] PluginManage:359 - Loaded plugin analytics (category:tool,tabindex:-1)
2025-11-20 21:50:56,568 [INFO] PluginManage:310 - Check plugin cadmodel
2025-11-20 21:50:56,585 [INFO] CADModel:105 - Init CAD model plugin
2025-11-20 21:50:56,586 [INFO] PluginManage:359 - Loaded plugin cadmodel (category:power,tabindex:5)
2025-11-20 21:50:56,586 [INFO] PluginManage:310 - Check plugin clock
2025-11-20 21:50:56,605 [INFO] PluginManage:359 - Loaded plugin clock (category:base,tabindex:2)
2025-11-20 21:50:56,606 [INFO] PluginManage:310 - Check plugin ddr
2025-11-20 21:50:56,608 [INFO] PluginManage:359 - Loaded plugin ddr (category:tool,tabindex:6)
2025-11-20 21:50:56,608 [INFO] PluginManage:310 - Check plugin filemanager
2025-11-20 21:50:56,741 [INFO] PluginManage:359 - Loaded plugin filemanager (category:base,tabindex:10)
2025-11-20 21:50:56,741 [INFO] PluginManage:310 - Check plugin ipmanager
2025-11-20 21:50:56,746 [INFO] PluginManage:359 - Loaded plugin ipmanager (category:base,tabindex:5)
2025-11-20 21:50:56,747 [INFO] PluginManage:310 - Check plugin lpbam
2025-11-20 21:50:56,765 [INFO] PluginManage:359 - Loaded plugin lpbam (category:base,tabindex:0)
2025-11-20 21:50:56,765 [INFO] PluginManage:310 - Check plugin memorymap
2025-11-20 21:50:56,790 [INFO] PluginManage:359 - Loaded plugin memorymap (category:base,tabindex:4)
2025-11-20 21:50:56,791 [INFO] PluginManage:310 - Check plugin pinoutandconfiguration
2025-11-20 21:50:56,811 [INFO] PluginManage:359 - Loaded plugin pinoutandconfiguration (category:base,tabindex:1)
2025-11-20 21:50:56,811 [INFO] PluginManage:310 - Check plugin pinoutconfig
2025-11-20 21:50:56,908 [WARN] SupportedApi:132 - Cannot load RTOS API schema: s4s-elt-must-match.1: The content of 'definitions' must match (annotation?, (simpleType | complexType)?, (unique | key | keyref)*)). A problem was found starting at: attribute.
2025-11-20 21:50:57,032 [INFO] PluginManage:359 - Loaded plugin pinoutconfig (category:base,tabindex:0)
2025-11-20 21:50:57,032 [INFO] PluginManage:310 - Check plugin power
2025-11-20 21:50:57,057 [INFO] PluginManage:359 - Loaded plugin power (category:power,tabindex:4)
2025-11-20 21:50:57,058 [INFO] PluginManage:310 - Check plugin projectmanager
2025-11-20 21:50:57,072 [INFO] PluginManage:359 - Loaded plugin projectmanager (category:projectmanager,tabindex:4)
2025-11-20 21:50:57,072 [INFO] PluginManage:310 - Check plugin rif
2025-11-20 21:50:57,095 [INFO] PluginManage:359 - Loaded plugin rif (category:base,tabindex:3)
2025-11-20 21:50:57,095 [INFO] PluginManage:310 - Check plugin thirdparty
2025-11-20 21:50:57,412 [INFO] PluginManage:359 - Loaded plugin thirdparty (category:base,tabindex:-1)
2025-11-20 21:50:57,412 [WARN] IntegrityCheckThread:84 - waiting for thirdparty lock release [integrity check]
2025-11-20 21:50:57,412 [INFO] PluginManage:310 - Check plugin tools
2025-11-20 21:50:57,412 [INFO] IntegrityCheckThread:86 - entering critical section [integrity check]
2025-11-20 21:50:57,412 [INFO] ThirdPartyUpdaterWithRetryManager:70 - Updater plugin not ready yet. [1/15]
2025-11-20 21:50:57,458 [INFO] PluginManage:359 - Loaded plugin tools (category:base,tabindex:7)
2025-11-20 21:50:57,458 [INFO] PluginManage:310 - Check plugin tutovideos
2025-11-20 21:50:57,675 [INFO] PluginManage:359 - Loaded plugin tutovideos (category:base,tabindex:-1)
2025-11-20 21:50:57,675 [INFO] PluginManage:310 - Check plugin updater
2025-11-20 21:50:57,694 [INFO] PluginManage:359 - Loaded plugin updater (category:base,tabindex:12)
2025-11-20 21:50:57,694 [INFO] PluginManage:310 - Check plugin userauth
2025-11-20 21:50:57,698 [INFO] UserAuth:118 - Init User Auth plugin
2025-11-20 21:50:57,699 [INFO] PluginManage:359 - Loaded plugin userauth (category:base,tabindex:14)
2025-11-20 21:50:57,699 [INFO] PluginManage:283 - PluginManage : Loaded plugins [18]
2025-11-20 21:50:57,884 [INFO] PinOutPanel:1589 - setPackage(No Configuration,No Configuration)
2025-11-20 21:50:57,968 [INFO] CADModel:165 - CPN selected for project level
2025-11-20 21:50:57,968 [INFO] CADModel:114 - Register for checkConnection events
2025-11-20 21:50:57,999 [INFO] IPUIPlugin:80 - create IPUIPlugin
2025-11-20 21:50:57,999 [INFO] PluginManager:220 - loadIPPluginJar : add adc
2025-11-20 21:50:58,053 [INFO] IPUIPlugin:80 - create IPUIPlugin
2025-11-20 21:50:58,053 [INFO] PluginManager:220 - loadIPPluginJar : add aes
2025-11-20 21:50:58,106 [INFO] IPUIPlugin:80 - create IPUIPlugin
2025-11-20 21:50:58,107 [INFO] PluginManager:220 - loadIPPluginJar : add can
2025-11-20 21:50:58,139 [INFO] IPUIPlugin:80 - create IPUIPlugin
2025-11-20 21:50:58,139 [INFO] PluginManager:220 - loadIPPluginJar : add comp
2025-11-20 21:50:58,182 [INFO] IPUIPlugin:80 - create IPUIPlugin
2025-11-20 21:50:58,182 [INFO] PluginManager:220 - loadIPPluginJar : add cryp
2025-11-20 21:50:58,196 [INFO] IPUIPlugin:80 - create IPUIPlugin
2025-11-20 21:50:58,196 [INFO] PluginManager:220 - loadIPPluginJar : add ddr_ctrl_phy
2025-11-20 21:50:58,233 [INFO] IPUIPlugin:80 - create IPUIPlugin
2025-11-20 21:50:58,233 [INFO] PluginManager:220 - loadIPPluginJar : add dfsdm
2025-11-20 21:50:58,248 [INFO] IPUIPlugin:80 - create IPUIPlugin
2025-11-20 21:50:58,248 [INFO] PluginManager:220 - loadIPPluginJar : add dma
2025-11-20 21:50:58,298 [INFO] IPUIPlugin:80 - create IPUIPlugin
2025-11-20 21:50:58,298 [INFO] PluginManager:220 - loadIPPluginJar : add dma3
2025-11-20 21:50:58,363 [INFO] IPUIPlugin:80 - create IPUIPlugin
2025-11-20 21:50:58,363 [INFO] PluginManager:220 - loadIPPluginJar : add extmemmanager
2025-11-20 21:50:58,391 [INFO] IPUIPlugin:80 - create IPUIPlugin
2025-11-20 21:50:58,391 [INFO] PluginManager:220 - loadIPPluginJar : add fatfs
2025-11-20 21:50:58,449 [INFO] IPUIPlugin:80 - create IPUIPlugin
2025-11-20 21:50:58,449 [INFO] PluginManager:220 - loadIPPluginJar : add fmc
2025-11-20 21:50:58,467 [INFO] IPUIPlugin:80 - create IPUIPlugin
2025-11-20 21:50:58,467 [INFO] PluginManager:220 - loadIPPluginJar : add freertos
2025-11-20 21:50:58,493 [INFO] IPUIPlugin:80 - create IPUIPlugin
2025-11-20 21:50:58,493 [INFO] PluginManager:220 - loadIPPluginJar : add genericplugin
2025-11-20 21:50:58,604 [INFO] IPUIPlugin:80 - create IPUIPlugin
2025-11-20 21:50:58,604 [INFO] PluginManager:220 - loadIPPluginJar : add gfxmmu
2025-11-20 21:50:58,760 [INFO] IPUIPlugin:80 - create IPUIPlugin
2025-11-20 21:50:58,761 [INFO] PluginManager:220 - loadIPPluginJar : add gic
2025-11-20 21:50:58,778 [INFO] IPUIPlugin:80 - create IPUIPlugin
2025-11-20 21:50:58,779 [INFO] PluginManager:220 - loadIPPluginJar : add gpio
2025-11-20 21:50:58,881 [INFO] IPUIPlugin:80 - create IPUIPlugin
2025-11-20 21:50:58,881 [INFO] PluginManager:220 - loadIPPluginJar : add gtzc
2025-11-20 21:50:58,921 [INFO] IPUIPlugin:80 - create IPUIPlugin
2025-11-20 21:50:58,921 [INFO] PluginManager:220 - loadIPPluginJar : add hash
2025-11-20 21:50:58,986 [INFO] IPUIPlugin:80 - create IPUIPlugin
2025-11-20 21:50:58,986 [INFO] PluginManager:220 - loadIPPluginJar : add i2c
2025-11-20 21:50:59,033 [INFO] IPUIPlugin:80 - create IPUIPlugin
2025-11-20 21:50:59,033 [INFO] PluginManager:220 - loadIPPluginJar : add i2s
2025-11-20 21:50:59,087 [INFO] IPUIPlugin:80 - create IPUIPlugin
2025-11-20 21:50:59,087 [INFO] PluginManager:220 - loadIPPluginJar : add i3c
2025-11-20 21:50:59,208 [INFO] IPUIPlugin:80 - create IPUIPlugin
2025-11-20 21:50:59,208 [INFO] PluginManager:220 - loadIPPluginJar : add ipddr
2025-11-20 21:50:59,311 [INFO] IPUIPlugin:80 - create IPUIPlugin
2025-11-20 21:50:59,312 [INFO] PluginManager:220 - loadIPPluginJar : add linkedlist
2025-11-20 21:50:59,358 [INFO] IPUIPlugin:80 - create IPUIPlugin
2025-11-20 21:50:59,358 [INFO] PluginManager:220 - loadIPPluginJar : add lorawan
2025-11-20 21:50:59,408 [INFO] IPUIPlugin:80 - create IPUIPlugin
2025-11-20 21:50:59,408 [INFO] PluginManager:220 - loadIPPluginJar : add ltdc
2025-11-20 21:50:59,425 [INFO] IPUIPlugin:80 - create IPUIPlugin
2025-11-20 21:50:59,425 [INFO] PluginManager:220 - loadIPPluginJar : add mdma
2025-11-20 21:50:59,439 [INFO] IPUIPlugin:80 - create IPUIPlugin
2025-11-20 21:50:59,440 [INFO] PluginManager:220 - loadIPPluginJar : add nvic
2025-11-20 21:50:59,485 [INFO] IPUIPlugin:80 - create IPUIPlugin
2025-11-20 21:50:59,485 [INFO] PluginManager:220 - loadIPPluginJar : add opamp
2025-11-20 21:50:59,562 [INFO] IPUIPlugin:80 - create IPUIPlugin
2025-11-20 21:50:59,562 [INFO] PluginManager:220 - loadIPPluginJar : add openamp
2025-11-20 21:50:59,619 [INFO] IPUIPlugin:80 - create IPUIPlugin
2025-11-20 21:50:59,619 [INFO] PluginManager:220 - loadIPPluginJar : add pdm2pcm
2025-11-20 21:50:59,636 [INFO] IPUIPlugin:80 - create IPUIPlugin
2025-11-20 21:50:59,638 [INFO] PluginManager:220 - loadIPPluginJar : add plateformsettings
2025-11-20 21:50:59,669 [INFO] IPUIPlugin:80 - create IPUIPlugin
2025-11-20 21:50:59,670 [INFO] PluginManager:220 - loadIPPluginJar : add quadspi
2025-11-20 21:50:59,702 [INFO] IPUIPlugin:80 - create IPUIPlugin
2025-11-20 21:50:59,702 [INFO] PluginManager:220 - loadIPPluginJar : add radio
2025-11-20 21:50:59,717 [INFO] IPUIPlugin:80 - create IPUIPlugin
2025-11-20 21:50:59,717 [INFO] PluginManager:220 - loadIPPluginJar : add resmgrutility
2025-11-20 21:50:59,773 [INFO] IPUIPlugin:80 - create IPUIPlugin
2025-11-20 21:50:59,773 [INFO] PluginManager:220 - loadIPPluginJar : add sai
2025-11-20 21:50:59,817 [INFO] IPUIPlugin:80 - create IPUIPlugin
2025-11-20 21:50:59,817 [INFO] PluginManager:220 - loadIPPluginJar : add spi
2025-11-20 21:50:59,905 [INFO] IPUIPlugin:80 - create IPUIPlugin
2025-11-20 21:50:59,905 [INFO] PluginManager:220 - loadIPPluginJar : add stm32_wpan
2025-11-20 21:50:59,934 [INFO] IPUIPlugin:80 - create IPUIPlugin
2025-11-20 21:50:59,934 [INFO] PluginManager:220 - loadIPPluginJar : add tim
2025-11-20 21:51:00,005 [INFO] IPUIPlugin:80 - create IPUIPlugin
2025-11-20 21:51:00,005 [INFO] PluginManager:220 - loadIPPluginJar : add touchsensing
2025-11-20 21:51:00,037 [INFO] IPUIPlugin:80 - create IPUIPlugin
2025-11-20 21:51:00,037 [INFO] PluginManager:220 - loadIPPluginJar : add tracer_emb
2025-11-20 21:51:00,066 [INFO] IPUIPlugin:80 - create IPUIPlugin
2025-11-20 21:51:00,066 [INFO] PluginManager:220 - loadIPPluginJar : add ts
2025-11-20 21:51:00,095 [INFO] IPUIPlugin:80 - create IPUIPlugin
2025-11-20 21:51:00,095 [INFO] PluginManager:220 - loadIPPluginJar : add tsc
2025-11-20 21:51:00,121 [INFO] IPUIPlugin:80 - create IPUIPlugin
2025-11-20 21:51:00,121 [INFO] PluginManager:220 - loadIPPluginJar : add ucpd
2025-11-20 21:51:00,170 [INFO] IPUIPlugin:80 - create IPUIPlugin
2025-11-20 21:51:00,170 [INFO] PluginManager:220 - loadIPPluginJar : add usart
2025-11-20 21:51:00,222 [INFO] IPUIPlugin:80 - create IPUIPlugin
2025-11-20 21:51:00,222 [INFO] PluginManager:220 - loadIPPluginJar : add usbx
2025-11-20 21:51:00,342 [FATAL] Updater:351 - Updater called before beeing initialized
2025-11-20 21:51:00,365 [INFO] RulesReader:64 - Compatibility file has been processed (317 Rules)
2025-11-20 21:51:00,376 [INFO] RulesReader:64 - Compatibility file has been processed (317 Rules)
2025-11-20 21:51:00,382 [INFO] CADModel:165 - CPN selected for project level
2025-11-20 21:51:00,382 [INFO] CADModel:114 - Register for checkConnection events
2025-11-20 21:51:00,383 [FATAL] Updater:351 - Updater called before beeing initialized
2025-11-20 21:51:00,383 [ERROR] CADModel:125 - Updater not yet initialized, retry later 
2025-11-20 21:51:00,414 [INFO] ThirdPartyUpdaterWithRetryManager:70 - Updater plugin not ready yet. [2/15]
2025-11-20 21:51:00,514 [FATAL] Updater:351 - Updater called before beeing initialized
2025-11-20 21:51:00,517 [INFO] CADModel:165 - CPN selected for project level
2025-11-20 21:51:00,517 [INFO] CADModel:114 - Register for checkConnection events
2025-11-20 21:51:00,517 [FATAL] Updater:351 - Updater called before beeing initialized
2025-11-20 21:51:00,517 [ERROR] CADModel:125 - Updater not yet initialized, retry later 
2025-11-20 21:51:00,520 [FATAL] Updater:351 - Updater called before beeing initialized
2025-11-20 21:51:00,616 [FATAL] Updater:351 - Updater called before beeing initialized
2025-11-20 21:51:00,638 [INFO] DbMcusAds:53 - JSON generation date=Thu Oct 02 16:36:05 ICT 2025 (1759397765645)
2025-11-20 21:51:00,638 [FATAL] Updater:351 - Updater called before beeing initialized
2025-11-20 21:51:00,681 [WARN] DetailPanel:346 - Failed to get advertising image, set to default
2025-11-20 21:51:00,765 [FATAL] Updater:351 - Updater called before beeing initialized
2025-11-20 21:51:00,767 [FATAL] Updater:351 - Updater called before beeing initialized
2025-11-20 21:51:00,767 [FATAL] Updater:351 - Updater called before beeing initialized
2025-11-20 21:51:00,767 [WARN] DetailPanel:346 - Failed to get advertising image, set to default
2025-11-20 21:51:00,768 [FATAL] Updater:351 - Updater called before beeing initialized
2025-11-20 21:51:00,832 [ERROR] Updater:1198 - MainUpdater not yet initialized. External WinMGr cannot be set.
2025-11-20 21:51:00,845 [INFO] Updater:1134 - Updater Version found : 6.15.0
2025-11-20 21:51:00,864 [INFO] ApplicationProperties:184 - Using Application install path: C:\ST\STM32CubeIDE_1.19.0\STM32CubeIDE\plugins\com.st.stm32cube.common.mx_6.15.0.202507011659
2025-11-20 21:51:02,442 [ERROR] LogOutputStream:75 - [STDERR_REDIRECT] Nov 20, 2025 9:51:02 PM java.util.prefs.WindowsPreferences <init>
2025-11-20 21:51:02,443 [ERROR] LogOutputStream:75 - [STDERR_REDIRECT] WARNING: Could not open/create prefs root node Software\JavaSoft\Prefs at root 0xffffffff80000002. Windows RegCreateKeyEx(...) returned error code 5.
2025-11-20 21:51:02,443 [ERROR] LogOutputStream:75 - [STDERR_REDIRECT] 
2025-11-20 21:51:02,722 [INFO] MainUpdater:2872 - connection check result : 10
2025-11-20 21:51:02,723 [INFO] MainUpdater:3604 - Updater definition file requires update
2025-11-20 21:51:02,723 [INFO] MainUpdater:289 - Updater Check For Update Now.
2025-11-20 21:51:02,724 [INFO] MicroXplorer:498 - Change Database Version : DB.6.0.150
2025-11-20 21:51:02,744 [INFO] McuFinderGlobals:63 - Set McuFinder mode to 2 (CubeIDE integrated)
2025-11-20 21:51:02,744 [INFO] UserAuth:171 - activating auth plugin
2025-11-20 21:51:02,747 [INFO] UserAuth:487 - Internet connection configuration mode: 1
2025-11-20 21:51:02,747 [INFO] ServerAccessManage:452 - Complete download http(s) 200
2025-11-20 21:51:02,747 [INFO] ServerAccessManage:509 - Download File updaters.zip
2025-11-20 21:51:02,787 [INFO] JxBrowserEngine:152 - Initiate JxBrowser Engine with user profile folder
2025-11-20 21:51:02,828 [INFO] FileExtend:248 - Unzip File : updaters.zip
2025-11-20 21:51:02,828 [INFO] FileExtend:263 - Standard Zip Deflate
2025-11-20 21:51:03,417 [WARN] MainUpdater:1193 - Updater busy. Cannot search thirdparties
2025-11-20 21:51:03,418 [INFO] ThirdPartyUpdaterWithRetryManager:96 - Updater plugin is busy. [1/15]
2025-11-20 21:51:03,655 [INFO] ServerAccessManage:452 - Complete download http(s) 200
2025-11-20 21:51:03,655 [INFO] ServerAccessManage:509 - Download File PacksControlFlags.xml
2025-11-20 21:51:03,778 [INFO] ServerAccessManage:452 - Complete download http(s) 200
2025-11-20 21:51:03,778 [INFO] ServerAccessManage:509 - Download File cubemx.pidx
2025-11-20 21:51:04,717 [INFO] ServerAccessManage:452 - Complete download http(s) 200
2025-11-20 21:51:04,717 [INFO] ServerAccessManage:509 - Download File STMicroelectronics.X-CUBE-FREERTOS.pdsc
2025-11-20 21:51:05,462 [INFO] WebApp:169 - Instantiating new browser for Auth
2025-11-20 21:51:05,638 [INFO] ServerAccessManage:452 - Complete download http(s) 200
2025-11-20 21:51:05,638 [INFO] ServerAccessManage:509 - Download File STMicroelectronics.X-CUBE-AZRTOS-H7RS.pdsc
2025-11-20 21:51:06,353 [INFO] WebApp:463 - Apply proxy settings
2025-11-20 21:51:06,353 [INFO] WebApp:548 - Chromium requires no authentication
2025-11-20 21:51:06,367 [INFO] WebApp:491 - Direct internet connection detected
2025-11-20 21:51:06,396 [INFO] WebApp:900 - Register for checkConnection events
2025-11-20 21:51:06,396 [INFO] WebApp:463 - Apply proxy settings
2025-11-20 21:51:06,396 [INFO] WebApp:548 - Chromium requires no authentication
2025-11-20 21:51:06,397 [INFO] WebApp:491 - Direct internet connection detected
2025-11-20 21:51:06,418 [WARN] MainUpdater:1193 - Updater busy. Cannot search thirdparties
2025-11-20 21:51:06,418 [INFO] ThirdPartyUpdaterWithRetryManager:96 - Updater plugin is busy. [2/15]
2025-11-20 21:51:06,625 [WARN] PackLoader:240 - Cannot read IP mode file for STMicroelectronics.X-CUBE-FREERTOS.1.4.0
2025-11-20 21:51:06,639 [INFO] WebApp:191 - Connection restablished
2025-11-20 21:51:06,665 [WARN] PackLoader:240 - Cannot read IP mode file for STMicroelectronics.X-CUBE-AZRTOS-H7RS.1.2.0
2025-11-20 21:51:06,672 [INFO] PopulateThirdPartyThread:66 - Ending populate Thread
2025-11-20 21:51:06,675 [INFO] ThirdParty:1030 - CMSIS Pack Vendor :STMicroelectronics X-CUBE-FREERTOS 1.4.0
2025-11-20 21:51:06,675 [INFO] ThirdParty:1030 - CMSIS Pack Vendor :STMicroelectronics X-CUBE-AZRTOS-H7RS 1.2.0
2025-11-20 21:51:06,677 [INFO] LoadServerUpdatesThread:375 - End of LoadServerUpdate Thread
2025-11-20 21:51:06,771 [INFO] WebApp:225 - Starting web application
2025-11-20 21:51:06,771 [INFO] WebApp:593 - Web application path used C:\ST\STM32CubeIDE_1.19.0\STM32CubeIDE\plugins\com.st.stm32cube.common.mx_6.15.0.202507011659\db\plugins\mcufinder\reactClient1\index.html
2025-11-20 21:51:06,775 [INFO] CheckServerUpdateThread:120 - End of CheckServer Thread
2025-11-20 21:51:09,640 [WARN] PackLoader:240 - Cannot read IP mode file for STMicroelectronics.FP-SNS-MOTENVWB1.1.4.0
2025-11-20 21:51:09,647 [WARN] PackLoader:240 - Cannot read IP mode file for STMicroelectronics.FP-ATR-ASTRA1.2.0.2
2025-11-20 21:51:09,665 [WARN] PackLoader:240 - Cannot read IP mode file for STMicroelectronics.X-CUBE-SMBUS.2.1.0
2025-11-20 21:51:09,681 [WARN] PackLoader:240 - Cannot read IP mode file for STMicroelectronics.X-CUBE-ST60.1.0.0
2025-11-20 21:51:09,719 [WARN] PackLoader:240 - Cannot read IP mode file for STMicroelectronics.X-CUBE-AZRTOS-F7.1.1.0
2025-11-20 21:51:09,727 [WARN] PackLoader:240 - Cannot read IP mode file for Cesanta.I-CUBE-Mongoose.7.19.0
2025-11-20 21:51:09,743 [WARN] PackLoader:240 - Cannot read IP mode file for STMicroelectronics.FP-SNS-MOTENV1.5.1.0
2025-11-20 21:51:09,764 [WARN] PackLoader:240 - Cannot read IP mode file for WES.I-CUBE-Cesium.1.4.0
2025-11-20 21:51:09,793 [WARN] PackLoader:240 - Cannot read IP mode file for Infineon.AIROC-Wi-Fi-Bluetooth-STM32.1.7.1
2025-11-20 21:51:09,846 [WARN] PackLoader:240 - Cannot read IP mode file for STMicroelectronics.X-CUBE-AZRTOS-H7.3.4.0
2025-11-20 21:51:09,869 [WARN] PackLoader:240 - Cannot read IP mode file for STMicroelectronics.X-CUBE-DISPLAY.3.0.0
2025-11-20 21:51:09,897 [WARN] PackLoader:240 - Cannot read IP mode file for STMicroelectronics.X-CUBE-NFC10.1.0.0
2025-11-20 21:51:09,918 [WARN] PackLoader:240 - Cannot read IP mode file for STMicroelectronics.X-CUBE-ST60.1.1.0
2025-11-20 21:51:09,937 [WARN] PackLoader:240 - Cannot read IP mode file for emotas.I-CUBE-CANOPEN.1.3.0
2025-11-20 21:51:09,957 [WARN] PackLoader:240 - Cannot read IP mode file for STMicroelectronics.X-CUBE-GNSS1.7.1.0
2025-11-20 21:51:09,979 [WARN] PackLoader:240 - Cannot read IP mode file for STMicroelectronics.FP-SNS-STBOX1.2.1.0
2025-11-20 21:51:10,002 [WARN] PackLoader:240 - Cannot read IP mode file for STMicroelectronics.FP-SNS-SMARTAG2.1.2.0
2025-11-20 21:51:10,008 [WARN] PackLoader:240 - Cannot read IP mode file for STMicroelectronics.FP-SNS-FLIGHT1.5.1.0
2025-11-20 21:51:10,030 [INFO] LogOutputStream:77 - [STDOUT_REDIRECT] 1 : Invalid condition id : UX_CORESTACK_Condition cause : null
2025-11-20 21:51:10,031 [INFO] LogOutputStream:77 - [STDOUT_REDIRECT] 1 : Invalid condition id : UX_CORESTACK_Condition cause : null
2025-11-20 21:51:10,032 [INFO] LogOutputStream:77 - [STDOUT_REDIRECT] 1 : Invalid condition id : UX_CORESTACK_Condition cause : null
2025-11-20 21:51:10,033 [INFO] LogOutputStream:77 - [STDOUT_REDIRECT] 1 : Invalid condition id : UX_CORESTACK_Condition cause : null
2025-11-20 21:51:10,034 [INFO] LogOutputStream:77 - [STDOUT_REDIRECT] 1 : Invalid condition id : UX_CORESTACK_Condition cause : null
2025-11-20 21:51:10,036 [WARN] PackLoader:240 - Cannot read IP mode file for STMicroelectronics.X-CUBE-AZRTOS-WL.2.0.0
2025-11-20 21:51:10,054 [WARN] PackLoader:240 - Cannot read IP mode file for STMicroelectronics.FP-SNS-MOTENV1.5.0.0
2025-11-20 21:51:10,072 [WARN] PackLoader:240 - Cannot read IP mode file for STMicroelectronics.X-CUBE-AZRTOS-H7RS.1.2.0
2025-11-20 21:51:10,089 [WARN] PackLoader:240 - Cannot read IP mode file for STMicroelectronics.X-CUBE-BLE2.3.3.0
2025-11-20 21:51:10,137 [WARN] PackLoader:240 - Cannot read IP mode file for STMicroelectronics.X-CUBE-NFC9.1.0.0
2025-11-20 21:51:10,156 [WARN] PackLoader:240 - Cannot read IP mode file for wolfSSL.I-CUBE-wolfSSL.5.8.2
2025-11-20 21:51:10,169 [WARN] PackLoader:240 - Cannot read IP mode file for STMicroelectronics.X-CUBE-BLE1.7.1.0
2025-11-20 21:51:10,173 [WARN] PackLoader:240 - Cannot read IP mode file for wolfSSL.I-CUBE-wolfMQTT.1.19.2
2025-11-20 21:51:10,177 [WARN] PackLoader:240 - Cannot read IP mode file for STMicroelectronics.X-CUBE-FREERTOS.1.4.0
2025-11-20 21:51:10,192 [WARN] PackLoader:240 - Cannot read IP mode file for STMicroelectronics.X-CUBE-EEPRMA1.5.2.0
2025-11-20 21:51:10,207 [WARN] PackLoader:240 - Cannot read IP mode file for STMicroelectronics.X-CUBE-ST67W61.1.1.0
2025-11-20 21:51:10,232 [WARN] PackLoader:240 - Cannot read IP mode file for STMicroelectronics.X-CUBE-AZRTOS-G0.1.1.0
2025-11-20 21:51:10,249 [WARN] PackLoader:240 - Cannot read IP mode file for STMicroelectronics.X-CUBE-SAFEA1.1.2.2
2025-11-20 21:51:10,266 [WARN] PackLoader:240 - Cannot read IP mode file for STMicroelectronics.X-CUBE-NFC4.3.0.0
2025-11-20 21:51:10,287 [WARN] PackLoader:240 - Cannot read IP mode file for EmbeddedOffice.I-CUBE-FS-RTOS.1.0.1
2025-11-20 21:51:10,307 [WARN] PackLoader:240 - Cannot read IP mode file for STMicroelectronics.X-CUBE-WB05N.2.0.0
2025-11-20 21:51:10,312 [WARN] PackLoader:240 - Cannot read IP mode file for wolfSSL.I-CUBE-wolfTPM.3.8.0
2025-11-20 21:51:10,329 [WARN] PackLoader:240 - Cannot read IP mode file for STMicroelectronics.X-CUBE-TCPP.4.2.0
2025-11-20 21:51:10,346 [WARN] PackLoader:240 - Cannot read IP mode file for RealThread.X-CUBE-RT-Thread_Nano.4.1.1
2025-11-20 21:51:10,350 [WARN] PackLoader:240 - Cannot read IP mode file for STMicroelectronics.FP-ATR-SIGFOX1.3.2.0
2025-11-20 21:51:10,366 [WARN] PackLoader:240 - Cannot read IP mode file for ITTIA_DB.I-CUBE-ITTIADB.8.9.0
2025-11-20 21:51:10,381 [WARN] PackLoader:240 - Cannot read IP mode file for STMicroelectronics.X-CUBE-ST67W61.1.0.0
2025-11-20 21:51:10,394 [WARN] PackLoader:240 - Cannot read IP mode file for STMicroelectronics.X-CUBE-AI.10.2.0
2025-11-20 21:51:10,424 [WARN] PackLoader:240 - Cannot read IP mode file for SEGGER.I-CUBE-embOS.1.3.1
2025-11-20 21:51:10,465 [WARN] PackLoader:240 - Cannot read IP mode file for STMicroelectronics.X-CUBE-ALGOBUILD.1.4.0
2025-11-20 21:51:10,520 [WARN] PackLoader:240 - Cannot read IP mode file for STMicroelectronics.X-CUBE-MEMS1.11.3.0
2025-11-20 21:51:10,661 [WARN] PackLoader:240 - Cannot read IP mode file for STMicroelectronics.X-CUBE-PM33A1.1.0.0
2025-11-20 21:51:10,689 [WARN] PackLoader:240 - Cannot read IP mode file for STMicroelectronics.X-CUBE-AZRTOS-F4.1.1.0
2025-11-20 21:51:10,709 [WARN] PackLoader:240 - Cannot read IP mode file for STMicroelectronics.X-CUBE-ISPU.2.1.0
2025-11-20 21:51:10,732 [WARN] PackLoader:240 - Cannot read IP mode file for STMicroelectronics.X-CUBE-IPS.3.2.0
2025-11-20 21:51:10,753 [WARN] PackLoader:240 - Cannot read IP mode file for STMicroelectronics.X-CUBE-NFC12.1.0.0
2025-11-20 21:51:10,785 [WARN] PackLoader:240 - Cannot read IP mode file for STMicroelectronics.X-CUBE-AZRTOS-L5.2.0.0
2025-11-20 21:51:10,806 [WARN] PackLoader:240 - Cannot read IP mode file for STMicroelectronics.X-CUBE-NFC6.3.1.0
2025-11-20 21:51:10,822 [WARN] PackLoader:240 - Cannot read IP mode file for STMicroelectronics.X-CUBE-FREERTOS.1.3.1
2025-11-20 21:51:10,838 [WARN] PackLoader:240 - Cannot read IP mode file for STMicroelectronics.X-CUBE-TOUCHGFX.4.26.0
2025-11-20 21:51:10,854 [WARN] PackLoader:240 - Cannot read IP mode file for STMicroelectronics.FP-SNS-STAIOTCFT.1.0.0
2025-11-20 21:51:10,871 [WARN] PackLoader:240 - Cannot read IP mode file for STMicroelectronics.X-CUBE-DPower.1.3.0
2025-11-20 21:51:10,903 [WARN] ConditionMgr:438 - getConditionDescription Invalid condition id : LAN8742 Phy interface Condition cause : null
2025-11-20 21:51:10,903 [WARN] PackLoader:240 - Cannot read IP mode file for STMicroelectronics.X-CUBE-AZRTOS-L4.2.0.0
2025-11-20 21:51:10,904 [WARN] ConditionMgr:1044 - genDependencies : Invalid condition id : LAN8742 Phy interface Condition cause : null
2025-11-20 21:51:10,904 [WARN] ConditionMgr:1044 - genDependencies : Invalid condition id : LAN8742 Phy interface Condition cause : null
2025-11-20 21:51:10,904 [WARN] ConditionMgr:1044 - genDependencies : Invalid condition id : LAN8742 Phy interface Condition cause : null
2025-11-20 21:51:10,921 [WARN] PackLoader:240 - Cannot read IP mode file for STMicroelectronics.X-CUBE-SFXS2LP1.4.0.0
2025-11-20 21:51:10,941 [WARN] PackLoader:240 - Cannot read IP mode file for STMicroelectronics.X-CUBE-BLEMGR.4.1.0
2025-11-20 21:51:10,968 [WARN] ConditionMgr:438 - getConditionDescription Invalid condition id : UX DEVICE CLASS RTOS Condition cause : null
2025-11-20 21:51:10,968 [WARN] ConditionMgr:438 - getConditionDescription Invalid condition id : UX DEVICE CLASS RTOS Condition cause : null
2025-11-20 21:51:10,970 [WARN] PackLoader:240 - Cannot read IP mode file for STMicroelectronics.X-CUBE-AZRTOS-WB.2.0.0
2025-11-20 21:51:10,970 [WARN] ConditionMgr:1044 - genDependencies : Invalid condition id : UX DEVICE CLASS RTOS Condition cause : null
2025-11-20 21:51:10,971 [WARN] ConditionMgr:1044 - genDependencies : Invalid condition id : UX DEVICE CLASS RTOS Condition cause : null
2025-11-20 21:51:10,971 [WARN] ConditionMgr:1044 - genDependencies : Invalid condition id : UX DEVICE CLASS RTOS Condition cause : null
2025-11-20 21:51:10,972 [WARN] ConditionMgr:1044 - genDependencies : Invalid condition id : UX DEVICE CLASS RTOS Condition cause : null
2025-11-20 21:51:10,972 [WARN] ConditionMgr:1044 - genDependencies : Invalid condition id : UX DEVICE CLASS RTOS Condition cause : null
2025-11-20 21:51:10,987 [WARN] PackLoader:240 - Cannot read IP mode file for STMicroelectronics.X-CUBE-GNSS1.7.0.1
2025-11-20 21:51:10,993 [WARN] ConditionMgr:438 - getConditionDescription Invalid condition id : Cortex-A Device cause : null
2025-11-20 21:51:11,012 [WARN] ConditionMgr:1044 - genDependencies : Invalid condition id : Cortex-A Device cause : null
2025-11-20 21:51:11,013 [WARN] ConditionMgr:1044 - genDependencies : Invalid condition id : Cortex-A Device cause : null
2025-11-20 21:51:11,013 [WARN] ConditionMgr:1044 - genDependencies : Invalid condition id : Cortex-A Device cause : null
2025-11-20 21:51:11,033 [WARN] PackLoader:240 - Cannot read IP mode file for STMicroelectronics.X-CUBE-SUBG2.5.0.0
2025-11-20 21:51:11,082 [WARN] PackLoader:240 - Cannot read IP mode file for STMicroelectronics.X-CUBE-AZRTOS-H7RS.1.1.0
2025-11-20 21:51:11,116 [WARN] PackLoader:240 - Cannot read IP mode file for STMicroelectronics.X-CUBE-AZRTOS-G4.2.0.0
2025-11-20 21:51:11,125 [WARN] PackLoader:240 - Cannot read IP mode file for wolfSSL.I-CUBE-wolfSSH.1.4.20
2025-11-20 21:51:11,145 [WARN] PackLoader:240 - Cannot read IP mode file for STMicroelectronics.X-CUBE-NFC7.2.0.0
2025-11-20 21:51:11,179 [WARN] PackLoader:240 - Cannot read IP mode file for STMicroelectronics.X-CUBE-IPS.3.1.0
2025-11-20 21:51:11,203 [WARN] PackLoader:240 - Cannot read IP mode file for STMicroelectronics.X-CUBE-ALS.1.0.2
2025-11-20 21:51:11,225 [WARN] PackLoader:240 - Cannot read IP mode file for STMicroelectronics.X-CUBE-STSE01.1.0.0
2025-11-20 21:51:11,248 [WARN] PackLoader:240 - Cannot read IP mode file for STMicroelectronics.X-CUBE-TOF1.3.4.3
2025-11-20 21:51:11,255 [INFO] ThirdParty:978 - Integrity check success = true
2025-11-20 21:51:11,255 [INFO] IntegrityCheckThread:100 - exiting critical section [integrity check]
2025-11-20 21:51:11,255 [INFO] IntegrityCheckThread:103 - End integrity checks thread
