2025-11-27 23:22:00,230 [INFO] Activator:176 - 


2025-11-27 23:22:00,236 [INFO] Activator:177 - !SESSION log4j initialized
2025-11-27 23:22:07,088 [INFO] LogOutputStream:77 - [STDOUT_REDIRECT] 
2025-11-27 23:22:08,743 [INFO] ApplicationProperties:184 - Using Application install path: C:\ST\STM32CubeIDE_1.19.0\STM32CubeIDE\plugins\com.st.stm32cube.common.mx_6.15.0.202507011659
2025-11-27 23:22:08,797 [INFO] DbMcusXml:78 - Set database path to: C:\ST\STM32CubeIDE_1.19.0\STM32CubeIDE\plugins\com.st.stm32cube.common.mx_6.15.0.202507011659\\db\/mcu/
2025-11-27 23:22:08,797 [INFO] ApiDb:274 - Set plugin database path to: C:\ST\STM32CubeIDE_1.19.0\STM32CubeIDE\plugins\com.st.stm32cube.common.mx_6.15.0.202507011659\\db\/plugins/boardmanager/
2025-11-27 23:22:08,798 [WARN] ApiDb:259 - Overriding images path with different value:  => C:\ST\STM32CubeIDE_1.19.0\STM32CubeIDE\plugins\com.st.stm32cube.common.mx_6.15.0.202507011659\\db\/plugins/mcufinder/images/
2025-11-27 23:22:08,818 [INFO] ApiDb:250 - Set database path to: C:\Users\ASUS\.stmcufinder\plugins\mcufinder//mcu/
2025-11-27 23:22:08,821 [INFO] DbMcusAds:125 - Set database path to: C:\Users\ASUS\.stmcufinder\plugins\mcufinder//mcu/
2025-11-27 23:22:08,824 [INFO] CrossReferenceDbSqlite:203 - Set database path to: C:\Users\ASUS\.stmcufinder\plugins\mcufinder//mcu/cs/
2025-11-27 23:22:09,006 [INFO] RulesReader:64 - Compatibility file has been processed (317 Rules)
2025-11-27 23:22:09,132 [INFO] DbMcusXml:78 - Set database path to: C:\ST\STM32CubeIDE_1.19.0\STM32CubeIDE\plugins\com.st.stm32cube.common.mx_6.15.0.202507011659\\db\/mcu/
2025-11-27 23:22:09,132 [INFO] ApiDb:274 - Set plugin database path to: C:\ST\STM32CubeIDE_1.19.0\STM32CubeIDE\plugins\com.st.stm32cube.common.mx_6.15.0.202507011659\\db\/plugins/boardmanager/
2025-11-27 23:22:09,133 [INFO] ApiDb:261 - Set plugin images path to: C:\ST\STM32CubeIDE_1.19.0\STM32CubeIDE\plugins\com.st.stm32cube.common.mx_6.15.0.202507011659\\db\/plugins/mcufinder/images/
2025-11-27 23:22:09,133 [WARN] DbFile:41 - Overriding database path with different value: C:\Users\ASUS\.stmcufinder\plugins\mcufinder/ => C:\Users\ASUS\.stmcufinder\plugins\mcufinder
2025-11-27 23:22:09,133 [INFO] ApiDb:250 - Set database path to: C:\Users\ASUS\.stmcufinder\plugins\mcufinder//mcu/
2025-11-27 23:22:09,133 [WARN] DbFile:41 - Overriding database path with different value: C:\Users\ASUS\.stmcufinder\plugins\mcufinder/ => C:\Users\ASUS\.stmcufinder\plugins\mcufinder
2025-11-27 23:22:09,134 [INFO] DbMcusAds:125 - Set database path to: C:\Users\ASUS\.stmcufinder\plugins\mcufinder//mcu/
2025-11-27 23:22:09,134 [WARN] DbFile:41 - Overriding database path with different value: C:\Users\ASUS\.stmcufinder\plugins\mcufinder/ => C:\Users\ASUS\.stmcufinder\plugins\mcufinder
2025-11-27 23:22:09,134 [WARN] DbFile:41 - Overriding database path with different value: C:\Users\ASUS\.stmcufinder\plugins\mcufinder/ => C:\Users\ASUS\.stmcufinder\plugins\mcufinder
2025-11-27 23:22:09,134 [INFO] CrossReferenceDbSqlite:203 - Set database path to: C:\Users\ASUS\.stmcufinder\plugins\mcufinder//mcu/cs/
2025-11-27 23:22:09,243 [INFO] MainPanel:274 - HeapMemory: 268435456
2025-11-27 23:22:09,416 [INFO] DbMcusXml:78 - Set database path to: C:\ST\STM32CubeIDE_1.19.0\STM32CubeIDE\plugins\com.st.stm32cube.common.mx_6.15.0.202507011659\\db\/mcu/
2025-11-27 23:22:09,416 [INFO] ApiDb:274 - Set plugin database path to: C:\ST\STM32CubeIDE_1.19.0\STM32CubeIDE\plugins\com.st.stm32cube.common.mx_6.15.0.202507011659\\db\/plugins/boardmanager/
2025-11-27 23:22:09,417 [INFO] ApiDb:261 - Set plugin images path to: C:\ST\STM32CubeIDE_1.19.0\STM32CubeIDE\plugins\com.st.stm32cube.common.mx_6.15.0.202507011659\\db\/plugins/mcufinder/images/
2025-11-27 23:22:09,418 [WARN] DbFile:41 - Overriding database path with different value: C:\Users\ASUS\.stmcufinder\plugins\mcufinder/ => C:\Users\ASUS\.stmcufinder\plugins\mcufinder
2025-11-27 23:22:09,418 [INFO] ApiDb:250 - Set database path to: C:\Users\ASUS\.stmcufinder\plugins\mcufinder//mcu/
2025-11-27 23:22:09,418 [WARN] DbFile:41 - Overriding database path with different value: C:\Users\ASUS\.stmcufinder\plugins\mcufinder/ => C:\Users\ASUS\.stmcufinder\plugins\mcufinder
2025-11-27 23:22:09,418 [INFO] DbMcusAds:125 - Set database path to: C:\Users\ASUS\.stmcufinder\plugins\mcufinder//mcu/
2025-11-27 23:22:09,419 [WARN] DbFile:41 - Overriding database path with different value: C:\Users\ASUS\.stmcufinder\plugins\mcufinder/ => C:\Users\ASUS\.stmcufinder\plugins\mcufinder
2025-11-27 23:22:09,419 [WARN] DbFile:41 - Overriding database path with different value: C:\Users\ASUS\.stmcufinder\plugins\mcufinder/ => C:\Users\ASUS\.stmcufinder\plugins\mcufinder
2025-11-27 23:22:09,419 [INFO] CrossReferenceDbSqlite:203 - Set database path to: C:\Users\ASUS\.stmcufinder\plugins\mcufinder//mcu/cs/
2025-11-27 23:22:09,446 [INFO] ApplicationProperties:184 - Using Application install path: C:\ST\STM32CubeIDE_1.19.0\STM32CubeIDE\plugins\com.st.stm32cube.common.mx_6.15.0.202507011659
2025-11-27 23:22:09,448 [INFO] PluginManage:196 - Search for loadable plugins [exclusion list=, ]
2025-11-27 23:22:09,450 [INFO] PluginManage:310 - Check plugin analytics
2025-11-27 23:22:09,738 [INFO] AnalyticsPlugin:253 - Accepted Software Licenses: STM32CubeMX.6.12.1
2025-11-27 23:22:09,738 [INFO] AnalyticsPlugin:255 - Accepted CMSIS Pack Licenses: 
2025-11-27 23:22:09,738 [INFO] AnalyticsPlugin:257 - Accepted Firmware Licenses: 
2025-11-27 23:22:09,741 [INFO] PluginManage:359 - Loaded plugin analytics (category:tool,tabindex:-1)
2025-11-27 23:22:09,742 [INFO] PluginManage:310 - Check plugin cadmodel
2025-11-27 23:22:09,767 [INFO] CADModel:105 - Init CAD model plugin
2025-11-27 23:22:09,767 [INFO] PluginManage:359 - Loaded plugin cadmodel (category:power,tabindex:5)
2025-11-27 23:22:09,767 [INFO] PluginManage:310 - Check plugin clock
2025-11-27 23:22:09,794 [INFO] PluginManage:359 - Loaded plugin clock (category:base,tabindex:2)
2025-11-27 23:22:09,794 [INFO] PluginManage:310 - Check plugin ddr
2025-11-27 23:22:09,798 [INFO] PluginManage:359 - Loaded plugin ddr (category:tool,tabindex:6)
2025-11-27 23:22:09,798 [INFO] PluginManage:310 - Check plugin filemanager
2025-11-27 23:22:09,986 [INFO] PluginManage:359 - Loaded plugin filemanager (category:base,tabindex:10)
2025-11-27 23:22:09,986 [INFO] PluginManage:310 - Check plugin ipmanager
2025-11-27 23:22:09,996 [INFO] PluginManage:359 - Loaded plugin ipmanager (category:base,tabindex:5)
2025-11-27 23:22:09,997 [INFO] PluginManage:310 - Check plugin lpbam
2025-11-27 23:22:10,022 [INFO] PluginManage:359 - Loaded plugin lpbam (category:base,tabindex:0)
2025-11-27 23:22:10,022 [INFO] PluginManage:310 - Check plugin memorymap
2025-11-27 23:22:10,056 [INFO] PluginManage:359 - Loaded plugin memorymap (category:base,tabindex:4)
2025-11-27 23:22:10,056 [INFO] PluginManage:310 - Check plugin pinoutandconfiguration
2025-11-27 23:22:10,084 [INFO] PluginManage:359 - Loaded plugin pinoutandconfiguration (category:base,tabindex:1)
2025-11-27 23:22:10,084 [INFO] PluginManage:310 - Check plugin pinoutconfig
2025-11-27 23:22:10,296 [WARN] SupportedApi:132 - Cannot load RTOS API schema: s4s-elt-must-match.1: The content of 'definitions' must match (annotation?, (simpleType | complexType)?, (unique | key | keyref)*)). A problem was found starting at: attribute.
2025-11-27 23:22:10,477 [INFO] PluginManage:359 - Loaded plugin pinoutconfig (category:base,tabindex:0)
2025-11-27 23:22:10,477 [INFO] PluginManage:310 - Check plugin power
2025-11-27 23:22:10,504 [INFO] PluginManage:359 - Loaded plugin power (category:power,tabindex:4)
2025-11-27 23:22:10,504 [INFO] PluginManage:310 - Check plugin projectmanager
2025-11-27 23:22:10,523 [INFO] PluginManage:359 - Loaded plugin projectmanager (category:projectmanager,tabindex:4)
2025-11-27 23:22:10,523 [INFO] PluginManage:310 - Check plugin rif
2025-11-27 23:22:10,550 [INFO] PluginManage:359 - Loaded plugin rif (category:base,tabindex:3)
2025-11-27 23:22:10,550 [INFO] PluginManage:310 - Check plugin thirdparty
2025-11-27 23:22:10,965 [INFO] PluginManage:359 - Loaded plugin thirdparty (category:base,tabindex:-1)
2025-11-27 23:22:10,965 [WARN] IntegrityCheckThread:84 - waiting for thirdparty lock release [integrity check]
2025-11-27 23:22:10,966 [INFO] PluginManage:310 - Check plugin tools
2025-11-27 23:22:10,966 [INFO] IntegrityCheckThread:86 - entering critical section [integrity check]
2025-11-27 23:22:10,966 [INFO] ThirdPartyUpdaterWithRetryManager:70 - Updater plugin not ready yet. [1/15]
2025-11-27 23:22:11,028 [INFO] PluginManage:359 - Loaded plugin tools (category:base,tabindex:7)
2025-11-27 23:22:11,029 [INFO] PluginManage:310 - Check plugin tutovideos
2025-11-27 23:22:11,329 [INFO] PluginManage:359 - Loaded plugin tutovideos (category:base,tabindex:-1)
2025-11-27 23:22:11,329 [INFO] PluginManage:310 - Check plugin updater
2025-11-27 23:22:11,353 [INFO] PluginManage:359 - Loaded plugin updater (category:base,tabindex:12)
2025-11-27 23:22:11,354 [INFO] PluginManage:310 - Check plugin userauth
2025-11-27 23:22:11,360 [INFO] UserAuth:118 - Init User Auth plugin
2025-11-27 23:22:11,361 [INFO] PluginManage:359 - Loaded plugin userauth (category:base,tabindex:14)
2025-11-27 23:22:11,361 [INFO] PluginManage:283 - PluginManage : Loaded plugins [18]
2025-11-27 23:22:11,619 [INFO] PinOutPanel:1589 - setPackage(No Configuration,No Configuration)
2025-11-27 23:22:11,728 [INFO] CADModel:165 - CPN selected for project level
2025-11-27 23:22:11,728 [INFO] CADModel:114 - Register for checkConnection events
2025-11-27 23:22:11,762 [INFO] IPUIPlugin:80 - create IPUIPlugin
2025-11-27 23:22:11,762 [INFO] PluginManager:220 - loadIPPluginJar : add adc
2025-11-27 23:22:11,816 [INFO] IPUIPlugin:80 - create IPUIPlugin
2025-11-27 23:22:11,816 [INFO] PluginManager:220 - loadIPPluginJar : add aes
2025-11-27 23:22:11,879 [INFO] IPUIPlugin:80 - create IPUIPlugin
2025-11-27 23:22:11,880 [INFO] PluginManager:220 - loadIPPluginJar : add can
2025-11-27 23:22:11,925 [INFO] IPUIPlugin:80 - create IPUIPlugin
2025-11-27 23:22:11,925 [INFO] PluginManager:220 - loadIPPluginJar : add comp
2025-11-27 23:22:11,985 [INFO] IPUIPlugin:80 - create IPUIPlugin
2025-11-27 23:22:11,985 [INFO] PluginManager:220 - loadIPPluginJar : add cryp
2025-11-27 23:22:12,003 [INFO] IPUIPlugin:80 - create IPUIPlugin
2025-11-27 23:22:12,004 [INFO] PluginManager:220 - loadIPPluginJar : add ddr_ctrl_phy
2025-11-27 23:22:12,052 [INFO] IPUIPlugin:80 - create IPUIPlugin
2025-11-27 23:22:12,052 [INFO] PluginManager:220 - loadIPPluginJar : add dfsdm
2025-11-27 23:22:12,081 [INFO] IPUIPlugin:80 - create IPUIPlugin
2025-11-27 23:22:12,082 [INFO] PluginManager:220 - loadIPPluginJar : add dma
2025-11-27 23:22:12,189 [INFO] IPUIPlugin:80 - create IPUIPlugin
2025-11-27 23:22:12,189 [INFO] PluginManager:220 - loadIPPluginJar : add dma3
2025-11-27 23:22:12,282 [INFO] IPUIPlugin:80 - create IPUIPlugin
2025-11-27 23:22:12,282 [INFO] PluginManager:220 - loadIPPluginJar : add extmemmanager
2025-11-27 23:22:12,311 [INFO] IPUIPlugin:80 - create IPUIPlugin
2025-11-27 23:22:12,311 [INFO] PluginManager:220 - loadIPPluginJar : add fatfs
2025-11-27 23:22:12,386 [INFO] IPUIPlugin:80 - create IPUIPlugin
2025-11-27 23:22:12,386 [INFO] PluginManager:220 - loadIPPluginJar : add fmc
2025-11-27 23:22:12,408 [INFO] IPUIPlugin:80 - create IPUIPlugin
2025-11-27 23:22:12,409 [INFO] PluginManager:220 - loadIPPluginJar : add freertos
2025-11-27 23:22:12,444 [INFO] IPUIPlugin:80 - create IPUIPlugin
2025-11-27 23:22:12,445 [INFO] PluginManager:220 - loadIPPluginJar : add genericplugin
2025-11-27 23:22:12,615 [INFO] IPUIPlugin:80 - create IPUIPlugin
2025-11-27 23:22:12,615 [INFO] PluginManager:220 - loadIPPluginJar : add gfxmmu
2025-11-27 23:22:12,894 [INFO] IPUIPlugin:80 - create IPUIPlugin
2025-11-27 23:22:12,894 [INFO] PluginManager:220 - loadIPPluginJar : add gic
2025-11-27 23:22:12,917 [INFO] IPUIPlugin:80 - create IPUIPlugin
2025-11-27 23:22:12,918 [INFO] PluginManager:220 - loadIPPluginJar : add gpio
2025-11-27 23:22:13,105 [INFO] IPUIPlugin:80 - create IPUIPlugin
2025-11-27 23:22:13,105 [INFO] PluginManager:220 - loadIPPluginJar : add gtzc
2025-11-27 23:22:13,172 [INFO] IPUIPlugin:80 - create IPUIPlugin
2025-11-27 23:22:13,172 [INFO] PluginManager:220 - loadIPPluginJar : add hash
2025-11-27 23:22:13,286 [INFO] IPUIPlugin:80 - create IPUIPlugin
2025-11-27 23:22:13,286 [INFO] PluginManager:220 - loadIPPluginJar : add i2c
2025-11-27 23:22:13,368 [INFO] IPUIPlugin:80 - create IPUIPlugin
2025-11-27 23:22:13,368 [INFO] PluginManager:220 - loadIPPluginJar : add i2s
2025-11-27 23:22:13,440 [INFO] IPUIPlugin:80 - create IPUIPlugin
2025-11-27 23:22:13,440 [INFO] PluginManager:220 - loadIPPluginJar : add i3c
2025-11-27 23:22:13,642 [INFO] IPUIPlugin:80 - create IPUIPlugin
2025-11-27 23:22:13,642 [INFO] PluginManager:220 - loadIPPluginJar : add ipddr
2025-11-27 23:22:13,854 [INFO] IPUIPlugin:80 - create IPUIPlugin
2025-11-27 23:22:13,855 [INFO] PluginManager:220 - loadIPPluginJar : add linkedlist
2025-11-27 23:22:13,929 [INFO] IPUIPlugin:80 - create IPUIPlugin
2025-11-27 23:22:13,929 [INFO] PluginManager:220 - loadIPPluginJar : add lorawan
2025-11-27 23:22:13,969 [INFO] ThirdPartyUpdaterWithRetryManager:70 - Updater plugin not ready yet. [2/15]
2025-11-27 23:22:14,002 [INFO] IPUIPlugin:80 - create IPUIPlugin
2025-11-27 23:22:14,002 [INFO] PluginManager:220 - loadIPPluginJar : add ltdc
2025-11-27 23:22:14,028 [INFO] IPUIPlugin:80 - create IPUIPlugin
2025-11-27 23:22:14,028 [INFO] PluginManager:220 - loadIPPluginJar : add mdma
2025-11-27 23:22:14,047 [INFO] IPUIPlugin:80 - create IPUIPlugin
2025-11-27 23:22:14,047 [INFO] PluginManager:220 - loadIPPluginJar : add nvic
2025-11-27 23:22:14,122 [INFO] IPUIPlugin:80 - create IPUIPlugin
2025-11-27 23:22:14,122 [INFO] PluginManager:220 - loadIPPluginJar : add opamp
2025-11-27 23:22:14,294 [INFO] IPUIPlugin:80 - create IPUIPlugin
2025-11-27 23:22:14,294 [INFO] PluginManager:220 - loadIPPluginJar : add openamp
2025-11-27 23:22:14,429 [INFO] IPUIPlugin:80 - create IPUIPlugin
2025-11-27 23:22:14,429 [INFO] PluginManager:220 - loadIPPluginJar : add pdm2pcm
2025-11-27 23:22:14,454 [INFO] IPUIPlugin:80 - create IPUIPlugin
2025-11-27 23:22:14,459 [INFO] PluginManager:220 - loadIPPluginJar : add plateformsettings
2025-11-27 23:22:14,527 [INFO] IPUIPlugin:80 - create IPUIPlugin
2025-11-27 23:22:14,528 [INFO] PluginManager:220 - loadIPPluginJar : add quadspi
2025-11-27 23:22:14,620 [INFO] IPUIPlugin:80 - create IPUIPlugin
2025-11-27 23:22:14,620 [INFO] PluginManager:220 - loadIPPluginJar : add radio
2025-11-27 23:22:14,664 [INFO] IPUIPlugin:80 - create IPUIPlugin
2025-11-27 23:22:14,664 [INFO] PluginManager:220 - loadIPPluginJar : add resmgrutility
2025-11-27 23:22:14,757 [INFO] IPUIPlugin:80 - create IPUIPlugin
2025-11-27 23:22:14,757 [INFO] PluginManager:220 - loadIPPluginJar : add sai
2025-11-27 23:22:14,833 [INFO] IPUIPlugin:80 - create IPUIPlugin
2025-11-27 23:22:14,833 [INFO] PluginManager:220 - loadIPPluginJar : add spi
2025-11-27 23:22:15,004 [INFO] IPUIPlugin:80 - create IPUIPlugin
2025-11-27 23:22:15,004 [INFO] PluginManager:220 - loadIPPluginJar : add stm32_wpan
2025-11-27 23:22:15,054 [INFO] IPUIPlugin:80 - create IPUIPlugin
2025-11-27 23:22:15,054 [INFO] PluginManager:220 - loadIPPluginJar : add tim
2025-11-27 23:22:15,193 [INFO] IPUIPlugin:80 - create IPUIPlugin
2025-11-27 23:22:15,197 [INFO] PluginManager:220 - loadIPPluginJar : add touchsensing
2025-11-27 23:22:15,275 [INFO] IPUIPlugin:80 - create IPUIPlugin
2025-11-27 23:22:15,275 [INFO] PluginManager:220 - loadIPPluginJar : add tracer_emb
2025-11-27 23:22:15,334 [INFO] IPUIPlugin:80 - create IPUIPlugin
2025-11-27 23:22:15,334 [INFO] PluginManager:220 - loadIPPluginJar : add ts
2025-11-27 23:22:15,387 [INFO] IPUIPlugin:80 - create IPUIPlugin
2025-11-27 23:22:15,387 [INFO] PluginManager:220 - loadIPPluginJar : add tsc
2025-11-27 23:22:15,432 [INFO] IPUIPlugin:80 - create IPUIPlugin
2025-11-27 23:22:15,433 [INFO] PluginManager:220 - loadIPPluginJar : add ucpd
2025-11-27 23:22:15,509 [INFO] IPUIPlugin:80 - create IPUIPlugin
2025-11-27 23:22:15,509 [INFO] PluginManager:220 - loadIPPluginJar : add usart
2025-11-27 23:22:15,567 [INFO] IPUIPlugin:80 - create IPUIPlugin
2025-11-27 23:22:15,567 [INFO] PluginManager:220 - loadIPPluginJar : add usbx
2025-11-27 23:22:15,700 [FATAL] Updater:351 - Updater called before beeing initialized
2025-11-27 23:22:15,734 [INFO] RulesReader:64 - Compatibility file has been processed (317 Rules)
2025-11-27 23:22:15,749 [INFO] RulesReader:64 - Compatibility file has been processed (317 Rules)
2025-11-27 23:22:15,758 [INFO] CADModel:165 - CPN selected for project level
2025-11-27 23:22:15,758 [INFO] CADModel:114 - Register for checkConnection events
2025-11-27 23:22:15,758 [FATAL] Updater:351 - Updater called before beeing initialized
2025-11-27 23:22:15,758 [ERROR] CADModel:125 - Updater not yet initialized, retry later 
2025-11-27 23:22:16,008 [FATAL] Updater:351 - Updater called before beeing initialized
2025-11-27 23:22:16,011 [INFO] CADModel:165 - CPN selected for project level
2025-11-27 23:22:16,012 [INFO] CADModel:114 - Register for checkConnection events
2025-11-27 23:22:16,012 [FATAL] Updater:351 - Updater called before beeing initialized
2025-11-27 23:22:16,012 [ERROR] CADModel:125 - Updater not yet initialized, retry later 
2025-11-27 23:22:16,016 [FATAL] Updater:351 - Updater called before beeing initialized
2025-11-27 23:22:16,188 [FATAL] Updater:351 - Updater called before beeing initialized
2025-11-27 23:22:16,200 [INFO] DbMcusAds:53 - JSON generation date=Thu Oct 02 16:36:05 ICT 2025 (1759397765645)
2025-11-27 23:22:16,200 [FATAL] Updater:351 - Updater called before beeing initialized
2025-11-27 23:22:16,244 [WARN] DetailPanel:346 - Failed to get advertising image, set to default
2025-11-27 23:22:16,322 [FATAL] Updater:351 - Updater called before beeing initialized
2025-11-27 23:22:16,323 [FATAL] Updater:351 - Updater called before beeing initialized
2025-11-27 23:22:16,323 [FATAL] Updater:351 - Updater called before beeing initialized
2025-11-27 23:22:16,323 [WARN] DetailPanel:346 - Failed to get advertising image, set to default
2025-11-27 23:22:16,324 [FATAL] Updater:351 - Updater called before beeing initialized
2025-11-27 23:22:16,397 [ERROR] Updater:1198 - MainUpdater not yet initialized. External WinMGr cannot be set.
2025-11-27 23:22:16,408 [INFO] Updater:1134 - Updater Version found : 6.15.0
2025-11-27 23:22:16,426 [INFO] ApplicationProperties:184 - Using Application install path: C:\ST\STM32CubeIDE_1.19.0\STM32CubeIDE\plugins\com.st.stm32cube.common.mx_6.15.0.202507011659
2025-11-27 23:22:16,971 [INFO] ThirdPartyUpdaterWithRetryManager:70 - Updater plugin not ready yet. [3/15]
2025-11-27 23:22:18,009 [ERROR] LogOutputStream:75 - [STDERR_REDIRECT] Nov 27, 2025 11:22:18 PM java.util.prefs.WindowsPreferences <init>
2025-11-27 23:22:18,011 [ERROR] LogOutputStream:75 - [STDERR_REDIRECT] WARNING: Could not open/create prefs root node Software\JavaSoft\Prefs at root 0xffffffff80000002. Windows RegCreateKeyEx(...) returned error code 5.
2025-11-27 23:22:18,011 [ERROR] LogOutputStream:75 - [STDERR_REDIRECT] 
2025-11-27 23:22:18,299 [INFO] MainUpdater:2872 - connection check result : 10
2025-11-27 23:22:18,299 [INFO] MainUpdater:3604 - Updater definition file requires update
2025-11-27 23:22:18,300 [INFO] MainUpdater:289 - Updater Check For Update Now.
2025-11-27 23:22:18,300 [INFO] MicroXplorer:498 - Change Database Version : DB.6.0.150
2025-11-27 23:22:18,321 [INFO] ServerAccessManage:452 - Complete download http(s) 200
2025-11-27 23:22:18,323 [INFO] ServerAccessManage:509 - Download File updaters.zip
2025-11-27 23:22:18,324 [INFO] McuFinderGlobals:63 - Set McuFinder mode to 2 (CubeIDE integrated)
2025-11-27 23:22:18,324 [INFO] UserAuth:171 - activating auth plugin
2025-11-27 23:22:18,328 [INFO] UserAuth:487 - Internet connection configuration mode: 1
2025-11-27 23:22:18,363 [INFO] JxBrowserEngine:152 - Initiate JxBrowser Engine with user profile folder
2025-11-27 23:22:18,405 [INFO] FileExtend:248 - Unzip File : updaters.zip
2025-11-27 23:22:18,405 [INFO] FileExtend:263 - Standard Zip Deflate
2025-11-27 23:22:19,142 [INFO] ServerAccessManage:452 - Complete download http(s) 200
2025-11-27 23:22:19,143 [INFO] ServerAccessManage:509 - Download File PacksControlFlags.xml
2025-11-27 23:22:19,255 [INFO] ServerAccessManage:452 - Complete download http(s) 200
2025-11-27 23:22:19,255 [INFO] ServerAccessManage:509 - Download File cubemx.pidx
2025-11-27 23:22:19,977 [WARN] MainUpdater:1193 - Updater busy. Cannot search thirdparties
2025-11-27 23:22:19,978 [INFO] ThirdPartyUpdaterWithRetryManager:96 - Updater plugin is busy. [1/15]
2025-11-27 23:22:20,497 [INFO] ServerAccessManage:452 - Complete download http(s) 200
2025-11-27 23:22:20,497 [INFO] ServerAccessManage:509 - Download File STMicroelectronics.X-CUBE-MEMS1.pdsc
2025-11-27 23:22:21,460 [INFO] WebApp:169 - Instantiating new browser for Auth
2025-11-27 23:22:22,501 [WARN] PackLoader:240 - Cannot read IP mode file for STMicroelectronics.X-CUBE-MEMS1.12.0.0
2025-11-27 23:22:22,522 [INFO] CheckServerUpdateThread:120 - End of CheckServer Thread
2025-11-27 23:22:22,684 [INFO] PopulateThirdPartyThread:66 - Ending populate Thread
2025-11-27 23:22:22,685 [INFO] ThirdParty:1030 - CMSIS Pack Vendor :STMicroelectronics X-CUBE-MEMS1 12.0.0
2025-11-27 23:22:22,685 [INFO] LoadServerUpdatesThread:375 - End of LoadServerUpdate Thread
2025-11-27 23:22:23,061 [INFO] WebApp:463 - Apply proxy settings
2025-11-27 23:22:23,063 [INFO] WebApp:548 - Chromium requires no authentication
2025-11-27 23:22:23,084 [INFO] WebApp:491 - Direct internet connection detected
2025-11-27 23:22:23,138 [INFO] WebApp:900 - Register for checkConnection events
2025-11-27 23:22:23,138 [INFO] WebApp:463 - Apply proxy settings
2025-11-27 23:22:23,138 [INFO] WebApp:548 - Chromium requires no authentication
2025-11-27 23:22:23,139 [INFO] WebApp:491 - Direct internet connection detected
2025-11-27 23:22:23,290 [WARN] PackLoader:240 - Cannot read IP mode file for STMicroelectronics.FP-SNS-MOTENVWB1.1.4.0
2025-11-27 23:22:23,297 [WARN] PackLoader:240 - Cannot read IP mode file for STMicroelectronics.FP-ATR-ASTRA1.2.0.2
2025-11-27 23:22:23,319 [WARN] PackLoader:240 - Cannot read IP mode file for STMicroelectronics.X-CUBE-SMBUS.2.1.0
2025-11-27 23:22:23,334 [WARN] PackLoader:240 - Cannot read IP mode file for STMicroelectronics.X-CUBE-ST60.1.0.0
2025-11-27 23:22:23,367 [WARN] PackLoader:240 - Cannot read IP mode file for STMicroelectronics.X-CUBE-AZRTOS-F7.1.1.0
2025-11-27 23:22:23,378 [WARN] PackLoader:240 - Cannot read IP mode file for Cesanta.I-CUBE-Mongoose.7.19.0
2025-11-27 23:22:23,402 [WARN] PackLoader:240 - Cannot read IP mode file for STMicroelectronics.FP-SNS-MOTENV1.5.1.0
2025-11-27 23:22:23,430 [WARN] PackLoader:240 - Cannot read IP mode file for WES.I-CUBE-Cesium.1.4.0
2025-11-27 23:22:23,449 [INFO] WebApp:191 - Connection restablished
2025-11-27 23:22:23,477 [WARN] PackLoader:240 - Cannot read IP mode file for Infineon.AIROC-Wi-Fi-Bluetooth-STM32.1.7.1
2025-11-27 23:22:23,498 [INFO] WebApp:225 - Starting web application
2025-11-27 23:22:23,498 [INFO] WebApp:593 - Web application path used C:\ST\STM32CubeIDE_1.19.0\STM32CubeIDE\plugins\com.st.stm32cube.common.mx_6.15.0.202507011659\db\plugins\mcufinder\reactClient1\index.html
2025-11-27 23:22:23,536 [WARN] PackLoader:240 - Cannot read IP mode file for STMicroelectronics.X-CUBE-AZRTOS-H7.3.4.0
2025-11-27 23:22:23,568 [WARN] PackLoader:240 - Cannot read IP mode file for STMicroelectronics.X-CUBE-DISPLAY.3.0.0
2025-11-27 23:22:23,597 [WARN] PackLoader:240 - Cannot read IP mode file for STMicroelectronics.X-CUBE-NFC10.1.0.0
2025-11-27 23:22:23,620 [WARN] PackLoader:240 - Cannot read IP mode file for STMicroelectronics.X-CUBE-ST60.1.1.0
2025-11-27 23:22:23,645 [WARN] PackLoader:240 - Cannot read IP mode file for emotas.I-CUBE-CANOPEN.1.3.0
2025-11-27 23:22:23,669 [WARN] PackLoader:240 - Cannot read IP mode file for STMicroelectronics.X-CUBE-GNSS1.7.1.0
2025-11-27 23:22:23,697 [WARN] PackLoader:240 - Cannot read IP mode file for STMicroelectronics.FP-SNS-STBOX1.2.1.0
2025-11-27 23:22:23,724 [WARN] PackLoader:240 - Cannot read IP mode file for STMicroelectronics.FP-SNS-SMARTAG2.1.2.0
2025-11-27 23:22:23,730 [WARN] PackLoader:240 - Cannot read IP mode file for STMicroelectronics.FP-SNS-FLIGHT1.5.1.0
2025-11-27 23:22:23,761 [INFO] LogOutputStream:77 - [STDOUT_REDIRECT] 1 : Invalid condition id : UX_CORESTACK_Condition cause : null
2025-11-27 23:22:23,762 [INFO] LogOutputStream:77 - [STDOUT_REDIRECT] 1 : Invalid condition id : UX_CORESTACK_Condition cause : null
2025-11-27 23:22:23,763 [INFO] LogOutputStream:77 - [STDOUT_REDIRECT] 1 : Invalid condition id : UX_CORESTACK_Condition cause : null
2025-11-27 23:22:23,766 [INFO] LogOutputStream:77 - [STDOUT_REDIRECT] 1 : Invalid condition id : UX_CORESTACK_Condition cause : null
2025-11-27 23:22:23,767 [INFO] LogOutputStream:77 - [STDOUT_REDIRECT] 1 : Invalid condition id : UX_CORESTACK_Condition cause : null
2025-11-27 23:22:23,770 [WARN] PackLoader:240 - Cannot read IP mode file for STMicroelectronics.X-CUBE-AZRTOS-WL.2.0.0
2025-11-27 23:22:23,798 [WARN] PackLoader:240 - Cannot read IP mode file for STMicroelectronics.FP-SNS-MOTENV1.5.0.0
2025-11-27 23:22:23,878 [WARN] PackLoader:240 - Cannot read IP mode file for STMicroelectronics.X-CUBE-AZRTOS-H7RS.1.2.0
2025-11-27 23:22:23,921 [WARN] PackLoader:240 - Cannot read IP mode file for STMicroelectronics.X-CUBE-BLE2.3.3.0
2025-11-27 23:22:24,085 [WARN] PackLoader:240 - Cannot read IP mode file for STMicroelectronics.X-CUBE-NFC9.1.0.0
2025-11-27 23:22:24,111 [WARN] PackLoader:240 - Cannot read IP mode file for wolfSSL.I-CUBE-wolfSSL.5.8.2
2025-11-27 23:22:24,135 [WARN] PackLoader:240 - Cannot read IP mode file for STMicroelectronics.X-CUBE-BLE1.7.1.0
2025-11-27 23:22:24,142 [WARN] PackLoader:240 - Cannot read IP mode file for wolfSSL.I-CUBE-wolfMQTT.1.19.2
2025-11-27 23:22:24,164 [WARN] PackLoader:240 - Cannot read IP mode file for STMicroelectronics.X-CUBE-FREERTOS.1.4.0
2025-11-27 23:22:24,189 [WARN] PackLoader:240 - Cannot read IP mode file for STMicroelectronics.X-CUBE-EEPRMA1.5.2.0
2025-11-27 23:22:24,218 [WARN] PackLoader:240 - Cannot read IP mode file for STMicroelectronics.X-CUBE-ST67W61.1.1.0
2025-11-27 23:22:24,263 [WARN] PackLoader:240 - Cannot read IP mode file for STMicroelectronics.X-CUBE-MEMS1.12.0.0
2025-11-27 23:22:24,385 [WARN] PackLoader:240 - Cannot read IP mode file for STMicroelectronics.X-CUBE-AZRTOS-G0.1.1.0
2025-11-27 23:22:24,409 [WARN] PackLoader:240 - Cannot read IP mode file for STMicroelectronics.X-CUBE-SAFEA1.1.2.2
2025-11-27 23:22:24,435 [WARN] PackLoader:240 - Cannot read IP mode file for STMicroelectronics.X-CUBE-NFC4.3.0.0
2025-11-27 23:22:24,472 [WARN] PackLoader:240 - Cannot read IP mode file for EmbeddedOffice.I-CUBE-FS-RTOS.1.0.1
2025-11-27 23:22:24,519 [WARN] PackLoader:240 - Cannot read IP mode file for STMicroelectronics.X-CUBE-WB05N.2.0.0
2025-11-27 23:22:24,532 [WARN] PackLoader:240 - Cannot read IP mode file for wolfSSL.I-CUBE-wolfTPM.3.8.0
2025-11-27 23:22:24,561 [WARN] PackLoader:240 - Cannot read IP mode file for STMicroelectronics.X-CUBE-TCPP.4.2.0
2025-11-27 23:22:24,601 [WARN] PackLoader:240 - Cannot read IP mode file for RealThread.X-CUBE-RT-Thread_Nano.4.1.1
2025-11-27 23:22:24,620 [WARN] PackLoader:240 - Cannot read IP mode file for STMicroelectronics.FP-ATR-SIGFOX1.3.2.0
2025-11-27 23:22:24,659 [WARN] PackLoader:240 - Cannot read IP mode file for ITTIA_DB.I-CUBE-ITTIADB.8.9.0
2025-11-27 23:22:24,877 [WARN] PackLoader:240 - Cannot read IP mode file for STMicroelectronics.X-CUBE-ST67W61.1.0.0
2025-11-27 23:22:24,901 [WARN] PackLoader:240 - Cannot read IP mode file for STMicroelectronics.X-CUBE-AI.10.2.0
2025-11-27 23:22:24,955 [WARN] PackLoader:240 - Cannot read IP mode file for SEGGER.I-CUBE-embOS.1.3.1
2025-11-27 23:22:25,053 [WARN] PackLoader:240 - Cannot read IP mode file for STMicroelectronics.X-CUBE-ALGOBUILD.1.4.0
2025-11-27 23:22:25,200 [WARN] PackLoader:240 - Cannot read IP mode file for STMicroelectronics.X-CUBE-MEMS1.11.3.0
2025-11-27 23:22:25,386 [WARN] PackLoader:240 - Cannot read IP mode file for STMicroelectronics.X-CUBE-PM33A1.1.0.0
2025-11-27 23:22:25,421 [WARN] PackLoader:240 - Cannot read IP mode file for STMicroelectronics.X-CUBE-AZRTOS-F4.1.1.0
2025-11-27 23:22:25,451 [WARN] PackLoader:240 - Cannot read IP mode file for STMicroelectronics.X-CUBE-ISPU.2.1.0
2025-11-27 23:22:25,488 [WARN] PackLoader:240 - Cannot read IP mode file for STMicroelectronics.X-CUBE-IPS.3.2.0
2025-11-27 23:22:25,520 [WARN] PackLoader:240 - Cannot read IP mode file for STMicroelectronics.X-CUBE-NFC12.1.0.0
2025-11-27 23:22:25,583 [WARN] PackLoader:240 - Cannot read IP mode file for STMicroelectronics.X-CUBE-AZRTOS-L5.2.0.0
2025-11-27 23:22:25,631 [WARN] PackLoader:240 - Cannot read IP mode file for STMicroelectronics.X-CUBE-NFC6.3.1.0
2025-11-27 23:22:25,663 [WARN] PackLoader:240 - Cannot read IP mode file for STMicroelectronics.X-CUBE-FREERTOS.1.3.1
2025-11-27 23:22:25,692 [WARN] PackLoader:240 - Cannot read IP mode file for STMicroelectronics.X-CUBE-TOUCHGFX.4.26.0
2025-11-27 23:22:25,712 [WARN] PackLoader:240 - Cannot read IP mode file for STMicroelectronics.FP-SNS-STAIOTCFT.1.0.0
2025-11-27 23:22:25,731 [WARN] PackLoader:240 - Cannot read IP mode file for STMicroelectronics.X-CUBE-DPower.1.3.0
2025-11-27 23:22:25,777 [WARN] ConditionMgr:438 - getConditionDescription Invalid condition id : LAN8742 Phy interface Condition cause : null
2025-11-27 23:22:25,779 [WARN] PackLoader:240 - Cannot read IP mode file for STMicroelectronics.X-CUBE-AZRTOS-L4.2.0.0
2025-11-27 23:22:25,782 [WARN] ConditionMgr:1044 - genDependencies : Invalid condition id : LAN8742 Phy interface Condition cause : null
2025-11-27 23:22:25,783 [WARN] ConditionMgr:1044 - genDependencies : Invalid condition id : LAN8742 Phy interface Condition cause : null
2025-11-27 23:22:25,783 [WARN] ConditionMgr:1044 - genDependencies : Invalid condition id : LAN8742 Phy interface Condition cause : null
2025-11-27 23:22:25,834 [WARN] PackLoader:240 - Cannot read IP mode file for STMicroelectronics.X-CUBE-SFXS2LP1.4.0.0
2025-11-27 23:22:25,869 [WARN] PackLoader:240 - Cannot read IP mode file for STMicroelectronics.X-CUBE-BLEMGR.4.1.0
2025-11-27 23:22:25,909 [WARN] ConditionMgr:438 - getConditionDescription Invalid condition id : UX DEVICE CLASS RTOS Condition cause : null
2025-11-27 23:22:25,909 [WARN] ConditionMgr:438 - getConditionDescription Invalid condition id : UX DEVICE CLASS RTOS Condition cause : null
2025-11-27 23:22:25,913 [WARN] PackLoader:240 - Cannot read IP mode file for STMicroelectronics.X-CUBE-AZRTOS-WB.2.0.0
2025-11-27 23:22:25,915 [WARN] ConditionMgr:1044 - genDependencies : Invalid condition id : UX DEVICE CLASS RTOS Condition cause : null
2025-11-27 23:22:25,915 [WARN] ConditionMgr:1044 - genDependencies : Invalid condition id : UX DEVICE CLASS RTOS Condition cause : null
2025-11-27 23:22:25,916 [WARN] ConditionMgr:1044 - genDependencies : Invalid condition id : UX DEVICE CLASS RTOS Condition cause : null
2025-11-27 23:22:25,917 [WARN] ConditionMgr:1044 - genDependencies : Invalid condition id : UX DEVICE CLASS RTOS Condition cause : null
2025-11-27 23:22:25,917 [WARN] ConditionMgr:1044 - genDependencies : Invalid condition id : UX DEVICE CLASS RTOS Condition cause : null
2025-11-27 23:22:25,963 [WARN] PackLoader:240 - Cannot read IP mode file for STMicroelectronics.X-CUBE-GNSS1.7.0.1
2025-11-27 23:22:25,971 [WARN] ConditionMgr:438 - getConditionDescription Invalid condition id : Cortex-A Device cause : null
2025-11-27 23:22:26,007 [WARN] ConditionMgr:1044 - genDependencies : Invalid condition id : Cortex-A Device cause : null
2025-11-27 23:22:26,007 [WARN] ConditionMgr:1044 - genDependencies : Invalid condition id : Cortex-A Device cause : null
2025-11-27 23:22:26,008 [WARN] ConditionMgr:1044 - genDependencies : Invalid condition id : Cortex-A Device cause : null
2025-11-27 23:22:26,075 [WARN] PackLoader:240 - Cannot read IP mode file for STMicroelectronics.X-CUBE-SUBG2.5.0.0
2025-11-27 23:22:26,192 [WARN] PackLoader:240 - Cannot read IP mode file for STMicroelectronics.X-CUBE-AZRTOS-H7RS.1.1.0
2025-11-27 23:22:26,303 [WARN] PackLoader:240 - Cannot read IP mode file for STMicroelectronics.X-CUBE-AZRTOS-G4.2.0.0
2025-11-27 23:22:26,318 [WARN] PackLoader:240 - Cannot read IP mode file for wolfSSL.I-CUBE-wolfSSH.1.4.20
2025-11-27 23:22:26,345 [WARN] PackLoader:240 - Cannot read IP mode file for STMicroelectronics.X-CUBE-NFC7.2.0.0
2025-11-27 23:22:26,459 [WARN] PackLoader:240 - Cannot read IP mode file for STMicroelectronics.X-CUBE-IPS.3.1.0
2025-11-27 23:22:26,615 [WARN] PackLoader:240 - Cannot read IP mode file for STMicroelectronics.X-CUBE-ALS.1.0.2
2025-11-27 23:22:26,641 [WARN] PackLoader:240 - Cannot read IP mode file for STMicroelectronics.X-CUBE-STSE01.1.0.0
2025-11-27 23:22:26,681 [WARN] PackLoader:240 - Cannot read IP mode file for STMicroelectronics.X-CUBE-TOF1.3.4.3
2025-11-27 23:22:26,702 [INFO] ThirdParty:978 - Integrity check success = true
2025-11-27 23:22:26,703 [INFO] IntegrityCheckThread:100 - exiting critical section [integrity check]
2025-11-27 23:22:26,703 [INFO] IntegrityCheckThread:103 - End integrity checks thread
2025-11-27 23:34:14,316 [ERROR] LogOutputStream:75 - [STDERR_REDIRECT] 
